Information	9/28/2019 17:22	Microsoft-Windows-PrintService	307	Printing a document	"Document 1, Print Document owned by jkanov01 on \\MESOEL06484 was printed on VLS3.60 through port UCP-1.  Size in bytes: 6912. Pages printed: 1. No user action is required."
Information	9/28/2019 17:22	Microsoft-Windows-PrintService	307	Printing a document	"Document 2, Print Document owned by jkanov01 on \\MESOEL06484 was printed on VLS3.60 through port UCP-1.  Size in bytes: 6912. Pages printed: 1. No user action is required."
Information	9/28/2019 18:00	Microsoft-Windows-PrintService	307	Printing a document	"Document 3, Print Document owned by jkanov01 on \\MESOEL06484 was printed on VLS3.60 through port UCP-1.  Size in bytes: 9456. Pages printed: 1. No user action is required."
Information	9/28/2019 18:05	Microsoft-Windows-PrintService	307	Printing a document	"Document 4, Print Document owned by jkanov01 on \\MESOEL06484 was printed on VLS3.60 through port UCP-1.  Size in bytes: 39600. Pages printed: 1. No user action is required."
Information	9/28/2019 18:17	Microsoft-Windows-PrintService	307	Printing a document	"Document 5, Print Document owned by jkanov01 on \\MESOEL06484 was printed on VLS3.60 through port UCP-1.  Size in bytes: 12400. Pages printed: 1. No user action is required."
Information	9/28/2019 18:28	Microsoft-Windows-PrintService	307	Printing a document	"Document 6, Print Document owned by jkanov01 on \\MESOEL06484 was printed on VLS3.60 through port UCP-1.  Size in bytes: 5736. Pages printed: 1. No user action is required."
Information	9/28/2019 18:29	Microsoft-Windows-PrintService	307	Printing a document	"Document 7, Print Document owned by jkanov01 on \\MESOEL06484 was printed on VLS3.60 through port UCP-1.  Size in bytes: 5736. Pages printed: 1. No user action is required."
Information	9/28/2019 18:30	Microsoft-Windows-PrintService	307	Printing a document	"Document 8, Print Document owned by jkanov01 on \\MESOEL06484 was printed on VLS3.60 through port UCP-1.  Size in bytes: 2056. Pages printed: 1. No user action is required."
Information	9/28/2019 18:32	Microsoft-Windows-PrintService	307	Printing a document	"Document 9, Print Document owned by jkanov01 on \\MESOEL06484 was printed on VLS3.60 through port UCP-1.  Size in bytes: 2056. Pages printed: 1. No user action is required."
Information	9/28/2019 18:37	Microsoft-Windows-PrintService	307	Printing a document	"Document 10, Print Document owned by jkanov01 on \\MESOEL06484 was printed on VLS3.60 through port UCP-1.  Size in bytes: 2056. Pages printed: 1. No user action is required."
Information	9/28/2019 18:39	Microsoft-Windows-PrintService	307	Printing a document	"Document 11, Print Document owned by jkanov01 on \\MESOEL06484 was printed on VLS3.60 through port UCP-1.  Size in bytes: 2056. Pages printed: 1. No user action is required."
Information	9/28/2019 18:54	Microsoft-Windows-PrintService	307	Printing a document	"Document 12, Print Document owned by jkanov01 on \\MESOEL06484 was printed on VLS3.60 through port UCP-1.  Size in bytes: 43576. Pages printed: 1. No user action is required."
Information	9/28/2019 20:54	Microsoft-Windows-PrintService	307	Printing a document	"Document 13, Print Document owned by jkanov01 on \\MESOEL06484 was printed on VLS3.60 through port UCP-1.  Size in bytes: 10544. Pages printed: 1. No user action is required."
Information	9/28/2019 20:55	Microsoft-Windows-PrintService	307	Printing a document	"Document 14, Print Document owned by jkanov01 on \\MESOEL06484 was printed on VLS3.60 through port UCP-1.  Size in bytes: 10544. Pages printed: 1. No user action is required."
Information	9/28/2019 21:35	Microsoft-Windows-PrintService	307	Printing a document	"Document 15, Print Document owned by jkanov01 on \\MESOEL06484 was printed on VLS3.60 through port UCP-1.  Size in bytes: 34384. Pages printed: 1. No user action is required."
Information	9/28/2019 22:40	Microsoft-Windows-PrintService	307	Printing a document	"Document 16, Print Document owned by jkanov01 on \\MESOEL06484 was printed on VLS3.60 through port UCP-1.  Size in bytes: 26024. Pages printed: 1. No user action is required."
Information	9/29/2019 12:44	Microsoft-Windows-PrintService	307	Printing a document	"Document 17, Print Document owned by jkanov01 on \\MESOEL06484 was printed on VLS3.60 through port UCP-1.  Size in bytes: 6288. Pages printed: 1. No user action is required."
Information	9/29/2019 12:44	Microsoft-Windows-PrintService	307	Printing a document	"Document 18, Print Document owned by jkanov01 on \\MESOEL06484 was printed on VLS3.60 through port UCP-1.  Size in bytes: 6032. Pages printed: 1. No user action is required."
Information	9/29/2019 12:49	Microsoft-Windows-PrintService	307	Printing a document	"Document 19, Print Document owned by jkanov01 on \\MESOEL06484 was printed on VLS3.60 through port UCP-1.  Size in bytes: 6032. Pages printed: 1. No user action is required."
Information	9/29/2019 12:52	Microsoft-Windows-PrintService	307	Printing a document	"Document 20, Print Document owned by jkanov01 on \\MESOEL06484 was printed on VLS3.60 through port UCP-1.  Size in bytes: 6288. Pages printed: 1. No user action is required."
Information	9/29/2019 13:08	Microsoft-Windows-PrintService	307	Printing a document	"Document 21, Print Document owned by jkanov01 on \\MESOEL06484 was printed on VLS3.60 through port UCP-1.  Size in bytes: 3176. Pages printed: 1. No user action is required."
Information	9/29/2019 13:09	Microsoft-Windows-PrintService	307	Printing a document	"Document 22, Print Document owned by jkanov01 on \\MESOEL06484 was printed on VLS3.60 through port UCP-1.  Size in bytes: 3176. Pages printed: 1. No user action is required."
Information	9/29/2019 13:16	Microsoft-Windows-PrintService	307	Printing a document	"Document 23, Print Document owned by jkanov01 on \\MESOEL06484 was printed on VLS3.60 through port UCP-1.  Size in bytes: 3160. Pages printed: 1. No user action is required."
Information	9/29/2019 14:07	Microsoft-Windows-PrintService	307	Printing a document	"Document 24, Print Document owned by jkanov01 on \\MESOEL06484 was printed on VLS3.60 through port UCP-1.  Size in bytes: 5184. Pages printed: 1. No user action is required."
Information	9/29/2019 14:43	Microsoft-Windows-PrintService	307	Printing a document	"Document 25, Print Document owned by jkanov01 on \\MESOEL06484 was printed on VLS3.60 through port UCP-1.  Size in bytes: 29184. Pages printed: 1. No user action is required."
Information	9/29/2019 15:20	Microsoft-Windows-PrintService	307	Printing a document	"Document 26, Print Document owned by jkanov01 on \\MESOEL06484 was printed on VLS3.60 through port UCP-1.  Size in bytes: 6484. Pages printed: 1. No user action is required."
Information	9/29/2019 15:26	Microsoft-Windows-PrintService	307	Printing a document	"Document 27, Print Document owned by jkanov01 on \\MESOEL06484 was printed on VLS3.60 through port UCP-1.  Size in bytes: 6484. Pages printed: 1. No user action is required."
Information	9/29/2019 15:45	Microsoft-Windows-PrintService	307	Printing a document	"Document 28, Print Document owned by jkanov01 on \\MESOEL06484 was printed on VLS3.60 through port UCP-1.  Size in bytes: 6484. Pages printed: 1. No user action is required."
Information	9/29/2019 15:46	Microsoft-Windows-PrintService	307	Printing a document	"Document 29, Print Document owned by jkanov01 on \\MESOEL06484 was printed on VLS3.60 through port UCP-1.  Size in bytes: 6484. Pages printed: 1. No user action is required."
Information	9/29/2019 15:48	Microsoft-Windows-PrintService	307	Printing a document	"Document 30, Print Document owned by jkanov01 on \\MESOEL06484 was printed on VLS3.60 through port UCP-1.  Size in bytes: 6484. Pages printed: 1. No user action is required."
Information	9/29/2019 15:55	Microsoft-Windows-PrintService	307	Printing a document	"Document 31, Print Document owned by jkanov01 on \\MESOEL06484 was printed on VLS3.60 through port UCP-1.  Size in bytes: 6484. Pages printed: 1. No user action is required."
Information	9/29/2019 16:00	Microsoft-Windows-PrintService	307	Printing a document	"Document 32, Print Document owned by jkanov01 on \\MESOEL06484 was printed on VLS3.60 through port UCP-1.  Size in bytes: 6484. Pages printed: 1. No user action is required."
Information	9/29/2019 17:33	Microsoft-Windows-PrintService	307	Printing a document	"Document 33, Print Document owned by jkanov01 on \\MESOEL06484 was printed on VLS3.60 through port UCP-1.  Size in bytes: 19504. Pages printed: 1. No user action is required."
Information	9/29/2019 17:41	Microsoft-Windows-PrintService	307	Printing a document	"Document 34, Print Document owned by jkanov01 on \\MESOEL06484 was printed on VLS3.60 through port UCP-1.  Size in bytes: 37952. Pages printed: 1. No user action is required."
Information	9/29/2019 17:45	Microsoft-Windows-PrintService	307	Printing a document	"Document 35, Print Document owned by jkanov01 on \\MESOEL06484 was printed on VLS3.60 through port UCP-1.  Size in bytes: 37952. Pages printed: 1. No user action is required."
Information	9/29/2019 17:46	Microsoft-Windows-PrintService	307	Printing a document	"Document 36, Print Document owned by jkanov01 on \\MESOEL06484 was printed on VLS3.60 through port UCP-1.  Size in bytes: 37952. Pages printed: 1. No user action is required."
Information	9/29/2019 17:46	Microsoft-Windows-PrintService	307	Printing a document	"Document 37, Print Document owned by jkanov01 on \\MESOEL06484 was printed on VLS3.60 through port UCP-1.  Size in bytes: 37952. Pages printed: 1. No user action is required."
Information	9/29/2019 17:47	Microsoft-Windows-PrintService	307	Printing a document	"Document 38, Print Document owned by jkanov01 on \\MESOEL06484 was printed on VLS3.60 through port UCP-1.  Size in bytes: 37952. Pages printed: 1. No user action is required."
Information	9/29/2019 17:52	Microsoft-Windows-PrintService	307	Printing a document	"Document 39, Print Document owned by jkanov01 on \\MESOEL06484 was printed on VLS3.60 through port UCP-1.  Size in bytes: 7120. Pages printed: 1. No user action is required."
Information	9/29/2019 18:05	Microsoft-Windows-PrintService	307	Printing a document	"Document 40, Print Document owned by jkanov01 on \\MESOEL06484 was printed on VLS3.60 through port UCP-1.  Size in bytes: 10716. Pages printed: 1. No user action is required."
Information	9/29/2019 18:09	Microsoft-Windows-PrintService	307	Printing a document	"Document 41, Print Document owned by jkanov01 on \\MESOEL06484 was printed on VLS3.60 through port UCP-1.  Size in bytes: 10716. Pages printed: 1. No user action is required."
Information	9/29/2019 18:10	Microsoft-Windows-PrintService	307	Printing a document	"Document 42, Print Document owned by jkanov01 on \\MESOEL06484 was printed on VLS3.60 through port UCP-1.  Size in bytes: 10716. Pages printed: 1. No user action is required."
Information	9/29/2019 18:10	Microsoft-Windows-PrintService	307	Printing a document	"Document 43, Print Document owned by jkanov01 on \\MESOEL06484 was printed on VLS3.60 through port UCP-1.  Size in bytes: 10716. Pages printed: 1. No user action is required."
Information	9/29/2019 18:11	Microsoft-Windows-PrintService	307	Printing a document	"Document 44, Print Document owned by jkanov01 on \\MESOEL06484 was printed on VLS3.60 through port UCP-1.  Size in bytes: 10716. Pages printed: 1. No user action is required."
Information	9/29/2019 18:12	Microsoft-Windows-PrintService	307	Printing a document	"Document 45, Print Document owned by jkanov01 on \\MESOEL06484 was printed on VLS3.60 through port UCP-1.  Size in bytes: 10716. Pages printed: 1. No user action is required."
Information	9/29/2019 18:20	Microsoft-Windows-PrintService	307	Printing a document	"Document 46, Print Document owned by jkanov01 on \\MESOEL06484 was printed on VLS3.60 through port UCP-1.  Size in bytes: 1704. Pages printed: 1. No user action is required."
Information	9/29/2019 18:30	Microsoft-Windows-PrintService	307	Printing a document	"Document 47, Print Document owned by jkanov01 on \\MESOEL06484 was printed on VLS3.60 through port UCP-1.  Size in bytes: 2736. Pages printed: 1. No user action is required."
Information	9/29/2019 18:30	Microsoft-Windows-PrintService	307	Printing a document	"Document 48, Print Document owned by jkanov01 on \\MESOEL06484 was printed on VLS3.60 through port UCP-1.  Size in bytes: 3040. Pages printed: 1. No user action is required."
Information	9/29/2019 18:34	Microsoft-Windows-PrintService	307	Printing a document	"Document 49, Print Document owned by jkanov01 on \\MESOEL06484 was printed on VLS3.60 through port UCP-1.  Size in bytes: 2288. Pages printed: 1. No user action is required."
Information	9/29/2019 18:43	Microsoft-Windows-PrintService	307	Printing a document	"Document 50, Print Document owned by jkanov01 on \\MESOEL06484 was printed on VLS3.60 through port UCP-1.  Size in bytes: 2288. Pages printed: 1. No user action is required."
Information	9/29/2019 18:49	Microsoft-Windows-PrintService	307	Printing a document	"Document 51, Print Document owned by jkanov01 on \\MESOEL06484 was printed on VLS3.60 through port UCP-1.  Size in bytes: 2608. Pages printed: 1. No user action is required."
Information	9/29/2019 18:50	Microsoft-Windows-PrintService	307	Printing a document	"Document 52, Print Document owned by jkanov01 on \\MESOEL06484 was printed on VLS3.60 through port UCP-1.  Size in bytes: 5552. Pages printed: 1. No user action is required."
Information	9/29/2019 19:13	Microsoft-Windows-PrintService	307	Printing a document	"Document 53, Print Document owned by jkanov01 on \\MESOEL06484 was printed on VLS3.60 through port UCP-1.  Size in bytes: 43292. Pages printed: 1. No user action is required."
Information	9/29/2019 19:37	Microsoft-Windows-PrintService	307	Printing a document	"Document 54, Print Document owned by jkanov01 on \\MESOEL06484 was printed on VLS3.60 through port UCP-1.  Size in bytes: 46548. Pages printed: 1. No user action is required."
Information	9/29/2019 19:37	Microsoft-Windows-PrintService	307	Printing a document	"Document 55, Print Document owned by jkanov01 on \\MESOEL06484 was printed on VLS3.60 through port UCP-1.  Size in bytes: 46548. Pages printed: 1. No user action is required."
Information	9/29/2019 19:42	Microsoft-Windows-PrintService	307	Printing a document	"Document 56, Print Document owned by jkanov01 on \\MESOEL06484 was printed on VLS3.60 through port UCP-1.  Size in bytes: 46548. Pages printed: 1. No user action is required."
Information	9/29/2019 19:49	Microsoft-Windows-PrintService	307	Printing a document	"Document 57, Print Document owned by jkanov01 on \\MESOEL06484 was printed on VLS3.60 through port UCP-1.  Size in bytes: 6288. Pages printed: 1. No user action is required."
Information	9/29/2019 19:56	Microsoft-Windows-PrintService	307	Printing a document	"Document 58, Print Document owned by jkanov01 on \\MESOEL06484 was printed on VLS3.60 through port UCP-1.  Size in bytes: 1232. Pages printed: 1. No user action is required."
Information	9/29/2019 19:56	Microsoft-Windows-PrintService	307	Printing a document	"Document 59, Print Document owned by jkanov01 on \\MESOEL06484 was printed on VLS3.60 through port UCP-1.  Size in bytes: 1232. Pages printed: 1. No user action is required."
Information	9/29/2019 20:06	Microsoft-Windows-PrintService	307	Printing a document	"Document 60, Print Document owned by jkanov01 on \\MESOEL06484 was printed on VLS3.60 through port UCP-1.  Size in bytes: 36104. Pages printed: 1. No user action is required."
Information	9/29/2019 20:07	Microsoft-Windows-PrintService	307	Printing a document	"Document 61, Print Document owned by jkanov01 on \\MESOEL06484 was printed on VLS3.60 through port UCP-1.  Size in bytes: 36104. Pages printed: 1. No user action is required."
Information	9/29/2019 20:08	Microsoft-Windows-PrintService	307	Printing a document	"Document 62, Print Document owned by jkanov01 on \\MESOEL06484 was printed on VLS3.60 through port UCP-1.  Size in bytes: 37208. Pages printed: 1. No user action is required."
Information	9/29/2019 20:10	Microsoft-Windows-PrintService	307	Printing a document	"Document 63, Print Document owned by jkanov01 on \\MESOEL06484 was printed on VLS3.60 through port UCP-1.  Size in bytes: 37208. Pages printed: 1. No user action is required."
Information	9/29/2019 20:22	Microsoft-Windows-PrintService	307	Printing a document	"Document 64, Print Document owned by jkanov01 on \\MESOEL06484 was printed on VLS3.60 through port UCP-1.  Size in bytes: 5920. Pages printed: 1. No user action is required."
Information	9/29/2019 20:22	Microsoft-Windows-PrintService	307	Printing a document	"Document 65, Print Document owned by jkanov01 on \\MESOEL06484 was printed on VLS3.60 through port UCP-1.  Size in bytes: 5920. Pages printed: 1. No user action is required."
Information	9/29/2019 20:27	Microsoft-Windows-PrintService	307	Printing a document	"Document 66, Print Document owned by jkanov01 on \\MESOEL06484 was printed on VLS3.60 through port UCP-1.  Size in bytes: 584. Pages printed: 1. No user action is required."
Information	9/29/2019 20:28	Microsoft-Windows-PrintService	307	Printing a document	"Document 67, Print Document owned by jkanov01 on \\MESOEL06484 was printed on VLS3.60 through port UCP-1.  Size in bytes: 3728. Pages printed: 1. No user action is required."
Information	9/29/2019 20:43	Microsoft-Windows-PrintService	307	Printing a document	"Document 68, Print Document owned by jkanov01 on \\MESOEL06484 was printed on VLS3.60 through port UCP-1.  Size in bytes: 47584. Pages printed: 1. No user action is required."
Information	9/29/2019 21:33	Microsoft-Windows-PrintService	307	Printing a document	"Document 69, Print Document owned by jkanov01 on \\MESOEL06484 was printed on VLS3.60 through port UCP-1.  Size in bytes: 963408. Pages printed: 1. No user action is required."
Information	9/29/2019 21:35	Microsoft-Windows-PrintService	307	Printing a document	"Document 70, Print Document owned by jkanov01 on \\MESOEL06484 was printed on VLS3.60 through port UCP-1.  Size in bytes: 963408. Pages printed: 1. No user action is required."
Information	9/29/2019 21:45	Microsoft-Windows-PrintService	307	Printing a document	"Document 71, Print Document owned by jkanov01 on \\MESOEL06484 was printed on VLS3.60 through port UCP-1.  Size in bytes: 961736. Pages printed: 1. No user action is required."
Information	9/29/2019 22:23	Microsoft-Windows-PrintService	307	Printing a document	"Document 72, Print Document owned by jkanov01 on \\MESOEL06484 was printed on VLS3.60 through port UCP-1.  Size in bytes: 2111136. Pages printed: 1. No user action is required."
Information	9/29/2019 22:48	Microsoft-Windows-PrintService	307	Printing a document	"Document 73, Print Document owned by jkanov01 on \\MESOEL06484 was printed on VLS3.60 through port UCP-1.  Size in bytes: 37272. Pages printed: 1. No user action is required."
Information	9/29/2019 22:58	Microsoft-Windows-PrintService	307	Printing a document	"Document 74, Print Document owned by jkanov01 on \\MESOEL06484 was printed on VLS3.60 through port UCP-1.  Size in bytes: 3264. Pages printed: 1. No user action is required."
Information	9/29/2019 23:00	Microsoft-Windows-PrintService	307	Printing a document	"Document 75, Print Document owned by jkanov01 on \\MESOEL06484 was printed on VLS3.60 through port UCP-1.  Size in bytes: 1184. Pages printed: 1. No user action is required."
Information	9/29/2019 23:10	Microsoft-Windows-PrintService	307	Printing a document	"Document 76, Print Document owned by jkanov01 on \\MESOEL06484 was printed on VLS3.60 through port UCP-1.  Size in bytes: 178584. Pages printed: 1. No user action is required."
Information	9/30/2019 11:34	Microsoft-Windows-PrintService	307	Printing a document	"Document 77, Print Document owned by fvande01 on \\MESOEL06484 was printed on VLS3.60 through port UCP-1.  Size in bytes: 5536. Pages printed: 1. No user action is required."
Information	9/30/2019 11:40	Microsoft-Windows-PrintService	307	Printing a document	"Document 78, Print Document owned by fvande01 on \\MESOEL06484 was printed on VLS3.60 through port UCP-1.  Size in bytes: 2968. Pages printed: 1. No user action is required."
Information	9/30/2019 11:43	Microsoft-Windows-PrintService	307	Printing a document	"Document 79, Print Document owned by fvande01 on \\MESOEL06484 was printed on VLS3.60 through port UCP-1.  Size in bytes: 2968. Pages printed: 1. No user action is required."
Information	9/30/2019 12:16	Microsoft-Windows-PrintService	307	Printing a document	"Document 80, Print Document owned by jsorsc01 on \\MESOEL06484 was printed on VLS3.60 through port UCP-1.  Size in bytes: 1936. Pages printed: 1. No user action is required."
Information	9/30/2019 12:51	Microsoft-Windows-PrintService	307	Printing a document	"Document 81, Print Document owned by jsorsc01 on \\MESOEL06484 was printed on VLS3.60 through port UCP-1.  Size in bytes: 2568. Pages printed: 1. No user action is required."
Information	9/30/2019 12:57	Microsoft-Windows-PrintService	307	Printing a document	"Document 82, Print Document owned by jsorsc01 on \\MESOEL06484 was printed on VLS3.60 through port UCP-1.  Size in bytes: 2176. Pages printed: 1. No user action is required."
Information	9/30/2019 13:03	Microsoft-Windows-PrintService	307	Printing a document	"Document 83, Print Document owned by jsorsc01 on \\MESOEL06484 was printed on VLS3.60 through port UCP-1.  Size in bytes: 2176. Pages printed: 1. No user action is required."
Information	9/30/2019 13:38	Microsoft-Windows-PrintService	307	Printing a document	"Document 84, Print Document owned by fvande01 on \\MESOEL06484 was printed on VLS3.60 through port UCP-1.  Size in bytes: 1800. Pages printed: 1. No user action is required."
Information	9/30/2019 13:52	Microsoft-Windows-PrintService	307	Printing a document	"Document 85, Print Document owned by fvande01 on \\MESOEL06484 was printed on VLS3.60 through port UCP-1.  Size in bytes: 1848. Pages printed: 1. No user action is required."
Information	9/30/2019 13:55	Microsoft-Windows-PrintService	307	Printing a document	"Document 86, Print Document owned by fvande01 on \\MESOEL06484 was printed on VLS3.60 through port UCP-1.  Size in bytes: 2032. Pages printed: 1. No user action is required."
Information	9/30/2019 14:20	Microsoft-Windows-PrintService	307	Printing a document	"Document 87, Print Document owned by fvande01 on \\MESOEL06484 was printed on VLS3.60 through port UCP-1.  Size in bytes: 9496. Pages printed: 1. No user action is required."
Information	9/30/2019 14:21	Microsoft-Windows-PrintService	307	Printing a document	"Document 88, Print Document owned by fvande01 on \\MESOEL06484 was printed on VLS3.60 through port UCP-1.  Size in bytes: 9496. Pages printed: 1. No user action is required."
Information	9/30/2019 14:48	Microsoft-Windows-PrintService	307	Printing a document	"Document 89, Print Document owned by fvande01 on \\MESOEL06484 was printed on VLS3.60 through port UCP-1.  Size in bytes: 13200. Pages printed: 1. No user action is required."
Information	9/30/2019 15:16	Microsoft-Windows-PrintService	307	Printing a document	"Document 90, Print Document owned by fvande01 on \\MESOEL06484 was printed on VLS3.60 through port UCP-1.  Size in bytes: 9496. Pages printed: 1. No user action is required."
Information	9/30/2019 15:33	Microsoft-Windows-PrintService	307	Printing a document	"Document 91, Print Document owned by fvande01 on \\MESOEL06484 was printed on VLS3.60 through port UCP-1.  Size in bytes: 9496. Pages printed: 1. No user action is required."
Information	9/30/2019 15:36	Microsoft-Windows-PrintService	307	Printing a document	"Document 92, Print Document owned by fvande01 on \\MESOEL06484 was printed on VLS3.60 through port UCP-1.  Size in bytes: 9200. Pages printed: 1. No user action is required."
Information	9/30/2019 15:38	Microsoft-Windows-PrintService	307	Printing a document	"Document 93, Print Document owned by fvande01 on \\MESOEL06484 was printed on VLS3.60 through port UCP-1.  Size in bytes: 9496. Pages printed: 1. No user action is required."
Information	9/30/2019 15:39	Microsoft-Windows-PrintService	307	Printing a document	"Document 94, Print Document owned by fvande01 on \\MESOEL06484 was printed on VLS3.60 through port UCP-1.  Size in bytes: 9496. Pages printed: 1. No user action is required."
Information	9/30/2019 16:09	Microsoft-Windows-PrintService	307	Printing a document	"Document 95, Print Document owned by rhayes03 on \\MESOEL06484 was printed on VLS3.60 through port UCP-1.  Size in bytes: 18216. Pages printed: 1. No user action is required."
Information	9/30/2019 16:18	Microsoft-Windows-PrintService	307	Printing a document	"Document 96, Print Document owned by rhayes03 on \\MESOEL06484 was printed on VLS3.60 through port UCP-1.  Size in bytes: 19312. Pages printed: 1. No user action is required."
Information	9/30/2019 16:55	Microsoft-Windows-PrintService	307	Printing a document	"Document 97, Print Document owned by fvande01 on \\MESOEL06484 was printed on VLS3.60 through port UCP-1.  Size in bytes: 952. Pages printed: 1. No user action is required."
Information	9/30/2019 16:56	Microsoft-Windows-PrintService	307	Printing a document	"Document 98, Print Document owned by fvande01 on \\MESOEL06484 was printed on VLS3.60 through port UCP-1.  Size in bytes: 4080. Pages printed: 1. No user action is required."
Information	9/30/2019 17:25	Microsoft-Windows-PrintService	307	Printing a document	"Document 99, Print Document owned by fvande01 on \\MESOEL06484 was printed on VLS3.60 through port UCP-1.  Size in bytes: 1680. Pages printed: 1. No user action is required."
Information	9/30/2019 18:03	Microsoft-Windows-PrintService	307	Printing a document	"Document 100, Print Document owned by fvande01 on \\MESOEL06484 was printed on VLS3.60 through port UCP-1.  Size in bytes: 34900. Pages printed: 1. No user action is required."
Information	9/30/2019 18:03	Microsoft-Windows-PrintService	307	Printing a document	"Document 101, Print Document owned by fvande01 on \\MESOEL06484 was printed on VLS3.60 through port UCP-1.  Size in bytes: 34900. Pages printed: 1. No user action is required."
Information	9/30/2019 18:04	Microsoft-Windows-PrintService	307	Printing a document	"Document 102, Print Document owned by fvande01 on \\MESOEL06484 was printed on VLS3.60 through port UCP-1.  Size in bytes: 34900. Pages printed: 1. No user action is required."
Information	9/30/2019 18:05	Microsoft-Windows-PrintService	307	Printing a document	"Document 103, Print Document owned by fvande01 on \\MESOEL06484 was printed on VLS3.60 through port UCP-1.  Size in bytes: 26684. Pages printed: 1. No user action is required."
Information	9/30/2019 18:08	Microsoft-Windows-PrintService	307	Printing a document	"Document 104, Print Document owned by fvande01 on \\MESOEL06484 was printed on VLS3.60 through port UCP-1.  Size in bytes: 8624. Pages printed: 1. No user action is required."
Information	9/30/2019 18:21	Microsoft-Windows-PrintService	307	Printing a document	"Document 105, Print Document owned by fvande01 on \\MESOEL06484 was printed on VLS3.60 through port UCP-1.  Size in bytes: 752. Pages printed: 1. No user action is required."
Information	9/30/2019 18:24	Microsoft-Windows-PrintService	307	Printing a document	"Document 106, Print Document owned by fvande01 on \\MESOEL06484 was printed on VLS3.60 through port UCP-1.  Size in bytes: 752. Pages printed: 1. No user action is required."
Information	9/30/2019 18:29	Microsoft-Windows-PrintService	307	Printing a document	"Document 107, Print Document owned by fvande01 on \\MESOEL06484 was printed on VLS3.60 through port UCP-1.  Size in bytes: 752. Pages printed: 1. No user action is required."
Information	9/30/2019 18:30	Microsoft-Windows-PrintService	307	Printing a document	"Document 108, Print Document owned by fvande01 on \\MESOEL06484 was printed on VLS3.60 through port UCP-1.  Size in bytes: 2512. Pages printed: 1. No user action is required."
Information	9/30/2019 18:32	Microsoft-Windows-PrintService	307	Printing a document	"Document 109, Print Document owned by fvande01 on \\MESOEL06484 was printed on VLS3.60 through port UCP-1.  Size in bytes: 4624. Pages printed: 1. No user action is required."
Information	9/30/2019 18:37	Microsoft-Windows-PrintService	307	Printing a document	"Document 110, Print Document owned by fvande01 on \\MESOEL06484 was printed on VLS3.60 through port UCP-1.  Size in bytes: 4624. Pages printed: 1. No user action is required."
Information	9/30/2019 19:04	Microsoft-Windows-PrintService	307	Printing a document	"Document 111, Print Document owned by fvande01 on \\MESOEL06484 was printed on VLS3.60 through port UCP-1.  Size in bytes: 2512. Pages printed: 1. No user action is required."
Information	9/30/2019 19:25	Microsoft-Windows-PrintService	307	Printing a document	"Document 112, Print Document owned by fvande01 on \\MESOEL06484 was printed on VLS3.60 through port UCP-1.  Size in bytes: 3952. Pages printed: 1. No user action is required."
Information	9/30/2019 19:35	Microsoft-Windows-PrintService	307	Printing a document	"Document 113, Print Document owned by fvande01 on \\MESOEL06484 was printed on VLS3.60 through port UCP-1.  Size in bytes: 26880. Pages printed: 1. No user action is required."
Information	9/30/2019 19:40	Microsoft-Windows-PrintService	307	Printing a document	"Document 114, Print Document owned by fvande01 on \\MESOEL06484 was printed on VLS3.60 through port UCP-1.  Size in bytes: 4848. Pages printed: 1. No user action is required."
Information	9/30/2019 19:43	Microsoft-Windows-PrintService	307	Printing a document	"Document 115, Print Document owned by fvande01 on \\MESOEL06484 was printed on VLS3.60 through port UCP-1.  Size in bytes: 5208. Pages printed: 1. No user action is required."
Information	9/30/2019 19:54	Microsoft-Windows-PrintService	307	Printing a document	"Document 116, Print Document owned by fvande01 on \\MESOEL06484 was printed on VLS3.60 through port UCP-1.  Size in bytes: 2480. Pages printed: 1. No user action is required."
Information	9/30/2019 19:58	Microsoft-Windows-PrintService	307	Printing a document	"Document 117, Print Document owned by fvande01 on \\MESOEL06484 was printed on VLS3.60 through port UCP-1.  Size in bytes: 2480. Pages printed: 1. No user action is required."
Information	9/30/2019 20:17	Microsoft-Windows-PrintService	307	Printing a document	"Document 118, Print Document owned by fvande01 on \\MESOEL06484 was printed on VLS3.60 through port UCP-1.  Size in bytes: 1784. Pages printed: 1. No user action is required."
Information	9/30/2019 20:20	Microsoft-Windows-PrintService	307	Printing a document	"Document 119, Print Document owned by fvande01 on \\MESOEL06484 was printed on VLS3.60 through port UCP-1.  Size in bytes: 1784. Pages printed: 1. No user action is required."
Information	9/30/2019 21:24	Microsoft-Windows-PrintService	307	Printing a document	"Document 120, Print Document owned by fvande01 on \\MESOEL06484 was printed on VLS3.60 through port UCP-1.  Size in bytes: 1215620. Pages printed: 1. No user action is required."
Information	9/30/2019 21:24	Microsoft-Windows-PrintService	307	Printing a document	"Document 121, Print Document owned by fvande01 on \\MESOEL06484 was printed on VLS3.60 through port UCP-1.  Size in bytes: 1215620. Pages printed: 1. No user action is required."
Information	9/30/2019 21:37	Microsoft-Windows-PrintService	307	Printing a document	"Document 122, Print Document owned by fvande01 on \\MESOEL06484 was printed on VLS3.60 through port UCP-1.  Size in bytes: 1737672. Pages printed: 1. No user action is required."
Information	9/30/2019 21:46	Microsoft-Windows-PrintService	307	Printing a document	"Document 123, Print Document owned by fvande01 on \\MESOEL06484 was printed on VLS3.60 through port UCP-1.  Size in bytes: 10752. Pages printed: 1. No user action is required."
Information	9/30/2019 21:53	Microsoft-Windows-PrintService	307	Printing a document	"Document 124, Print Document owned by fvande01 on \\MESOEL06484 was printed on VLS3.60 through port UCP-1.  Size in bytes: 2095168. Pages printed: 1. No user action is required."
Information	9/30/2019 22:13	Microsoft-Windows-PrintService	307	Printing a document	"Document 125, Print Document owned by fvande01 on \\MESOEL06484 was printed on VLS3.60 through port UCP-1.  Size in bytes: 48496. Pages printed: 1. No user action is required."
Information	9/30/2019 22:20	Microsoft-Windows-PrintService	307	Printing a document	"Document 126, Print Document owned by fvande01 on \\MESOEL06484 was printed on VLS3.60 through port UCP-1.  Size in bytes: 1737672. Pages printed: 1. No user action is required."
Information	9/30/2019 22:23	Microsoft-Windows-PrintService	307	Printing a document	"Document 127, Print Document owned by fvande01 on \\MESOEL06484 was printed on VLS3.60 through port UCP-1.  Size in bytes: 1737672. Pages printed: 1. No user action is required."
Information	9/30/2019 22:26	Microsoft-Windows-PrintService	307	Printing a document	"Document 128, Print Document owned by fvande01 on \\MESOEL06484 was printed on VLS3.60 through port UCP-1.  Size in bytes: 1737672. Pages printed: 1. No user action is required."
Information	9/30/2019 22:49	Microsoft-Windows-PrintService	307	Printing a document	"Document 129, Print Document owned by fvande01 on \\MESOEL06484 was printed on VLS3.60 through port UCP-1.  Size in bytes: 1168. Pages printed: 1. No user action is required."
Information	10/1/2019 12:15	Microsoft-Windows-PrintService	307	Printing a document	"Document 130, Print Document owned by fvande01 on \\MESOEL06484 was printed on VLS3.60 through port UCP-1.  Size in bytes: 71512. Pages printed: 1. No user action is required."
Information	10/1/2019 13:27	Microsoft-Windows-PrintService	307	Printing a document	"Document 131, Print Document owned by fvande01 on \\MESOEL06484 was printed on VLS3.60 through port UCP-1.  Size in bytes: 27600. Pages printed: 1. No user action is required."
Information	10/1/2019 13:28	Microsoft-Windows-PrintService	307	Printing a document	"Document 132, Print Document owned by fvande01 on \\MESOEL06484 was printed on VLS3.60 through port UCP-1.  Size in bytes: 27600. Pages printed: 1. No user action is required."
Information	10/1/2019 14:04	Microsoft-Windows-PrintService	307	Printing a document	"Document 133, Print Document owned by fvande01 on \\MESOEL06484 was printed on VLS3.60 through port UCP-1.  Size in bytes: 1737672. Pages printed: 1. No user action is required."
Information	10/1/2019 14:05	Microsoft-Windows-PrintService	307	Printing a document	"Document 134, Print Document owned by fvande01 on \\MESOEL06484 was printed on VLS3.60 through port UCP-1.  Size in bytes: 1737672. Pages printed: 1. No user action is required."
Information	10/1/2019 14:06	Microsoft-Windows-PrintService	307	Printing a document	"Document 135, Print Document owned by fvande01 on \\MESOEL06484 was printed on VLS3.60 through port UCP-1.  Size in bytes: 1376840. Pages printed: 1. No user action is required."
Information	10/1/2019 14:06	Microsoft-Windows-PrintService	307	Printing a document	"Document 136, Print Document owned by fvande01 on \\MESOEL06484 was printed on VLS3.60 through port UCP-1.  Size in bytes: 1270808. Pages printed: 1. No user action is required."
Information	10/1/2019 14:21	Microsoft-Windows-PrintService	307	Printing a document	"Document 137, Print Document owned by fvande01 on \\MESOEL06484 was printed on VLS3.60 through port UCP-1.  Size in bytes: 1274360. Pages printed: 1. No user action is required."
Information	10/1/2019 14:26	Microsoft-Windows-PrintService	307	Printing a document	"Document 138, Print Document owned by fvande01 on \\MESOEL06484 was printed on VLS3.60 through port UCP-1.  Size in bytes: 1296672. Pages printed: 1. No user action is required."
Information	10/1/2019 15:39	Microsoft-Windows-PrintService	307	Printing a document	"Document 139, Print Document owned by fvande01 on \\MESOEL06484 was printed on VLS3.60 through port UCP-1.  Size in bytes: 13648. Pages printed: 1. No user action is required."
Information	10/1/2019 17:19	Microsoft-Windows-PrintService	307	Printing a document	"Document 140, Print Document owned by fvande01 on \\MESOEL06484 was printed on VLS3.60 through port UCP-1.  Size in bytes: 10224. Pages printed: 1. No user action is required."
Information	10/1/2019 17:22	Microsoft-Windows-PrintService	307	Printing a document	"Document 141, Print Document owned by fvande01 on \\MESOEL06484 was printed on VLS3.60 through port UCP-1.  Size in bytes: 10224. Pages printed: 1. No user action is required."
Information	10/1/2019 17:35	Microsoft-Windows-PrintService	307	Printing a document	"Document 142, Print Document owned by fvande01 on \\MESOEL06484 was printed on VLS3.60 through port UCP-1.  Size in bytes: 10480. Pages printed: 1. No user action is required."
Information	10/1/2019 17:48	Microsoft-Windows-PrintService	307	Printing a document	"Document 143, Print Document owned by fvande01 on \\MESOEL06484 was printed on VLS3.60 through port UCP-1.  Size in bytes: 27088. Pages printed: 1. No user action is required."
Information	10/1/2019 17:58	Microsoft-Windows-PrintService	307	Printing a document	"Document 144, Print Document owned by fvande01 on \\MESOEL06484 was printed on VLS3.60 through port UCP-1.  Size in bytes: 9232. Pages printed: 1. No user action is required."
Information	10/1/2019 18:16	Microsoft-Windows-PrintService	307	Printing a document	"Document 145, Print Document owned by fvande01 on \\MESOEL06484 was printed on VLS3.60 through port UCP-1.  Size in bytes: 656. Pages printed: 1. No user action is required."
Information	10/1/2019 18:20	Microsoft-Windows-PrintService	307	Printing a document	"Document 146, Print Document owned by fvande01 on \\MESOEL06484 was printed on VLS3.60 through port UCP-1.  Size in bytes: 48936. Pages printed: 1. No user action is required."
Information	10/1/2019 18:36	Microsoft-Windows-PrintService	307	Printing a document	"Document 147, Print Document owned by fvande01 on \\MESOEL06484 was printed on VLS3.60 through port UCP-1.  Size in bytes: 261312. Pages printed: 1. No user action is required."
Information	10/1/2019 18:37	Microsoft-Windows-PrintService	307	Printing a document	"Document 148, Print Document owned by fvande01 on \\MESOEL06484 was printed on VLS3.60 through port UCP-1.  Size in bytes: 63968. Pages printed: 1. No user action is required."
Information	10/1/2019 18:47	Microsoft-Windows-PrintService	307	Printing a document	"Document 149, Print Document owned by fvande01 on \\MESOEL06484 was printed on VLS3.60 through port UCP-1.  Size in bytes: 47952. Pages printed: 1. No user action is required."
Information	10/1/2019 19:09	Microsoft-Windows-PrintService	307	Printing a document	"Document 150, Print Document owned by fvande01 on \\MESOEL06484 was printed on VLS3.60 through port UCP-1.  Size in bytes: 20524. Pages printed: 1. No user action is required."
Information	10/1/2019 19:19	Microsoft-Windows-PrintService	307	Printing a document	"Document 151, Print Document owned by fvande01 on \\MESOEL06484 was printed on VLS3.60 through port UCP-1.  Size in bytes: 1104. Pages printed: 1. No user action is required."
Information	10/1/2019 19:47	Microsoft-Windows-PrintService	307	Printing a document	"Document 152, Print Document owned by fvande01 on \\MESOEL06484 was printed on VLS3.60 through port UCP-1.  Size in bytes: 3059340. Pages printed: 1. No user action is required."
Information	10/1/2019 19:52	Microsoft-Windows-PrintService	307	Printing a document	"Document 153, Print Document owned by fvande01 on \\MESOEL06484 was printed on VLS3.60 through port UCP-1.  Size in bytes: 2144. Pages printed: 1. No user action is required."
Information	10/1/2019 19:59	Microsoft-Windows-PrintService	307	Printing a document	"Document 154, Print Document owned by fvande01 on \\MESOEL06484 was printed on VLS3.60 through port UCP-1.  Size in bytes: 10820. Pages printed: 1. No user action is required."
Information	10/1/2019 20:01	Microsoft-Windows-PrintService	307	Printing a document	"Document 155, Print Document owned by fvande01 on \\MESOEL06484 was printed on VLS3.60 through port UCP-1.  Size in bytes: 6484. Pages printed: 1. No user action is required."
Information	10/1/2019 20:03	Microsoft-Windows-PrintService	307	Printing a document	"Document 156, Print Document owned by fvande01 on \\MESOEL06484 was printed on VLS3.60 through port UCP-1.  Size in bytes: 6484. Pages printed: 1. No user action is required."
Information	10/1/2019 20:06	Microsoft-Windows-PrintService	307	Printing a document	"Document 157, Print Document owned by fvande01 on \\MESOEL06484 was printed on VLS3.60 through port UCP-1.  Size in bytes: 10820. Pages printed: 1. No user action is required."
Information	10/1/2019 20:14	Microsoft-Windows-PrintService	307	Printing a document	"Document 158, Print Document owned by fvande01 on \\MESOEL06484 was printed on VLS3.60 through port UCP-1.  Size in bytes: 74304. Pages printed: 1. No user action is required."
Information	10/1/2019 20:26	Microsoft-Windows-PrintService	307	Printing a document	"Document 159, Print Document owned by fvande01 on \\MESOEL06484 was printed on VLS3.60 through port UCP-1.  Size in bytes: 9872. Pages printed: 1. No user action is required."
Information	10/1/2019 21:15	Microsoft-Windows-PrintService	307	Printing a document	"Document 160, Print Document owned by fvande01 on \\MESOEL06484 was printed on VLS3.60 through port UCP-1.  Size in bytes: 6484. Pages printed: 1. No user action is required."
Information	10/1/2019 21:20	Microsoft-Windows-PrintService	307	Printing a document	"Document 161, Print Document owned by fvande01 on \\MESOEL06484 was printed on VLS3.60 through port UCP-1.  Size in bytes: 21608. Pages printed: 1. No user action is required."
Information	10/1/2019 21:24	Microsoft-Windows-PrintService	307	Printing a document	"Document 162, Print Document owned by fvande01 on \\MESOEL06484 was printed on VLS3.60 through port UCP-1.  Size in bytes: 21608. Pages printed: 1. No user action is required."
Information	10/1/2019 21:34	Microsoft-Windows-PrintService	307	Printing a document	"Document 163, Print Document owned by fvande01 on \\MESOEL06484 was printed on VLS3.60 through port UCP-1.  Size in bytes: 6484. Pages printed: 1. No user action is required."
Information	10/1/2019 22:29	Microsoft-Windows-PrintService	307	Printing a document	"Document 164, Print Document owned by fvande01 on \\MESOEL06484 was printed on VLS3.60 through port UCP-1.  Size in bytes: 8912. Pages printed: 1. No user action is required."
Information	10/1/2019 22:49	Microsoft-Windows-PrintService	307	Printing a document	"Document 165, Print Document owned by fvande01 on \\MESOEL06484 was printed on VLS3.60 through port UCP-1.  Size in bytes: 110984. Pages printed: 1. No user action is required."
Information	10/1/2019 23:23	Microsoft-Windows-PrintService	307	Printing a document	"Document 166, Print Document owned by fvande01 on \\MESOEL06484 was printed on VLS3.60 through port UCP-1.  Size in bytes: 352820. Pages printed: 1. No user action is required."
Information	10/1/2019 23:26	Microsoft-Windows-PrintService	307	Printing a document	"Document 167, Print Document owned by fvande01 on \\MESOEL06484 was printed on VLS3.60 through port UCP-1.  Size in bytes: 340968. Pages printed: 1. No user action is required."
Information	10/1/2019 23:42	Microsoft-Windows-PrintService	307	Printing a document	"Document 168, Print Document owned by fvande01 on \\MESOEL06484 was printed on VLS3.60 through port UCP-1.  Size in bytes: 63656. Pages printed: 1. No user action is required."
Information	10/2/2019 11:30	Microsoft-Windows-PrintService	307	Printing a document	"Document 169, Print Document owned by fvande01 on \\MESOEL06484 was printed on VLS3.60 through port UCP-1.  Size in bytes: 656. Pages printed: 1. No user action is required."
Information	10/2/2019 11:33	Microsoft-Windows-PrintService	307	Printing a document	"Document 170, Print Document owned by fvande01 on \\MESOEL06484 was printed on VLS3.60 through port UCP-1.  Size in bytes: 656. Pages printed: 1. No user action is required."
Information	10/2/2019 11:51	Microsoft-Windows-PrintService	307	Printing a document	"Document 171, Print Document owned by fvande01 on \\MESOEL06484 was printed on VLS3.60 through port UCP-1.  Size in bytes: 656. Pages printed: 1. No user action is required."
Information	10/2/2019 12:06	Microsoft-Windows-PrintService	307	Printing a document	"Document 172, Print Document owned by fvande01 on \\MESOEL06484 was printed on VLS3.60 through port UCP-1.  Size in bytes: 17104. Pages printed: 1. No user action is required."
Information	10/2/2019 12:33	Microsoft-Windows-PrintService	307	Printing a document	"Document 173, Print Document owned by fvande01 on \\MESOEL06484 was printed on VLS3.60 through port UCP-1.  Size in bytes: 8592. Pages printed: 1. No user action is required."
Information	10/2/2019 12:39	Microsoft-Windows-PrintService	307	Printing a document	"Document 174, Print Document owned by fvande01 on \\MESOEL06484 was printed on VLS3.60 through port UCP-1.  Size in bytes: 2724. Pages printed: 1. No user action is required."
Information	10/2/2019 12:40	Microsoft-Windows-PrintService	307	Printing a document	"Document 175, Print Document owned by fvande01 on \\MESOEL06484 was printed on VLS3.60 through port UCP-1.  Size in bytes: 2724. Pages printed: 1. No user action is required."
Information	10/2/2019 12:54	Microsoft-Windows-PrintService	307	Printing a document	"Document 176, Print Document owned by fvande01 on \\MESOEL06484 was printed on VLS3.60 through port UCP-1.  Size in bytes: 31096. Pages printed: 1. No user action is required."
Information	10/2/2019 12:54	Microsoft-Windows-PrintService	307	Printing a document	"Document 177, Print Document owned by fvande01 on \\MESOEL06484 was printed on VLS3.60 through port UCP-1.  Size in bytes: 31096. Pages printed: 1. No user action is required."
Information	10/2/2019 13:06	Microsoft-Windows-PrintService	307	Printing a document	"Document 178, Print Document owned by fvande01 on \\MESOEL06484 was printed on VLS3.60 through port UCP-1.  Size in bytes: 21440. Pages printed: 1. No user action is required."
Information	10/2/2019 14:40	Microsoft-Windows-PrintService	307	Printing a document	"Document 179, Print Document owned by fvande01 on \\MESOEL06484 was printed on VLS3.60 through port UCP-1.  Size in bytes: 44472. Pages printed: 1. No user action is required."
Information	10/2/2019 14:41	Microsoft-Windows-PrintService	307	Printing a document	"Document 180, Print Document owned by fvande01 on \\MESOEL06484 was printed on VLS3.60 through port UCP-1.  Size in bytes: 44472. Pages printed: 1. No user action is required."
Information	10/2/2019 14:42	Microsoft-Windows-PrintService	307	Printing a document	"Document 181, Print Document owned by fvande01 on \\MESOEL06484 was printed on VLS3.60 through port UCP-1.  Size in bytes: 44176. Pages printed: 1. No user action is required."
Information	10/2/2019 14:53	Microsoft-Windows-PrintService	307	Printing a document	"Document 182, Print Document owned by fvande01 on \\MESOEL06484 was printed on VLS3.60 through port UCP-1.  Size in bytes: 44176. Pages printed: 1. No user action is required."
Information	10/2/2019 15:11	Microsoft-Windows-PrintService	307	Printing a document	"Document 183, Print Document owned by fvande01 on \\MESOEL06484 was printed on VLS3.60 through port UCP-1.  Size in bytes: 51104. Pages printed: 1. No user action is required."
Information	10/2/2019 15:19	Microsoft-Windows-PrintService	307	Printing a document	"Document 184, Print Document owned by fvande01 on \\MESOEL06484 was printed on VLS3.60 through port UCP-1.  Size in bytes: 51104. Pages printed: 1. No user action is required."
Information	10/2/2019 15:26	Microsoft-Windows-PrintService	307	Printing a document	"Document 185, Print Document owned by fvande01 on \\MESOEL06484 was printed on VLS3.60 through port UCP-1.  Size in bytes: 44176. Pages printed: 1. No user action is required."
Information	10/2/2019 15:28	Microsoft-Windows-PrintService	307	Printing a document	"Document 186, Print Document owned by fvande01 on \\MESOEL06484 was printed on VLS3.60 through port UCP-1.  Size in bytes: 44176. Pages printed: 1. No user action is required."
Information	10/2/2019 15:31	Microsoft-Windows-PrintService	307	Printing a document	"Document 187, Print Document owned by fvande01 on \\MESOEL06484 was printed on VLS3.60 through port UCP-1.  Size in bytes: 51104. Pages printed: 1. No user action is required."
Information	10/2/2019 15:32	Microsoft-Windows-PrintService	307	Printing a document	"Document 188, Print Document owned by fvande01 on \\MESOEL06484 was printed on VLS3.60 through port UCP-1.  Size in bytes: 51104. Pages printed: 1. No user action is required."
Information	10/2/2019 15:35	Microsoft-Windows-PrintService	307	Printing a document	"Document 189, Print Document owned by fvande01 on \\MESOEL06484 was printed on VLS3.60 through port UCP-1.  Size in bytes: 51152. Pages printed: 1. No user action is required."
Information	10/2/2019 15:47	Microsoft-Windows-PrintService	307	Printing a document	"Document 190, Print Document owned by fvande01 on \\MESOEL06484 was printed on VLS3.60 through port UCP-1.  Size in bytes: 6064. Pages printed: 1. No user action is required."
Information	10/2/2019 15:49	Microsoft-Windows-PrintService	307	Printing a document	"Document 191, Print Document owned by fvande01 on \\MESOEL06484 was printed on VLS3.60 through port UCP-1.  Size in bytes: 2288. Pages printed: 1. No user action is required."
