Information	12/10/2019 22:54	Microsoft-Windows-PrintService	307	Printing a document	"Document 65, Print Document owned by pmisne01 on \\MESOEL06484 was printed on VLS3.60 through port UCP-1.  Size in bytes: 216136. Pages printed: 1. No user action is required."
Information	12/10/2019 22:59	Microsoft-Windows-PrintService	307	Printing a document	"Document 66, Print Document owned by pmisne01 on \\MESOEL06484 was printed on VLS3.60 through port UCP-1.  Size in bytes: 216136. Pages printed: 1. No user action is required."
Information	12/10/2019 23:16	Microsoft-Windows-PrintService	307	Printing a document	"Document 67, Print Document owned by pmisne01 on \\MESOEL06484 was printed on VLS3.60 through port UCP-1.  Size in bytes: 82080. Pages printed: 1. No user action is required."
Information	12/10/2019 23:22	Microsoft-Windows-PrintService	307	Printing a document	"Document 68, Print Document owned by pmisne01 on \\MESOEL06484 was printed on VLS3.60 through port UCP-1.  Size in bytes: 93784. Pages printed: 1. No user action is required."
Information	12/11/2019 11:18	Microsoft-Windows-PrintService	307	Printing a document	"Document 69, Print Document owned by rodonn03 on \\MESOEL06484 was printed on VLS3.60 through port UCP-1.  Size in bytes: 8720. Pages printed: 1. No user action is required."
Information	12/11/2019 11:23	Microsoft-Windows-PrintService	307	Printing a document	"Document 70, Print Document owned by rodonn03 on \\MESOEL06484 was printed on VLS3.60 through port UCP-1.  Size in bytes: 6608. Pages printed: 1. No user action is required."
Information	12/11/2019 11:25	Microsoft-Windows-PrintService	307	Printing a document	"Document 71, Print Document owned by rodonn03 on \\MESOEL06484 was printed on VLS3.60 through port UCP-1.  Size in bytes: 2512. Pages printed: 1. No user action is required."
Information	12/11/2019 11:28	Microsoft-Windows-PrintService	307	Printing a document	"Document 72, Print Document owned by rodonn03 on \\MESOEL06484 was printed on VLS3.60 through port UCP-1.  Size in bytes: 2864. Pages printed: 1. No user action is required."
Information	12/11/2019 12:23	Microsoft-Windows-PrintService	307	Printing a document	"Document 73, Print Document owned by rodonn03 on \\MESOEL06484 was printed on VLS3.60 through port UCP-1.  Size in bytes: 973264. Pages printed: 1. No user action is required."
Information	12/11/2019 15:42	Microsoft-Windows-PrintService	307	Printing a document	"Document 74, Print Document owned by rodonn03 on \\MESOEL06484 was printed on VLS3.60 through port UCP-1.  Size in bytes: 64256. Pages printed: 1. No user action is required."
Information	12/11/2019 15:52	Microsoft-Windows-PrintService	307	Printing a document	"Document 75, Print Document owned by rodonn03 on \\MESOEL06484 was printed on VLS3.60 through port UCP-1.  Size in bytes: 7000. Pages printed: 1. No user action is required."
Information	12/11/2019 15:54	Microsoft-Windows-PrintService	307	Printing a document	"Document 76, Print Document owned by rodonn03 on \\MESOEL06484 was printed on VLS3.60 through port UCP-1.  Size in bytes: 7000. Pages printed: 1. No user action is required."
Information	12/11/2019 16:00	Microsoft-Windows-PrintService	307	Printing a document	"Document 77, Print Document owned by rodonn03 on \\MESOEL06484 was printed on VLS3.60 through port UCP-1.  Size in bytes: 8328. Pages printed: 1. No user action is required."
Information	12/11/2019 16:07	Microsoft-Windows-PrintService	307	Printing a document	"Document 78, Print Document owned by rodonn03 on \\MESOEL06484 was printed on VLS3.60 through port UCP-1.  Size in bytes: 7000. Pages printed: 1. No user action is required."
Information	12/11/2019 16:16	Microsoft-Windows-PrintService	307	Printing a document	"Document 79, Print Document owned by rodonn03 on \\MESOEL06484 was printed on VLS3.60 through port UCP-1.  Size in bytes: 20048. Pages printed: 1. No user action is required."
Information	12/11/2019 16:33	Microsoft-Windows-PrintService	307	Printing a document	"Document 80, Print Document owned by rodonn03 on \\MESOEL06484 was printed on VLS3.60 through port UCP-1.  Size in bytes: 2704. Pages printed: 1. No user action is required."
Information	12/11/2019 16:35	Microsoft-Windows-PrintService	307	Printing a document	"Document 81, Print Document owned by rodonn03 on \\MESOEL06484 was printed on VLS3.60 through port UCP-1.  Size in bytes: 2704. Pages printed: 1. No user action is required."
Information	12/11/2019 16:50	Microsoft-Windows-PrintService	307	Printing a document	"Document 82, Print Document owned by rodonn03 on \\MESOEL06484 was printed on VLS3.60 through port UCP-1.  Size in bytes: 35864. Pages printed: 1. No user action is required."
Information	12/11/2019 16:51	Microsoft-Windows-PrintService	307	Printing a document	"Document 83, Print Document owned by rodonn03 on \\MESOEL06484 was printed on VLS3.60 through port UCP-1.  Size in bytes: 35864. Pages printed: 1. No user action is required."
Information	12/11/2019 16:52	Microsoft-Windows-PrintService	307	Printing a document	"Document 84, Print Document owned by rodonn03 on \\MESOEL06484 was printed on VLS3.60 through port UCP-1.  Size in bytes: 35864. Pages printed: 1. No user action is required."
Information	12/11/2019 17:17	Microsoft-Windows-PrintService	307	Printing a document	"Document 2, Print Document owned by tsarla01 on \\MESOEL06484 was printed on VLS3.60 through port UCP-1.  Size in bytes: 18972. Pages printed: 1. No user action is required."
Information	12/11/2019 17:18	Microsoft-Windows-PrintService	307	Printing a document	"Document 3, Print Document owned by tsarla01 on \\MESOEL06484 was printed on VLS3.60 through port UCP-1.  Size in bytes: 18556. Pages printed: 1. No user action is required."
Information	12/11/2019 17:22	Microsoft-Windows-PrintService	307	Printing a document	"Document 4, Print Document owned by tsarla01 on \\MESOEL06484 was printed on VLS3.60 through port UCP-1.  Size in bytes: 2416. Pages printed: 1. No user action is required."
Information	12/11/2019 17:30	Microsoft-Windows-PrintService	307	Printing a document	"Document 5, Print Document owned by tsarla01 on \\MESOEL06484 was printed on VLS3.60 through port UCP-1.  Size in bytes: 542848. Pages printed: 1. No user action is required."
Information	12/11/2019 17:31	Microsoft-Windows-PrintService	307	Printing a document	"Document 6, Print Document owned by tsarla01 on \\MESOEL06484 was printed on VLS3.60 through port UCP-1.  Size in bytes: 532716. Pages printed: 1. No user action is required."
Information	12/11/2019 17:32	Microsoft-Windows-PrintService	307	Printing a document	"Document 7, Print Document owned by tsarla01 on \\MESOEL06484 was printed on VLS3.60 through port UCP-1.  Size in bytes: 542816. Pages printed: 1. No user action is required."
Information	12/11/2019 17:32	Microsoft-Windows-PrintService	307	Printing a document	"Document 8, Print Document owned by tsarla01 on \\MESOEL06484 was printed on VLS3.60 through port UCP-1.  Size in bytes: 542816. Pages printed: 1. No user action is required."
Information	12/11/2019 17:34	Microsoft-Windows-PrintService	307	Printing a document	"Document 9, Print Document owned by tsarla01 on \\MESOEL06484 was printed on VLS3.60 through port UCP-1.  Size in bytes: 30608. Pages printed: 1. No user action is required."
Information	12/11/2019 17:53	Microsoft-Windows-PrintService	307	Printing a document	"Document 10, Print Document owned by tsarla01 on \\MESOEL06484 was printed on VLS3.60 through port UCP-1.  Size in bytes: 36704. Pages printed: 1. No user action is required."
Information	12/11/2019 18:01	Microsoft-Windows-PrintService	307	Printing a document	"Document 11, Print Document owned by tsarla01 on \\MESOEL06484 was printed on VLS3.60 through port UCP-1.  Size in bytes: 5008. Pages printed: 1. No user action is required."
Information	12/11/2019 18:21	Microsoft-Windows-PrintService	307	Printing a document	"Document 12, Print Document owned by tsarla01 on \\MESOEL06484 was printed on VLS3.60 through port UCP-1.  Size in bytes: 6040. Pages printed: 1. No user action is required."
Information	12/11/2019 18:34	Microsoft-Windows-PrintService	307	Printing a document	"Document 13, Print Document owned by tsarla01 on \\MESOEL06484 was printed on VLS3.60 through port UCP-1.  Size in bytes: 6768. Pages printed: 1. No user action is required."
Information	12/11/2019 19:07	Microsoft-Windows-PrintService	307	Printing a document	"Document 14, Print Document owned by tsarla01 on \\MESOEL06484 was printed on VLS3.60 through port UCP-1.  Size in bytes: 2512. Pages printed: 1. No user action is required."
Information	12/11/2019 19:07	Microsoft-Windows-PrintService	307	Printing a document	"Document 15, Print Document owned by tsarla01 on \\MESOEL06484 was printed on VLS3.60 through port UCP-1.  Size in bytes: 2512. Pages printed: 1. No user action is required."
Information	12/11/2019 19:07	Microsoft-Windows-PrintService	307	Printing a document	"Document 16, Print Document owned by tsarla01 on \\MESOEL06484 was printed on VLS3.60 through port UCP-1.  Size in bytes: 1104. Pages printed: 1. No user action is required."
Information	12/11/2019 19:18	Microsoft-Windows-PrintService	307	Printing a document	"Document 17, Print Document owned by tsarla01 on \\MESOEL06484 was printed on VLS3.60 through port UCP-1.  Size in bytes: 16160. Pages printed: 1. No user action is required."
Information	12/11/2019 19:31	Microsoft-Windows-PrintService	307	Printing a document	"Document 18, Print Document owned by tsarla01 on \\MESOEL06484 was printed on VLS3.60 through port UCP-1.  Size in bytes: 32480. Pages printed: 1. No user action is required."
Information	12/11/2019 19:41	Microsoft-Windows-PrintService	307	Printing a document	"Document 19, Print Document owned by tsarla01 on \\MESOEL06484 was printed on VLS3.60 through port UCP-1.  Size in bytes: 24080. Pages printed: 1. No user action is required."
Information	12/11/2019 19:43	Microsoft-Windows-PrintService	307	Printing a document	"Document 20, Print Document owned by tsarla01 on \\MESOEL06484 was printed on VLS3.60 through port UCP-1.  Size in bytes: 28688. Pages printed: 1. No user action is required."
Information	12/11/2019 19:44	Microsoft-Windows-PrintService	307	Printing a document	"Document 21, Print Document owned by tsarla01 on \\MESOEL06484 was printed on VLS3.60 through port UCP-1.  Size in bytes: 28688. Pages printed: 1. No user action is required."
Information	12/11/2019 19:53	Microsoft-Windows-PrintService	307	Printing a document	"Document 22, Print Document owned by tsarla01 on \\MESOEL06484 was printed on VLS3.60 through port UCP-1.  Size in bytes: 2888. Pages printed: 1. No user action is required."
Information	12/11/2019 20:03	Microsoft-Windows-PrintService	307	Printing a document	"Document 23, Print Document owned by tsarla01 on \\MESOEL06484 was printed on VLS3.60 through port UCP-1.  Size in bytes: 4520. Pages printed: 1. No user action is required."
Information	12/11/2019 20:18	Microsoft-Windows-PrintService	307	Printing a document	"Document 24, Print Document owned by tsarla01 on \\MESOEL06484 was printed on VLS3.60 through port UCP-1.  Size in bytes: 1936. Pages printed: 1. No user action is required."
Information	12/11/2019 20:19	Microsoft-Windows-PrintService	307	Printing a document	"Document 25, Print Document owned by tsarla01 on \\MESOEL06484 was printed on VLS3.60 through port UCP-1.  Size in bytes: 1424. Pages printed: 1. No user action is required."
Information	12/11/2019 20:21	Microsoft-Windows-PrintService	307	Printing a document	"Document 26, Print Document owned by tsarla01 on \\MESOEL06484 was printed on VLS3.60 through port UCP-1.  Size in bytes: 1416. Pages printed: 1. No user action is required."
Information	12/11/2019 20:23	Microsoft-Windows-PrintService	307	Printing a document	"Document 27, Print Document owned by tsarla01 on \\MESOEL06484 was printed on VLS3.60 through port UCP-1.  Size in bytes: 1416. Pages printed: 1. No user action is required."
Information	12/11/2019 21:10	Microsoft-Windows-PrintService	307	Printing a document	"Document 28, Print Document owned by tsarla01 on \\MESOEL06484 was printed on VLS3.60 through port UCP-1.  Size in bytes: 27101056. Pages printed: 1. No user action is required."
Information	12/11/2019 21:11	Microsoft-Windows-PrintService	307	Printing a document	"Document 29, Print Document owned by tsarla01 on \\MESOEL06484 was printed on VLS3.60 through port UCP-1.  Size in bytes: 27205116. Pages printed: 1. No user action is required."
Information	12/11/2019 21:37	Microsoft-Windows-PrintService	307	Printing a document	"Document 30, Print Document owned by tsarla01 on \\MESOEL06484 was printed on VLS3.60 through port UCP-1.  Size in bytes: 27101056. Pages printed: 1. No user action is required."
Information	12/11/2019 22:09	Microsoft-Windows-PrintService	307	Printing a document	"Document 31, Print Document owned by tsarla01 on \\MESOEL06484 was printed on VLS3.60 through port UCP-1.  Size in bytes: 4880. Pages printed: 1. No user action is required."
Information	12/11/2019 22:15	Microsoft-Windows-PrintService	307	Printing a document	"Document 32, Print Document owned by tsarla01 on \\MESOEL06484 was printed on VLS3.60 through port UCP-1.  Size in bytes: 4880. Pages printed: 1. No user action is required."
Information	12/11/2019 22:41	Microsoft-Windows-PrintService	307	Printing a document	"Document 33, Print Document owned by tsarla01 on \\MESOEL06484 was printed on VLS3.60 through port UCP-1.  Size in bytes: 19472. Pages printed: 1. No user action is required."
Information	12/11/2019 22:53	Microsoft-Windows-PrintService	307	Printing a document	"Document 34, Print Document owned by tsarla01 on \\MESOEL06484 was printed on VLS3.60 through port UCP-1.  Size in bytes: 19796. Pages printed: 1. No user action is required."
Information	12/12/2019 10:34	Microsoft-Windows-PrintService	307	Printing a document	"Document 35, Print Document owned by tsarla01 on \\MESOEL06484 was printed on VLS3.60 through port UCP-1.  Size in bytes: 22500. Pages printed: 1. No user action is required."
Information	12/12/2019 11:28	Microsoft-Windows-PrintService	307	Printing a document	"Document 36, Print Document owned by tsarla01 on \\MESOEL06484 was printed on VLS3.60 through port UCP-1.  Size in bytes: 171712. Pages printed: 1. No user action is required."
Information	12/12/2019 11:32	Microsoft-Windows-PrintService	307	Printing a document	"Document 37, Print Document owned by tsarla01 on \\MESOEL06484 was printed on VLS3.60 through port UCP-1.  Size in bytes: 656. Pages printed: 1. No user action is required."
Information	12/12/2019 12:46	Microsoft-Windows-PrintService	307	Printing a document	"Document 38, Print Document owned by tsarla01 on \\MESOEL06484 was printed on VLS3.60 through port UCP-1.  Size in bytes: 171712. Pages printed: 1. No user action is required."
Information	12/12/2019 13:04	Microsoft-Windows-PrintService	307	Printing a document	"Document 39, Print Document owned by tsarla01 on \\MESOEL06484 was printed on VLS3.60 through port UCP-1.  Size in bytes: 20120. Pages printed: 1. No user action is required."
Information	12/12/2019 13:37	Microsoft-Windows-PrintService	307	Printing a document	"Document 40, Print Document owned by tsarla01 on \\MESOEL06484 was printed on VLS3.60 through port UCP-1.  Size in bytes: 5484984. Pages printed: 1. No user action is required."
Information	12/12/2019 14:55	Microsoft-Windows-PrintService	307	Printing a document	"Document 41, Print Document owned by tsarla01 on \\MESOEL06484 was printed on VLS3.60 through port UCP-1.  Size in bytes: 20072. Pages printed: 1. No user action is required."
Information	12/12/2019 15:04	Microsoft-Windows-PrintService	307	Printing a document	"Document 42, Print Document owned by tsarla01 on \\MESOEL06484 was printed on VLS3.60 through port UCP-1.  Size in bytes: 22500. Pages printed: 1. No user action is required."
Information	12/12/2019 15:34	Microsoft-Windows-PrintService	307	Printing a document	"Document 43, Print Document owned by tsarla01 on \\MESOEL06484 was printed on VLS3.60 through port UCP-1.  Size in bytes: 37056. Pages printed: 1. No user action is required."
Information	12/12/2019 15:47	Microsoft-Windows-PrintService	307	Printing a document	"Document 44, Print Document owned by tsarla01 on \\MESOEL06484 was printed on VLS3.60 through port UCP-1.  Size in bytes: 13688. Pages printed: 1. No user action is required."
Information	12/12/2019 15:53	Microsoft-Windows-PrintService	307	Printing a document	"Document 45, Print Document owned by tsarla01 on \\MESOEL06484 was printed on VLS3.60 through port UCP-1.  Size in bytes: 13608. Pages printed: 1. No user action is required."
Information	12/12/2019 16:00	Microsoft-Windows-PrintService	307	Printing a document	"Document 46, Print Document owned by tsarla01 on \\MESOEL06484 was printed on VLS3.60 through port UCP-1.  Size in bytes: 700. Pages printed: 1. No user action is required."
Information	12/12/2019 16:06	Microsoft-Windows-PrintService	307	Printing a document	"Document 47, Print Document owned by tsarla01 on \\MESOEL06484 was printed on VLS3.60 through port UCP-1.  Size in bytes: 40664. Pages printed: 1. No user action is required."
Information	12/12/2019 16:06	Microsoft-Windows-PrintService	307	Printing a document	"Document 48, Print Document owned by tsarla01 on \\MESOEL06484 was printed on VLS3.60 through port UCP-1.  Size in bytes: 42472. Pages printed: 1. No user action is required."
Information	12/12/2019 16:37	Microsoft-Windows-PrintService	307	Printing a document	"Document 49, Print Document owned by tsarla01 on \\MESOEL06484 was printed on VLS3.60 through port UCP-1.  Size in bytes: 26160. Pages printed: 1. No user action is required."
Information	12/12/2019 16:37	Microsoft-Windows-PrintService	307	Printing a document	"Document 50, Print Document owned by tsarla01 on \\MESOEL06484 was printed on VLS3.60 through port UCP-1.  Size in bytes: 26160. Pages printed: 1. No user action is required."
Information	12/12/2019 16:47	Microsoft-Windows-PrintService	307	Printing a document	"Document 51, Print Document owned by tsarla01 on \\MESOEL06484 was printed on VLS3.60 through port UCP-1.  Size in bytes: 99208. Pages printed: 1. No user action is required."
Information	12/12/2019 17:11	Microsoft-Windows-PrintService	307	Printing a document	"Document 52, Print Document owned by tsarla01 on \\MESOEL06484 was printed on VLS3.60 through port UCP-1.  Size in bytes: 752. Pages printed: 1. No user action is required."
Information	12/12/2019 17:17	Microsoft-Windows-PrintService	307	Printing a document	"Document 53, Print Document owned by tsarla01 on \\MESOEL06484 was printed on VLS3.60 through port UCP-1.  Size in bytes: 1440. Pages printed: 1. No user action is required."
Information	12/12/2019 17:27	Microsoft-Windows-PrintService	307	Printing a document	"Document 54, Print Document owned by tsarla01 on \\MESOEL06484 was printed on VLS3.60 through port UCP-1.  Size in bytes: 752. Pages printed: 1. No user action is required."
Information	12/12/2019 17:33	Microsoft-Windows-PrintService	307	Printing a document	"Document 55, Print Document owned by tsarla01 on \\MESOEL06484 was printed on VLS3.60 through port UCP-1.  Size in bytes: 26160. Pages printed: 1. No user action is required."
Information	12/12/2019 18:06	Microsoft-Windows-PrintService	307	Printing a document	"Document 56, Print Document owned by tsarla01 on \\MESOEL06484 was printed on VLS3.60 through port UCP-1.  Size in bytes: 38092. Pages printed: 1. No user action is required."
Information	12/12/2019 18:07	Microsoft-Windows-PrintService	307	Printing a document	"Document 57, Print Document owned by tsarla01 on \\MESOEL06484 was printed on VLS3.60 through port UCP-1.  Size in bytes: 38092. Pages printed: 1. No user action is required."
Information	12/12/2019 18:42	Microsoft-Windows-PrintService	307	Printing a document	"Document 58, Print Document owned by tsarla01 on \\MESOEL06484 was printed on VLS3.60 through port UCP-1.  Size in bytes: 141236. Pages printed: 1. No user action is required."
Information	12/12/2019 18:44	Microsoft-Windows-PrintService	307	Printing a document	"Document 59, Print Document owned by tsarla01 on \\MESOEL06484 was printed on VLS3.60 through port UCP-1.  Size in bytes: 140404. Pages printed: 1. No user action is required."
Information	12/12/2019 18:44	Microsoft-Windows-PrintService	307	Printing a document	"Document 60, Print Document owned by tsarla01 on \\MESOEL06484 was printed on VLS3.60 through port UCP-1.  Size in bytes: 140404. Pages printed: 1. No user action is required."
Information	12/12/2019 18:49	Microsoft-Windows-PrintService	307	Printing a document	"Document 61, Print Document owned by tsarla01 on \\MESOEL06484 was printed on VLS3.60 through port UCP-1.  Size in bytes: 143092. Pages printed: 1. No user action is required."
Information	12/12/2019 19:21	Microsoft-Windows-PrintService	307	Printing a document	"Document 62, Print Document owned by tsarla01 on \\MESOEL06484 was printed on VLS3.60 through port UCP-1.  Size in bytes: 35492. Pages printed: 1. No user action is required."
Information	12/12/2019 19:42	Microsoft-Windows-PrintService	307	Printing a document	"Document 63, Print Document owned by tsarla01 on \\MESOEL06484 was printed on VLS3.60 through port UCP-1.  Size in bytes: 5776. Pages printed: 1. No user action is required."
Information	12/12/2019 19:48	Microsoft-Windows-PrintService	307	Printing a document	"Document 64, Print Document owned by tsarla01 on \\MESOEL06484 was printed on VLS3.60 through port UCP-1.  Size in bytes: 31460. Pages printed: 1. No user action is required."
Information	12/12/2019 19:50	Microsoft-Windows-PrintService	307	Printing a document	"Document 65, Print Document owned by tsarla01 on \\MESOEL06484 was printed on VLS3.60 through port UCP-1.  Size in bytes: 31460. Pages printed: 1. No user action is required."
Information	12/12/2019 19:51	Microsoft-Windows-PrintService	307	Printing a document	"Document 66, Print Document owned by tsarla01 on \\MESOEL06484 was printed on VLS3.60 through port UCP-1.  Size in bytes: 31460. Pages printed: 1. No user action is required."
Information	12/12/2019 19:51	Microsoft-Windows-PrintService	307	Printing a document	"Document 67, Print Document owned by tsarla01 on \\MESOEL06484 was printed on VLS3.60 through port UCP-1.  Size in bytes: 31460. Pages printed: 1. No user action is required."
Information	12/12/2019 19:52	Microsoft-Windows-PrintService	307	Printing a document	"Document 68, Print Document owned by tsarla01 on \\MESOEL06484 was printed on VLS3.60 through port UCP-1.  Size in bytes: 31460. Pages printed: 1. No user action is required."
Information	12/12/2019 20:13	Microsoft-Windows-PrintService	307	Printing a document	"Document 69, Print Document owned by tsarla01 on \\MESOEL06484 was printed on VLS3.60 through port UCP-1.  Size in bytes: 1072. Pages printed: 1. No user action is required."
Information	12/12/2019 20:15	Microsoft-Windows-PrintService	307	Printing a document	"Document 70, Print Document owned by tsarla01 on \\MESOEL06484 was printed on VLS3.60 through port UCP-1.  Size in bytes: 1072. Pages printed: 1. No user action is required."
Information	12/12/2019 20:17	Microsoft-Windows-PrintService	307	Printing a document	"Document 71, Print Document owned by tsarla01 on \\MESOEL06484 was printed on VLS3.60 through port UCP-1.  Size in bytes: 31460. Pages printed: 1. No user action is required."
Information	12/12/2019 23:54	Microsoft-Windows-PrintService	307	Printing a document	"Document 2, Print Document owned by ywu15 on \\MESOEL06484 was printed on VLS3.60 through port UCP-1.  Size in bytes: 25952. Pages printed: 1. No user action is required."
Information	12/13/2019 0:35	Microsoft-Windows-PrintService	307	Printing a document	"Document 3, Print Document owned by ywu15 on \\MESOEL06484 was printed on VLS3.60 through port UCP-1.  Size in bytes: 38952. Pages printed: 1. No user action is required."
Information	12/13/2019 0:36	Microsoft-Windows-PrintService	307	Printing a document	"Document 4, Print Document owned by ywu15 on \\MESOEL06484 was printed on VLS3.60 through port UCP-1.  Size in bytes: 33896. Pages printed: 1. No user action is required."
Information	12/13/2019 0:42	Microsoft-Windows-PrintService	307	Printing a document	"Document 5, Print Document owned by ywu15 on \\MESOEL06484 was printed on VLS3.60 through port UCP-1.  Size in bytes: 3932. Pages printed: 1. No user action is required."
Information	12/13/2019 0:47	Microsoft-Windows-PrintService	307	Printing a document	"Document 6, Print Document owned by ywu15 on \\MESOEL06484 was printed on VLS3.60 through port UCP-1.  Size in bytes: 12132. Pages printed: 1. No user action is required."
Information	12/13/2019 0:52	Microsoft-Windows-PrintService	307	Printing a document	"Document 7, Print Document owned by ywu15 on \\MESOEL06484 was printed on VLS3.60 through port UCP-1.  Size in bytes: 7604. Pages printed: 1. No user action is required."
Information	12/13/2019 10:42	Microsoft-Windows-PrintService	307	Printing a document	"Document 8, Print Document owned by mrose01 on \\MESOEL06484 was printed on VLS3.60 through port UCP-1.  Size in bytes: 4940. Pages printed: 1. No user action is required."
Information	12/13/2019 10:48	Microsoft-Windows-PrintService	307	Printing a document	"Document 9, Print Document owned by mrose01 on \\MESOEL06484 was printed on VLS3.60 through port UCP-1.  Size in bytes: 11308. Pages printed: 1. No user action is required."
Information	12/13/2019 10:49	Microsoft-Windows-PrintService	307	Printing a document	"Document 10, Print Document owned by mrose01 on \\MESOEL06484 was printed on VLS3.60 through port UCP-1.  Size in bytes: 4940. Pages printed: 1. No user action is required."
Information	12/13/2019 10:57	Microsoft-Windows-PrintService	307	Printing a document	"Document 11, Print Document owned by mrose01 on \\MESOEL06484 was printed on VLS3.60 through port UCP-1.  Size in bytes: 22964. Pages printed: 1. No user action is required."
Information	12/13/2019 11:00	Microsoft-Windows-PrintService	307	Printing a document	"Document 12, Print Document owned by mrose01 on \\MESOEL06484 was printed on VLS3.60 through port UCP-1.  Size in bytes: 22964. Pages printed: 1. No user action is required."
Information	12/13/2019 11:25	Microsoft-Windows-PrintService	307	Printing a document	"Document 13, Print Document owned by mrose01 on \\MESOEL06484 was printed on VLS3.60 through port UCP-1.  Size in bytes: 4940. Pages printed: 1. No user action is required."
Information	12/13/2019 11:27	Microsoft-Windows-PrintService	307	Printing a document	"Document 14, Print Document owned by mrose01 on \\MESOEL06484 was printed on VLS3.60 through port UCP-1.  Size in bytes: 5724. Pages printed: 1. No user action is required."
Information	12/13/2019 11:50	Microsoft-Windows-PrintService	307	Printing a document	"Document 15, Print Document owned by mrose01 on \\MESOEL06484 was printed on VLS3.60 through port UCP-1.  Size in bytes: 4584. Pages printed: 1. No user action is required."
Information	12/13/2019 12:15	Microsoft-Windows-PrintService	307	Printing a document	"Document 16, Print Document owned by mrose01 on \\MESOEL06484 was printed on VLS3.60 through port UCP-1.  Size in bytes: 4924. Pages printed: 1. No user action is required."
Information	12/13/2019 12:22	Microsoft-Windows-PrintService	307	Printing a document	"Document 17, Print Document owned by mrose01 on \\MESOEL06484 was printed on VLS3.60 through port UCP-1.  Size in bytes: 4924. Pages printed: 1. No user action is required."
Information	12/13/2019 12:48	Microsoft-Windows-PrintService	307	Printing a document	"Document 18, Print Document owned by mrose01 on \\MESOEL06484 was printed on VLS3.60 through port UCP-1.  Size in bytes: 51792. Pages printed: 1. No user action is required."
Information	12/13/2019 12:49	Microsoft-Windows-PrintService	307	Printing a document	"Document 19, Print Document owned by mrose01 on \\MESOEL06484 was printed on VLS3.60 through port UCP-1.  Size in bytes: 51792. Pages printed: 1. No user action is required."
Information	12/13/2019 12:49	Microsoft-Windows-PrintService	307	Printing a document	"Document 20, Print Document owned by mrose01 on \\MESOEL06484 was printed on VLS3.60 through port UCP-1.  Size in bytes: 51792. Pages printed: 1. No user action is required."
Information	12/13/2019 12:50	Microsoft-Windows-PrintService	307	Printing a document	"Document 21, Print Document owned by mrose01 on \\MESOEL06484 was printed on VLS3.60 through port UCP-1.  Size in bytes: 44688. Pages printed: 1. No user action is required."
Information	12/13/2019 12:56	Microsoft-Windows-PrintService	307	Printing a document	"Document 22, Print Document owned by mrose01 on \\MESOEL06484 was printed on VLS3.60 through port UCP-1.  Size in bytes: 48240. Pages printed: 1. No user action is required."
Information	12/13/2019 13:05	Microsoft-Windows-PrintService	307	Printing a document	"Document 23, Print Document owned by mrose01 on \\MESOEL06484 was printed on VLS3.60 through port UCP-1.  Size in bytes: 265732. Pages printed: 1. No user action is required."
Information	12/13/2019 13:58	Microsoft-Windows-PrintService	307	Printing a document	"Document 24, Print Document owned by mrose01 on \\MESOEL06484 was printed on VLS3.60 through port UCP-1.  Size in bytes: 5380. Pages printed: 1. No user action is required."
Information	12/13/2019 14:05	Microsoft-Windows-PrintService	307	Printing a document	"Document 25, Print Document owned by mrose01 on \\MESOEL06484 was printed on VLS3.60 through port UCP-1.  Size in bytes: 5404. Pages printed: 1. No user action is required."
Information	12/13/2019 14:10	Microsoft-Windows-PrintService	307	Printing a document	"Document 26, Print Document owned by mrose01 on \\MESOEL06484 was printed on VLS3.60 through port UCP-1.  Size in bytes: 5404. Pages printed: 1. No user action is required."
Information	12/13/2019 14:29	Microsoft-Windows-PrintService	307	Printing a document	"Document 27, Print Document owned by mrose01 on \\MESOEL06484 was printed on VLS3.60 through port UCP-1.  Size in bytes: 1403188. Pages printed: 1. No user action is required."
Information	12/13/2019 14:30	Microsoft-Windows-PrintService	307	Printing a document	"Document 28, Print Document owned by mrose01 on \\MESOEL06484 was printed on VLS3.60 through port UCP-1.  Size in bytes: 1403188. Pages printed: 1. No user action is required."
Information	12/13/2019 14:34	Microsoft-Windows-PrintService	307	Printing a document	"Document 29, Print Document owned by mrose01 on \\MESOEL06484 was printed on VLS3.60 through port UCP-1.  Size in bytes: 1403172. Pages printed: 1. No user action is required."
Information	12/13/2019 14:53	Microsoft-Windows-PrintService	307	Printing a document	"Document 30, Print Document owned by mrose01 on \\MESOEL06484 was printed on VLS3.60 through port UCP-1.  Size in bytes: 33844. Pages printed: 1. No user action is required."
Information	12/13/2019 14:54	Microsoft-Windows-PrintService	307	Printing a document	"Document 31, Print Document owned by mrose01 on \\MESOEL06484 was printed on VLS3.60 through port UCP-1.  Size in bytes: 33492. Pages printed: 1. No user action is required."
Information	12/13/2019 15:06	Microsoft-Windows-PrintService	307	Printing a document	"Document 32, Print Document owned by mrose01 on \\MESOEL06484 was printed on VLS3.60 through port UCP-1.  Size in bytes: 2616936. Pages printed: 1. No user action is required."
Information	12/13/2019 15:06	Microsoft-Windows-PrintService	307	Printing a document	"Document 33, Print Document owned by mrose01 on \\MESOEL06484 was printed on VLS3.60 through port UCP-1.  Size in bytes: 2594464. Pages printed: 1. No user action is required."
Information	12/13/2019 15:06	Microsoft-Windows-PrintService	307	Printing a document	"Document 34, Print Document owned by mrose01 on \\MESOEL06484 was printed on VLS3.60 through port UCP-1.  Size in bytes: 2594464. Pages printed: 1. No user action is required."
Information	12/13/2019 15:21	Microsoft-Windows-PrintService	307	Printing a document	"Document 35, Print Document owned by mrose01 on \\MESOEL06484 was printed on VLS3.60 through port UCP-1.  Size in bytes: 277136. Pages printed: 1. No user action is required."
Information	12/13/2019 15:43	Microsoft-Windows-PrintService	307	Printing a document	"Document 36, Print Document owned by mrose01 on \\MESOEL06484 was printed on VLS3.60 through port UCP-1.  Size in bytes: 2704. Pages printed: 1. No user action is required."
Information	12/13/2019 15:44	Microsoft-Windows-PrintService	307	Printing a document	"Document 37, Print Document owned by mrose01 on \\MESOEL06484 was printed on VLS3.60 through port UCP-1.  Size in bytes: 2704. Pages printed: 1. No user action is required."
Information	12/13/2019 15:45	Microsoft-Windows-PrintService	307	Printing a document	"Document 38, Print Document owned by mrose01 on \\MESOEL06484 was printed on VLS3.60 through port UCP-1.  Size in bytes: 3472. Pages printed: 1. No user action is required."
Information	12/13/2019 15:48	Microsoft-Windows-PrintService	307	Printing a document	"Document 39, Print Document owned by mrose01 on \\MESOEL06484 was printed on VLS3.60 through port UCP-1.  Size in bytes: 3472. Pages printed: 1. No user action is required."
Information	12/13/2019 15:51	Microsoft-Windows-PrintService	307	Printing a document	"Document 40, Print Document owned by mrose01 on \\MESOEL06484 was printed on VLS3.60 through port UCP-1.  Size in bytes: 5520. Pages printed: 1. No user action is required."
Information	12/13/2019 15:55	Microsoft-Windows-PrintService	307	Printing a document	"Document 41, Print Document owned by mrose01 on \\MESOEL06484 was printed on VLS3.60 through port UCP-1.  Size in bytes: 784. Pages printed: 1. No user action is required."
Information	12/13/2019 16:00	Microsoft-Windows-PrintService	307	Printing a document	"Document 42, Print Document owned by mrose01 on \\MESOEL06484 was printed on VLS3.60 through port UCP-1.  Size in bytes: 784. Pages printed: 1. No user action is required."
Information	12/13/2019 16:01	Microsoft-Windows-PrintService	307	Printing a document	"Document 43, Print Document owned by mrose01 on \\MESOEL06484 was printed on VLS3.60 through port UCP-1.  Size in bytes: 784. Pages printed: 1. No user action is required."
Information	12/13/2019 16:02	Microsoft-Windows-PrintService	307	Printing a document	"Document 44, Print Document owned by mrose01 on \\MESOEL06484 was printed on VLS3.60 through port UCP-1.  Size in bytes: 784. Pages printed: 1. No user action is required."
Information	12/13/2019 16:18	Microsoft-Windows-PrintService	307	Printing a document	"Document 45, Print Document owned by mrose01 on \\MESOEL06484 was printed on VLS3.60 through port UCP-1.  Size in bytes: 64496. Pages printed: 1. No user action is required."
Information	12/13/2019 16:19	Microsoft-Windows-PrintService	307	Printing a document	"Document 46, Print Document owned by mrose01 on \\MESOEL06484 was printed on VLS3.60 through port UCP-1.  Size in bytes: 80136. Pages printed: 1. No user action is required."
Information	12/13/2019 16:29	Microsoft-Windows-PrintService	307	Printing a document	"Document 47, Print Document owned by mrose01 on \\MESOEL06484 was printed on VLS3.60 through port UCP-1.  Size in bytes: 4263272. Pages printed: 1. No user action is required."
Information	12/13/2019 16:29	Microsoft-Windows-PrintService	307	Printing a document	"Document 48, Print Document owned by mrose01 on \\MESOEL06484 was printed on VLS3.60 through port UCP-1.  Size in bytes: 4263272. Pages printed: 1. No user action is required."
Information	12/13/2019 16:46	Microsoft-Windows-PrintService	307	Printing a document	"Document 49, Print Document owned by mrose01 on \\MESOEL06484 was printed on VLS3.60 through port UCP-1.  Size in bytes: 2237504. Pages printed: 1. No user action is required."
Information	12/13/2019 16:48	Microsoft-Windows-PrintService	307	Printing a document	"Document 50, Print Document owned by mrose01 on \\MESOEL06484 was printed on VLS3.60 through port UCP-1.  Size in bytes: 2237504. Pages printed: 1. No user action is required."
Information	12/13/2019 17:08	Microsoft-Windows-PrintService	307	Printing a document	"Document 51, Print Document owned by mrose01 on \\MESOEL06484 was printed on VLS3.60 through port UCP-1.  Size in bytes: 62644. Pages printed: 1. No user action is required."
Information	12/13/2019 17:09	Microsoft-Windows-PrintService	307	Printing a document	"Document 52, Print Document owned by mrose01 on \\MESOEL06484 was printed on VLS3.60 through port UCP-1.  Size in bytes: 60504. Pages printed: 1. No user action is required."
Information	12/13/2019 17:29	Microsoft-Windows-PrintService	307	Printing a document	"Document 53, Print Document owned by mrose01 on \\MESOEL06484 was printed on VLS3.60 through port UCP-1.  Size in bytes: 36008. Pages printed: 1. No user action is required."
Information	12/13/2019 17:50	Microsoft-Windows-PrintService	307	Printing a document	"Document 54, Print Document owned by mrose01 on \\MESOEL06484 was printed on VLS3.60 through port UCP-1.  Size in bytes: 254636. Pages printed: 1. No user action is required."
Information	12/13/2019 17:52	Microsoft-Windows-PrintService	307	Printing a document	"Document 55, Print Document owned by mrose01 on \\MESOEL06484 was printed on VLS3.60 through port UCP-1.  Size in bytes: 255340. Pages printed: 1. No user action is required."
Information	12/13/2019 18:09	Microsoft-Windows-PrintService	307	Printing a document	"Document 56, Print Document owned by mrose01 on \\MESOEL06484 was printed on VLS3.60 through port UCP-1.  Size in bytes: 118216. Pages printed: 1. No user action is required."
Information	12/13/2019 18:21	Microsoft-Windows-PrintService	307	Printing a document	"Document 57, Print Document owned by mrose01 on \\MESOEL06484 was printed on VLS3.60 through port UCP-1.  Size in bytes: 721752. Pages printed: 1. No user action is required."
Information	12/13/2019 18:46	Microsoft-Windows-PrintService	307	Printing a document	"Document 58, Print Document owned by rodonn03 on \\MESOEL06484 was printed on VLS3.60 through port UCP-1.  Size in bytes: 45672. Pages printed: 1. No user action is required."
Information	12/13/2019 18:51	Microsoft-Windows-PrintService	307	Printing a document	"Document 59, Print Document owned by rodonn03 on \\MESOEL06484 was printed on VLS3.60 through port UCP-1.  Size in bytes: 87816. Pages printed: 1. No user action is required."
Information	12/13/2019 19:00	Microsoft-Windows-PrintService	307	Printing a document	"Document 60, Print Document owned by rodonn03 on \\MESOEL06484 was printed on VLS3.60 through port UCP-1.  Size in bytes: 88184. Pages printed: 1. No user action is required."
Information	12/13/2019 19:03	Microsoft-Windows-PrintService	307	Printing a document	"Document 61, Print Document owned by rodonn03 on \\MESOEL06484 was printed on VLS3.60 through port UCP-1.  Size in bytes: 45672. Pages printed: 1. No user action is required."
Information	12/13/2019 19:04	Microsoft-Windows-PrintService	307	Printing a document	"Document 62, Print Document owned by rodonn03 on \\MESOEL06484 was printed on VLS3.60 through port UCP-1.  Size in bytes: 45672. Pages printed: 1. No user action is required."
Information	12/13/2019 19:06	Microsoft-Windows-PrintService	307	Printing a document	"Document 63, Print Document owned by rodonn03 on \\MESOEL06484 was printed on VLS3.60 through port UCP-1.  Size in bytes: 45672. Pages printed: 1. No user action is required."
Information	12/13/2019 19:14	Microsoft-Windows-PrintService	307	Printing a document	"Document 64, Print Document owned by bmcder01 on \\MESOEL06484 was printed on VLS3.60 through port UCP-1.  Size in bytes: 80136. Pages printed: 1. No user action is required."
Information	12/13/2019 19:30	Microsoft-Windows-PrintService	307	Printing a document	"Document 65, Print Document owned by bmcder01 on \\MESOEL06484 was printed on VLS3.60 through port UCP-1.  Size in bytes: 3080. Pages printed: 1. No user action is required."
Information	12/13/2019 19:55	Microsoft-Windows-PrintService	307	Printing a document	"Document 66, Print Document owned by rodonn03 on \\MESOEL06484 was printed on VLS3.60 through port UCP-1.  Size in bytes: 266144. Pages printed: 1. No user action is required."
Information	12/13/2019 20:13	Microsoft-Windows-PrintService	307	Printing a document	"Document 67, Print Document owned by rodonn03 on \\MESOEL06484 was printed on VLS3.60 through port UCP-1.  Size in bytes: 173760. Pages printed: 1. No user action is required."
Information	12/13/2019 20:23	Microsoft-Windows-PrintService	307	Printing a document	"Document 68, Print Document owned by rodonn03 on \\MESOEL06484 was printed on VLS3.60 through port UCP-1.  Size in bytes: 266144. Pages printed: 1. No user action is required."
Information	12/13/2019 20:33	Microsoft-Windows-PrintService	307	Printing a document	"Document 69, Print Document owned by rodonn03 on \\MESOEL06484 was printed on VLS3.60 through port UCP-1.  Size in bytes: 175784. Pages printed: 1. No user action is required."
Information	12/13/2019 20:34	Microsoft-Windows-PrintService	307	Printing a document	"Document 70, Print Document owned by rodonn03 on \\MESOEL06484 was printed on VLS3.60 through port UCP-1.  Size in bytes: 175600. Pages printed: 1. No user action is required."
Information	12/13/2019 20:42	Microsoft-Windows-PrintService	307	Printing a document	"Document 71, Print Document owned by rodonn03 on \\MESOEL06484 was printed on VLS3.60 through port UCP-1.  Size in bytes: 45672. Pages printed: 1. No user action is required."
Information	12/13/2019 20:44	Microsoft-Windows-PrintService	307	Printing a document	"Document 72, Print Document owned by rodonn03 on \\MESOEL06484 was printed on VLS3.60 through port UCP-1.  Size in bytes: 45672. Pages printed: 1. No user action is required."
Information	12/13/2019 21:18	Microsoft-Windows-PrintService	307	Printing a document	"Document 73, Print Document owned by rodonn03 on \\MESOEL06484 was printed on VLS3.60 through port UCP-1.  Size in bytes: 4792. Pages printed: 1. No user action is required."
Information	12/13/2019 21:21	Microsoft-Windows-PrintService	307	Printing a document	"Document 74, Print Document owned by rodonn03 on \\MESOEL06484 was printed on VLS3.60 through port UCP-1.  Size in bytes: 7648. Pages printed: 1. No user action is required."
Information	12/13/2019 21:25	Microsoft-Windows-PrintService	307	Printing a document	"Document 75, Print Document owned by rodonn03 on \\MESOEL06484 was printed on VLS3.60 through port UCP-1.  Size in bytes: 7648. Pages printed: 1. No user action is required."
Information	12/13/2019 21:27	Microsoft-Windows-PrintService	307	Printing a document	"Document 76, Print Document owned by rodonn03 on \\MESOEL06484 was printed on VLS3.60 through port UCP-1.  Size in bytes: 7648. Pages printed: 1. No user action is required."
Information	12/13/2019 21:28	Microsoft-Windows-PrintService	307	Printing a document	"Document 77, Print Document owned by rodonn03 on \\MESOEL06484 was printed on VLS3.60 through port UCP-1.  Size in bytes: 7648. Pages printed: 1. No user action is required."
Information	12/13/2019 21:28	Microsoft-Windows-PrintService	307	Printing a document	"Document 78, Print Document owned by rodonn03 on \\MESOEL06484 was printed on VLS3.60 through port UCP-1.  Size in bytes: 7648. Pages printed: 1. No user action is required."
Information	12/13/2019 21:29	Microsoft-Windows-PrintService	307	Printing a document	"Document 79, Print Document owned by rodonn03 on \\MESOEL06484 was printed on VLS3.60 through port UCP-1.  Size in bytes: 7648. Pages printed: 1. No user action is required."
Information	12/13/2019 21:29	Microsoft-Windows-PrintService	307	Printing a document	"Document 80, Print Document owned by rodonn03 on \\MESOEL06484 was printed on VLS3.60 through port UCP-1.  Size in bytes: 7648. Pages printed: 1. No user action is required."
Information	12/14/2019 12:22	Microsoft-Windows-PrintService	307	Printing a document	"Document 81, Print Document owned by rodonn03 on \\MESOEL06484 was printed on VLS3.60 through port UCP-1.  Size in bytes: 5046772. Pages printed: 1. No user action is required."
Information	12/14/2019 12:38	Microsoft-Windows-PrintService	307	Printing a document	"Document 82, Print Document owned by rodonn03 on \\MESOEL06484 was printed on VLS3.60 through port UCP-1.  Size in bytes: 120652. Pages printed: 1. No user action is required."
Information	12/14/2019 12:39	Microsoft-Windows-PrintService	307	Printing a document	"Document 83, Print Document owned by rodonn03 on \\MESOEL06484 was printed on VLS3.60 through port UCP-1.  Size in bytes: 120652. Pages printed: 1. No user action is required."
Information	12/14/2019 12:46	Microsoft-Windows-PrintService	307	Printing a document	"Document 84, Print Document owned by rodonn03 on \\MESOEL06484 was printed on VLS3.60 through port UCP-1.  Size in bytes: 120652. Pages printed: 1. No user action is required."
Information	12/14/2019 12:51	Microsoft-Windows-PrintService	307	Printing a document	"Document 85, Print Document owned by rodonn03 on \\MESOEL06484 was printed on VLS3.60 through port UCP-1.  Size in bytes: 120628. Pages printed: 1. No user action is required."
Information	12/14/2019 13:12	Microsoft-Windows-PrintService	307	Printing a document	"Document 86, Print Document owned by rodonn03 on \\MESOEL06484 was printed on VLS3.60 through port UCP-1.  Size in bytes: 30312. Pages printed: 1. No user action is required."
Information	12/14/2019 13:49	Microsoft-Windows-PrintService	307	Printing a document	"Document 87, Print Document owned by rodonn03 on \\MESOEL06484 was printed on VLS3.60 through port UCP-1.  Size in bytes: 272128. Pages printed: 1. No user action is required."
Information	12/14/2019 13:49	Microsoft-Windows-PrintService	307	Printing a document	"Document 88, Print Document owned by rodonn03 on \\MESOEL06484 was printed on VLS3.60 through port UCP-1.  Size in bytes: 272128. Pages printed: 1. No user action is required."
Information	12/14/2019 13:54	Microsoft-Windows-PrintService	307	Printing a document	"Document 89, Print Document owned by rodonn03 on \\MESOEL06484 was printed on VLS3.60 through port UCP-1.  Size in bytes: 44564. Pages printed: 1. No user action is required."
Information	12/14/2019 13:54	Microsoft-Windows-PrintService	307	Printing a document	"Document 90, Print Document owned by rodonn03 on \\MESOEL06484 was printed on VLS3.60 through port UCP-1.  Size in bytes: 44564. Pages printed: 1. No user action is required."
Information	12/14/2019 13:55	Microsoft-Windows-PrintService	307	Printing a document	"Document 91, Print Document owned by rodonn03 on \\MESOEL06484 was printed on VLS3.60 through port UCP-1.  Size in bytes: 44616. Pages printed: 1. No user action is required."
Information	12/14/2019 13:56	Microsoft-Windows-PrintService	307	Printing a document	"Document 92, Print Document owned by rodonn03 on \\MESOEL06484 was printed on VLS3.60 through port UCP-1.  Size in bytes: 44564. Pages printed: 1. No user action is required."
Information	12/14/2019 14:04	Microsoft-Windows-PrintService	307	Printing a document	"Document 93, Print Document owned by rodonn03 on \\MESOEL06484 was printed on VLS3.60 through port UCP-1.  Size in bytes: 784. Pages printed: 1. No user action is required."
Information	12/14/2019 14:20	Microsoft-Windows-PrintService	307	Printing a document	"Document 94, Print Document owned by rodonn03 on \\MESOEL06484 was printed on VLS3.60 through port UCP-1.  Size in bytes: 132656. Pages printed: 1. No user action is required."
Information	12/14/2019 14:24	Microsoft-Windows-PrintService	307	Printing a document	"Document 95, Print Document owned by rodonn03 on \\MESOEL06484 was printed on VLS3.60 through port UCP-1.  Size in bytes: 132656. Pages printed: 1. No user action is required."
Information	12/14/2019 14:55	Microsoft-Windows-PrintService	307	Printing a document	"Document 96, Print Document owned by rodonn03 on \\MESOEL06484 was printed on VLS3.60 through port UCP-1.  Size in bytes: 13760. Pages printed: 1. No user action is required."
Information	12/14/2019 14:57	Microsoft-Windows-PrintService	307	Printing a document	"Document 97, Print Document owned by rodonn03 on \\MESOEL06484 was printed on VLS3.60 through port UCP-1.  Size in bytes: 13760. Pages printed: 1. No user action is required."
Information	12/14/2019 14:58	Microsoft-Windows-PrintService	307	Printing a document	"Document 98, Print Document owned by rodonn03 on \\MESOEL06484 was printed on VLS3.60 through port UCP-1.  Size in bytes: 13760. Pages printed: 1. No user action is required."
Information	12/14/2019 14:59	Microsoft-Windows-PrintService	307	Printing a document	"Document 99, Print Document owned by rodonn03 on \\MESOEL06484 was printed on VLS3.60 through port UCP-1.  Size in bytes: 13760. Pages printed: 1. No user action is required."
Information	12/14/2019 14:59	Microsoft-Windows-PrintService	307	Printing a document	"Document 100, Print Document owned by rodonn03 on \\MESOEL06484 was printed on VLS3.60 through port UCP-1.  Size in bytes: 13472. Pages printed: 1. No user action is required."
Information	12/14/2019 15:00	Microsoft-Windows-PrintService	307	Printing a document	"Document 101, Print Document owned by rodonn03 on \\MESOEL06484 was printed on VLS3.60 through port UCP-1.  Size in bytes: 10896. Pages printed: 1. No user action is required."
Information	12/14/2019 15:00	Microsoft-Windows-PrintService	307	Printing a document	"Document 102, Print Document owned by rodonn03 on \\MESOEL06484 was printed on VLS3.60 through port UCP-1.  Size in bytes: 13904. Pages printed: 1. No user action is required."
