Information	12/17/2019 11:11	Microsoft-Windows-PrintService	307	Printing a document	"Document 38, Print Document owned by dwasko01 on \\MESOEL06484 was printed on VLS3.60 through port UCP-1.  Size in bytes: 19420. Pages printed: 1. No user action is required."
Information	12/17/2019 11:11	Microsoft-Windows-PrintService	307	Printing a document	"Document 39, Print Document owned by dwasko01 on \\MESOEL06484 was printed on VLS3.60 through port UCP-1.  Size in bytes: 19420. Pages printed: 1. No user action is required."
Information	12/17/2019 11:17	Microsoft-Windows-PrintService	307	Printing a document	"Document 40, Print Document owned by dwasko01 on \\MESOEL06484 was printed on VLS3.60 through port UCP-1.  Size in bytes: 1552. Pages printed: 1. No user action is required."
Information	12/17/2019 12:56	Microsoft-Windows-PrintService	307	Printing a document	"Document 41, Print Document owned by jkang14 on \\MESOEL06484 was printed on VLS3.60 through port UCP-1.  Size in bytes: 1820. Pages printed: 1. No user action is required."
Information	12/17/2019 13:01	Microsoft-Windows-PrintService	307	Printing a document	"Document 42, Print Document owned by jkang14 on \\MESOEL06484 was printed on VLS3.60 through port UCP-1.  Size in bytes: 1820. Pages printed: 1. No user action is required."
Information	12/17/2019 13:13	Microsoft-Windows-PrintService	307	Printing a document	"Document 43, Print Document owned by jkang14 on \\MESOEL06484 was printed on VLS3.60 through port UCP-1.  Size in bytes: 1820. Pages printed: 1. No user action is required."
Information	12/17/2019 13:15	Microsoft-Windows-PrintService	307	Printing a document	"Document 44, Print Document owned by jkang14 on \\MESOEL06484 was printed on VLS3.60 through port UCP-1.  Size in bytes: 2076. Pages printed: 1. No user action is required."
Information	12/17/2019 13:16	Microsoft-Windows-PrintService	307	Printing a document	"Document 45, Print Document owned by jkang14 on \\MESOEL06484 was printed on VLS3.60 through port UCP-1.  Size in bytes: 2328. Pages printed: 1. No user action is required."
Information	12/17/2019 13:16	Microsoft-Windows-PrintService	307	Printing a document	"Document 46, Print Document owned by jkang14 on \\MESOEL06484 was printed on VLS3.60 through port UCP-1.  Size in bytes: 2328. Pages printed: 1. No user action is required."
Information	12/17/2019 13:20	Microsoft-Windows-PrintService	307	Printing a document	"Document 47, Print Document owned by jkang14 on \\MESOEL06484 was printed on VLS3.60 through port UCP-1.  Size in bytes: 2032. Pages printed: 1. No user action is required."
Information	12/17/2019 13:34	Microsoft-Windows-PrintService	307	Printing a document	"Document 48, Print Document owned by fvande01 on \\MESOEL06484 was printed on VLS3.60 through port UCP-1.  Size in bytes: 5376. Pages printed: 1. No user action is required."
Information	12/17/2019 13:39	Microsoft-Windows-PrintService	307	Printing a document	"Document 49, Print Document owned by fvande01 on \\MESOEL06484 was printed on VLS3.60 through port UCP-1.  Size in bytes: 5376. Pages printed: 1. No user action is required."
Information	12/17/2019 13:52	Microsoft-Windows-PrintService	307	Printing a document	"Document 50, Print Document owned by fvande01 on \\MESOEL06484 was printed on VLS3.60 through port UCP-1.  Size in bytes: 3552. Pages printed: 1. No user action is required."
Information	12/17/2019 14:11	Microsoft-Windows-PrintService	307	Printing a document	"Document 51, Print Document owned by fvande01 on \\MESOEL06484 was printed on VLS3.60 through port UCP-1.  Size in bytes: 10856. Pages printed: 1. No user action is required."
Information	12/17/2019 14:16	Microsoft-Windows-PrintService	307	Printing a document	"Document 52, Print Document owned by fvande01 on \\MESOEL06484 was printed on VLS3.60 through port UCP-1.  Size in bytes: 4960. Pages printed: 1. No user action is required."
Information	12/17/2019 14:37	Microsoft-Windows-PrintService	307	Printing a document	"Document 53, Print Document owned by tpatro01 on \\MESOEL06484 was printed on VLS3.60 through port UCP-1.  Size in bytes: 1168. Pages printed: 1. No user action is required."
Information	12/17/2019 15:01	Microsoft-Windows-PrintService	307	Printing a document	"Document 54, Print Document owned by fvande01 on \\MESOEL06484 was printed on VLS3.60 through port UCP-1.  Size in bytes: 14576. Pages printed: 1. No user action is required."
Information	12/17/2019 15:10	Microsoft-Windows-PrintService	307	Printing a document	"Document 55, Print Document owned by rhayes03 on \\MESOEL06484 was printed on VLS3.60 through port UCP-1.  Size in bytes: 25402360. Pages printed: 1. No user action is required."
Information	12/17/2019 15:11	Microsoft-Windows-PrintService	307	Printing a document	"Document 56, Print Document owned by rhayes03 on \\MESOEL06484 was printed on VLS3.60 through port UCP-1.  Size in bytes: 25402360. Pages printed: 1. No user action is required."
Information	12/17/2019 15:13	Microsoft-Windows-PrintService	307	Printing a document	"Document 57, Print Document owned by rhayes03 on \\MESOEL06484 was printed on VLS3.60 through port UCP-1.  Size in bytes: 464576. Pages printed: 1. No user action is required."
Information	12/17/2019 15:14	Microsoft-Windows-PrintService	307	Printing a document	"Document 58, Print Document owned by rhayes03 on \\MESOEL06484 was printed on VLS3.60 through port UCP-1.  Size in bytes: 464576. Pages printed: 1. No user action is required."
Information	12/17/2019 15:15	Microsoft-Windows-PrintService	307	Printing a document	"Document 59, Print Document owned by rhayes03 on \\MESOEL06484 was printed on VLS3.60 through port UCP-1.  Size in bytes: 464632. Pages printed: 1. No user action is required."
Information	12/17/2019 15:16	Microsoft-Windows-PrintService	307	Printing a document	"Document 60, Print Document owned by rhayes03 on \\MESOEL06484 was printed on VLS3.60 through port UCP-1.  Size in bytes: 464632. Pages printed: 1. No user action is required."
Information	12/17/2019 15:18	Microsoft-Windows-PrintService	307	Printing a document	"Document 61, Print Document owned by rhayes03 on \\MESOEL06484 was printed on VLS3.60 through port UCP-1.  Size in bytes: 464632. Pages printed: 1. No user action is required."
Information	12/17/2019 15:20	Microsoft-Windows-PrintService	307	Printing a document	"Document 62, Print Document owned by rhayes03 on \\MESOEL06484 was printed on VLS3.60 through port UCP-1.  Size in bytes: 70272. Pages printed: 1. No user action is required."
Information	12/17/2019 15:21	Microsoft-Windows-PrintService	307	Printing a document	"Document 63, Print Document owned by rhayes03 on \\MESOEL06484 was printed on VLS3.60 through port UCP-1.  Size in bytes: 455164. Pages printed: 1. No user action is required."
Information	12/17/2019 15:34	Microsoft-Windows-PrintService	307	Printing a document	"Document 64, Print Document owned by rhayes03 on \\MESOEL06484 was printed on VLS3.60 through port UCP-1.  Size in bytes: 2032. Pages printed: 1. No user action is required."
Information	12/17/2019 15:43	Microsoft-Windows-PrintService	307	Printing a document	"Document 65, Print Document owned by tholt02 on \\MESOEL06484 was printed on VLS3.60 through port UCP-1.  Size in bytes: 2608. Pages printed: 1. No user action is required."
Information	12/17/2019 15:46	Microsoft-Windows-PrintService	307	Printing a document	"Document 66, Print Document owned by tholt02 on \\MESOEL06484 was printed on VLS3.60 through port UCP-1.  Size in bytes: 2608. Pages printed: 1. No user action is required."
Information	12/17/2019 15:48	Microsoft-Windows-PrintService	307	Printing a document	"Document 67, Print Document owned by tholt02 on \\MESOEL06484 was printed on VLS3.60 through port UCP-1.  Size in bytes: 2608. Pages printed: 1. No user action is required."
Information	12/17/2019 15:50	Microsoft-Windows-PrintService	307	Printing a document	"Document 68, Print Document owned by tholt02 on \\MESOEL06484 was printed on VLS3.60 through port UCP-1.  Size in bytes: 2608. Pages printed: 1. No user action is required."
Information	12/17/2019 16:17	Microsoft-Windows-PrintService	307	Printing a document	"Document 69, Print Document owned by tholt02 on \\MESOEL06484 was printed on VLS3.60 through port UCP-1.  Size in bytes: 29840. Pages printed: 1. No user action is required."
Information	12/17/2019 16:24	Microsoft-Windows-PrintService	307	Printing a document	"Document 70, Print Document owned by tholt02 on \\MESOEL06484 was printed on VLS3.60 through port UCP-1.  Size in bytes: 29840. Pages printed: 1. No user action is required."
Information	12/17/2019 16:40	Microsoft-Windows-PrintService	307	Printing a document	"Document 71, Print Document owned by tholt02 on \\MESOEL06484 was printed on VLS3.60 through port UCP-1.  Size in bytes: 5168. Pages printed: 1. No user action is required."
Information	12/17/2019 16:52	Microsoft-Windows-PrintService	307	Printing a document	"Document 72, Print Document owned by tholt02 on \\MESOEL06484 was printed on VLS3.60 through port UCP-1.  Size in bytes: 2656. Pages printed: 1. No user action is required."
Information	12/17/2019 17:07	Microsoft-Windows-PrintService	307	Printing a document	"Document 73, Print Document owned by fvande01 on \\MESOEL06484 was printed on VLS3.60 through port UCP-1.  Size in bytes: 79792. Pages printed: 1. No user action is required."
Information	12/17/2019 17:12	Microsoft-Windows-PrintService	307	Printing a document	"Document 74, Print Document owned by fvande01 on \\MESOEL06484 was printed on VLS3.60 through port UCP-1.  Size in bytes: 108512. Pages printed: 1. No user action is required."
Information	12/17/2019 17:33	Microsoft-Windows-PrintService	307	Printing a document	"Document 75, Print Document owned by tholt02 on \\MESOEL06484 was printed on VLS3.60 through port UCP-1.  Size in bytes: 4912. Pages printed: 1. No user action is required."
Information	12/17/2019 17:49	Microsoft-Windows-PrintService	307	Printing a document	"Document 76, Print Document owned by tholt02 on \\MESOEL06484 was printed on VLS3.60 through port UCP-1.  Size in bytes: 584. Pages printed: 1. No user action is required."
Information	12/17/2019 17:53	Microsoft-Windows-PrintService	307	Printing a document	"Document 77, Print Document owned by tholt02 on \\MESOEL06484 was printed on VLS3.60 through port UCP-1.  Size in bytes: 7384. Pages printed: 1. No user action is required."
Information	12/17/2019 18:09	Microsoft-Windows-PrintService	307	Printing a document	"Document 78, Print Document owned by tholt02 on \\MESOEL06484 was printed on VLS3.60 through port UCP-1.  Size in bytes: 30328. Pages printed: 1. No user action is required."
Information	12/17/2019 18:09	Microsoft-Windows-PrintService	307	Printing a document	"Document 79, Print Document owned by tholt02 on \\MESOEL06484 was printed on VLS3.60 through port UCP-1.  Size in bytes: 30328. Pages printed: 1. No user action is required."
Information	12/17/2019 18:26	Microsoft-Windows-PrintService	307	Printing a document	"Document 80, Print Document owned by tholt02 on \\MESOEL06484 was printed on VLS3.60 through port UCP-1.  Size in bytes: 1104. Pages printed: 1. No user action is required."
Information	12/17/2019 18:30	Microsoft-Windows-PrintService	307	Printing a document	"Document 81, Print Document owned by tholt02 on \\MESOEL06484 was printed on VLS3.60 through port UCP-1.  Size in bytes: 912. Pages printed: 1. No user action is required."
Information	12/17/2019 19:02	Microsoft-Windows-PrintService	307	Printing a document	"Document 82, Print Document owned by tholt02 on \\MESOEL06484 was printed on VLS3.60 through port UCP-1.  Size in bytes: 6696. Pages printed: 1. No user action is required."
Information	12/17/2019 19:06	Microsoft-Windows-PrintService	307	Printing a document	"Document 83, Print Document owned by tholt02 on \\MESOEL06484 was printed on VLS3.60 through port UCP-1.  Size in bytes: 6696. Pages printed: 1. No user action is required."
Information	12/17/2019 19:25	Microsoft-Windows-PrintService	307	Printing a document	"Document 84, Print Document owned by tholt02 on \\MESOEL06484 was printed on VLS3.60 through port UCP-1.  Size in bytes: 7824. Pages printed: 1. No user action is required."
Information	12/17/2019 19:31	Microsoft-Windows-PrintService	307	Printing a document	"Document 85, Print Document owned by tholt02 on \\MESOEL06484 was printed on VLS3.60 through port UCP-1.  Size in bytes: 6664. Pages printed: 1. No user action is required."
Information	12/17/2019 19:32	Microsoft-Windows-PrintService	307	Printing a document	"Document 86, Print Document owned by tholt02 on \\MESOEL06484 was printed on VLS3.60 through port UCP-1.  Size in bytes: 6688. Pages printed: 1. No user action is required."
Information	12/17/2019 20:23	Microsoft-Windows-PrintService	307	Printing a document	"Document 87, Print Document owned by tsarla01 on \\MESOEL06484 was printed on VLS3.60 through port UCP-1.  Size in bytes: 2416. Pages printed: 1. No user action is required."
Information	12/17/2019 20:29	Microsoft-Windows-PrintService	307	Printing a document	"Document 88, Print Document owned by tsarla01 on \\MESOEL06484 was printed on VLS3.60 through port UCP-1.  Size in bytes: 656. Pages printed: 1. No user action is required."
Information	12/17/2019 20:31	Microsoft-Windows-PrintService	307	Printing a document	"Document 89, Print Document owned by tsarla01 on \\MESOEL06484 was printed on VLS3.60 through port UCP-1.  Size in bytes: 1072. Pages printed: 1. No user action is required."
Information	12/17/2019 21:19	Microsoft-Windows-PrintService	307	Printing a document	"Document 90, Print Document owned by tsarla01 on \\MESOEL06484 was printed on VLS3.60 through port UCP-1.  Size in bytes: 8792. Pages printed: 1. No user action is required."
Information	12/17/2019 21:42	Microsoft-Windows-PrintService	307	Printing a document	"Document 91, Print Document owned by tsarla01 on \\MESOEL06484 was printed on VLS3.60 through port UCP-1.  Size in bytes: 2944. Pages printed: 1. No user action is required."
Information	12/17/2019 21:57	Microsoft-Windows-PrintService	307	Printing a document	"Document 92, Print Document owned by tsarla01 on \\MESOEL06484 was printed on VLS3.60 through port UCP-1.  Size in bytes: 2720. Pages printed: 1. No user action is required."
Information	12/17/2019 22:04	Microsoft-Windows-PrintService	307	Printing a document	"Document 93, Print Document owned by tsarla01 on \\MESOEL06484 was printed on VLS3.60 through port UCP-1.  Size in bytes: 1648. Pages printed: 1. No user action is required."
Information	12/17/2019 22:08	Microsoft-Windows-PrintService	307	Printing a document	"Document 94, Print Document owned by tsarla01 on \\MESOEL06484 was printed on VLS3.60 through port UCP-1.  Size in bytes: 1648. Pages printed: 1. No user action is required."
Information	12/17/2019 22:57	Microsoft-Windows-PrintService	307	Printing a document	"Document 95, Print Document owned by tsarla01 on \\MESOEL06484 was printed on VLS3.60 through port UCP-1.  Size in bytes: 10344. Pages printed: 1. No user action is required."
Information	12/17/2019 23:16	Microsoft-Windows-PrintService	307	Printing a document	"Document 96, Print Document owned by tsarla01 on \\MESOEL06484 was printed on VLS3.60 through port UCP-1.  Size in bytes: 10344. Pages printed: 1. No user action is required."
Information	12/18/2019 2:31	Microsoft-Windows-PrintService	307	Printing a document	"Document 97, Print Document owned by tsarla01 on \\MESOEL06484 was printed on VLS3.60 through port UCP-1.  Size in bytes: 7176. Pages printed: 1. No user action is required."
Information	12/18/2019 4:42	Microsoft-Windows-PrintService	307	Printing a document	"Document 98, Print Document owned by ywu15 on \\MESOEL06484 was printed on VLS3.60 through port UCP-1.  Size in bytes: 12848. Pages printed: 1. No user action is required."
Information	12/18/2019 4:47	Microsoft-Windows-PrintService	307	Printing a document	"Document 99, Print Document owned by ywu15 on \\MESOEL06484 was printed on VLS3.60 through port UCP-1.  Size in bytes: 26908. Pages printed: 1. No user action is required."
Information	12/18/2019 9:38	Microsoft-Windows-PrintService	307	Printing a document	"Document 100, Print Document owned by mrosen19 on \\MESOEL06484 was printed on VLS3.60 through port UCP-1.  Size in bytes: 24512. Pages printed: 1. No user action is required."
Information	12/18/2019 9:38	Microsoft-Windows-PrintService	307	Printing a document	"Document 101, Print Document owned by mrosen19 on \\MESOEL06484 was printed on VLS3.60 through port UCP-1.  Size in bytes: 24512. Pages printed: 1. No user action is required."
Information	12/18/2019 9:47	Microsoft-Windows-PrintService	307	Printing a document	"Document 102, Print Document owned by mrosen19 on \\MESOEL06484 was printed on VLS3.60 through port UCP-1.  Size in bytes: 217408. Pages printed: 1. No user action is required."
Information	12/18/2019 10:10	Microsoft-Windows-PrintService	307	Printing a document	"Document 103, Print Document owned by mrosen19 on \\MESOEL06484 was printed on VLS3.60 through port UCP-1.  Size in bytes: 145072. Pages printed: 1. No user action is required."
Information	12/18/2019 10:11	Microsoft-Windows-PrintService	307	Printing a document	"Document 104, Print Document owned by mrosen19 on \\MESOEL06484 was printed on VLS3.60 through port UCP-1.  Size in bytes: 145072. Pages printed: 1. No user action is required."
Information	12/18/2019 10:28	Microsoft-Windows-PrintService	307	Printing a document	"Document 105, Print Document owned by mrosen19 on \\MESOEL06484 was printed on VLS3.60 through port UCP-1.  Size in bytes: 24512. Pages printed: 1. No user action is required."
Information	12/18/2019 10:35	Microsoft-Windows-PrintService	307	Printing a document	"Document 106, Print Document owned by mrosen19 on \\MESOEL06484 was printed on VLS3.60 through port UCP-1.  Size in bytes: 24512. Pages printed: 1. No user action is required."
Information	12/18/2019 10:40	Microsoft-Windows-PrintService	307	Printing a document	"Document 107, Print Document owned by mrosen19 on \\MESOEL06484 was printed on VLS3.60 through port UCP-1.  Size in bytes: 24512. Pages printed: 1. No user action is required."
Information	12/18/2019 10:45	Microsoft-Windows-PrintService	307	Printing a document	"Document 108, Print Document owned by mrosen19 on \\MESOEL06484 was printed on VLS3.60 through port UCP-1.  Size in bytes: 61696. Pages printed: 1. No user action is required."
Information	12/18/2019 10:58	Microsoft-Windows-PrintService	307	Printing a document	"Document 109, Print Document owned by mrosen19 on \\MESOEL06484 was printed on VLS3.60 through port UCP-1.  Size in bytes: 752. Pages printed: 1. No user action is required."
Information	12/18/2019 11:30	Microsoft-Windows-PrintService	307	Printing a document	"Document 110, Print Document owned by fvande01 on \\MESOEL06484 was printed on VLS3.60 through port UCP-1.  Size in bytes: 15816. Pages printed: 1. No user action is required."
Information	12/18/2019 11:40	Microsoft-Windows-PrintService	307	Printing a document	"Document 111, Print Document owned by fvande01 on \\MESOEL06484 was printed on VLS3.60 through port UCP-1.  Size in bytes: 4376. Pages printed: 1. No user action is required."
Information	12/18/2019 11:40	Microsoft-Windows-PrintService	307	Printing a document	"Document 112, Print Document owned by fvande01 on \\MESOEL06484 was printed on VLS3.60 through port UCP-1.  Size in bytes: 4376. Pages printed: 1. No user action is required."
Information	12/18/2019 12:11	Microsoft-Windows-PrintService	307	Printing a document	"Document 113, Print Document owned by fvande01 on \\MESOEL06484 was printed on VLS3.60 through port UCP-1.  Size in bytes: 65592. Pages printed: 1. No user action is required."
Information	12/18/2019 13:12	Microsoft-Windows-PrintService	307	Printing a document	"Document 114, Print Document owned by anguye22 on \\MESOEL06484 was printed on VLS3.60 through port UCP-1.  Size in bytes: 17244888. Pages printed: 2. No user action is required."
Information	12/18/2019 13:21	Microsoft-Windows-PrintService	307	Printing a document	"Document 115, Print Document owned by anguye22 on \\MESOEL06484 was printed on VLS3.60 through port UCP-1.  Size in bytes: 17258560. Pages printed: 2. No user action is required."
Information	12/18/2019 13:28	Microsoft-Windows-PrintService	307	Printing a document	"Document 116, Print Document owned by anguye22 on \\MESOEL06484 was printed on VLS3.60 through port UCP-1.  Size in bytes: 17289744. Pages printed: 2. No user action is required."
Information	12/18/2019 13:29	Microsoft-Windows-PrintService	307	Printing a document	"Document 117, Print Document owned by anguye22 on \\MESOEL06484 was printed on VLS3.60 through port UCP-1.  Size in bytes: 17378472. Pages printed: 2. No user action is required."
Information	12/18/2019 14:29	Microsoft-Windows-PrintService	307	Printing a document	"Document 118, Print Document owned by anguye22 on \\MESOEL06484 was printed on VLS3.60 through port UCP-1.  Size in bytes: 699148. Pages printed: 2. No user action is required."
Information	12/18/2019 14:30	Microsoft-Windows-PrintService	307	Printing a document	"Document 119, Print Document owned by anguye22 on \\MESOEL06484 was printed on VLS3.60 through port UCP-1.  Size in bytes: 699148. Pages printed: 2. No user action is required."
Information	12/18/2019 14:32	Microsoft-Windows-PrintService	307	Printing a document	"Document 120, Print Document owned by anguye22 on \\MESOEL06484 was printed on VLS3.60 through port UCP-1.  Size in bytes: 699660. Pages printed: 2. No user action is required."
Information	12/18/2019 14:32	Microsoft-Windows-PrintService	307	Printing a document	"Document 121, Print Document owned by anguye22 on \\MESOEL06484 was printed on VLS3.60 through port UCP-1.  Size in bytes: 699660. Pages printed: 2. No user action is required."
Information	12/18/2019 14:32	Microsoft-Windows-PrintService	307	Printing a document	"Document 122, Print Document owned by anguye22 on \\MESOEL06484 was printed on VLS3.60 through port UCP-1.  Size in bytes: 699660. Pages printed: 2. No user action is required."
Information	12/18/2019 14:33	Microsoft-Windows-PrintService	307	Printing a document	"Document 123, Print Document owned by anguye22 on \\MESOEL06484 was printed on VLS3.60 through port UCP-1.  Size in bytes: 699660. Pages printed: 2. No user action is required."
Information	12/18/2019 14:34	Microsoft-Windows-PrintService	307	Printing a document	"Document 124, Print Document owned by anguye22 on \\MESOEL06484 was printed on VLS3.60 through port UCP-1.  Size in bytes: 699660. Pages printed: 2. No user action is required."
Information	12/18/2019 14:37	Microsoft-Windows-PrintService	307	Printing a document	"Document 125, Print Document owned by anguye22 on \\MESOEL06484 was printed on VLS3.60 through port UCP-1.  Size in bytes: 700172. Pages printed: 2. No user action is required."
Information	12/18/2019 14:37	Microsoft-Windows-PrintService	307	Printing a document	"Document 126, Print Document owned by anguye22 on \\MESOEL06484 was printed on VLS3.60 through port UCP-1.  Size in bytes: 700172. Pages printed: 2. No user action is required."
Information	12/18/2019 14:38	Microsoft-Windows-PrintService	307	Printing a document	"Document 127, Print Document owned by anguye22 on \\MESOEL06484 was printed on VLS3.60 through port UCP-1.  Size in bytes: 699740. Pages printed: 2. No user action is required."
Information	12/18/2019 15:12	Microsoft-Windows-PrintService	307	Printing a document	"Document 128, Print Document owned by anguye22 on \\MESOEL06484 was printed on VLS3.60 through port UCP-1.  Size in bytes: 7488. Pages printed: 1. No user action is required."
Information	12/18/2019 15:13	Microsoft-Windows-PrintService	307	Printing a document	"Document 129, Print Document owned by anguye22 on \\MESOEL06484 was printed on VLS3.60 through port UCP-1.  Size in bytes: 13840. Pages printed: 1. No user action is required."
Information	12/18/2019 15:13	Microsoft-Windows-PrintService	307	Printing a document	"Document 130, Print Document owned by anguye22 on \\MESOEL06484 was printed on VLS3.60 through port UCP-1.  Size in bytes: 13840. Pages printed: 1. No user action is required."
Information	12/18/2019 15:14	Microsoft-Windows-PrintService	307	Printing a document	"Document 131, Print Document owned by anguye22 on \\MESOEL06484 was printed on VLS3.60 through port UCP-1.  Size in bytes: 13840. Pages printed: 1. No user action is required."
Information	12/18/2019 15:16	Microsoft-Windows-PrintService	307	Printing a document	"Document 132, Print Document owned by anguye22 on \\MESOEL06484 was printed on VLS3.60 through port UCP-1.  Size in bytes: 13840. Pages printed: 1. No user action is required."
Information	12/18/2019 15:35	Microsoft-Windows-PrintService	307	Printing a document	"Document 133, Print Document owned by anguye22 on \\MESOEL06484 was printed on VLS3.60 through port UCP-1.  Size in bytes: 8496. Pages printed: 1. No user action is required."
Information	12/18/2019 15:38	Microsoft-Windows-PrintService	307	Printing a document	"Document 134, Print Document owned by anguye22 on \\MESOEL06484 was printed on VLS3.60 through port UCP-1.  Size in bytes: 11072. Pages printed: 1. No user action is required."
Information	12/18/2019 15:56	Microsoft-Windows-PrintService	307	Printing a document	"Document 135, Print Document owned by anguye22 on \\MESOEL06484 was printed on VLS3.60 through port UCP-1.  Size in bytes: 8688. Pages printed: 1. No user action is required."
Information	12/18/2019 15:56	Microsoft-Windows-PrintService	307	Printing a document	"Document 136, Print Document owned by anguye22 on \\MESOEL06484 was printed on VLS3.60 through port UCP-1.  Size in bytes: 8688. Pages printed: 1. No user action is required."
Information	12/18/2019 16:08	Microsoft-Windows-PrintService	307	Printing a document	"Document 137, Print Document owned by anguye22 on \\MESOEL06484 was printed on VLS3.60 through port UCP-1.  Size in bytes: 18872. Pages printed: 1. No user action is required."
Information	12/18/2019 16:19	Microsoft-Windows-PrintService	307	Printing a document	"Document 138, Print Document owned by anguye22 on \\MESOEL06484 was printed on VLS3.60 through port UCP-1.  Size in bytes: 26480. Pages printed: 1. No user action is required."
Information	12/18/2019 16:24	Microsoft-Windows-PrintService	307	Printing a document	"Document 139, Print Document owned by anguye22 on \\MESOEL06484 was printed on VLS3.60 through port UCP-1.  Size in bytes: 26480. Pages printed: 1. No user action is required."
Information	12/18/2019 17:00	Microsoft-Windows-PrintService	307	Printing a document	"Document 140, Print Document owned by anguye22 on \\MESOEL06484 was printed on VLS3.60 through port UCP-1.  Size in bytes: 26836. Pages printed: 1. No user action is required."
Information	12/18/2019 17:29	Microsoft-Windows-PrintService	307	Printing a document	"Document 141, Print Document owned by anguye22 on \\MESOEL06484 was printed on VLS3.60 through port UCP-1.  Size in bytes: 4576. Pages printed: 1. No user action is required."
Information	12/18/2019 17:47	Microsoft-Windows-PrintService	307	Printing a document	"Document 142, Print Document owned by anguye22 on \\MESOEL06484 was printed on VLS3.60 through port UCP-1.  Size in bytes: 4576. Pages printed: 1. No user action is required."
Information	12/18/2019 17:54	Microsoft-Windows-PrintService	307	Printing a document	"Document 143, Print Document owned by anguye22 on \\MESOEL06484 was printed on VLS3.60 through port UCP-1.  Size in bytes: 3912. Pages printed: 1. No user action is required."
Information	12/18/2019 17:56	Microsoft-Windows-PrintService	307	Printing a document	"Document 144, Print Document owned by anguye22 on \\MESOEL06484 was printed on VLS3.60 through port UCP-1.  Size in bytes: 4576. Pages printed: 1. No user action is required."
Information	12/18/2019 18:06	Microsoft-Windows-PrintService	307	Printing a document	"Document 145, Print Document owned by anguye22 on \\MESOEL06484 was printed on VLS3.60 through port UCP-1.  Size in bytes: 8752. Pages printed: 1. No user action is required."
Information	12/18/2019 18:07	Microsoft-Windows-PrintService	307	Printing a document	"Document 146, Print Document owned by anguye22 on \\MESOEL06484 was printed on VLS3.60 through port UCP-1.  Size in bytes: 8752. Pages printed: 1. No user action is required."
Information	12/18/2019 18:15	Microsoft-Windows-PrintService	307	Printing a document	"Document 147, Print Document owned by anguye22 on \\MESOEL06484 was printed on VLS3.60 through port UCP-1.  Size in bytes: 3920. Pages printed: 1. No user action is required."
Information	12/18/2019 18:22	Microsoft-Windows-PrintService	307	Printing a document	"Document 148, Print Document owned by anguye22 on \\MESOEL06484 was printed on VLS3.60 through port UCP-1.  Size in bytes: 52140. Pages printed: 2. No user action is required."
Information	12/18/2019 18:27	Microsoft-Windows-PrintService	307	Printing a document	"Document 149, Print Document owned by anguye22 on \\MESOEL06484 was printed on VLS3.60 through port UCP-1.  Size in bytes: 227660. Pages printed: 2. No user action is required."
Information	12/18/2019 18:32	Microsoft-Windows-PrintService	307	Printing a document	"Document 150, Print Document owned by anguye22 on \\MESOEL06484 was printed on VLS3.60 through port UCP-1.  Size in bytes: 181836. Pages printed: 2. No user action is required."
Information	12/18/2019 18:44	Microsoft-Windows-PrintService	307	Printing a document	"Document 151, Print Document owned by anguye22 on \\MESOEL06484 was printed on VLS3.60 through port UCP-1.  Size in bytes: 2527600. Pages printed: 1. No user action is required."
Information	12/18/2019 19:00	Microsoft-Windows-PrintService	307	Printing a document	"Document 152, Print Document owned by anguye22 on \\MESOEL06484 was printed on VLS3.60 through port UCP-1.  Size in bytes: 7904. Pages printed: 1. No user action is required."
Information	12/18/2019 19:06	Microsoft-Windows-PrintService	307	Printing a document	"Document 153, Print Document owned by anguye22 on \\MESOEL06484 was printed on VLS3.60 through port UCP-1.  Size in bytes: 7904. Pages printed: 1. No user action is required."
Information	12/18/2019 19:10	Microsoft-Windows-PrintService	307	Printing a document	"Document 154, Print Document owned by anguye22 on \\MESOEL06484 was printed on VLS3.60 through port UCP-1.  Size in bytes: 7904. Pages printed: 1. No user action is required."
Information	12/18/2019 19:45	Microsoft-Windows-PrintService	307	Printing a document	"Document 155, Print Document owned by anguye22 on \\MESOEL06484 was printed on VLS3.60 through port UCP-1.  Size in bytes: 465712. Pages printed: 1. No user action is required."
Information	12/18/2019 20:10	Microsoft-Windows-PrintService	307	Printing a document	"Document 156, Print Document owned by anguye22 on \\MESOEL06484 was printed on VLS3.60 through port UCP-1.  Size in bytes: 24899848. Pages printed: 1. No user action is required."
Information	12/18/2019 20:17	Microsoft-Windows-PrintService	307	Printing a document	"Document 157, Print Document owned by anguye22 on \\MESOEL06484 was printed on VLS3.60 through port UCP-1.  Size in bytes: 9469500. Pages printed: 1. No user action is required."
Information	12/18/2019 20:19	Microsoft-Windows-PrintService	307	Printing a document	"Document 158, Print Document owned by anguye22 on \\MESOEL06484 was printed on VLS3.60 through port UCP-1.  Size in bytes: 9469500. Pages printed: 1. No user action is required."
Information	12/18/2019 20:21	Microsoft-Windows-PrintService	307	Printing a document	"Document 159, Print Document owned by anguye22 on \\MESOEL06484 was printed on VLS3.60 through port UCP-1.  Size in bytes: 840. Pages printed: 1. No user action is required."
Information	12/18/2019 20:22	Microsoft-Windows-PrintService	307	Printing a document	"Document 160, Print Document owned by anguye22 on \\MESOEL06484 was printed on VLS3.60 through port UCP-1.  Size in bytes: 9469500. Pages printed: 1. No user action is required."
Information	12/18/2019 20:54	Microsoft-Windows-PrintService	307	Printing a document	"Document 161, Print Document owned by anguye22 on \\MESOEL06484 was printed on VLS3.60 through port UCP-1.  Size in bytes: 49981740. Pages printed: 1. No user action is required."
Information	12/18/2019 20:55	Microsoft-Windows-PrintService	307	Printing a document	"Document 162, Print Document owned by anguye22 on \\MESOEL06484 was printed on VLS3.60 through port UCP-1.  Size in bytes: 49981740. Pages printed: 1. No user action is required."
Information	12/18/2019 21:25	Microsoft-Windows-PrintService	307	Printing a document	"Document 163, Print Document owned by anguye22 on \\MESOEL06484 was printed on VLS3.60 through port UCP-1.  Size in bytes: 5122584. Pages printed: 1. No user action is required."
Information	12/18/2019 21:39	Microsoft-Windows-PrintService	307	Printing a document	"Document 164, Print Document owned by anguye22 on \\MESOEL06484 was printed on VLS3.60 through port UCP-1.  Size in bytes: 7904. Pages printed: 1. No user action is required."
Information	12/18/2019 21:43	Microsoft-Windows-PrintService	307	Printing a document	"Document 165, Print Document owned by anguye22 on \\MESOEL06484 was printed on VLS3.60 through port UCP-1.  Size in bytes: 7904. Pages printed: 1. No user action is required."
Information	12/18/2019 21:49	Microsoft-Windows-PrintService	307	Printing a document	"Document 166, Print Document owned by anguye22 on \\MESOEL06484 was printed on VLS3.60 through port UCP-1.  Size in bytes: 7904. Pages printed: 1. No user action is required."
Information	12/18/2019 21:59	Microsoft-Windows-PrintService	307	Printing a document	"Document 167, Print Document owned by anguye22 on \\MESOEL06484 was printed on VLS3.60 through port UCP-1.  Size in bytes: 7904. Pages printed: 1. No user action is required."
Information	12/18/2019 22:05	Microsoft-Windows-PrintService	307	Printing a document	"Document 168, Print Document owned by anguye22 on \\MESOEL06484 was printed on VLS3.60 through port UCP-1.  Size in bytes: 7904. Pages printed: 1. No user action is required."
Information	12/18/2019 22:05	Microsoft-Windows-PrintService	307	Printing a document	"Document 169, Print Document owned by anguye22 on \\MESOEL06484 was printed on VLS3.60 through port UCP-1.  Size in bytes: 7904. Pages printed: 1. No user action is required."
Information	12/18/2019 23:04	Microsoft-Windows-PrintService	307	Printing a document	"Document 170, Print Document owned by anguye22 on \\MESOEL06484 was printed on VLS3.60 through port UCP-1.  Size in bytes: 109712. Pages printed: 1. No user action is required."
Information	12/18/2019 23:08	Microsoft-Windows-PrintService	307	Printing a document	"Document 171, Print Document owned by anguye22 on \\MESOEL06484 was printed on VLS3.60 through port UCP-1.  Size in bytes: 109712. Pages printed: 1. No user action is required."
Information	12/19/2019 10:34	Microsoft-Windows-PrintService	307	Printing a document	"Document 172, Print Document owned by anguye22 on \\MESOEL06484 was printed on VLS3.60 through port UCP-1.  Size in bytes: 25402360. Pages printed: 1. No user action is required."
Information	12/19/2019 11:06	Microsoft-Windows-PrintService	307	Printing a document	"Document 173, Print Document owned by anguye22 on \\MESOEL06484 was printed on VLS3.60 through port UCP-1.  Size in bytes: 5797872. Pages printed: 1. No user action is required."
Information	12/19/2019 15:09	Microsoft-Windows-PrintService	307	Printing a document	"Document 174, Print Document owned by anguye22 on \\MESOEL06484 was printed on VLS3.60 through port UCP-1.  Size in bytes: 29980. Pages printed: 1. No user action is required."
Information	12/19/2019 16:00	Microsoft-Windows-PrintService	307	Printing a document	"Document 175, Print Document owned by anguye22 on \\MESOEL06484 was printed on VLS3.60 through port UCP-1.  Size in bytes: 450624. Pages printed: 1. No user action is required."
Information	12/19/2019 16:05	Microsoft-Windows-PrintService	307	Printing a document	"Document 176, Print Document owned by anguye22 on \\MESOEL06484 was printed on VLS3.60 through port UCP-1.  Size in bytes: 449668. Pages printed: 1. No user action is required."
Information	12/19/2019 16:20	Microsoft-Windows-PrintService	307	Printing a document	"Document 177, Print Document owned by anguye22 on \\MESOEL06484 was printed on VLS3.60 through port UCP-1.  Size in bytes: 30048. Pages printed: 1. No user action is required."
Information	12/19/2019 16:43	Microsoft-Windows-PrintService	307	Printing a document	"Document 178, Print Document owned by anguye22 on \\MESOEL06484 was printed on VLS3.60 through port UCP-1.  Size in bytes: 1292. Pages printed: 1. No user action is required."
Information	12/19/2019 16:49	Microsoft-Windows-PrintService	307	Printing a document	"Document 179, Print Document owned by anguye22 on \\MESOEL06484 was printed on VLS3.60 through port UCP-1.  Size in bytes: 1968. Pages printed: 1. No user action is required."
Information	12/19/2019 16:50	Microsoft-Windows-PrintService	307	Printing a document	"Document 180, Print Document owned by anguye22 on \\MESOEL06484 was printed on VLS3.60 through port UCP-1.  Size in bytes: 1968. Pages printed: 1. No user action is required."
Information	12/19/2019 17:03	Microsoft-Windows-PrintService	307	Printing a document	"Document 181, Print Document owned by anguye22 on \\MESOEL06484 was printed on VLS3.60 through port UCP-1.  Size in bytes: 980. Pages printed: 1. No user action is required."
Information	12/19/2019 17:12	Microsoft-Windows-PrintService	307	Printing a document	"Document 182, Print Document owned by anguye22 on \\MESOEL06484 was printed on VLS3.60 through port UCP-1.  Size in bytes: 1024. Pages printed: 1. No user action is required."
Information	12/19/2019 17:22	Microsoft-Windows-PrintService	307	Printing a document	"Document 183, Print Document owned by anguye22 on \\MESOEL06484 was printed on VLS3.60 through port UCP-1.  Size in bytes: 2368. Pages printed: 1. No user action is required."
Information	12/19/2019 17:33	Microsoft-Windows-PrintService	307	Printing a document	"Document 184, Print Document owned by anguye22 on \\MESOEL06484 was printed on VLS3.60 through port UCP-1.  Size in bytes: 2840. Pages printed: 1. No user action is required."
Information	12/19/2019 17:42	Microsoft-Windows-PrintService	307	Printing a document	"Document 185, Print Document owned by anguye22 on \\MESOEL06484 was printed on VLS3.60 through port UCP-1.  Size in bytes: 1400928. Pages printed: 1. No user action is required."
Information	12/19/2019 18:02	Microsoft-Windows-PrintService	307	Printing a document	"Document 186, Print Document owned by anguye22 on \\MESOEL06484 was printed on VLS3.60 through port UCP-1.  Size in bytes: 23596. Pages printed: 1. No user action is required."
Information	12/19/2019 18:05	Microsoft-Windows-PrintService	307	Printing a document	"Document 187, Print Document owned by anguye22 on \\MESOEL06484 was printed on VLS3.60 through port UCP-1.  Size in bytes: 23596. Pages printed: 1. No user action is required."
Information	12/19/2019 18:14	Microsoft-Windows-PrintService	307	Printing a document	"Document 188, Print Document owned by anguye22 on \\MESOEL06484 was printed on VLS3.60 through port UCP-1.  Size in bytes: 144820. Pages printed: 1. No user action is required."
Information	12/19/2019 18:15	Microsoft-Windows-PrintService	307	Printing a document	"Document 189, Print Document owned by anguye22 on \\MESOEL06484 was printed on VLS3.60 through port UCP-1.  Size in bytes: 144820. Pages printed: 1. No user action is required."
Information	12/19/2019 18:16	Microsoft-Windows-PrintService	307	Printing a document	"Document 190, Print Document owned by anguye22 on \\MESOEL06484 was printed on VLS3.60 through port UCP-1.  Size in bytes: 144820. Pages printed: 1. No user action is required."
Information	12/19/2019 18:17	Microsoft-Windows-PrintService	307	Printing a document	"Document 191, Print Document owned by anguye22 on \\MESOEL06484 was printed on VLS3.60 through port UCP-1.  Size in bytes: 912. Pages printed: 1. No user action is required."
Information	12/20/2019 11:58	Microsoft-Windows-PrintService	307	Printing a document	"Document 192, Print Document owned by anguye22 on \\MESOEL06484 was printed on VLS3.60 through port UCP-1.  Size in bytes: 71856. Pages printed: 1. No user action is required."
Information	12/20/2019 13:11	Microsoft-Windows-PrintService	307	Printing a document	"Document 193, Print Document owned by anguye22 on \\MESOEL06484 was printed on VLS3.60 through port UCP-1.  Size in bytes: 5072. Pages printed: 1. No user action is required."
Information	12/20/2019 13:13	Microsoft-Windows-PrintService	307	Printing a document	"Document 194, Print Document owned by anguye22 on \\MESOEL06484 was printed on VLS3.60 through port UCP-1.  Size in bytes: 5072. Pages printed: 1. No user action is required."
Information	12/20/2019 13:14	Microsoft-Windows-PrintService	307	Printing a document	"Document 195, Print Document owned by anguye22 on \\MESOEL06484 was printed on VLS3.60 through port UCP-1.  Size in bytes: 3728. Pages printed: 1. No user action is required."
Information	12/20/2019 13:16	Microsoft-Windows-PrintService	307	Printing a document	"Document 196, Print Document owned by anguye22 on \\MESOEL06484 was printed on VLS3.60 through port UCP-1.  Size in bytes: 3728. Pages printed: 1. No user action is required."
Information	12/20/2019 13:35	Microsoft-Windows-PrintService	307	Printing a document	"Document 197, Print Document owned by anguye22 on \\MESOEL06484 was printed on VLS3.60 through port UCP-1.  Size in bytes: 7440. Pages printed: 1. No user action is required."
Information	12/20/2019 13:47	Microsoft-Windows-PrintService	307	Printing a document	"Document 198, Print Document owned by anguye22 on \\MESOEL06484 was printed on VLS3.60 through port UCP-1.  Size in bytes: 6032. Pages printed: 1. No user action is required."
Information	12/20/2019 13:48	Microsoft-Windows-PrintService	307	Printing a document	"Document 199, Print Document owned by anguye22 on \\MESOEL06484 was printed on VLS3.60 through port UCP-1.  Size in bytes: 6032. Pages printed: 1. No user action is required."
Information	12/20/2019 13:53	Microsoft-Windows-PrintService	307	Printing a document	"Document 200, Print Document owned by anguye22 on \\MESOEL06484 was printed on VLS3.60 through port UCP-1.  Size in bytes: 1104. Pages printed: 1. No user action is required."
Information	12/20/2019 13:58	Microsoft-Windows-PrintService	307	Printing a document	"Document 201, Print Document owned by anguye22 on \\MESOEL06484 was printed on VLS3.60 through port UCP-1.  Size in bytes: 1744. Pages printed: 1. No user action is required."
Information	12/20/2019 14:03	Microsoft-Windows-PrintService	307	Printing a document	"Document 202, Print Document owned by anguye22 on \\MESOEL06484 was printed on VLS3.60 through port UCP-1.  Size in bytes: 49760. Pages printed: 1. No user action is required."
Information	12/20/2019 14:33	Microsoft-Windows-PrintService	307	Printing a document	"Document 203, Print Document owned by fvande01 on \\MESOEL06484 was printed on VLS3.60 through port UCP-1.  Size in bytes: 64168. Pages printed: 1. No user action is required."
Information	12/20/2019 14:55	Microsoft-Windows-PrintService	307	Printing a document	"Document 204, Print Document owned by fvande01 on \\MESOEL06484 was printed on VLS3.60 through port UCP-1.  Size in bytes: 4520. Pages printed: 1. No user action is required."
Information	12/20/2019 15:05	Microsoft-Windows-PrintService	307	Printing a document	"Document 205, Print Document owned by fvande01 on \\MESOEL06484 was printed on VLS3.60 through port UCP-1.  Size in bytes: 44608. Pages printed: 1. No user action is required."
Information	12/20/2019 15:50	Microsoft-Windows-PrintService	307	Printing a document	"Document 206, Print Document owned by gpacel01 on \\MESOEL06484 was printed on VLS3.60 through port UCP-1.  Size in bytes: 3968. Pages printed: 1. No user action is required."
Information	12/20/2019 17:34	Microsoft-Windows-PrintService	307	Printing a document	"Document 207, Print Document owned by jblitt01 on \\MESOEL06484 was printed on VLS3.60 through port UCP-1.  Size in bytes: 51976. Pages printed: 1. No user action is required."
Information	12/20/2019 18:28	Microsoft-Windows-PrintService	307	Printing a document	"Document 208, Print Document owned by jblitt01 on \\MESOEL06484 was printed on VLS3.60 through port UCP-1.  Size in bytes: 754884. Pages printed: 1. No user action is required."
Information	12/20/2019 18:37	Microsoft-Windows-PrintService	307	Printing a document	"Document 209, Print Document owned by jblitt01 on \\MESOEL06484 was printed on VLS3.60 through port UCP-1.  Size in bytes: 754244. Pages printed: 1. No user action is required."
Information	12/20/2019 18:51	Microsoft-Windows-PrintService	307	Printing a document	"Document 210, Print Document owned by jblitt01 on \\MESOEL06484 was printed on VLS3.60 through port UCP-1.  Size in bytes: 49036. Pages printed: 1. No user action is required."
Information	12/20/2019 20:36	Microsoft-Windows-PrintService	307	Printing a document	"Document 211, Print Document owned by jblitt01 on \\MESOEL06484 was printed on VLS3.60 through port UCP-1.  Size in bytes: 2912. Pages printed: 1. No user action is required."
Information	12/20/2019 21:30	Microsoft-Windows-PrintService	307	Printing a document	"Document 212, Print Document owned by jblitt01 on \\MESOEL06484 was printed on VLS3.60 through port UCP-1.  Size in bytes: 6968. Pages printed: 1. No user action is required."
Information	12/20/2019 21:51	Microsoft-Windows-PrintService	307	Printing a document	"Document 213, Print Document owned by jblitt01 on \\MESOEL06484 was printed on VLS3.60 through port UCP-1.  Size in bytes: 5600. Pages printed: 1. No user action is required."
Information	12/20/2019 22:25	Microsoft-Windows-PrintService	307	Printing a document	"Document 214, Print Document owned by jblitt01 on \\MESOEL06484 was printed on VLS3.60 through port UCP-1.  Size in bytes: 2896. Pages printed: 1. No user action is required."
Information	12/21/2019 0:18	Microsoft-Windows-PrintService	307	Printing a document	"Document 215, Print Document owned by jblitt01 on \\MESOEL06484 was printed on VLS3.60 through port UCP-1.  Size in bytes: 738188. Pages printed: 1. No user action is required."
Information	12/21/2019 0:25	Microsoft-Windows-PrintService	307	Printing a document	"Document 216, Print Document owned by jblitt01 on \\MESOEL06484 was printed on VLS3.60 through port UCP-1.  Size in bytes: 122252. Pages printed: 1. No user action is required."
Information	12/21/2019 0:28	Microsoft-Windows-PrintService	307	Printing a document	"Document 217, Print Document owned by jblitt01 on \\MESOEL06484 was printed on VLS3.60 through port UCP-1.  Size in bytes: 111412. Pages printed: 1. No user action is required."
Information	12/21/2019 1:03	Microsoft-Windows-PrintService	307	Printing a document	"Document 218, Print Document owned by jblitt01 on \\MESOEL06484 was printed on VLS3.60 through port UCP-1.  Size in bytes: 6128. Pages printed: 1. No user action is required."
Information	12/21/2019 1:14	Microsoft-Windows-PrintService	307	Printing a document	"Document 219, Print Document owned by jblitt01 on \\MESOEL06484 was printed on VLS3.60 through port UCP-1.  Size in bytes: 5744. Pages printed: 1. No user action is required."
Information	12/21/2019 1:16	Microsoft-Windows-PrintService	307	Printing a document	"Document 220, Print Document owned by jblitt01 on \\MESOEL06484 was printed on VLS3.60 through port UCP-1.  Size in bytes: 5744. Pages printed: 1. No user action is required."
Information	12/21/2019 2:27	Microsoft-Windows-PrintService	307	Printing a document	"Document 221, Print Document owned by jblitt01 on \\MESOEL06484 was printed on VLS3.60 through port UCP-1.  Size in bytes: 784. Pages printed: 1. No user action is required."
Information	12/21/2019 2:33	Microsoft-Windows-PrintService	307	Printing a document	"Document 222, Print Document owned by jblitt01 on \\MESOEL06484 was printed on VLS3.60 through port UCP-1.  Size in bytes: 784. Pages printed: 1. No user action is required."
Information	12/21/2019 23:18	Microsoft-Windows-PrintService	307	Printing a document	"Document 223, Print Document owned by jblitt01 on \\MESOEL06484 was printed on VLS3.60 through port UCP-1.  Size in bytes: 11749572. Pages printed: 1. No user action is required."
Information	12/21/2019 23:18	Microsoft-Windows-PrintService	307	Printing a document	"Document 224, Print Document owned by jblitt01 on \\MESOEL06484 was printed on VLS3.60 through port UCP-1.  Size in bytes: 11749572. Pages printed: 1. No user action is required."
Information	12/22/2019 0:25	Microsoft-Windows-PrintService	307	Printing a document	"Document 225, Print Document owned by jblitt01 on \\MESOEL06484 was printed on VLS3.60 through port UCP-1.  Size in bytes: 784. Pages printed: 1. No user action is required."
Information	12/22/2019 0:36	Microsoft-Windows-PrintService	307	Printing a document	"Document 226, Print Document owned by jblitt01 on \\MESOEL06484 was printed on VLS3.60 through port UCP-1.  Size in bytes: 1072. Pages printed: 1. No user action is required."
Information	12/22/2019 0:40	Microsoft-Windows-PrintService	307	Printing a document	"Document 227, Print Document owned by jblitt01 on \\MESOEL06484 was printed on VLS3.60 through port UCP-1.  Size in bytes: 816. Pages printed: 1. No user action is required."
