Information	12/3/2019 19:43	Microsoft-Windows-PrintService	307	Printing a document	"Document 193, Print Document owned by EDowne01 on \\MESOEL06484 was printed on VLS3.60 through port UCP-1.  Size in bytes: 1164. Pages printed: 1. No user action is required."
Information	12/3/2019 19:52	Microsoft-Windows-PrintService	307	Printing a document	"Document 194, Print Document owned by EDowne01 on \\MESOEL06484 was printed on VLS3.60 through port UCP-1.  Size in bytes: 19952. Pages printed: 1. No user action is required."
Information	12/3/2019 20:04	Microsoft-Windows-PrintService	307	Printing a document	"Document 195, Print Document owned by EDowne01 on \\MESOEL06484 was printed on VLS3.60 through port UCP-1.  Size in bytes: 33952. Pages printed: 1. No user action is required."
Information	12/3/2019 20:10	Microsoft-Windows-PrintService	307	Printing a document	"Document 196, Print Document owned by EDowne01 on \\MESOEL06484 was printed on VLS3.60 through port UCP-1.  Size in bytes: 29512. Pages printed: 1. No user action is required."
Information	12/3/2019 20:18	Microsoft-Windows-PrintService	307	Printing a document	"Document 197, Print Document owned by EDowne01 on \\MESOEL06484 was printed on VLS3.60 through port UCP-1.  Size in bytes: 13736. Pages printed: 1. No user action is required."
Information	12/3/2019 20:22	Microsoft-Windows-PrintService	307	Printing a document	"Document 198, Print Document owned by EDowne01 on \\MESOEL06484 was printed on VLS3.60 through port UCP-1.  Size in bytes: 12520. Pages printed: 1. No user action is required."
Information	12/3/2019 20:22	Microsoft-Windows-PrintService	307	Printing a document	"Document 199, Print Document owned by EDowne01 on \\MESOEL06484 was printed on VLS3.60 through port UCP-1.  Size in bytes: 12520. Pages printed: 1. No user action is required."
Information	12/3/2019 20:31	Microsoft-Windows-PrintService	307	Printing a document	"Document 200, Print Document owned by EDowne01 on \\MESOEL06484 was printed on VLS3.60 through port UCP-1.  Size in bytes: 142592. Pages printed: 1. No user action is required."
Information	12/3/2019 20:56	Microsoft-Windows-PrintService	307	Printing a document	"Document 201, Print Document owned by EDowne01 on \\MESOEL06484 was printed on VLS3.60 through port UCP-1.  Size in bytes: 21584. Pages printed: 1. No user action is required."
Information	12/3/2019 20:57	Microsoft-Windows-PrintService	307	Printing a document	"Document 202, Print Document owned by EDowne01 on \\MESOEL06484 was printed on VLS3.60 through port UCP-1.  Size in bytes: 21584. Pages printed: 1. No user action is required."
Information	12/3/2019 21:01	Microsoft-Windows-PrintService	307	Printing a document	"Document 203, Print Document owned by EDowne01 on \\MESOEL06484 was printed on VLS3.60 through port UCP-1.  Size in bytes: 20264. Pages printed: 1. No user action is required."
Information	12/3/2019 21:12	Microsoft-Windows-PrintService	307	Printing a document	"Document 204, Print Document owned by EDowne01 on \\MESOEL06484 was printed on VLS3.60 through port UCP-1.  Size in bytes: 30896. Pages printed: 1. No user action is required."
Information	12/3/2019 21:22	Microsoft-Windows-PrintService	307	Printing a document	"Document 205, Print Document owned by EDowne01 on \\MESOEL06484 was printed on VLS3.60 through port UCP-1.  Size in bytes: 26792. Pages printed: 1. No user action is required."
Information	12/3/2019 21:31	Microsoft-Windows-PrintService	307	Printing a document	"Document 206, Print Document owned by EDowne01 on \\MESOEL06484 was printed on VLS3.60 through port UCP-1.  Size in bytes: 34448. Pages printed: 1. No user action is required."
Information	12/3/2019 21:54	Microsoft-Windows-PrintService	307	Printing a document	"Document 207, Print Document owned by EDowne01 on \\MESOEL06484 was printed on VLS3.60 through port UCP-1.  Size in bytes: 34144. Pages printed: 1. No user action is required."
Information	12/3/2019 22:15	Microsoft-Windows-PrintService	307	Printing a document	"Document 208, Print Document owned by EDowne01 on \\MESOEL06484 was printed on VLS3.60 through port UCP-1.  Size in bytes: 32776. Pages printed: 1. No user action is required."
Information	12/3/2019 22:28	Microsoft-Windows-PrintService	307	Printing a document	"Document 209, Print Document owned by EDowne01 on \\MESOEL06484 was printed on VLS3.60 through port UCP-1.  Size in bytes: 26832. Pages printed: 1. No user action is required."
Information	12/3/2019 22:36	Microsoft-Windows-PrintService	307	Printing a document	"Document 210, Print Document owned by EDowne01 on \\MESOEL06484 was printed on VLS3.60 through port UCP-1.  Size in bytes: 32776. Pages printed: 1. No user action is required."
Information	12/3/2019 22:46	Microsoft-Windows-PrintService	307	Printing a document	"Document 211, Print Document owned by EDowne01 on \\MESOEL06484 was printed on VLS3.60 through port UCP-1.  Size in bytes: 18512. Pages printed: 1. No user action is required."
Information	12/3/2019 22:59	Microsoft-Windows-PrintService	307	Printing a document	"Document 212, Print Document owned by EDowne01 on \\MESOEL06484 was printed on VLS3.60 through port UCP-1.  Size in bytes: 6656. Pages printed: 1. No user action is required."
Information	12/3/2019 23:03	Microsoft-Windows-PrintService	307	Printing a document	"Document 213, Print Document owned by EDowne01 on \\MESOEL06484 was printed on VLS3.60 through port UCP-1.  Size in bytes: 32776. Pages printed: 1. No user action is required."
Information	12/3/2019 23:11	Microsoft-Windows-PrintService	307	Printing a document	"Document 214, Print Document owned by EDowne01 on \\MESOEL06484 was printed on VLS3.60 through port UCP-1.  Size in bytes: 22864. Pages printed: 1. No user action is required."
Information	12/3/2019 23:15	Microsoft-Windows-PrintService	307	Printing a document	"Document 215, Print Document owned by EDowne01 on \\MESOEL06484 was printed on VLS3.60 through port UCP-1.  Size in bytes: 2096. Pages printed: 1. No user action is required."
Information	12/3/2019 23:34	Microsoft-Windows-PrintService	307	Printing a document	"Document 216, Print Document owned by EDowne01 on \\MESOEL06484 was printed on VLS3.60 through port UCP-1.  Size in bytes: 1168. Pages printed: 1. No user action is required."
Information	12/3/2019 23:52	Microsoft-Windows-PrintService	307	Printing a document	"Document 217, Print Document owned by EDowne01 on \\MESOEL06484 was printed on VLS3.60 through port UCP-1.  Size in bytes: 9104. Pages printed: 1. No user action is required."
Information	12/4/2019 0:05	Microsoft-Windows-PrintService	307	Printing a document	"Document 218, Print Document owned by EDowne01 on \\MESOEL06484 was printed on VLS3.60 through port UCP-1.  Size in bytes: 4752. Pages printed: 1. No user action is required."
Information	12/4/2019 0:06	Microsoft-Windows-PrintService	307	Printing a document	"Document 219, Print Document owned by EDowne01 on \\MESOEL06484 was printed on VLS3.60 through port UCP-1.  Size in bytes: 4752. Pages printed: 1. No user action is required."
Information	12/4/2019 0:12	Microsoft-Windows-PrintService	307	Printing a document	"Document 220, Print Document owned by EDowne01 on \\MESOEL06484 was printed on VLS3.60 through port UCP-1.  Size in bytes: 9104. Pages printed: 1. No user action is required."
Information	12/4/2019 0:24	Microsoft-Windows-PrintService	307	Printing a document	"Document 221, Print Document owned by EDowne01 on \\MESOEL06484 was printed on VLS3.60 through port UCP-1.  Size in bytes: 9104. Pages printed: 1. No user action is required."
Information	12/4/2019 0:28	Microsoft-Windows-PrintService	307	Printing a document	"Document 222, Print Document owned by EDowne01 on \\MESOEL06484 was printed on VLS3.60 through port UCP-1.  Size in bytes: 62668. Pages printed: 1. No user action is required."
Information	12/4/2019 0:29	Microsoft-Windows-PrintService	307	Printing a document	"Document 223, Print Document owned by EDowne01 on \\MESOEL06484 was printed on VLS3.60 through port UCP-1.  Size in bytes: 28332. Pages printed: 1. No user action is required."
Information	12/4/2019 0:35	Microsoft-Windows-PrintService	307	Printing a document	"Document 224, Print Document owned by EDowne01 on \\MESOEL06484 was printed on VLS3.60 through port UCP-1.  Size in bytes: 149200. Pages printed: 1. No user action is required."
Information	12/4/2019 0:40	Microsoft-Windows-PrintService	307	Printing a document	"Document 225, Print Document owned by EDowne01 on \\MESOEL06484 was printed on VLS3.60 through port UCP-1.  Size in bytes: 260880. Pages printed: 1. No user action is required."
Information	12/4/2019 0:41	Microsoft-Windows-PrintService	307	Printing a document	"Document 226, Print Document owned by EDowne01 on \\MESOEL06484 was printed on VLS3.60 through port UCP-1.  Size in bytes: 260880. Pages printed: 1. No user action is required."
Information	12/4/2019 0:52	Microsoft-Windows-PrintService	307	Printing a document	"Document 227, Print Document owned by EDowne01 on \\MESOEL06484 was printed on VLS3.60 through port UCP-1.  Size in bytes: 62876. Pages printed: 1. No user action is required."
Information	12/4/2019 0:54	Microsoft-Windows-PrintService	307	Printing a document	"Document 228, Print Document owned by EDowne01 on \\MESOEL06484 was printed on VLS3.60 through port UCP-1.  Size in bytes: 62876. Pages printed: 1. No user action is required."
Information	12/4/2019 0:58	Microsoft-Windows-PrintService	307	Printing a document	"Document 229, Print Document owned by EDowne01 on \\MESOEL06484 was printed on VLS3.60 through port UCP-1.  Size in bytes: 28320. Pages printed: 1. No user action is required."
Information	12/4/2019 1:12	Microsoft-Windows-PrintService	307	Printing a document	"Document 230, Print Document owned by EDowne01 on \\MESOEL06484 was printed on VLS3.60 through port UCP-1.  Size in bytes: 261328. Pages printed: 1. No user action is required."
Information	12/4/2019 9:10	Microsoft-Windows-PrintService	307	Printing a document	"Document 231, Print Document owned by EDowne01 on \\MESOEL06484 was printed on VLS3.60 through port UCP-1.  Size in bytes: 10288. Pages printed: 1. No user action is required."
Information	12/4/2019 9:34	Microsoft-Windows-PrintService	307	Printing a document	"Document 232, Print Document owned by EDowne01 on \\MESOEL06484 was printed on VLS3.60 through port UCP-1.  Size in bytes: 38344. Pages printed: 1. No user action is required."
Information	12/4/2019 10:01	Microsoft-Windows-PrintService	307	Printing a document	"Document 233, Print Document owned by EDowne01 on \\MESOEL06484 was printed on VLS3.60 through port UCP-1.  Size in bytes: 45588. Pages printed: 1. No user action is required."
Information	12/4/2019 10:54	Microsoft-Windows-PrintService	307	Printing a document	"Document 234, Print Document owned by EDowne01 on \\MESOEL06484 was printed on VLS3.60 through port UCP-1.  Size in bytes: 217576. Pages printed: 1. No user action is required."
Information	12/4/2019 11:09	Microsoft-Windows-PrintService	307	Printing a document	"Document 235, Print Document owned by EDowne01 on \\MESOEL06484 was printed on VLS3.60 through port UCP-1.  Size in bytes: 7760. Pages printed: 1. No user action is required."
Information	12/4/2019 11:09	Microsoft-Windows-PrintService	307	Printing a document	"Document 236, Print Document owned by EDowne01 on \\MESOEL06484 was printed on VLS3.60 through port UCP-1.  Size in bytes: 29840. Pages printed: 1. No user action is required."
Information	12/4/2019 11:10	Microsoft-Windows-PrintService	307	Printing a document	"Document 237, Print Document owned by EDowne01 on \\MESOEL06484 was printed on VLS3.60 through port UCP-1.  Size in bytes: 7760. Pages printed: 1. No user action is required."
Information	12/4/2019 11:23	Microsoft-Windows-PrintService	307	Printing a document	"Document 238, Print Document owned by EDowne01 on \\MESOEL06484 was printed on VLS3.60 through port UCP-1.  Size in bytes: 29840. Pages printed: 1. No user action is required."
Information	12/4/2019 11:25	Microsoft-Windows-PrintService	307	Printing a document	"Document 239, Print Document owned by EDowne01 on \\MESOEL06484 was printed on VLS3.60 through port UCP-1.  Size in bytes: 1136. Pages printed: 1. No user action is required."
Information	12/4/2019 11:27	Microsoft-Windows-PrintService	307	Printing a document	"Document 240, Print Document owned by EDowne01 on \\MESOEL06484 was printed on VLS3.60 through port UCP-1.  Size in bytes: 768. Pages printed: 1. No user action is required."
Information	12/4/2019 11:30	Microsoft-Windows-PrintService	307	Printing a document	"Document 241, Print Document owned by EDowne01 on \\MESOEL06484 was printed on VLS3.60 through port UCP-1.  Size in bytes: 6288. Pages printed: 1. No user action is required."
Information	12/4/2019 11:35	Microsoft-Windows-PrintService	307	Printing a document	"Document 242, Print Document owned by EDowne01 on \\MESOEL06484 was printed on VLS3.60 through port UCP-1.  Size in bytes: 9232. Pages printed: 1. No user action is required."
Information	12/4/2019 11:39	Microsoft-Windows-PrintService	307	Printing a document	"Document 243, Print Document owned by EDowne01 on \\MESOEL06484 was printed on VLS3.60 through port UCP-1.  Size in bytes: 9232. Pages printed: 1. No user action is required."
Information	12/4/2019 12:13	Microsoft-Windows-PrintService	307	Printing a document	"Document 244, Print Document owned by EDowne01 on \\MESOEL06484 was printed on VLS3.60 through port UCP-1.  Size in bytes: 15120. Pages printed: 1. No user action is required."
Information	12/4/2019 12:22	Microsoft-Windows-PrintService	307	Printing a document	"Document 245, Print Document owned by EDowne01 on \\MESOEL06484 was printed on VLS3.60 through port UCP-1.  Size in bytes: 15488. Pages printed: 1. No user action is required."
Information	12/4/2019 12:27	Microsoft-Windows-PrintService	307	Printing a document	"Document 246, Print Document owned by EDowne01 on \\MESOEL06484 was printed on VLS3.60 through port UCP-1.  Size in bytes: 14384. Pages printed: 1. No user action is required."
Information	12/4/2019 12:36	Microsoft-Windows-PrintService	307	Printing a document	"Document 247, Print Document owned by EDowne01 on \\MESOEL06484 was printed on VLS3.60 through port UCP-1.  Size in bytes: 213256. Pages printed: 1. No user action is required."
Information	12/4/2019 13:11	Microsoft-Windows-PrintService	307	Printing a document	"Document 248, Print Document owned by EDowne01 on \\MESOEL06484 was printed on VLS3.60 through port UCP-1.  Size in bytes: 784. Pages printed: 1. No user action is required."
Information	12/4/2019 13:18	Microsoft-Windows-PrintService	307	Printing a document	"Document 249, Print Document owned by EDowne01 on \\MESOEL06484 was printed on VLS3.60 through port UCP-1.  Size in bytes: 784. Pages printed: 1. No user action is required."
Information	12/4/2019 13:33	Microsoft-Windows-PrintService	307	Printing a document	"Document 250, Print Document owned by EDowne01 on \\MESOEL06484 was printed on VLS3.60 through port UCP-1.  Size in bytes: 263756. Pages printed: 1. No user action is required."
Information	12/4/2019 14:17	Microsoft-Windows-PrintService	307	Printing a document	"Document 251, Print Document owned by EDowne01 on \\MESOEL06484 was printed on VLS3.60 through port UCP-1.  Size in bytes: 2000. Pages printed: 1. No user action is required."
Information	12/4/2019 14:37	Microsoft-Windows-PrintService	307	Printing a document	"Document 252, Print Document owned by EDowne01 on \\MESOEL06484 was printed on VLS3.60 through port UCP-1.  Size in bytes: 1672. Pages printed: 1. No user action is required."
Information	12/4/2019 15:08	Microsoft-Windows-PrintService	307	Printing a document	"Document 253, Print Document owned by EDowne01 on \\MESOEL06484 was printed on VLS3.60 through port UCP-1.  Size in bytes: 28712. Pages printed: 1. No user action is required."
Information	12/4/2019 15:09	Microsoft-Windows-PrintService	307	Printing a document	"Document 254, Print Document owned by EDowne01 on \\MESOEL06484 was printed on VLS3.60 through port UCP-1.  Size in bytes: 28712. Pages printed: 1. No user action is required."
Information	12/4/2019 15:22	Microsoft-Windows-PrintService	307	Printing a document	"Document 255, Print Document owned by EDowne01 on \\MESOEL06484 was printed on VLS3.60 through port UCP-1.  Size in bytes: 21524. Pages printed: 1. No user action is required."
Information	12/4/2019 15:37	Microsoft-Windows-PrintService	307	Printing a document	"Document 1, Print Document owned by EDowne01 on \\MESOEL06484 was printed on VLS3.60 through port UCP-1.  Size in bytes: 22944. Pages printed: 1. No user action is required."
Information	12/4/2019 15:50	Microsoft-Windows-PrintService	307	Printing a document	"Document 2, Print Document owned by EDowne01 on \\MESOEL06484 was printed on VLS3.60 through port UCP-1.  Size in bytes: 21716. Pages printed: 1. No user action is required."
Information	12/4/2019 16:04	Microsoft-Windows-PrintService	307	Printing a document	"Document 3, Print Document owned by EDowne01 on \\MESOEL06484 was printed on VLS3.60 through port UCP-1.  Size in bytes: 27512. Pages printed: 1. No user action is required."
Information	12/4/2019 16:19	Microsoft-Windows-PrintService	307	Printing a document	"Document 4, Print Document owned by EDowne01 on \\MESOEL06484 was printed on VLS3.60 through port UCP-1.  Size in bytes: 400. Pages printed: 1. No user action is required."
Information	12/4/2019 16:19	Microsoft-Windows-PrintService	307	Printing a document	"Document 5, Print Document owned by EDowne01 on \\MESOEL06484 was printed on VLS3.60 through port UCP-1.  Size in bytes: 1584. Pages printed: 1. No user action is required."
Information	12/4/2019 16:21	Microsoft-Windows-PrintService	307	Printing a document	"Document 6, Print Document owned by EDowne01 on \\MESOEL06484 was printed on VLS3.60 through port UCP-1.  Size in bytes: 1584. Pages printed: 1. No user action is required."
Information	12/4/2019 16:24	Microsoft-Windows-PrintService	307	Printing a document	"Document 7, Print Document owned by EDowne01 on \\MESOEL06484 was printed on VLS3.60 through port UCP-1.  Size in bytes: 912. Pages printed: 1. No user action is required."
Information	12/4/2019 16:31	Microsoft-Windows-PrintService	307	Printing a document	"Document 8, Print Document owned by EDowne01 on \\MESOEL06484 was printed on VLS3.60 through port UCP-1.  Size in bytes: 768. Pages printed: 1. No user action is required."
Information	12/4/2019 16:46	Microsoft-Windows-PrintService	307	Printing a document	"Document 9, Print Document owned by EDowne01 on \\MESOEL06484 was printed on VLS3.60 through port UCP-1.  Size in bytes: 784. Pages printed: 1. No user action is required."
Information	12/4/2019 16:50	Microsoft-Windows-PrintService	307	Printing a document	"Document 10, Print Document owned by EDowne01 on \\MESOEL06484 was printed on VLS3.60 through port UCP-1.  Size in bytes: 784. Pages printed: 1. No user action is required."
Information	12/4/2019 17:06	Microsoft-Windows-PrintService	307	Printing a document	"Document 11, Print Document owned by EDowne01 on \\MESOEL06484 was printed on VLS3.60 through port UCP-1.  Size in bytes: 32828. Pages printed: 1. No user action is required."
Information	12/4/2019 17:12	Microsoft-Windows-PrintService	307	Printing a document	"Document 12, Print Document owned by EDowne01 on \\MESOEL06484 was printed on VLS3.60 through port UCP-1.  Size in bytes: 32828. Pages printed: 1. No user action is required."
Information	12/4/2019 17:13	Microsoft-Windows-PrintService	307	Printing a document	"Document 13, Print Document owned by EDowne01 on \\MESOEL06484 was printed on VLS3.60 through port UCP-1.  Size in bytes: 32828. Pages printed: 1. No user action is required."
Information	12/4/2019 17:28	Microsoft-Windows-PrintService	307	Printing a document	"Document 14, Print Document owned by EDowne01 on \\MESOEL06484 was printed on VLS3.60 through port UCP-1.  Size in bytes: 29940. Pages printed: 1. No user action is required."
Information	12/4/2019 18:04	Microsoft-Windows-PrintService	307	Printing a document	"Document 15, Print Document owned by EDowne01 on \\MESOEL06484 was printed on VLS3.60 through port UCP-1.  Size in bytes: 17744. Pages printed: 1. No user action is required."
Information	12/4/2019 18:15	Microsoft-Windows-PrintService	307	Printing a document	"Document 16, Print Document owned by EDowne01 on \\MESOEL06484 was printed on VLS3.60 through port UCP-1.  Size in bytes: 21640. Pages printed: 1. No user action is required."
Information	12/4/2019 18:18	Microsoft-Windows-PrintService	307	Printing a document	"Document 17, Print Document owned by EDowne01 on \\MESOEL06484 was printed on VLS3.60 through port UCP-1.  Size in bytes: 21640. Pages printed: 1. No user action is required."
Information	12/4/2019 18:29	Microsoft-Windows-PrintService	307	Printing a document	"Document 18, Print Document owned by EDowne01 on \\MESOEL06484 was printed on VLS3.60 through port UCP-1.  Size in bytes: 1928. Pages printed: 1. No user action is required."
Information	12/4/2019 18:37	Microsoft-Windows-PrintService	307	Printing a document	"Document 19, Print Document owned by EDowne01 on \\MESOEL06484 was printed on VLS3.60 through port UCP-1.  Size in bytes: 1480. Pages printed: 1. No user action is required."
Information	12/4/2019 18:38	Microsoft-Windows-PrintService	307	Printing a document	"Document 20, Print Document owned by EDowne01 on \\MESOEL06484 was printed on VLS3.60 through port UCP-1.  Size in bytes: 1296. Pages printed: 1. No user action is required."
Information	12/4/2019 18:41	Microsoft-Windows-PrintService	307	Printing a document	"Document 21, Print Document owned by EDowne01 on \\MESOEL06484 was printed on VLS3.60 through port UCP-1.  Size in bytes: 848. Pages printed: 1. No user action is required."
Information	12/4/2019 19:06	Microsoft-Windows-PrintService	307	Printing a document	"Document 22, Print Document owned by EDowne01 on \\MESOEL06484 was printed on VLS3.60 through port UCP-1.  Size in bytes: 25480. Pages printed: 1. No user action is required."
Information	12/4/2019 19:25	Microsoft-Windows-PrintService	307	Printing a document	"Document 23, Print Document owned by EDowne01 on \\MESOEL06484 was printed on VLS3.60 through port UCP-1.  Size in bytes: 3472. Pages printed: 1. No user action is required."
Information	12/4/2019 19:32	Microsoft-Windows-PrintService	307	Printing a document	"Document 24, Print Document owned by EDowne01 on \\MESOEL06484 was printed on VLS3.60 through port UCP-1.  Size in bytes: 1424. Pages printed: 1. No user action is required."
Information	12/4/2019 19:39	Microsoft-Windows-PrintService	307	Printing a document	"Document 25, Print Document owned by EDowne01 on \\MESOEL06484 was printed on VLS3.60 through port UCP-1.  Size in bytes: 7024. Pages printed: 1. No user action is required."
Information	12/4/2019 19:45	Microsoft-Windows-PrintService	307	Printing a document	"Document 26, Print Document owned by EDowne01 on \\MESOEL06484 was printed on VLS3.60 through port UCP-1.  Size in bytes: 1232. Pages printed: 1. No user action is required."
Information	12/4/2019 19:53	Microsoft-Windows-PrintService	307	Printing a document	"Document 27, Print Document owned by EDowne01 on \\MESOEL06484 was printed on VLS3.60 through port UCP-1.  Size in bytes: 1424. Pages printed: 1. No user action is required."
Information	12/4/2019 19:56	Microsoft-Windows-PrintService	307	Printing a document	"Document 28, Print Document owned by EDowne01 on \\MESOEL06484 was printed on VLS3.60 through port UCP-1.  Size in bytes: 258328. Pages printed: 1. No user action is required."
Information	12/4/2019 20:55	Microsoft-Windows-PrintService	307	Printing a document	"Document 29, Print Document owned by EDowne01 on \\MESOEL06484 was printed on VLS3.60 through port UCP-1.  Size in bytes: 9680. Pages printed: 1. No user action is required."
Information	12/4/2019 21:14	Microsoft-Windows-PrintService	307	Printing a document	"Document 30, Print Document owned by EDowne01 on \\MESOEL06484 was printed on VLS3.60 through port UCP-1.  Size in bytes: 4764. Pages printed: 1. No user action is required."
Information	12/4/2019 21:16	Microsoft-Windows-PrintService	307	Printing a document	"Document 31, Print Document owned by EDowne01 on \\MESOEL06484 was printed on VLS3.60 through port UCP-1.  Size in bytes: 4764. Pages printed: 1. No user action is required."
Information	12/4/2019 21:16	Microsoft-Windows-PrintService	307	Printing a document	"Document 32, Print Document owned by EDowne01 on \\MESOEL06484 was printed on VLS3.60 through port UCP-1.  Size in bytes: 5244. Pages printed: 1. No user action is required."
Information	12/4/2019 21:22	Microsoft-Windows-PrintService	307	Printing a document	"Document 33, Print Document owned by EDowne01 on \\MESOEL06484 was printed on VLS3.60 through port UCP-1.  Size in bytes: 4764. Pages printed: 1. No user action is required."
Information	12/4/2019 21:27	Microsoft-Windows-PrintService	307	Printing a document	"Document 34, Print Document owned by EDowne01 on \\MESOEL06484 was printed on VLS3.60 through port UCP-1.  Size in bytes: 2208. Pages printed: 1. No user action is required."
Information	12/4/2019 21:28	Microsoft-Windows-PrintService	307	Printing a document	"Document 35, Print Document owned by EDowne01 on \\MESOEL06484 was printed on VLS3.60 through port UCP-1.  Size in bytes: 2208. Pages printed: 1. No user action is required."
Information	12/4/2019 21:36	Microsoft-Windows-PrintService	307	Printing a document	"Document 36, Print Document owned by EDowne01 on \\MESOEL06484 was printed on VLS3.60 through port UCP-1.  Size in bytes: 2208. Pages printed: 1. No user action is required."
Information	12/4/2019 21:37	Microsoft-Windows-PrintService	307	Printing a document	"Document 37, Print Document owned by EDowne01 on \\MESOEL06484 was printed on VLS3.60 through port UCP-1.  Size in bytes: 2208. Pages printed: 1. No user action is required."
Information	12/4/2019 21:38	Microsoft-Windows-PrintService	307	Printing a document	"Document 38, Print Document owned by EDowne01 on \\MESOEL06484 was printed on VLS3.60 through port UCP-1.  Size in bytes: 2464. Pages printed: 1. No user action is required."
Information	12/4/2019 21:39	Microsoft-Windows-PrintService	307	Printing a document	"Document 39, Print Document owned by EDowne01 on \\MESOEL06484 was printed on VLS3.60 through port UCP-1.  Size in bytes: 2376. Pages printed: 1. No user action is required."
Information	12/4/2019 21:47	Microsoft-Windows-PrintService	307	Printing a document	"Document 40, Print Document owned by EDowne01 on \\MESOEL06484 was printed on VLS3.60 through port UCP-1.  Size in bytes: 5032. Pages printed: 1. No user action is required."
Information	12/4/2019 22:05	Microsoft-Windows-PrintService	307	Printing a document	"Document 41, Print Document owned by EDowne01 on \\MESOEL06484 was printed on VLS3.60 through port UCP-1.  Size in bytes: 2176. Pages printed: 1. No user action is required."
Information	12/4/2019 22:11	Microsoft-Windows-PrintService	307	Printing a document	"Document 42, Print Document owned by EDowne01 on \\MESOEL06484 was printed on VLS3.60 through port UCP-1.  Size in bytes: 2376. Pages printed: 1. No user action is required."
Information	12/4/2019 22:28	Microsoft-Windows-PrintService	307	Printing a document	"Document 43, Print Document owned by EDowne01 on \\MESOEL06484 was printed on VLS3.60 through port UCP-1.  Size in bytes: 2544. Pages printed: 1. No user action is required."
Information	12/4/2019 22:43	Microsoft-Windows-PrintService	307	Printing a document	"Document 44, Print Document owned by EDowne01 on \\MESOEL06484 was printed on VLS3.60 through port UCP-1.  Size in bytes: 2728. Pages printed: 1. No user action is required."
Information	12/4/2019 22:43	Microsoft-Windows-PrintService	307	Printing a document	"Document 45, Print Document owned by EDowne01 on \\MESOEL06484 was printed on VLS3.60 through port UCP-1.  Size in bytes: 2728. Pages printed: 1. No user action is required."
Information	12/4/2019 23:18	Microsoft-Windows-PrintService	307	Printing a document	"Document 46, Print Document owned by EDowne01 on \\MESOEL06484 was printed on VLS3.60 through port UCP-1.  Size in bytes: 6376. Pages printed: 1. No user action is required."
Information	12/4/2019 23:19	Microsoft-Windows-PrintService	307	Printing a document	"Document 47, Print Document owned by EDowne01 on \\MESOEL06484 was printed on VLS3.60 through port UCP-1.  Size in bytes: 9184. Pages printed: 1. No user action is required."
Information	12/4/2019 23:37	Microsoft-Windows-PrintService	307	Printing a document	"Document 48, Print Document owned by EDowne01 on \\MESOEL06484 was printed on VLS3.60 through port UCP-1.  Size in bytes: 1168. Pages printed: 1. No user action is required."
Information	12/4/2019 23:37	Microsoft-Windows-PrintService	307	Printing a document	"Document 49, Print Document owned by EDowne01 on \\MESOEL06484 was printed on VLS3.60 through port UCP-1.  Size in bytes: 1168. Pages printed: 1. No user action is required."
Information	12/4/2019 23:37	Microsoft-Windows-PrintService	307	Printing a document	"Document 50, Print Document owned by EDowne01 on \\MESOEL06484 was printed on VLS3.60 through port UCP-1.  Size in bytes: 1168. Pages printed: 1. No user action is required."
Information	12/4/2019 23:38	Microsoft-Windows-PrintService	307	Printing a document	"Document 51, Print Document owned by EDowne01 on \\MESOEL06484 was printed on VLS3.60 through port UCP-1.  Size in bytes: 1168. Pages printed: 1. No user action is required."
Information	12/5/2019 0:00	Microsoft-Windows-PrintService	307	Printing a document	"Document 52, Print Document owned by EDowne01 on \\MESOEL06484 was printed on VLS3.60 through port UCP-1.  Size in bytes: 112276. Pages printed: 1. No user action is required."
Information	12/5/2019 0:00	Microsoft-Windows-PrintService	307	Printing a document	"Document 53, Print Document owned by EDowne01 on \\MESOEL06484 was printed on VLS3.60 through port UCP-1.  Size in bytes: 112024. Pages printed: 1. No user action is required."
Information	12/5/2019 0:01	Microsoft-Windows-PrintService	307	Printing a document	"Document 54, Print Document owned by EDowne01 on \\MESOEL06484 was printed on VLS3.60 through port UCP-1.  Size in bytes: 111768. Pages printed: 1. No user action is required."
Information	12/5/2019 8:19	Microsoft-Windows-PrintService	307	Printing a document	"Document 55, Print Document owned by EDowne01 on \\MESOEL06484 was printed on VLS3.60 through port UCP-1.  Size in bytes: 258328. Pages printed: 1. No user action is required."
Information	12/5/2019 9:36	Microsoft-Windows-PrintService	307	Printing a document	"Document 56, Print Document owned by EDowne01 on \\MESOEL06484 was printed on VLS3.60 through port UCP-1.  Size in bytes: 28808. Pages printed: 1. No user action is required."
Information	12/5/2019 11:08	Microsoft-Windows-PrintService	307	Printing a document	"Document 57, Print Document owned by EDowne01 on \\MESOEL06484 was printed on VLS3.60 through port UCP-1.  Size in bytes: 63380. Pages printed: 1. No user action is required."
Information	12/5/2019 11:23	Microsoft-Windows-PrintService	307	Printing a document	"Document 58, Print Document owned by EDowne01 on \\MESOEL06484 was printed on VLS3.60 through port UCP-1.  Size in bytes: 64904. Pages printed: 1. No user action is required."
Information	12/5/2019 11:24	Microsoft-Windows-PrintService	307	Printing a document	"Document 59, Print Document owned by EDowne01 on \\MESOEL06484 was printed on VLS3.60 through port UCP-1.  Size in bytes: 64904. Pages printed: 1. No user action is required."
Information	12/5/2019 11:38	Microsoft-Windows-PrintService	307	Printing a document	"Document 60, Print Document owned by EDowne01 on \\MESOEL06484 was printed on VLS3.60 through port UCP-1.  Size in bytes: 21540. Pages printed: 1. No user action is required."
Information	12/5/2019 11:51	Microsoft-Windows-PrintService	307	Printing a document	"Document 61, Print Document owned by EDowne01 on \\MESOEL06484 was printed on VLS3.60 through port UCP-1.  Size in bytes: 27980. Pages printed: 1. No user action is required."
Information	12/5/2019 13:02	Microsoft-Windows-PrintService	307	Printing a document	"Document 62, Print Document owned by EDowne01 on \\MESOEL06484 was printed on VLS3.60 through port UCP-1.  Size in bytes: 5168. Pages printed: 1. No user action is required."
Information	12/5/2019 13:22	Microsoft-Windows-PrintService	307	Printing a document	"Document 63, Print Document owned by EDowne01 on \\MESOEL06484 was printed on VLS3.60 through port UCP-1.  Size in bytes: 165504. Pages printed: 1. No user action is required."
Information	12/5/2019 13:39	Microsoft-Windows-PrintService	307	Printing a document	"Document 64, Print Document owned by EDowne01 on \\MESOEL06484 was printed on VLS3.60 through port UCP-1.  Size in bytes: 218852. Pages printed: 1. No user action is required."
Information	12/5/2019 14:12	Microsoft-Windows-PrintService	307	Printing a document	"Document 65, Print Document owned by EDowne01 on \\MESOEL06484 was printed on VLS3.60 through port UCP-1.  Size in bytes: 61508. Pages printed: 1. No user action is required."
Information	12/5/2019 14:27	Microsoft-Windows-PrintService	307	Printing a document	"Document 66, Print Document owned by EDowne01 on \\MESOEL06484 was printed on VLS3.60 through port UCP-1.  Size in bytes: 21060. Pages printed: 1. No user action is required."
Information	12/5/2019 14:27	Microsoft-Windows-PrintService	307	Printing a document	"Document 67, Print Document owned by EDowne01 on \\MESOEL06484 was printed on VLS3.60 through port UCP-1.  Size in bytes: 3484. Pages printed: 1. No user action is required."
Information	12/5/2019 14:37	Microsoft-Windows-PrintService	307	Printing a document	"Document 68, Print Document owned by EDowne01 on \\MESOEL06484 was printed on VLS3.60 through port UCP-1.  Size in bytes: 4336. Pages printed: 1. No user action is required."
Information	12/5/2019 14:46	Microsoft-Windows-PrintService	307	Printing a document	"Document 69, Print Document owned by EDowne01 on \\MESOEL06484 was printed on VLS3.60 through port UCP-1.  Size in bytes: 6000. Pages printed: 1. No user action is required."
Information	12/5/2019 14:46	Microsoft-Windows-PrintService	307	Printing a document	"Document 70, Print Document owned by EDowne01 on \\MESOEL06484 was printed on VLS3.60 through port UCP-1.  Size in bytes: 6000. Pages printed: 1. No user action is required."
Information	12/5/2019 14:46	Microsoft-Windows-PrintService	307	Printing a document	"Document 71, Print Document owned by EDowne01 on \\MESOEL06484 was printed on VLS3.60 through port UCP-1.  Size in bytes: 6000. Pages printed: 1. No user action is required."
Information	12/5/2019 14:50	Microsoft-Windows-PrintService	307	Printing a document	"Document 72, Print Document owned by EDowne01 on \\MESOEL06484 was printed on VLS3.60 through port UCP-1.  Size in bytes: 2188. Pages printed: 1. No user action is required."
Information	12/5/2019 15:13	Microsoft-Windows-PrintService	307	Printing a document	"Document 73, Print Document owned by EDowne01 on \\MESOEL06484 was printed on VLS3.60 through port UCP-1.  Size in bytes: 7792. Pages printed: 1. No user action is required."
Information	12/5/2019 15:20	Microsoft-Windows-PrintService	307	Printing a document	"Document 74, Print Document owned by EDowne01 on \\MESOEL06484 was printed on VLS3.60 through port UCP-1.  Size in bytes: 7792. Pages printed: 1. No user action is required."
Information	12/5/2019 15:41	Microsoft-Windows-PrintService	307	Printing a document	"Document 75, Print Document owned by EDowne01 on \\MESOEL06484 was printed on VLS3.60 through port UCP-1.  Size in bytes: 3984. Pages printed: 1. No user action is required."
Information	12/5/2019 15:51	Microsoft-Windows-PrintService	307	Printing a document	"Document 76, Print Document owned by EDowne01 on \\MESOEL06484 was printed on VLS3.60 through port UCP-1.  Size in bytes: 111728. Pages printed: 1. No user action is required."
Information	12/5/2019 16:10	Microsoft-Windows-PrintService	307	Printing a document	"Document 77, Print Document owned by EDowne01 on \\MESOEL06484 was printed on VLS3.60 through port UCP-1.  Size in bytes: 100388. Pages printed: 1. No user action is required."
Information	12/5/2019 16:10	Microsoft-Windows-PrintService	307	Printing a document	"Document 78, Print Document owned by EDowne01 on \\MESOEL06484 was printed on VLS3.60 through port UCP-1.  Size in bytes: 100388. Pages printed: 1. No user action is required."
Information	12/5/2019 16:28	Microsoft-Windows-PrintService	307	Printing a document	"Document 79, Print Document owned by EDowne01 on \\MESOEL06484 was printed on VLS3.60 through port UCP-1.  Size in bytes: 32264. Pages printed: 1. No user action is required."
Information	12/5/2019 16:41	Microsoft-Windows-PrintService	307	Printing a document	"Document 80, Print Document owned by EDowne01 on \\MESOEL06484 was printed on VLS3.60 through port UCP-1.  Size in bytes: 22952. Pages printed: 1. No user action is required."
Information	12/5/2019 16:55	Microsoft-Windows-PrintService	307	Printing a document	"Document 81, Print Document owned by EDowne01 on \\MESOEL06484 was printed on VLS3.60 through port UCP-1.  Size in bytes: 20636. Pages printed: 1. No user action is required."
Information	12/5/2019 17:07	Microsoft-Windows-PrintService	307	Printing a document	"Document 82, Print Document owned by EDowne01 on \\MESOEL06484 was printed on VLS3.60 through port UCP-1.  Size in bytes: 8760. Pages printed: 1. No user action is required."
Information	12/5/2019 17:13	Microsoft-Windows-PrintService	307	Printing a document	"Document 83, Print Document owned by EDowne01 on \\MESOEL06484 was printed on VLS3.60 through port UCP-1.  Size in bytes: 1424. Pages printed: 1. No user action is required."
Information	12/5/2019 17:18	Microsoft-Windows-PrintService	307	Printing a document	"Document 84, Print Document owned by EDowne01 on \\MESOEL06484 was printed on VLS3.60 through port UCP-1.  Size in bytes: 1136. Pages printed: 1. No user action is required."
Information	12/5/2019 17:21	Microsoft-Windows-PrintService	307	Printing a document	"Document 85, Print Document owned by EDowne01 on \\MESOEL06484 was printed on VLS3.60 through port UCP-1.  Size in bytes: 912. Pages printed: 1. No user action is required."
Information	12/5/2019 17:35	Microsoft-Windows-PrintService	307	Printing a document	"Document 86, Print Document owned by EDowne01 on \\MESOEL06484 was printed on VLS3.60 through port UCP-1.  Size in bytes: 19168. Pages printed: 1. No user action is required."
Information	12/5/2019 17:41	Microsoft-Windows-PrintService	307	Printing a document	"Document 87, Print Document owned by EDowne01 on \\MESOEL06484 was printed on VLS3.60 through port UCP-1.  Size in bytes: 32348. Pages printed: 1. No user action is required."
Information	12/5/2019 17:48	Microsoft-Windows-PrintService	307	Printing a document	"Document 88, Print Document owned by EDowne01 on \\MESOEL06484 was printed on VLS3.60 through port UCP-1.  Size in bytes: 7792. Pages printed: 1. No user action is required."
Information	12/5/2019 17:55	Microsoft-Windows-PrintService	307	Printing a document	"Document 89, Print Document owned by EDowne01 on \\MESOEL06484 was printed on VLS3.60 through port UCP-1.  Size in bytes: 140292. Pages printed: 1. No user action is required."
Information	12/5/2019 18:38	Microsoft-Windows-PrintService	307	Printing a document	"Document 90, Print Document owned by EDowne01 on \\MESOEL06484 was printed on VLS3.60 through port UCP-1.  Size in bytes: 44232. Pages printed: 1. No user action is required."
Information	12/5/2019 18:40	Microsoft-Windows-PrintService	307	Printing a document	"Document 91, Print Document owned by EDowne01 on \\MESOEL06484 was printed on VLS3.60 through port UCP-1.  Size in bytes: 44232. Pages printed: 1. No user action is required."
Information	12/5/2019 18:49	Microsoft-Windows-PrintService	307	Printing a document	"Document 92, Print Document owned by EDowne01 on \\MESOEL06484 was printed on VLS3.60 through port UCP-1.  Size in bytes: 13480. Pages printed: 1. No user action is required."
Information	12/5/2019 19:03	Microsoft-Windows-PrintService	307	Printing a document	"Document 93, Print Document owned by EDowne01 on \\MESOEL06484 was printed on VLS3.60 through port UCP-1.  Size in bytes: 17840. Pages printed: 1. No user action is required."
Information	12/5/2019 20:35	Microsoft-Windows-PrintService	307	Printing a document	"Document 94, Print Document owned by EDowne01 on \\MESOEL06484 was printed on VLS3.60 through port UCP-1.  Size in bytes: 23652. Pages printed: 1. No user action is required."
Information	12/5/2019 21:04	Microsoft-Windows-PrintService	307	Printing a document	"Document 95, Print Document owned by EDowne01 on \\MESOEL06484 was printed on VLS3.60 through port UCP-1.  Size in bytes: 12132. Pages printed: 1. No user action is required."
Information	12/5/2019 21:23	Microsoft-Windows-PrintService	307	Printing a document	"Document 96, Print Document owned by EDowne01 on \\MESOEL06484 was printed on VLS3.60 through port UCP-1.  Size in bytes: 4016. Pages printed: 1. No user action is required."
Information	12/5/2019 22:02	Microsoft-Windows-PrintService	307	Printing a document	"Document 97, Print Document owned by EDowne01 on \\MESOEL06484 was printed on VLS3.60 through port UCP-1.  Size in bytes: 16888. Pages printed: 1. No user action is required."
Information	12/5/2019 22:24	Microsoft-Windows-PrintService	307	Printing a document	"Document 98, Print Document owned by EDowne01 on \\MESOEL06484 was printed on VLS3.60 through port UCP-1.  Size in bytes: 3160. Pages printed: 1. No user action is required."
Information	12/5/2019 22:25	Microsoft-Windows-PrintService	307	Printing a document	"Document 99, Print Document owned by EDowne01 on \\MESOEL06484 was printed on VLS3.60 through port UCP-1.  Size in bytes: 3160. Pages printed: 1. No user action is required."
Information	12/5/2019 22:26	Microsoft-Windows-PrintService	307	Printing a document	"Document 100, Print Document owned by EDowne01 on \\MESOEL06484 was printed on VLS3.60 through port UCP-1.  Size in bytes: 3160. Pages printed: 1. No user action is required."
Information	12/5/2019 22:32	Microsoft-Windows-PrintService	307	Printing a document	"Document 101, Print Document owned by EDowne01 on \\MESOEL06484 was printed on VLS3.60 through port UCP-1.  Size in bytes: 10288. Pages printed: 1. No user action is required."
Information	12/6/2019 10:41	Microsoft-Windows-PrintService	307	Printing a document	"Document 102, Print Document owned by EDowne01 on \\MESOEL06484 was printed on VLS3.60 through port UCP-1.  Size in bytes: 53940. Pages printed: 1. No user action is required."
Information	12/6/2019 13:21	Microsoft-Windows-PrintService	307	Printing a document	"Document 103, Print Document owned by EDowne01 on \\MESOEL06484 was printed on VLS3.60 through port UCP-1.  Size in bytes: 597272. Pages printed: 1. No user action is required."
Information	12/6/2019 13:55	Microsoft-Windows-PrintService	307	Printing a document	"Document 104, Print Document owned by EDowne01 on \\MESOEL06484 was printed on VLS3.60 through port UCP-1.  Size in bytes: 55560. Pages printed: 1. No user action is required."
Information	12/6/2019 14:09	Microsoft-Windows-PrintService	307	Printing a document	"Document 105, Print Document owned by EDowne01 on \\MESOEL06484 was printed on VLS3.60 through port UCP-1.  Size in bytes: 53068. Pages printed: 1. No user action is required."
Information	12/6/2019 14:11	Microsoft-Windows-PrintService	307	Printing a document	"Document 106, Print Document owned by EDowne01 on \\MESOEL06484 was printed on VLS3.60 through port UCP-1.  Size in bytes: 53068. Pages printed: 1. No user action is required."
Information	12/6/2019 14:22	Microsoft-Windows-PrintService	307	Printing a document	"Document 107, Print Document owned by EDowne01 on \\MESOEL06484 was printed on VLS3.60 through port UCP-1.  Size in bytes: 4688. Pages printed: 1. No user action is required."
Information	12/6/2019 14:27	Microsoft-Windows-PrintService	307	Printing a document	"Document 108, Print Document owned by EDowne01 on \\MESOEL06484 was printed on VLS3.60 through port UCP-1.  Size in bytes: 9168. Pages printed: 1. No user action is required."
Information	12/6/2019 14:29	Microsoft-Windows-PrintService	307	Printing a document	"Document 109, Print Document owned by EDowne01 on \\MESOEL06484 was printed on VLS3.60 through port UCP-1.  Size in bytes: 4688. Pages printed: 1. No user action is required."
Information	12/6/2019 14:32	Microsoft-Windows-PrintService	307	Printing a document	"Document 110, Print Document owned by EDowne01 on \\MESOEL06484 was printed on VLS3.60 through port UCP-1.  Size in bytes: 4688. Pages printed: 1. No user action is required."
Information	12/6/2019 14:34	Microsoft-Windows-PrintService	307	Printing a document	"Document 111, Print Document owned by EDowne01 on \\MESOEL06484 was printed on VLS3.60 through port UCP-1.  Size in bytes: 9168. Pages printed: 1. No user action is required."
Information	12/6/2019 14:36	Microsoft-Windows-PrintService	307	Printing a document	"Document 112, Print Document owned by EDowne01 on \\MESOEL06484 was printed on VLS3.60 through port UCP-1.  Size in bytes: 9168. Pages printed: 1. No user action is required."
Information	12/6/2019 14:40	Microsoft-Windows-PrintService	307	Printing a document	"Document 113, Print Document owned by EDowne01 on \\MESOEL06484 was printed on VLS3.60 through port UCP-1.  Size in bytes: 13200. Pages printed: 1. No user action is required."
Information	12/6/2019 14:47	Microsoft-Windows-PrintService	307	Printing a document	"Document 114, Print Document owned by EDowne01 on \\MESOEL06484 was printed on VLS3.60 through port UCP-1.  Size in bytes: 16144. Pages printed: 1. No user action is required."
Information	12/6/2019 15:18	Microsoft-Windows-PrintService	307	Printing a document	"Document 115, Print Document owned by EDowne01 on \\MESOEL06484 was printed on VLS3.60 through port UCP-1.  Size in bytes: 6736. Pages printed: 1. No user action is required."
Information	12/6/2019 15:22	Microsoft-Windows-PrintService	307	Printing a document	"Document 116, Print Document owned by EDowne01 on \\MESOEL06484 was printed on VLS3.60 through port UCP-1.  Size in bytes: 4432. Pages printed: 1. No user action is required."
Information	12/6/2019 15:29	Microsoft-Windows-PrintService	307	Printing a document	"Document 117, Print Document owned by EDowne01 on \\MESOEL06484 was printed on VLS3.60 through port UCP-1.  Size in bytes: 2704. Pages printed: 1. No user action is required."
Information	12/6/2019 15:33	Microsoft-Windows-PrintService	307	Printing a document	"Document 118, Print Document owned by EDowne01 on \\MESOEL06484 was printed on VLS3.60 through port UCP-1.  Size in bytes: 2064. Pages printed: 1. No user action is required."
Information	12/6/2019 15:42	Microsoft-Windows-PrintService	307	Printing a document	"Document 119, Print Document owned by EDowne01 on \\MESOEL06484 was printed on VLS3.60 through port UCP-1.  Size in bytes: 12440. Pages printed: 1. No user action is required."
Information	12/6/2019 15:48	Microsoft-Windows-PrintService	307	Printing a document	"Document 120, Print Document owned by EDowne01 on \\MESOEL06484 was printed on VLS3.60 through port UCP-1.  Size in bytes: 52416. Pages printed: 1. No user action is required."
Information	12/6/2019 16:14	Microsoft-Windows-PrintService	307	Printing a document	"Document 121, Print Document owned by EDowne01 on \\MESOEL06484 was printed on VLS3.60 through port UCP-1.  Size in bytes: 584. Pages printed: 1. No user action is required."
Information	12/6/2019 16:20	Microsoft-Windows-PrintService	307	Printing a document	"Document 122, Print Document owned by EDowne01 on \\MESOEL06484 was printed on VLS3.60 through port UCP-1.  Size in bytes: 1040. Pages printed: 1. No user action is required."
Information	12/6/2019 16:21	Microsoft-Windows-PrintService	307	Printing a document	"Document 123, Print Document owned by EDowne01 on \\MESOEL06484 was printed on VLS3.60 through port UCP-1.  Size in bytes: 1104. Pages printed: 1. No user action is required."
Information	12/6/2019 16:28	Microsoft-Windows-PrintService	307	Printing a document	"Document 124, Print Document owned by EDowne01 on \\MESOEL06484 was printed on VLS3.60 through port UCP-1.  Size in bytes: 5296. Pages printed: 1. No user action is required."
Information	12/6/2019 16:29	Microsoft-Windows-PrintService	307	Printing a document	"Document 125, Print Document owned by EDowne01 on \\MESOEL06484 was printed on VLS3.60 through port UCP-1.  Size in bytes: 5296. Pages printed: 1. No user action is required."
Information	12/6/2019 16:36	Microsoft-Windows-PrintService	307	Printing a document	"Document 126, Print Document owned by EDowne01 on \\MESOEL06484 was printed on VLS3.60 through port UCP-1.  Size in bytes: 3704476. Pages printed: 1. No user action is required."
Information	12/6/2019 16:37	Microsoft-Windows-PrintService	307	Printing a document	"Document 127, Print Document owned by EDowne01 on \\MESOEL06484 was printed on VLS3.60 through port UCP-1.  Size in bytes: 3720264. Pages printed: 1. No user action is required."
Information	12/6/2019 16:38	Microsoft-Windows-PrintService	307	Printing a document	"Document 128, Print Document owned by EDowne01 on \\MESOEL06484 was printed on VLS3.60 through port UCP-1.  Size in bytes: 3720264. Pages printed: 1. No user action is required."
