Information	10/18/2019 18:50	Microsoft-Windows-PrintService	307	Printing a document	"Document 80, Print Document owned by vponti01 on \\MESOEL06484 was printed on VLS3.60 through port UCP-1.  Size in bytes: 498784. Pages printed: 1. No user action is required."
Information	10/18/2019 19:07	Microsoft-Windows-PrintService	307	Printing a document	"Document 81, Print Document owned by vponti01 on \\MESOEL06484 was printed on VLS3.60 through port UCP-1.  Size in bytes: 15120. Pages printed: 1. No user action is required."
Information	10/18/2019 19:07	Microsoft-Windows-PrintService	307	Printing a document	"Document 82, Print Document owned by vponti01 on \\MESOEL06484 was printed on VLS3.60 through port UCP-1.  Size in bytes: 15120. Pages printed: 1. No user action is required."
Information	10/18/2019 20:47	Microsoft-Windows-PrintService	307	Printing a document	"Document 83, Print Document owned by vponti01 on \\MESOEL06484 was printed on VLS3.60 through port UCP-1.  Size in bytes: 1848520. Pages printed: 1. No user action is required."
Information	10/18/2019 20:48	Microsoft-Windows-PrintService	307	Printing a document	"Document 84, Print Document owned by vponti01 on \\MESOEL06484 was printed on VLS3.60 through port UCP-1.  Size in bytes: 644768. Pages printed: 1. No user action is required."
Information	10/18/2019 20:48	Microsoft-Windows-PrintService	307	Printing a document	"Document 85, Print Document owned by vponti01 on \\MESOEL06484 was printed on VLS3.60 through port UCP-1.  Size in bytes: 19528. Pages printed: 1. No user action is required."
Information	10/18/2019 20:48	Microsoft-Windows-PrintService	307	Printing a document	"Document 86, Print Document owned by vponti01 on \\MESOEL06484 was printed on VLS3.60 through port UCP-1.  Size in bytes: 1231432. Pages printed: 1. No user action is required."
Information	10/18/2019 20:49	Microsoft-Windows-PrintService	307	Printing a document	"Document 87, Print Document owned by vponti01 on \\MESOEL06484 was printed on VLS3.60 through port UCP-1.  Size in bytes: 1258276. Pages printed: 1. No user action is required."
Information	10/18/2019 21:28	Microsoft-Windows-PrintService	307	Printing a document	"Document 88, Print Document owned by vponti01 on \\MESOEL06484 was printed on VLS3.60 through port UCP-1.  Size in bytes: 2420. Pages printed: 1. No user action is required."
Information	10/19/2019 10:51	Microsoft-Windows-PrintService	307	Printing a document	"Document 89, Print Document owned by vponti01 on \\MESOEL06484 was printed on VLS3.60 through port UCP-1.  Size in bytes: 1552. Pages printed: 1. No user action is required."
Information	10/19/2019 10:56	Microsoft-Windows-PrintService	307	Printing a document	"Document 90, Print Document owned by vponti01 on \\MESOEL06484 was printed on VLS3.60 through port UCP-1.  Size in bytes: 29860. Pages printed: 1. No user action is required."
Information	10/19/2019 11:06	Microsoft-Windows-PrintService	307	Printing a document	"Document 91, Print Document owned by vponti01 on \\MESOEL06484 was printed on VLS3.60 through port UCP-1.  Size in bytes: 1552. Pages printed: 1. No user action is required."
Information	10/19/2019 11:31	Microsoft-Windows-PrintService	307	Printing a document	"Document 92, Print Document owned by vponti01 on \\MESOEL06484 was printed on VLS3.60 through port UCP-1.  Size in bytes: 282952. Pages printed: 1. No user action is required."
Information	10/19/2019 12:08	Microsoft-Windows-PrintService	307	Printing a document	"Document 93, Print Document owned by vponti01 on \\MESOEL06484 was printed on VLS3.60 through port UCP-1.  Size in bytes: 34120. Pages printed: 1. No user action is required."
Information	10/19/2019 12:24	Microsoft-Windows-PrintService	307	Printing a document	"Document 94, Print Document owned by vponti01 on \\MESOEL06484 was printed on VLS3.60 through port UCP-1.  Size in bytes: 22848. Pages printed: 1. No user action is required."
Information	10/19/2019 12:39	Microsoft-Windows-PrintService	307	Printing a document	"Document 95, Print Document owned by vponti01 on \\MESOEL06484 was printed on VLS3.60 through port UCP-1.  Size in bytes: 584. Pages printed: 1. No user action is required."
Information	10/19/2019 12:40	Microsoft-Windows-PrintService	307	Printing a document	"Document 96, Print Document owned by vponti01 on \\MESOEL06484 was printed on VLS3.60 through port UCP-1.  Size in bytes: 584. Pages printed: 1. No user action is required."
Information	10/19/2019 12:40	Microsoft-Windows-PrintService	307	Printing a document	"Document 97, Print Document owned by vponti01 on \\MESOEL06484 was printed on VLS3.60 through port UCP-1.  Size in bytes: 584. Pages printed: 1. No user action is required."
Information	10/19/2019 12:41	Microsoft-Windows-PrintService	307	Printing a document	"Document 98, Print Document owned by vponti01 on \\MESOEL06484 was printed on VLS3.60 through port UCP-1.  Size in bytes: 584. Pages printed: 1. No user action is required."
Information	10/19/2019 13:03	Microsoft-Windows-PrintService	307	Printing a document	"Document 99, Print Document owned by vponti01 on \\MESOEL06484 was printed on VLS3.60 through port UCP-1.  Size in bytes: 9792. Pages printed: 1. No user action is required."
Information	10/19/2019 13:31	Microsoft-Windows-PrintService	307	Printing a document	"Document 100, Print Document owned by vponti01 on \\MESOEL06484 was printed on VLS3.60 through port UCP-1.  Size in bytes: 100680. Pages printed: 1. No user action is required."
Information	10/19/2019 13:40	Microsoft-Windows-PrintService	307	Printing a document	"Document 101, Print Document owned by vponti01 on \\MESOEL06484 was printed on VLS3.60 through port UCP-1.  Size in bytes: 139136. Pages printed: 1. No user action is required."
Information	10/19/2019 13:42	Microsoft-Windows-PrintService	307	Printing a document	"Document 102, Print Document owned by vponti01 on \\MESOEL06484 was printed on VLS3.60 through port UCP-1.  Size in bytes: 139136. Pages printed: 1. No user action is required."
Information	10/19/2019 14:07	Microsoft-Windows-PrintService	307	Printing a document	"Document 103, Print Document owned by vponti01 on \\MESOEL06484 was printed on VLS3.60 through port UCP-1.  Size in bytes: 6408. Pages printed: 1. No user action is required."
Information	10/19/2019 14:14	Microsoft-Windows-PrintService	307	Printing a document	"Document 104, Print Document owned by vponti01 on \\MESOEL06484 was printed on VLS3.60 through port UCP-1.  Size in bytes: 56288. Pages printed: 1. No user action is required."
Information	10/19/2019 14:22	Microsoft-Windows-PrintService	307	Printing a document	"Document 105, Print Document owned by vponti01 on \\MESOEL06484 was printed on VLS3.60 through port UCP-1.  Size in bytes: 14752. Pages printed: 1. No user action is required."
Information	10/19/2019 14:45	Microsoft-Windows-PrintService	307	Printing a document	"Document 106, Print Document owned by vponti01 on \\MESOEL06484 was printed on VLS3.60 through port UCP-1.  Size in bytes: 32068. Pages printed: 1. No user action is required."
Information	10/19/2019 14:47	Microsoft-Windows-PrintService	307	Printing a document	"Document 107, Print Document owned by vponti01 on \\MESOEL06484 was printed on VLS3.60 through port UCP-1.  Size in bytes: 32068. Pages printed: 1. No user action is required."
Information	10/19/2019 15:22	Microsoft-Windows-PrintService	307	Printing a document	"Document 108, Print Document owned by vponti01 on \\MESOEL06484 was printed on VLS3.60 through port UCP-1.  Size in bytes: 1349804. Pages printed: 1. No user action is required."
Information	10/19/2019 15:23	Microsoft-Windows-PrintService	307	Printing a document	"Document 109, Print Document owned by vponti01 on \\MESOEL06484 was printed on VLS3.60 through port UCP-1.  Size in bytes: 45116. Pages printed: 1. No user action is required."
Information	10/19/2019 15:24	Microsoft-Windows-PrintService	307	Printing a document	"Document 110, Print Document owned by vponti01 on \\MESOEL06484 was printed on VLS3.60 through port UCP-1.  Size in bytes: 45116. Pages printed: 1. No user action is required."
Information	10/19/2019 15:24	Microsoft-Windows-PrintService	307	Printing a document	"Document 111, Print Document owned by vponti01 on \\MESOEL06484 was printed on VLS3.60 through port UCP-1.  Size in bytes: 44540. Pages printed: 1. No user action is required."
Information	10/19/2019 15:25	Microsoft-Windows-PrintService	307	Printing a document	"Document 112, Print Document owned by vponti01 on \\MESOEL06484 was printed on VLS3.60 through port UCP-1.  Size in bytes: 33992. Pages printed: 1. No user action is required."
Information	10/19/2019 15:25	Microsoft-Windows-PrintService	307	Printing a document	"Document 113, Print Document owned by vponti01 on \\MESOEL06484 was printed on VLS3.60 through port UCP-1.  Size in bytes: 33992. Pages printed: 1. No user action is required."
Information	10/19/2019 15:25	Microsoft-Windows-PrintService	307	Printing a document	"Document 114, Print Document owned by vponti01 on \\MESOEL06484 was printed on VLS3.60 through port UCP-1.  Size in bytes: 29704. Pages printed: 1. No user action is required."
Information	10/19/2019 15:25	Microsoft-Windows-PrintService	307	Printing a document	"Document 115, Print Document owned by vponti01 on \\MESOEL06484 was printed on VLS3.60 through port UCP-1.  Size in bytes: 37428. Pages printed: 1. No user action is required."
Information	10/19/2019 15:26	Microsoft-Windows-PrintService	307	Printing a document	"Document 116, Print Document owned by vponti01 on \\MESOEL06484 was printed on VLS3.60 through port UCP-1.  Size in bytes: 51792. Pages printed: 1. No user action is required."
Information	10/19/2019 15:30	Microsoft-Windows-PrintService	307	Printing a document	"Document 117, Print Document owned by vponti01 on \\MESOEL06484 was printed on VLS3.60 through port UCP-1.  Size in bytes: 51792. Pages printed: 1. No user action is required."
Information	10/19/2019 15:57	Microsoft-Windows-PrintService	307	Printing a document	"Document 118, Print Document owned by vponti01 on \\MESOEL06484 was printed on VLS3.60 through port UCP-1.  Size in bytes: 5500. Pages printed: 1. No user action is required."
Information	10/19/2019 15:57	Microsoft-Windows-PrintService	307	Printing a document	"Document 119, Print Document owned by vponti01 on \\MESOEL06484 was printed on VLS3.60 through port UCP-1.  Size in bytes: 5200. Pages printed: 1. No user action is required."
Information	10/19/2019 15:58	Microsoft-Windows-PrintService	307	Printing a document	"Document 120, Print Document owned by vponti01 on \\MESOEL06484 was printed on VLS3.60 through port UCP-1.  Size in bytes: 5200. Pages printed: 1. No user action is required."
Information	10/19/2019 15:59	Microsoft-Windows-PrintService	307	Printing a document	"Document 121, Print Document owned by vponti01 on \\MESOEL06484 was printed on VLS3.60 through port UCP-1.  Size in bytes: 5200. Pages printed: 1. No user action is required."
Information	10/19/2019 15:59	Microsoft-Windows-PrintService	307	Printing a document	"Document 122, Print Document owned by vponti01 on \\MESOEL06484 was printed on VLS3.60 through port UCP-1.  Size in bytes: 4944. Pages printed: 1. No user action is required."
Information	10/19/2019 16:02	Microsoft-Windows-PrintService	307	Printing a document	"Document 123, Print Document owned by vponti01 on \\MESOEL06484 was printed on VLS3.60 through port UCP-1.  Size in bytes: 752. Pages printed: 1. No user action is required."
Information	10/19/2019 16:07	Microsoft-Windows-PrintService	307	Printing a document	"Document 124, Print Document owned by vponti01 on \\MESOEL06484 was printed on VLS3.60 through port UCP-1.  Size in bytes: 30768. Pages printed: 1. No user action is required."
Information	10/19/2019 16:12	Microsoft-Windows-PrintService	307	Printing a document	"Document 125, Print Document owned by vponti01 on \\MESOEL06484 was printed on VLS3.60 through port UCP-1.  Size in bytes: 1261240. Pages printed: 1. No user action is required."
Information	10/19/2019 16:15	Microsoft-Windows-PrintService	307	Printing a document	"Document 126, Print Document owned by vponti01 on \\MESOEL06484 was printed on VLS3.60 through port UCP-1.  Size in bytes: 1261240. Pages printed: 1. No user action is required."
Information	10/19/2019 16:18	Microsoft-Windows-PrintService	307	Printing a document	"Document 127, Print Document owned by vponti01 on \\MESOEL06484 was printed on VLS3.60 through port UCP-1.  Size in bytes: 1262072. Pages printed: 1. No user action is required."
Information	10/19/2019 16:36	Microsoft-Windows-PrintService	307	Printing a document	"Document 128, Print Document owned by vponti01 on \\MESOEL06484 was printed on VLS3.60 through port UCP-1.  Size in bytes: 40016. Pages printed: 1. No user action is required."
Information	10/19/2019 16:41	Microsoft-Windows-PrintService	307	Printing a document	"Document 129, Print Document owned by vponti01 on \\MESOEL06484 was printed on VLS3.60 through port UCP-1.  Size in bytes: 75672. Pages printed: 1. No user action is required."
Information	10/19/2019 16:50	Microsoft-Windows-PrintService	307	Printing a document	"Document 130, Print Document owned by vponti01 on \\MESOEL06484 was printed on VLS3.60 through port UCP-1.  Size in bytes: 15912. Pages printed: 1. No user action is required."
Information	10/19/2019 17:14	Microsoft-Windows-PrintService	307	Printing a document	"Document 131, Print Document owned by vponti01 on \\MESOEL06484 was printed on VLS3.60 through port UCP-1.  Size in bytes: 2601472. Pages printed: 1. No user action is required."
Information	10/19/2019 17:15	Microsoft-Windows-PrintService	307	Printing a document	"Document 132, Print Document owned by vponti01 on \\MESOEL06484 was printed on VLS3.60 through port UCP-1.  Size in bytes: 2601472. Pages printed: 1. No user action is required."
Information	10/19/2019 17:27	Microsoft-Windows-PrintService	307	Printing a document	"Document 133, Print Document owned by vponti01 on \\MESOEL06484 was printed on VLS3.60 through port UCP-1.  Size in bytes: 1198168. Pages printed: 1. No user action is required."
Information	10/19/2019 17:27	Microsoft-Windows-PrintService	307	Printing a document	"Document 134, Print Document owned by vponti01 on \\MESOEL06484 was printed on VLS3.60 through port UCP-1.  Size in bytes: 15604. Pages printed: 1. No user action is required."
Information	10/19/2019 17:28	Microsoft-Windows-PrintService	307	Printing a document	"Document 135, Print Document owned by vponti01 on \\MESOEL06484 was printed on VLS3.60 through port UCP-1.  Size in bytes: 17988. Pages printed: 1. No user action is required."
Information	10/19/2019 17:29	Microsoft-Windows-PrintService	307	Printing a document	"Document 136, Print Document owned by vponti01 on \\MESOEL06484 was printed on VLS3.60 through port UCP-1.  Size in bytes: 15604. Pages printed: 1. No user action is required."
Information	10/19/2019 18:05	Microsoft-Windows-PrintService	307	Printing a document	"Document 137, Print Document owned by vponti01 on \\MESOEL06484 was printed on VLS3.60 through port UCP-1.  Size in bytes: 866092. Pages printed: 1. No user action is required."
Information	10/19/2019 18:07	Microsoft-Windows-PrintService	307	Printing a document	"Document 138, Print Document owned by vponti01 on \\MESOEL06484 was printed on VLS3.60 through port UCP-1.  Size in bytes: 869820. Pages printed: 1. No user action is required."
Information	10/19/2019 18:08	Microsoft-Windows-PrintService	307	Printing a document	"Document 139, Print Document owned by vponti01 on \\MESOEL06484 was printed on VLS3.60 through port UCP-1.  Size in bytes: 387244. Pages printed: 1. No user action is required."
Information	10/19/2019 18:34	Microsoft-Windows-PrintService	307	Printing a document	"Document 140, Print Document owned by vponti01 on \\MESOEL06484 was printed on VLS3.60 through port UCP-1.  Size in bytes: 9600. Pages printed: 1. No user action is required."
Information	10/19/2019 18:35	Microsoft-Windows-PrintService	307	Printing a document	"Document 141, Print Document owned by vponti01 on \\MESOEL06484 was printed on VLS3.60 through port UCP-1.  Size in bytes: 9600. Pages printed: 1. No user action is required."
Information	10/19/2019 18:38	Microsoft-Windows-PrintService	307	Printing a document	"Document 142, Print Document owned by vponti01 on \\MESOEL06484 was printed on VLS3.60 through port UCP-1.  Size in bytes: 9600. Pages printed: 1. No user action is required."
Information	10/19/2019 19:09	Microsoft-Windows-PrintService	307	Printing a document	"Document 143, Print Document owned by vponti01 on \\MESOEL06484 was printed on VLS3.60 through port UCP-1.  Size in bytes: 185300. Pages printed: 1. No user action is required."
Information	10/19/2019 19:37	Microsoft-Windows-PrintService	307	Printing a document	"Document 144, Print Document owned by vponti01 on \\MESOEL06484 was printed on VLS3.60 through port UCP-1.  Size in bytes: 26984. Pages printed: 1. No user action is required."
Information	10/19/2019 20:07	Microsoft-Windows-PrintService	307	Printing a document	"Document 145, Print Document owned by vponti01 on \\MESOEL06484 was printed on VLS3.60 through port UCP-1.  Size in bytes: 44500. Pages printed: 1. No user action is required."
Information	10/19/2019 20:10	Microsoft-Windows-PrintService	307	Printing a document	"Document 146, Print Document owned by vponti01 on \\MESOEL06484 was printed on VLS3.60 through port UCP-1.  Size in bytes: 44500. Pages printed: 1. No user action is required."
Information	10/19/2019 20:12	Microsoft-Windows-PrintService	307	Printing a document	"Document 147, Print Document owned by vponti01 on \\MESOEL06484 was printed on VLS3.60 through port UCP-1.  Size in bytes: 45052. Pages printed: 1. No user action is required."
Information	10/19/2019 20:13	Microsoft-Windows-PrintService	307	Printing a document	"Document 148, Print Document owned by vponti01 on \\MESOEL06484 was printed on VLS3.60 through port UCP-1.  Size in bytes: 44500. Pages printed: 1. No user action is required."
Information	10/19/2019 20:13	Microsoft-Windows-PrintService	307	Printing a document	"Document 149, Print Document owned by vponti01 on \\MESOEL06484 was printed on VLS3.60 through port UCP-1.  Size in bytes: 45236. Pages printed: 1. No user action is required."
Information	10/19/2019 20:21	Microsoft-Windows-PrintService	307	Printing a document	"Document 150, Print Document owned by vponti01 on \\MESOEL06484 was printed on VLS3.60 through port UCP-1.  Size in bytes: 44500. Pages printed: 1. No user action is required."
Information	10/19/2019 20:44	Microsoft-Windows-PrintService	307	Printing a document	"Document 151, Print Document owned by vponti01 on \\MESOEL06484 was printed on VLS3.60 through port UCP-1.  Size in bytes: 5354536. Pages printed: 1. No user action is required."
Information	10/19/2019 20:45	Microsoft-Windows-PrintService	307	Printing a document	"Document 152, Print Document owned by vponti01 on \\MESOEL06484 was printed on VLS3.60 through port UCP-1.  Size in bytes: 5354536. Pages printed: 1. No user action is required."
Information	10/19/2019 20:58	Microsoft-Windows-PrintService	307	Printing a document	"Document 153, Print Document owned by vponti01 on \\MESOEL06484 was printed on VLS3.60 through port UCP-1.  Size in bytes: 5354524. Pages printed: 1. No user action is required."
Information	10/19/2019 20:59	Microsoft-Windows-PrintService	307	Printing a document	"Document 154, Print Document owned by vponti01 on \\MESOEL06484 was printed on VLS3.60 through port UCP-1.  Size in bytes: 5354596. Pages printed: 1. No user action is required."
Information	10/19/2019 20:59	Microsoft-Windows-PrintService	307	Printing a document	"Document 155, Print Document owned by vponti01 on \\MESOEL06484 was printed on VLS3.60 through port UCP-1.  Size in bytes: 5354596. Pages printed: 1. No user action is required."
Information	10/19/2019 21:01	Microsoft-Windows-PrintService	307	Printing a document	"Document 156, Print Document owned by vponti01 on \\MESOEL06484 was printed on VLS3.60 through port UCP-1.  Size in bytes: 1008. Pages printed: 1. No user action is required."
Information	10/19/2019 21:01	Microsoft-Windows-PrintService	307	Printing a document	"Document 157, Print Document owned by vponti01 on \\MESOEL06484 was printed on VLS3.60 through port UCP-1.  Size in bytes: 1076. Pages printed: 1. No user action is required."
Information	10/19/2019 21:01	Microsoft-Windows-PrintService	307	Printing a document	"Document 158, Print Document owned by vponti01 on \\MESOEL06484 was printed on VLS3.60 through port UCP-1.  Size in bytes: 5354536. Pages printed: 1. No user action is required."
Information	10/19/2019 21:01	Microsoft-Windows-PrintService	307	Printing a document	"Document 159, Print Document owned by vponti01 on \\MESOEL06484 was printed on VLS3.60 through port UCP-1.  Size in bytes: 5385172. Pages printed: 1. No user action is required."
Information	10/19/2019 21:02	Microsoft-Windows-PrintService	307	Printing a document	"Document 160, Print Document owned by vponti01 on \\MESOEL06484 was printed on VLS3.60 through port UCP-1.  Size in bytes: 1076. Pages printed: 1. No user action is required."
Information	10/19/2019 21:03	Microsoft-Windows-PrintService	307	Printing a document	"Document 161, Print Document owned by vponti01 on \\MESOEL06484 was printed on VLS3.60 through port UCP-1.  Size in bytes: 75172. Pages printed: 1. No user action is required."
Information	10/19/2019 21:04	Microsoft-Windows-PrintService	307	Printing a document	"Document 162, Print Document owned by vponti01 on \\MESOEL06484 was printed on VLS3.60 through port UCP-1.  Size in bytes: 74464. Pages printed: 1. No user action is required."
Information	10/19/2019 21:19	Microsoft-Windows-PrintService	307	Printing a document	"Document 163, Print Document owned by vponti01 on \\MESOEL06484 was printed on VLS3.60 through port UCP-1.  Size in bytes: 74424. Pages printed: 1. No user action is required."
Information	10/19/2019 22:12	Microsoft-Windows-PrintService	307	Printing a document	"Document 164, Print Document owned by vponti01 on \\MESOEL06484 was printed on VLS3.60 through port UCP-1.  Size in bytes: 49164. Pages printed: 1. No user action is required."
Information	10/19/2019 22:13	Microsoft-Windows-PrintService	307	Printing a document	"Document 165, Print Document owned by vponti01 on \\MESOEL06484 was printed on VLS3.60 through port UCP-1.  Size in bytes: 49164. Pages printed: 1. No user action is required."
Information	10/19/2019 22:26	Microsoft-Windows-PrintService	307	Printing a document	"Document 166, Print Document owned by vponti01 on \\MESOEL06484 was printed on VLS3.60 through port UCP-1.  Size in bytes: 50268. Pages printed: 1. No user action is required."
Information	10/19/2019 22:28	Microsoft-Windows-PrintService	307	Printing a document	"Document 167, Print Document owned by vponti01 on \\MESOEL06484 was printed on VLS3.60 through port UCP-1.  Size in bytes: 50268. Pages printed: 1. No user action is required."
Information	10/19/2019 22:29	Microsoft-Windows-PrintService	307	Printing a document	"Document 168, Print Document owned by vponti01 on \\MESOEL06484 was printed on VLS3.60 through port UCP-1.  Size in bytes: 50268. Pages printed: 1. No user action is required."
Information	10/19/2019 22:44	Microsoft-Windows-PrintService	307	Printing a document	"Document 169, Print Document owned by vponti01 on \\MESOEL06484 was printed on VLS3.60 through port UCP-1.  Size in bytes: 28196. Pages printed: 1. No user action is required."
Information	10/19/2019 22:57	Microsoft-Windows-PrintService	307	Printing a document	"Document 170, Print Document owned by vponti01 on \\MESOEL06484 was printed on VLS3.60 through port UCP-1.  Size in bytes: 1392. Pages printed: 1. No user action is required."
Information	10/19/2019 23:11	Microsoft-Windows-PrintService	307	Printing a document	"Document 171, Print Document owned by vponti01 on \\MESOEL06484 was printed on VLS3.60 through port UCP-1.  Size in bytes: 44676. Pages printed: 1. No user action is required."
Information	10/19/2019 23:34	Microsoft-Windows-PrintService	307	Printing a document	"Document 172, Print Document owned by vponti01 on \\MESOEL06484 was printed on VLS3.60 through port UCP-1.  Size in bytes: 51344. Pages printed: 1. No user action is required."
Information	10/19/2019 23:35	Microsoft-Windows-PrintService	307	Printing a document	"Document 173, Print Document owned by vponti01 on \\MESOEL06484 was printed on VLS3.60 through port UCP-1.  Size in bytes: 51344. Pages printed: 1. No user action is required."
Information	10/20/2019 12:36	Microsoft-Windows-PrintService	307	Printing a document	"Document 174, Print Document owned by fvande01 on \\MESOEL06484 was printed on VLS3.60 through port UCP-1.  Size in bytes: 10336. Pages printed: 1. No user action is required."
Information	10/20/2019 12:45	Microsoft-Windows-PrintService	307	Printing a document	"Document 175, Print Document owned by fvande01 on \\MESOEL06484 was printed on VLS3.60 through port UCP-1.  Size in bytes: 5920. Pages printed: 1. No user action is required."
Information	10/20/2019 13:33	Microsoft-Windows-PrintService	307	Printing a document	"Document 176, Print Document owned by fvande01 on \\MESOEL06484 was printed on VLS3.60 through port UCP-1.  Size in bytes: 2412520. Pages printed: 1. No user action is required."
Information	10/20/2019 14:14	Microsoft-Windows-PrintService	307	Printing a document	"Document 177, Print Document owned by fvande01 on \\MESOEL06484 was printed on VLS3.60 through port UCP-1.  Size in bytes: 14468032. Pages printed: 1. No user action is required."
Information	10/20/2019 14:18	Microsoft-Windows-PrintService	307	Printing a document	"Document 178, Print Document owned by fvande01 on \\MESOEL06484 was printed on VLS3.60 through port UCP-1.  Size in bytes: 14468032. Pages printed: 1. No user action is required."
Information	10/20/2019 14:24	Microsoft-Windows-PrintService	307	Printing a document	"Document 179, Print Document owned by fvande01 on \\MESOEL06484 was printed on VLS3.60 through port UCP-1.  Size in bytes: 14419648. Pages printed: 1. No user action is required."
Information	10/20/2019 14:24	Microsoft-Windows-PrintService	307	Printing a document	"Document 180, Print Document owned by fvande01 on \\MESOEL06484 was printed on VLS3.60 through port UCP-1.  Size in bytes: 14419648. Pages printed: 1. No user action is required."
Information	10/20/2019 14:25	Microsoft-Windows-PrintService	307	Printing a document	"Document 181, Print Document owned by fvande01 on \\MESOEL06484 was printed on VLS3.60 through port UCP-1.  Size in bytes: 14419648. Pages printed: 1. No user action is required."
Information	10/20/2019 14:49	Microsoft-Windows-PrintService	307	Printing a document	"Document 182, Print Document owned by fvande01 on \\MESOEL06484 was printed on VLS3.60 through port UCP-1.  Size in bytes: 2912128. Pages printed: 1. No user action is required."
Information	10/20/2019 14:51	Microsoft-Windows-PrintService	307	Printing a document	"Document 183, Print Document owned by fvande01 on \\MESOEL06484 was printed on VLS3.60 through port UCP-1.  Size in bytes: 2936040. Pages printed: 1. No user action is required."
Information	10/20/2019 14:57	Microsoft-Windows-PrintService	307	Printing a document	"Document 184, Print Document owned by fvande01 on \\MESOEL06484 was printed on VLS3.60 through port UCP-1.  Size in bytes: 2936168. Pages printed: 1. No user action is required."
Information	10/20/2019 14:57	Microsoft-Windows-PrintService	307	Printing a document	"Document 185, Print Document owned by fvande01 on \\MESOEL06484 was printed on VLS3.60 through port UCP-1.  Size in bytes: 2936168. Pages printed: 1. No user action is required."
Information	10/20/2019 14:57	Microsoft-Windows-PrintService	307	Printing a document	"Document 186, Print Document owned by fvande01 on \\MESOEL06484 was printed on VLS3.60 through port UCP-1.  Size in bytes: 2936168. Pages printed: 1. No user action is required."
Information	10/20/2019 15:05	Microsoft-Windows-PrintService	307	Printing a document	"Document 187, Print Document owned by fvande01 on \\MESOEL06484 was printed on VLS3.60 through port UCP-1.  Size in bytes: 6224. Pages printed: 1. No user action is required."
Information	10/20/2019 15:35	Microsoft-Windows-PrintService	307	Printing a document	"Document 188, Print Document owned by fvande01 on \\MESOEL06484 was printed on VLS3.60 through port UCP-1.  Size in bytes: 584. Pages printed: 1. No user action is required."
Information	10/20/2019 15:45	Microsoft-Windows-PrintService	307	Printing a document	"Document 189, Print Document owned by fvande01 on \\MESOEL06484 was printed on VLS3.60 through port UCP-1.  Size in bytes: 888. Pages printed: 1. No user action is required."
Information	10/20/2019 15:52	Microsoft-Windows-PrintService	307	Printing a document	"Document 190, Print Document owned by fvande01 on \\MESOEL06484 was printed on VLS3.60 through port UCP-1.  Size in bytes: 6224. Pages printed: 1. No user action is required."
Information	10/20/2019 16:41	Microsoft-Windows-PrintService	307	Printing a document	"Document 191, Print Document owned by jkanov01 on \\MESOEL06484 was printed on VLS3.60 through port UCP-1.  Size in bytes: 656. Pages printed: 1. No user action is required."
Information	10/20/2019 16:52	Microsoft-Windows-PrintService	307	Printing a document	"Document 192, Print Document owned by jkanov01 on \\MESOEL06484 was printed on VLS3.60 through port UCP-1.  Size in bytes: 26144. Pages printed: 1. No user action is required."
Information	10/20/2019 17:16	Microsoft-Windows-PrintService	307	Printing a document	"Document 193, Print Document owned by jkanov01 on \\MESOEL06484 was printed on VLS3.60 through port UCP-1.  Size in bytes: 4264. Pages printed: 1. No user action is required."
Information	10/20/2019 17:27	Microsoft-Windows-PrintService	307	Printing a document	"Document 194, Print Document owned by jkanov01 on \\MESOEL06484 was printed on VLS3.60 through port UCP-1.  Size in bytes: 26144. Pages printed: 1. No user action is required."
Information	10/20/2019 17:49	Microsoft-Windows-PrintService	307	Printing a document	"Document 195, Print Document owned by jkanov01 on \\MESOEL06484 was printed on VLS3.60 through port UCP-1.  Size in bytes: 30092. Pages printed: 1. No user action is required."
Information	10/20/2019 18:10	Microsoft-Windows-PrintService	307	Printing a document	"Document 196, Print Document owned by jkanov01 on \\MESOEL06484 was printed on VLS3.60 through port UCP-1.  Size in bytes: 976. Pages printed: 1. No user action is required."
Information	10/20/2019 18:15	Microsoft-Windows-PrintService	307	Printing a document	"Document 197, Print Document owned by jkanov01 on \\MESOEL06484 was printed on VLS3.60 through port UCP-1.  Size in bytes: 976. Pages printed: 1. No user action is required."
Information	10/20/2019 18:44	Microsoft-Windows-PrintService	307	Printing a document	"Document 198, Print Document owned by fvande01 on \\MESOEL06484 was printed on VLS3.60 through port UCP-1.  Size in bytes: 4096. Pages printed: 1. No user action is required."
Information	10/20/2019 18:49	Microsoft-Windows-PrintService	307	Printing a document	"Document 199, Print Document owned by fvande01 on \\MESOEL06484 was printed on VLS3.60 through port UCP-1.  Size in bytes: 4096. Pages printed: 1. No user action is required."
Information	10/20/2019 18:50	Microsoft-Windows-PrintService	307	Printing a document	"Document 200, Print Document owned by fvande01 on \\MESOEL06484 was printed on VLS3.60 through port UCP-1.  Size in bytes: 4096. Pages printed: 1. No user action is required."
Information	10/20/2019 18:51	Microsoft-Windows-PrintService	307	Printing a document	"Document 201, Print Document owned by fvande01 on \\MESOEL06484 was printed on VLS3.60 through port UCP-1.  Size in bytes: 4624. Pages printed: 1. No user action is required."
Information	10/20/2019 18:53	Microsoft-Windows-PrintService	307	Printing a document	"Document 202, Print Document owned by fvande01 on \\MESOEL06484 was printed on VLS3.60 through port UCP-1.  Size in bytes: 4624. Pages printed: 1. No user action is required."
Information	10/20/2019 19:41	Microsoft-Windows-PrintService	307	Printing a document	"Document 203, Print Document owned by jmorse05 on \\MESOEL06484 was printed on VLS3.60 through port UCP-1.  Size in bytes: 19600. Pages printed: 1. No user action is required."
Information	10/20/2019 19:46	Microsoft-Windows-PrintService	307	Printing a document	"Document 204, Print Document owned by jmorse05 on \\MESOEL06484 was printed on VLS3.60 through port UCP-1.  Size in bytes: 19600. Pages printed: 1. No user action is required."
Information	10/20/2019 19:48	Microsoft-Windows-PrintService	307	Printing a document	"Document 205, Print Document owned by jmorse05 on \\MESOEL06484 was printed on VLS3.60 through port UCP-1.  Size in bytes: 19600. Pages printed: 1. No user action is required."
Information	10/20/2019 19:50	Microsoft-Windows-PrintService	307	Printing a document	"Document 206, Print Document owned by jmorse05 on \\MESOEL06484 was printed on VLS3.60 through port UCP-1.  Size in bytes: 21520. Pages printed: 1. No user action is required."
Information	10/20/2019 20:58	Microsoft-Windows-PrintService	307	Printing a document	"Document 207, Print Document owned by azulch01 on \\MESOEL06484 was printed on VLS3.60 through port UCP-1.  Size in bytes: 12184. Pages printed: 1. No user action is required."
Information	10/20/2019 21:24	Microsoft-Windows-PrintService	307	Printing a document	"Document 208, Print Document owned by azulch01 on \\MESOEL06484 was printed on VLS3.60 through port UCP-1.  Size in bytes: 12688. Pages printed: 1. No user action is required."
Information	10/20/2019 21:28	Microsoft-Windows-PrintService	307	Printing a document	"Document 209, Print Document owned by azulch01 on \\MESOEL06484 was printed on VLS3.60 through port UCP-1.  Size in bytes: 12688. Pages printed: 1. No user action is required."
Information	10/20/2019 21:30	Microsoft-Windows-PrintService	307	Printing a document	"Document 210, Print Document owned by azulch01 on \\MESOEL06484 was printed on VLS3.60 through port UCP-1.  Size in bytes: 12688. Pages printed: 1. No user action is required."
Information	10/20/2019 21:35	Microsoft-Windows-PrintService	307	Printing a document	"Document 211, Print Document owned by azulch01 on \\MESOEL06484 was printed on VLS3.60 through port UCP-1.  Size in bytes: 7200. Pages printed: 1. No user action is required."
Information	10/20/2019 22:12	Microsoft-Windows-PrintService	307	Printing a document	"Document 212, Print Document owned by azulch01 on \\MESOEL06484 was printed on VLS3.60 through port UCP-1.  Size in bytes: 35976. Pages printed: 1. No user action is required."
Information	10/20/2019 22:48	Microsoft-Windows-PrintService	307	Printing a document	"Document 213, Print Document owned by azulch01 on \\MESOEL06484 was printed on VLS3.60 through port UCP-1.  Size in bytes: 5396. Pages printed: 1. No user action is required."
Information	10/20/2019 22:52	Microsoft-Windows-PrintService	307	Printing a document	"Document 214, Print Document owned by azulch01 on \\MESOEL06484 was printed on VLS3.60 through port UCP-1.  Size in bytes: 5396. Pages printed: 1. No user action is required."
Information	10/20/2019 22:54	Microsoft-Windows-PrintService	307	Printing a document	"Document 215, Print Document owned by azulch01 on \\MESOEL06484 was printed on VLS3.60 through port UCP-1.  Size in bytes: 5396. Pages printed: 1. No user action is required."
Information	10/20/2019 23:12	Microsoft-Windows-PrintService	307	Printing a document	"Document 216, Print Document owned by azulch01 on \\MESOEL06484 was printed on VLS3.60 through port UCP-1.  Size in bytes: 6612. Pages printed: 1. No user action is required."
Information	10/20/2019 23:18	Microsoft-Windows-PrintService	307	Printing a document	"Document 217, Print Document owned by azulch01 on \\MESOEL06484 was printed on VLS3.60 through port UCP-1.  Size in bytes: 6612. Pages printed: 1. No user action is required."
Information	10/20/2019 23:22	Microsoft-Windows-PrintService	307	Printing a document	"Document 218, Print Document owned by azulch01 on \\MESOEL06484 was printed on VLS3.60 through port UCP-1.  Size in bytes: 6612. Pages printed: 1. No user action is required."
Information	10/20/2019 23:25	Microsoft-Windows-PrintService	307	Printing a document	"Document 219, Print Document owned by azulch01 on \\MESOEL06484 was printed on VLS3.60 through port UCP-1.  Size in bytes: 1616. Pages printed: 1. No user action is required."
Information	10/20/2019 23:27	Microsoft-Windows-PrintService	307	Printing a document	"Document 220, Print Document owned by azulch01 on \\MESOEL06484 was printed on VLS3.60 through port UCP-1.  Size in bytes: 1616. Pages printed: 1. No user action is required."
Information	10/20/2019 23:36	Microsoft-Windows-PrintService	307	Printing a document	"Document 221, Print Document owned by azulch01 on \\MESOEL06484 was printed on VLS3.60 through port UCP-1.  Size in bytes: 1264. Pages printed: 1. No user action is required."
Information	10/20/2019 23:36	Microsoft-Windows-PrintService	307	Printing a document	"Document 222, Print Document owned by azulch01 on \\MESOEL06484 was printed on VLS3.60 through port UCP-1.  Size in bytes: 1264. Pages printed: 1. No user action is required."
Information	10/20/2019 23:39	Microsoft-Windows-PrintService	307	Printing a document	"Document 223, Print Document owned by azulch01 on \\MESOEL06484 was printed on VLS3.60 through port UCP-1.  Size in bytes: 1616. Pages printed: 1. No user action is required."
Information	10/20/2019 23:43	Microsoft-Windows-PrintService	307	Printing a document	"Document 224, Print Document owned by azulch01 on \\MESOEL06484 was printed on VLS3.60 through port UCP-1.  Size in bytes: 11920. Pages printed: 1. No user action is required."
Information	10/20/2019 23:43	Microsoft-Windows-PrintService	307	Printing a document	"Document 225, Print Document owned by azulch01 on \\MESOEL06484 was printed on VLS3.60 through port UCP-1.  Size in bytes: 11920. Pages printed: 1. No user action is required."
Information	10/20/2019 23:47	Microsoft-Windows-PrintService	307	Printing a document	"Document 226, Print Document owned by azulch01 on \\MESOEL06484 was printed on VLS3.60 through port UCP-1.  Size in bytes: 29584. Pages printed: 1. No user action is required."
Information	10/21/2019 9:30	Microsoft-Windows-PrintService	307	Printing a document	"Document 227, Print Document owned by azulch01 on \\MESOEL06484 was printed on VLS3.60 through port UCP-1.  Size in bytes: 21596. Pages printed: 1. No user action is required."
Information	10/21/2019 9:31	Microsoft-Windows-PrintService	307	Printing a document	"Document 228, Print Document owned by azulch01 on \\MESOEL06484 was printed on VLS3.60 through port UCP-1.  Size in bytes: 21596. Pages printed: 1. No user action is required."
Information	10/21/2019 9:32	Microsoft-Windows-PrintService	307	Printing a document	"Document 229, Print Document owned by azulch01 on \\MESOEL06484 was printed on VLS3.60 through port UCP-1.  Size in bytes: 4752. Pages printed: 1. No user action is required."
Information	10/21/2019 9:58	Microsoft-Windows-PrintService	307	Printing a document	"Document 230, Print Document owned by azulch01 on \\MESOEL06484 was printed on VLS3.60 through port UCP-1.  Size in bytes: 11303952. Pages printed: 1. No user action is required."
Information	10/21/2019 9:58	Microsoft-Windows-PrintService	307	Printing a document	"Document 231, Print Document owned by azulch01 on \\MESOEL06484 was printed on VLS3.60 through port UCP-1.  Size in bytes: 11303952. Pages printed: 1. No user action is required."
Information	10/21/2019 9:59	Microsoft-Windows-PrintService	307	Printing a document	"Document 232, Print Document owned by azulch01 on \\MESOEL06484 was printed on VLS3.60 through port UCP-1.  Size in bytes: 11303952. Pages printed: 1. No user action is required."
Information	10/21/2019 9:59	Microsoft-Windows-PrintService	307	Printing a document	"Document 233, Print Document owned by azulch01 on \\MESOEL06484 was printed on VLS3.60 through port UCP-1.  Size in bytes: 11303952. Pages printed: 1. No user action is required."
Information	10/21/2019 10:17	Microsoft-Windows-PrintService	307	Printing a document	"Document 234, Print Document owned by azulch01 on \\MESOEL06484 was printed on VLS3.60 through port UCP-1.  Size in bytes: 3088. Pages printed: 1. No user action is required."
Information	10/21/2019 10:23	Microsoft-Windows-PrintService	307	Printing a document	"Document 235, Print Document owned by azulch01 on \\MESOEL06484 was printed on VLS3.60 through port UCP-1.  Size in bytes: 3088. Pages printed: 1. No user action is required."
Information	10/21/2019 10:23	Microsoft-Windows-PrintService	307	Printing a document	"Document 236, Print Document owned by azulch01 on \\MESOEL06484 was printed on VLS3.60 through port UCP-1.  Size in bytes: 1424. Pages printed: 1. No user action is required."
Information	10/21/2019 12:51	Microsoft-Windows-PrintService	307	Printing a document	"Document 237, Print Document owned by azulch01 on \\MESOEL06484 was printed on VLS3.60 through port UCP-1.  Size in bytes: 7968. Pages printed: 1. No user action is required."
Information	10/21/2019 12:56	Microsoft-Windows-PrintService	307	Printing a document	"Document 238, Print Document owned by azulch01 on \\MESOEL06484 was printed on VLS3.60 through port UCP-1.  Size in bytes: 8000. Pages printed: 1. No user action is required."
Information	10/21/2019 12:57	Microsoft-Windows-PrintService	307	Printing a document	"Document 239, Print Document owned by azulch01 on \\MESOEL06484 was printed on VLS3.60 through port UCP-1.  Size in bytes: 7648. Pages printed: 1. No user action is required."
Information	10/21/2019 12:58	Microsoft-Windows-PrintService	307	Printing a document	"Document 240, Print Document owned by azulch01 on \\MESOEL06484 was printed on VLS3.60 through port UCP-1.  Size in bytes: 7648. Pages printed: 1. No user action is required."
Information	10/21/2019 13:06	Microsoft-Windows-PrintService	307	Printing a document	"Document 241, Print Document owned by azulch01 on \\MESOEL06484 was printed on VLS3.60 through port UCP-1.  Size in bytes: 7648. Pages printed: 1. No user action is required."
Information	10/21/2019 13:12	Microsoft-Windows-PrintService	307	Printing a document	"Document 242, Print Document owned by azulch01 on \\MESOEL06484 was printed on VLS3.60 through port UCP-1.  Size in bytes: 7648. Pages printed: 1. No user action is required."
Information	10/21/2019 13:13	Microsoft-Windows-PrintService	307	Printing a document	"Document 243, Print Document owned by azulch01 on \\MESOEL06484 was printed on VLS3.60 through port UCP-1.  Size in bytes: 7648. Pages printed: 1. No user action is required."
Information	10/21/2019 13:17	Microsoft-Windows-PrintService	307	Printing a document	"Document 244, Print Document owned by azulch01 on \\MESOEL06484 was printed on VLS3.60 through port UCP-1.  Size in bytes: 7648. Pages printed: 1. No user action is required."
Information	10/21/2019 13:17	Microsoft-Windows-PrintService	307	Printing a document	"Document 245, Print Document owned by azulch01 on \\MESOEL06484 was printed on VLS3.60 through port UCP-1.  Size in bytes: 7648. Pages printed: 1. No user action is required."
Information	10/21/2019 13:18	Microsoft-Windows-PrintService	307	Printing a document	"Document 246, Print Document owned by azulch01 on \\MESOEL06484 was printed on VLS3.60 through port UCP-1.  Size in bytes: 7648. Pages printed: 1. No user action is required."
Information	10/21/2019 13:44	Microsoft-Windows-PrintService	307	Printing a document	"Document 247, Print Document owned by azulch01 on \\MESOEL06484 was printed on VLS3.60 through port UCP-1.  Size in bytes: 16824. Pages printed: 1. No user action is required."
Information	10/21/2019 13:46	Microsoft-Windows-PrintService	307	Printing a document	"Document 248, Print Document owned by azulch01 on \\MESOEL06484 was printed on VLS3.60 through port UCP-1.  Size in bytes: 16856. Pages printed: 1. No user action is required."
Information	10/21/2019 13:50	Microsoft-Windows-PrintService	307	Printing a document	"Document 249, Print Document owned by azulch01 on \\MESOEL06484 was printed on VLS3.60 through port UCP-1.  Size in bytes: 16856. Pages printed: 1. No user action is required."
Information	10/21/2019 14:05	Microsoft-Windows-PrintService	307	Printing a document	"Document 250, Print Document owned by azulch01 on \\MESOEL06484 was printed on VLS3.60 through port UCP-1.  Size in bytes: 329520. Pages printed: 1. No user action is required."
Information	10/21/2019 14:06	Microsoft-Windows-PrintService	307	Printing a document	"Document 251, Print Document owned by azulch01 on \\MESOEL06484 was printed on VLS3.60 through port UCP-1.  Size in bytes: 197872. Pages printed: 1. No user action is required."
Information	10/21/2019 14:08	Microsoft-Windows-PrintService	307	Printing a document	"Document 252, Print Document owned by azulch01 on \\MESOEL06484 was printed on VLS3.60 through port UCP-1.  Size in bytes: 296608. Pages printed: 1. No user action is required."
Information	10/21/2019 14:08	Microsoft-Windows-PrintService	307	Printing a document	"Document 253, Print Document owned by azulch01 on \\MESOEL06484 was printed on VLS3.60 through port UCP-1.  Size in bytes: 296608. Pages printed: 1. No user action is required."
Information	10/21/2019 14:09	Microsoft-Windows-PrintService	307	Printing a document	"Document 254, Print Document owned by azulch01 on \\MESOEL06484 was printed on VLS3.60 through port UCP-1.  Size in bytes: 296608. Pages printed: 1. No user action is required."
Information	10/21/2019 14:10	Microsoft-Windows-PrintService	307	Printing a document	"Document 255, Print Document owned by azulch01 on \\MESOEL06484 was printed on VLS3.60 through port UCP-1.  Size in bytes: 296608. Pages printed: 1. No user action is required."
Information	10/21/2019 14:11	Microsoft-Windows-PrintService	307	Printing a document	"Document 1, Print Document owned by azulch01 on \\MESOEL06484 was printed on VLS3.60 through port UCP-1.  Size in bytes: 296608. Pages printed: 1. No user action is required."
Information	10/21/2019 14:44	Microsoft-Windows-PrintService	307	Printing a document	"Document 2, Print Document owned by azulch01 on \\MESOEL06484 was printed on VLS3.60 through port UCP-1.  Size in bytes: 11137172. Pages printed: 1. No user action is required."
Information	10/21/2019 14:45	Microsoft-Windows-PrintService	307	Printing a document	"Document 3, Print Document owned by azulch01 on \\MESOEL06484 was printed on VLS3.60 through port UCP-1.  Size in bytes: 11137172. Pages printed: 1. No user action is required."
Information	10/21/2019 14:47	Microsoft-Windows-PrintService	307	Printing a document	"Document 4, Print Document owned by azulch01 on \\MESOEL06484 was printed on VLS3.60 through port UCP-1.  Size in bytes: 11137172. Pages printed: 1. No user action is required."
Information	10/21/2019 14:49	Microsoft-Windows-PrintService	307	Printing a document	"Document 5, Print Document owned by azulch01 on \\MESOEL06484 was printed on VLS3.60 through port UCP-1.  Size in bytes: 11137172. Pages printed: 1. No user action is required."
Information	10/21/2019 15:40	Microsoft-Windows-PrintService	307	Printing a document	"Document 6, Print Document owned by azulch01 on \\MESOEL06484 was printed on VLS3.60 through port UCP-1.  Size in bytes: 3890212. Pages printed: 1. No user action is required."
Information	10/21/2019 16:15	Microsoft-Windows-PrintService	307	Printing a document	"Document 7, Print Document owned by azulch01 on \\MESOEL06484 was printed on VLS3.60 through port UCP-1.  Size in bytes: 16856. Pages printed: 1. No user action is required."
Information	10/21/2019 16:16	Microsoft-Windows-PrintService	307	Printing a document	"Document 8, Print Document owned by azulch01 on \\MESOEL06484 was printed on VLS3.60 through port UCP-1.  Size in bytes: 16856. Pages printed: 1. No user action is required."
Information	10/21/2019 16:26	Microsoft-Windows-PrintService	307	Printing a document	"Document 9, Print Document owned by azulch01 on \\MESOEL06484 was printed on VLS3.60 through port UCP-1.  Size in bytes: 11472. Pages printed: 1. No user action is required."
Information	10/21/2019 17:12	Microsoft-Windows-PrintService	307	Printing a document	"Document 10, Print Document owned by azulch01 on \\MESOEL06484 was printed on VLS3.60 through port UCP-1.  Size in bytes: 5808. Pages printed: 1. No user action is required."
Information	10/21/2019 19:07	Microsoft-Windows-PrintService	307	Printing a document	"Document 11, Print Document owned by azulch01 on \\MESOEL06484 was printed on VLS3.60 through port UCP-1.  Size in bytes: 644192. Pages printed: 1. No user action is required."
Information	10/21/2019 19:42	Microsoft-Windows-PrintService	307	Printing a document	"Document 12, Print Document owned by azulch01 on \\MESOEL06484 was printed on VLS3.60 through port UCP-1.  Size in bytes: 14432. Pages printed: 1. No user action is required."
Information	10/21/2019 19:48	Microsoft-Windows-PrintService	307	Printing a document	"Document 13, Print Document owned by azulch01 on \\MESOEL06484 was printed on VLS3.60 through port UCP-1.  Size in bytes: 3512. Pages printed: 2. No user action is required."
Information	10/21/2019 20:08	Microsoft-Windows-PrintService	307	Printing a document	"Document 14, Print Document owned by azulch01 on \\MESOEL06484 was printed on VLS3.60 through port UCP-1.  Size in bytes: 752. Pages printed: 1. No user action is required."
