Information	11/18/2019 19:07	Microsoft-Windows-PrintService	307	Printing a document	"Document 104, Print Document owned by wwind01 on \\MESOEL06484 was printed on VLS3.60 through port UCP-1.  Size in bytes: 44136. Pages printed: 1. No user action is required."
Information	11/18/2019 19:13	Microsoft-Windows-PrintService	307	Printing a document	"Document 105, Print Document owned by wwind01 on \\MESOEL06484 was printed on VLS3.60 through port UCP-1.  Size in bytes: 1448. Pages printed: 1. No user action is required."
Information	11/18/2019 19:36	Microsoft-Windows-PrintService	307	Printing a document	"Document 106, Print Document owned by wwind01 on \\MESOEL06484 was printed on VLS3.60 through port UCP-1.  Size in bytes: 10352. Pages printed: 1. No user action is required."
Information	11/18/2019 20:14	Microsoft-Windows-PrintService	307	Printing a document	"Document 107, Print Document owned by wwind01 on \\MESOEL06484 was printed on VLS3.60 through port UCP-1.  Size in bytes: 37664. Pages printed: 1. No user action is required."
Information	11/18/2019 20:15	Microsoft-Windows-PrintService	307	Printing a document	"Document 108, Print Document owned by wwind01 on \\MESOEL06484 was printed on VLS3.60 through port UCP-1.  Size in bytes: 38644. Pages printed: 1. No user action is required."
Information	11/18/2019 20:16	Microsoft-Windows-PrintService	307	Printing a document	"Document 109, Print Document owned by wwind01 on \\MESOEL06484 was printed on VLS3.60 through port UCP-1.  Size in bytes: 38888. Pages printed: 1. No user action is required."
Information	11/18/2019 20:40	Microsoft-Windows-PrintService	307	Printing a document	"Document 110, Print Document owned by wwind01 on \\MESOEL06484 was printed on VLS3.60 through port UCP-1.  Size in bytes: 35232. Pages printed: 1. No user action is required."
Information	11/18/2019 20:46	Microsoft-Windows-PrintService	307	Printing a document	"Document 111, Print Document owned by wwind01 on \\MESOEL06484 was printed on VLS3.60 through port UCP-1.  Size in bytes: 20848. Pages printed: 1. No user action is required."
Information	11/18/2019 20:53	Microsoft-Windows-PrintService	307	Printing a document	"Document 112, Print Document owned by wwind01 on \\MESOEL06484 was printed on VLS3.60 through port UCP-1.  Size in bytes: 8000. Pages printed: 1. No user action is required."
Information	11/18/2019 20:54	Microsoft-Windows-PrintService	307	Printing a document	"Document 113, Print Document owned by wwind01 on \\MESOEL06484 was printed on VLS3.60 through port UCP-1.  Size in bytes: 8000. Pages printed: 1. No user action is required."
Information	11/18/2019 20:54	Microsoft-Windows-PrintService	307	Printing a document	"Document 114, Print Document owned by wwind01 on \\MESOEL06484 was printed on VLS3.60 through port UCP-1.  Size in bytes: 8000. Pages printed: 1. No user action is required."
Information	11/18/2019 22:28	Microsoft-Windows-PrintService	307	Printing a document	"Document 115, Print Document owned by wwind01 on \\MESOEL06484 was printed on VLS3.60 through port UCP-1.  Size in bytes: 8216. Pages printed: 1. No user action is required."
Information	11/18/2019 22:35	Microsoft-Windows-PrintService	307	Printing a document	"Document 116, Print Document owned by wwind01 on \\MESOEL06484 was printed on VLS3.60 through port UCP-1.  Size in bytes: 8568. Pages printed: 1. No user action is required."
Information	11/19/2019 10:02	Microsoft-Windows-PrintService	307	Printing a document	"Document 117, Print Document owned by wwind01 on \\MESOEL06484 was printed on VLS3.60 through port UCP-1.  Size in bytes: 752. Pages printed: 1. No user action is required."
Information	11/19/2019 10:15	Microsoft-Windows-PrintService	307	Printing a document	"Document 118, Print Document owned by wwind01 on \\MESOEL06484 was printed on VLS3.60 through port UCP-1.  Size in bytes: 2616. Pages printed: 1. No user action is required."
Information	11/19/2019 11:30	Microsoft-Windows-PrintService	307	Printing a document	"Document 119, Print Document owned by wwind01 on \\MESOEL06484 was printed on VLS3.60 through port UCP-1.  Size in bytes: 215792. Pages printed: 1. No user action is required."
Information	11/19/2019 11:35	Microsoft-Windows-PrintService	307	Printing a document	"Document 120, Print Document owned by wwind01 on \\MESOEL06484 was printed on VLS3.60 through port UCP-1.  Size in bytes: 215792. Pages printed: 1. No user action is required."
Information	11/19/2019 11:37	Microsoft-Windows-PrintService	307	Printing a document	"Document 121, Print Document owned by wwind01 on \\MESOEL06484 was printed on VLS3.60 through port UCP-1.  Size in bytes: 215792. Pages printed: 1. No user action is required."
Information	11/19/2019 11:40	Microsoft-Windows-PrintService	307	Printing a document	"Document 122, Print Document owned by wwind01 on \\MESOEL06484 was printed on VLS3.60 through port UCP-1.  Size in bytes: 116824. Pages printed: 1. No user action is required."
Information	11/19/2019 11:45	Microsoft-Windows-PrintService	307	Printing a document	"Document 123, Print Document owned by wwind01 on \\MESOEL06484 was printed on VLS3.60 through port UCP-1.  Size in bytes: 215184. Pages printed: 1. No user action is required."
Information	11/19/2019 13:14	Microsoft-Windows-PrintService	307	Printing a document	"Document 124, Print Document owned by wwind01 on \\MESOEL06484 was printed on VLS3.60 through port UCP-1.  Size in bytes: 23248. Pages printed: 1. No user action is required."
Information	11/19/2019 13:16	Microsoft-Windows-PrintService	307	Printing a document	"Document 125, Print Document owned by wwind01 on \\MESOEL06484 was printed on VLS3.60 through port UCP-1.  Size in bytes: 23248. Pages printed: 1. No user action is required."
Information	11/19/2019 13:26	Microsoft-Windows-PrintService	307	Printing a document	"Document 126, Print Document owned by wwind01 on \\MESOEL06484 was printed on VLS3.60 through port UCP-1.  Size in bytes: 13296. Pages printed: 1. No user action is required."
Information	11/19/2019 13:27	Microsoft-Windows-PrintService	307	Printing a document	"Document 127, Print Document owned by wwind01 on \\MESOEL06484 was printed on VLS3.60 through port UCP-1.  Size in bytes: 10176. Pages printed: 1. No user action is required."
Information	11/19/2019 13:34	Microsoft-Windows-PrintService	307	Printing a document	"Document 128, Print Document owned by wwind01 on \\MESOEL06484 was printed on VLS3.60 through port UCP-1.  Size in bytes: 11008. Pages printed: 1. No user action is required."
Information	11/19/2019 13:45	Microsoft-Windows-PrintService	307	Printing a document	"Document 129, Print Document owned by wwind01 on \\MESOEL06484 was printed on VLS3.60 through port UCP-1.  Size in bytes: 5512. Pages printed: 1. No user action is required."
Information	11/19/2019 13:53	Microsoft-Windows-PrintService	307	Printing a document	"Document 130, Print Document owned by wwind01 on \\MESOEL06484 was printed on VLS3.60 through port UCP-1.  Size in bytes: 5512. Pages printed: 1. No user action is required."
Information	11/19/2019 14:03	Microsoft-Windows-PrintService	307	Printing a document	"Document 131, Print Document owned by wwind01 on \\MESOEL06484 was printed on VLS3.60 through port UCP-1.  Size in bytes: 7240. Pages printed: 1. No user action is required."
Information	11/19/2019 14:48	Microsoft-Windows-PrintService	307	Printing a document	"Document 132, Print Document owned by wwind01 on \\MESOEL06484 was printed on VLS3.60 through port UCP-1.  Size in bytes: 2864. Pages printed: 1. No user action is required."
Information	11/19/2019 14:52	Microsoft-Windows-PrintService	307	Printing a document	"Document 133, Print Document owned by wwind01 on \\MESOEL06484 was printed on VLS3.60 through port UCP-1.  Size in bytes: 2864. Pages printed: 1. No user action is required."
Information	11/19/2019 15:00	Microsoft-Windows-PrintService	307	Printing a document	"Document 134, Print Document owned by wwind01 on \\MESOEL06484 was printed on VLS3.60 through port UCP-1.  Size in bytes: 2864. Pages printed: 1. No user action is required."
Information	11/19/2019 15:18	Microsoft-Windows-PrintService	307	Printing a document	"Document 135, Print Document owned by wwind01 on \\MESOEL06484 was printed on VLS3.60 through port UCP-1.  Size in bytes: 752. Pages printed: 1. No user action is required."
Information	11/19/2019 16:11	Microsoft-Windows-PrintService	307	Printing a document	"Document 136, Print Document owned by wwind01 on \\MESOEL06484 was printed on VLS3.60 through port UCP-1.  Size in bytes: 656. Pages printed: 1. No user action is required."
Information	11/19/2019 16:14	Microsoft-Windows-PrintService	307	Printing a document	"Document 137, Print Document owned by wwind01 on \\MESOEL06484 was printed on VLS3.60 through port UCP-1.  Size in bytes: 656. Pages printed: 1. No user action is required."
Information	11/19/2019 16:54	Microsoft-Windows-PrintService	307	Printing a document	"Document 138, Print Document owned by wwind01 on \\MESOEL06484 was printed on VLS3.60 through port UCP-1.  Size in bytes: 60440. Pages printed: 1. No user action is required."
Information	11/19/2019 17:26	Microsoft-Windows-PrintService	307	Printing a document	"Document 139, Print Document owned by wwind01 on \\MESOEL06484 was printed on VLS3.60 through port UCP-1.  Size in bytes: 3344. Pages printed: 1. No user action is required."
Information	11/19/2019 19:30	Microsoft-Windows-PrintService	307	Printing a document	"Document 140, Print Document owned by wwind01 on \\MESOEL06484 was printed on VLS3.60 through port UCP-1.  Size in bytes: 2128. Pages printed: 1. No user action is required."
Information	11/19/2019 19:32	Microsoft-Windows-PrintService	307	Printing a document	"Document 141, Print Document owned by wwind01 on \\MESOEL06484 was printed on VLS3.60 through port UCP-1.  Size in bytes: 2128. Pages printed: 1. No user action is required."
Information	11/19/2019 19:32	Microsoft-Windows-PrintService	307	Printing a document	"Document 142, Print Document owned by wwind01 on \\MESOEL06484 was printed on VLS3.60 through port UCP-1.  Size in bytes: 2128. Pages printed: 1. No user action is required."
Information	11/19/2019 19:32	Microsoft-Windows-PrintService	307	Printing a document	"Document 143, Print Document owned by wwind01 on \\MESOEL06484 was printed on VLS3.60 through port UCP-1.  Size in bytes: 2128. Pages printed: 1. No user action is required."
Information	11/19/2019 19:33	Microsoft-Windows-PrintService	307	Printing a document	"Document 144, Print Document owned by wwind01 on \\MESOEL06484 was printed on VLS3.60 through port UCP-1.  Size in bytes: 2128. Pages printed: 1. No user action is required."
Information	11/19/2019 19:34	Microsoft-Windows-PrintService	307	Printing a document	"Document 145, Print Document owned by wwind01 on \\MESOEL06484 was printed on VLS3.60 through port UCP-1.  Size in bytes: 2128. Pages printed: 1. No user action is required."
Information	11/19/2019 19:40	Microsoft-Windows-PrintService	307	Printing a document	"Document 146, Print Document owned by wwind01 on \\MESOEL06484 was printed on VLS3.60 through port UCP-1.  Size in bytes: 1712. Pages printed: 1. No user action is required."
Information	11/19/2019 19:40	Microsoft-Windows-PrintService	307	Printing a document	"Document 147, Print Document owned by wwind01 on \\MESOEL06484 was printed on VLS3.60 through port UCP-1.  Size in bytes: 1712. Pages printed: 1. No user action is required."
Information	11/19/2019 19:41	Microsoft-Windows-PrintService	307	Printing a document	"Document 148, Print Document owned by wwind01 on \\MESOEL06484 was printed on VLS3.60 through port UCP-1.  Size in bytes: 1712. Pages printed: 1. No user action is required."
Information	11/19/2019 19:49	Microsoft-Windows-PrintService	307	Printing a document	"Document 149, Print Document owned by wwind01 on \\MESOEL06484 was printed on VLS3.60 through port UCP-1.  Size in bytes: 7956. Pages printed: 1. No user action is required."
Information	11/19/2019 19:54	Microsoft-Windows-PrintService	307	Printing a document	"Document 150, Print Document owned by wwind01 on \\MESOEL06484 was printed on VLS3.60 through port UCP-1.  Size in bytes: 4172. Pages printed: 1. No user action is required."
Information	11/19/2019 19:57	Microsoft-Windows-PrintService	307	Printing a document	"Document 151, Print Document owned by wwind01 on \\MESOEL06484 was printed on VLS3.60 through port UCP-1.  Size in bytes: 7272. Pages printed: 1. No user action is required."
Information	11/19/2019 20:00	Microsoft-Windows-PrintService	307	Printing a document	"Document 152, Print Document owned by wwind01 on \\MESOEL06484 was printed on VLS3.60 through port UCP-1.  Size in bytes: 4104. Pages printed: 1. No user action is required."
Information	11/19/2019 20:07	Microsoft-Windows-PrintService	307	Printing a document	"Document 153, Print Document owned by wwind01 on \\MESOEL06484 was printed on VLS3.60 through port UCP-1.  Size in bytes: 6348. Pages printed: 1. No user action is required."
Information	11/19/2019 20:13	Microsoft-Windows-PrintService	307	Printing a document	"Document 154, Print Document owned by wwind01 on \\MESOEL06484 was printed on VLS3.60 through port UCP-1.  Size in bytes: 7212. Pages printed: 1. No user action is required."
Information	11/19/2019 20:17	Microsoft-Windows-PrintService	307	Printing a document	"Document 155, Print Document owned by wwind01 on \\MESOEL06484 was printed on VLS3.60 through port UCP-1.  Size in bytes: 25028. Pages printed: 1. No user action is required."
Information	11/19/2019 20:30	Microsoft-Windows-PrintService	307	Printing a document	"Document 156, Print Document owned by wwind01 on \\MESOEL06484 was printed on VLS3.60 through port UCP-1.  Size in bytes: 2800. Pages printed: 1. No user action is required."
Information	11/19/2019 20:42	Microsoft-Windows-PrintService	307	Printing a document	"Document 157, Print Document owned by wwind01 on \\MESOEL06484 was printed on VLS3.60 through port UCP-1.  Size in bytes: 44752. Pages printed: 1. No user action is required."
Information	11/19/2019 21:05	Microsoft-Windows-PrintService	307	Printing a document	"Document 158, Print Document owned by wwind01 on \\MESOEL06484 was printed on VLS3.60 through port UCP-1.  Size in bytes: 2256. Pages printed: 1. No user action is required."
Information	11/19/2019 21:05	Microsoft-Windows-PrintService	307	Printing a document	"Document 159, Print Document owned by wwind01 on \\MESOEL06484 was printed on VLS3.60 through port UCP-1.  Size in bytes: 1104. Pages printed: 1. No user action is required."
Information	11/19/2019 21:06	Microsoft-Windows-PrintService	307	Printing a document	"Document 160, Print Document owned by wwind01 on \\MESOEL06484 was printed on VLS3.60 through port UCP-1.  Size in bytes: 1104. Pages printed: 1. No user action is required."
Information	11/19/2019 21:06	Microsoft-Windows-PrintService	307	Printing a document	"Document 161, Print Document owned by wwind01 on \\MESOEL06484 was printed on VLS3.60 through port UCP-1.  Size in bytes: 1104. Pages printed: 1. No user action is required."
Information	11/19/2019 21:06	Microsoft-Windows-PrintService	307	Printing a document	"Document 162, Print Document owned by wwind01 on \\MESOEL06484 was printed on VLS3.60 through port UCP-1.  Size in bytes: 1104. Pages printed: 1. No user action is required."
Information	11/19/2019 21:12	Microsoft-Windows-PrintService	307	Printing a document	"Document 163, Print Document owned by wwind01 on \\MESOEL06484 was printed on VLS3.60 through port UCP-1.  Size in bytes: 1104. Pages printed: 1. No user action is required."
Information	11/19/2019 21:13	Microsoft-Windows-PrintService	307	Printing a document	"Document 164, Print Document owned by wwind01 on \\MESOEL06484 was printed on VLS3.60 through port UCP-1.  Size in bytes: 1104. Pages printed: 1. No user action is required."
Information	11/19/2019 21:13	Microsoft-Windows-PrintService	307	Printing a document	"Document 165, Print Document owned by wwind01 on \\MESOEL06484 was printed on VLS3.60 through port UCP-1.  Size in bytes: 1104. Pages printed: 1. No user action is required."
Information	11/19/2019 21:47	Microsoft-Windows-PrintService	307	Printing a document	"Document 166, Print Document owned by wwind01 on \\MESOEL06484 was printed on VLS3.60 through port UCP-1.  Size in bytes: 3920. Pages printed: 1. No user action is required."
Information	11/19/2019 21:48	Microsoft-Windows-PrintService	307	Printing a document	"Document 167, Print Document owned by wwind01 on \\MESOEL06484 was printed on VLS3.60 through port UCP-1.  Size in bytes: 3920. Pages printed: 1. No user action is required."
Information	11/19/2019 21:55	Microsoft-Windows-PrintService	307	Printing a document	"Document 168, Print Document owned by wwind01 on \\MESOEL06484 was printed on VLS3.60 through port UCP-1.  Size in bytes: 2160. Pages printed: 1. No user action is required."
Information	11/19/2019 21:59	Microsoft-Windows-PrintService	307	Printing a document	"Document 169, Print Document owned by wwind01 on \\MESOEL06484 was printed on VLS3.60 through port UCP-1.  Size in bytes: 32984. Pages printed: 1. No user action is required."
Information	11/19/2019 22:00	Microsoft-Windows-PrintService	307	Printing a document	"Document 170, Print Document owned by wwind01 on \\MESOEL06484 was printed on VLS3.60 through port UCP-1.  Size in bytes: 32984. Pages printed: 1. No user action is required."
Information	11/19/2019 22:01	Microsoft-Windows-PrintService	307	Printing a document	"Document 171, Print Document owned by wwind01 on \\MESOEL06484 was printed on VLS3.60 through port UCP-1.  Size in bytes: 32984. Pages printed: 1. No user action is required."
Information	11/19/2019 22:12	Microsoft-Windows-PrintService	307	Printing a document	"Document 172, Print Document owned by wwind01 on \\MESOEL06484 was printed on VLS3.60 through port UCP-1.  Size in bytes: 2640. Pages printed: 1. No user action is required."
Information	11/19/2019 22:14	Microsoft-Windows-PrintService	307	Printing a document	"Document 173, Print Document owned by wwind01 on \\MESOEL06484 was printed on VLS3.60 through port UCP-1.  Size in bytes: 3920. Pages printed: 1. No user action is required."
Information	11/19/2019 22:23	Microsoft-Windows-PrintService	307	Printing a document	"Document 174, Print Document owned by wwind01 on \\MESOEL06484 was printed on VLS3.60 through port UCP-1.  Size in bytes: 16720. Pages printed: 1. No user action is required."
Information	11/19/2019 22:25	Microsoft-Windows-PrintService	307	Printing a document	"Document 175, Print Document owned by wwind01 on \\MESOEL06484 was printed on VLS3.60 through port UCP-1.  Size in bytes: 16720. Pages printed: 1. No user action is required."
Information	11/19/2019 22:26	Microsoft-Windows-PrintService	307	Printing a document	"Document 176, Print Document owned by wwind01 on \\MESOEL06484 was printed on VLS3.60 through port UCP-1.  Size in bytes: 16720. Pages printed: 1. No user action is required."
Information	11/19/2019 22:27	Microsoft-Windows-PrintService	307	Printing a document	"Document 177, Print Document owned by wwind01 on \\MESOEL06484 was printed on VLS3.60 through port UCP-1.  Size in bytes: 16720. Pages printed: 1. No user action is required."
Information	11/19/2019 22:27	Microsoft-Windows-PrintService	307	Printing a document	"Document 178, Print Document owned by wwind01 on \\MESOEL06484 was printed on VLS3.60 through port UCP-1.  Size in bytes: 16712. Pages printed: 1. No user action is required."
Information	11/19/2019 22:28	Microsoft-Windows-PrintService	307	Printing a document	"Document 179, Print Document owned by wwind01 on \\MESOEL06484 was printed on VLS3.60 through port UCP-1.  Size in bytes: 16712. Pages printed: 1. No user action is required."
Information	11/19/2019 22:29	Microsoft-Windows-PrintService	307	Printing a document	"Document 180, Print Document owned by wwind01 on \\MESOEL06484 was printed on VLS3.60 through port UCP-1.  Size in bytes: 24984. Pages printed: 1. No user action is required."
Information	11/19/2019 22:30	Microsoft-Windows-PrintService	307	Printing a document	"Document 181, Print Document owned by wwind01 on \\MESOEL06484 was printed on VLS3.60 through port UCP-1.  Size in bytes: 24784. Pages printed: 1. No user action is required."
Information	11/19/2019 22:32	Microsoft-Windows-PrintService	307	Printing a document	"Document 182, Print Document owned by wwind01 on \\MESOEL06484 was printed on VLS3.60 through port UCP-1.  Size in bytes: 24784. Pages printed: 1. No user action is required."
Information	11/19/2019 23:01	Microsoft-Windows-PrintService	307	Printing a document	"Document 183, Print Document owned by wwind01 on \\MESOEL06484 was printed on VLS3.60 through port UCP-1.  Size in bytes: 628. Pages printed: 1. No user action is required."
Information	11/19/2019 23:01	Microsoft-Windows-PrintService	307	Printing a document	"Document 184, Print Document owned by wwind01 on \\MESOEL06484 was printed on VLS3.60 through port UCP-1.  Size in bytes: 628. Pages printed: 1. No user action is required."
Information	11/19/2019 23:08	Microsoft-Windows-PrintService	307	Printing a document	"Document 185, Print Document owned by wwind01 on \\MESOEL06484 was printed on VLS3.60 through port UCP-1.  Size in bytes: 1168. Pages printed: 1. No user action is required."
Information	11/19/2019 23:21	Microsoft-Windows-PrintService	307	Printing a document	"Document 186, Print Document owned by wwind01 on \\MESOEL06484 was printed on VLS3.60 through port UCP-1.  Size in bytes: 13224. Pages printed: 1. No user action is required."
Information	11/19/2019 23:37	Microsoft-Windows-PrintService	307	Printing a document	"Document 187, Print Document owned by wwind01 on \\MESOEL06484 was printed on VLS3.60 through port UCP-1.  Size in bytes: 604. Pages printed: 1. No user action is required."
Information	11/19/2019 23:46	Microsoft-Windows-PrintService	307	Printing a document	"Document 188, Print Document owned by wwind01 on \\MESOEL06484 was printed on VLS3.60 through port UCP-1.  Size in bytes: 2620. Pages printed: 1. No user action is required."
Information	11/19/2019 23:56	Microsoft-Windows-PrintService	307	Printing a document	"Document 189, Print Document owned by wwind01 on \\MESOEL06484 was printed on VLS3.60 through port UCP-1.  Size in bytes: 1104. Pages printed: 1. No user action is required."
Information	11/19/2019 23:57	Microsoft-Windows-PrintService	307	Printing a document	"Document 190, Print Document owned by wwind01 on \\MESOEL06484 was printed on VLS3.60 through port UCP-1.  Size in bytes: 1104. Pages printed: 1. No user action is required."
Information	11/19/2019 23:57	Microsoft-Windows-PrintService	307	Printing a document	"Document 191, Print Document owned by wwind01 on \\MESOEL06484 was printed on VLS3.60 through port UCP-1.  Size in bytes: 1104. Pages printed: 1. No user action is required."
Information	11/20/2019 0:02	Microsoft-Windows-PrintService	307	Printing a document	"Document 192, Print Document owned by wwind01 on \\MESOEL06484 was printed on VLS3.60 through port UCP-1.  Size in bytes: 1104. Pages printed: 1. No user action is required."
Information	11/20/2019 0:03	Microsoft-Windows-PrintService	307	Printing a document	"Document 193, Print Document owned by wwind01 on \\MESOEL06484 was printed on VLS3.60 through port UCP-1.  Size in bytes: 1104. Pages printed: 1. No user action is required."
Information	11/20/2019 9:11	Microsoft-Windows-PrintService	307	Printing a document	"Document 194, Print Document owned by wwind01 on \\MESOEL06484 was printed on VLS3.60 through port UCP-1.  Size in bytes: 34140. Pages printed: 1. No user action is required."
Information	11/20/2019 10:04	Microsoft-Windows-PrintService	307	Printing a document	"Document 195, Print Document owned by wwind01 on \\MESOEL06484 was printed on VLS3.60 through port UCP-1.  Size in bytes: 628. Pages printed: 1. No user action is required."
Information	11/20/2019 10:05	Microsoft-Windows-PrintService	307	Printing a document	"Document 196, Print Document owned by wwind01 on \\MESOEL06484 was printed on VLS3.60 through port UCP-1.  Size in bytes: 628. Pages printed: 1. No user action is required."
Information	11/20/2019 10:05	Microsoft-Windows-PrintService	307	Printing a document	"Document 197, Print Document owned by wwind01 on \\MESOEL06484 was printed on VLS3.60 through port UCP-1.  Size in bytes: 628. Pages printed: 1. No user action is required."
Information	11/20/2019 10:05	Microsoft-Windows-PrintService	307	Printing a document	"Document 198, Print Document owned by wwind01 on \\MESOEL06484 was printed on VLS3.60 through port UCP-1.  Size in bytes: 628. Pages printed: 1. No user action is required."
Information	11/20/2019 10:06	Microsoft-Windows-PrintService	307	Printing a document	"Document 199, Print Document owned by wwind01 on \\MESOEL06484 was printed on VLS3.60 through port UCP-1.  Size in bytes: 628. Pages printed: 1. No user action is required."
Information	11/20/2019 10:06	Microsoft-Windows-PrintService	307	Printing a document	"Document 200, Print Document owned by wwind01 on \\MESOEL06484 was printed on VLS3.60 through port UCP-1.  Size in bytes: 16720. Pages printed: 1. No user action is required."
Information	11/20/2019 10:08	Microsoft-Windows-PrintService	307	Printing a document	"Document 201, Print Document owned by wwind01 on \\MESOEL06484 was printed on VLS3.60 through port UCP-1.  Size in bytes: 38344. Pages printed: 1. No user action is required."
Information	11/20/2019 10:34	Microsoft-Windows-PrintService	307	Printing a document	"Document 202, Print Document owned by wwind01 on \\MESOEL06484 was printed on VLS3.60 through port UCP-1.  Size in bytes: 25440. Pages printed: 1. No user action is required."
Information	11/20/2019 12:54	Microsoft-Windows-PrintService	307	Printing a document	"Document 203, Print Document owned by wwind01 on \\MESOEL06484 was printed on VLS3.60 through port UCP-1.  Size in bytes: 8996. Pages printed: 1. No user action is required."
Information	11/20/2019 13:04	Microsoft-Windows-PrintService	307	Printing a document	"Document 204, Print Document owned by wwind01 on \\MESOEL06484 was printed on VLS3.60 through port UCP-1.  Size in bytes: 6128. Pages printed: 1. No user action is required."
Information	11/20/2019 14:27	Microsoft-Windows-PrintService	307	Printing a document	"Document 205, Print Document owned by wwind01 on \\MESOEL06484 was printed on VLS3.60 through port UCP-1.  Size in bytes: 1232. Pages printed: 1. No user action is required."
Information	11/20/2019 14:41	Microsoft-Windows-PrintService	307	Printing a document	"Document 206, Print Document owned by wwind01 on \\MESOEL06484 was printed on VLS3.60 through port UCP-1.  Size in bytes: 100056. Pages printed: 1. No user action is required."
Information	11/20/2019 14:44	Microsoft-Windows-PrintService	307	Printing a document	"Document 207, Print Document owned by wwind01 on \\MESOEL06484 was printed on VLS3.60 through port UCP-1.  Size in bytes: 20836. Pages printed: 1. No user action is required."
Information	11/20/2019 14:45	Microsoft-Windows-PrintService	307	Printing a document	"Document 208, Print Document owned by wwind01 on \\MESOEL06484 was printed on VLS3.60 through port UCP-1.  Size in bytes: 89660. Pages printed: 1. No user action is required."
Information	11/20/2019 14:46	Microsoft-Windows-PrintService	307	Printing a document	"Document 209, Print Document owned by wwind01 on \\MESOEL06484 was printed on VLS3.60 through port UCP-1.  Size in bytes: 349224. Pages printed: 1. No user action is required."
Information	11/20/2019 14:49	Microsoft-Windows-PrintService	307	Printing a document	"Document 210, Print Document owned by wwind01 on \\MESOEL06484 was printed on VLS3.60 through port UCP-1.  Size in bytes: 349192. Pages printed: 1. No user action is required."
Information	11/20/2019 14:50	Microsoft-Windows-PrintService	307	Printing a document	"Document 211, Print Document owned by wwind01 on \\MESOEL06484 was printed on VLS3.60 through port UCP-1.  Size in bytes: 346644. Pages printed: 1. No user action is required."
Information	11/20/2019 14:51	Microsoft-Windows-PrintService	307	Printing a document	"Document 212, Print Document owned by wwind01 on \\MESOEL06484 was printed on VLS3.60 through port UCP-1.  Size in bytes: 346644. Pages printed: 1. No user action is required."
Information	11/20/2019 14:52	Microsoft-Windows-PrintService	307	Printing a document	"Document 213, Print Document owned by wwind01 on \\MESOEL06484 was printed on VLS3.60 through port UCP-1.  Size in bytes: 346644. Pages printed: 1. No user action is required."
Information	11/20/2019 14:54	Microsoft-Windows-PrintService	307	Printing a document	"Document 214, Print Document owned by wwind01 on \\MESOEL06484 was printed on VLS3.60 through port UCP-1.  Size in bytes: 347004. Pages printed: 1. No user action is required."
Information	11/20/2019 15:46	Microsoft-Windows-PrintService	307	Printing a document	"Document 215, Print Document owned by mkurzm01 on \\MESOEL06484 was printed on VLS3.60 through port UCP-1.  Size in bytes: 13704. Pages printed: 1. No user action is required."
Information	11/20/2019 16:06	Microsoft-Windows-PrintService	307	Printing a document	"Document 216, Print Document owned by mkurzm01 on \\MESOEL06484 was printed on VLS3.60 through port UCP-1.  Size in bytes: 11176. Pages printed: 1. No user action is required."
Information	11/20/2019 16:16	Microsoft-Windows-PrintService	307	Printing a document	"Document 217, Print Document owned by mkurzm01 on \\MESOEL06484 was printed on VLS3.60 through port UCP-1.  Size in bytes: 12904. Pages printed: 1. No user action is required."
Information	11/20/2019 16:21	Microsoft-Windows-PrintService	307	Printing a document	"Document 218, Print Document owned by mkurzm01 on \\MESOEL06484 was printed on VLS3.60 through port UCP-1.  Size in bytes: 656. Pages printed: 1. No user action is required."
Information	11/20/2019 16:26	Microsoft-Windows-PrintService	307	Printing a document	"Document 219, Print Document owned by mkurzm01 on \\MESOEL06484 was printed on VLS3.60 through port UCP-1.  Size in bytes: 97148. Pages printed: 1. No user action is required."
Information	11/20/2019 17:10	Microsoft-Windows-PrintService	307	Printing a document	"Document 220, Print Document owned by mkurzm01 on \\MESOEL06484 was printed on VLS3.60 through port UCP-1.  Size in bytes: 209264. Pages printed: 1. No user action is required."
Information	11/20/2019 17:11	Microsoft-Windows-PrintService	307	Printing a document	"Document 221, Print Document owned by mkurzm01 on \\MESOEL06484 was printed on VLS3.60 through port UCP-1.  Size in bytes: 209264. Pages printed: 1. No user action is required."
Information	11/20/2019 17:59	Microsoft-Windows-PrintService	307	Printing a document	"Document 222, Print Document owned by mkurzm01 on \\MESOEL06484 was printed on VLS3.60 through port UCP-1.  Size in bytes: 6660. Pages printed: 1. No user action is required."
Information	11/20/2019 18:01	Microsoft-Windows-PrintService	307	Printing a document	"Document 223, Print Document owned by mkurzm01 on \\MESOEL06484 was printed on VLS3.60 through port UCP-1.  Size in bytes: 6660. Pages printed: 1. No user action is required."
Information	11/20/2019 18:04	Microsoft-Windows-PrintService	307	Printing a document	"Document 224, Print Document owned by mkurzm01 on \\MESOEL06484 was printed on VLS3.60 through port UCP-1.  Size in bytes: 3540. Pages printed: 1. No user action is required."
Information	11/20/2019 18:08	Microsoft-Windows-PrintService	307	Printing a document	"Document 225, Print Document owned by mkurzm01 on \\MESOEL06484 was printed on VLS3.60 through port UCP-1.  Size in bytes: 47128. Pages printed: 1. No user action is required."
Information	11/20/2019 18:40	Microsoft-Windows-PrintService	307	Printing a document	"Document 226, Print Document owned by mkurzm01 on \\MESOEL06484 was printed on VLS3.60 through port UCP-1.  Size in bytes: 47128. Pages printed: 1. No user action is required."
Information	11/20/2019 19:01	Microsoft-Windows-PrintService	307	Printing a document	"Document 227, Print Document owned by mkurzm01 on \\MESOEL06484 was printed on VLS3.60 through port UCP-1.  Size in bytes: 549384. Pages printed: 1. No user action is required."
Information	11/20/2019 19:23	Microsoft-Windows-PrintService	307	Printing a document	"Document 228, Print Document owned by mkurzm01 on \\MESOEL06484 was printed on VLS3.60 through port UCP-1.  Size in bytes: 47128. Pages printed: 1. No user action is required."
Information	11/20/2019 20:06	Microsoft-Windows-PrintService	307	Printing a document	"Document 229, Print Document owned by mkurzm01 on \\MESOEL06484 was printed on VLS3.60 through port UCP-1.  Size in bytes: 2000. Pages printed: 1. No user action is required."
Information	11/20/2019 20:21	Microsoft-Windows-PrintService	307	Printing a document	"Document 230, Print Document owned by mkurzm01 on \\MESOEL06484 was printed on VLS3.60 through port UCP-1.  Size in bytes: 656. Pages printed: 1. No user action is required."
Information	11/20/2019 20:22	Microsoft-Windows-PrintService	307	Printing a document	"Document 231, Print Document owned by mkurzm01 on \\MESOEL06484 was printed on VLS3.60 through port UCP-1.  Size in bytes: 656. Pages printed: 1. No user action is required."
Information	11/20/2019 21:09	Microsoft-Windows-PrintService	307	Printing a document	"Document 232, Print Document owned by mkurzm01 on \\MESOEL06484 was printed on VLS3.60 through port UCP-1.  Size in bytes: 16632. Pages printed: 1. No user action is required."
Information	11/20/2019 21:10	Microsoft-Windows-PrintService	307	Printing a document	"Document 233, Print Document owned by mkurzm01 on \\MESOEL06484 was printed on VLS3.60 through port UCP-1.  Size in bytes: 16632. Pages printed: 1. No user action is required."
Information	11/20/2019 21:20	Microsoft-Windows-PrintService	307	Printing a document	"Document 234, Print Document owned by mkurzm01 on \\MESOEL06484 was printed on VLS3.60 through port UCP-1.  Size in bytes: 1032. Pages printed: 1. No user action is required."
Information	11/20/2019 22:04	Microsoft-Windows-PrintService	307	Printing a document	"Document 235, Print Document owned by mkurzm01 on \\MESOEL06484 was printed on VLS3.60 through port UCP-1.  Size in bytes: 13856. Pages printed: 1. No user action is required."
Information	11/20/2019 22:05	Microsoft-Windows-PrintService	307	Printing a document	"Document 236, Print Document owned by mkurzm01 on \\MESOEL06484 was printed on VLS3.60 through port UCP-1.  Size in bytes: 13856. Pages printed: 1. No user action is required."
Information	11/20/2019 22:08	Microsoft-Windows-PrintService	307	Printing a document	"Document 237, Print Document owned by mkurzm01 on \\MESOEL06484 was printed on VLS3.60 through port UCP-1.  Size in bytes: 3168. Pages printed: 1. No user action is required."
Information	11/20/2019 22:08	Microsoft-Windows-PrintService	307	Printing a document	"Document 238, Print Document owned by mkurzm01 on \\MESOEL06484 was printed on VLS3.60 through port UCP-1.  Size in bytes: 3168. Pages printed: 1. No user action is required."
Information	11/20/2019 22:09	Microsoft-Windows-PrintService	307	Printing a document	"Document 239, Print Document owned by mkurzm01 on \\MESOEL06484 was printed on VLS3.60 through port UCP-1.  Size in bytes: 3168. Pages printed: 1. No user action is required."
Information	11/20/2019 22:10	Microsoft-Windows-PrintService	307	Printing a document	"Document 240, Print Document owned by mkurzm01 on \\MESOEL06484 was printed on VLS3.60 through port UCP-1.  Size in bytes: 3168. Pages printed: 1. No user action is required."
Information	11/20/2019 22:12	Microsoft-Windows-PrintService	307	Printing a document	"Document 241, Print Document owned by mkurzm01 on \\MESOEL06484 was printed on VLS3.60 through port UCP-1.  Size in bytes: 24688. Pages printed: 1. No user action is required."
Information	11/20/2019 22:13	Microsoft-Windows-PrintService	307	Printing a document	"Document 242, Print Document owned by mkurzm01 on \\MESOEL06484 was printed on VLS3.60 through port UCP-1.  Size in bytes: 24688. Pages printed: 1. No user action is required."
Information	11/20/2019 22:14	Microsoft-Windows-PrintService	307	Printing a document	"Document 243, Print Document owned by mkurzm01 on \\MESOEL06484 was printed on VLS3.60 through port UCP-1.  Size in bytes: 24688. Pages printed: 1. No user action is required."
Information	11/20/2019 22:15	Microsoft-Windows-PrintService	307	Printing a document	"Document 244, Print Document owned by mkurzm01 on \\MESOEL06484 was printed on VLS3.60 through port UCP-1.  Size in bytes: 24688. Pages printed: 1. No user action is required."
Information	11/21/2019 10:50	Microsoft-Windows-PrintService	307	Printing a document	"Document 245, Print Document owned by mkurzm01 on \\MESOEL06484 was printed on VLS3.60 through port UCP-1.  Size in bytes: 2008. Pages printed: 1. No user action is required."
Information	11/21/2019 11:01	Microsoft-Windows-PrintService	307	Printing a document	"Document 246, Print Document owned by mkurzm01 on \\MESOEL06484 was printed on VLS3.60 through port UCP-1.  Size in bytes: 2760. Pages printed: 1. No user action is required."
Information	11/21/2019 11:03	Microsoft-Windows-PrintService	307	Printing a document	"Document 247, Print Document owned by mkurzm01 on \\MESOEL06484 was printed on VLS3.60 through port UCP-1.  Size in bytes: 5120. Pages printed: 1. No user action is required."
Information	11/21/2019 11:18	Microsoft-Windows-PrintService	307	Printing a document	"Document 248, Print Document owned by mkurzm01 on \\MESOEL06484 was printed on VLS3.60 through port UCP-1.  Size in bytes: 1936. Pages printed: 1. No user action is required."
Information	11/21/2019 11:20	Microsoft-Windows-PrintService	307	Printing a document	"Document 249, Print Document owned by mkurzm01 on \\MESOEL06484 was printed on VLS3.60 through port UCP-1.  Size in bytes: 1936. Pages printed: 1. No user action is required."
Information	11/21/2019 11:46	Microsoft-Windows-PrintService	307	Printing a document	"Document 250, Print Document owned by mkurzm01 on \\MESOEL06484 was printed on VLS3.60 through port UCP-1.  Size in bytes: 8480. Pages printed: 1. No user action is required."
Information	11/21/2019 11:53	Microsoft-Windows-PrintService	307	Printing a document	"Document 251, Print Document owned by mkurzm01 on \\MESOEL06484 was printed on VLS3.60 through port UCP-1.  Size in bytes: 8480. Pages printed: 1. No user action is required."
Information	11/21/2019 12:40	Microsoft-Windows-PrintService	307	Printing a document	"Document 252, Print Document owned by mkurzm01 on \\MESOEL06484 was printed on VLS3.60 through port UCP-1.  Size in bytes: 3616. Pages printed: 1. No user action is required."
Information	11/21/2019 12:55	Microsoft-Windows-PrintService	307	Printing a document	"Document 253, Print Document owned by mkurzm01 on \\MESOEL06484 was printed on VLS3.60 through port UCP-1.  Size in bytes: 2008. Pages printed: 1. No user action is required."
Information	11/21/2019 12:56	Microsoft-Windows-PrintService	307	Printing a document	"Document 254, Print Document owned by mkurzm01 on \\MESOEL06484 was printed on VLS3.60 through port UCP-1.  Size in bytes: 2008. Pages printed: 1. No user action is required."
Information	11/21/2019 13:05	Microsoft-Windows-PrintService	307	Printing a document	"Document 255, Print Document owned by mkurzm01 on \\MESOEL06484 was printed on VLS3.60 through port UCP-1.  Size in bytes: 2008. Pages printed: 1. No user action is required."
Information	11/21/2019 13:41	Microsoft-Windows-PrintService	307	Printing a document	"Document 1, Print Document owned by mkurzm01 on \\MESOEL06484 was printed on VLS3.60 through port UCP-1.  Size in bytes: 3532. Pages printed: 1. No user action is required."
Information	11/21/2019 13:47	Microsoft-Windows-PrintService	307	Printing a document	"Document 2, Print Document owned by mkurzm01 on \\MESOEL06484 was printed on VLS3.60 through port UCP-1.  Size in bytes: 584. Pages printed: 1. No user action is required."
Information	11/21/2019 13:55	Microsoft-Windows-PrintService	307	Printing a document	"Document 3, Print Document owned by mkurzm01 on \\MESOEL06484 was printed on VLS3.60 through port UCP-1.  Size in bytes: 260748. Pages printed: 1. No user action is required."
Information	11/21/2019 15:26	Microsoft-Windows-PrintService	307	Printing a document	"Document 4, Print Document owned by mkurzm01 on \\MESOEL06484 was printed on VLS3.60 through port UCP-1.  Size in bytes: 81552. Pages printed: 1. No user action is required."
Information	11/21/2019 15:33	Microsoft-Windows-PrintService	307	Printing a document	"Document 5, Print Document owned by mkurzm01 on \\MESOEL06484 was printed on VLS3.60 through port UCP-1.  Size in bytes: 79344. Pages printed: 1. No user action is required."
Information	11/21/2019 15:34	Microsoft-Windows-PrintService	307	Printing a document	"Document 6, Print Document owned by mkurzm01 on \\MESOEL06484 was printed on VLS3.60 through port UCP-1.  Size in bytes: 74928. Pages printed: 1. No user action is required."
Information	11/21/2019 15:36	Microsoft-Windows-PrintService	307	Printing a document	"Document 7, Print Document owned by mkurzm01 on \\MESOEL06484 was printed on VLS3.60 through port UCP-1.  Size in bytes: 74928. Pages printed: 1. No user action is required."
Information	11/21/2019 15:50	Microsoft-Windows-PrintService	307	Printing a document	"Document 8, Print Document owned by mkurzm01 on \\MESOEL06484 was printed on VLS3.60 through port UCP-1.  Size in bytes: 43488. Pages printed: 1. No user action is required."
Information	11/21/2019 16:08	Microsoft-Windows-PrintService	307	Printing a document	"Document 9, Print Document owned by mkurzm01 on \\MESOEL06484 was printed on VLS3.60 through port UCP-1.  Size in bytes: 25176. Pages printed: 1. No user action is required."
Information	11/21/2019 16:09	Microsoft-Windows-PrintService	307	Printing a document	"Document 10, Print Document owned by mkurzm01 on \\MESOEL06484 was printed on VLS3.60 through port UCP-1.  Size in bytes: 25912. Pages printed: 1. No user action is required."
Information	11/21/2019 16:35	Microsoft-Windows-PrintService	307	Printing a document	"Document 11, Print Document owned by mkurzm01 on \\MESOEL06484 was printed on VLS3.60 through port UCP-1.  Size in bytes: 5896. Pages printed: 1. No user action is required."
Information	11/21/2019 16:35	Microsoft-Windows-PrintService	307	Printing a document	"Document 12, Print Document owned by mkurzm01 on \\MESOEL06484 was printed on VLS3.60 through port UCP-1.  Size in bytes: 5896. Pages printed: 1. No user action is required."
Information	11/21/2019 16:36	Microsoft-Windows-PrintService	307	Printing a document	"Document 13, Print Document owned by mkurzm01 on \\MESOEL06484 was printed on VLS3.60 through port UCP-1.  Size in bytes: 5896. Pages printed: 1. No user action is required."
Information	11/21/2019 16:37	Microsoft-Windows-PrintService	307	Printing a document	"Document 14, Print Document owned by mkurzm01 on \\MESOEL06484 was printed on VLS3.60 through port UCP-1.  Size in bytes: 9560. Pages printed: 1. No user action is required."
Information	11/21/2019 17:12	Microsoft-Windows-PrintService	307	Printing a document	"Document 15, Print Document owned by mkurzm01 on \\MESOEL06484 was printed on VLS3.60 through port UCP-1.  Size in bytes: 2864. Pages printed: 1. No user action is required."
Information	11/21/2019 17:26	Microsoft-Windows-PrintService	307	Printing a document	"Document 16, Print Document owned by mkurzm01 on \\MESOEL06484 was printed on VLS3.60 through port UCP-1.  Size in bytes: 6344. Pages printed: 1. No user action is required."
Information	11/21/2019 17:31	Microsoft-Windows-PrintService	307	Printing a document	"Document 17, Print Document owned by mkurzm01 on \\MESOEL06484 was printed on VLS3.60 through port UCP-1.  Size in bytes: 5512. Pages printed: 1. No user action is required."
Information	11/21/2019 18:01	Microsoft-Windows-PrintService	307	Printing a document	"Document 18, Print Document owned by mkurzm01 on \\MESOEL06484 was printed on VLS3.60 through port UCP-1.  Size in bytes: 258256. Pages printed: 1. No user action is required."
Information	11/21/2019 19:05	Microsoft-Windows-PrintService	307	Printing a document	"Document 19, Print Document owned by mkurzm01 on \\MESOEL06484 was printed on VLS3.60 through port UCP-1.  Size in bytes: 270584. Pages printed: 1. No user action is required."
Information	11/21/2019 19:13	Microsoft-Windows-PrintService	307	Printing a document	"Document 20, Print Document owned by mkurzm01 on \\MESOEL06484 was printed on VLS3.60 through port UCP-1.  Size in bytes: 227200. Pages printed: 1. No user action is required."
Information	11/21/2019 19:14	Microsoft-Windows-PrintService	307	Printing a document	"Document 21, Print Document owned by mkurzm01 on \\MESOEL06484 was printed on VLS3.60 through port UCP-1.  Size in bytes: 227200. Pages printed: 1. No user action is required."
Information	11/21/2019 19:14	Microsoft-Windows-PrintService	307	Printing a document	"Document 22, Print Document owned by mkurzm01 on \\MESOEL06484 was printed on VLS3.60 through port UCP-1.  Size in bytes: 227200. Pages printed: 1. No user action is required."
Information	11/21/2019 19:17	Microsoft-Windows-PrintService	307	Printing a document	"Document 23, Print Document owned by mkurzm01 on \\MESOEL06484 was printed on VLS3.60 through port UCP-1.  Size in bytes: 227200. Pages printed: 1. No user action is required."
Information	11/21/2019 19:21	Microsoft-Windows-PrintService	307	Printing a document	"Document 24, Print Document owned by mkurzm01 on \\MESOEL06484 was printed on VLS3.60 through port UCP-1.  Size in bytes: 211848. Pages printed: 1. No user action is required."
Information	11/21/2019 19:35	Microsoft-Windows-PrintService	307	Printing a document	"Document 25, Print Document owned by mkurzm01 on \\MESOEL06484 was printed on VLS3.60 through port UCP-1.  Size in bytes: 15712. Pages printed: 1. No user action is required."
Information	11/21/2019 19:51	Microsoft-Windows-PrintService	307	Printing a document	"Document 26, Print Document owned by mkurzm01 on \\MESOEL06484 was printed on VLS3.60 through port UCP-1.  Size in bytes: 4448. Pages printed: 1. No user action is required."
Information	11/21/2019 19:52	Microsoft-Windows-PrintService	307	Printing a document	"Document 27, Print Document owned by mkurzm01 on \\MESOEL06484 was printed on VLS3.60 through port UCP-1.  Size in bytes: 24688. Pages printed: 1. No user action is required."
Information	11/21/2019 20:07	Microsoft-Windows-PrintService	307	Printing a document	"Document 28, Print Document owned by mkurzm01 on \\MESOEL06484 was printed on VLS3.60 through port UCP-1.  Size in bytes: 260304. Pages printed: 1. No user action is required."
Information	11/21/2019 20:17	Microsoft-Windows-PrintService	307	Printing a document	"Document 29, Print Document owned by mkurzm01 on \\MESOEL06484 was printed on VLS3.60 through port UCP-1.  Size in bytes: 9056. Pages printed: 1. No user action is required."
Information	11/21/2019 21:25	Microsoft-Windows-PrintService	307	Printing a document	"Document 30, Print Document owned by mkurzm01 on \\MESOEL06484 was printed on VLS3.60 through port UCP-1.  Size in bytes: 10144. Pages printed: 1. No user action is required."
Information	11/21/2019 21:34	Microsoft-Windows-PrintService	307	Printing a document	"Document 31, Print Document owned by mkurzm01 on \\MESOEL06484 was printed on VLS3.60 through port UCP-1.  Size in bytes: 5184. Pages printed: 1. No user action is required."
Information	11/21/2019 21:35	Microsoft-Windows-PrintService	307	Printing a document	"Document 32, Print Document owned by mkurzm01 on \\MESOEL06484 was printed on VLS3.60 through port UCP-1.  Size in bytes: 5184. Pages printed: 1. No user action is required."
Information	11/21/2019 21:39	Microsoft-Windows-PrintService	307	Printing a document	"Document 33, Print Document owned by mkurzm01 on \\MESOEL06484 was printed on VLS3.60 through port UCP-1.  Size in bytes: 5536. Pages printed: 1. No user action is required."
Information	11/21/2019 21:55	Microsoft-Windows-PrintService	307	Printing a document	"Document 34, Print Document owned by mkurzm01 on \\MESOEL06484 was printed on VLS3.60 through port UCP-1.  Size in bytes: 37504. Pages printed: 1. No user action is required."
Information	11/22/2019 10:53	Microsoft-Windows-PrintService	307	Printing a document	"Document 35, Print Document owned by mkurzm01 on \\MESOEL06484 was printed on VLS3.60 through port UCP-1.  Size in bytes: 1920. Pages printed: 1. No user action is required."
Information	11/22/2019 10:53	Microsoft-Windows-PrintService	307	Printing a document	"Document 36, Print Document owned by mkurzm01 on \\MESOEL06484 was printed on VLS3.60 through port UCP-1.  Size in bytes: 1936. Pages printed: 1. No user action is required."
Information	11/22/2019 10:54	Microsoft-Windows-PrintService	307	Printing a document	"Document 37, Print Document owned by mkurzm01 on \\MESOEL06484 was printed on VLS3.60 through port UCP-1.  Size in bytes: 1936. Pages printed: 1. No user action is required."
Information	11/22/2019 11:53	Microsoft-Windows-PrintService	307	Printing a document	"Document 38, Print Document owned by mkurzm01 on \\MESOEL06484 was printed on VLS3.60 through port UCP-1.  Size in bytes: 5856. Pages printed: 1. No user action is required."
Information	11/22/2019 11:56	Microsoft-Windows-PrintService	307	Printing a document	"Document 39, Print Document owned by mkurzm01 on \\MESOEL06484 was printed on VLS3.60 through port UCP-1.  Size in bytes: 5856. Pages printed: 1. No user action is required."
