Information	12/22/2019 1:02	Microsoft-Windows-PrintService	307	Printing a document	"Document 228, Print Document owned by jblitt01 on \\MESOEL06484 was printed on VLS3.60 through port UCP-1.  Size in bytes: 10936. Pages printed: 1. No user action is required."
Information	12/22/2019 1:55	Microsoft-Windows-PrintService	307	Printing a document	"Document 229, Print Document owned by jblitt01 on \\MESOEL06484 was printed on VLS3.60 through port UCP-1.  Size in bytes: 7032. Pages printed: 1. No user action is required."
Information	12/22/2019 2:33	Microsoft-Windows-PrintService	307	Printing a document	"Document 230, Print Document owned by jblitt01 on \\MESOEL06484 was printed on VLS3.60 through port UCP-1.  Size in bytes: 7032. Pages printed: 1. No user action is required."
Information	12/22/2019 2:45	Microsoft-Windows-PrintService	307	Printing a document	"Document 231, Print Document owned by jblitt01 on \\MESOEL06484 was printed on VLS3.60 through port UCP-1.  Size in bytes: 5696. Pages printed: 1. No user action is required."
Information	12/22/2019 19:50	Microsoft-Windows-PrintService	307	Printing a document	"Document 232, Print Document owned by jblitt01 on \\MESOEL06484 was printed on VLS3.60 through port UCP-1.  Size in bytes: 7944. Pages printed: 1. No user action is required."
Information	12/22/2019 20:02	Microsoft-Windows-PrintService	307	Printing a document	"Document 233, Print Document owned by jblitt01 on \\MESOEL06484 was printed on VLS3.60 through port UCP-1.  Size in bytes: 584. Pages printed: 1. No user action is required."
Information	12/22/2019 20:02	Microsoft-Windows-PrintService	307	Printing a document	"Document 234, Print Document owned by jblitt01 on \\MESOEL06484 was printed on VLS3.60 through port UCP-1.  Size in bytes: 584. Pages printed: 1. No user action is required."
Information	12/22/2019 20:14	Microsoft-Windows-PrintService	307	Printing a document	"Document 235, Print Document owned by jblitt01 on \\MESOEL06484 was printed on VLS3.60 through port UCP-1.  Size in bytes: 15304. Pages printed: 1. No user action is required."
Information	12/22/2019 20:27	Microsoft-Windows-PrintService	307	Printing a document	"Document 236, Print Document owned by jblitt01 on \\MESOEL06484 was printed on VLS3.60 through port UCP-1.  Size in bytes: 7680. Pages printed: 1. No user action is required."
Information	12/22/2019 20:28	Microsoft-Windows-PrintService	307	Printing a document	"Document 237, Print Document owned by jblitt01 on \\MESOEL06484 was printed on VLS3.60 through port UCP-1.  Size in bytes: 7680. Pages printed: 1. No user action is required."
Information	12/22/2019 20:28	Microsoft-Windows-PrintService	307	Printing a document	"Document 238, Print Document owned by jblitt01 on \\MESOEL06484 was printed on VLS3.60 through port UCP-1.  Size in bytes: 7680. Pages printed: 1. No user action is required."
Information	12/22/2019 20:29	Microsoft-Windows-PrintService	307	Printing a document	"Document 239, Print Document owned by jblitt01 on \\MESOEL06484 was printed on VLS3.60 through port UCP-1.  Size in bytes: 7680. Pages printed: 1. No user action is required."
Information	12/22/2019 20:32	Microsoft-Windows-PrintService	307	Printing a document	"Document 240, Print Document owned by jblitt01 on \\MESOEL06484 was printed on VLS3.60 through port UCP-1.  Size in bytes: 1856. Pages printed: 1. No user action is required."
Information	12/22/2019 20:34	Microsoft-Windows-PrintService	307	Printing a document	"Document 241, Print Document owned by jblitt01 on \\MESOEL06484 was printed on VLS3.60 through port UCP-1.  Size in bytes: 1856. Pages printed: 1. No user action is required."
Information	12/22/2019 20:46	Microsoft-Windows-PrintService	307	Printing a document	"Document 242, Print Document owned by jblitt01 on \\MESOEL06484 was printed on VLS3.60 through port UCP-1.  Size in bytes: 768. Pages printed: 1. No user action is required."
Information	12/22/2019 20:51	Microsoft-Windows-PrintService	307	Printing a document	"Document 243, Print Document owned by jblitt01 on \\MESOEL06484 was printed on VLS3.60 through port UCP-1.  Size in bytes: 12392. Pages printed: 1. No user action is required."
Information	12/22/2019 21:01	Microsoft-Windows-PrintService	307	Printing a document	"Document 244, Print Document owned by jblitt01 on \\MESOEL06484 was printed on VLS3.60 through port UCP-1.  Size in bytes: 584. Pages printed: 1. No user action is required."
Information	12/22/2019 21:05	Microsoft-Windows-PrintService	307	Printing a document	"Document 245, Print Document owned by jblitt01 on \\MESOEL06484 was printed on VLS3.60 through port UCP-1.  Size in bytes: 12392. Pages printed: 1. No user action is required."
Information	12/22/2019 21:21	Microsoft-Windows-PrintService	307	Printing a document	"Document 246, Print Document owned by jblitt01 on \\MESOEL06484 was printed on VLS3.60 through port UCP-1.  Size in bytes: 425540. Pages printed: 1. No user action is required."
Information	12/22/2019 21:58	Microsoft-Windows-PrintService	307	Printing a document	"Document 247, Print Document owned by jblitt01 on \\MESOEL06484 was printed on VLS3.60 through port UCP-1.  Size in bytes: 2848. Pages printed: 1. No user action is required."
Information	12/22/2019 22:06	Microsoft-Windows-PrintService	307	Printing a document	"Document 248, Print Document owned by jblitt01 on \\MESOEL06484 was printed on VLS3.60 through port UCP-1.  Size in bytes: 2532. Pages printed: 1. No user action is required."
Information	12/22/2019 22:06	Microsoft-Windows-PrintService	307	Printing a document	"Document 249, Print Document owned by jblitt01 on \\MESOEL06484 was printed on VLS3.60 through port UCP-1.  Size in bytes: 2532. Pages printed: 1. No user action is required."
Information	12/22/2019 22:07	Microsoft-Windows-PrintService	307	Printing a document	"Document 250, Print Document owned by jblitt01 on \\MESOEL06484 was printed on VLS3.60 through port UCP-1.  Size in bytes: 2532. Pages printed: 1. No user action is required."
Information	12/22/2019 22:08	Microsoft-Windows-PrintService	307	Printing a document	"Document 251, Print Document owned by jblitt01 on \\MESOEL06484 was printed on VLS3.60 through port UCP-1.  Size in bytes: 1536. Pages printed: 1. No user action is required."
Information	12/22/2019 22:21	Microsoft-Windows-PrintService	307	Printing a document	"Document 252, Print Document owned by jblitt01 on \\MESOEL06484 was printed on VLS3.60 through port UCP-1.  Size in bytes: 680. Pages printed: 1. No user action is required."
Information	12/22/2019 22:48	Microsoft-Windows-PrintService	307	Printing a document	"Document 253, Print Document owned by jblitt01 on \\MESOEL06484 was printed on VLS3.60 through port UCP-1.  Size in bytes: 14952. Pages printed: 1. No user action is required."
Information	12/22/2019 22:50	Microsoft-Windows-PrintService	307	Printing a document	"Document 254, Print Document owned by jblitt01 on \\MESOEL06484 was printed on VLS3.60 through port UCP-1.  Size in bytes: 7860. Pages printed: 1. No user action is required."
Information	12/22/2019 22:53	Microsoft-Windows-PrintService	307	Printing a document	"Document 255, Print Document owned by jblitt01 on \\MESOEL06484 was printed on VLS3.60 through port UCP-1.  Size in bytes: 768. Pages printed: 1. No user action is required."
Information	12/22/2019 22:58	Microsoft-Windows-PrintService	307	Printing a document	"Document 1, Print Document owned by jblitt01 on \\MESOEL06484 was printed on VLS3.60 through port UCP-1.  Size in bytes: 7860. Pages printed: 1. No user action is required."
Information	12/22/2019 22:58	Microsoft-Windows-PrintService	307	Printing a document	"Document 2, Print Document owned by jblitt01 on \\MESOEL06484 was printed on VLS3.60 through port UCP-1.  Size in bytes: 7860. Pages printed: 1. No user action is required."
Information	12/23/2019 18:07	Microsoft-Windows-PrintService	307	Printing a document	"Document 3, Print Document owned by jblitt01 on \\MESOEL06484 was printed on VLS3.60 through port UCP-1.  Size in bytes: 15896. Pages printed: 1. No user action is required."
Information	12/23/2019 18:25	Microsoft-Windows-PrintService	307	Printing a document	"Document 4, Print Document owned by jblitt01 on \\MESOEL06484 was printed on VLS3.60 through port UCP-1.  Size in bytes: 16392. Pages printed: 1. No user action is required."
Information	12/23/2019 18:30	Microsoft-Windows-PrintService	307	Printing a document	"Document 5, Print Document owned by jblitt01 on \\MESOEL06484 was printed on VLS3.60 through port UCP-1.  Size in bytes: 16392. Pages printed: 1. No user action is required."
Information	12/23/2019 18:33	Microsoft-Windows-PrintService	307	Printing a document	"Document 6, Print Document owned by jblitt01 on \\MESOEL06484 was printed on VLS3.60 through port UCP-1.  Size in bytes: 16392. Pages printed: 1. No user action is required."
Information	12/23/2019 19:05	Microsoft-Windows-PrintService	307	Printing a document	"Document 7, Print Document owned by jblitt01 on \\MESOEL06484 was printed on VLS3.60 through port UCP-1.  Size in bytes: 7872. Pages printed: 1. No user action is required."
Information	12/23/2019 19:21	Microsoft-Windows-PrintService	307	Printing a document	"Document 8, Print Document owned by jblitt01 on \\MESOEL06484 was printed on VLS3.60 through port UCP-1.  Size in bytes: 6000. Pages printed: 1. No user action is required."
Information	12/23/2019 19:25	Microsoft-Windows-PrintService	307	Printing a document	"Document 9, Print Document owned by jblitt01 on \\MESOEL06484 was printed on VLS3.60 through port UCP-1.  Size in bytes: 656. Pages printed: 1. No user action is required."
Information	12/23/2019 19:28	Microsoft-Windows-PrintService	307	Printing a document	"Document 10, Print Document owned by jblitt01 on \\MESOEL06484 was printed on VLS3.60 through port UCP-1.  Size in bytes: 656. Pages printed: 1. No user action is required."
Information	12/23/2019 19:30	Microsoft-Windows-PrintService	307	Printing a document	"Document 11, Print Document owned by jblitt01 on \\MESOEL06484 was printed on VLS3.60 through port UCP-1.  Size in bytes: 656. Pages printed: 1. No user action is required."
Information	12/23/2019 19:44	Microsoft-Windows-PrintService	307	Printing a document	"Document 12, Print Document owned by jblitt01 on \\MESOEL06484 was printed on VLS3.60 through port UCP-1.  Size in bytes: 4344. Pages printed: 1. No user action is required."
Information	12/23/2019 19:49	Microsoft-Windows-PrintService	307	Printing a document	"Document 13, Print Document owned by jblitt01 on \\MESOEL06484 was printed on VLS3.60 through port UCP-1.  Size in bytes: 4344. Pages printed: 1. No user action is required."
Information	12/23/2019 20:34	Microsoft-Windows-PrintService	307	Printing a document	"Document 14, Print Document owned by jblitt01 on \\MESOEL06484 was printed on VLS3.60 through port UCP-1.  Size in bytes: 2192. Pages printed: 1. No user action is required."
Information	1/5/2020 15:46	Microsoft-Windows-PrintService	307	Printing a document	"Document 2, Print Document owned by jkanov01 on \\MESOEL06484 was printed on VLS3.60 through port UCP-1.  Size in bytes: 11728. Pages printed: 1. No user action is required."
Information	1/6/2020 11:05	Microsoft-Windows-PrintService	307	Printing a document	"Document 2, Print Document owned by mbiros01 on \\MESOEL06484 was printed on VLS3.60 through port UCP-1.  Size in bytes: 26688. Pages printed: 1. No user action is required."
Information	1/6/2020 11:08	Microsoft-Windows-PrintService	307	Printing a document	"Document 3, Print Document owned by mbiros01 on \\MESOEL06484 was printed on VLS3.60 through port UCP-1.  Size in bytes: 26688. Pages printed: 1. No user action is required."
Information	1/6/2020 11:10	Microsoft-Windows-PrintService	307	Printing a document	"Document 4, Print Document owned by mbiros01 on \\MESOEL06484 was printed on VLS3.60 through port UCP-1.  Size in bytes: 26944. Pages printed: 1. No user action is required."
Information	1/6/2020 11:29	Microsoft-Windows-PrintService	307	Printing a document	"Document 5, Print Document owned by mbiros01 on \\MESOEL06484 was printed on VLS3.60 through port UCP-1.  Size in bytes: 38624. Pages printed: 1. No user action is required."
Information	1/6/2020 11:45	Microsoft-Windows-PrintService	307	Printing a document	"Document 6, Print Document owned by mbiros01 on \\MESOEL06484 was printed on VLS3.60 through port UCP-1.  Size in bytes: 35648. Pages printed: 1. No user action is required."
Information	1/6/2020 11:45	Microsoft-Windows-PrintService	307	Printing a document	"Document 7, Print Document owned by mbiros01 on \\MESOEL06484 was printed on VLS3.60 through port UCP-1.  Size in bytes: 35648. Pages printed: 1. No user action is required."
Information	1/6/2020 12:01	Microsoft-Windows-PrintService	307	Printing a document	"Document 8, Print Document owned by mbiros01 on \\MESOEL06484 was printed on VLS3.60 through port UCP-1.  Size in bytes: 70960. Pages printed: 1. No user action is required."
Information	1/6/2020 12:22	Microsoft-Windows-PrintService	307	Printing a document	"Document 9, Print Document owned by mbiros01 on \\MESOEL06484 was printed on VLS3.60 through port UCP-1.  Size in bytes: 28176. Pages printed: 1. No user action is required."
Information	1/6/2020 13:05	Microsoft-Windows-PrintService	307	Printing a document	"Document 10, Print Document owned by mbiros01 on \\MESOEL06484 was printed on VLS3.60 through port UCP-1.  Size in bytes: 1968. Pages printed: 1. No user action is required."
Information	1/8/2020 16:31	Microsoft-Windows-PrintService	307	Printing a document	"Document 11, Print Document owned by wwind01 on \\MESOEL06484 was printed on VLS3.60 through port UCP-1.  Size in bytes: 25432. Pages printed: 1. No user action is required."
Information	1/8/2020 16:32	Microsoft-Windows-PrintService	307	Printing a document	"Document 12, Print Document owned by wwind01 on \\MESOEL06484 was printed on VLS3.60 through port UCP-1.  Size in bytes: 25432. Pages printed: 1. No user action is required."
Information	1/10/2020 15:14	Microsoft-Windows-PrintService	307	Printing a document	"Document 13, Print Document owned by cpries02 on \\MESOEL06484 was printed on VLS3.60 through port UCP-1.  Size in bytes: 3104. Pages printed: 1. No user action is required."
Information	1/12/2020 15:40	Microsoft-Windows-PrintService	307	Printing a document	"Document 14, Print Document owned by wwind01 on \\MESOEL06484 was printed on VLS3.60 through port UCP-1.  Size in bytes: 25432. Pages printed: 1. No user action is required."
Information	1/13/2020 10:26	Microsoft-Windows-PrintService	307	Printing a document	"Document 15, Print Document owned by zpogre01 on \\MESOEL06484 was printed on VLS3.60 through port UCP-1.  Size in bytes: 274048. Pages printed: 4. No user action is required."
Information	1/13/2020 14:51	Microsoft-Windows-PrintService	307	Printing a document	"Document 16, Print Document owned by zpogre01 on \\MESOEL06484 was printed on VLS3.60 through port UCP-1.  Size in bytes: 12400. Pages printed: 1. No user action is required."
Information	1/13/2020 15:30	Microsoft-Windows-PrintService	307	Printing a document	"Document 18, Print Document owned by ebrown26 on \\MESOEL06484 was printed on VLS3.60 through port UCP-1.  Size in bytes: 4908. Pages printed: 1. No user action is required."
Information	1/13/2020 15:32	Microsoft-Windows-PrintService	307	Printing a document	"Document 19, Print Document owned by ebrown26 on \\MESOEL06484 was printed on VLS3.60 through port UCP-1.  Size in bytes: 4908. Pages printed: 1. No user action is required."
Information	1/13/2020 15:32	Microsoft-Windows-PrintService	307	Printing a document	"Document 20, Print Document owned by ebrown26 on \\MESOEL06484 was printed on VLS3.60 through port UCP-1.  Size in bytes: 4908. Pages printed: 1. No user action is required."
Information	1/13/2020 15:33	Microsoft-Windows-PrintService	307	Printing a document	"Document 21, Print Document owned by ebrown26 on \\MESOEL06484 was printed on VLS3.60 through port UCP-1.  Size in bytes: 4908. Pages printed: 1. No user action is required."
Information	1/13/2020 15:34	Microsoft-Windows-PrintService	307	Printing a document	"Document 22, Print Document owned by ebrown26 on \\MESOEL06484 was printed on VLS3.60 through port UCP-1.  Size in bytes: 1324. Pages printed: 1. No user action is required."
Information	1/13/2020 15:35	Microsoft-Windows-PrintService	307	Printing a document	"Document 23, Print Document owned by ebrown26 on \\MESOEL06484 was printed on VLS3.60 through port UCP-1.  Size in bytes: 1880. Pages printed: 1. No user action is required."
Information	1/13/2020 15:42	Microsoft-Windows-PrintService	307	Printing a document	"Document 24, Print Document owned by cpries02 on \\MESOEL06484 was printed on VLS3.60 through port UCP-1.  Size in bytes: 3152. Pages printed: 1. No user action is required."
Information	1/13/2020 15:57	Microsoft-Windows-PrintService	307	Printing a document	"Document 25, Print Document owned by ebrown26 on \\MESOEL06484 was printed on VLS3.60 through port UCP-1.  Size in bytes: 1892. Pages printed: 1. No user action is required."
Information	1/13/2020 16:04	Microsoft-Windows-PrintService	307	Printing a document	"Document 26, Print Document owned by ebrown26 on \\MESOEL06484 was printed on VLS3.60 through port UCP-1.  Size in bytes: 9252. Pages printed: 1. No user action is required."
Information	1/13/2020 16:05	Microsoft-Windows-PrintService	307	Printing a document	"Document 27, Print Document owned by ebrown26 on \\MESOEL06484 was printed on VLS3.60 through port UCP-1.  Size in bytes: 9900. Pages printed: 1. No user action is required."
Information	1/13/2020 16:06	Microsoft-Windows-PrintService	307	Printing a document	"Document 28, Print Document owned by ebrown26 on \\MESOEL06484 was printed on VLS3.60 through port UCP-1.  Size in bytes: 1892. Pages printed: 1. No user action is required."
Information	1/13/2020 16:07	Microsoft-Windows-PrintService	307	Printing a document	"Document 29, Print Document owned by ebrown26 on \\MESOEL06484 was printed on VLS3.60 through port UCP-1.  Size in bytes: 1892. Pages printed: 1. No user action is required."
Information	1/13/2020 16:15	Microsoft-Windows-PrintService	307	Printing a document	"Document 30, Print Document owned by ebrown26 on \\MESOEL06484 was printed on VLS3.60 through port UCP-1.  Size in bytes: 2976. Pages printed: 1. No user action is required."
Information	1/13/2020 18:23	Microsoft-Windows-PrintService	307	Printing a document	"Document 31, Print Document owned by ebrown26 on \\MESOEL06484 was printed on VLS3.60 through port UCP-1.  Size in bytes: 45584. Pages printed: 1. No user action is required."
Information	1/13/2020 18:37	Microsoft-Windows-PrintService	307	Printing a document	"Document 32, Print Document owned by ebrown26 on \\MESOEL06484 was printed on VLS3.60 through port UCP-1.  Size in bytes: 3152. Pages printed: 1. No user action is required."
Information	1/13/2020 18:41	Microsoft-Windows-PrintService	307	Printing a document	"Document 33, Print Document owned by ebrown26 on \\MESOEL06484 was printed on VLS3.60 through port UCP-1.  Size in bytes: 3152. Pages printed: 1. No user action is required."
Information	1/13/2020 18:46	Microsoft-Windows-PrintService	307	Printing a document	"Document 34, Print Document owned by ebrown26 on \\MESOEL06484 was printed on VLS3.60 through port UCP-1.  Size in bytes: 51792. Pages printed: 1. No user action is required."
Information	1/13/2020 18:47	Microsoft-Windows-PrintService	307	Printing a document	"Document 35, Print Document owned by ebrown26 on \\MESOEL06484 was printed on VLS3.60 through port UCP-1.  Size in bytes: 51792. Pages printed: 1. No user action is required."
Information	1/13/2020 19:16	Microsoft-Windows-PrintService	307	Printing a document	"Document 36, Print Document owned by ebrown26 on \\MESOEL06484 was printed on VLS3.60 through port UCP-1.  Size in bytes: 64072. Pages printed: 1. No user action is required."
Information	1/13/2020 19:17	Microsoft-Windows-PrintService	307	Printing a document	"Document 37, Print Document owned by ebrown26 on \\MESOEL06484 was printed on VLS3.60 through port UCP-1.  Size in bytes: 64072. Pages printed: 1. No user action is required."
Information	1/13/2020 19:17	Microsoft-Windows-PrintService	307	Printing a document	"Document 38, Print Document owned by ebrown26 on \\MESOEL06484 was printed on VLS3.60 through port UCP-1.  Size in bytes: 51384. Pages printed: 1. No user action is required."
Information	1/13/2020 19:18	Microsoft-Windows-PrintService	307	Printing a document	"Document 39, Print Document owned by ebrown26 on \\MESOEL06484 was printed on VLS3.60 through port UCP-1.  Size in bytes: 53600. Pages printed: 1. No user action is required."
Information	1/13/2020 19:20	Microsoft-Windows-PrintService	307	Printing a document	"Document 40, Print Document owned by ebrown26 on \\MESOEL06484 was printed on VLS3.60 through port UCP-1.  Size in bytes: 51360. Pages printed: 1. No user action is required."
Information	1/13/2020 19:23	Microsoft-Windows-PrintService	307	Printing a document	"Document 41, Print Document owned by ebrown26 on \\MESOEL06484 was printed on VLS3.60 through port UCP-1.  Size in bytes: 51176. Pages printed: 1. No user action is required."
Information	1/13/2020 19:30	Microsoft-Windows-PrintService	307	Printing a document	"Document 42, Print Document owned by ebrown26 on \\MESOEL06484 was printed on VLS3.60 through port UCP-1.  Size in bytes: 15328. Pages printed: 1. No user action is required."
Information	1/14/2020 12:04	Microsoft-Windows-PrintService	307	Printing a document	"Document 43, Print Document owned by tpatro01 on \\MESOEL06484 was printed on VLS3.60 through port UCP-1.  Size in bytes: 56224. Pages printed: 1. No user action is required."
Information	1/14/2020 12:26	Microsoft-Windows-PrintService	307	Printing a document	"Document 44, Print Document owned by tpatro01 on \\MESOEL06484 was printed on VLS3.60 through port UCP-1.  Size in bytes: 6408. Pages printed: 1. No user action is required."
Information	1/14/2020 12:26	Microsoft-Windows-PrintService	307	Printing a document	"Document 45, Print Document owned by tpatro01 on \\MESOEL06484 was printed on VLS3.60 through port UCP-1.  Size in bytes: 6408. Pages printed: 1. No user action is required."
Information	1/14/2020 12:27	Microsoft-Windows-PrintService	307	Printing a document	"Document 46, Print Document owned by tpatro01 on \\MESOEL06484 was printed on VLS3.60 through port UCP-1.  Size in bytes: 6408. Pages printed: 1. No user action is required."
Information	1/14/2020 12:28	Microsoft-Windows-PrintService	307	Printing a document	"Document 47, Print Document owned by tpatro01 on \\MESOEL06484 was printed on VLS3.60 through port UCP-1.  Size in bytes: 6408. Pages printed: 1. No user action is required."
Information	1/14/2020 12:35	Microsoft-Windows-PrintService	307	Printing a document	"Document 48, Print Document owned by tpatro01 on \\MESOEL06484 was printed on VLS3.60 through port UCP-1.  Size in bytes: 8392. Pages printed: 1. No user action is required."
Information	1/14/2020 12:43	Microsoft-Windows-PrintService	307	Printing a document	"Document 49, Print Document owned by tpatro01 on \\MESOEL06484 was printed on VLS3.60 through port UCP-1.  Size in bytes: 3952. Pages printed: 1. No user action is required."
Information	1/14/2020 15:29	Microsoft-Windows-PrintService	307	Printing a document	"Document 50, Print Document owned by mkurzm01 on \\MESOEL06484 was printed on VLS3.60 through port UCP-1.  Size in bytes: 3634296. Pages printed: 1. No user action is required."
Information	1/14/2020 15:33	Microsoft-Windows-PrintService	307	Printing a document	"Document 51, Print Document owned by mkurzm01 on \\MESOEL06484 was printed on VLS3.60 through port UCP-1.  Size in bytes: 3567408. Pages printed: 1. No user action is required."
Information	1/14/2020 15:36	Microsoft-Windows-PrintService	307	Printing a document	"Document 52, Print Document owned by mkurzm01 on \\MESOEL06484 was printed on VLS3.60 through port UCP-1.  Size in bytes: 3567408. Pages printed: 1. No user action is required."
Information	1/14/2020 15:36	Microsoft-Windows-PrintService	307	Printing a document	"Document 53, Print Document owned by mkurzm01 on \\MESOEL06484 was printed on VLS3.60 through port UCP-1.  Size in bytes: 679292. Pages printed: 1. No user action is required."
Information	1/14/2020 15:40	Microsoft-Windows-PrintService	307	Printing a document	"Document 54, Print Document owned by mkurzm01 on \\MESOEL06484 was printed on VLS3.60 through port UCP-1.  Size in bytes: 3567408. Pages printed: 1. No user action is required."
Information	1/14/2020 15:40	Microsoft-Windows-PrintService	307	Printing a document	"Document 55, Print Document owned by mkurzm01 on \\MESOEL06484 was printed on VLS3.60 through port UCP-1.  Size in bytes: 679292. Pages printed: 1. No user action is required."
Information	1/14/2020 15:41	Microsoft-Windows-PrintService	307	Printing a document	"Document 56, Print Document owned by mkurzm01 on \\MESOEL06484 was printed on VLS3.60 through port UCP-1.  Size in bytes: 17896. Pages printed: 1. No user action is required."
Information	1/14/2020 15:41	Microsoft-Windows-PrintService	307	Printing a document	"Document 57, Print Document owned by mkurzm01 on \\MESOEL06484 was printed on VLS3.60 through port UCP-1.  Size in bytes: 3567408. Pages printed: 1. No user action is required."
Information	1/14/2020 15:45	Microsoft-Windows-PrintService	307	Printing a document	"Document 58, Print Document owned by mkurzm01 on \\MESOEL06484 was printed on VLS3.60 through port UCP-1.  Size in bytes: 21616. Pages printed: 1. No user action is required."
Information	1/14/2020 15:59	Microsoft-Windows-PrintService	307	Printing a document	"Document 59, Print Document owned by mkurzm01 on \\MESOEL06484 was printed on VLS3.60 through port UCP-1.  Size in bytes: 35696. Pages printed: 1. No user action is required."
Information	1/14/2020 16:29	Microsoft-Windows-PrintService	307	Printing a document	"Document 60, Print Document owned by mkurzm01 on \\MESOEL06484 was printed on VLS3.60 through port UCP-1.  Size in bytes: 1808. Pages printed: 1. No user action is required."
Information	1/14/2020 16:49	Microsoft-Windows-PrintService	307	Printing a document	"Document 61, Print Document owned by mkurzm01 on \\MESOEL06484 was printed on VLS3.60 through port UCP-1.  Size in bytes: 37500. Pages printed: 1. No user action is required."
Information	1/14/2020 20:50	Microsoft-Windows-PrintService	307	Printing a document	"Document 62, Print Document owned by mkurzm01 on \\MESOEL06484 was printed on VLS3.60 through port UCP-1.  Size in bytes: 37684. Pages printed: 1. No user action is required."
Information	1/15/2020 11:09	Microsoft-Windows-PrintService	307	Printing a document	"Document 63, Print Document owned by tpatro01 on \\MESOEL06484 was printed on VLS3.60 through port UCP-1.  Size in bytes: 1632. Pages printed: 1. No user action is required."
Information	1/15/2020 11:13	Microsoft-Windows-PrintService	307	Printing a document	"Document 64, Print Document owned by tpatro01 on \\MESOEL06484 was printed on VLS3.60 through port UCP-1.  Size in bytes: 1632. Pages printed: 1. No user action is required."
Information	1/15/2020 11:18	Microsoft-Windows-PrintService	307	Printing a document	"Document 65, Print Document owned by tpatro01 on \\MESOEL06484 was printed on VLS3.60 through port UCP-1.  Size in bytes: 1632. Pages printed: 1. No user action is required."
Information	1/15/2020 11:20	Microsoft-Windows-PrintService	307	Printing a document	"Document 66, Print Document owned by tpatro01 on \\MESOEL06484 was printed on VLS3.60 through port UCP-1.  Size in bytes: 1632. Pages printed: 1. No user action is required."
Information	1/15/2020 14:44	Microsoft-Windows-PrintService	307	Printing a document	"Document 67, Print Document owned by ablock03 on \\MESOEL06484 was printed on VLS3.60 through port UCP-1.  Size in bytes: 6800. Pages printed: 1. No user action is required."
Information	1/15/2020 16:02	Microsoft-Windows-PrintService	307	Printing a document	"Document 68, Print Document owned by ablock03 on \\MESOEL06484 was printed on VLS3.60 through port UCP-1.  Size in bytes: 8592. Pages printed: 1. No user action is required."
Information	1/15/2020 16:16	Microsoft-Windows-PrintService	307	Printing a document	"Document 69, Print Document owned by ablock03 on \\MESOEL06484 was printed on VLS3.60 through port UCP-1.  Size in bytes: 62128. Pages printed: 1. No user action is required."
Information	1/15/2020 16:21	Microsoft-Windows-PrintService	307	Printing a document	"Document 70, Print Document owned by ablock03 on \\MESOEL06484 was printed on VLS3.60 through port UCP-1.  Size in bytes: 36396. Pages printed: 1. No user action is required."
Information	1/15/2020 16:28	Microsoft-Windows-PrintService	307	Printing a document	"Document 71, Print Document owned by ablock03 on \\MESOEL06484 was printed on VLS3.60 through port UCP-1.  Size in bytes: 33740. Pages printed: 1. No user action is required."
Information	1/15/2020 18:20	Microsoft-Windows-PrintService	307	Printing a document	"Document 72, Print Document owned by ablock03 on \\MESOEL06484 was printed on VLS3.60 through port UCP-1.  Size in bytes: 32648. Pages printed: 1. No user action is required."
Information	1/15/2020 18:29	Microsoft-Windows-PrintService	307	Printing a document	"Document 73, Print Document owned by ablock03 on \\MESOEL06484 was printed on VLS3.60 through port UCP-1.  Size in bytes: 10544. Pages printed: 1. No user action is required."
Information	1/15/2020 18:40	Microsoft-Windows-PrintService	307	Printing a document	"Document 74, Print Document owned by ablock03 on \\MESOEL06484 was printed on VLS3.60 through port UCP-1.  Size in bytes: 14016. Pages printed: 1. No user action is required."
Information	1/15/2020 18:53	Microsoft-Windows-PrintService	307	Printing a document	"Document 75, Print Document owned by ablock03 on \\MESOEL06484 was printed on VLS3.60 through port UCP-1.  Size in bytes: 8912. Pages printed: 1. No user action is required."
Information	1/16/2020 12:58	Microsoft-Windows-PrintService	307	Printing a document	"Document 76, Print Document owned by CHOLMA01 on \\MESOEL06484 was printed on VLS3.60 through port UCP-1.  Size in bytes: 5472. Pages printed: 1. No user action is required."
Information	1/16/2020 12:59	Microsoft-Windows-PrintService	307	Printing a document	"Document 77, Print Document owned by CHOLMA01 on \\MESOEL06484 was printed on VLS3.60 through port UCP-1.  Size in bytes: 5472. Pages printed: 1. No user action is required."
Information	1/16/2020 15:10	Microsoft-Windows-PrintService	307	Printing a document	"Document 2, Print Document owned by gfava01 on \\MESOEL06484 was printed on VLS3.60 through port UCP-1.  Size in bytes: 784. Pages printed: 1. No user action is required."
Information	1/16/2020 15:16	Microsoft-Windows-PrintService	307	Printing a document	"Document 3, Print Document owned by gfava01 on \\MESOEL06484 was printed on VLS3.60 through port UCP-1.  Size in bytes: 1080. Pages printed: 1. No user action is required."
Information	1/16/2020 15:18	Microsoft-Windows-PrintService	307	Printing a document	"Document 4, Print Document owned by gfava01 on \\MESOEL06484 was printed on VLS3.60 through port UCP-1.  Size in bytes: 1080. Pages printed: 1. No user action is required."
Information	1/16/2020 15:20	Microsoft-Windows-PrintService	307	Printing a document	"Document 5, Print Document owned by gfava01 on \\MESOEL06484 was printed on VLS3.60 through port UCP-1.  Size in bytes: 1080. Pages printed: 1. No user action is required."
Information	1/16/2020 15:27	Microsoft-Windows-PrintService	307	Printing a document	"Document 6, Print Document owned by gfava01 on \\MESOEL06484 was printed on VLS3.60 through port UCP-1.  Size in bytes: 3648. Pages printed: 1. No user action is required."
Information	1/16/2020 15:34	Microsoft-Windows-PrintService	307	Printing a document	"Document 7, Print Document owned by gfava01 on \\MESOEL06484 was printed on VLS3.60 through port UCP-1.  Size in bytes: 1136. Pages printed: 1. No user action is required."
Information	1/16/2020 15:35	Microsoft-Windows-PrintService	307	Printing a document	"Document 8, Print Document owned by gfava01 on \\MESOEL06484 was printed on VLS3.60 through port UCP-1.  Size in bytes: 1136. Pages printed: 1. No user action is required."
Information	1/16/2020 15:44	Microsoft-Windows-PrintService	307	Printing a document	"Document 9, Print Document owned by gfava01 on \\MESOEL06484 was printed on VLS3.60 through port UCP-1.  Size in bytes: 1136. Pages printed: 1. No user action is required."
Information	1/16/2020 15:53	Microsoft-Windows-PrintService	307	Printing a document	"Document 10, Print Document owned by gfava01 on \\MESOEL06484 was printed on VLS3.60 through port UCP-1.  Size in bytes: 4376. Pages printed: 1. No user action is required."
Information	1/16/2020 16:14	Microsoft-Windows-PrintService	307	Printing a document	"Document 11, Print Document owned by gfava01 on \\MESOEL06484 was printed on VLS3.60 through port UCP-1.  Size in bytes: 1152. Pages printed: 1. No user action is required."
Information	1/16/2020 16:37	Microsoft-Windows-PrintService	307	Printing a document	"Document 12, Print Document owned by gfava01 on \\MESOEL06484 was printed on VLS3.60 through port UCP-1.  Size in bytes: 12944. Pages printed: 1. No user action is required."
Information	1/16/2020 17:03	Microsoft-Windows-PrintService	307	Printing a document	"Document 13, Print Document owned by gfava01 on \\MESOEL06484 was printed on VLS3.60 through port UCP-1.  Size in bytes: 17296. Pages printed: 1. No user action is required."
Information	1/16/2020 17:05	Microsoft-Windows-PrintService	307	Printing a document	"Document 14, Print Document owned by gfava01 on \\MESOEL06484 was printed on VLS3.60 through port UCP-1.  Size in bytes: 6768. Pages printed: 1. No user action is required."
Information	1/16/2020 17:17	Microsoft-Windows-PrintService	307	Printing a document	"Document 15, Print Document owned by gfava01 on \\MESOEL06484 was printed on VLS3.60 through port UCP-1.  Size in bytes: 24528. Pages printed: 1. No user action is required."
Information	1/16/2020 17:24	Microsoft-Windows-PrintService	307	Printing a document	"Document 16, Print Document owned by gfava01 on \\MESOEL06484 was printed on VLS3.60 through port UCP-1.  Size in bytes: 6768. Pages printed: 1. No user action is required."
Information	1/16/2020 17:35	Microsoft-Windows-PrintService	307	Printing a document	"Document 18, Print Document owned by gfava01 on \\MESOEL06484 was printed on VLS3.60 through port UCP-1.  Size in bytes: 10928. Pages printed: 1. No user action is required."
Information	1/16/2020 17:50	Microsoft-Windows-PrintService	307	Printing a document	"Document 19, Print Document owned by gfava01 on \\MESOEL06484 was printed on VLS3.60 through port UCP-1.  Size in bytes: 1104. Pages printed: 1. No user action is required."
Information	1/16/2020 18:57	Microsoft-Windows-PrintService	307	Printing a document	"Document 20, Print Document owned by gfava01 on \\MESOEL06484 was printed on VLS3.60 through port UCP-1.  Size in bytes: 4464. Pages printed: 1. No user action is required."
Information	1/16/2020 19:09	Microsoft-Windows-PrintService	307	Printing a document	"Document 21, Print Document owned by gfava01 on \\MESOEL06484 was printed on VLS3.60 through port UCP-1.  Size in bytes: 4776. Pages printed: 1. No user action is required."
Information	1/16/2020 19:31	Microsoft-Windows-PrintService	307	Printing a document	"Document 22, Print Document owned by gfava01 on \\MESOEL06484 was printed on VLS3.60 through port UCP-1.  Size in bytes: 5752. Pages printed: 1. No user action is required."
Information	1/16/2020 22:03	Microsoft-Windows-PrintService	307	Printing a document	"Document 23, Print Document owned by mkurzm01 on \\MESOEL06484 was printed on VLS3.60 through port UCP-1.  Size in bytes: 19264. Pages printed: 1. No user action is required."
Information	1/16/2020 22:06	Microsoft-Windows-PrintService	307	Printing a document	"Document 24, Print Document owned by mkurzm01 on \\MESOEL06484 was printed on VLS3.60 through port UCP-1.  Size in bytes: 19448. Pages printed: 1. No user action is required."
Information	1/16/2020 22:18	Microsoft-Windows-PrintService	307	Printing a document	"Document 25, Print Document owned by mkurzm01 on \\MESOEL06484 was printed on VLS3.60 through port UCP-1.  Size in bytes: 19448. Pages printed: 1. No user action is required."
Information	1/16/2020 22:28	Microsoft-Windows-PrintService	307	Printing a document	"Document 26, Print Document owned by mkurzm01 on \\MESOEL06484 was printed on VLS3.60 through port UCP-1.  Size in bytes: 19912. Pages printed: 1. No user action is required."
Information	1/17/2020 9:47	Microsoft-Windows-PrintService	307	Printing a document	"Document 27, Print Document owned by mkurzm01 on \\MESOEL06484 was printed on VLS3.60 through port UCP-1.  Size in bytes: 11532. Pages printed: 1. No user action is required."
Information	1/17/2020 9:49	Microsoft-Windows-PrintService	307	Printing a document	"Document 28, Print Document owned by mkurzm01 on \\MESOEL06484 was printed on VLS3.60 through port UCP-1.  Size in bytes: 11504. Pages printed: 1. No user action is required."
Information	1/17/2020 9:59	Microsoft-Windows-PrintService	307	Printing a document	"Document 29, Print Document owned by mkurzm01 on \\MESOEL06484 was printed on VLS3.60 through port UCP-1.  Size in bytes: 16784. Pages printed: 1. No user action is required."
Information	1/17/2020 10:19	Microsoft-Windows-PrintService	307	Printing a document	"Document 30, Print Document owned by mkurzm01 on \\MESOEL06484 was printed on VLS3.60 through port UCP-1.  Size in bytes: 2140. Pages printed: 1. No user action is required."
Information	1/17/2020 10:20	Microsoft-Windows-PrintService	307	Printing a document	"Document 31, Print Document owned by mkurzm01 on \\MESOEL06484 was printed on VLS3.60 through port UCP-1.  Size in bytes: 1824. Pages printed: 1. No user action is required."
Information	1/17/2020 11:08	Microsoft-Windows-PrintService	307	Printing a document	"Document 32, Print Document owned by mkurzm01 on \\MESOEL06484 was printed on VLS3.60 through port UCP-1.  Size in bytes: 1128. Pages printed: 1. No user action is required."
Information	1/17/2020 11:20	Microsoft-Windows-PrintService	307	Printing a document	"Document 33, Print Document owned by mkurzm01 on \\MESOEL06484 was printed on VLS3.60 through port UCP-1.  Size in bytes: 1136. Pages printed: 1. No user action is required."
Information	1/17/2020 11:21	Microsoft-Windows-PrintService	307	Printing a document	"Document 34, Print Document owned by mkurzm01 on \\MESOEL06484 was printed on VLS3.60 through port UCP-1.  Size in bytes: 1136. Pages printed: 1. No user action is required."
Information	1/17/2020 11:56	Microsoft-Windows-PrintService	307	Printing a document	"Document 35, Print Document owned by mkurzm01 on \\MESOEL06484 was printed on VLS3.60 through port UCP-1.  Size in bytes: 2408. Pages printed: 1. No user action is required."
Information	1/17/2020 12:10	Microsoft-Windows-PrintService	307	Printing a document	"Document 36, Print Document owned by mkurzm01 on \\MESOEL06484 was printed on VLS3.60 through port UCP-1.  Size in bytes: 13312. Pages printed: 1. No user action is required."
Information	1/17/2020 12:14	Microsoft-Windows-PrintService	307	Printing a document	"Document 37, Print Document owned by mkurzm01 on \\MESOEL06484 was printed on VLS3.60 through port UCP-1.  Size in bytes: 6480. Pages printed: 1. No user action is required."
Information	1/17/2020 12:19	Microsoft-Windows-PrintService	307	Printing a document	"Document 38, Print Document owned by mkurzm01 on \\MESOEL06484 was printed on VLS3.60 through port UCP-1.  Size in bytes: 4324. Pages printed: 1. No user action is required."
Information	1/17/2020 12:20	Microsoft-Windows-PrintService	307	Printing a document	"Document 39, Print Document owned by mkurzm01 on \\MESOEL06484 was printed on VLS3.60 through port UCP-1.  Size in bytes: 4324. Pages printed: 1. No user action is required."
Information	1/17/2020 12:22	Microsoft-Windows-PrintService	307	Printing a document	"Document 40, Print Document owned by mkurzm01 on \\MESOEL06484 was printed on VLS3.60 through port UCP-1.  Size in bytes: 6480. Pages printed: 1. No user action is required."
Information	1/17/2020 12:28	Microsoft-Windows-PrintService	307	Printing a document	"Document 41, Print Document owned by mkurzm01 on \\MESOEL06484 was printed on VLS3.60 through port UCP-1.  Size in bytes: 5004. Pages printed: 1. No user action is required."
Information	1/17/2020 12:39	Microsoft-Windows-PrintService	307	Printing a document	"Document 42, Print Document owned by mkurzm01 on \\MESOEL06484 was printed on VLS3.60 through port UCP-1.  Size in bytes: 16016. Pages printed: 1. No user action is required."
Information	1/17/2020 13:08	Microsoft-Windows-PrintService	307	Printing a document	"Document 43, Print Document owned by mkurzm01 on \\MESOEL06484 was printed on VLS3.60 through port UCP-1.  Size in bytes: 10384. Pages printed: 1. No user action is required."
Information	1/17/2020 13:16	Microsoft-Windows-PrintService	307	Printing a document	"Document 44, Print Document owned by mkurzm01 on \\MESOEL06484 was printed on VLS3.60 through port UCP-1.  Size in bytes: 6544. Pages printed: 1. No user action is required."
Information	1/17/2020 13:19	Microsoft-Windows-PrintService	307	Printing a document	"Document 45, Print Document owned by mkurzm01 on \\MESOEL06484 was printed on VLS3.60 through port UCP-1.  Size in bytes: 4240. Pages printed: 1. No user action is required."
Information	1/17/2020 13:26	Microsoft-Windows-PrintService	307	Printing a document	"Document 46, Print Document owned by mkurzm01 on \\MESOEL06484 was printed on VLS3.60 through port UCP-1.  Size in bytes: 3728. Pages printed: 1. No user action is required."
Information	1/17/2020 13:33	Microsoft-Windows-PrintService	307	Printing a document	"Document 47, Print Document owned by mkurzm01 on \\MESOEL06484 was printed on VLS3.60 through port UCP-1.  Size in bytes: 6032. Pages printed: 1. No user action is required."
Information	1/17/2020 13:38	Microsoft-Windows-PrintService	307	Printing a document	"Document 48, Print Document owned by mkurzm01 on \\MESOEL06484 was printed on VLS3.60 through port UCP-1.  Size in bytes: 11712. Pages printed: 1. No user action is required."
Information	1/17/2020 13:48	Microsoft-Windows-PrintService	307	Printing a document	"Document 49, Print Document owned by mkurzm01 on \\MESOEL06484 was printed on VLS3.60 through port UCP-1.  Size in bytes: 23280. Pages printed: 1. No user action is required."
Information	1/17/2020 13:59	Microsoft-Windows-PrintService	307	Printing a document	"Document 50, Print Document owned by mkurzm01 on \\MESOEL06484 was printed on VLS3.60 through port UCP-1.  Size in bytes: 2368. Pages printed: 1. No user action is required."
Information	1/17/2020 14:15	Microsoft-Windows-PrintService	307	Printing a document	"Document 51, Print Document owned by mkurzm01 on \\MESOEL06484 was printed on VLS3.60 through port UCP-1.  Size in bytes: 7296. Pages printed: 1. No user action is required."
Information	1/17/2020 14:15	Microsoft-Windows-PrintService	307	Printing a document	"Document 52, Print Document owned by mkurzm01 on \\MESOEL06484 was printed on VLS3.60 through port UCP-1.  Size in bytes: 7296. Pages printed: 1. No user action is required."
Information	1/17/2020 14:17	Microsoft-Windows-PrintService	307	Printing a document	"Document 53, Print Document owned by mkurzm01 on \\MESOEL06484 was printed on VLS3.60 through port UCP-1.  Size in bytes: 7296. Pages printed: 1. No user action is required."
Information	1/17/2020 15:03	Microsoft-Windows-PrintService	307	Printing a document	"Document 54, Print Document owned by mkurzm01 on \\MESOEL06484 was printed on VLS3.60 through port UCP-1.  Size in bytes: 3104. Pages printed: 1. No user action is required."
Information	1/17/2020 15:08	Microsoft-Windows-PrintService	307	Printing a document	"Document 55, Print Document owned by mkurzm01 on \\MESOEL06484 was printed on VLS3.60 through port UCP-1.  Size in bytes: 3104. Pages printed: 1. No user action is required."
Information	1/17/2020 15:25	Microsoft-Windows-PrintService	307	Printing a document	"Document 56, Print Document owned by mkurzm01 on \\MESOEL06484 was printed on VLS3.60 through port UCP-1.  Size in bytes: 2736. Pages printed: 1. No user action is required."
Information	1/17/2020 15:53	Microsoft-Windows-PrintService	307	Printing a document	"Document 57, Print Document owned by mkurzm01 on \\MESOEL06484 was printed on VLS3.60 through port UCP-1.  Size in bytes: 1872. Pages printed: 1. No user action is required."
Information	1/17/2020 16:36	Microsoft-Windows-PrintService	307	Printing a document	"Document 58, Print Document owned by mkurzm01 on \\MESOEL06484 was printed on VLS3.60 through port UCP-1.  Size in bytes: 2840. Pages printed: 1. No user action is required."
Information	1/17/2020 16:49	Microsoft-Windows-PrintService	307	Printing a document	"Document 59, Print Document owned by mkurzm01 on \\MESOEL06484 was printed on VLS3.60 through port UCP-1.  Size in bytes: 5744. Pages printed: 1. No user action is required."
Information	1/17/2020 16:55	Microsoft-Windows-PrintService	307	Printing a document	"Document 60, Print Document owned by mkurzm01 on \\MESOEL06484 was printed on VLS3.60 through port UCP-1.  Size in bytes: 12056. Pages printed: 1. No user action is required."
Information	1/17/2020 16:55	Microsoft-Windows-PrintService	307	Printing a document	"Document 61, Print Document owned by mkurzm01 on \\MESOEL06484 was printed on VLS3.60 through port UCP-1.  Size in bytes: 12056. Pages printed: 1. No user action is required."
Information	1/17/2020 17:14	Microsoft-Windows-PrintService	307	Printing a document	"Document 62, Print Document owned by mkurzm01 on \\MESOEL06484 was printed on VLS3.60 through port UCP-1.  Size in bytes: 24672. Pages printed: 1. No user action is required."
Information	1/17/2020 17:53	Microsoft-Windows-PrintService	307	Printing a document	"Document 63, Print Document owned by mkurzm01 on \\MESOEL06484 was printed on VLS3.60 through port UCP-1.  Size in bytes: 11168. Pages printed: 1. No user action is required."
Information	1/18/2020 11:00	Microsoft-Windows-PrintService	307	Printing a document	"Document 2, Print Document owned by mkurzm01 on \\MESOEL06484 was printed on VLS3.60 through port UCP-1.  Size in bytes: 37684. Pages printed: 1. No user action is required."
Information	1/18/2020 12:51	Microsoft-Windows-PrintService	307	Printing a document	"Document 3, Print Document owned by ijones03 on \\MESOEL06484 was printed on VLS3.60 through port UCP-1.  Size in bytes: 5552. Pages printed: 1. No user action is required."
Information	1/18/2020 13:48	Microsoft-Windows-PrintService	307	Printing a document	"Document 4, Print Document owned by ijones03 on \\MESOEL06484 was printed on VLS3.60 through port UCP-1.  Size in bytes: 32120. Pages printed: 1. No user action is required."
Information	1/18/2020 13:52	Microsoft-Windows-PrintService	307	Printing a document	"Document 5, Print Document owned by ijones03 on \\MESOEL06484 was printed on VLS3.60 through port UCP-1.  Size in bytes: 39600. Pages printed: 1. No user action is required."
Information	1/18/2020 15:32	Microsoft-Windows-PrintService	307	Printing a document	"Document 6, Print Document owned by ijones03 on \\MESOEL06484 was printed on VLS3.60 through port UCP-1.  Size in bytes: 104216. Pages printed: 1. No user action is required."
Information	1/19/2020 15:37	Microsoft-Windows-PrintService	307	Printing a document	"Document 2, Print Document owned by cpezoa01 on \\MESOEL06484 was printed on S-1-5-21-1371027701-2112946977-538272213-198972:OneNote through port Microsoft.Office.OneNote_16001.12325.20040.0_x64__8wekyb3d8bbwe_microsoft.onenoteim_S-1-5-21-1371027701-2112946977-538272213-198972.  Size in bytes: 11525. Pages printed: 1. No user action is required."
Information	1/19/2020 15:37	Microsoft-Windows-PrintService	307	Printing a document	"Document 3, Print Document owned by cpezoa01 on \\MESOEL06484 was printed on VLS3.60 through port UCP-1.  Size in bytes: 5040. Pages printed: 1. No user action is required."
Information	1/19/2020 15:55	Microsoft-Windows-PrintService	307	Printing a document	"Document 4, Print Document owned by cpezoa01 on \\MESOEL06484 was printed on VLS3.60 through port UCP-1.  Size in bytes: 22016. Pages printed: 1. No user action is required."
Information	1/19/2020 16:04	Microsoft-Windows-PrintService	307	Printing a document	"Document 5, Print Document owned by cpezoa01 on \\MESOEL06484 was printed on VLS3.60 through port UCP-1.  Size in bytes: 2816. Pages printed: 1. No user action is required."
Information	1/19/2020 16:35	Microsoft-Windows-PrintService	307	Printing a document	"Document 6, Print Document owned by cpezoa01 on \\MESOEL06484 was printed on VLS3.60 through port UCP-1.  Size in bytes: 22016. Pages printed: 1. No user action is required."
Information	1/19/2020 16:53	Microsoft-Windows-PrintService	307	Printing a document	"Document 7, Print Document owned by cpezoa01 on \\MESOEL06484 was printed on VLS3.60 through port UCP-1.  Size in bytes: 3712. Pages printed: 1. No user action is required."
Information	1/19/2020 16:56	Microsoft-Windows-PrintService	307	Printing a document	"Document 8, Print Document owned by cpezoa01 on \\MESOEL06484 was printed on VLS3.60 through port UCP-1.  Size in bytes: 1136. Pages printed: 1. No user action is required."
