Information	10/16/2019 14:04	Microsoft-Windows-PrintService	307	Printing a document	"Document 145, Print Document owned by wwitti01 on \\MESOEL06484 was printed on VLS3.60 through port UCP-1.  Size in bytes: 1040. Pages printed: 1. No user action is required."
Information	10/16/2019 14:06	Microsoft-Windows-PrintService	307	Printing a document	"Document 146, Print Document owned by wwitti01 on \\MESOEL06484 was printed on VLS3.60 through port UCP-1.  Size in bytes: 1040. Pages printed: 1. No user action is required."
Information	10/16/2019 14:07	Microsoft-Windows-PrintService	307	Printing a document	"Document 147, Print Document owned by wwitti01 on \\MESOEL06484 was printed on VLS3.60 through port UCP-1.  Size in bytes: 1040. Pages printed: 1. No user action is required."
Information	10/16/2019 14:08	Microsoft-Windows-PrintService	307	Printing a document	"Document 148, Print Document owned by wwitti01 on \\MESOEL06484 was printed on VLS3.60 through port UCP-1.  Size in bytes: 43068. Pages printed: 1. No user action is required."
Information	10/16/2019 14:09	Microsoft-Windows-PrintService	307	Printing a document	"Document 149, Print Document owned by wwitti01 on \\MESOEL06484 was printed on VLS3.60 through port UCP-1.  Size in bytes: 1040. Pages printed: 1. No user action is required."
Information	10/16/2019 14:57	Microsoft-Windows-PrintService	307	Printing a document	"Document 150, Print Document owned by wwitti01 on \\MESOEL06484 was printed on VLS3.60 through port UCP-1.  Size in bytes: 34736. Pages printed: 2. No user action is required."
Information	10/16/2019 15:00	Microsoft-Windows-PrintService	307	Printing a document	"Document 151, Print Document owned by wwitti01 on \\MESOEL06484 was printed on VLS3.60 through port UCP-1.  Size in bytes: 34248. Pages printed: 1. No user action is required."
Information	10/16/2019 15:02	Microsoft-Windows-PrintService	307	Printing a document	"Document 152, Print Document owned by wwitti01 on \\MESOEL06484 was printed on VLS3.60 through port UCP-1.  Size in bytes: 34248. Pages printed: 1. No user action is required."
Information	10/16/2019 15:02	Microsoft-Windows-PrintService	307	Printing a document	"Document 153, Print Document owned by wwitti01 on \\MESOEL06484 was printed on VLS3.60 through port UCP-1.  Size in bytes: 34248. Pages printed: 1. No user action is required."
Information	10/16/2019 15:03	Microsoft-Windows-PrintService	307	Printing a document	"Document 154, Print Document owned by wwitti01 on \\MESOEL06484 was printed on VLS3.60 through port UCP-1.  Size in bytes: 34248. Pages printed: 1. No user action is required."
Information	10/16/2019 15:18	Microsoft-Windows-PrintService	307	Printing a document	"Document 155, Print Document owned by wwitti01 on \\MESOEL06484 was printed on VLS3.60 through port UCP-1.  Size in bytes: 20864. Pages printed: 1. No user action is required."
Information	10/16/2019 15:24	Microsoft-Windows-PrintService	307	Printing a document	"Document 156, Print Document owned by wwitti01 on \\MESOEL06484 was printed on VLS3.60 through port UCP-1.  Size in bytes: 19680. Pages printed: 1. No user action is required."
Information	10/16/2019 15:40	Microsoft-Windows-PrintService	307	Printing a document	"Document 157, Print Document owned by wwitti01 on \\MESOEL06484 was printed on VLS3.60 through port UCP-1.  Size in bytes: 656. Pages printed: 1. No user action is required."
Information	10/16/2019 16:04	Microsoft-Windows-PrintService	307	Printing a document	"Document 158, Print Document owned by wwitti01 on \\MESOEL06484 was printed on VLS3.60 through port UCP-1.  Size in bytes: 4424. Pages printed: 1. No user action is required."
Information	10/16/2019 16:05	Microsoft-Windows-PrintService	307	Printing a document	"Document 159, Print Document owned by wwitti01 on \\MESOEL06484 was printed on VLS3.60 through port UCP-1.  Size in bytes: 4424. Pages printed: 1. No user action is required."
Information	10/16/2019 16:05	Microsoft-Windows-PrintService	307	Printing a document	"Document 160, Print Document owned by wwitti01 on \\MESOEL06484 was printed on VLS3.60 through port UCP-1.  Size in bytes: 4424. Pages printed: 1. No user action is required."
Information	10/16/2019 16:05	Microsoft-Windows-PrintService	307	Printing a document	"Document 161, Print Document owned by wwitti01 on \\MESOEL06484 was printed on VLS3.60 through port UCP-1.  Size in bytes: 4424. Pages printed: 1. No user action is required."
Information	10/16/2019 16:06	Microsoft-Windows-PrintService	307	Printing a document	"Document 162, Print Document owned by wwitti01 on \\MESOEL06484 was printed on VLS3.60 through port UCP-1.  Size in bytes: 4424. Pages printed: 1. No user action is required."
Information	10/16/2019 16:07	Microsoft-Windows-PrintService	307	Printing a document	"Document 163, Print Document owned by wwitti01 on \\MESOEL06484 was printed on VLS3.60 through port UCP-1.  Size in bytes: 4424. Pages printed: 1. No user action is required."
Information	10/16/2019 16:27	Microsoft-Windows-PrintService	307	Printing a document	"Document 164, Print Document owned by wwitti01 on \\MESOEL06484 was printed on VLS3.60 through port UCP-1.  Size in bytes: 4424. Pages printed: 1. No user action is required."
Information	10/16/2019 16:29	Microsoft-Windows-PrintService	307	Printing a document	"Document 165, Print Document owned by wwitti01 on \\MESOEL06484 was printed on VLS3.60 through port UCP-1.  Size in bytes: 4424. Pages printed: 1. No user action is required."
Information	10/16/2019 16:56	Microsoft-Windows-PrintService	307	Printing a document	"Document 166, Print Document owned by wwitti01 on \\MESOEL06484 was printed on VLS3.60 through port UCP-1.  Size in bytes: 52444. Pages printed: 1. No user action is required."
Information	10/16/2019 17:10	Microsoft-Windows-PrintService	307	Printing a document	"Document 167, Print Document owned by wwitti01 on \\MESOEL06484 was printed on VLS3.60 through port UCP-1.  Size in bytes: 44764. Pages printed: 1. No user action is required."
Information	10/16/2019 17:21	Microsoft-Windows-PrintService	307	Printing a document	"Document 168, Print Document owned by wwitti01 on \\MESOEL06484 was printed on VLS3.60 through port UCP-1.  Size in bytes: 4424. Pages printed: 1. No user action is required."
Information	10/16/2019 17:38	Microsoft-Windows-PrintService	307	Printing a document	"Document 169, Print Document owned by wwitti01 on \\MESOEL06484 was printed on VLS3.60 through port UCP-1.  Size in bytes: 52444. Pages printed: 1. No user action is required."
Information	10/16/2019 17:49	Microsoft-Windows-PrintService	307	Printing a document	"Document 170, Print Document owned by wwitti01 on \\MESOEL06484 was printed on VLS3.60 through port UCP-1.  Size in bytes: 49372. Pages printed: 1. No user action is required."
Information	10/16/2019 17:50	Microsoft-Windows-PrintService	307	Printing a document	"Document 171, Print Document owned by wwitti01 on \\MESOEL06484 was printed on VLS3.60 through port UCP-1.  Size in bytes: 49372. Pages printed: 1. No user action is required."
Information	10/16/2019 17:50	Microsoft-Windows-PrintService	307	Printing a document	"Document 172, Print Document owned by wwitti01 on \\MESOEL06484 was printed on VLS3.60 through port UCP-1.  Size in bytes: 49372. Pages printed: 1. No user action is required."
Information	10/16/2019 17:58	Microsoft-Windows-PrintService	307	Printing a document	"Document 173, Print Document owned by wwitti01 on \\MESOEL06484 was printed on VLS3.60 through port UCP-1.  Size in bytes: 1188. Pages printed: 1. No user action is required."
Information	10/16/2019 18:28	Microsoft-Windows-PrintService	307	Printing a document	"Document 174, Print Document owned by wwitti01 on \\MESOEL06484 was printed on VLS3.60 through port UCP-1.  Size in bytes: 1304. Pages printed: 1. No user action is required."
Information	10/16/2019 18:30	Microsoft-Windows-PrintService	307	Printing a document	"Document 175, Print Document owned by wwitti01 on \\MESOEL06484 was printed on VLS3.60 through port UCP-1.  Size in bytes: 11344. Pages printed: 1. No user action is required."
Information	10/16/2019 18:32	Microsoft-Windows-PrintService	307	Printing a document	"Document 176, Print Document owned by wwitti01 on \\MESOEL06484 was printed on VLS3.60 through port UCP-1.  Size in bytes: 11344. Pages printed: 1. No user action is required."
Information	10/16/2019 18:36	Microsoft-Windows-PrintService	307	Printing a document	"Document 177, Print Document owned by wwitti01 on \\MESOEL06484 was printed on VLS3.60 through port UCP-1.  Size in bytes: 784. Pages printed: 1. No user action is required."
Information	10/16/2019 18:43	Microsoft-Windows-PrintService	307	Printing a document	"Document 178, Print Document owned by wwitti01 on \\MESOEL06484 was printed on VLS3.60 through port UCP-1.  Size in bytes: 1104. Pages printed: 1. No user action is required."
Information	10/16/2019 19:10	Microsoft-Windows-PrintService	307	Printing a document	"Document 179, Print Document owned by wwitti01 on \\MESOEL06484 was printed on VLS3.60 through port UCP-1.  Size in bytes: 82236. Pages printed: 1. No user action is required."
Information	10/16/2019 19:14	Microsoft-Windows-PrintService	307	Printing a document	"Document 180, Print Document owned by wwitti01 on \\MESOEL06484 was printed on VLS3.60 through port UCP-1.  Size in bytes: 82236. Pages printed: 1. No user action is required."
Information	10/16/2019 19:30	Microsoft-Windows-PrintService	307	Printing a document	"Document 181, Print Document owned by wwitti01 on \\MESOEL06484 was printed on VLS3.60 through port UCP-1.  Size in bytes: 106356. Pages printed: 1. No user action is required."
Information	10/16/2019 19:45	Microsoft-Windows-PrintService	307	Printing a document	"Document 182, Print Document owned by wwitti01 on \\MESOEL06484 was printed on VLS3.60 through port UCP-1.  Size in bytes: 28296. Pages printed: 1. No user action is required."
Information	10/16/2019 20:01	Microsoft-Windows-PrintService	307	Printing a document	"Document 183, Print Document owned by wwitti01 on \\MESOEL06484 was printed on VLS3.60 through port UCP-1.  Size in bytes: 1424. Pages printed: 1. No user action is required."
Information	10/16/2019 20:02	Microsoft-Windows-PrintService	307	Printing a document	"Document 184, Print Document owned by wwitti01 on \\MESOEL06484 was printed on VLS3.60 through port UCP-1.  Size in bytes: 912. Pages printed: 1. No user action is required."
Information	10/16/2019 20:03	Microsoft-Windows-PrintService	307	Printing a document	"Document 185, Print Document owned by wwitti01 on \\MESOEL06484 was printed on VLS3.60 through port UCP-1.  Size in bytes: 912. Pages printed: 1. No user action is required."
Information	10/16/2019 20:10	Microsoft-Windows-PrintService	307	Printing a document	"Document 186, Print Document owned by wwitti01 on \\MESOEL06484 was printed on VLS3.60 through port UCP-1.  Size in bytes: 912. Pages printed: 1. No user action is required."
Information	10/16/2019 20:11	Microsoft-Windows-PrintService	307	Printing a document	"Document 187, Print Document owned by wwitti01 on \\MESOEL06484 was printed on VLS3.60 through port UCP-1.  Size in bytes: 912. Pages printed: 1. No user action is required."
Information	10/16/2019 20:13	Microsoft-Windows-PrintService	307	Printing a document	"Document 188, Print Document owned by wwitti01 on \\MESOEL06484 was printed on VLS3.60 through port UCP-1.  Size in bytes: 912. Pages printed: 1. No user action is required."
Information	10/16/2019 20:14	Microsoft-Windows-PrintService	307	Printing a document	"Document 189, Print Document owned by wwitti01 on \\MESOEL06484 was printed on VLS3.60 through port UCP-1.  Size in bytes: 656. Pages printed: 1. No user action is required."
Information	10/16/2019 20:14	Microsoft-Windows-PrintService	307	Printing a document	"Document 190, Print Document owned by wwitti01 on \\MESOEL06484 was printed on VLS3.60 through port UCP-1.  Size in bytes: 656. Pages printed: 1. No user action is required."
Information	10/16/2019 20:14	Microsoft-Windows-PrintService	307	Printing a document	"Document 191, Print Document owned by wwitti01 on \\MESOEL06484 was printed on VLS3.60 through port UCP-1.  Size in bytes: 656. Pages printed: 1. No user action is required."
Information	10/16/2019 20:18	Microsoft-Windows-PrintService	307	Printing a document	"Document 192, Print Document owned by wwitti01 on \\MESOEL06484 was printed on VLS3.60 through port UCP-1.  Size in bytes: 656. Pages printed: 1. No user action is required."
Information	10/16/2019 20:23	Microsoft-Windows-PrintService	307	Printing a document	"Document 193, Print Document owned by wwitti01 on \\MESOEL06484 was printed on VLS3.60 through port UCP-1.  Size in bytes: 2448. Pages printed: 1. No user action is required."
Information	10/16/2019 20:42	Microsoft-Windows-PrintService	307	Printing a document	"Document 194, Print Document owned by wwitti01 on \\MESOEL06484 was printed on VLS3.60 through port UCP-1.  Size in bytes: 237664. Pages printed: 1. No user action is required."
Information	10/16/2019 20:44	Microsoft-Windows-PrintService	307	Printing a document	"Document 195, Print Document owned by wwitti01 on \\MESOEL06484 was printed on VLS3.60 through port UCP-1.  Size in bytes: 237664. Pages printed: 1. No user action is required."
Information	10/16/2019 20:44	Microsoft-Windows-PrintService	307	Printing a document	"Document 196, Print Document owned by wwitti01 on \\MESOEL06484 was printed on VLS3.60 through port UCP-1.  Size in bytes: 237664. Pages printed: 1. No user action is required."
Information	10/16/2019 21:02	Microsoft-Windows-PrintService	307	Printing a document	"Document 197, Print Document owned by wwitti01 on \\MESOEL06484 was printed on VLS3.60 through port UCP-1.  Size in bytes: 20568. Pages printed: 1. No user action is required."
Information	10/16/2019 21:03	Microsoft-Windows-PrintService	307	Printing a document	"Document 198, Print Document owned by wwitti01 on \\MESOEL06484 was printed on VLS3.60 through port UCP-1.  Size in bytes: 20584. Pages printed: 1. No user action is required."
Information	10/16/2019 21:06	Microsoft-Windows-PrintService	307	Printing a document	"Document 199, Print Document owned by wwitti01 on \\MESOEL06484 was printed on VLS3.60 through port UCP-1.  Size in bytes: 20532. Pages printed: 1. No user action is required."
Information	10/16/2019 21:07	Microsoft-Windows-PrintService	307	Printing a document	"Document 200, Print Document owned by wwitti01 on \\MESOEL06484 was printed on VLS3.60 through port UCP-1.  Size in bytes: 20532. Pages printed: 1. No user action is required."
Information	10/16/2019 21:08	Microsoft-Windows-PrintService	307	Printing a document	"Document 201, Print Document owned by wwitti01 on \\MESOEL06484 was printed on VLS3.60 through port UCP-1.  Size in bytes: 20532. Pages printed: 1. No user action is required."
Information	10/16/2019 21:21	Microsoft-Windows-PrintService	307	Printing a document	"Document 202, Print Document owned by wwitti01 on \\MESOEL06484 was printed on VLS3.60 through port UCP-1.  Size in bytes: 37568. Pages printed: 2. No user action is required."
Information	10/16/2019 21:21	Microsoft-Windows-PrintService	307	Printing a document	"Document 203, Print Document owned by wwitti01 on \\MESOEL06484 was printed on VLS3.60 through port UCP-1.  Size in bytes: 37568. Pages printed: 2. No user action is required."
Information	10/16/2019 21:22	Microsoft-Windows-PrintService	307	Printing a document	"Document 204, Print Document owned by wwitti01 on \\MESOEL06484 was printed on VLS3.60 through port UCP-1.  Size in bytes: 37080. Pages printed: 1. No user action is required."
Information	10/16/2019 22:38	Microsoft-Windows-PrintService	307	Printing a document	"Document 205, Print Document owned by wwitti01 on \\MESOEL06484 was printed on VLS3.60 through port UCP-1.  Size in bytes: 7580. Pages printed: 1. No user action is required."
Information	10/16/2019 22:45	Microsoft-Windows-PrintService	307	Printing a document	"Document 206, Print Document owned by wwitti01 on \\MESOEL06484 was printed on VLS3.60 through port UCP-1.  Size in bytes: 3064. Pages printed: 1. No user action is required."
Information	10/17/2019 9:47	Microsoft-Windows-PrintService	307	Printing a document	"Document 207, Print Document owned by wwitti01 on \\MESOEL06484 was printed on VLS3.60 through port UCP-1.  Size in bytes: 257440. Pages printed: 1. No user action is required."
Information	10/17/2019 11:52	Microsoft-Windows-PrintService	307	Printing a document	"Document 208, Print Document owned by wwitti01 on \\MESOEL06484 was printed on VLS3.60 through port UCP-1.  Size in bytes: 2364. Pages printed: 1. No user action is required."
Information	10/17/2019 11:55	Microsoft-Windows-PrintService	307	Printing a document	"Document 209, Print Document owned by wwitti01 on \\MESOEL06484 was printed on VLS3.60 through port UCP-1.  Size in bytes: 1040. Pages printed: 1. No user action is required."
Information	10/17/2019 12:00	Microsoft-Windows-PrintService	307	Printing a document	"Document 210, Print Document owned by wwitti01 on \\MESOEL06484 was printed on VLS3.60 through port UCP-1.  Size in bytes: 1040. Pages printed: 1. No user action is required."
Information	10/17/2019 13:31	Microsoft-Windows-PrintService	307	Printing a document	"Document 211, Print Document owned by wwitti01 on \\MESOEL06484 was printed on VLS3.60 through port UCP-1.  Size in bytes: 3968. Pages printed: 1. No user action is required."
Information	10/17/2019 13:38	Microsoft-Windows-PrintService	307	Printing a document	"Document 212, Print Document owned by wwitti01 on \\MESOEL06484 was printed on VLS3.60 through port UCP-1.  Size in bytes: 34080. Pages printed: 1. No user action is required."
Information	10/17/2019 14:16	Microsoft-Windows-PrintService	307	Printing a document	"Document 213, Print Document owned by wwitti01 on \\MESOEL06484 was printed on VLS3.60 through port UCP-1.  Size in bytes: 28280. Pages printed: 1. No user action is required."
Information	10/17/2019 14:34	Microsoft-Windows-PrintService	307	Printing a document	"Document 214, Print Document owned by wwitti01 on \\MESOEL06484 was printed on VLS3.60 through port UCP-1.  Size in bytes: 28088. Pages printed: 1. No user action is required."
Information	10/17/2019 14:36	Microsoft-Windows-PrintService	307	Printing a document	"Document 215, Print Document owned by wwitti01 on \\MESOEL06484 was printed on VLS3.60 through port UCP-1.  Size in bytes: 28088. Pages printed: 1. No user action is required."
Information	10/17/2019 14:37	Microsoft-Windows-PrintService	307	Printing a document	"Document 216, Print Document owned by wwitti01 on \\MESOEL06484 was printed on VLS3.60 through port UCP-1.  Size in bytes: 14256. Pages printed: 1. No user action is required."
Information	10/17/2019 14:43	Microsoft-Windows-PrintService	307	Printing a document	"Document 217, Print Document owned by wwitti01 on \\MESOEL06484 was printed on VLS3.60 through port UCP-1.  Size in bytes: 14480. Pages printed: 1. No user action is required."
Information	10/17/2019 14:46	Microsoft-Windows-PrintService	307	Printing a document	"Document 218, Print Document owned by wwitti01 on \\MESOEL06484 was printed on VLS3.60 through port UCP-1.  Size in bytes: 14480. Pages printed: 1. No user action is required."
Information	10/17/2019 16:28	Microsoft-Windows-PrintService	307	Printing a document	"Document 219, Print Document owned by wwitti01 on \\MESOEL06484 was printed on VLS3.60 through port UCP-1.  Size in bytes: 59004. Pages printed: 1. No user action is required."
Information	10/17/2019 16:34	Microsoft-Windows-PrintService	307	Printing a document	"Document 220, Print Document owned by wwitti01 on \\MESOEL06484 was printed on VLS3.60 through port UCP-1.  Size in bytes: 15720. Pages printed: 1. No user action is required."
Information	10/17/2019 16:45	Microsoft-Windows-PrintService	307	Printing a document	"Document 221, Print Document owned by wwitti01 on \\MESOEL06484 was printed on VLS3.60 through port UCP-1.  Size in bytes: 9744. Pages printed: 1. No user action is required."
Information	10/17/2019 16:53	Microsoft-Windows-PrintService	307	Printing a document	"Document 222, Print Document owned by wwitti01 on \\MESOEL06484 was printed on VLS3.60 through port UCP-1.  Size in bytes: 9744. Pages printed: 1. No user action is required."
Information	10/17/2019 16:58	Microsoft-Windows-PrintService	307	Printing a document	"Document 223, Print Document owned by wwitti01 on \\MESOEL06484 was printed on VLS3.60 through port UCP-1.  Size in bytes: 11024. Pages printed: 1. No user action is required."
Information	10/17/2019 17:01	Microsoft-Windows-PrintService	307	Printing a document	"Document 224, Print Document owned by wwitti01 on \\MESOEL06484 was printed on VLS3.60 through port UCP-1.  Size in bytes: 11024. Pages printed: 1. No user action is required."
Information	10/17/2019 17:05	Microsoft-Windows-PrintService	307	Printing a document	"Document 225, Print Document owned by wwitti01 on \\MESOEL06484 was printed on VLS3.60 through port UCP-1.  Size in bytes: 11024. Pages printed: 1. No user action is required."
Information	10/17/2019 17:15	Microsoft-Windows-PrintService	307	Printing a document	"Document 226, Print Document owned by wwitti01 on \\MESOEL06484 was printed on VLS3.60 through port UCP-1.  Size in bytes: 11024. Pages printed: 1. No user action is required."
Information	10/17/2019 17:18	Microsoft-Windows-PrintService	307	Printing a document	"Document 227, Print Document owned by wwitti01 on \\MESOEL06484 was printed on VLS3.60 through port UCP-1.  Size in bytes: 12560. Pages printed: 1. No user action is required."
Information	10/17/2019 17:20	Microsoft-Windows-PrintService	307	Printing a document	"Document 228, Print Document owned by wwitti01 on \\MESOEL06484 was printed on VLS3.60 through port UCP-1.  Size in bytes: 12560. Pages printed: 1. No user action is required."
Information	10/17/2019 17:23	Microsoft-Windows-PrintService	307	Printing a document	"Document 229, Print Document owned by wwitti01 on \\MESOEL06484 was printed on VLS3.60 through port UCP-1.  Size in bytes: 12560. Pages printed: 1. No user action is required."
Information	10/17/2019 18:02	Microsoft-Windows-PrintService	307	Printing a document	"Document 230, Print Document owned by wwitti01 on \\MESOEL06484 was printed on VLS3.60 through port UCP-1.  Size in bytes: 3614940. Pages printed: 1. No user action is required."
Information	10/17/2019 18:22	Microsoft-Windows-PrintService	307	Printing a document	"Document 231, Print Document owned by wwitti01 on \\MESOEL06484 was printed on VLS3.60 through port UCP-1.  Size in bytes: 29440. Pages printed: 1. No user action is required."
Information	10/17/2019 18:25	Microsoft-Windows-PrintService	307	Printing a document	"Document 232, Print Document owned by wwitti01 on \\MESOEL06484 was printed on VLS3.60 through port UCP-1.  Size in bytes: 29440. Pages printed: 1. No user action is required."
Information	10/17/2019 18:27	Microsoft-Windows-PrintService	307	Printing a document	"Document 233, Print Document owned by wwitti01 on \\MESOEL06484 was printed on VLS3.60 through port UCP-1.  Size in bytes: 13088. Pages printed: 1. No user action is required."
Information	10/17/2019 18:32	Microsoft-Windows-PrintService	307	Printing a document	"Document 234, Print Document owned by wwitti01 on \\MESOEL06484 was printed on VLS3.60 through port UCP-1.  Size in bytes: 29440. Pages printed: 1. No user action is required."
Information	10/17/2019 18:36	Microsoft-Windows-PrintService	307	Printing a document	"Document 235, Print Document owned by wwitti01 on \\MESOEL06484 was printed on VLS3.60 through port UCP-1.  Size in bytes: 29264. Pages printed: 1. No user action is required."
Information	10/17/2019 18:43	Microsoft-Windows-PrintService	307	Printing a document	"Document 236, Print Document owned by wwitti01 on \\MESOEL06484 was printed on VLS3.60 through port UCP-1.  Size in bytes: 29232. Pages printed: 1. No user action is required."
Information	10/17/2019 18:49	Microsoft-Windows-PrintService	307	Printing a document	"Document 237, Print Document owned by wwitti01 on \\MESOEL06484 was printed on VLS3.60 through port UCP-1.  Size in bytes: 13648. Pages printed: 1. No user action is required."
Information	10/17/2019 18:49	Microsoft-Windows-PrintService	307	Printing a document	"Document 238, Print Document owned by wwitti01 on \\MESOEL06484 was printed on VLS3.60 through port UCP-1.  Size in bytes: 13648. Pages printed: 1. No user action is required."
Information	10/17/2019 18:51	Microsoft-Windows-PrintService	307	Printing a document	"Document 239, Print Document owned by wwitti01 on \\MESOEL06484 was printed on VLS3.60 through port UCP-1.  Size in bytes: 13648. Pages printed: 1. No user action is required."
Information	10/17/2019 18:53	Microsoft-Windows-PrintService	307	Printing a document	"Document 240, Print Document owned by wwitti01 on \\MESOEL06484 was printed on VLS3.60 through port UCP-1.  Size in bytes: 7024. Pages printed: 1. No user action is required."
Information	10/17/2019 18:59	Microsoft-Windows-PrintService	307	Printing a document	"Document 241, Print Document owned by wwitti01 on \\MESOEL06484 was printed on VLS3.60 through port UCP-1.  Size in bytes: 48976. Pages printed: 1. No user action is required."
Information	10/17/2019 19:06	Microsoft-Windows-PrintService	307	Printing a document	"Document 242, Print Document owned by wwitti01 on \\MESOEL06484 was printed on VLS3.60 through port UCP-1.  Size in bytes: 32784. Pages printed: 1. No user action is required."
Information	10/17/2019 19:11	Microsoft-Windows-PrintService	307	Printing a document	"Document 243, Print Document owned by wwitti01 on \\MESOEL06484 was printed on VLS3.60 through port UCP-1.  Size in bytes: 14920. Pages printed: 1. No user action is required."
Information	10/17/2019 19:15	Microsoft-Windows-PrintService	307	Printing a document	"Document 244, Print Document owned by wwitti01 on \\MESOEL06484 was printed on VLS3.60 through port UCP-1.  Size in bytes: 30768. Pages printed: 1. No user action is required."
Information	10/17/2019 19:18	Microsoft-Windows-PrintService	307	Printing a document	"Document 245, Print Document owned by wwitti01 on \\MESOEL06484 was printed on VLS3.60 through port UCP-1.  Size in bytes: 31312. Pages printed: 1. No user action is required."
Information	10/17/2019 19:21	Microsoft-Windows-PrintService	307	Printing a document	"Document 246, Print Document owned by wwitti01 on \\MESOEL06484 was printed on VLS3.60 through port UCP-1.  Size in bytes: 62224. Pages printed: 1. No user action is required."
Information	10/17/2019 19:37	Microsoft-Windows-PrintService	307	Printing a document	"Document 247, Print Document owned by wwitti01 on \\MESOEL06484 was printed on VLS3.60 through port UCP-1.  Size in bytes: 29816. Pages printed: 1. No user action is required."
Information	10/17/2019 20:15	Microsoft-Windows-PrintService	307	Printing a document	"Document 248, Print Document owned by wwitti01 on \\MESOEL06484 was printed on VLS3.60 through port UCP-1.  Size in bytes: 27568. Pages printed: 1. No user action is required."
Information	10/17/2019 20:34	Microsoft-Windows-PrintService	307	Printing a document	"Document 249, Print Document owned by wwitti01 on \\MESOEL06484 was printed on VLS3.60 through port UCP-1.  Size in bytes: 599440. Pages printed: 1. No user action is required."
Information	10/17/2019 20:39	Microsoft-Windows-PrintService	307	Printing a document	"Document 250, Print Document owned by wwitti01 on \\MESOEL06484 was printed on VLS3.60 through port UCP-1.  Size in bytes: 599696. Pages printed: 1. No user action is required."
Information	10/17/2019 20:39	Microsoft-Windows-PrintService	307	Printing a document	"Document 251, Print Document owned by wwitti01 on \\MESOEL06484 was printed on VLS3.60 through port UCP-1.  Size in bytes: 599696. Pages printed: 1. No user action is required."
Information	10/17/2019 20:58	Microsoft-Windows-PrintService	307	Printing a document	"Document 252, Print Document owned by wwitti01 on \\MESOEL06484 was printed on VLS3.60 through port UCP-1.  Size in bytes: 131408. Pages printed: 1. No user action is required."
Information	10/17/2019 21:00	Microsoft-Windows-PrintService	307	Printing a document	"Document 253, Print Document owned by wwitti01 on \\MESOEL06484 was printed on VLS3.60 through port UCP-1.  Size in bytes: 76616. Pages printed: 1. No user action is required."
Information	10/17/2019 21:00	Microsoft-Windows-PrintService	307	Printing a document	"Document 254, Print Document owned by wwitti01 on \\MESOEL06484 was printed on VLS3.60 through port UCP-1.  Size in bytes: 55192. Pages printed: 1. No user action is required."
Information	10/17/2019 21:01	Microsoft-Windows-PrintService	307	Printing a document	"Document 255, Print Document owned by wwitti01 on \\MESOEL06484 was printed on VLS3.60 through port UCP-1.  Size in bytes: 55192. Pages printed: 1. No user action is required."
Information	10/17/2019 21:09	Microsoft-Windows-PrintService	307	Printing a document	"Document 1, Print Document owned by wwitti01 on \\MESOEL06484 was printed on VLS3.60 through port UCP-1.  Size in bytes: 29816. Pages printed: 1. No user action is required."
Information	10/18/2019 11:11	Microsoft-Windows-PrintService	307	Printing a document	"Document 2, Print Document owned by vponti01 on \\MESOEL06484 was printed on VLS3.60 through port UCP-1.  Size in bytes: 65688. Pages printed: 1. No user action is required."
Information	10/18/2019 11:13	Microsoft-Windows-PrintService	307	Printing a document	"Document 3, Print Document owned by vponti01 on \\MESOEL06484 was printed on VLS3.60 through port UCP-1.  Size in bytes: 65688. Pages printed: 1. No user action is required."
Information	10/18/2019 11:14	Microsoft-Windows-PrintService	307	Printing a document	"Document 4, Print Document owned by vponti01 on \\MESOEL06484 was printed on VLS3.60 through port UCP-1.  Size in bytes: 10812. Pages printed: 1. No user action is required."
Information	10/18/2019 11:15	Microsoft-Windows-PrintService	307	Printing a document	"Document 5, Print Document owned by vponti01 on \\MESOEL06484 was printed on VLS3.60 through port UCP-1.  Size in bytes: 88164. Pages printed: 1. No user action is required."
Information	10/18/2019 11:15	Microsoft-Windows-PrintService	307	Printing a document	"Document 6, Print Document owned by vponti01 on \\MESOEL06484 was printed on VLS3.60 through port UCP-1.  Size in bytes: 77028. Pages printed: 1. No user action is required."
Information	10/18/2019 11:16	Microsoft-Windows-PrintService	307	Printing a document	"Document 7, Print Document owned by vponti01 on \\MESOEL06484 was printed on VLS3.60 through port UCP-1.  Size in bytes: 23808. Pages printed: 1. No user action is required."
Information	10/18/2019 11:17	Microsoft-Windows-PrintService	307	Printing a document	"Document 8, Print Document owned by vponti01 on \\MESOEL06484 was printed on VLS3.60 through port UCP-1.  Size in bytes: 88164. Pages printed: 1. No user action is required."
Information	10/18/2019 12:06	Microsoft-Windows-PrintService	307	Printing a document	"Document 9, Print Document owned by vponti01 on \\MESOEL06484 was printed on VLS3.60 through port UCP-1.  Size in bytes: 137628. Pages printed: 1. No user action is required."
Information	10/18/2019 12:07	Microsoft-Windows-PrintService	307	Printing a document	"Document 10, Print Document owned by vponti01 on \\MESOEL06484 was printed on VLS3.60 through port UCP-1.  Size in bytes: 137628. Pages printed: 1. No user action is required."
Information	10/18/2019 12:07	Microsoft-Windows-PrintService	307	Printing a document	"Document 11, Print Document owned by vponti01 on \\MESOEL06484 was printed on VLS3.60 through port UCP-1.  Size in bytes: 137628. Pages printed: 1. No user action is required."
Information	10/18/2019 12:07	Microsoft-Windows-PrintService	307	Printing a document	"Document 12, Print Document owned by vponti01 on \\MESOEL06484 was printed on VLS3.60 through port UCP-1.  Size in bytes: 137628. Pages printed: 1. No user action is required."
Information	10/18/2019 12:22	Microsoft-Windows-PrintService	307	Printing a document	"Document 13, Print Document owned by vponti01 on \\MESOEL06484 was printed on VLS3.60 through port UCP-1.  Size in bytes: 110972. Pages printed: 1. No user action is required."
Information	10/18/2019 12:23	Microsoft-Windows-PrintService	307	Printing a document	"Document 14, Print Document owned by vponti01 on \\MESOEL06484 was printed on VLS3.60 through port UCP-1.  Size in bytes: 111272. Pages printed: 1. No user action is required."
Information	10/18/2019 12:25	Microsoft-Windows-PrintService	307	Printing a document	"Document 15, Print Document owned by vponti01 on \\MESOEL06484 was printed on VLS3.60 through port UCP-1.  Size in bytes: 105924. Pages printed: 1. No user action is required."
Information	10/18/2019 12:29	Microsoft-Windows-PrintService	307	Printing a document	"Document 16, Print Document owned by vponti01 on \\MESOEL06484 was printed on VLS3.60 through port UCP-1.  Size in bytes: 109756. Pages printed: 1. No user action is required."
Information	10/18/2019 12:31	Microsoft-Windows-PrintService	307	Printing a document	"Document 17, Print Document owned by vponti01 on \\MESOEL06484 was printed on VLS3.60 through port UCP-1.  Size in bytes: 78348. Pages printed: 1. No user action is required."
Information	10/18/2019 12:32	Microsoft-Windows-PrintService	307	Printing a document	"Document 18, Print Document owned by vponti01 on \\MESOEL06484 was printed on VLS3.60 through port UCP-1.  Size in bytes: 68908. Pages printed: 1. No user action is required."
Information	10/18/2019 12:34	Microsoft-Windows-PrintService	307	Printing a document	"Document 19, Print Document owned by vponti01 on \\MESOEL06484 was printed on VLS3.60 through port UCP-1.  Size in bytes: 78500. Pages printed: 1. No user action is required."
Information	10/18/2019 12:35	Microsoft-Windows-PrintService	307	Printing a document	"Document 20, Print Document owned by vponti01 on \\MESOEL06484 was printed on VLS3.60 through port UCP-1.  Size in bytes: 7544. Pages printed: 1. No user action is required."
Information	10/18/2019 12:36	Microsoft-Windows-PrintService	307	Printing a document	"Document 21, Print Document owned by vponti01 on \\MESOEL06484 was printed on VLS3.60 through port UCP-1.  Size in bytes: 5976. Pages printed: 1. No user action is required."
Information	10/18/2019 12:37	Microsoft-Windows-PrintService	307	Printing a document	"Document 22, Print Document owned by vponti01 on \\MESOEL06484 was printed on VLS3.60 through port UCP-1.  Size in bytes: 7340. Pages printed: 1. No user action is required."
Information	10/18/2019 12:38	Microsoft-Windows-PrintService	307	Printing a document	"Document 23, Print Document owned by vponti01 on \\MESOEL06484 was printed on VLS3.60 through port UCP-1.  Size in bytes: 7560. Pages printed: 1. No user action is required."
Information	10/18/2019 12:39	Microsoft-Windows-PrintService	307	Printing a document	"Document 24, Print Document owned by vponti01 on \\MESOEL06484 was printed on VLS3.60 through port UCP-1.  Size in bytes: 752. Pages printed: 1. No user action is required."
Information	10/18/2019 12:45	Microsoft-Windows-PrintService	307	Printing a document	"Document 25, Print Document owned by vponti01 on \\MESOEL06484 was printed on VLS3.60 through port UCP-1.  Size in bytes: 6896. Pages printed: 1. No user action is required."
Information	10/18/2019 12:46	Microsoft-Windows-PrintService	307	Printing a document	"Document 26, Print Document owned by vponti01 on \\MESOEL06484 was printed on VLS3.60 through port UCP-1.  Size in bytes: 50916. Pages printed: 1. No user action is required."
Information	10/18/2019 12:48	Microsoft-Windows-PrintService	307	Printing a document	"Document 27, Print Document owned by vponti01 on \\MESOEL06484 was printed on VLS3.60 through port UCP-1.  Size in bytes: 68320. Pages printed: 1. No user action is required."
Information	10/18/2019 12:50	Microsoft-Windows-PrintService	307	Printing a document	"Document 28, Print Document owned by vponti01 on \\MESOEL06484 was printed on VLS3.60 through port UCP-1.  Size in bytes: 95280. Pages printed: 1. No user action is required."
Information	10/18/2019 12:52	Microsoft-Windows-PrintService	307	Printing a document	"Document 29, Print Document owned by vponti01 on \\MESOEL06484 was printed on VLS3.60 through port UCP-1.  Size in bytes: 95280. Pages printed: 1. No user action is required."
Information	10/18/2019 12:54	Microsoft-Windows-PrintService	307	Printing a document	"Document 30, Print Document owned by vponti01 on \\MESOEL06484 was printed on VLS3.60 through port UCP-1.  Size in bytes: 92464. Pages printed: 1. No user action is required."
Information	10/18/2019 12:59	Microsoft-Windows-PrintService	307	Printing a document	"Document 31, Print Document owned by vponti01 on \\MESOEL06484 was printed on VLS3.60 through port UCP-1.  Size in bytes: 92464. Pages printed: 1. No user action is required."
Information	10/18/2019 13:00	Microsoft-Windows-PrintService	307	Printing a document	"Document 32, Print Document owned by vponti01 on \\MESOEL06484 was printed on VLS3.60 through port UCP-1.  Size in bytes: 92464. Pages printed: 1. No user action is required."
Information	10/18/2019 13:21	Microsoft-Windows-PrintService	307	Printing a document	"Document 33, Print Document owned by vponti01 on \\MESOEL06484 was printed on VLS3.60 through port UCP-1.  Size in bytes: 12544. Pages printed: 1. No user action is required."
Information	10/18/2019 13:37	Microsoft-Windows-PrintService	307	Printing a document	"Document 34, Print Document owned by vponti01 on \\MESOEL06484 was printed on VLS3.60 through port UCP-1.  Size in bytes: 98352. Pages printed: 1. No user action is required."
Information	10/18/2019 13:39	Microsoft-Windows-PrintService	307	Printing a document	"Document 35, Print Document owned by vponti01 on \\MESOEL06484 was printed on VLS3.60 through port UCP-1.  Size in bytes: 98352. Pages printed: 1. No user action is required."
Information	10/18/2019 13:48	Microsoft-Windows-PrintService	307	Printing a document	"Document 36, Print Document owned by vponti01 on \\MESOEL06484 was printed on VLS3.60 through port UCP-1.  Size in bytes: 25472. Pages printed: 1. No user action is required."
Information	10/18/2019 14:04	Microsoft-Windows-PrintService	307	Printing a document	"Document 37, Print Document owned by vponti01 on \\MESOEL06484 was printed on VLS3.60 through port UCP-1.  Size in bytes: 60016. Pages printed: 1. No user action is required."
Information	10/18/2019 14:07	Microsoft-Windows-PrintService	307	Printing a document	"Document 38, Print Document owned by vponti01 on \\MESOEL06484 was printed on VLS3.60 through port UCP-1.  Size in bytes: 60016. Pages printed: 1. No user action is required."
Information	10/18/2019 14:08	Microsoft-Windows-PrintService	307	Printing a document	"Document 39, Print Document owned by vponti01 on \\MESOEL06484 was printed on VLS3.60 through port UCP-1.  Size in bytes: 60016. Pages printed: 1. No user action is required."
Information	10/18/2019 14:23	Microsoft-Windows-PrintService	307	Printing a document	"Document 40, Print Document owned by vponti01 on \\MESOEL06484 was printed on VLS3.60 through port UCP-1.  Size in bytes: 7736. Pages printed: 1. No user action is required."
Information	10/18/2019 14:41	Microsoft-Windows-PrintService	307	Printing a document	"Document 41, Print Document owned by vponti01 on \\MESOEL06484 was printed on VLS3.60 through port UCP-1.  Size in bytes: 19424. Pages printed: 1. No user action is required."
Information	10/18/2019 14:49	Microsoft-Windows-PrintService	307	Printing a document	"Document 42, Print Document owned by vponti01 on \\MESOEL06484 was printed on VLS3.60 through port UCP-1.  Size in bytes: 19872. Pages printed: 1. No user action is required."
Information	10/18/2019 14:56	Microsoft-Windows-PrintService	307	Printing a document	"Document 43, Print Document owned by vponti01 on \\MESOEL06484 was printed on VLS3.60 through port UCP-1.  Size in bytes: 26816. Pages printed: 1. No user action is required."
Information	10/18/2019 14:57	Microsoft-Windows-PrintService	307	Printing a document	"Document 44, Print Document owned by vponti01 on \\MESOEL06484 was printed on VLS3.60 through port UCP-1.  Size in bytes: 26816. Pages printed: 1. No user action is required."
Information	10/18/2019 15:01	Microsoft-Windows-PrintService	307	Printing a document	"Document 45, Print Document owned by vponti01 on \\MESOEL06484 was printed on VLS3.60 through port UCP-1.  Size in bytes: 26816. Pages printed: 1. No user action is required."
Information	10/18/2019 15:03	Microsoft-Windows-PrintService	307	Printing a document	"Document 46, Print Document owned by vponti01 on \\MESOEL06484 was printed on VLS3.60 through port UCP-1.  Size in bytes: 26560. Pages printed: 1. No user action is required."
Information	10/18/2019 15:08	Microsoft-Windows-PrintService	307	Printing a document	"Document 47, Print Document owned by vponti01 on \\MESOEL06484 was printed on VLS3.60 through port UCP-1.  Size in bytes: 26560. Pages printed: 1. No user action is required."
Information	10/18/2019 15:21	Microsoft-Windows-PrintService	307	Printing a document	"Document 48, Print Document owned by vponti01 on \\MESOEL06484 was printed on VLS3.60 through port UCP-1.  Size in bytes: 8200. Pages printed: 1. No user action is required."
Information	10/18/2019 15:24	Microsoft-Windows-PrintService	307	Printing a document	"Document 49, Print Document owned by vponti01 on \\MESOEL06484 was printed on VLS3.60 through port UCP-1.  Size in bytes: 7464. Pages printed: 1. No user action is required."
Information	10/18/2019 15:32	Microsoft-Windows-PrintService	307	Printing a document	"Document 50, Print Document owned by vponti01 on \\MESOEL06484 was printed on VLS3.60 through port UCP-1.  Size in bytes: 10408. Pages printed: 1. No user action is required."
Information	10/18/2019 15:37	Microsoft-Windows-PrintService	307	Printing a document	"Document 51, Print Document owned by vponti01 on \\MESOEL06484 was printed on VLS3.60 through port UCP-1.  Size in bytes: 4664. Pages printed: 1. No user action is required."
Information	10/18/2019 15:37	Microsoft-Windows-PrintService	307	Printing a document	"Document 52, Print Document owned by vponti01 on \\MESOEL06484 was printed on VLS3.60 through port UCP-1.  Size in bytes: 4664. Pages printed: 1. No user action is required."
Information	10/18/2019 15:44	Microsoft-Windows-PrintService	307	Printing a document	"Document 53, Print Document owned by vponti01 on \\MESOEL06484 was printed on VLS3.60 through port UCP-1.  Size in bytes: 47608. Pages printed: 1. No user action is required."
Information	10/18/2019 15:46	Microsoft-Windows-PrintService	307	Printing a document	"Document 54, Print Document owned by vponti01 on \\MESOEL06484 was printed on VLS3.60 through port UCP-1.  Size in bytes: 47608. Pages printed: 1. No user action is required."
Information	10/18/2019 15:48	Microsoft-Windows-PrintService	307	Printing a document	"Document 55, Print Document owned by vponti01 on \\MESOEL06484 was printed on VLS3.60 through port UCP-1.  Size in bytes: 47608. Pages printed: 1. No user action is required."
Information	10/18/2019 15:57	Microsoft-Windows-PrintService	307	Printing a document	"Document 56, Print Document owned by vponti01 on \\MESOEL06484 was printed on VLS3.60 through port UCP-1.  Size in bytes: 9600. Pages printed: 1. No user action is required."
Information	10/18/2019 16:07	Microsoft-Windows-PrintService	307	Printing a document	"Document 57, Print Document owned by vponti01 on \\MESOEL06484 was printed on VLS3.60 through port UCP-1.  Size in bytes: 9752. Pages printed: 1. No user action is required."
Information	10/18/2019 16:14	Microsoft-Windows-PrintService	307	Printing a document	"Document 58, Print Document owned by vponti01 on \\MESOEL06484 was printed on VLS3.60 through port UCP-1.  Size in bytes: 54576. Pages printed: 1. No user action is required."
Information	10/18/2019 16:15	Microsoft-Windows-PrintService	307	Printing a document	"Document 59, Print Document owned by vponti01 on \\MESOEL06484 was printed on VLS3.60 through port UCP-1.  Size in bytes: 54584. Pages printed: 1. No user action is required."
Information	10/18/2019 16:36	Microsoft-Windows-PrintService	307	Printing a document	"Document 60, Print Document owned by vponti01 on \\MESOEL06484 was printed on VLS3.60 through port UCP-1.  Size in bytes: 16592. Pages printed: 1. No user action is required."
Information	10/18/2019 16:40	Microsoft-Windows-PrintService	307	Printing a document	"Document 61, Print Document owned by vponti01 on \\MESOEL06484 was printed on VLS3.60 through port UCP-1.  Size in bytes: 15120. Pages printed: 1. No user action is required."
Information	10/18/2019 16:43	Microsoft-Windows-PrintService	307	Printing a document	"Document 62, Print Document owned by vponti01 on \\MESOEL06484 was printed on VLS3.60 through port UCP-1.  Size in bytes: 7760. Pages printed: 1. No user action is required."
Information	10/18/2019 16:46	Microsoft-Windows-PrintService	307	Printing a document	"Document 63, Print Document owned by vponti01 on \\MESOEL06484 was printed on VLS3.60 through port UCP-1.  Size in bytes: 6288. Pages printed: 1. No user action is required."
Information	10/18/2019 16:48	Microsoft-Windows-PrintService	307	Printing a document	"Document 64, Print Document owned by vponti01 on \\MESOEL06484 was printed on VLS3.60 through port UCP-1.  Size in bytes: 15120. Pages printed: 1. No user action is required."
Information	10/18/2019 16:49	Microsoft-Windows-PrintService	307	Printing a document	"Document 65, Print Document owned by vponti01 on \\MESOEL06484 was printed on VLS3.60 through port UCP-1.  Size in bytes: 15120. Pages printed: 1. No user action is required."
Information	10/18/2019 16:52	Microsoft-Windows-PrintService	307	Printing a document	"Document 66, Print Document owned by vponti01 on \\MESOEL06484 was printed on VLS3.60 through port UCP-1.  Size in bytes: 3344. Pages printed: 1. No user action is required."
Information	10/18/2019 17:24	Microsoft-Windows-PrintService	307	Printing a document	"Document 67, Print Document owned by vponti01 on \\MESOEL06484 was printed on VLS3.60 through port UCP-1.  Size in bytes: 6930216. Pages printed: 1. No user action is required."
Information	10/18/2019 17:44	Microsoft-Windows-PrintService	307	Printing a document	"Document 68, Print Document owned by vponti01 on \\MESOEL06484 was printed on VLS3.60 through port UCP-1.  Size in bytes: 2892. Pages printed: 1. No user action is required."
Information	10/18/2019 17:46	Microsoft-Windows-PrintService	307	Printing a document	"Document 69, Print Document owned by vponti01 on \\MESOEL06484 was printed on VLS3.60 through port UCP-1.  Size in bytes: 12372. Pages printed: 1. No user action is required."
Information	10/18/2019 18:01	Microsoft-Windows-PrintService	307	Printing a document	"Document 70, Print Document owned by vponti01 on \\MESOEL06484 was printed on VLS3.60 through port UCP-1.  Size in bytes: 318900. Pages printed: 1. No user action is required."
Information	10/18/2019 18:37	Microsoft-Windows-PrintService	307	Printing a document	"Document 71, Print Document owned by vponti01 on \\MESOEL06484 was printed on VLS3.60 through port UCP-1.  Size in bytes: 1006760. Pages printed: 1. No user action is required."
Information	10/18/2019 18:38	Microsoft-Windows-PrintService	307	Printing a document	"Document 72, Print Document owned by vponti01 on \\MESOEL06484 was printed on VLS3.60 through port UCP-1.  Size in bytes: 1008792. Pages printed: 1. No user action is required."
Information	10/18/2019 18:39	Microsoft-Windows-PrintService	307	Printing a document	"Document 73, Print Document owned by vponti01 on \\MESOEL06484 was printed on VLS3.60 through port UCP-1.  Size in bytes: 1008792. Pages printed: 1. No user action is required."
Information	10/18/2019 18:40	Microsoft-Windows-PrintService	307	Printing a document	"Document 74, Print Document owned by vponti01 on \\MESOEL06484 was printed on VLS3.60 through port UCP-1.  Size in bytes: 66796. Pages printed: 1. No user action is required."
Information	10/18/2019 18:42	Microsoft-Windows-PrintService	307	Printing a document	"Document 75, Print Document owned by vponti01 on \\MESOEL06484 was printed on VLS3.60 through port UCP-1.  Size in bytes: 498512. Pages printed: 1. No user action is required."
Information	10/18/2019 18:43	Microsoft-Windows-PrintService	307	Printing a document	"Document 76, Print Document owned by vponti01 on \\MESOEL06484 was printed on VLS3.60 through port UCP-1.  Size in bytes: 498784. Pages printed: 1. No user action is required."
Information	10/18/2019 18:43	Microsoft-Windows-PrintService	307	Printing a document	"Document 77, Print Document owned by vponti01 on \\MESOEL06484 was printed on VLS3.60 through port UCP-1.  Size in bytes: 498784. Pages printed: 1. No user action is required."
Information	10/18/2019 18:48	Microsoft-Windows-PrintService	307	Printing a document	"Document 78, Print Document owned by vponti01 on \\MESOEL06484 was printed on VLS3.60 through port UCP-1.  Size in bytes: 498784. Pages printed: 1. No user action is required."
Information	10/18/2019 18:48	Microsoft-Windows-PrintService	307	Printing a document	"Document 79, Print Document owned by vponti01 on \\MESOEL06484 was printed on VLS3.60 through port UCP-1.  Size in bytes: 498784. Pages printed: 1. No user action is required."
