Information	3/7/2020 14:36	Microsoft-Windows-PrintService	307	Printing a document	"Document 70, Print Document owned by rlee12 on \\MESOEL06484 was printed on VLS3.60 through port UCP-1.  Size in bytes: 1424. Pages printed: 1. No user action is required."
Information	3/7/2020 14:40	Microsoft-Windows-PrintService	307	Printing a document	"Document 71, Print Document owned by rlee12 on \\MESOEL06484 was printed on VLS3.60 through port UCP-1.  Size in bytes: 1168. Pages printed: 1. No user action is required."
Information	3/7/2020 15:08	Microsoft-Windows-PrintService	307	Printing a document	"Document 72, Print Document owned by jgelha01 on \\MESOEL06484 was printed on VLS3.60 through port UCP-1.  Size in bytes: 1760. Pages printed: 1. No user action is required."
Information	3/7/2020 15:11	Microsoft-Windows-PrintService	307	Printing a document	"Document 73, Print Document owned by jgelha01 on \\MESOEL06484 was printed on VLS3.60 through port UCP-1.  Size in bytes: 1760. Pages printed: 1. No user action is required."
Information	3/7/2020 15:26	Microsoft-Windows-PrintService	307	Printing a document	"Document 74, Print Document owned by jgelha01 on \\MESOEL06484 was printed on VLS3.60 through port UCP-1.  Size in bytes: 1760. Pages printed: 1. No user action is required."
Information	3/7/2020 17:27	Microsoft-Windows-PrintService	307	Printing a document	"Document 2, Print Document owned by akranz01 on \\MESOEL06484 was printed on VLS3.60 through port UCP-1.  Size in bytes: 656. Pages printed: 1. No user action is required."
Information	3/7/2020 17:34	Microsoft-Windows-PrintService	307	Printing a document	"Document 3, Print Document owned by akranz01 on \\MESOEL06484 was printed on VLS3.60 through port UCP-1.  Size in bytes: 1104. Pages printed: 1. No user action is required."
Information	3/7/2020 17:41	Microsoft-Windows-PrintService	307	Printing a document	"Document 4, Print Document owned by akranz01 on \\MESOEL06484 was printed on VLS3.60 through port UCP-1.  Size in bytes: 820. Pages printed: 1. No user action is required."
Information	3/7/2020 17:47	Microsoft-Windows-PrintService	307	Printing a document	"Document 5, Print Document owned by akranz01 on \\MESOEL06484 was printed on VLS3.60 through port UCP-1.  Size in bytes: 25436. Pages printed: 1. No user action is required."
Information	3/7/2020 18:16	Microsoft-Windows-PrintService	307	Printing a document	"Document 6, Print Document owned by bpradk01 on \\MESOEL06484 was printed on VLS3.60 through port UCP-1.  Size in bytes: 25904. Pages printed: 1. No user action is required."
Information	3/7/2020 18:19	Microsoft-Windows-PrintService	307	Printing a document	"Document 7, Print Document owned by bpradk01 on \\MESOEL06484 was printed on VLS3.60 through port UCP-1.  Size in bytes: 21968. Pages printed: 1. No user action is required."
Information	3/7/2020 18:26	Microsoft-Windows-PrintService	307	Printing a document	"Document 8, Print Document owned by bpradk01 on \\MESOEL06484 was printed on VLS3.60 through port UCP-1.  Size in bytes: 4336. Pages printed: 1. No user action is required."
Information	3/9/2020 12:12	Microsoft-Windows-PrintService	307	Printing a document	"Document 9, Print Document owned by stamir01 on \\MESOEL06484 was printed on VLS3.60 through port UCP-1.  Size in bytes: 2976. Pages printed: 1. No user action is required."
Information	3/9/2020 12:25	Microsoft-Windows-PrintService	307	Printing a document	"Document 10, Print Document owned by stamir01 on \\MESOEL06484 was printed on VLS3.60 through port UCP-1.  Size in bytes: 4620. Pages printed: 1. No user action is required."
Information	3/9/2020 12:28	Microsoft-Windows-PrintService	307	Printing a document	"Document 11, Print Document owned by stamir01 on \\MESOEL06484 was printed on VLS3.60 through port UCP-1.  Size in bytes: 4796. Pages printed: 1. No user action is required."
Information	3/9/2020 12:36	Microsoft-Windows-PrintService	307	Printing a document	"Document 12, Print Document owned by stamir01 on \\MESOEL06484 was printed on VLS3.60 through port UCP-1.  Size in bytes: 35568. Pages printed: 1. No user action is required."
Information	3/9/2020 12:51	Microsoft-Windows-PrintService	307	Printing a document	"Document 13, Print Document owned by stamir01 on \\MESOEL06484 was printed on VLS3.60 through port UCP-1.  Size in bytes: 15664. Pages printed: 1. No user action is required."
Information	3/9/2020 14:07	Microsoft-Windows-PrintService	307	Printing a document	"Document 14, Print Document owned by stamir01 on \\MESOEL06484 was printed on VLS3.60 through port UCP-1.  Size in bytes: 4752. Pages printed: 1. No user action is required."
Information	3/9/2020 14:09	Microsoft-Windows-PrintService	307	Printing a document	"Document 15, Print Document owned by stamir01 on \\MESOEL06484 was printed on VLS3.60 through port UCP-1.  Size in bytes: 3408. Pages printed: 1. No user action is required."
Information	3/9/2020 14:54	Microsoft-Windows-PrintService	307	Printing a document	"Document 16, Print Document owned by stamir01 on \\MESOEL06484 was printed on VLS3.60 through port UCP-1.  Size in bytes: 4368. Pages printed: 1. No user action is required."
Information	3/9/2020 14:56	Microsoft-Windows-PrintService	307	Printing a document	"Document 17, Print Document owned by stamir01 on \\MESOEL06484 was printed on VLS3.60 through port UCP-1.  Size in bytes: 3088. Pages printed: 1. No user action is required."
Information	3/9/2020 14:56	Microsoft-Windows-PrintService	307	Printing a document	"Document 18, Print Document owned by stamir01 on \\MESOEL06484 was printed on VLS3.60 through port UCP-1.  Size in bytes: 1616. Pages printed: 1. No user action is required."
Information	3/9/2020 14:57	Microsoft-Windows-PrintService	307	Printing a document	"Document 19, Print Document owned by stamir01 on \\MESOEL06484 was printed on VLS3.60 through port UCP-1.  Size in bytes: 1616. Pages printed: 1. No user action is required."
Information	3/9/2020 14:58	Microsoft-Windows-PrintService	307	Printing a document	"Document 20, Print Document owned by stamir01 on \\MESOEL06484 was printed on VLS3.60 through port UCP-1.  Size in bytes: 1680. Pages printed: 1. No user action is required."
Information	3/9/2020 15:05	Microsoft-Windows-PrintService	307	Printing a document	"Document 21, Print Document owned by stamir01 on \\MESOEL06484 was printed on VLS3.60 through port UCP-1.  Size in bytes: 1616. Pages printed: 1. No user action is required."
Information	3/9/2020 15:28	Microsoft-Windows-PrintService	307	Printing a document	"Document 22, Print Document owned by stamir01 on \\MESOEL06484 was printed on VLS3.60 through port UCP-1.  Size in bytes: 11564. Pages printed: 2. No user action is required."
Information	3/9/2020 15:43	Microsoft-Windows-PrintService	307	Printing a document	"Document 23, Print Document owned by stamir01 on \\MESOEL06484 was printed on VLS3.60 through port UCP-1.  Size in bytes: 1168. Pages printed: 1. No user action is required."
Information	3/9/2020 15:54	Microsoft-Windows-PrintService	307	Printing a document	"Document 24, Print Document owned by stamir01 on \\MESOEL06484 was printed on VLS3.60 through port UCP-1.  Size in bytes: 1232. Pages printed: 1. No user action is required."
Information	3/9/2020 15:58	Microsoft-Windows-PrintService	307	Printing a document	"Document 25, Print Document owned by stamir01 on \\MESOEL06484 was printed on VLS3.60 through port UCP-1.  Size in bytes: 4344. Pages printed: 1. No user action is required."
Information	3/9/2020 16:00	Microsoft-Windows-PrintService	307	Printing a document	"Document 26, Print Document owned by stamir01 on \\MESOEL06484 was printed on VLS3.60 through port UCP-1.  Size in bytes: 4344. Pages printed: 1. No user action is required."
Information	3/9/2020 16:00	Microsoft-Windows-PrintService	307	Printing a document	"Document 27, Print Document owned by stamir01 on \\MESOEL06484 was printed on VLS3.60 through port UCP-1.  Size in bytes: 4560. Pages printed: 1. No user action is required."
Information	3/9/2020 16:01	Microsoft-Windows-PrintService	307	Printing a document	"Document 28, Print Document owned by stamir01 on \\MESOEL06484 was printed on VLS3.60 through port UCP-1.  Size in bytes: 4560. Pages printed: 1. No user action is required."
Information	3/9/2020 16:08	Microsoft-Windows-PrintService	307	Printing a document	"Document 29, Print Document owned by stamir01 on \\MESOEL06484 was printed on VLS3.60 through port UCP-1.  Size in bytes: 27808. Pages printed: 1. No user action is required."
Information	3/9/2020 16:20	Microsoft-Windows-PrintService	307	Printing a document	"Document 30, Print Document owned by stamir01 on \\MESOEL06484 was printed on VLS3.60 through port UCP-1.  Size in bytes: 7184. Pages printed: 1. No user action is required."
Information	3/9/2020 16:28	Microsoft-Windows-PrintService	307	Printing a document	"Document 31, Print Document owned by stamir01 on \\MESOEL06484 was printed on VLS3.60 through port UCP-1.  Size in bytes: 9924. Pages printed: 1. No user action is required."
Information	3/9/2020 17:47	Microsoft-Windows-PrintService	307	Printing a document	"Document 32, Print Document owned by stamir01 on \\MESOEL06484 was printed on VLS3.60 through port UCP-1.  Size in bytes: 8968. Pages printed: 1. No user action is required."
Information	3/9/2020 17:56	Microsoft-Windows-PrintService	307	Printing a document	"Document 33, Print Document owned by stamir01 on \\MESOEL06484 was printed on VLS3.60 through port UCP-1.  Size in bytes: 460. Pages printed: 1. No user action is required."
Information	3/9/2020 17:58	Microsoft-Windows-PrintService	307	Printing a document	"Document 34, Print Document owned by stamir01 on \\MESOEL06484 was printed on VLS3.60 through port UCP-1.  Size in bytes: 8988. Pages printed: 1. No user action is required."
Information	3/9/2020 17:59	Microsoft-Windows-PrintService	307	Printing a document	"Document 35, Print Document owned by stamir01 on \\MESOEL06484 was printed on VLS3.60 through port UCP-1.  Size in bytes: 8988. Pages printed: 1. No user action is required."
Information	3/9/2020 19:39	Microsoft-Windows-PrintService	307	Printing a document	"Document 36, Print Document owned by stamir01 on \\MESOEL06484 was printed on VLS3.60 through port UCP-1.  Size in bytes: 29240. Pages printed: 1. No user action is required."
Information	3/9/2020 19:47	Microsoft-Windows-PrintService	307	Printing a document	"Document 37, Print Document owned by stamir01 on \\MESOEL06484 was printed on VLS3.60 through port UCP-1.  Size in bytes: 29240. Pages printed: 1. No user action is required."
Information	3/9/2020 19:48	Microsoft-Windows-PrintService	307	Printing a document	"Document 38, Print Document owned by stamir01 on \\MESOEL06484 was printed on VLS3.60 through port UCP-1.  Size in bytes: 29240. Pages printed: 1. No user action is required."
Information	3/9/2020 21:01	Microsoft-Windows-PrintService	307	Printing a document	"Document 39, Print Document owned by stamir01 on \\MESOEL06484 was printed on VLS3.60 through port UCP-1.  Size in bytes: 1872. Pages printed: 1. No user action is required."
Information	3/9/2020 21:22	Microsoft-Windows-PrintService	307	Printing a document	"Document 40, Print Document owned by stamir01 on \\MESOEL06484 was printed on VLS3.60 through port UCP-1.  Size in bytes: 656. Pages printed: 1. No user action is required."
Information	3/9/2020 21:33	Microsoft-Windows-PrintService	307	Printing a document	"Document 41, Print Document owned by stamir01 on \\MESOEL06484 was printed on VLS3.60 through port UCP-1.  Size in bytes: 134056. Pages printed: 1. No user action is required."
Information	3/9/2020 21:55	Microsoft-Windows-PrintService	307	Printing a document	"Document 42, Print Document owned by stamir01 on \\MESOEL06484 was printed on VLS3.60 through port UCP-1.  Size in bytes: 75544. Pages printed: 1. No user action is required."
Information	3/9/2020 22:09	Microsoft-Windows-PrintService	307	Printing a document	"Document 43, Print Document owned by stamir01 on \\MESOEL06484 was printed on VLS3.60 through port UCP-1.  Size in bytes: 10560. Pages printed: 1. No user action is required."
Information	3/9/2020 22:20	Microsoft-Windows-PrintService	307	Printing a document	"Document 44, Print Document owned by stamir01 on \\MESOEL06484 was printed on VLS3.60 through port UCP-1.  Size in bytes: 153192. Pages printed: 1. No user action is required."
Information	3/10/2020 13:39	Microsoft-Windows-PrintService	307	Printing a document	"Document 3, Print Document owned by gsampe01 on \\MESOEL06484 was printed on VLS3.60 through port UCP-1.  Size in bytes: 81040. Pages printed: 1. No user action is required."
Information	3/10/2020 13:48	Microsoft-Windows-PrintService	307	Printing a document	"Document 4, Print Document owned by gsampe01 on \\MESOEL06484 was printed on VLS3.60 through port UCP-1.  Size in bytes: 70960. Pages printed: 1. No user action is required."
Information	3/10/2020 21:01	Microsoft-Windows-PrintService	307	Printing a document	"Document 5, Print Document owned by ywu15 on \\MESOEL06484 was printed on VLS3.60 through port UCP-1.  Size in bytes: 6856. Pages printed: 1. No user action is required."
Information	3/10/2020 21:02	Microsoft-Windows-PrintService	307	Printing a document	"Document 6, Print Document owned by ywu15 on \\MESOEL06484 was printed on VLS3.60 through port UCP-1.  Size in bytes: 7296. Pages printed: 1. No user action is required."
Information	3/10/2020 21:19	Microsoft-Windows-PrintService	307	Printing a document	"Document 7, Print Document owned by ywu15 on \\MESOEL06484 was printed on VLS3.60 through port UCP-1.  Size in bytes: 40448. Pages printed: 1. No user action is required."
Information	3/10/2020 21:22	Microsoft-Windows-PrintService	307	Printing a document	"Document 8, Print Document owned by ywu15 on \\MESOEL06484 was printed on VLS3.60 through port UCP-1.  Size in bytes: 80496. Pages printed: 1. No user action is required."
Information	3/10/2020 23:32	Microsoft-Windows-PrintService	307	Printing a document	"Document 9, Print Document owned by ywu15 on \\MESOEL06484 was printed on VLS3.60 through port UCP-1.  Size in bytes: 16520. Pages printed: 1. No user action is required."
Information	3/10/2020 23:32	Microsoft-Windows-PrintService	307	Printing a document	"Document 10, Print Document owned by ywu15 on \\MESOEL06484 was printed on VLS3.60 through port UCP-1.  Size in bytes: 16320. Pages printed: 1. No user action is required."
Information	3/10/2020 23:33	Microsoft-Windows-PrintService	307	Printing a document	"Document 11, Print Document owned by ywu15 on \\MESOEL06484 was printed on VLS3.60 through port UCP-1.  Size in bytes: 12404. Pages printed: 1. No user action is required."
Information	3/10/2020 23:34	Microsoft-Windows-PrintService	307	Printing a document	"Document 12, Print Document owned by ywu15 on \\MESOEL06484 was printed on VLS3.60 through port UCP-1.  Size in bytes: 12632. Pages printed: 1. No user action is required."
Information	3/10/2020 23:35	Microsoft-Windows-PrintService	307	Printing a document	"Document 13, Print Document owned by ywu15 on \\MESOEL06484 was printed on VLS3.60 through port UCP-1.  Size in bytes: 12404. Pages printed: 1. No user action is required."
Information	3/10/2020 23:36	Microsoft-Windows-PrintService	307	Printing a document	"Document 14, Print Document owned by ywu15 on \\MESOEL06484 was printed on VLS3.60 through port UCP-1.  Size in bytes: 12404. Pages printed: 1. No user action is required."
Information	3/10/2020 23:36	Microsoft-Windows-PrintService	307	Printing a document	"Document 15, Print Document owned by ywu15 on \\MESOEL06484 was printed on VLS3.60 through port UCP-1.  Size in bytes: 12176. Pages printed: 1. No user action is required."
Information	3/10/2020 23:37	Microsoft-Windows-PrintService	307	Printing a document	"Document 16, Print Document owned by ywu15 on \\MESOEL06484 was printed on VLS3.60 through port UCP-1.  Size in bytes: 12404. Pages printed: 1. No user action is required."
Information	3/10/2020 23:39	Microsoft-Windows-PrintService	307	Printing a document	"Document 17, Print Document owned by ywu15 on \\MESOEL06484 was printed on VLS3.60 through port UCP-1.  Size in bytes: 628. Pages printed: 1. No user action is required."
Information	3/10/2020 23:39	Microsoft-Windows-PrintService	307	Printing a document	"Document 18, Print Document owned by ywu15 on \\MESOEL06484 was printed on VLS3.60 through port UCP-1.  Size in bytes: 628. Pages printed: 1. No user action is required."
Information	3/10/2020 23:42	Microsoft-Windows-PrintService	307	Printing a document	"Document 19, Print Document owned by ywu15 on \\MESOEL06484 was printed on VLS3.60 through port UCP-1.  Size in bytes: 12432. Pages printed: 1. No user action is required."
Information	3/11/2020 13:35	Microsoft-Windows-PrintService	307	Printing a document	"Document 20, Print Document owned by ttashi01 on \\MESOEL06484 was printed on VLS3.60 through port UCP-1.  Size in bytes: 6672. Pages printed: 1. No user action is required."
Information	3/11/2020 13:35	Microsoft-Windows-PrintService	307	Printing a document	"Document 21, Print Document owned by ttashi01 on \\MESOEL06484 was printed on VLS3.60 through port UCP-1.  Size in bytes: 1968. Pages printed: 1. No user action is required."
Information	3/11/2020 13:39	Microsoft-Windows-PrintService	307	Printing a document	"Document 22, Print Document owned by ttashi01 on \\MESOEL06484 was printed on VLS3.60 through port UCP-1.  Size in bytes: 6672. Pages printed: 1. No user action is required."
Information	3/11/2020 14:16	Microsoft-Windows-PrintService	307	Printing a document	"Document 23, Print Document owned by ywu15 on \\MESOEL06484 was printed on VLS3.60 through port UCP-1.  Size in bytes: 57864. Pages printed: 1. No user action is required."
Information	3/11/2020 14:45	Microsoft-Windows-PrintService	307	Printing a document	"Document 24, Print Document owned by ywu15 on \\MESOEL06484 was printed on VLS3.60 through port UCP-1.  Size in bytes: 25824. Pages printed: 1. No user action is required."
Information	3/11/2020 15:37	Microsoft-Windows-PrintService	307	Printing a document	"Document 25, Print Document owned by ywu15 on \\MESOEL06484 was printed on VLS3.60 through port UCP-1.  Size in bytes: 122060. Pages printed: 1. No user action is required."
Information	3/11/2020 15:40	Microsoft-Windows-PrintService	307	Printing a document	"Document 26, Print Document owned by ywu15 on \\MESOEL06484 was printed on VLS3.60 through port UCP-1.  Size in bytes: 6988. Pages printed: 1. No user action is required."
Information	3/11/2020 15:43	Microsoft-Windows-PrintService	307	Printing a document	"Document 27, Print Document owned by ywu15 on \\MESOEL06484 was printed on VLS3.60 through port UCP-1.  Size in bytes: 5216. Pages printed: 1. No user action is required."
Information	3/11/2020 16:02	Microsoft-Windows-PrintService	307	Printing a document	"Document 28, Print Document owned by ywu15 on \\MESOEL06484 was printed on VLS3.60 through port UCP-1.  Size in bytes: 1742164. Pages printed: 1. No user action is required."
Information	3/11/2020 16:10	Microsoft-Windows-PrintService	307	Printing a document	"Document 29, Print Document owned by ywu15 on \\MESOEL06484 was printed on VLS3.60 through port UCP-1.  Size in bytes: 1742616. Pages printed: 1. No user action is required."
Information	3/11/2020 16:13	Microsoft-Windows-PrintService	307	Printing a document	"Document 30, Print Document owned by ywu15 on \\MESOEL06484 was printed on VLS3.60 through port UCP-1.  Size in bytes: 1774212. Pages printed: 1. No user action is required."
Information	3/11/2020 16:58	Microsoft-Windows-PrintService	307	Printing a document	"Document 31, Print Document owned by ywu15 on \\MESOEL06484 was printed on VLS3.60 through port UCP-1.  Size in bytes: 5216. Pages printed: 1. No user action is required."
Information	3/11/2020 17:09	Microsoft-Windows-PrintService	307	Printing a document	"Document 32, Print Document owned by ywu15 on \\MESOEL06484 was printed on VLS3.60 through port UCP-1.  Size in bytes: 1936. Pages printed: 1. No user action is required."
Information	3/11/2020 17:14	Microsoft-Windows-PrintService	307	Printing a document	"Document 33, Print Document owned by ywu15 on \\MESOEL06484 was printed on VLS3.60 through port UCP-1.  Size in bytes: 8592. Pages printed: 1. No user action is required."
Information	3/11/2020 17:34	Microsoft-Windows-PrintService	307	Printing a document	"Document 34, Print Document owned by ywu15 on \\MESOEL06484 was printed on VLS3.60 through port UCP-1.  Size in bytes: 14280. Pages printed: 1. No user action is required."
Information	3/11/2020 18:22	Microsoft-Windows-PrintService	307	Printing a document	"Document 35, Print Document owned by ywu15 on \\MESOEL06484 was printed on VLS3.60 through port UCP-1.  Size in bytes: 32128. Pages printed: 1. No user action is required."
Information	3/11/2020 18:28	Microsoft-Windows-PrintService	307	Printing a document	"Document 36, Print Document owned by ywu15 on \\MESOEL06484 was printed on VLS3.60 through port UCP-1.  Size in bytes: 32128. Pages printed: 1. No user action is required."
Information	3/11/2020 18:42	Microsoft-Windows-PrintService	307	Printing a document	"Document 37, Print Document owned by ywu15 on \\MESOEL06484 was printed on VLS3.60 through port UCP-1.  Size in bytes: 32496. Pages printed: 1. No user action is required."
Information	3/11/2020 20:06	Microsoft-Windows-PrintService	307	Printing a document	"Document 38, Print Document owned by ywu15 on \\MESOEL06484 was printed on VLS3.60 through port UCP-1.  Size in bytes: 1184. Pages printed: 1. No user action is required."
Information	3/11/2020 20:09	Microsoft-Windows-PrintService	307	Printing a document	"Document 39, Print Document owned by ywu15 on \\MESOEL06484 was printed on VLS3.60 through port UCP-1.  Size in bytes: 1184. Pages printed: 1. No user action is required."
Information	3/11/2020 20:12	Microsoft-Windows-PrintService	307	Printing a document	"Document 40, Print Document owned by ywu15 on \\MESOEL06484 was printed on VLS3.60 through port UCP-1.  Size in bytes: 1552. Pages printed: 1. No user action is required."
Information	3/11/2020 20:15	Microsoft-Windows-PrintService	307	Printing a document	"Document 41, Print Document owned by ywu15 on \\MESOEL06484 was printed on VLS3.60 through port UCP-1.  Size in bytes: 1840. Pages printed: 1. No user action is required."
Information	3/11/2020 20:18	Microsoft-Windows-PrintService	307	Printing a document	"Document 42, Print Document owned by ywu15 on \\MESOEL06484 was printed on VLS3.60 through port UCP-1.  Size in bytes: 1200. Pages printed: 1. No user action is required."
Information	3/11/2020 21:41	Microsoft-Windows-PrintService	307	Printing a document	"Document 43, Print Document owned by ywu15 on \\MESOEL06484 was printed on VLS3.60 through port UCP-1.  Size in bytes: 1184. Pages printed: 1. No user action is required."
Information	3/11/2020 21:46	Microsoft-Windows-PrintService	307	Printing a document	"Document 44, Print Document owned by ywu15 on \\MESOEL06484 was printed on VLS3.60 through port UCP-1.  Size in bytes: 976. Pages printed: 1. No user action is required."
Information	3/11/2020 21:50	Microsoft-Windows-PrintService	307	Printing a document	"Document 45, Print Document owned by ywu15 on \\MESOEL06484 was printed on VLS3.60 through port UCP-1.  Size in bytes: 976. Pages printed: 1. No user action is required."
Information	3/11/2020 21:55	Microsoft-Windows-PrintService	307	Printing a document	"Document 46, Print Document owned by ywu15 on \\MESOEL06484 was printed on VLS3.60 through port UCP-1.  Size in bytes: 1840. Pages printed: 1. No user action is required."
Information	3/12/2020 11:14	Microsoft-Windows-PrintService	307	Printing a document	"Document 47, Print Document owned by mrosen19 on \\MESOEL06484 was printed on VLS3.60 through port UCP-1.  Size in bytes: 10664. Pages printed: 1. No user action is required."
Information	3/12/2020 12:11	Microsoft-Windows-PrintService	307	Printing a document	"Document 48, Print Document owned by Kgombo01 on \\MESOEL06484 was printed on VLS3.60 through port UCP-1.  Size in bytes: 876124. Pages printed: 1. No user action is required."
Information	3/12/2020 12:37	Microsoft-Windows-PrintService	307	Printing a document	"Document 49, Print Document owned by Kgombo01 on \\MESOEL06484 was printed on VLS3.60 through port UCP-1.  Size in bytes: 31760. Pages printed: 1. No user action is required."
Information	3/12/2020 13:04	Microsoft-Windows-PrintService	307	Printing a document	"Document 50, Print Document owned by Kgombo01 on \\MESOEL06484 was printed on VLS3.60 through port UCP-1.  Size in bytes: 64104. Pages printed: 1. No user action is required."
Information	3/12/2020 13:58	Microsoft-Windows-PrintService	307	Printing a document	"Document 51, Print Document owned by mkurzm01 on \\MESOEL06484 was printed on VLS3.60 through port UCP-1.  Size in bytes: 1168. Pages printed: 1. No user action is required."
Information	3/12/2020 15:29	Microsoft-Windows-PrintService	307	Printing a document	"Document 52, Print Document owned by mkurzm01 on \\MESOEL06484 was printed on VLS3.60 through port UCP-1.  Size in bytes: 282004. Pages printed: 1. No user action is required."
Information	3/12/2020 15:30	Microsoft-Windows-PrintService	307	Printing a document	"Document 53, Print Document owned by mkurzm01 on \\MESOEL06484 was printed on VLS3.60 through port UCP-1.  Size in bytes: 282004. Pages printed: 1. No user action is required."
Information	3/12/2020 15:51	Microsoft-Windows-PrintService	307	Printing a document	"Document 54, Print Document owned by mkurzm01 on \\MESOEL06484 was printed on VLS3.60 through port UCP-1.  Size in bytes: 8452. Pages printed: 1. No user action is required."
Information	3/12/2020 15:51	Microsoft-Windows-PrintService	307	Printing a document	"Document 55, Print Document owned by mkurzm01 on \\MESOEL06484 was printed on VLS3.60 through port UCP-1.  Size in bytes: 8456. Pages printed: 1. No user action is required."
Information	3/12/2020 15:57	Microsoft-Windows-PrintService	307	Printing a document	"Document 56, Print Document owned by mkurzm01 on \\MESOEL06484 was printed on VLS3.60 through port UCP-1.  Size in bytes: 10393252. Pages printed: 1. No user action is required."
Information	3/12/2020 15:59	Microsoft-Windows-PrintService	307	Printing a document	"Document 57, Print Document owned by mkurzm01 on \\MESOEL06484 was printed on VLS3.60 through port UCP-1.  Size in bytes: 10393252. Pages printed: 1. No user action is required."
Information	3/12/2020 15:59	Microsoft-Windows-PrintService	307	Printing a document	"Document 58, Print Document owned by mkurzm01 on \\MESOEL06484 was printed on VLS3.60 through port UCP-1.  Size in bytes: 10112384. Pages printed: 1. No user action is required."
Information	3/12/2020 16:01	Microsoft-Windows-PrintService	307	Printing a document	"Document 59, Print Document owned by mkurzm01 on \\MESOEL06484 was printed on VLS3.60 through port UCP-1.  Size in bytes: 10112384. Pages printed: 1. No user action is required."
Information	3/12/2020 17:21	Microsoft-Windows-PrintService	307	Printing a document	"Document 60, Print Document owned by mkurzm01 on \\MESOEL06484 was printed on VLS3.60 through port UCP-1.  Size in bytes: 28032. Pages printed: 1. No user action is required."
Information	3/12/2020 17:30	Microsoft-Windows-PrintService	307	Printing a document	"Document 61, Print Document owned by mkurzm01 on \\MESOEL06484 was printed on VLS3.60 through port UCP-1.  Size in bytes: 28804. Pages printed: 1. No user action is required."
Information	3/12/2020 17:36	Microsoft-Windows-PrintService	307	Printing a document	"Document 62, Print Document owned by mkurzm01 on \\MESOEL06484 was printed on VLS3.60 through port UCP-1.  Size in bytes: 12096. Pages printed: 1. No user action is required."
Information	3/12/2020 17:43	Microsoft-Windows-PrintService	307	Printing a document	"Document 63, Print Document owned by mkurzm01 on \\MESOEL06484 was printed on VLS3.60 through port UCP-1.  Size in bytes: 11488. Pages printed: 1. No user action is required."
Information	3/12/2020 17:49	Microsoft-Windows-PrintService	307	Printing a document	"Document 64, Print Document owned by mkurzm01 on \\MESOEL06484 was printed on VLS3.60 through port UCP-1.  Size in bytes: 18048. Pages printed: 1. No user action is required."
Information	3/12/2020 18:12	Microsoft-Windows-PrintService	307	Printing a document	"Document 65, Print Document owned by mkurzm01 on \\MESOEL06484 was printed on VLS3.60 through port UCP-1.  Size in bytes: 11488. Pages printed: 1. No user action is required."
Information	3/12/2020 19:23	Microsoft-Windows-PrintService	307	Printing a document	"Document 66, Print Document owned by ttashi01 on \\MESOEL06484 was printed on VLS3.60 through port UCP-1.  Size in bytes: 9936. Pages printed: 1. No user action is required."
Information	3/12/2020 19:40	Microsoft-Windows-PrintService	307	Printing a document	"Document 67, Print Document owned by ttashi01 on \\MESOEL06484 was printed on VLS3.60 through port UCP-1.  Size in bytes: 4464. Pages printed: 1. No user action is required."
Information	3/12/2020 19:57	Microsoft-Windows-PrintService	307	Printing a document	"Document 68, Print Document owned by ttashi01 on \\MESOEL06484 was printed on VLS3.60 through port UCP-1.  Size in bytes: 2160. Pages printed: 1. No user action is required."
Information	3/12/2020 20:39	Microsoft-Windows-PrintService	307	Printing a document	"Document 69, Print Document owned by jbodyl01 on \\MESOEL06484 was printed on VLS3.60 through port UCP-1.  Size in bytes: 4688. Pages printed: 1. No user action is required."
Information	3/12/2020 20:41	Microsoft-Windows-PrintService	307	Printing a document	"Document 70, Print Document owned by jbodyl01 on \\MESOEL06484 was printed on VLS3.60 through port UCP-1.  Size in bytes: 4688. Pages printed: 1. No user action is required."
Information	3/12/2020 21:07	Microsoft-Windows-PrintService	307	Printing a document	"Document 71, Print Document owned by zpogre01 on \\MESOEL06484 was printed on VLS3.60 through port UCP-1.  Size in bytes: 272244. Pages printed: 6. No user action is required."
Information	3/12/2020 21:08	Microsoft-Windows-PrintService	307	Printing a document	"Document 72, Print Document owned by zpogre01 on \\MESOEL06484 was printed on VLS3.60 through port UCP-1.  Size in bytes: 104216. Pages printed: 1. No user action is required."
Information	3/12/2020 21:33	Microsoft-Windows-PrintService	307	Printing a document	"Document 73, Print Document owned by zpogre01 on \\MESOEL06484 was printed on VLS3.60 through port UCP-1.  Size in bytes: 272244. Pages printed: 6. No user action is required."
Information	3/12/2020 21:43	Microsoft-Windows-PrintService	307	Printing a document	"Document 74, Print Document owned by zpogre01 on \\MESOEL06484 was printed on VLS3.60 through port UCP-1.  Size in bytes: 43368. Pages printed: 1. No user action is required."
Information	3/13/2020 9:20	Microsoft-Windows-PrintService	307	Printing a document	"Document 75, Print Document owned by cpries02 on \\MESOEL06484 was printed on VLS3.60 through port UCP-1.  Size in bytes: 5000. Pages printed: 1. No user action is required."
Information	3/13/2020 9:21	Microsoft-Windows-PrintService	307	Printing a document	"Document 76, Print Document owned by cpries02 on \\MESOEL06484 was printed on VLS3.60 through port UCP-1.  Size in bytes: 9232. Pages printed: 1. No user action is required."
Information	3/13/2020 10:30	Microsoft-Windows-PrintService	307	Printing a document	"Document 77, Print Document owned by ttashi01 on \\MESOEL06484 was printed on VLS3.60 through port UCP-1.  Size in bytes: 9936. Pages printed: 1. No user action is required."
Information	3/13/2020 10:42	Microsoft-Windows-PrintService	307	Printing a document	"Document 78, Print Document owned by ttashi01 on \\MESOEL06484 was printed on VLS3.60 through port UCP-1.  Size in bytes: 1872. Pages printed: 1. No user action is required."
Information	3/13/2020 12:42	Microsoft-Windows-PrintService	307	Printing a document	"Document 79, Print Document owned by jlagor01 on \\MESOEL06484 was printed on VLS3.60 through port UCP-1.  Size in bytes: 6484. Pages printed: 1. No user action is required."
Information	3/13/2020 19:11	Microsoft-Windows-PrintService	307	Printing a document	"Document 2, Print Document owned by gpacel01 on \\MESOEL06484 was printed on VLS3.60 through port UCP-1.  Size in bytes: 1120. Pages printed: 1. No user action is required."
Information	3/14/2020 11:06	Microsoft-Windows-PrintService	307	Printing a document	"Document 3, Print Document owned by jkanov01 on \\MESOEL06484 was printed on VLS3.60 through port UCP-1.  Size in bytes: 25616. Pages printed: 1. No user action is required."
Information	3/14/2020 11:09	Microsoft-Windows-PrintService	307	Printing a document	"Document 4, Print Document owned by jkanov01 on \\MESOEL06484 was printed on VLS3.60 through port UCP-1.  Size in bytes: 10800. Pages printed: 1. No user action is required."
Information	3/14/2020 11:25	Microsoft-Windows-PrintService	307	Printing a document	"Document 5, Print Document owned by jkanov01 on \\MESOEL06484 was printed on VLS3.60 through port UCP-1.  Size in bytes: 656. Pages printed: 1. No user action is required."
Information	3/14/2020 11:25	Microsoft-Windows-PrintService	307	Printing a document	"Document 6, Print Document owned by jkanov01 on \\MESOEL06484 was printed on VLS3.60 through port UCP-1.  Size in bytes: 656. Pages printed: 1. No user action is required."
Information	3/14/2020 11:38	Microsoft-Windows-PrintService	307	Printing a document	"Document 7, Print Document owned by jkanov01 on \\MESOEL06484 was printed on VLS3.60 through port UCP-1.  Size in bytes: 27088. Pages printed: 1. No user action is required."
Information	3/14/2020 12:32	Microsoft-Windows-PrintService	307	Printing a document	"Document 8, Print Document owned by jkanov01 on \\MESOEL06484 was printed on VLS3.60 through port UCP-1.  Size in bytes: 13704. Pages printed: 1. No user action is required."
Information	3/14/2020 13:51	Microsoft-Windows-PrintService	307	Printing a document	"Document 9, Print Document owned by jkanov01 on \\MESOEL06484 was printed on VLS3.60 through port UCP-1.  Size in bytes: 3712. Pages printed: 1. No user action is required."
Information	3/14/2020 14:28	Microsoft-Windows-PrintService	307	Printing a document	"Document 10, Print Document owned by jkanov01 on \\MESOEL06484 was printed on VLS3.60 through port UCP-1.  Size in bytes: 7236. Pages printed: 1. No user action is required."
Information	3/14/2020 14:49	Microsoft-Windows-PrintService	307	Printing a document	"Document 11, Print Document owned by jkanov01 on \\MESOEL06484 was printed on VLS3.60 through port UCP-1.  Size in bytes: 912. Pages printed: 1. No user action is required."
Information	3/14/2020 15:15	Microsoft-Windows-PrintService	307	Printing a document	"Document 12, Print Document owned by jkanov01 on \\MESOEL06484 was printed on VLS3.60 through port UCP-1.  Size in bytes: 1424. Pages printed: 1. No user action is required."
Information	3/14/2020 16:38	Microsoft-Windows-PrintService	307	Printing a document	"Document 13, Print Document owned by jkanov01 on \\MESOEL06484 was printed on VLS3.60 through port UCP-1.  Size in bytes: 4672. Pages printed: 1. No user action is required."
Information	3/14/2020 16:44	Microsoft-Windows-PrintService	307	Printing a document	"Document 14, Print Document owned by jkanov01 on \\MESOEL06484 was printed on VLS3.60 through port UCP-1.  Size in bytes: 4672. Pages printed: 1. No user action is required."
Information	3/14/2020 16:47	Microsoft-Windows-PrintService	307	Printing a document	"Document 15, Print Document owned by jkanov01 on \\MESOEL06484 was printed on VLS3.60 through port UCP-1.  Size in bytes: 4672. Pages printed: 1. No user action is required."
Information	3/14/2020 17:49	Microsoft-Windows-PrintService	307	Printing a document	"Document 16, Print Document owned by jkanov01 on \\MESOEL06484 was printed on VLS3.60 through port UCP-1.  Size in bytes: 4648. Pages printed: 1. No user action is required."
Information	3/14/2020 17:51	Microsoft-Windows-PrintService	307	Printing a document	"Document 17, Print Document owned by jkanov01 on \\MESOEL06484 was printed on VLS3.60 through port UCP-1.  Size in bytes: 3448. Pages printed: 1. No user action is required."
Information	3/15/2020 13:15	Microsoft-Windows-PrintService	307	Printing a document	"Document 18, Print Document owned by ttashi01 on \\MESOEL06484 was printed on VLS3.60 through port UCP-1.  Size in bytes: 12176. Pages printed: 1. No user action is required."
Information	3/15/2020 13:30	Microsoft-Windows-PrintService	307	Printing a document	"Document 19, Print Document owned by ttashi01 on \\MESOEL06484 was printed on VLS3.60 through port UCP-1.  Size in bytes: 12176. Pages printed: 1. No user action is required."
Information	3/15/2020 14:58	Microsoft-Windows-PrintService	307	Printing a document	"Document 20, Print Document owned by lalban01 on \\MESOEL06484 was printed on VLS3.60 through port UCP-1.  Size in bytes: 801720. Pages printed: 1. No user action is required."
Information	3/15/2020 15:12	Microsoft-Windows-PrintService	307	Printing a document	"Document 21, Print Document owned by lalban01 on \\MESOEL06484 was printed on VLS3.60 through port UCP-1.  Size in bytes: 93384. Pages printed: 1. No user action is required."
Information	9/12/2020 13:15	Microsoft-Windows-PrintService	307	Printing a document	"Document 2, Print Document owned by jkanov01 on \\MESOEL06484 was printed on VLS3.60 through port UCP-1.  Size in bytes: 13840. Pages printed: 1. No user action is required."
Information	9/12/2020 13:16	Microsoft-Windows-PrintService	307	Printing a document	"Document 3, Print Document owned by jkanov01 on \\MESOEL06484 was printed on VLS3.60 through port UCP-1.  Size in bytes: 10800. Pages printed: 1. No user action is required."
Information	9/12/2020 14:08	Microsoft-Windows-PrintService	307	Printing a document	"Document 4, Print Document owned by jkanov01 on \\MESOEL06484 was printed on VLS3.60 through port UCP-1.  Size in bytes: 10800. Pages printed: 1. No user action is required."
Information	9/12/2020 14:29	Microsoft-Windows-PrintService	307	Printing a document	"Document 5, Print Document owned by jkanov01 on \\MESOEL06484 was printed on VLS3.60 through port UCP-1.  Size in bytes: 2704. Pages printed: 1. No user action is required."
Information	9/12/2020 14:38	Microsoft-Windows-PrintService	307	Printing a document	"Document 6, Print Document owned by jkanov01 on \\MESOEL06484 was printed on VLS3.60 through port UCP-1.  Size in bytes: 3440. Pages printed: 1. No user action is required."
Information	9/12/2020 16:33	Microsoft-Windows-PrintService	307	Printing a document	"Document 7, Print Document owned by jsorsc01 on \\MESOEL06484 was printed on VLS3.60 through port UCP-1.  Size in bytes: 2448. Pages printed: 1. No user action is required."
Information	9/12/2020 16:35	Microsoft-Windows-PrintService	307	Printing a document	"Document 8, Print Document owned by jsorsc01 on \\MESOEL06484 was printed on VLS3.60 through port UCP-1.  Size in bytes: 2456. Pages printed: 1. No user action is required."
Information	9/12/2020 16:48	Microsoft-Windows-PrintService	307	Printing a document	"Document 9, Print Document owned by jsorsc01 on \\MESOEL06484 was printed on VLS3.60 through port UCP-1.  Size in bytes: 4144. Pages printed: 1. No user action is required."
Information	9/14/2020 14:20	Microsoft-Windows-PrintService	307	Printing a document	"Document 2, Print Document owned by arobic02 on \\MESOEL06484 was printed on VLS3.60 through port UCP-1.  Size in bytes: 20812. Pages printed: 1. No user action is required."
Information	9/14/2020 15:12	Microsoft-Windows-PrintService	307	Printing a document	"Document 3, Print Document owned by arobic02 on \\MESOEL06484 was printed on VLS3.60 through port UCP-1.  Size in bytes: 20692. Pages printed: 1. No user action is required."
Information	9/17/2020 13:57	Microsoft-Windows-PrintService	307	Printing a document	"Document 2, Print Document owned by ywu15 on \\MESOEL06484 was printed on VLS3.60 through port UCP-1.  Size in bytes: 1584. Pages printed: 1. No user action is required."
Information	9/17/2020 13:59	Microsoft-Windows-PrintService	307	Printing a document	"Document 3, Print Document owned by ywu15 on \\MESOEL06484 was printed on VLS3.60 through port UCP-1.  Size in bytes: 1584. Pages printed: 1. No user action is required."
Information	9/19/2020 11:09	Microsoft-Windows-PrintService	307	Printing a document	"Document 4, Print Document owned by lalban01 on \\MESOEL06484 was printed on VLS3.60 through port UCP-1.  Size in bytes: 2608. Pages printed: 1. No user action is required."
Information	9/20/2020 12:53	Microsoft-Windows-PrintService	307	Printing a document	"Document 5, Print Document owned by arobic02 on \\MESOEL06484 was printed on VLS3.60 through port UCP-1.  Size in bytes: 23276. Pages printed: 1. No user action is required."
Information	9/20/2020 13:37	Microsoft-Windows-PrintService	307	Printing a document	"Document 6, Print Document owned by arobic02 on \\MESOEL06484 was printed on VLS3.60 through port UCP-1.  Size in bytes: 21184. Pages printed: 1. No user action is required."
Information	9/20/2020 13:39	Microsoft-Windows-PrintService	307	Printing a document	"Document 7, Print Document owned by arobic02 on \\MESOEL06484 was printed on VLS3.60 through port UCP-1.  Size in bytes: 21184. Pages printed: 1. No user action is required."
Information	9/20/2020 13:40	Microsoft-Windows-PrintService	307	Printing a document	"Document 8, Print Document owned by arobic02 on \\MESOEL06484 was printed on VLS3.60 through port UCP-1.  Size in bytes: 21184. Pages printed: 1. No user action is required."
Information	9/22/2020 13:28	Microsoft-Windows-PrintService	307	Printing a document	"Document 9, Print Document owned by ywu15 on \\MESOEL06484 was printed on VLS3.60 through port UCP-1.  Size in bytes: 2448. Pages printed: 1. No user action is required."
Information	9/22/2020 13:41	Microsoft-Windows-PrintService	307	Printing a document	"Document 10, Print Document owned by ywu15 on \\MESOEL06484 was printed on VLS3.60 through port UCP-1.  Size in bytes: 38704. Pages printed: 1. No user action is required."
Information	9/22/2020 13:43	Microsoft-Windows-PrintService	307	Printing a document	"Document 11, Print Document owned by ywu15 on \\MESOEL06484 was printed on VLS3.60 through port UCP-1.  Size in bytes: 38704. Pages printed: 1. No user action is required."
Information	9/22/2020 13:43	Microsoft-Windows-PrintService	307	Printing a document	"Document 12, Print Document owned by ywu15 on \\MESOEL06484 was printed on VLS3.60 through port UCP-1.  Size in bytes: 38704. Pages printed: 1. No user action is required."
Information	9/22/2020 19:10	Microsoft-Windows-PrintService	307	Printing a document	"Document 13, Print Document owned by ywu15 on \\MESOEL06484 was printed on VLS3.60 through port UCP-1.  Size in bytes: 3600. Pages printed: 1. No user action is required."
Information	9/22/2020 19:16	Microsoft-Windows-PrintService	307	Printing a document	"Document 14, Print Document owned by ywu15 on \\MESOEL06484 was printed on VLS3.60 through port UCP-1.  Size in bytes: 1424. Pages printed: 1. No user action is required."
Information	9/22/2020 19:24	Microsoft-Windows-PrintService	307	Printing a document	"Document 15, Print Document owned by ywu15 on \\MESOEL06484 was printed on VLS3.60 through port UCP-1.  Size in bytes: 936. Pages printed: 1. No user action is required."
Information	9/22/2020 20:59	Microsoft-Windows-PrintService	307	Printing a document	"Document 16, Print Document owned by ywu15 on \\MESOEL06484 was printed on VLS3.60 through port UCP-1.  Size in bytes: 6648. Pages printed: 1. No user action is required."
Information	9/22/2020 21:06	Microsoft-Windows-PrintService	307	Printing a document	"Document 17, Print Document owned by ywu15 on \\MESOEL06484 was printed on VLS3.60 through port UCP-1.  Size in bytes: 6972. Pages printed: 1. No user action is required."
Information	9/22/2020 21:23	Microsoft-Windows-PrintService	307	Printing a document	"Document 18, Print Document owned by ywu15 on \\MESOEL06484 was printed on VLS3.60 through port UCP-1.  Size in bytes: 6972. Pages printed: 1. No user action is required."
Information	9/22/2020 21:33	Microsoft-Windows-PrintService	307	Printing a document	"Document 19, Print Document owned by ywu15 on \\MESOEL06484 was printed on VLS3.60 through port UCP-1.  Size in bytes: 6528. Pages printed: 1. No user action is required."
Information	9/22/2020 23:54	Microsoft-Windows-PrintService	307	Printing a document	"Document 20, Print Document owned by ywu15 on \\MESOEL06484 was printed on VLS3.60 through port UCP-1.  Size in bytes: 31312. Pages printed: 1. No user action is required."
Information	9/23/2020 0:40	Microsoft-Windows-PrintService	307	Printing a document	"Document 21, Print Document owned by ywu15 on \\MESOEL06484 was printed on VLS3.60 through port UCP-1.  Size in bytes: 47504. Pages printed: 1. No user action is required."
Information	9/23/2020 1:14	Microsoft-Windows-PrintService	307	Printing a document	"Document 22, Print Document owned by ywu15 on \\MESOEL06484 was printed on VLS3.60 through port UCP-1.  Size in bytes: 31312. Pages printed: 1. No user action is required."
Information	9/23/2020 1:23	Microsoft-Windows-PrintService	307	Printing a document	"Document 23, Print Document owned by ywu15 on \\MESOEL06484 was printed on VLS3.60 through port UCP-1.  Size in bytes: 47504. Pages printed: 1. No user action is required."
Information	9/23/2020 10:09	Microsoft-Windows-PrintService	307	Printing a document	"Document 24, Print Document owned by ywu15 on \\MESOEL06484 was printed on VLS3.60 through port UCP-1.  Size in bytes: 35328. Pages printed: 1. No user action is required."
Information	9/23/2020 10:13	Microsoft-Windows-PrintService	307	Printing a document	"Document 25, Print Document owned by ywu15 on \\MESOEL06484 was printed on VLS3.60 through port UCP-1.  Size in bytes: 6056. Pages printed: 1. No user action is required."
Information	9/23/2020 11:53	Microsoft-Windows-PrintService	307	Printing a document	"Document 26, Print Document owned by ywu15 on \\MESOEL06484 was printed on VLS3.60 through port UCP-1.  Size in bytes: 179312. Pages printed: 1. No user action is required."
Information	9/23/2020 11:55	Microsoft-Windows-PrintService	307	Printing a document	"Document 27, Print Document owned by ywu15 on \\MESOEL06484 was printed on VLS3.60 through port UCP-1.  Size in bytes: 179312. Pages printed: 1. No user action is required."
Information	9/23/2020 11:59	Microsoft-Windows-PrintService	307	Printing a document	"Document 28, Print Document owned by ywu15 on \\MESOEL06484 was printed on VLS3.60 through port UCP-1.  Size in bytes: 76024. Pages printed: 1. No user action is required."
Information	9/23/2020 11:59	Microsoft-Windows-PrintService	307	Printing a document	"Document 29, Print Document owned by ywu15 on \\MESOEL06484 was printed on VLS3.60 through port UCP-1.  Size in bytes: 49656. Pages printed: 1. No user action is required."
Information	9/23/2020 12:00	Microsoft-Windows-PrintService	307	Printing a document	"Document 30, Print Document owned by ywu15 on \\MESOEL06484 was printed on VLS3.60 through port UCP-1.  Size in bytes: 75392. Pages printed: 1. No user action is required."
Information	9/23/2020 12:01	Microsoft-Windows-PrintService	307	Printing a document	"Document 31, Print Document owned by ywu15 on \\MESOEL06484 was printed on VLS3.60 through port UCP-1.  Size in bytes: 49024. Pages printed: 1. No user action is required."
Information	9/23/2020 12:02	Microsoft-Windows-PrintService	307	Printing a document	"Document 32, Print Document owned by ywu15 on \\MESOEL06484 was printed on VLS3.60 through port UCP-1.  Size in bytes: 57648. Pages printed: 1. No user action is required."
Information	9/23/2020 14:41	Microsoft-Windows-PrintService	307	Printing a document	"Document 33, Print Document owned by jkanov01 on \\MESOEL06484 was printed on VLS3.60 through port UCP-1.  Size in bytes: 4816. Pages printed: 1. No user action is required."
Information	9/23/2020 15:14	Microsoft-Windows-PrintService	307	Printing a document	"Document 34, Print Document owned by jkanov01 on \\MESOEL06484 was printed on VLS3.60 through port UCP-1.  Size in bytes: 8592. Pages printed: 1. No user action is required."
Information	9/23/2020 15:20	Microsoft-Windows-PrintService	307	Printing a document	"Document 35, Print Document owned by jkanov01 on \\MESOEL06484 was printed on VLS3.60 through port UCP-1.  Size in bytes: 9232. Pages printed: 1. No user action is required."
Information	9/23/2020 15:29	Microsoft-Windows-PrintService	307	Printing a document	"Document 36, Print Document owned by jkanov01 on \\MESOEL06484 was printed on VLS3.60 through port UCP-1.  Size in bytes: 5648. Pages printed: 1. No user action is required."
Information	9/23/2020 15:31	Microsoft-Windows-PrintService	307	Printing a document	"Document 37, Print Document owned by jkanov01 on \\MESOEL06484 was printed on VLS3.60 through port UCP-1.  Size in bytes: 15248. Pages printed: 1. No user action is required."
Information	9/23/2020 15:32	Microsoft-Windows-PrintService	307	Printing a document	"Document 38, Print Document owned by jkanov01 on \\MESOEL06484 was printed on VLS3.60 through port UCP-1.  Size in bytes: 6736. Pages printed: 1. No user action is required."
Information	9/23/2020 15:45	Microsoft-Windows-PrintService	307	Printing a document	"Document 39, Print Document owned by jkanov01 on \\MESOEL06484 was printed on VLS3.60 through port UCP-1.  Size in bytes: 14160. Pages printed: 1. No user action is required."
