Information	10/22/2019 13:50	Microsoft-Windows-PrintService	307	Printing a document	"Document 15, Print Document owned by kgodoy01 on \\MESOEL06484 was printed on VLS3.60 through port UCP-1.  Size in bytes: 27847028. Pages printed: 1. No user action is required."
Information	10/22/2019 14:47	Microsoft-Windows-PrintService	307	Printing a document	"Document 16, Print Document owned by kgodoy01 on \\MESOEL06484 was printed on VLS3.60 through port UCP-1.  Size in bytes: 19366364. Pages printed: 1. No user action is required."
Information	10/22/2019 14:49	Microsoft-Windows-PrintService	307	Printing a document	"Document 17, Print Document owned by kgodoy01 on \\MESOEL06484 was printed on VLS3.60 through port UCP-1.  Size in bytes: 19366364. Pages printed: 1. No user action is required."
Information	10/22/2019 15:35	Microsoft-Windows-PrintService	307	Printing a document	"Document 18, Print Document owned by kgodoy01 on \\MESOEL06484 was printed on VLS3.60 through port UCP-1.  Size in bytes: 2056912. Pages printed: 1. No user action is required."
Information	10/22/2019 17:40	Microsoft-Windows-PrintService	307	Printing a document	"Document 19, Print Document owned by gmeyer02 on \\MESOEL06484 was printed on VLS3.60 through port UCP-1.  Size in bytes: 31776. Pages printed: 1. No user action is required."
Information	10/22/2019 17:41	Microsoft-Windows-PrintService	307	Printing a document	"Document 20, Print Document owned by gmeyer02 on \\MESOEL06484 was printed on VLS3.60 through port UCP-1.  Size in bytes: 47772. Pages printed: 1. No user action is required."
Information	10/22/2019 17:41	Microsoft-Windows-PrintService	307	Printing a document	"Document 21, Print Document owned by gmeyer02 on \\MESOEL06484 was printed on VLS3.60 through port UCP-1.  Size in bytes: 47772. Pages printed: 1. No user action is required."
Information	10/22/2019 17:42	Microsoft-Windows-PrintService	307	Printing a document	"Document 22, Print Document owned by gmeyer02 on \\MESOEL06484 was printed on VLS3.60 through port UCP-1.  Size in bytes: 31696. Pages printed: 1. No user action is required."
Information	10/22/2019 17:42	Microsoft-Windows-PrintService	307	Printing a document	"Document 23, Print Document owned by gmeyer02 on \\MESOEL06484 was printed on VLS3.60 through port UCP-1.  Size in bytes: 31696. Pages printed: 1. No user action is required."
Information	10/22/2019 18:01	Microsoft-Windows-PrintService	307	Printing a document	"Document 24, Print Document owned by gmeyer02 on \\MESOEL06484 was printed on VLS3.60 through port UCP-1.  Size in bytes: 22992. Pages printed: 1. No user action is required."
Information	10/22/2019 18:06	Microsoft-Windows-PrintService	307	Printing a document	"Document 25, Print Document owned by gmeyer02 on \\MESOEL06484 was printed on VLS3.60 through port UCP-1.  Size in bytes: 5392. Pages printed: 1. No user action is required."
Information	10/22/2019 18:06	Microsoft-Windows-PrintService	307	Printing a document	"Document 26, Print Document owned by gmeyer02 on \\MESOEL06484 was printed on VLS3.60 through port UCP-1.  Size in bytes: 5392. Pages printed: 1. No user action is required."
Information	10/22/2019 18:08	Microsoft-Windows-PrintService	307	Printing a document	"Document 27, Print Document owned by gmeyer02 on \\MESOEL06484 was printed on VLS3.60 through port UCP-1.  Size in bytes: 10352. Pages printed: 1. No user action is required."
Information	10/22/2019 18:28	Microsoft-Windows-PrintService	307	Printing a document	"Document 28, Print Document owned by gmeyer02 on \\MESOEL06484 was printed on VLS3.60 through port UCP-1.  Size in bytes: 2704. Pages printed: 1. No user action is required."
Information	10/22/2019 19:09	Microsoft-Windows-PrintService	307	Printing a document	"Document 29, Print Document owned by mcarna01 on \\MESOEL06484 was printed on VLS3.60 through port UCP-1.  Size in bytes: 6784. Pages printed: 1. No user action is required."
Information	10/22/2019 19:18	Microsoft-Windows-PrintService	307	Printing a document	"Document 30, Print Document owned by mcarna01 on \\MESOEL06484 was printed on VLS3.60 through port UCP-1.  Size in bytes: 7232. Pages printed: 1. No user action is required."
Information	10/22/2019 19:20	Microsoft-Windows-PrintService	307	Printing a document	"Document 31, Print Document owned by mcarna01 on \\MESOEL06484 was printed on VLS3.60 through port UCP-1.  Size in bytes: 7232. Pages printed: 1. No user action is required."
Information	10/22/2019 19:21	Microsoft-Windows-PrintService	307	Printing a document	"Document 32, Print Document owned by mcarna01 on \\MESOEL06484 was printed on VLS3.60 through port UCP-1.  Size in bytes: 3232. Pages printed: 1. No user action is required."
Information	10/22/2019 19:22	Microsoft-Windows-PrintService	307	Printing a document	"Document 33, Print Document owned by mcarna01 on \\MESOEL06484 was printed on VLS3.60 through port UCP-1.  Size in bytes: 7232. Pages printed: 1. No user action is required."
Information	10/22/2019 20:45	Microsoft-Windows-PrintService	307	Printing a document	"Document 2, Print Document owned by mmajku01 on \\MESOEL06484 was printed on VLS3.60 through port UCP-1.  Size in bytes: 19096. Pages printed: 1. No user action is required."
Information	10/22/2019 20:54	Microsoft-Windows-PrintService	307	Printing a document	"Document 3, Print Document owned by mmajku01 on \\MESOEL06484 was printed on VLS3.60 through port UCP-1.  Size in bytes: 3120. Pages printed: 1. No user action is required."
Information	10/22/2019 20:58	Microsoft-Windows-PrintService	307	Printing a document	"Document 4, Print Document owned by mmajku01 on \\MESOEL06484 was printed on VLS3.60 through port UCP-1.  Size in bytes: 5984. Pages printed: 1. No user action is required."
Information	10/22/2019 21:01	Microsoft-Windows-PrintService	307	Printing a document	"Document 5, Print Document owned by mmajku01 on \\MESOEL06484 was printed on VLS3.60 through port UCP-1.  Size in bytes: 912. Pages printed: 1. No user action is required."
Information	10/22/2019 21:01	Microsoft-Windows-PrintService	307	Printing a document	"Document 6, Print Document owned by mmajku01 on \\MESOEL06484 was printed on VLS3.60 through port UCP-1.  Size in bytes: 1424. Pages printed: 1. No user action is required."
Information	10/22/2019 21:02	Microsoft-Windows-PrintService	307	Printing a document	"Document 7, Print Document owned by mmajku01 on \\MESOEL06484 was printed on VLS3.60 through port UCP-1.  Size in bytes: 656. Pages printed: 1. No user action is required."
Information	10/22/2019 21:08	Microsoft-Windows-PrintService	307	Printing a document	"Document 8, Print Document owned by mmajku01 on \\MESOEL06484 was printed on VLS3.60 through port UCP-1.  Size in bytes: 752. Pages printed: 1. No user action is required."
Information	10/22/2019 21:16	Microsoft-Windows-PrintService	307	Printing a document	"Document 9, Print Document owned by mmajku01 on \\MESOEL06484 was printed on VLS3.60 through port UCP-1.  Size in bytes: 992. Pages printed: 1. No user action is required."
Information	10/22/2019 22:09	Microsoft-Windows-PrintService	307	Printing a document	"Document 10, Print Document owned by mmajku01 on \\MESOEL06484 was printed on VLS3.60 through port UCP-1.  Size in bytes: 5984. Pages printed: 1. No user action is required."
Information	10/22/2019 22:33	Microsoft-Windows-PrintService	307	Printing a document	"Document 11, Print Document owned by mmajku01 on \\MESOEL06484 was printed on VLS3.60 through port UCP-1.  Size in bytes: 70892. Pages printed: 1. No user action is required."
Information	10/22/2019 22:41	Microsoft-Windows-PrintService	307	Printing a document	"Document 12, Print Document owned by mmajku01 on \\MESOEL06484 was printed on VLS3.60 through port UCP-1.  Size in bytes: 70892. Pages printed: 1. No user action is required."
Information	10/22/2019 23:52	Microsoft-Windows-PrintService	307	Printing a document	"Document 13, Print Document owned by mmajku01 on \\MESOEL06484 was printed on VLS3.60 through port UCP-1.  Size in bytes: 584. Pages printed: 1. No user action is required."
Information	10/23/2019 10:21	Microsoft-Windows-PrintService	307	Printing a document	"Document 14, Print Document owned by mmajku01 on \\MESOEL06484 was printed on VLS3.60 through port UCP-1.  Size in bytes: 32592. Pages printed: 1. No user action is required."
Information	10/23/2019 12:26	Microsoft-Windows-PrintService	307	Printing a document	"Document 15, Print Document owned by mmajku01 on \\MESOEL06484 was printed on VLS3.60 through port UCP-1.  Size in bytes: 1096. Pages printed: 1. No user action is required."
Information	10/23/2019 12:26	Microsoft-Windows-PrintService	307	Printing a document	"Document 16, Print Document owned by mmajku01 on \\MESOEL06484 was printed on VLS3.60 through port UCP-1.  Size in bytes: 1096. Pages printed: 1. No user action is required."
Information	10/23/2019 12:38	Microsoft-Windows-PrintService	307	Printing a document	"Document 17, Print Document owned by mmajku01 on \\MESOEL06484 was printed on VLS3.60 through port UCP-1.  Size in bytes: 1096. Pages printed: 1. No user action is required."
Information	10/23/2019 12:38	Microsoft-Windows-PrintService	307	Printing a document	"Document 18, Print Document owned by mmajku01 on \\MESOEL06484 was printed on VLS3.60 through port UCP-1.  Size in bytes: 1096. Pages printed: 1. No user action is required."
Information	10/23/2019 12:39	Microsoft-Windows-PrintService	307	Printing a document	"Document 19, Print Document owned by mmajku01 on \\MESOEL06484 was printed on VLS3.60 through port UCP-1.  Size in bytes: 1096. Pages printed: 1. No user action is required."
Information	10/23/2019 12:39	Microsoft-Windows-PrintService	307	Printing a document	"Document 20, Print Document owned by mmajku01 on \\MESOEL06484 was printed on VLS3.60 through port UCP-1.  Size in bytes: 1096. Pages printed: 1. No user action is required."
Information	10/23/2019 12:39	Microsoft-Windows-PrintService	307	Printing a document	"Document 21, Print Document owned by mmajku01 on \\MESOEL06484 was printed on VLS3.60 through port UCP-1.  Size in bytes: 1096. Pages printed: 1. No user action is required."
Information	10/23/2019 12:40	Microsoft-Windows-PrintService	307	Printing a document	"Document 22, Print Document owned by mmajku01 on \\MESOEL06484 was printed on VLS3.60 through port UCP-1.  Size in bytes: 1096. Pages printed: 1. No user action is required."
Information	10/23/2019 12:40	Microsoft-Windows-PrintService	307	Printing a document	"Document 23, Print Document owned by mmajku01 on \\MESOEL06484 was printed on VLS3.60 through port UCP-1.  Size in bytes: 1096. Pages printed: 1. No user action is required."
Information	10/23/2019 12:42	Microsoft-Windows-PrintService	307	Printing a document	"Document 24, Print Document owned by mmajku01 on \\MESOEL06484 was printed on VLS3.60 through port UCP-1.  Size in bytes: 1096. Pages printed: 1. No user action is required."
Information	10/23/2019 12:46	Microsoft-Windows-PrintService	307	Printing a document	"Document 25, Print Document owned by mmajku01 on \\MESOEL06484 was printed on VLS3.60 through port UCP-1.  Size in bytes: 1096. Pages printed: 1. No user action is required."
Information	10/23/2019 12:47	Microsoft-Windows-PrintService	307	Printing a document	"Document 26, Print Document owned by mmajku01 on \\MESOEL06484 was printed on VLS3.60 through port UCP-1.  Size in bytes: 1096. Pages printed: 1. No user action is required."
Information	10/23/2019 12:47	Microsoft-Windows-PrintService	307	Printing a document	"Document 27, Print Document owned by mmajku01 on \\MESOEL06484 was printed on VLS3.60 through port UCP-1.  Size in bytes: 1096. Pages printed: 1. No user action is required."
Information	10/23/2019 12:48	Microsoft-Windows-PrintService	307	Printing a document	"Document 28, Print Document owned by mmajku01 on \\MESOEL06484 was printed on VLS3.60 through port UCP-1.  Size in bytes: 1096. Pages printed: 1. No user action is required."
Information	10/23/2019 12:49	Microsoft-Windows-PrintService	307	Printing a document	"Document 29, Print Document owned by mmajku01 on \\MESOEL06484 was printed on VLS3.60 through port UCP-1.  Size in bytes: 1096. Pages printed: 1. No user action is required."
Information	10/23/2019 13:11	Microsoft-Windows-PrintService	307	Printing a document	"Document 30, Print Document owned by mmajku01 on \\MESOEL06484 was printed on VLS3.60 through port UCP-1.  Size in bytes: 333576. Pages printed: 1. No user action is required."
Information	10/23/2019 13:34	Microsoft-Windows-PrintService	307	Printing a document	"Document 31, Print Document owned by mmajku01 on \\MESOEL06484 was printed on VLS3.60 through port UCP-1.  Size in bytes: 17424. Pages printed: 1. No user action is required."
Information	10/23/2019 15:02	Microsoft-Windows-PrintService	307	Printing a document	"Document 32, Print Document owned by mmajku01 on \\MESOEL06484 was printed on VLS3.60 through port UCP-1.  Size in bytes: 41988. Pages printed: 1. No user action is required."
Information	10/23/2019 15:18	Microsoft-Windows-PrintService	307	Printing a document	"Document 33, Print Document owned by mmajku01 on \\MESOEL06484 was printed on VLS3.60 through port UCP-1.  Size in bytes: 2832. Pages printed: 1. No user action is required."
Information	10/23/2019 15:20	Microsoft-Windows-PrintService	307	Printing a document	"Document 34, Print Document owned by mmajku01 on \\MESOEL06484 was printed on VLS3.60 through port UCP-1.  Size in bytes: 2832. Pages printed: 1. No user action is required."
Information	10/23/2019 15:27	Microsoft-Windows-PrintService	307	Printing a document	"Document 35, Print Document owned by mmajku01 on \\MESOEL06484 was printed on VLS3.60 through port UCP-1.  Size in bytes: 2128. Pages printed: 1. No user action is required."
Information	10/23/2019 15:36	Microsoft-Windows-PrintService	307	Printing a document	"Document 36, Print Document owned by mmajku01 on \\MESOEL06484 was printed on VLS3.60 through port UCP-1.  Size in bytes: 59280. Pages printed: 1. No user action is required."
Information	10/23/2019 15:42	Microsoft-Windows-PrintService	307	Printing a document	"Document 37, Print Document owned by mmajku01 on \\MESOEL06484 was printed on VLS3.60 through port UCP-1.  Size in bytes: 22480. Pages printed: 1. No user action is required."
Information	10/23/2019 15:42	Microsoft-Windows-PrintService	307	Printing a document	"Document 38, Print Document owned by mmajku01 on \\MESOEL06484 was printed on VLS3.60 through port UCP-1.  Size in bytes: 22480. Pages printed: 1. No user action is required."
Information	10/23/2019 15:47	Microsoft-Windows-PrintService	307	Printing a document	"Document 39, Print Document owned by mmajku01 on \\MESOEL06484 was printed on VLS3.60 through port UCP-1.  Size in bytes: 3344. Pages printed: 1. No user action is required."
Information	10/23/2019 15:49	Microsoft-Windows-PrintService	307	Printing a document	"Document 40, Print Document owned by mmajku01 on \\MESOEL06484 was printed on VLS3.60 through port UCP-1.  Size in bytes: 6288. Pages printed: 1. No user action is required."
Information	10/23/2019 15:53	Microsoft-Windows-PrintService	307	Printing a document	"Document 41, Print Document owned by mmajku01 on \\MESOEL06484 was printed on VLS3.60 through port UCP-1.  Size in bytes: 22480. Pages printed: 1. No user action is required."
Information	10/23/2019 16:10	Microsoft-Windows-PrintService	307	Printing a document	"Document 42, Print Document owned by mmajku01 on \\MESOEL06484 was printed on VLS3.60 through port UCP-1.  Size in bytes: 214752. Pages printed: 1. No user action is required."
Information	10/23/2019 16:40	Microsoft-Windows-PrintService	307	Printing a document	"Document 43, Print Document owned by mmajku01 on \\MESOEL06484 was printed on VLS3.60 through port UCP-1.  Size in bytes: 287248. Pages printed: 1. No user action is required."
Information	10/23/2019 16:41	Microsoft-Windows-PrintService	307	Printing a document	"Document 44, Print Document owned by mmajku01 on \\MESOEL06484 was printed on VLS3.60 through port UCP-1.  Size in bytes: 287248. Pages printed: 1. No user action is required."
Information	10/23/2019 16:48	Microsoft-Windows-PrintService	307	Printing a document	"Document 45, Print Document owned by mmajku01 on \\MESOEL06484 was printed on VLS3.60 through port UCP-1.  Size in bytes: 287248. Pages printed: 1. No user action is required."
Information	10/23/2019 16:48	Microsoft-Windows-PrintService	307	Printing a document	"Document 46, Print Document owned by mmajku01 on \\MESOEL06484 was printed on VLS3.60 through port UCP-1.  Size in bytes: 287248. Pages printed: 1. No user action is required."
Information	10/23/2019 16:49	Microsoft-Windows-PrintService	307	Printing a document	"Document 47, Print Document owned by mmajku01 on \\MESOEL06484 was printed on VLS3.60 through port UCP-1.  Size in bytes: 287248. Pages printed: 1. No user action is required."
Information	10/23/2019 16:50	Microsoft-Windows-PrintService	307	Printing a document	"Document 48, Print Document owned by mmajku01 on \\MESOEL06484 was printed on VLS3.60 through port UCP-1.  Size in bytes: 287248. Pages printed: 1. No user action is required."
Information	10/23/2019 16:51	Microsoft-Windows-PrintService	307	Printing a document	"Document 49, Print Document owned by mmajku01 on \\MESOEL06484 was printed on VLS3.60 through port UCP-1.  Size in bytes: 287248. Pages printed: 1. No user action is required."
Information	10/23/2019 17:23	Microsoft-Windows-PrintService	307	Printing a document	"Document 50, Print Document owned by mmajku01 on \\MESOEL06484 was printed on VLS3.60 through port UCP-1.  Size in bytes: 551248. Pages printed: 1. No user action is required."
Information	10/23/2019 17:24	Microsoft-Windows-PrintService	307	Printing a document	"Document 51, Print Document owned by mmajku01 on \\MESOEL06484 was printed on VLS3.60 through port UCP-1.  Size in bytes: 551248. Pages printed: 1. No user action is required."
Information	10/23/2019 17:27	Microsoft-Windows-PrintService	307	Printing a document	"Document 52, Print Document owned by mmajku01 on \\MESOEL06484 was printed on VLS3.60 through port UCP-1.  Size in bytes: 551248. Pages printed: 1. No user action is required."
Information	10/23/2019 17:39	Microsoft-Windows-PrintService	307	Printing a document	"Document 53, Print Document owned by mmajku01 on \\MESOEL06484 was printed on VLS3.60 through port UCP-1.  Size in bytes: 25432. Pages printed: 1. No user action is required."
Information	10/23/2019 17:45	Microsoft-Windows-PrintService	307	Printing a document	"Document 54, Print Document owned by mmajku01 on \\MESOEL06484 was printed on VLS3.60 through port UCP-1.  Size in bytes: 5560. Pages printed: 1. No user action is required."
Information	10/23/2019 17:54	Microsoft-Windows-PrintService	307	Printing a document	"Document 55, Print Document owned by mmajku01 on \\MESOEL06484 was printed on VLS3.60 through port UCP-1.  Size in bytes: 1720384. Pages printed: 1. No user action is required."
Information	10/23/2019 17:54	Microsoft-Windows-PrintService	307	Printing a document	"Document 56, Print Document owned by mmajku01 on \\MESOEL06484 was printed on VLS3.60 through port UCP-1.  Size in bytes: 1720384. Pages printed: 1. No user action is required."
Information	10/23/2019 18:07	Microsoft-Windows-PrintService	307	Printing a document	"Document 57, Print Document owned by mmajku01 on \\MESOEL06484 was printed on VLS3.60 through port UCP-1.  Size in bytes: 3200. Pages printed: 1. No user action is required."
Information	10/23/2019 18:12	Microsoft-Windows-PrintService	307	Printing a document	"Document 58, Print Document owned by mmajku01 on \\MESOEL06484 was printed on VLS3.60 through port UCP-1.  Size in bytes: 6288. Pages printed: 1. No user action is required."
Information	10/23/2019 18:17	Microsoft-Windows-PrintService	307	Printing a document	"Document 59, Print Document owned by mmajku01 on \\MESOEL06484 was printed on VLS3.60 through port UCP-1.  Size in bytes: 1200. Pages printed: 1. No user action is required."
Information	10/23/2019 18:19	Microsoft-Windows-PrintService	307	Printing a document	"Document 60, Print Document owned by mmajku01 on \\MESOEL06484 was printed on VLS3.60 through port UCP-1.  Size in bytes: 768. Pages printed: 1. No user action is required."
Information	10/23/2019 18:30	Microsoft-Windows-PrintService	307	Printing a document	"Document 61, Print Document owned by mmajku01 on \\MESOEL06484 was printed on VLS3.60 through port UCP-1.  Size in bytes: 5472. Pages printed: 1. No user action is required."
Information	10/23/2019 18:39	Microsoft-Windows-PrintService	307	Printing a document	"Document 62, Print Document owned by mmajku01 on \\MESOEL06484 was printed on VLS3.60 through port UCP-1.  Size in bytes: 7184. Pages printed: 1. No user action is required."
Information	10/23/2019 18:45	Microsoft-Windows-PrintService	307	Printing a document	"Document 63, Print Document owned by mmajku01 on \\MESOEL06484 was printed on VLS3.60 through port UCP-1.  Size in bytes: 4624. Pages printed: 1. No user action is required."
Information	10/23/2019 18:47	Microsoft-Windows-PrintService	307	Printing a document	"Document 64, Print Document owned by mmajku01 on \\MESOEL06484 was printed on VLS3.60 through port UCP-1.  Size in bytes: 6736. Pages printed: 1. No user action is required."
Information	10/23/2019 20:22	Microsoft-Windows-PrintService	307	Printing a document	"Document 65, Print Document owned by pmarge01 on \\MESOEL06484 was printed on VLS3.60 through port UCP-1.  Size in bytes: 53408. Pages printed: 1. No user action is required."
Information	10/23/2019 20:51	Microsoft-Windows-PrintService	307	Printing a document	"Document 66, Print Document owned by pmarge01 on \\MESOEL06484 was printed on VLS3.60 through port UCP-1.  Size in bytes: 67536. Pages printed: 1. No user action is required."
Information	10/24/2019 13:43	Microsoft-Windows-PrintService	307	Printing a document	"Document 67, Print Document owned by pmarge01 on \\MESOEL06484 was printed on VLS3.60 through port UCP-1.  Size in bytes: 12816. Pages printed: 1. No user action is required."
Information	10/24/2019 14:17	Microsoft-Windows-PrintService	307	Printing a document	"Document 68, Print Document owned by pmarge01 on \\MESOEL06484 was printed on VLS3.60 through port UCP-1.  Size in bytes: 25108. Pages printed: 1. No user action is required."
Information	10/24/2019 14:32	Microsoft-Windows-PrintService	307	Printing a document	"Document 69, Print Document owned by pmarge01 on \\MESOEL06484 was printed on VLS3.60 through port UCP-1.  Size in bytes: 6156. Pages printed: 1. No user action is required."
Information	10/24/2019 14:35	Microsoft-Windows-PrintService	307	Printing a document	"Document 70, Print Document owned by pmarge01 on \\MESOEL06484 was printed on VLS3.60 through port UCP-1.  Size in bytes: 2480. Pages printed: 1. No user action is required."
Information	10/24/2019 14:36	Microsoft-Windows-PrintService	307	Printing a document	"Document 71, Print Document owned by pmarge01 on \\MESOEL06484 was printed on VLS3.60 through port UCP-1.  Size in bytes: 2480. Pages printed: 1. No user action is required."
Information	10/24/2019 14:38	Microsoft-Windows-PrintService	307	Printing a document	"Document 72, Print Document owned by pmarge01 on \\MESOEL06484 was printed on VLS3.60 through port UCP-1.  Size in bytes: 2480. Pages printed: 1. No user action is required."
Information	10/24/2019 14:47	Microsoft-Windows-PrintService	307	Printing a document	"Document 73, Print Document owned by pmarge01 on \\MESOEL06484 was printed on VLS3.60 through port UCP-1.  Size in bytes: 4380. Pages printed: 1. No user action is required."
Information	10/24/2019 14:54	Microsoft-Windows-PrintService	307	Printing a document	"Document 74, Print Document owned by pmarge01 on \\MESOEL06484 was printed on VLS3.60 through port UCP-1.  Size in bytes: 21128. Pages printed: 1. No user action is required."
Information	10/24/2019 15:08	Microsoft-Windows-PrintService	307	Printing a document	"Document 75, Print Document owned by pmarge01 on \\MESOEL06484 was printed on VLS3.60 through port UCP-1.  Size in bytes: 4380. Pages printed: 1. No user action is required."
Information	10/24/2019 16:28	Microsoft-Windows-PrintService	307	Printing a document	"Document 76, Print Document owned by pmarge01 on \\MESOEL06484 was printed on VLS3.60 through port UCP-1.  Size in bytes: 46940. Pages printed: 1. No user action is required."
Information	10/24/2019 16:29	Microsoft-Windows-PrintService	307	Printing a document	"Document 77, Print Document owned by pmarge01 on \\MESOEL06484 was printed on VLS3.60 through port UCP-1.  Size in bytes: 29900. Pages printed: 1. No user action is required."
Information	10/24/2019 16:30	Microsoft-Windows-PrintService	307	Printing a document	"Document 78, Print Document owned by pmarge01 on \\MESOEL06484 was printed on VLS3.60 through port UCP-1.  Size in bytes: 1936. Pages printed: 1. No user action is required."
Information	10/24/2019 16:34	Microsoft-Windows-PrintService	307	Printing a document	"Document 79, Print Document owned by pmarge01 on \\MESOEL06484 was printed on VLS3.60 through port UCP-1.  Size in bytes: 17440. Pages printed: 1. No user action is required."
Information	10/24/2019 16:35	Microsoft-Windows-PrintService	307	Printing a document	"Document 80, Print Document owned by pmarge01 on \\MESOEL06484 was printed on VLS3.60 through port UCP-1.  Size in bytes: 1296. Pages printed: 1. No user action is required."
Information	10/24/2019 16:42	Microsoft-Windows-PrintService	307	Printing a document	"Document 81, Print Document owned by pmarge01 on \\MESOEL06484 was printed on VLS3.60 through port UCP-1.  Size in bytes: 18128. Pages printed: 1. No user action is required."
Information	10/24/2019 16:55	Microsoft-Windows-PrintService	307	Printing a document	"Document 82, Print Document owned by pmarge01 on \\MESOEL06484 was printed on VLS3.60 through port UCP-1.  Size in bytes: 3728. Pages printed: 1. No user action is required."
Information	10/24/2019 16:57	Microsoft-Windows-PrintService	307	Printing a document	"Document 83, Print Document owned by pmarge01 on \\MESOEL06484 was printed on VLS3.60 through port UCP-1.  Size in bytes: 2192. Pages printed: 1. No user action is required."
Information	10/24/2019 16:58	Microsoft-Windows-PrintService	307	Printing a document	"Document 84, Print Document owned by pmarge01 on \\MESOEL06484 was printed on VLS3.60 through port UCP-1.  Size in bytes: 3728. Pages printed: 1. No user action is required."
Information	10/24/2019 17:00	Microsoft-Windows-PrintService	307	Printing a document	"Document 85, Print Document owned by pmarge01 on \\MESOEL06484 was printed on VLS3.60 through port UCP-1.  Size in bytes: 2192. Pages printed: 1. No user action is required."
Information	10/24/2019 18:57	Microsoft-Windows-PrintService	307	Printing a document	"Document 86, Print Document owned by ywu15 on \\MESOEL06484 was printed on VLS3.60 through port UCP-1.  Size in bytes: 4688. Pages printed: 1. No user action is required."
Information	10/24/2019 19:04	Microsoft-Windows-PrintService	307	Printing a document	"Document 87, Print Document owned by ywu15 on \\MESOEL06484 was printed on VLS3.60 through port UCP-1.  Size in bytes: 4688. Pages printed: 1. No user action is required."
Information	10/24/2019 22:37	Microsoft-Windows-PrintService	307	Printing a document	"Document 88, Print Document owned by ywu15 on \\MESOEL06484 was printed on VLS3.60 through port UCP-1.  Size in bytes: 11156. Pages printed: 1. No user action is required."
Information	10/24/2019 22:58	Microsoft-Windows-PrintService	307	Printing a document	"Document 89, Print Document owned by ywu15 on \\MESOEL06484 was printed on VLS3.60 through port UCP-1.  Size in bytes: 2432. Pages printed: 1. No user action is required."
Information	10/24/2019 23:06	Microsoft-Windows-PrintService	307	Printing a document	"Document 90, Print Document owned by ywu15 on \\MESOEL06484 was printed on VLS3.60 through port UCP-1.  Size in bytes: 4448. Pages printed: 1. No user action is required."
Information	10/24/2019 23:24	Microsoft-Windows-PrintService	307	Printing a document	"Document 91, Print Document owned by ywu15 on \\MESOEL06484 was printed on VLS3.60 through port UCP-1.  Size in bytes: 3920. Pages printed: 1. No user action is required."
Information	10/24/2019 23:24	Microsoft-Windows-PrintService	307	Printing a document	"Document 92, Print Document owned by ywu15 on \\MESOEL06484 was printed on VLS3.60 through port UCP-1.  Size in bytes: 3920. Pages printed: 1. No user action is required."
Information	10/24/2019 23:29	Microsoft-Windows-PrintService	307	Printing a document	"Document 93, Print Document owned by ywu15 on \\MESOEL06484 was printed on VLS3.60 through port UCP-1.  Size in bytes: 7440. Pages printed: 1. No user action is required."
Information	10/25/2019 11:02	Microsoft-Windows-PrintService	307	Printing a document	"Document 94, Print Document owned by cpries02 on \\MESOEL06484 was printed on VLS3.60 through port UCP-1.  Size in bytes: 5376. Pages printed: 1. No user action is required."
Information	10/25/2019 11:54	Microsoft-Windows-PrintService	307	Printing a document	"Document 95, Print Document owned by cpries02 on \\MESOEL06484 was printed on VLS3.60 through port UCP-1.  Size in bytes: 19312. Pages printed: 1. No user action is required."
Information	10/25/2019 12:13	Microsoft-Windows-PrintService	307	Printing a document	"Document 96, Print Document owned by cpries02 on \\MESOEL06484 was printed on VLS3.60 through port UCP-1.  Size in bytes: 9816. Pages printed: 1. No user action is required."
Information	10/25/2019 12:14	Microsoft-Windows-PrintService	307	Printing a document	"Document 97, Print Document owned by cpries02 on \\MESOEL06484 was printed on VLS3.60 through port UCP-1.  Size in bytes: 19232. Pages printed: 1. No user action is required."
Information	10/25/2019 12:25	Microsoft-Windows-PrintService	307	Printing a document	"Document 98, Print Document owned by cpries02 on \\MESOEL06484 was printed on VLS3.60 through port UCP-1.  Size in bytes: 1808. Pages printed: 1. No user action is required."
Information	10/25/2019 12:28	Microsoft-Windows-PrintService	307	Printing a document	"Document 99, Print Document owned by cpries02 on \\MESOEL06484 was printed on VLS3.60 through port UCP-1.  Size in bytes: 15992. Pages printed: 1. No user action is required."
Information	10/25/2019 12:45	Microsoft-Windows-PrintService	307	Printing a document	"Document 100, Print Document owned by cpries02 on \\MESOEL06484 was printed on VLS3.60 through port UCP-1.  Size in bytes: 10260628. Pages printed: 1. No user action is required."
Information	10/25/2019 12:58	Microsoft-Windows-PrintService	307	Printing a document	"Document 101, Print Document owned by cpries02 on \\MESOEL06484 was printed on VLS3.60 through port UCP-1.  Size in bytes: 153680. Pages printed: 1. No user action is required."
Information	10/25/2019 13:13	Microsoft-Windows-PrintService	307	Printing a document	"Document 102, Print Document owned by cpries02 on \\MESOEL06484 was printed on VLS3.60 through port UCP-1.  Size in bytes: 15992. Pages printed: 1. No user action is required."
Information	10/25/2019 13:46	Microsoft-Windows-PrintService	307	Printing a document	"Document 103, Print Document owned by cpries02 on \\MESOEL06484 was printed on VLS3.60 through port UCP-1.  Size in bytes: 279856. Pages printed: 1. No user action is required."
Information	10/25/2019 14:04	Microsoft-Windows-PrintService	307	Printing a document	"Document 104, Print Document owned by cpries02 on \\MESOEL06484 was printed on VLS3.60 through port UCP-1.  Size in bytes: 282128. Pages printed: 1. No user action is required."
Information	10/25/2019 14:30	Microsoft-Windows-PrintService	307	Printing a document	"Document 105, Print Document owned by cpries02 on \\MESOEL06484 was printed on VLS3.60 through port UCP-1.  Size in bytes: 11072. Pages printed: 1. No user action is required."
Information	10/25/2019 14:42	Microsoft-Windows-PrintService	307	Printing a document	"Document 106, Print Document owned by cpries02 on \\MESOEL06484 was printed on VLS3.60 through port UCP-1.  Size in bytes: 23248. Pages printed: 1. No user action is required."
Information	10/25/2019 15:20	Microsoft-Windows-PrintService	307	Printing a document	"Document 107, Print Document owned by cpries02 on \\MESOEL06484 was printed on VLS3.60 through port UCP-1.  Size in bytes: 4816. Pages printed: 1. No user action is required."
Information	10/25/2019 15:25	Microsoft-Windows-PrintService	307	Printing a document	"Document 108, Print Document owned by cpries02 on \\MESOEL06484 was printed on VLS3.60 through port UCP-1.  Size in bytes: 4816. Pages printed: 1. No user action is required."
Information	10/25/2019 15:26	Microsoft-Windows-PrintService	307	Printing a document	"Document 109, Print Document owned by cpries02 on \\MESOEL06484 was printed on VLS3.60 through port UCP-1.  Size in bytes: 4816. Pages printed: 1. No user action is required."
Information	10/25/2019 15:30	Microsoft-Windows-PrintService	307	Printing a document	"Document 110, Print Document owned by cpries02 on \\MESOEL06484 was printed on VLS3.60 through port UCP-1.  Size in bytes: 7760. Pages printed: 1. No user action is required."
Information	10/25/2019 15:48	Microsoft-Windows-PrintService	307	Printing a document	"Document 111, Print Document owned by cpries02 on \\MESOEL06484 was printed on VLS3.60 through port UCP-1.  Size in bytes: 15240. Pages printed: 1. No user action is required."
Information	10/25/2019 15:51	Microsoft-Windows-PrintService	307	Printing a document	"Document 112, Print Document owned by cpries02 on \\MESOEL06484 was printed on VLS3.60 through port UCP-1.  Size in bytes: 14776. Pages printed: 1. No user action is required."
Information	10/25/2019 16:06	Microsoft-Windows-PrintService	307	Printing a document	"Document 113, Print Document owned by cpries02 on \\MESOEL06484 was printed on VLS3.60 through port UCP-1.  Size in bytes: 14336. Pages printed: 1. No user action is required."
Information	10/25/2019 16:07	Microsoft-Windows-PrintService	307	Printing a document	"Document 114, Print Document owned by cpries02 on \\MESOEL06484 was printed on VLS3.60 through port UCP-1.  Size in bytes: 14336. Pages printed: 1. No user action is required."
Information	10/25/2019 16:14	Microsoft-Windows-PrintService	307	Printing a document	"Document 115, Print Document owned by cpries02 on \\MESOEL06484 was printed on VLS3.60 through port UCP-1.  Size in bytes: 16024. Pages printed: 1. No user action is required."
Information	10/25/2019 16:23	Microsoft-Windows-PrintService	307	Printing a document	"Document 116, Print Document owned by cpries02 on \\MESOEL06484 was printed on VLS3.60 through port UCP-1.  Size in bytes: 16024. Pages printed: 1. No user action is required."
Information	10/25/2019 16:48	Microsoft-Windows-PrintService	307	Printing a document	"Document 117, Print Document owned by cpries02 on \\MESOEL06484 was printed on VLS3.60 through port UCP-1.  Size in bytes: 8256. Pages printed: 1. No user action is required."
Information	10/25/2019 17:00	Microsoft-Windows-PrintService	307	Printing a document	"Document 118, Print Document owned by cpries02 on \\MESOEL06484 was printed on VLS3.60 through port UCP-1.  Size in bytes: 8256. Pages printed: 1. No user action is required."
Information	10/25/2019 17:03	Microsoft-Windows-PrintService	307	Printing a document	"Document 119, Print Document owned by cpries02 on \\MESOEL06484 was printed on VLS3.60 through port UCP-1.  Size in bytes: 8256. Pages printed: 1. No user action is required."
Information	10/25/2019 17:06	Microsoft-Windows-PrintService	307	Printing a document	"Document 120, Print Document owned by cpries02 on \\MESOEL06484 was printed on VLS3.60 through port UCP-1.  Size in bytes: 1136. Pages printed: 1. No user action is required."
Information	10/25/2019 17:09	Microsoft-Windows-PrintService	307	Printing a document	"Document 121, Print Document owned by cpries02 on \\MESOEL06484 was printed on VLS3.60 through port UCP-1.  Size in bytes: 1136. Pages printed: 1. No user action is required."
Information	10/25/2019 17:20	Microsoft-Windows-PrintService	307	Printing a document	"Document 122, Print Document owned by cpries02 on \\MESOEL06484 was printed on VLS3.60 through port UCP-1.  Size in bytes: 11056. Pages printed: 1. No user action is required."
Information	10/25/2019 17:26	Microsoft-Windows-PrintService	307	Printing a document	"Document 123, Print Document owned by cpries02 on \\MESOEL06484 was printed on VLS3.60 through port UCP-1.  Size in bytes: 1648. Pages printed: 1. No user action is required."
Information	10/25/2019 17:53	Microsoft-Windows-PrintService	307	Printing a document	"Document 124, Print Document owned by cpries02 on \\MESOEL06484 was printed on VLS3.60 through port UCP-1.  Size in bytes: 34048. Pages printed: 1. No user action is required."
Information	10/25/2019 17:55	Microsoft-Windows-PrintService	307	Printing a document	"Document 125, Print Document owned by cpries02 on \\MESOEL06484 was printed on VLS3.60 through port UCP-1.  Size in bytes: 34048. Pages printed: 1. No user action is required."
Information	10/25/2019 18:18	Microsoft-Windows-PrintService	307	Printing a document	"Document 126, Print Document owned by cpries02 on \\MESOEL06484 was printed on VLS3.60 through port UCP-1.  Size in bytes: 9264. Pages printed: 1. No user action is required."
Information	10/25/2019 18:48	Microsoft-Windows-PrintService	307	Printing a document	"Document 127, Print Document owned by cpries02 on \\MESOEL06484 was printed on VLS3.60 through port UCP-1.  Size in bytes: 13056. Pages printed: 2. No user action is required."
Information	10/25/2019 18:49	Microsoft-Windows-PrintService	307	Printing a document	"Document 128, Print Document owned by cpries02 on \\MESOEL06484 was printed on VLS3.60 through port UCP-1.  Size in bytes: 13056. Pages printed: 2. No user action is required."
Information	10/25/2019 18:49	Microsoft-Windows-PrintService	307	Printing a document	"Document 129, Print Document owned by cpries02 on \\MESOEL06484 was printed on VLS3.60 through port UCP-1.  Size in bytes: 5744. Pages printed: 1. No user action is required."
Information	10/25/2019 18:54	Microsoft-Windows-PrintService	307	Printing a document	"Document 130, Print Document owned by cpries02 on \\MESOEL06484 was printed on VLS3.60 through port UCP-1.  Size in bytes: 5448. Pages printed: 1. No user action is required."
Information	10/25/2019 20:14	Microsoft-Windows-PrintService	307	Printing a document	"Document 131, Print Document owned by cpries02 on \\MESOEL06484 was printed on VLS3.60 through port UCP-1.  Size in bytes: 43968. Pages printed: 1. No user action is required."
Information	10/26/2019 10:39	Microsoft-Windows-PrintService	307	Printing a document	"Document 132, Print Document owned by ywu15 on \\MESOEL06484 was printed on VLS3.60 through port UCP-1.  Size in bytes: 23532. Pages printed: 1. No user action is required."
Information	10/26/2019 10:43	Microsoft-Windows-PrintService	307	Printing a document	"Document 133, Print Document owned by ywu15 on \\MESOEL06484 was printed on VLS3.60 through port UCP-1.  Size in bytes: 23532. Pages printed: 1. No user action is required."
Information	10/26/2019 10:52	Microsoft-Windows-PrintService	307	Printing a document	"Document 134, Print Document owned by ywu15 on \\MESOEL06484 was printed on VLS3.60 through port UCP-1.  Size in bytes: 3880. Pages printed: 1. No user action is required."
Information	10/26/2019 10:53	Microsoft-Windows-PrintService	307	Printing a document	"Document 135, Print Document owned by ywu15 on \\MESOEL06484 was printed on VLS3.60 through port UCP-1.  Size in bytes: 4144. Pages printed: 1. No user action is required."
Information	10/26/2019 10:54	Microsoft-Windows-PrintService	307	Printing a document	"Document 136, Print Document owned by ywu15 on \\MESOEL06484 was printed on VLS3.60 through port UCP-1.  Size in bytes: 7384. Pages printed: 1. No user action is required."
Information	10/26/2019 11:07	Microsoft-Windows-PrintService	307	Printing a document	"Document 137, Print Document owned by mrosen19 on \\MESOEL06484 was printed on VLS3.60 through port UCP-1.  Size in bytes: 4984. Pages printed: 1. No user action is required."
Information	10/26/2019 11:17	Microsoft-Windows-PrintService	307	Printing a document	"Document 138, Print Document owned by mrosen19 on \\MESOEL06484 was printed on VLS3.60 through port UCP-1.  Size in bytes: 124876. Pages printed: 1. No user action is required."
Information	10/26/2019 11:21	Microsoft-Windows-PrintService	307	Printing a document	"Document 139, Print Document owned by mrosen19 on \\MESOEL06484 was printed on VLS3.60 through port UCP-1.  Size in bytes: 62856. Pages printed: 1. No user action is required."
Information	10/26/2019 11:43	Microsoft-Windows-PrintService	307	Printing a document	"Document 140, Print Document owned by mrosen19 on \\MESOEL06484 was printed on VLS3.60 through port UCP-1.  Size in bytes: 1112800. Pages printed: 1. No user action is required."
Information	10/26/2019 11:43	Microsoft-Windows-PrintService	307	Printing a document	"Document 141, Print Document owned by mrosen19 on \\MESOEL06484 was printed on VLS3.60 through port UCP-1.  Size in bytes: 1112800. Pages printed: 1. No user action is required."
Information	10/26/2019 11:44	Microsoft-Windows-PrintService	307	Printing a document	"Document 142, Print Document owned by mrosen19 on \\MESOEL06484 was printed on VLS3.60 through port UCP-1.  Size in bytes: 1121180. Pages printed: 1. No user action is required."
Information	10/26/2019 12:22	Microsoft-Windows-PrintService	307	Printing a document	"Document 143, Print Document owned by mrosen19 on \\MESOEL06484 was printed on VLS3.60 through port UCP-1.  Size in bytes: 20868. Pages printed: 1. No user action is required."
Information	10/26/2019 13:24	Microsoft-Windows-PrintService	307	Printing a document	"Document 144, Print Document owned by mrosen19 on \\MESOEL06484 was printed on VLS3.60 through port UCP-1.  Size in bytes: 156852. Pages printed: 1. No user action is required."
Information	10/26/2019 13:25	Microsoft-Windows-PrintService	307	Printing a document	"Document 145, Print Document owned by mrosen19 on \\MESOEL06484 was printed on VLS3.60 through port UCP-1.  Size in bytes: 156852. Pages printed: 1. No user action is required."
Information	10/26/2019 13:49	Microsoft-Windows-PrintService	307	Printing a document	"Document 146, Print Document owned by mrosen19 on \\MESOEL06484 was printed on VLS3.60 through port UCP-1.  Size in bytes: 3972. Pages printed: 1. No user action is required."
Information	10/26/2019 13:50	Microsoft-Windows-PrintService	307	Printing a document	"Document 147, Print Document owned by mrosen19 on \\MESOEL06484 was printed on VLS3.60 through port UCP-1.  Size in bytes: 12296. Pages printed: 1. No user action is required."
Information	10/26/2019 14:01	Microsoft-Windows-PrintService	307	Printing a document	"Document 148, Print Document owned by mrosen19 on \\MESOEL06484 was printed on VLS3.60 through port UCP-1.  Size in bytes: 15844. Pages printed: 1. No user action is required."
Information	10/26/2019 14:03	Microsoft-Windows-PrintService	307	Printing a document	"Document 149, Print Document owned by mrosen19 on \\MESOEL06484 was printed on VLS3.60 through port UCP-1.  Size in bytes: 15596. Pages printed: 1. No user action is required."
Information	10/26/2019 14:04	Microsoft-Windows-PrintService	307	Printing a document	"Document 150, Print Document owned by mrosen19 on \\MESOEL06484 was printed on VLS3.60 through port UCP-1.  Size in bytes: 15596. Pages printed: 1. No user action is required."
Information	10/26/2019 14:19	Microsoft-Windows-PrintService	307	Printing a document	"Document 151, Print Document owned by mrosen19 on \\MESOEL06484 was printed on VLS3.60 through port UCP-1.  Size in bytes: 13316. Pages printed: 1. No user action is required."
Information	10/26/2019 14:21	Microsoft-Windows-PrintService	307	Printing a document	"Document 152, Print Document owned by mrosen19 on \\MESOEL06484 was printed on VLS3.60 through port UCP-1.  Size in bytes: 14980. Pages printed: 1. No user action is required."
Information	10/26/2019 14:21	Microsoft-Windows-PrintService	307	Printing a document	"Document 153, Print Document owned by mrosen19 on \\MESOEL06484 was printed on VLS3.60 through port UCP-1.  Size in bytes: 14484. Pages printed: 1. No user action is required."
Information	10/26/2019 14:24	Microsoft-Windows-PrintService	307	Printing a document	"Document 154, Print Document owned by mrosen19 on \\MESOEL06484 was printed on VLS3.60 through port UCP-1.  Size in bytes: 14484. Pages printed: 1. No user action is required."
Information	10/26/2019 15:04	Microsoft-Windows-PrintService	307	Printing a document	"Document 155, Print Document owned by mrosen19 on \\MESOEL06484 was printed on VLS3.60 through port UCP-1.  Size in bytes: 912. Pages printed: 1. No user action is required."
Information	10/26/2019 15:07	Microsoft-Windows-PrintService	307	Printing a document	"Document 156, Print Document owned by mrosen19 on \\MESOEL06484 was printed on VLS3.60 through port UCP-1.  Size in bytes: 912. Pages printed: 1. No user action is required."
Information	10/26/2019 15:20	Microsoft-Windows-PrintService	307	Printing a document	"Document 157, Print Document owned by mrosen19 on \\MESOEL06484 was printed on VLS3.60 through port UCP-1.  Size in bytes: 784. Pages printed: 1. No user action is required."
Information	10/26/2019 15:21	Microsoft-Windows-PrintService	307	Printing a document	"Document 158, Print Document owned by mrosen19 on \\MESOEL06484 was printed on VLS3.60 through port UCP-1.  Size in bytes: 656. Pages printed: 1. No user action is required."
Information	10/26/2019 15:39	Microsoft-Windows-PrintService	307	Printing a document	"Document 159, Print Document owned by mrosen19 on \\MESOEL06484 was printed on VLS3.60 through port UCP-1.  Size in bytes: 25136. Pages printed: 1. No user action is required."
Information	10/26/2019 16:05	Microsoft-Windows-PrintService	307	Printing a document	"Document 160, Print Document owned by mrosen19 on \\MESOEL06484 was printed on VLS3.60 through port UCP-1.  Size in bytes: 7856. Pages printed: 1. No user action is required."
Information	10/26/2019 16:06	Microsoft-Windows-PrintService	307	Printing a document	"Document 161, Print Document owned by mrosen19 on \\MESOEL06484 was printed on VLS3.60 through port UCP-1.  Size in bytes: 7856. Pages printed: 1. No user action is required."
Information	10/26/2019 16:31	Microsoft-Windows-PrintService	307	Printing a document	"Document 162, Print Document owned by mrosen19 on \\MESOEL06484 was printed on VLS3.60 through port UCP-1.  Size in bytes: 5744. Pages printed: 1. No user action is required."
Information	10/26/2019 16:56	Microsoft-Windows-PrintService	307	Printing a document	"Document 163, Print Document owned by mrosen19 on \\MESOEL06484 was printed on VLS3.60 through port UCP-1.  Size in bytes: 16240. Pages printed: 1. No user action is required."
Information	10/26/2019 17:24	Microsoft-Windows-PrintService	307	Printing a document	"Document 164, Print Document owned by mrosen19 on \\MESOEL06484 was printed on VLS3.60 through port UCP-1.  Size in bytes: 3568. Pages printed: 1. No user action is required."
Information	10/26/2019 17:31	Microsoft-Windows-PrintService	307	Printing a document	"Document 165, Print Document owned by mrosen19 on \\MESOEL06484 was printed on VLS3.60 through port UCP-1.  Size in bytes: 8592. Pages printed: 1. No user action is required."
Information	10/26/2019 17:44	Microsoft-Windows-PrintService	307	Printing a document	"Document 166, Print Document owned by mrosen19 on \\MESOEL06484 was printed on VLS3.60 through port UCP-1.  Size in bytes: 13712. Pages printed: 1. No user action is required."
Information	10/26/2019 17:57	Microsoft-Windows-PrintService	307	Printing a document	"Document 167, Print Document owned by mrosen19 on \\MESOEL06484 was printed on VLS3.60 through port UCP-1.  Size in bytes: 6800. Pages printed: 1. No user action is required."
Information	10/26/2019 18:00	Microsoft-Windows-PrintService	307	Printing a document	"Document 168, Print Document owned by mrosen19 on \\MESOEL06484 was printed on VLS3.60 through port UCP-1.  Size in bytes: 2320. Pages printed: 1. No user action is required."
Information	10/26/2019 18:01	Microsoft-Windows-PrintService	307	Printing a document	"Document 169, Print Document owned by mrosen19 on \\MESOEL06484 was printed on VLS3.60 through port UCP-1.  Size in bytes: 2320. Pages printed: 1. No user action is required."
Information	10/27/2019 19:56	Microsoft-Windows-PrintService	307	Printing a document	"Document 2, Print Document owned by jsorsc01 on \\MESOEL06484 was printed on VLS3.60 through port UCP-1.  Size in bytes: 3766592. Pages printed: 1. No user action is required."
Information	10/27/2019 20:12	Microsoft-Windows-PrintService	307	Printing a document	"Document 3, Print Document owned by jsorsc01 on \\MESOEL06484 was printed on VLS3.60 through port UCP-1.  Size in bytes: 921592. Pages printed: 1. No user action is required."
Information	10/27/2019 20:14	Microsoft-Windows-PrintService	307	Printing a document	"Document 4, Print Document owned by jsorsc01 on \\MESOEL06484 was printed on VLS3.60 through port UCP-1.  Size in bytes: 920856. Pages printed: 1. No user action is required."
Information	10/27/2019 20:17	Microsoft-Windows-PrintService	307	Printing a document	"Document 5, Print Document owned by jsorsc01 on \\MESOEL06484 was printed on VLS3.60 through port UCP-1.  Size in bytes: 203912. Pages printed: 1. No user action is required."
