Information	3/2/2020 17:26	Microsoft-Windows-PrintService	307	Printing a document	"Document 132, Print Document owned by lpavlo01 on \\MESOEL06484 was printed on VLS3.60 through port UCP-1.  Size in bytes: 1552. Pages printed: 1. No user action is required."
Information	3/2/2020 18:02	Microsoft-Windows-PrintService	307	Printing a document	"Document 133, Print Document owned by lpavlo01 on \\MESOEL06484 was printed on VLS3.60 through port UCP-1.  Size in bytes: 1104. Pages printed: 1. No user action is required."
Information	3/2/2020 18:25	Microsoft-Windows-PrintService	307	Printing a document	"Document 134, Print Document owned by lpavlo01 on \\MESOEL06484 was printed on VLS3.60 through port UCP-1.  Size in bytes: 2976. Pages printed: 1. No user action is required."
Information	3/2/2020 18:36	Microsoft-Windows-PrintService	307	Printing a document	"Document 135, Print Document owned by lpavlo01 on \\MESOEL06484 was printed on VLS3.60 through port UCP-1.  Size in bytes: 8992. Pages printed: 1. No user action is required."
Information	3/2/2020 18:42	Microsoft-Windows-PrintService	307	Printing a document	"Document 136, Print Document owned by lpavlo01 on \\MESOEL06484 was printed on VLS3.60 through port UCP-1.  Size in bytes: 5248. Pages printed: 1. No user action is required."
Information	3/2/2020 18:46	Microsoft-Windows-PrintService	307	Printing a document	"Document 137, Print Document owned by lpavlo01 on \\MESOEL06484 was printed on VLS3.60 through port UCP-1.  Size in bytes: 2056. Pages printed: 1. No user action is required."
Information	3/2/2020 18:47	Microsoft-Windows-PrintService	307	Printing a document	"Document 138, Print Document owned by lpavlo01 on \\MESOEL06484 was printed on VLS3.60 through port UCP-1.  Size in bytes: 2976. Pages printed: 1. No user action is required."
Information	3/2/2020 18:47	Microsoft-Windows-PrintService	307	Printing a document	"Document 139, Print Document owned by lpavlo01 on \\MESOEL06484 was printed on VLS3.60 through port UCP-1.  Size in bytes: 2056. Pages printed: 1. No user action is required."
Information	3/2/2020 18:48	Microsoft-Windows-PrintService	307	Printing a document	"Document 140, Print Document owned by lpavlo01 on \\MESOEL06484 was printed on VLS3.60 through port UCP-1.  Size in bytes: 2976. Pages printed: 1. No user action is required."
Information	3/2/2020 18:49	Microsoft-Windows-PrintService	307	Printing a document	"Document 141, Print Document owned by lpavlo01 on \\MESOEL06484 was printed on VLS3.60 through port UCP-1.  Size in bytes: 2056. Pages printed: 1. No user action is required."
Information	3/2/2020 18:50	Microsoft-Windows-PrintService	307	Printing a document	"Document 142, Print Document owned by lpavlo01 on \\MESOEL06484 was printed on VLS3.60 through port UCP-1.  Size in bytes: 2976. Pages printed: 1. No user action is required."
Information	3/2/2020 19:23	Microsoft-Windows-PrintService	307	Printing a document	"Document 143, Print Document owned by lpavlo01 on \\MESOEL06484 was printed on VLS3.60 through port UCP-1.  Size in bytes: 4816. Pages printed: 1. No user action is required."
Information	3/2/2020 20:04	Microsoft-Windows-PrintService	307	Printing a document	"Document 144, Print Document owned by lpavlo01 on \\MESOEL06484 was printed on VLS3.60 through port UCP-1.  Size in bytes: 34440. Pages printed: 1. No user action is required."
Information	3/2/2020 20:12	Microsoft-Windows-PrintService	307	Printing a document	"Document 145, Print Document owned by lpavlo01 on \\MESOEL06484 was printed on VLS3.60 through port UCP-1.  Size in bytes: 68296. Pages printed: 1. No user action is required."
Information	3/2/2020 20:19	Microsoft-Windows-PrintService	307	Printing a document	"Document 146, Print Document owned by lpavlo01 on \\MESOEL06484 was printed on VLS3.60 through port UCP-1.  Size in bytes: 11232. Pages printed: 1. No user action is required."
Information	3/2/2020 20:24	Microsoft-Windows-PrintService	307	Printing a document	"Document 147, Print Document owned by lpavlo01 on \\MESOEL06484 was printed on VLS3.60 through port UCP-1.  Size in bytes: 67928. Pages printed: 1. No user action is required."
Information	3/2/2020 20:30	Microsoft-Windows-PrintService	307	Printing a document	"Document 148, Print Document owned by lpavlo01 on \\MESOEL06484 was printed on VLS3.60 through port UCP-1.  Size in bytes: 67928. Pages printed: 1. No user action is required."
Information	3/2/2020 20:39	Microsoft-Windows-PrintService	307	Printing a document	"Document 149, Print Document owned by lpavlo01 on \\MESOEL06484 was printed on VLS3.60 through port UCP-1.  Size in bytes: 67928. Pages printed: 1. No user action is required."
Information	3/2/2020 21:03	Microsoft-Windows-PrintService	307	Printing a document	"Document 150, Print Document owned by lpavlo01 on \\MESOEL06484 was printed on VLS3.60 through port UCP-1.  Size in bytes: 1008. Pages printed: 1. No user action is required."
Information	3/2/2020 21:09	Microsoft-Windows-PrintService	307	Printing a document	"Document 151, Print Document owned by lpavlo01 on \\MESOEL06484 was printed on VLS3.60 through port UCP-1.  Size in bytes: 1008. Pages printed: 1. No user action is required."
Information	3/2/2020 21:10	Microsoft-Windows-PrintService	307	Printing a document	"Document 152, Print Document owned by lpavlo01 on \\MESOEL06484 was printed on VLS3.60 through port UCP-1.  Size in bytes: 1008. Pages printed: 1. No user action is required."
Information	3/2/2020 21:51	Microsoft-Windows-PrintService	307	Printing a document	"Document 153, Print Document owned by lpavlo01 on \\MESOEL06484 was printed on VLS3.60 through port UCP-1.  Size in bytes: 1504. Pages printed: 1. No user action is required."
Information	3/2/2020 21:56	Microsoft-Windows-PrintService	307	Printing a document	"Document 154, Print Document owned by lpavlo01 on \\MESOEL06484 was printed on VLS3.60 through port UCP-1.  Size in bytes: 1504. Pages printed: 1. No user action is required."
Information	3/2/2020 22:36	Microsoft-Windows-PrintService	307	Printing a document	"Document 155, Print Document owned by lpavlo01 on \\MESOEL06484 was printed on VLS3.60 through port UCP-1.  Size in bytes: 3856. Pages printed: 1. No user action is required."
Information	3/2/2020 22:38	Microsoft-Windows-PrintService	307	Printing a document	"Document 156, Print Document owned by lpavlo01 on \\MESOEL06484 was printed on VLS3.60 through port UCP-1.  Size in bytes: 2128. Pages printed: 1. No user action is required."
Information	3/2/2020 22:43	Microsoft-Windows-PrintService	307	Printing a document	"Document 157, Print Document owned by lpavlo01 on \\MESOEL06484 was printed on VLS3.60 through port UCP-1.  Size in bytes: 11232. Pages printed: 1. No user action is required."
Information	3/3/2020 10:29	Microsoft-Windows-PrintService	307	Printing a document	"Document 158, Print Document owned by lpavlo01 on \\MESOEL06484 was printed on VLS3.60 through port UCP-1.  Size in bytes: 2976. Pages printed: 1. No user action is required."
Information	3/3/2020 11:52	Microsoft-Windows-PrintService	307	Printing a document	"Document 159, Print Document owned by lpavlo01 on \\MESOEL06484 was printed on VLS3.60 through port UCP-1.  Size in bytes: 2720. Pages printed: 1. No user action is required."
Information	3/3/2020 11:55	Microsoft-Windows-PrintService	307	Printing a document	"Document 160, Print Document owned by lpavlo01 on \\MESOEL06484 was printed on VLS3.60 through port UCP-1.  Size in bytes: 1504. Pages printed: 1. No user action is required."
Information	3/3/2020 11:56	Microsoft-Windows-PrintService	307	Printing a document	"Document 161, Print Document owned by lpavlo01 on \\MESOEL06484 was printed on VLS3.60 through port UCP-1.  Size in bytes: 1504. Pages printed: 1. No user action is required."
Information	3/3/2020 14:14	Microsoft-Windows-PrintService	307	Printing a document	"Document 162, Print Document owned by lpavlo01 on \\MESOEL06484 was printed on VLS3.60 through port UCP-1.  Size in bytes: 29120. Pages printed: 1. No user action is required."
Information	3/3/2020 14:31	Microsoft-Windows-PrintService	307	Printing a document	"Document 163, Print Document owned by lpavlo01 on \\MESOEL06484 was printed on VLS3.60 through port UCP-1.  Size in bytes: 129248. Pages printed: 1. No user action is required."
Information	3/3/2020 14:52	Microsoft-Windows-PrintService	307	Printing a document	"Document 164, Print Document owned by lpavlo01 on \\MESOEL06484 was printed on VLS3.60 through port UCP-1.  Size in bytes: 109296. Pages printed: 1. No user action is required."
Information	3/3/2020 14:53	Microsoft-Windows-PrintService	307	Printing a document	"Document 165, Print Document owned by lpavlo01 on \\MESOEL06484 was printed on VLS3.60 through port UCP-1.  Size in bytes: 109296. Pages printed: 1. No user action is required."
Information	3/3/2020 15:08	Microsoft-Windows-PrintService	307	Printing a document	"Document 166, Print Document owned by lpavlo01 on \\MESOEL06484 was printed on VLS3.60 through port UCP-1.  Size in bytes: 9568. Pages printed: 1. No user action is required."
Information	3/3/2020 15:13	Microsoft-Windows-PrintService	307	Printing a document	"Document 167, Print Document owned by lpavlo01 on \\MESOEL06484 was printed on VLS3.60 through port UCP-1.  Size in bytes: 1984. Pages printed: 1. No user action is required."
Information	3/3/2020 15:40	Microsoft-Windows-PrintService	307	Printing a document	"Document 168, Print Document owned by lpavlo01 on \\MESOEL06484 was printed on VLS3.60 through port UCP-1.  Size in bytes: 299268. Pages printed: 1. No user action is required."
Information	3/3/2020 18:48	Microsoft-Windows-PrintService	307	Printing a document	"Document 169, Print Document owned by lpavlo01 on \\MESOEL06484 was printed on VLS3.60 through port UCP-1.  Size in bytes: 4624. Pages printed: 1. No user action is required."
Information	3/3/2020 19:08	Microsoft-Windows-PrintService	307	Printing a document	"Document 170, Print Document owned by lpavlo01 on \\MESOEL06484 was printed on VLS3.60 through port UCP-1.  Size in bytes: 26504. Pages printed: 1. No user action is required."
Information	3/3/2020 19:10	Microsoft-Windows-PrintService	307	Printing a document	"Document 171, Print Document owned by lpavlo01 on \\MESOEL06484 was printed on VLS3.60 through port UCP-1.  Size in bytes: 26504. Pages printed: 1. No user action is required."
Information	3/3/2020 19:27	Microsoft-Windows-PrintService	307	Printing a document	"Document 172, Print Document owned by lpavlo01 on \\MESOEL06484 was printed on VLS3.60 through port UCP-1.  Size in bytes: 22384. Pages printed: 1. No user action is required."
Information	3/3/2020 20:13	Microsoft-Windows-PrintService	307	Printing a document	"Document 173, Print Document owned by lpavlo01 on \\MESOEL06484 was printed on VLS3.60 through port UCP-1.  Size in bytes: 14312. Pages printed: 1. No user action is required."
Information	3/3/2020 20:36	Microsoft-Windows-PrintService	307	Printing a document	"Document 174, Print Document owned by lpavlo01 on \\MESOEL06484 was printed on VLS3.60 through port UCP-1.  Size in bytes: 15800. Pages printed: 1. No user action is required."
Information	3/3/2020 20:37	Microsoft-Windows-PrintService	307	Printing a document	"Document 175, Print Document owned by lpavlo01 on \\MESOEL06484 was printed on VLS3.60 through port UCP-1.  Size in bytes: 7080. Pages printed: 1. No user action is required."
Information	3/3/2020 20:44	Microsoft-Windows-PrintService	307	Printing a document	"Document 176, Print Document owned by lpavlo01 on \\MESOEL06484 was printed on VLS3.60 through port UCP-1.  Size in bytes: 15800. Pages printed: 1. No user action is required."
Information	3/3/2020 22:00	Microsoft-Windows-PrintService	307	Printing a document	"Document 177, Print Document owned by lpavlo01 on \\MESOEL06484 was printed on VLS3.60 through port UCP-1.  Size in bytes: 4400. Pages printed: 1. No user action is required."
Information	3/3/2020 22:04	Microsoft-Windows-PrintService	307	Printing a document	"Document 178, Print Document owned by lpavlo01 on \\MESOEL06484 was printed on VLS3.60 through port UCP-1.  Size in bytes: 3712. Pages printed: 1. No user action is required."
Information	3/4/2020 10:36	Microsoft-Windows-PrintService	307	Printing a document	"Document 179, Print Document owned by lpavlo01 on \\MESOEL06484 was printed on VLS3.60 through port UCP-1.  Size in bytes: 1920896. Pages printed: 1. No user action is required."
Information	3/4/2020 10:39	Microsoft-Windows-PrintService	307	Printing a document	"Document 180, Print Document owned by lpavlo01 on \\MESOEL06484 was printed on VLS3.60 through port UCP-1.  Size in bytes: 1920896. Pages printed: 1. No user action is required."
Information	3/4/2020 10:40	Microsoft-Windows-PrintService	307	Printing a document	"Document 181, Print Document owned by lpavlo01 on \\MESOEL06484 was printed on VLS3.60 through port UCP-1.  Size in bytes: 1920896. Pages printed: 1. No user action is required."
Information	3/4/2020 10:40	Microsoft-Windows-PrintService	307	Printing a document	"Document 182, Print Document owned by lpavlo01 on \\MESOEL06484 was printed on VLS3.60 through port UCP-1.  Size in bytes: 1920896. Pages printed: 1. No user action is required."
Information	3/4/2020 10:42	Microsoft-Windows-PrintService	307	Printing a document	"Document 183, Print Document owned by lpavlo01 on \\MESOEL06484 was printed on VLS3.60 through port UCP-1.  Size in bytes: 1920896. Pages printed: 1. No user action is required."
Information	3/4/2020 12:24	Microsoft-Windows-PrintService	307	Printing a document	"Document 184, Print Document owned by lpavlo01 on \\MESOEL06484 was printed on VLS3.60 through port UCP-1.  Size in bytes: 1104. Pages printed: 1. No user action is required."
Information	3/4/2020 13:55	Microsoft-Windows-PrintService	307	Printing a document	"Document 185, Print Document owned by lpavlo01 on \\MESOEL06484 was printed on VLS3.60 through port UCP-1.  Size in bytes: 82992. Pages printed: 1. No user action is required."
Information	3/4/2020 13:59	Microsoft-Windows-PrintService	307	Printing a document	"Document 186, Print Document owned by lpavlo01 on \\MESOEL06484 was printed on VLS3.60 through port UCP-1.  Size in bytes: 111896. Pages printed: 1. No user action is required."
Information	3/4/2020 14:51	Microsoft-Windows-PrintService	307	Printing a document	"Document 187, Print Document owned by lpavlo01 on \\MESOEL06484 was printed on VLS3.60 through port UCP-1.  Size in bytes: 1644. Pages printed: 1. No user action is required."
Information	3/4/2020 14:55	Microsoft-Windows-PrintService	307	Printing a document	"Document 188, Print Document owned by lpavlo01 on \\MESOEL06484 was printed on VLS3.60 through port UCP-1.  Size in bytes: 1232. Pages printed: 1. No user action is required."
Information	3/4/2020 14:56	Microsoft-Windows-PrintService	307	Printing a document	"Document 189, Print Document owned by lpavlo01 on \\MESOEL06484 was printed on VLS3.60 through port UCP-1.  Size in bytes: 1232. Pages printed: 1. No user action is required."
Information	3/4/2020 15:02	Microsoft-Windows-PrintService	307	Printing a document	"Document 190, Print Document owned by lpavlo01 on \\MESOEL06484 was printed on VLS3.60 through port UCP-1.  Size in bytes: 1232. Pages printed: 1. No user action is required."
Information	3/4/2020 15:14	Microsoft-Windows-PrintService	307	Printing a document	"Document 191, Print Document owned by lpavlo01 on \\MESOEL06484 was printed on VLS3.60 through port UCP-1.  Size in bytes: 1104. Pages printed: 1. No user action is required."
Information	3/4/2020 15:34	Microsoft-Windows-PrintService	307	Printing a document	"Document 192, Print Document owned by lpavlo01 on \\MESOEL06484 was printed on VLS3.60 through port UCP-1.  Size in bytes: 48676. Pages printed: 1. No user action is required."
Information	3/4/2020 15:35	Microsoft-Windows-PrintService	307	Printing a document	"Document 193, Print Document owned by lpavlo01 on \\MESOEL06484 was printed on VLS3.60 through port UCP-1.  Size in bytes: 48676. Pages printed: 1. No user action is required."
Information	3/4/2020 15:36	Microsoft-Windows-PrintService	307	Printing a document	"Document 194, Print Document owned by lpavlo01 on \\MESOEL06484 was printed on VLS3.60 through port UCP-1.  Size in bytes: 48420. Pages printed: 1. No user action is required."
Information	3/4/2020 15:36	Microsoft-Windows-PrintService	307	Printing a document	"Document 195, Print Document owned by lpavlo01 on \\MESOEL06484 was printed on VLS3.60 through port UCP-1.  Size in bytes: 48604. Pages printed: 1. No user action is required."
Information	3/4/2020 16:37	Microsoft-Windows-PrintService	307	Printing a document	"Document 196, Print Document owned by lpavlo01 on \\MESOEL06484 was printed on VLS3.60 through port UCP-1.  Size in bytes: 2296. Pages printed: 1. No user action is required."
Information	3/4/2020 16:46	Microsoft-Windows-PrintService	307	Printing a document	"Document 197, Print Document owned by lpavlo01 on \\MESOEL06484 was printed on VLS3.60 through port UCP-1.  Size in bytes: 2888. Pages printed: 1. No user action is required."
Information	3/4/2020 16:55	Microsoft-Windows-PrintService	307	Printing a document	"Document 198, Print Document owned by lpavlo01 on \\MESOEL06484 was printed on VLS3.60 through port UCP-1.  Size in bytes: 35776. Pages printed: 1. No user action is required."
Information	3/4/2020 17:13	Microsoft-Windows-PrintService	307	Printing a document	"Document 199, Print Document owned by lpavlo01 on \\MESOEL06484 was printed on VLS3.60 through port UCP-1.  Size in bytes: 4816. Pages printed: 1. No user action is required."
Information	3/4/2020 17:20	Microsoft-Windows-PrintService	307	Printing a document	"Document 200, Print Document owned by lpavlo01 on \\MESOEL06484 was printed on VLS3.60 through port UCP-1.  Size in bytes: 953036. Pages printed: 1. No user action is required."
Information	3/4/2020 18:26	Microsoft-Windows-PrintService	307	Printing a document	"Document 201, Print Document owned by lpavlo01 on \\MESOEL06484 was printed on VLS3.60 through port UCP-1.  Size in bytes: 12400. Pages printed: 1. No user action is required."
Information	3/4/2020 18:27	Microsoft-Windows-PrintService	307	Printing a document	"Document 202, Print Document owned by lpavlo01 on \\MESOEL06484 was printed on VLS3.60 through port UCP-1.  Size in bytes: 123624. Pages printed: 1. No user action is required."
Information	3/4/2020 18:50	Microsoft-Windows-PrintService	307	Printing a document	"Document 203, Print Document owned by lpavlo01 on \\MESOEL06484 was printed on VLS3.60 through port UCP-1.  Size in bytes: 7424. Pages printed: 1. No user action is required."
Information	3/4/2020 18:54	Microsoft-Windows-PrintService	307	Printing a document	"Document 204, Print Document owned by lpavlo01 on \\MESOEL06484 was printed on VLS3.60 through port UCP-1.  Size in bytes: 4080. Pages printed: 1. No user action is required."
Information	3/4/2020 20:02	Microsoft-Windows-PrintService	307	Printing a document	"Document 205, Print Document owned by lpavlo01 on \\MESOEL06484 was printed on VLS3.60 through port UCP-1.  Size in bytes: 2320. Pages printed: 1. No user action is required."
Information	3/4/2020 20:05	Microsoft-Windows-PrintService	307	Printing a document	"Document 206, Print Document owned by lpavlo01 on \\MESOEL06484 was printed on VLS3.60 through port UCP-1.  Size in bytes: 1936. Pages printed: 1. No user action is required."
Information	3/4/2020 20:14	Microsoft-Windows-PrintService	307	Printing a document	"Document 207, Print Document owned by lpavlo01 on \\MESOEL06484 was printed on VLS3.60 through port UCP-1.  Size in bytes: 3152. Pages printed: 1. No user action is required."
Information	3/4/2020 20:18	Microsoft-Windows-PrintService	307	Printing a document	"Document 208, Print Document owned by lpavlo01 on \\MESOEL06484 was printed on VLS3.60 through port UCP-1.  Size in bytes: 9776. Pages printed: 1. No user action is required."
Information	3/4/2020 20:19	Microsoft-Windows-PrintService	307	Printing a document	"Document 209, Print Document owned by lpavlo01 on \\MESOEL06484 was printed on VLS3.60 through port UCP-1.  Size in bytes: 9776. Pages printed: 1. No user action is required."
Information	3/4/2020 20:25	Microsoft-Windows-PrintService	307	Printing a document	"Document 210, Print Document owned by lpavlo01 on \\MESOEL06484 was printed on VLS3.60 through port UCP-1.  Size in bytes: 9776. Pages printed: 1. No user action is required."
Information	3/4/2020 20:33	Microsoft-Windows-PrintService	307	Printing a document	"Document 211, Print Document owned by lpavlo01 on \\MESOEL06484 was printed on VLS3.60 through port UCP-1.  Size in bytes: 2720. Pages printed: 1. No user action is required."
Information	3/4/2020 20:39	Microsoft-Windows-PrintService	307	Printing a document	"Document 212, Print Document owned by lpavlo01 on \\MESOEL06484 was printed on VLS3.60 through port UCP-1.  Size in bytes: 17584. Pages printed: 1. No user action is required."
Information	3/4/2020 20:40	Microsoft-Windows-PrintService	307	Printing a document	"Document 213, Print Document owned by lpavlo01 on \\MESOEL06484 was printed on VLS3.60 through port UCP-1.  Size in bytes: 17584. Pages printed: 1. No user action is required."
Information	3/4/2020 20:43	Microsoft-Windows-PrintService	307	Printing a document	"Document 214, Print Document owned by lpavlo01 on \\MESOEL06484 was printed on VLS3.60 through port UCP-1.  Size in bytes: 17584. Pages printed: 1. No user action is required."
Information	3/4/2020 20:48	Microsoft-Windows-PrintService	307	Printing a document	"Document 215, Print Document owned by lpavlo01 on \\MESOEL06484 was printed on VLS3.60 through port UCP-1.  Size in bytes: 8520. Pages printed: 1. No user action is required."
Information	3/4/2020 20:50	Microsoft-Windows-PrintService	307	Printing a document	"Document 216, Print Document owned by lpavlo01 on \\MESOEL06484 was printed on VLS3.60 through port UCP-1.  Size in bytes: 6768. Pages printed: 1. No user action is required."
Information	3/4/2020 20:51	Microsoft-Windows-PrintService	307	Printing a document	"Document 217, Print Document owned by lpavlo01 on \\MESOEL06484 was printed on VLS3.60 through port UCP-1.  Size in bytes: 6768. Pages printed: 1. No user action is required."
Information	3/4/2020 20:54	Microsoft-Windows-PrintService	307	Printing a document	"Document 218, Print Document owned by lpavlo01 on \\MESOEL06484 was printed on VLS3.60 through port UCP-1.  Size in bytes: 3904. Pages printed: 1. No user action is required."
Information	3/4/2020 20:55	Microsoft-Windows-PrintService	307	Printing a document	"Document 219, Print Document owned by lpavlo01 on \\MESOEL06484 was printed on VLS3.60 through port UCP-1.  Size in bytes: 2152. Pages printed: 1. No user action is required."
Information	3/4/2020 21:00	Microsoft-Windows-PrintService	307	Printing a document	"Document 220, Print Document owned by lpavlo01 on \\MESOEL06484 was printed on VLS3.60 through port UCP-1.  Size in bytes: 16168. Pages printed: 1. No user action is required."
Information	3/4/2020 21:01	Microsoft-Windows-PrintService	307	Printing a document	"Document 221, Print Document owned by lpavlo01 on \\MESOEL06484 was printed on VLS3.60 through port UCP-1.  Size in bytes: 10912. Pages printed: 1. No user action is required."
Information	3/4/2020 21:02	Microsoft-Windows-PrintService	307	Printing a document	"Document 222, Print Document owned by lpavlo01 on \\MESOEL06484 was printed on VLS3.60 through port UCP-1.  Size in bytes: 7408. Pages printed: 1. No user action is required."
Information	3/4/2020 21:05	Microsoft-Windows-PrintService	307	Printing a document	"Document 223, Print Document owned by lpavlo01 on \\MESOEL06484 was printed on VLS3.60 through port UCP-1.  Size in bytes: 2152. Pages printed: 1. No user action is required."
Information	3/4/2020 21:08	Microsoft-Windows-PrintService	307	Printing a document	"Document 224, Print Document owned by lpavlo01 on \\MESOEL06484 was printed on VLS3.60 through port UCP-1.  Size in bytes: 3904. Pages printed: 1. No user action is required."
Information	3/4/2020 21:09	Microsoft-Windows-PrintService	307	Printing a document	"Document 225, Print Document owned by lpavlo01 on \\MESOEL06484 was printed on VLS3.60 through port UCP-1.  Size in bytes: 2152. Pages printed: 1. No user action is required."
Information	3/4/2020 21:14	Microsoft-Windows-PrintService	307	Printing a document	"Document 226, Print Document owned by lpavlo01 on \\MESOEL06484 was printed on VLS3.60 through port UCP-1.  Size in bytes: 1136. Pages printed: 1. No user action is required."
Information	3/5/2020 14:56	Microsoft-Windows-PrintService	307	Printing a document	"Document 227, Print Document owned by mkratz01 on \\MESOEL06484 was printed on VLS3.60 through port UCP-1.  Size in bytes: 264776. Pages printed: 1. No user action is required."
Information	3/5/2020 14:57	Microsoft-Windows-PrintService	307	Printing a document	"Document 228, Print Document owned by mkratz01 on \\MESOEL06484 was printed on VLS3.60 through port UCP-1.  Size in bytes: 283912. Pages printed: 1. No user action is required."
Information	3/5/2020 15:00	Microsoft-Windows-PrintService	307	Printing a document	"Document 229, Print Document owned by mkratz01 on \\MESOEL06484 was printed on VLS3.60 through port UCP-1.  Size in bytes: 283912. Pages printed: 1. No user action is required."
Information	3/5/2020 15:02	Microsoft-Windows-PrintService	307	Printing a document	"Document 230, Print Document owned by mkratz01 on \\MESOEL06484 was printed on VLS3.60 through port UCP-1.  Size in bytes: 283912. Pages printed: 1. No user action is required."
Information	3/5/2020 15:03	Microsoft-Windows-PrintService	307	Printing a document	"Document 231, Print Document owned by mkratz01 on \\MESOEL06484 was printed on VLS3.60 through port UCP-1.  Size in bytes: 283912. Pages printed: 1. No user action is required."
Information	3/5/2020 15:15	Microsoft-Windows-PrintService	307	Printing a document	"Document 232, Print Document owned by mkratz01 on \\MESOEL06484 was printed on VLS3.60 through port UCP-1.  Size in bytes: 94904. Pages printed: 1. No user action is required."
Information	3/5/2020 15:34	Microsoft-Windows-PrintService	307	Printing a document	"Document 233, Print Document owned by mkratz01 on \\MESOEL06484 was printed on VLS3.60 through port UCP-1.  Size in bytes: 94904. Pages printed: 1. No user action is required."
Information	3/5/2020 16:16	Microsoft-Windows-PrintService	307	Printing a document	"Document 234, Print Document owned by mkratz01 on \\MESOEL06484 was printed on VLS3.60 through port UCP-1.  Size in bytes: 24600. Pages printed: 1. No user action is required."
Information	3/5/2020 16:17	Microsoft-Windows-PrintService	307	Printing a document	"Document 235, Print Document owned by mkratz01 on \\MESOEL06484 was printed on VLS3.60 through port UCP-1.  Size in bytes: 24600. Pages printed: 1. No user action is required."
Information	3/5/2020 16:19	Microsoft-Windows-PrintService	307	Printing a document	"Document 236, Print Document owned by mkratz01 on \\MESOEL06484 was printed on VLS3.60 through port UCP-1.  Size in bytes: 24600. Pages printed: 1. No user action is required."
Information	3/5/2020 16:19	Microsoft-Windows-PrintService	307	Printing a document	"Document 237, Print Document owned by mkratz01 on \\MESOEL06484 was printed on VLS3.60 through port UCP-1.  Size in bytes: 24368. Pages printed: 1. No user action is required."
Information	3/5/2020 16:22	Microsoft-Windows-PrintService	307	Printing a document	"Document 238, Print Document owned by mkratz01 on \\MESOEL06484 was printed on VLS3.60 through port UCP-1.  Size in bytes: 24368. Pages printed: 1. No user action is required."
Information	3/5/2020 16:41	Microsoft-Windows-PrintService	307	Printing a document	"Document 239, Print Document owned by mkratz01 on \\MESOEL06484 was printed on VLS3.60 through port UCP-1.  Size in bytes: 327744. Pages printed: 1. No user action is required."
Information	3/5/2020 16:42	Microsoft-Windows-PrintService	307	Printing a document	"Document 240, Print Document owned by mkratz01 on \\MESOEL06484 was printed on VLS3.60 through port UCP-1.  Size in bytes: 58752. Pages printed: 1. No user action is required."
Information	3/5/2020 16:43	Microsoft-Windows-PrintService	307	Printing a document	"Document 241, Print Document owned by mkratz01 on \\MESOEL06484 was printed on VLS3.60 through port UCP-1.  Size in bytes: 59184. Pages printed: 1. No user action is required."
Information	3/5/2020 16:44	Microsoft-Windows-PrintService	307	Printing a document	"Document 242, Print Document owned by mkratz01 on \\MESOEL06484 was printed on VLS3.60 through port UCP-1.  Size in bytes: 58752. Pages printed: 1. No user action is required."
Information	3/5/2020 16:47	Microsoft-Windows-PrintService	307	Printing a document	"Document 243, Print Document owned by mkratz01 on \\MESOEL06484 was printed on VLS3.60 through port UCP-1.  Size in bytes: 64584. Pages printed: 1. No user action is required."
Information	3/5/2020 16:48	Microsoft-Windows-PrintService	307	Printing a document	"Document 244, Print Document owned by mkratz01 on \\MESOEL06484 was printed on VLS3.60 through port UCP-1.  Size in bytes: 64584. Pages printed: 1. No user action is required."
Information	3/5/2020 16:49	Microsoft-Windows-PrintService	307	Printing a document	"Document 245, Print Document owned by mkratz01 on \\MESOEL06484 was printed on VLS3.60 through port UCP-1.  Size in bytes: 64584. Pages printed: 1. No user action is required."
Information	3/5/2020 17:05	Microsoft-Windows-PrintService	307	Printing a document	"Document 246, Print Document owned by mkratz01 on \\MESOEL06484 was printed on VLS3.60 through port UCP-1.  Size in bytes: 263072. Pages printed: 1. No user action is required."
Information	3/5/2020 17:08	Microsoft-Windows-PrintService	307	Printing a document	"Document 247, Print Document owned by mkratz01 on \\MESOEL06484 was printed on VLS3.60 through port UCP-1.  Size in bytes: 259408. Pages printed: 1. No user action is required."
Information	3/5/2020 17:09	Microsoft-Windows-PrintService	307	Printing a document	"Document 248, Print Document owned by mkratz01 on \\MESOEL06484 was printed on VLS3.60 through port UCP-1.  Size in bytes: 259408. Pages printed: 1. No user action is required."
Information	3/5/2020 17:09	Microsoft-Windows-PrintService	307	Printing a document	"Document 249, Print Document owned by mkratz01 on \\MESOEL06484 was printed on VLS3.60 through port UCP-1.  Size in bytes: 259408. Pages printed: 1. No user action is required."
Information	3/5/2020 17:11	Microsoft-Windows-PrintService	307	Printing a document	"Document 250, Print Document owned by mkratz01 on \\MESOEL06484 was printed on VLS3.60 through port UCP-1.  Size in bytes: 259408. Pages printed: 1. No user action is required."
Information	3/5/2020 17:13	Microsoft-Windows-PrintService	307	Printing a document	"Document 251, Print Document owned by mkratz01 on \\MESOEL06484 was printed on VLS3.60 through port UCP-1.  Size in bytes: 259408. Pages printed: 1. No user action is required."
Information	3/5/2020 17:34	Microsoft-Windows-PrintService	307	Printing a document	"Document 252, Print Document owned by mkratz01 on \\MESOEL06484 was printed on VLS3.60 through port UCP-1.  Size in bytes: 37656. Pages printed: 1. No user action is required."
Information	3/5/2020 17:35	Microsoft-Windows-PrintService	307	Printing a document	"Document 253, Print Document owned by mkratz01 on \\MESOEL06484 was printed on VLS3.60 through port UCP-1.  Size in bytes: 37656. Pages printed: 1. No user action is required."
Information	3/5/2020 17:40	Microsoft-Windows-PrintService	307	Printing a document	"Document 254, Print Document owned by mkratz01 on \\MESOEL06484 was printed on VLS3.60 through port UCP-1.  Size in bytes: 79152. Pages printed: 1. No user action is required."
Information	3/5/2020 17:41	Microsoft-Windows-PrintService	307	Printing a document	"Document 255, Print Document owned by mkratz01 on \\MESOEL06484 was printed on VLS3.60 through port UCP-1.  Size in bytes: 79152. Pages printed: 1. No user action is required."
Information	3/5/2020 17:42	Microsoft-Windows-PrintService	307	Printing a document	"Document 1, Print Document owned by mkratz01 on \\MESOEL06484 was printed on VLS3.60 through port UCP-1.  Size in bytes: 79152. Pages printed: 1. No user action is required."
Information	3/5/2020 17:43	Microsoft-Windows-PrintService	307	Printing a document	"Document 2, Print Document owned by mkratz01 on \\MESOEL06484 was printed on VLS3.60 through port UCP-1.  Size in bytes: 79408. Pages printed: 1. No user action is required."
Information	3/5/2020 18:47	Microsoft-Windows-PrintService	307	Printing a document	"Document 3, Print Document owned by mkratz01 on \\MESOEL06484 was printed on VLS3.60 through port UCP-1.  Size in bytes: 3088. Pages printed: 1. No user action is required."
Information	3/5/2020 18:52	Microsoft-Windows-PrintService	307	Printing a document	"Document 4, Print Document owned by mkratz01 on \\MESOEL06484 was printed on VLS3.60 through port UCP-1.  Size in bytes: 2640. Pages printed: 1. No user action is required."
Information	3/5/2020 18:56	Microsoft-Windows-PrintService	307	Printing a document	"Document 5, Print Document owned by mkratz01 on \\MESOEL06484 was printed on VLS3.60 through port UCP-1.  Size in bytes: 3088. Pages printed: 1. No user action is required."
Information	3/5/2020 19:43	Microsoft-Windows-PrintService	307	Printing a document	"Document 6, Print Document owned by mkratz01 on \\MESOEL06484 was printed on VLS3.60 through port UCP-1.  Size in bytes: 1104. Pages printed: 1. No user action is required."
Information	3/5/2020 20:24	Microsoft-Windows-PrintService	307	Printing a document	"Document 7, Print Document owned by mkratz01 on \\MESOEL06484 was printed on VLS3.60 through port UCP-1.  Size in bytes: 1368. Pages printed: 1. No user action is required."
Information	3/5/2020 20:36	Microsoft-Windows-PrintService	307	Printing a document	"Document 8, Print Document owned by mkratz01 on \\MESOEL06484 was printed on VLS3.60 through port UCP-1.  Size in bytes: 1104. Pages printed: 1. No user action is required."
Information	3/5/2020 20:37	Microsoft-Windows-PrintService	307	Printing a document	"Document 9, Print Document owned by mkratz01 on \\MESOEL06484 was printed on VLS3.60 through port UCP-1.  Size in bytes: 1808. Pages printed: 1. No user action is required."
Information	3/5/2020 22:26	Microsoft-Windows-PrintService	307	Printing a document	"Document 10, Print Document owned by mkratz01 on \\MESOEL06484 was printed on VLS3.60 through port UCP-1.  Size in bytes: 4400. Pages printed: 1. No user action is required."
Information	3/6/2020 10:28	Microsoft-Windows-PrintService	307	Printing a document	"Document 11, Print Document owned by mkratz01 on \\MESOEL06484 was printed on VLS3.60 through port UCP-1.  Size in bytes: 1104. Pages printed: 1. No user action is required."
Information	3/6/2020 10:33	Microsoft-Windows-PrintService	307	Printing a document	"Document 12, Print Document owned by mkratz01 on \\MESOEL06484 was printed on VLS3.60 through port UCP-1.  Size in bytes: 1104. Pages printed: 1. No user action is required."
Information	3/6/2020 10:36	Microsoft-Windows-PrintService	307	Printing a document	"Document 13, Print Document owned by mkratz01 on \\MESOEL06484 was printed on VLS3.60 through port UCP-1.  Size in bytes: 1280. Pages printed: 1. No user action is required."
Information	3/6/2020 11:27	Microsoft-Windows-PrintService	307	Printing a document	"Document 14, Print Document owned by ttashi01 on \\MESOEL06484 was printed on VLS3.60 through port UCP-1.  Size in bytes: 24992. Pages printed: 1. No user action is required."
Information	3/6/2020 11:37	Microsoft-Windows-PrintService	307	Printing a document	"Document 15, Print Document owned by ttashi01 on \\MESOEL06484 was printed on VLS3.60 through port UCP-1.  Size in bytes: 3027120. Pages printed: 1. No user action is required."
Information	3/6/2020 11:38	Microsoft-Windows-PrintService	307	Printing a document	"Document 16, Print Document owned by ttashi01 on \\MESOEL06484 was printed on VLS3.60 through port UCP-1.  Size in bytes: 3027120. Pages printed: 1. No user action is required."
Information	3/6/2020 11:59	Microsoft-Windows-PrintService	307	Printing a document	"Document 17, Print Document owned by ttashi01 on \\MESOEL06484 was printed on VLS3.60 through port UCP-1.  Size in bytes: 22800. Pages printed: 1. No user action is required."
Information	3/6/2020 12:04	Microsoft-Windows-PrintService	307	Printing a document	"Document 18, Print Document owned by ttashi01 on \\MESOEL06484 was printed on VLS3.60 through port UCP-1.  Size in bytes: 27808. Pages printed: 1. No user action is required."
Information	3/6/2020 12:18	Microsoft-Windows-PrintService	307	Printing a document	"Document 19, Print Document owned by ttashi01 on \\MESOEL06484 was printed on VLS3.60 through port UCP-1.  Size in bytes: 1495752. Pages printed: 1. No user action is required."
Information	3/6/2020 12:20	Microsoft-Windows-PrintService	307	Printing a document	"Document 20, Print Document owned by ttashi01 on \\MESOEL06484 was printed on VLS3.60 through port UCP-1.  Size in bytes: 430728. Pages printed: 1. No user action is required."
Information	3/6/2020 12:21	Microsoft-Windows-PrintService	307	Printing a document	"Document 21, Print Document owned by ttashi01 on \\MESOEL06484 was printed on VLS3.60 through port UCP-1.  Size in bytes: 430984. Pages printed: 1. No user action is required."
Information	3/6/2020 12:22	Microsoft-Windows-PrintService	307	Printing a document	"Document 22, Print Document owned by ttashi01 on \\MESOEL06484 was printed on VLS3.60 through port UCP-1.  Size in bytes: 430984. Pages printed: 1. No user action is required."
Information	3/6/2020 13:16	Microsoft-Windows-PrintService	307	Printing a document	"Document 23, Print Document owned by ttashi01 on \\MESOEL06484 was printed on VLS3.60 through port UCP-1.  Size in bytes: 41364. Pages printed: 1. No user action is required."
Information	3/6/2020 13:24	Microsoft-Windows-PrintService	307	Printing a document	"Document 24, Print Document owned by ttashi01 on \\MESOEL06484 was printed on VLS3.60 through port UCP-1.  Size in bytes: 34920. Pages printed: 1. No user action is required."
Information	3/6/2020 14:43	Microsoft-Windows-PrintService	307	Printing a document	"Document 25, Print Document owned by ywu15 on \\MESOEL06484 was printed on VLS3.60 through port UCP-1.  Size in bytes: 9008. Pages printed: 1. No user action is required."
Information	3/6/2020 14:54	Microsoft-Windows-PrintService	307	Printing a document	"Document 26, Print Document owned by ywu15 on \\MESOEL06484 was printed on VLS3.60 through port UCP-1.  Size in bytes: 3048. Pages printed: 1. No user action is required."
Information	3/6/2020 14:54	Microsoft-Windows-PrintService	307	Printing a document	"Document 27, Print Document owned by ywu15 on \\MESOEL06484 was printed on VLS3.60 through port UCP-1.  Size in bytes: 2864. Pages printed: 1. No user action is required."
Information	3/6/2020 15:02	Microsoft-Windows-PrintService	307	Printing a document	"Document 28, Print Document owned by ywu15 on \\MESOEL06484 was printed on VLS3.60 through port UCP-1.  Size in bytes: 1136. Pages printed: 1. No user action is required."
Information	3/6/2020 15:17	Microsoft-Windows-PrintService	307	Printing a document	"Document 30, Print Document owned by ywu15 on \\MESOEL06484 was printed on VLS3.60 through port UCP-1.  Size in bytes: 93504. Pages printed: 1. No user action is required."
Information	3/6/2020 15:43	Microsoft-Windows-PrintService	307	Printing a document	"Document 31, Print Document owned by ywu15 on \\MESOEL06484 was printed on VLS3.60 through port UCP-1.  Size in bytes: 22736. Pages printed: 1. No user action is required."
Information	3/6/2020 15:43	Microsoft-Windows-PrintService	307	Printing a document	"Document 32, Print Document owned by ywu15 on \\MESOEL06484 was printed on VLS3.60 through port UCP-1.  Size in bytes: 22544. Pages printed: 1. No user action is required."
Information	3/6/2020 15:56	Microsoft-Windows-PrintService	307	Printing a document	"Document 33, Print Document owned by ywu15 on \\MESOEL06484 was printed on VLS3.60 through port UCP-1.  Size in bytes: 9372. Pages printed: 1. No user action is required."
Information	3/6/2020 15:58	Microsoft-Windows-PrintService	307	Printing a document	"Document 34, Print Document owned by ywu15 on \\MESOEL06484 was printed on VLS3.60 through port UCP-1.  Size in bytes: 40184. Pages printed: 1. No user action is required."
Information	3/6/2020 15:59	Microsoft-Windows-PrintService	307	Printing a document	"Document 35, Print Document owned by ywu15 on \\MESOEL06484 was printed on VLS3.60 through port UCP-1.  Size in bytes: 40184. Pages printed: 1. No user action is required."
Information	3/6/2020 16:24	Microsoft-Windows-PrintService	307	Printing a document	"Document 36, Print Document owned by ywu15 on \\MESOEL06484 was printed on VLS3.60 through port UCP-1.  Size in bytes: 4064. Pages printed: 1. No user action is required."
Information	3/6/2020 16:27	Microsoft-Windows-PrintService	307	Printing a document	"Document 37, Print Document owned by ywu15 on \\MESOEL06484 was printed on VLS3.60 through port UCP-1.  Size in bytes: 4064. Pages printed: 1. No user action is required."
Information	3/6/2020 16:28	Microsoft-Windows-PrintService	307	Printing a document	"Document 38, Print Document owned by ywu15 on \\MESOEL06484 was printed on VLS3.60 through port UCP-1.  Size in bytes: 4064. Pages printed: 1. No user action is required."
Information	3/6/2020 16:36	Microsoft-Windows-PrintService	307	Printing a document	"Document 39, Print Document owned by ywu15 on \\MESOEL06484 was printed on VLS3.60 through port UCP-1.  Size in bytes: 4064. Pages printed: 1. No user action is required."
Information	3/6/2020 16:38	Microsoft-Windows-PrintService	307	Printing a document	"Document 40, Print Document owned by ywu15 on \\MESOEL06484 was printed on VLS3.60 through port UCP-1.  Size in bytes: 7576. Pages printed: 1. No user action is required."
Information	3/6/2020 16:43	Microsoft-Windows-PrintService	307	Printing a document	"Document 41, Print Document owned by ywu15 on \\MESOEL06484 was printed on VLS3.60 through port UCP-1.  Size in bytes: 7576. Pages printed: 1. No user action is required."
Information	3/6/2020 16:47	Microsoft-Windows-PrintService	307	Printing a document	"Document 42, Print Document owned by ywu15 on \\MESOEL06484 was printed on VLS3.60 through port UCP-1.  Size in bytes: 2656. Pages printed: 1. No user action is required."
Information	3/6/2020 16:49	Microsoft-Windows-PrintService	307	Printing a document	"Document 43, Print Document owned by ywu15 on \\MESOEL06484 was printed on VLS3.60 through port UCP-1.  Size in bytes: 10800. Pages printed: 1. No user action is required."
Information	3/6/2020 16:54	Microsoft-Windows-PrintService	307	Printing a document	"Document 44, Print Document owned by ywu15 on \\MESOEL06484 was printed on VLS3.60 through port UCP-1.  Size in bytes: 2160. Pages printed: 1. No user action is required."
Information	3/6/2020 16:56	Microsoft-Windows-PrintService	307	Printing a document	"Document 45, Print Document owned by ywu15 on \\MESOEL06484 was printed on VLS3.60 through port UCP-1.  Size in bytes: 9040. Pages printed: 1. No user action is required."
Information	3/6/2020 17:12	Microsoft-Windows-PrintService	307	Printing a document	"Document 46, Print Document owned by ywu15 on \\MESOEL06484 was printed on VLS3.60 through port UCP-1.  Size in bytes: 30272. Pages printed: 1. No user action is required."
Information	3/6/2020 17:33	Microsoft-Windows-PrintService	307	Printing a document	"Document 47, Print Document owned by ywu15 on \\MESOEL06484 was printed on VLS3.60 through port UCP-1.  Size in bytes: 6232. Pages printed: 1. No user action is required."
Information	3/6/2020 18:32	Microsoft-Windows-PrintService	307	Printing a document	"Document 48, Print Document owned by ywu15 on \\MESOEL06484 was printed on VLS3.60 through port UCP-1.  Size in bytes: 11224. Pages printed: 1. No user action is required."
Information	3/6/2020 18:34	Microsoft-Windows-PrintService	307	Printing a document	"Document 49, Print Document owned by ywu15 on \\MESOEL06484 was printed on VLS3.60 through port UCP-1.  Size in bytes: 10488. Pages printed: 1. No user action is required."
Information	3/6/2020 18:34	Microsoft-Windows-PrintService	307	Printing a document	"Document 50, Print Document owned by ywu15 on \\MESOEL06484 was printed on VLS3.60 through port UCP-1.  Size in bytes: 10488. Pages printed: 1. No user action is required."
Information	3/6/2020 18:36	Microsoft-Windows-PrintService	307	Printing a document	"Document 51, Print Document owned by ywu15 on \\MESOEL06484 was printed on VLS3.60 through port UCP-1.  Size in bytes: 11224. Pages printed: 1. No user action is required."
Information	3/6/2020 18:36	Microsoft-Windows-PrintService	307	Printing a document	"Document 52, Print Document owned by ywu15 on \\MESOEL06484 was printed on VLS3.60 through port UCP-1.  Size in bytes: 11408. Pages printed: 1. No user action is required."
Information	3/6/2020 18:38	Microsoft-Windows-PrintService	307	Printing a document	"Document 53, Print Document owned by ywu15 on \\MESOEL06484 was printed on VLS3.60 through port UCP-1.  Size in bytes: 7248. Pages printed: 1. No user action is required."
Information	3/6/2020 18:44	Microsoft-Windows-PrintService	307	Printing a document	"Document 54, Print Document owned by ywu15 on \\MESOEL06484 was printed on VLS3.60 through port UCP-1.  Size in bytes: 4560. Pages printed: 1. No user action is required."
Information	3/7/2020 9:30	Microsoft-Windows-PrintService	307	Printing a document	"Document 55, Print Document owned by ywu15 on \\MESOEL06484 was printed on VLS3.60 through port UCP-1.  Size in bytes: 23200. Pages printed: 1. No user action is required."
Information	3/7/2020 9:41	Microsoft-Windows-PrintService	307	Printing a document	"Document 56, Print Document owned by ywu15 on \\MESOEL06484 was printed on VLS3.60 through port UCP-1.  Size in bytes: 4816. Pages printed: 1. No user action is required."
Information	3/7/2020 9:55	Microsoft-Windows-PrintService	307	Printing a document	"Document 57, Print Document owned by ywu15 on \\MESOEL06484 was printed on VLS3.60 through port UCP-1.  Size in bytes: 12976. Pages printed: 1. No user action is required."
Information	3/7/2020 11:38	Microsoft-Windows-PrintService	307	Printing a document	"Document 58, Print Document owned by mkurzm01 on \\MESOEL06484 was printed on VLS3.60 through port UCP-1.  Size in bytes: 4328. Pages printed: 1. No user action is required."
Information	3/7/2020 11:39	Microsoft-Windows-PrintService	307	Printing a document	"Document 59, Print Document owned by mkurzm01 on \\MESOEL06484 was printed on VLS3.60 through port UCP-1.  Size in bytes: 4328. Pages printed: 1. No user action is required."
Information	3/7/2020 11:46	Microsoft-Windows-PrintService	307	Printing a document	"Document 60, Print Document owned by mkurzm01 on \\MESOEL06484 was printed on VLS3.60 through port UCP-1.  Size in bytes: 4328. Pages printed: 1. No user action is required."
Information	3/7/2020 11:46	Microsoft-Windows-PrintService	307	Printing a document	"Document 61, Print Document owned by mkurzm01 on \\MESOEL06484 was printed on VLS3.60 through port UCP-1.  Size in bytes: 4328. Pages printed: 1. No user action is required."
Information	3/7/2020 11:48	Microsoft-Windows-PrintService	307	Printing a document	"Document 62, Print Document owned by mkurzm01 on \\MESOEL06484 was printed on VLS3.60 through port UCP-1.  Size in bytes: 4328. Pages printed: 1. No user action is required."
Information	3/7/2020 11:52	Microsoft-Windows-PrintService	307	Printing a document	"Document 63, Print Document owned by mkurzm01 on \\MESOEL06484 was printed on VLS3.60 through port UCP-1.  Size in bytes: 39680. Pages printed: 1. No user action is required."
Information	3/7/2020 12:14	Microsoft-Windows-PrintService	307	Printing a document	"Document 64, Print Document owned by mkurzm01 on \\MESOEL06484 was printed on VLS3.60 through port UCP-1.  Size in bytes: 8960. Pages printed: 1. No user action is required."
Information	3/7/2020 13:54	Microsoft-Windows-PrintService	307	Printing a document	"Document 65, Print Document owned by aalavi01 on \\MESOEL06484 was printed on VLS3.60 through port UCP-1.  Size in bytes: 9728. Pages printed: 1. No user action is required."
Information	3/7/2020 14:01	Microsoft-Windows-PrintService	307	Printing a document	"Document 66, Print Document owned by aalavi01 on \\MESOEL06484 was printed on VLS3.60 through port UCP-1.  Size in bytes: 16576. Pages printed: 1. No user action is required."
Information	3/7/2020 14:25	Microsoft-Windows-PrintService	307	Printing a document	"Document 67, Print Document owned by rlee12 on \\MESOEL06484 was printed on VLS3.60 through port UCP-1.  Size in bytes: 1672. Pages printed: 1. No user action is required."
Information	3/7/2020 14:26	Microsoft-Windows-PrintService	307	Printing a document	"Document 68, Print Document owned by rlee12 on \\MESOEL06484 was printed on VLS3.60 through port UCP-1.  Size in bytes: 1672. Pages printed: 1. No user action is required."
Information	3/7/2020 14:34	Microsoft-Windows-PrintService	307	Printing a document	"Document 69, Print Document owned by rlee12 on \\MESOEL06484 was printed on VLS3.60 through port UCP-1.  Size in bytes: 1488. Pages printed: 1. No user action is required."
