Information	12/6/2019 16:39	Microsoft-Windows-PrintService	307	Printing a document	"Document 129, Print Document owned by EDowne01 on \\MESOEL06484 was printed on VLS3.60 through port UCP-1.  Size in bytes: 3701724. Pages printed: 1. No user action is required."
Information	12/6/2019 16:40	Microsoft-Windows-PrintService	307	Printing a document	"Document 130, Print Document owned by EDowne01 on \\MESOEL06484 was printed on VLS3.60 through port UCP-1.  Size in bytes: 3701724. Pages printed: 1. No user action is required."
Information	12/6/2019 16:41	Microsoft-Windows-PrintService	307	Printing a document	"Document 131, Print Document owned by EDowne01 on \\MESOEL06484 was printed on VLS3.60 through port UCP-1.  Size in bytes: 3701724. Pages printed: 1. No user action is required."
Information	12/6/2019 16:41	Microsoft-Windows-PrintService	307	Printing a document	"Document 132, Print Document owned by EDowne01 on \\MESOEL06484 was printed on VLS3.60 through port UCP-1.  Size in bytes: 3701724. Pages printed: 1. No user action is required."
Information	12/6/2019 16:42	Microsoft-Windows-PrintService	307	Printing a document	"Document 133, Print Document owned by EDowne01 on \\MESOEL06484 was printed on VLS3.60 through port UCP-1.  Size in bytes: 3701724. Pages printed: 1. No user action is required."
Information	12/6/2019 16:43	Microsoft-Windows-PrintService	307	Printing a document	"Document 134, Print Document owned by EDowne01 on \\MESOEL06484 was printed on VLS3.60 through port UCP-1.  Size in bytes: 3701724. Pages printed: 1. No user action is required."
Information	12/6/2019 16:44	Microsoft-Windows-PrintService	307	Printing a document	"Document 135, Print Document owned by EDowne01 on \\MESOEL06484 was printed on VLS3.60 through port UCP-1.  Size in bytes: 3720312. Pages printed: 1. No user action is required."
Information	12/6/2019 16:45	Microsoft-Windows-PrintService	307	Printing a document	"Document 136, Print Document owned by EDowne01 on \\MESOEL06484 was printed on VLS3.60 through port UCP-1.  Size in bytes: 3720312. Pages printed: 1. No user action is required."
Information	12/6/2019 16:46	Microsoft-Windows-PrintService	307	Printing a document	"Document 137, Print Document owned by EDowne01 on \\MESOEL06484 was printed on VLS3.60 through port UCP-1.  Size in bytes: 3720312. Pages printed: 1. No user action is required."
Information	12/6/2019 16:51	Microsoft-Windows-PrintService	307	Printing a document	"Document 138, Print Document owned by EDowne01 on \\MESOEL06484 was printed on VLS3.60 through port UCP-1.  Size in bytes: 3717424. Pages printed: 1. No user action is required."
Information	12/6/2019 16:52	Microsoft-Windows-PrintService	307	Printing a document	"Document 139, Print Document owned by EDowne01 on \\MESOEL06484 was printed on VLS3.60 through port UCP-1.  Size in bytes: 145452. Pages printed: 1. No user action is required."
Information	12/6/2019 16:52	Microsoft-Windows-PrintService	307	Printing a document	"Document 140, Print Document owned by EDowne01 on \\MESOEL06484 was printed on VLS3.60 through port UCP-1.  Size in bytes: 301068. Pages printed: 1. No user action is required."
Information	12/6/2019 17:10	Microsoft-Windows-PrintService	307	Printing a document	"Document 141, Print Document owned by EDowne01 on \\MESOEL06484 was printed on VLS3.60 through port UCP-1.  Size in bytes: 2768. Pages printed: 1. No user action is required."
Information	12/6/2019 17:19	Microsoft-Windows-PrintService	307	Printing a document	"Document 142, Print Document owned by EDowne01 on \\MESOEL06484 was printed on VLS3.60 through port UCP-1.  Size in bytes: 14192. Pages printed: 1. No user action is required."
Information	12/6/2019 17:21	Microsoft-Windows-PrintService	307	Printing a document	"Document 143, Print Document owned by EDowne01 on \\MESOEL06484 was printed on VLS3.60 through port UCP-1.  Size in bytes: 12848. Pages printed: 1. No user action is required."
Information	12/6/2019 17:31	Microsoft-Windows-PrintService	307	Printing a document	"Document 144, Print Document owned by EDowne01 on \\MESOEL06484 was printed on VLS3.60 through port UCP-1.  Size in bytes: 14192. Pages printed: 1. No user action is required."
Information	12/6/2019 17:44	Microsoft-Windows-PrintService	307	Printing a document	"Document 145, Print Document owned by EDowne01 on \\MESOEL06484 was printed on VLS3.60 through port UCP-1.  Size in bytes: 23712. Pages printed: 1. No user action is required."
Information	12/6/2019 18:04	Microsoft-Windows-PrintService	307	Printing a document	"Document 146, Print Document owned by nbatze01 on \\MESOEL06484 was printed on VLS3.60 through port UCP-1.  Size in bytes: 33980. Pages printed: 1. No user action is required."
Information	12/6/2019 18:05	Microsoft-Windows-PrintService	307	Printing a document	"Document 147, Print Document owned by nbatze01 on \\MESOEL06484 was printed on VLS3.60 through port UCP-1.  Size in bytes: 33980. Pages printed: 1. No user action is required."
Information	12/6/2019 18:05	Microsoft-Windows-PrintService	307	Printing a document	"Document 148, Print Document owned by nbatze01 on \\MESOEL06484 was printed on VLS3.60 through port UCP-1.  Size in bytes: 33980. Pages printed: 1. No user action is required."
Information	12/6/2019 18:06	Microsoft-Windows-PrintService	307	Printing a document	"Document 149, Print Document owned by nbatze01 on \\MESOEL06484 was printed on VLS3.60 through port UCP-1.  Size in bytes: 33980. Pages printed: 1. No user action is required."
Information	12/6/2019 18:07	Microsoft-Windows-PrintService	307	Printing a document	"Document 150, Print Document owned by nbatze01 on \\MESOEL06484 was printed on VLS3.60 through port UCP-1.  Size in bytes: 33980. Pages printed: 1. No user action is required."
Information	12/6/2019 18:08	Microsoft-Windows-PrintService	307	Printing a document	"Document 151, Print Document owned by nbatze01 on \\MESOEL06484 was printed on VLS3.60 through port UCP-1.  Size in bytes: 33980. Pages printed: 1. No user action is required."
Information	12/6/2019 18:09	Microsoft-Windows-PrintService	307	Printing a document	"Document 152, Print Document owned by nbatze01 on \\MESOEL06484 was printed on VLS3.60 through port UCP-1.  Size in bytes: 30000. Pages printed: 1. No user action is required."
Information	12/6/2019 18:14	Microsoft-Windows-PrintService	307	Printing a document	"Document 153, Print Document owned by nbatze01 on \\MESOEL06484 was printed on VLS3.60 through port UCP-1.  Size in bytes: 25720. Pages printed: 1. No user action is required."
Information	12/6/2019 18:17	Microsoft-Windows-PrintService	307	Printing a document	"Document 154, Print Document owned by nbatze01 on \\MESOEL06484 was printed on VLS3.60 through port UCP-1.  Size in bytes: 25812. Pages printed: 1. No user action is required."
Information	12/6/2019 18:19	Microsoft-Windows-PrintService	307	Printing a document	"Document 155, Print Document owned by nbatze01 on \\MESOEL06484 was printed on VLS3.60 through port UCP-1.  Size in bytes: 25812. Pages printed: 1. No user action is required."
Information	12/6/2019 19:07	Microsoft-Windows-PrintService	307	Printing a document	"Document 156, Print Document owned by jlagor01 on \\MESOEL06484 was printed on VLS3.60 through port UCP-1.  Size in bytes: 6484. Pages printed: 1. No user action is required."
Information	12/6/2019 20:19	Microsoft-Windows-PrintService	307	Printing a document	"Document 157, Print Document owned by jlagor01 on \\MESOEL06484 was printed on VLS3.60 through port UCP-1.  Size in bytes: 80752. Pages printed: 1. No user action is required."
Information	12/7/2019 11:03	Microsoft-Windows-PrintService	307	Printing a document	"Document 158, Print Document owned by jlagor01 on \\MESOEL06484 was printed on VLS3.60 through port UCP-1.  Size in bytes: 656. Pages printed: 1. No user action is required."
Information	12/7/2019 12:30	Microsoft-Windows-PrintService	307	Printing a document	"Document 159, Print Document owned by jlagor01 on \\MESOEL06484 was printed on VLS3.60 through port UCP-1.  Size in bytes: 26096. Pages printed: 1. No user action is required."
Information	12/7/2019 12:48	Microsoft-Windows-PrintService	307	Printing a document	"Document 160, Print Document owned by jlagor01 on \\MESOEL06484 was printed on VLS3.60 through port UCP-1.  Size in bytes: 1504. Pages printed: 1. No user action is required."
Information	12/7/2019 12:49	Microsoft-Windows-PrintService	307	Printing a document	"Document 161, Print Document owned by jlagor01 on \\MESOEL06484 was printed on VLS3.60 through port UCP-1.  Size in bytes: 2704. Pages printed: 1. No user action is required."
Information	12/7/2019 13:03	Microsoft-Windows-PrintService	307	Printing a document	"Document 162, Print Document owned by jlagor01 on \\MESOEL06484 was printed on VLS3.60 through port UCP-1.  Size in bytes: 4264. Pages printed: 1. No user action is required."
Information	12/7/2019 13:17	Microsoft-Windows-PrintService	307	Printing a document	"Document 163, Print Document owned by jlagor01 on \\MESOEL06484 was printed on VLS3.60 through port UCP-1.  Size in bytes: 29368. Pages printed: 1. No user action is required."
Information	12/7/2019 13:56	Microsoft-Windows-PrintService	307	Printing a document	"Document 164, Print Document owned by jlagor01 on \\MESOEL06484 was printed on VLS3.60 through port UCP-1.  Size in bytes: 23684. Pages printed: 1. No user action is required."
Information	12/7/2019 14:22	Microsoft-Windows-PrintService	307	Printing a document	"Document 165, Print Document owned by jlagor01 on \\MESOEL06484 was printed on VLS3.60 through port UCP-1.  Size in bytes: 3760. Pages printed: 1. No user action is required."
Information	12/7/2019 14:34	Microsoft-Windows-PrintService	307	Printing a document	"Document 166, Print Document owned by jlagor01 on \\MESOEL06484 was printed on VLS3.60 through port UCP-1.  Size in bytes: 3520. Pages printed: 1. No user action is required."
Information	12/7/2019 14:40	Microsoft-Windows-PrintService	307	Printing a document	"Document 167, Print Document owned by jlagor01 on \\MESOEL06484 was printed on VLS3.60 through port UCP-1.  Size in bytes: 64404. Pages printed: 1. No user action is required."
Information	12/7/2019 14:41	Microsoft-Windows-PrintService	307	Printing a document	"Document 168, Print Document owned by jlagor01 on \\MESOEL06484 was printed on VLS3.60 through port UCP-1.  Size in bytes: 64384. Pages printed: 1. No user action is required."
Information	12/7/2019 15:01	Microsoft-Windows-PrintService	307	Printing a document	"Document 169, Print Document owned by jlagor01 on \\MESOEL06484 was printed on VLS3.60 through port UCP-1.  Size in bytes: 7744. Pages printed: 1. No user action is required."
Information	12/7/2019 15:15	Microsoft-Windows-PrintService	307	Printing a document	"Document 170, Print Document owned by jlagor01 on \\MESOEL06484 was printed on VLS3.60 through port UCP-1.  Size in bytes: 5104. Pages printed: 1. No user action is required."
Information	12/7/2019 15:26	Microsoft-Windows-PrintService	307	Printing a document	"Document 171, Print Document owned by jlagor01 on \\MESOEL06484 was printed on VLS3.60 through port UCP-1.  Size in bytes: 5408. Pages printed: 1. No user action is required."
Information	12/7/2019 15:33	Microsoft-Windows-PrintService	307	Printing a document	"Document 172, Print Document owned by jlagor01 on \\MESOEL06484 was printed on VLS3.60 through port UCP-1.  Size in bytes: 18756. Pages printed: 1. No user action is required."
Information	12/7/2019 15:42	Microsoft-Windows-PrintService	307	Printing a document	"Document 173, Print Document owned by jlagor01 on \\MESOEL06484 was printed on VLS3.60 through port UCP-1.  Size in bytes: 23248. Pages printed: 1. No user action is required."
Information	12/7/2019 15:52	Microsoft-Windows-PrintService	307	Printing a document	"Document 174, Print Document owned by jlagor01 on \\MESOEL06484 was printed on VLS3.60 through port UCP-1.  Size in bytes: 6744. Pages printed: 1. No user action is required."
Information	12/7/2019 16:06	Microsoft-Windows-PrintService	307	Printing a document	"Document 175, Print Document owned by jlagor01 on \\MESOEL06484 was printed on VLS3.60 through port UCP-1.  Size in bytes: 20368. Pages printed: 1. No user action is required."
Information	12/7/2019 16:07	Microsoft-Windows-PrintService	307	Printing a document	"Document 176, Print Document owned by jlagor01 on \\MESOEL06484 was printed on VLS3.60 through port UCP-1.  Size in bytes: 15088. Pages printed: 1. No user action is required."
Information	12/7/2019 16:08	Microsoft-Windows-PrintService	307	Printing a document	"Document 177, Print Document owned by jlagor01 on \\MESOEL06484 was printed on VLS3.60 through port UCP-1.  Size in bytes: 15088. Pages printed: 1. No user action is required."
Information	12/7/2019 16:09	Microsoft-Windows-PrintService	307	Printing a document	"Document 178, Print Document owned by jlagor01 on \\MESOEL06484 was printed on VLS3.60 through port UCP-1.  Size in bytes: 15088. Pages printed: 1. No user action is required."
Information	12/7/2019 16:10	Microsoft-Windows-PrintService	307	Printing a document	"Document 179, Print Document owned by jlagor01 on \\MESOEL06484 was printed on VLS3.60 through port UCP-1.  Size in bytes: 13296. Pages printed: 1. No user action is required."
Information	12/7/2019 16:49	Microsoft-Windows-PrintService	307	Printing a document	"Document 180, Print Document owned by jlagor01 on \\MESOEL06484 was printed on VLS3.60 through port UCP-1.  Size in bytes: 13604. Pages printed: 1. No user action is required."
Information	12/7/2019 16:57	Microsoft-Windows-PrintService	307	Printing a document	"Document 181, Print Document owned by jlagor01 on \\MESOEL06484 was printed on VLS3.60 through port UCP-1.  Size in bytes: 3344. Pages printed: 1. No user action is required."
Information	12/7/2019 17:04	Microsoft-Windows-PrintService	307	Printing a document	"Document 182, Print Document owned by jlagor01 on \\MESOEL06484 was printed on VLS3.60 through port UCP-1.  Size in bytes: 2584. Pages printed: 1. No user action is required."
Information	12/7/2019 17:07	Microsoft-Windows-PrintService	307	Printing a document	"Document 183, Print Document owned by jlagor01 on \\MESOEL06484 was printed on VLS3.60 through port UCP-1.  Size in bytes: 930792. Pages printed: 1. No user action is required."
Information	12/7/2019 17:09	Microsoft-Windows-PrintService	307	Printing a document	"Document 184, Print Document owned by jlagor01 on \\MESOEL06484 was printed on VLS3.60 through port UCP-1.  Size in bytes: 930792. Pages printed: 1. No user action is required."
Information	12/7/2019 17:32	Microsoft-Windows-PrintService	307	Printing a document	"Document 185, Print Document owned by jlagor01 on \\MESOEL06484 was printed on VLS3.60 through port UCP-1.  Size in bytes: 40368. Pages printed: 1. No user action is required."
Information	12/7/2019 17:40	Microsoft-Windows-PrintService	307	Printing a document	"Document 186, Print Document owned by jlagor01 on \\MESOEL06484 was printed on VLS3.60 through port UCP-1.  Size in bytes: 260384. Pages printed: 1. No user action is required."
Information	12/7/2019 18:28	Microsoft-Windows-PrintService	307	Printing a document	"Document 187, Print Document owned by jlagor01 on \\MESOEL06484 was printed on VLS3.60 through port UCP-1.  Size in bytes: 929536. Pages printed: 1. No user action is required."
Information	12/7/2019 18:29	Microsoft-Windows-PrintService	307	Printing a document	"Document 188, Print Document owned by jlagor01 on \\MESOEL06484 was printed on VLS3.60 through port UCP-1.  Size in bytes: 929536. Pages printed: 1. No user action is required."
Information	12/7/2019 20:55	Microsoft-Windows-PrintService	307	Printing a document	"Document 189, Print Document owned by jlagor01 on \\MESOEL06484 was printed on VLS3.60 through port UCP-1.  Size in bytes: 334136. Pages printed: 1. No user action is required."
Information	12/7/2019 21:38	Microsoft-Windows-PrintService	307	Printing a document	"Document 190, Print Document owned by jlagor01 on \\MESOEL06484 was printed on VLS3.60 through port UCP-1.  Size in bytes: 6704. Pages printed: 1. No user action is required."
Information	12/7/2019 21:51	Microsoft-Windows-PrintService	307	Printing a document	"Document 191, Print Document owned by jlagor01 on \\MESOEL06484 was printed on VLS3.60 through port UCP-1.  Size in bytes: 5552. Pages printed: 1. No user action is required."
Information	12/8/2019 11:27	Microsoft-Windows-PrintService	307	Printing a document	"Document 192, Print Document owned by jlagor01 on \\MESOEL06484 was printed on VLS3.60 through port UCP-1.  Size in bytes: 13332. Pages printed: 1. No user action is required."
Information	12/8/2019 11:40	Microsoft-Windows-PrintService	307	Printing a document	"Document 193, Print Document owned by jlagor01 on \\MESOEL06484 was printed on VLS3.60 through port UCP-1.  Size in bytes: 4688. Pages printed: 1. No user action is required."
Information	12/8/2019 12:00	Microsoft-Windows-PrintService	307	Printing a document	"Document 194, Print Document owned by jlagor01 on \\MESOEL06484 was printed on VLS3.60 through port UCP-1.  Size in bytes: 44856. Pages printed: 1. No user action is required."
Information	12/8/2019 12:18	Microsoft-Windows-PrintService	307	Printing a document	"Document 195, Print Document owned by jlagor01 on \\MESOEL06484 was printed on VLS3.60 through port UCP-1.  Size in bytes: 8376. Pages printed: 1. No user action is required."
Information	12/8/2019 12:21	Microsoft-Windows-PrintService	307	Printing a document	"Document 196, Print Document owned by jlagor01 on \\MESOEL06484 was printed on VLS3.60 through port UCP-1.  Size in bytes: 8376. Pages printed: 1. No user action is required."
Information	12/8/2019 12:28	Microsoft-Windows-PrintService	307	Printing a document	"Document 197, Print Document owned by jlagor01 on \\MESOEL06484 was printed on VLS3.60 through port UCP-1.  Size in bytes: 1296. Pages printed: 1. No user action is required."
Information	12/8/2019 12:41	Microsoft-Windows-PrintService	307	Printing a document	"Document 198, Print Document owned by jlagor01 on \\MESOEL06484 was printed on VLS3.60 through port UCP-1.  Size in bytes: 3472. Pages printed: 1. No user action is required."
Information	12/8/2019 12:49	Microsoft-Windows-PrintService	307	Printing a document	"Document 199, Print Document owned by jlagor01 on \\MESOEL06484 was printed on VLS3.60 through port UCP-1.  Size in bytes: 1536. Pages printed: 1. No user action is required."
Information	12/8/2019 12:52	Microsoft-Windows-PrintService	307	Printing a document	"Document 200, Print Document owned by jlagor01 on \\MESOEL06484 was printed on VLS3.60 through port UCP-1.  Size in bytes: 1296. Pages printed: 1. No user action is required."
Information	12/8/2019 12:56	Microsoft-Windows-PrintService	307	Printing a document	"Document 201, Print Document owned by jlagor01 on \\MESOEL06484 was printed on VLS3.60 through port UCP-1.  Size in bytes: 1296. Pages printed: 1. No user action is required."
Information	12/8/2019 12:57	Microsoft-Windows-PrintService	307	Printing a document	"Document 202, Print Document owned by jlagor01 on \\MESOEL06484 was printed on VLS3.60 through port UCP-1.  Size in bytes: 1056. Pages printed: 1. No user action is required."
Information	12/8/2019 13:00	Microsoft-Windows-PrintService	307	Printing a document	"Document 203, Print Document owned by jlagor01 on \\MESOEL06484 was printed on VLS3.60 through port UCP-1.  Size in bytes: 1056. Pages printed: 1. No user action is required."
Information	12/8/2019 13:08	Microsoft-Windows-PrintService	307	Printing a document	"Document 204, Print Document owned by jlagor01 on \\MESOEL06484 was printed on VLS3.60 through port UCP-1.  Size in bytes: 3024. Pages printed: 1. No user action is required."
Information	12/8/2019 13:25	Microsoft-Windows-PrintService	307	Printing a document	"Document 205, Print Document owned by jlagor01 on \\MESOEL06484 was printed on VLS3.60 through port UCP-1.  Size in bytes: 5648. Pages printed: 1. No user action is required."
Information	12/8/2019 14:06	Microsoft-Windows-PrintService	307	Printing a document	"Document 206, Print Document owned by jlagor01 on \\MESOEL06484 was printed on VLS3.60 through port UCP-1.  Size in bytes: 10800. Pages printed: 1. No user action is required."
Information	12/8/2019 14:08	Microsoft-Windows-PrintService	307	Printing a document	"Document 207, Print Document owned by jlagor01 on \\MESOEL06484 was printed on VLS3.60 through port UCP-1.  Size in bytes: 11264. Pages printed: 1. No user action is required."
Information	12/8/2019 14:29	Microsoft-Windows-PrintService	307	Printing a document	"Document 208, Print Document owned by jlagor01 on \\MESOEL06484 was printed on VLS3.60 through port UCP-1.  Size in bytes: 29840. Pages printed: 1. No user action is required."
Information	12/8/2019 14:32	Microsoft-Windows-PrintService	307	Printing a document	"Document 209, Print Document owned by jlagor01 on \\MESOEL06484 was printed on VLS3.60 through port UCP-1.  Size in bytes: 7744. Pages printed: 1. No user action is required."
Information	12/8/2019 14:33	Microsoft-Windows-PrintService	307	Printing a document	"Document 210, Print Document owned by jlagor01 on \\MESOEL06484 was printed on VLS3.60 through port UCP-1.  Size in bytes: 9232. Pages printed: 1. No user action is required."
Information	12/8/2019 14:40	Microsoft-Windows-PrintService	307	Printing a document	"Document 211, Print Document owned by jlagor01 on \\MESOEL06484 was printed on VLS3.60 through port UCP-1.  Size in bytes: 1584. Pages printed: 1. No user action is required."
Information	12/8/2019 14:52	Microsoft-Windows-PrintService	307	Printing a document	"Document 212, Print Document owned by jlagor01 on \\MESOEL06484 was printed on VLS3.60 through port UCP-1.  Size in bytes: 3164. Pages printed: 1. No user action is required."
Information	12/8/2019 15:01	Microsoft-Windows-PrintService	307	Printing a document	"Document 213, Print Document owned by jlagor01 on \\MESOEL06484 was printed on VLS3.60 through port UCP-1.  Size in bytes: 18832. Pages printed: 1. No user action is required."
Information	12/8/2019 15:13	Microsoft-Windows-PrintService	307	Printing a document	"Document 214, Print Document owned by jlagor01 on \\MESOEL06484 was printed on VLS3.60 through port UCP-1.  Size in bytes: 10368. Pages printed: 1. No user action is required."
Information	12/8/2019 15:26	Microsoft-Windows-PrintService	307	Printing a document	"Document 215, Print Document owned by jlagor01 on \\MESOEL06484 was printed on VLS3.60 through port UCP-1.  Size in bytes: 8784. Pages printed: 1. No user action is required."
Information	12/8/2019 15:36	Microsoft-Windows-PrintService	307	Printing a document	"Document 216, Print Document owned by jlagor01 on \\MESOEL06484 was printed on VLS3.60 through port UCP-1.  Size in bytes: 6688. Pages printed: 1. No user action is required."
Information	12/8/2019 15:45	Microsoft-Windows-PrintService	307	Printing a document	"Document 217, Print Document owned by jlagor01 on \\MESOEL06484 was printed on VLS3.60 through port UCP-1.  Size in bytes: 4368. Pages printed: 1. No user action is required."
Information	12/8/2019 15:52	Microsoft-Windows-PrintService	307	Printing a document	"Document 218, Print Document owned by jlagor01 on \\MESOEL06484 was printed on VLS3.60 through port UCP-1.  Size in bytes: 4480. Pages printed: 1. No user action is required."
Information	12/8/2019 16:04	Microsoft-Windows-PrintService	307	Printing a document	"Document 219, Print Document owned by asack01 on \\MESOEL06484 was printed on VLS3.60 through port UCP-1.  Size in bytes: 35300. Pages printed: 1. No user action is required."
Information	12/8/2019 16:10	Microsoft-Windows-PrintService	307	Printing a document	"Document 220, Print Document owned by asack01 on \\MESOEL06484 was printed on VLS3.60 through port UCP-1.  Size in bytes: 645344. Pages printed: 1. No user action is required."
Information	12/8/2019 16:45	Microsoft-Windows-PrintService	307	Printing a document	"Document 221, Print Document owned by asack01 on \\MESOEL06484 was printed on VLS3.60 through port UCP-1.  Size in bytes: 1056. Pages printed: 1. No user action is required."
Information	12/8/2019 17:12	Microsoft-Windows-PrintService	307	Printing a document	"Document 222, Print Document owned by asack01 on \\MESOEL06484 was printed on VLS3.60 through port UCP-1.  Size in bytes: 6032. Pages printed: 1. No user action is required."
Information	12/8/2019 17:20	Microsoft-Windows-PrintService	307	Printing a document	"Document 223, Print Document owned by asack01 on \\MESOEL06484 was printed on VLS3.60 through port UCP-1.  Size in bytes: 6032. Pages printed: 1. No user action is required."
Information	12/8/2019 17:37	Microsoft-Windows-PrintService	307	Printing a document	"Document 224, Print Document owned by asack01 on \\MESOEL06484 was printed on VLS3.60 through port UCP-1.  Size in bytes: 12672. Pages printed: 1. No user action is required."
Information	12/8/2019 17:38	Microsoft-Windows-PrintService	307	Printing a document	"Document 225, Print Document owned by asack01 on \\MESOEL06484 was printed on VLS3.60 through port UCP-1.  Size in bytes: 12672. Pages printed: 1. No user action is required."
Information	12/8/2019 17:52	Microsoft-Windows-PrintService	307	Printing a document	"Document 226, Print Document owned by asack01 on \\MESOEL06484 was printed on VLS3.60 through port UCP-1.  Size in bytes: 44968. Pages printed: 1. No user action is required."
Information	12/8/2019 18:17	Microsoft-Windows-PrintService	307	Printing a document	"Document 227, Print Document owned by asack01 on \\MESOEL06484 was printed on VLS3.60 through port UCP-1.  Size in bytes: 23248. Pages printed: 1. No user action is required."
Information	12/8/2019 18:23	Microsoft-Windows-PrintService	307	Printing a document	"Document 228, Print Document owned by asack01 on \\MESOEL06484 was printed on VLS3.60 through port UCP-1.  Size in bytes: 9488. Pages printed: 1. No user action is required."
Information	12/8/2019 18:24	Microsoft-Windows-PrintService	307	Printing a document	"Document 229, Print Document owned by asack01 on \\MESOEL06484 was printed on VLS3.60 through port UCP-1.  Size in bytes: 1424. Pages printed: 1. No user action is required."
Information	12/8/2019 18:25	Microsoft-Windows-PrintService	307	Printing a document	"Document 230, Print Document owned by asack01 on \\MESOEL06484 was printed on VLS3.60 through port UCP-1.  Size in bytes: 784. Pages printed: 1. No user action is required."
Information	12/8/2019 18:26	Microsoft-Windows-PrintService	307	Printing a document	"Document 231, Print Document owned by asack01 on \\MESOEL06484 was printed on VLS3.60 through port UCP-1.  Size in bytes: 3952. Pages printed: 1. No user action is required."
Information	12/8/2019 18:39	Microsoft-Windows-PrintService	307	Printing a document	"Document 232, Print Document owned by asack01 on \\MESOEL06484 was printed on VLS3.60 through port UCP-1.  Size in bytes: 15484. Pages printed: 1. No user action is required."
Information	12/8/2019 18:47	Microsoft-Windows-PrintService	307	Printing a document	"Document 233, Print Document owned by asack01 on \\MESOEL06484 was printed on VLS3.60 through port UCP-1.  Size in bytes: 9828732. Pages printed: 1. No user action is required."
Information	12/8/2019 19:26	Microsoft-Windows-PrintService	307	Printing a document	"Document 234, Print Document owned by asack01 on \\MESOEL06484 was printed on VLS3.60 through port UCP-1.  Size in bytes: 61376. Pages printed: 1. No user action is required."
Information	12/8/2019 19:38	Microsoft-Windows-PrintService	307	Printing a document	"Document 235, Print Document owned by asack01 on \\MESOEL06484 was printed on VLS3.60 through port UCP-1.  Size in bytes: 36560. Pages printed: 1. No user action is required."
Information	12/8/2019 19:52	Microsoft-Windows-PrintService	307	Printing a document	"Document 236, Print Document owned by asack01 on \\MESOEL06484 was printed on VLS3.60 through port UCP-1.  Size in bytes: 992. Pages printed: 1. No user action is required."
Information	12/8/2019 20:04	Microsoft-Windows-PrintService	307	Printing a document	"Document 237, Print Document owned by asack01 on \\MESOEL06484 was printed on VLS3.60 through port UCP-1.  Size in bytes: 9872. Pages printed: 1. No user action is required."
Information	12/8/2019 21:29	Microsoft-Windows-PrintService	307	Printing a document	"Document 238, Print Document owned by asack01 on \\MESOEL06484 was printed on VLS3.60 through port UCP-1.  Size in bytes: 7888. Pages printed: 1. No user action is required."
Information	12/8/2019 21:35	Microsoft-Windows-PrintService	307	Printing a document	"Document 239, Print Document owned by asack01 on \\MESOEL06484 was printed on VLS3.60 through port UCP-1.  Size in bytes: 9472. Pages printed: 1. No user action is required."
Information	12/8/2019 21:43	Microsoft-Windows-PrintService	307	Printing a document	"Document 240, Print Document owned by asack01 on \\MESOEL06484 was printed on VLS3.60 through port UCP-1.  Size in bytes: 24992. Pages printed: 1. No user action is required."
Information	12/8/2019 21:56	Microsoft-Windows-PrintService	307	Printing a document	"Document 241, Print Document owned by asack01 on \\MESOEL06484 was printed on VLS3.60 through port UCP-1.  Size in bytes: 2040. Pages printed: 1. No user action is required."
Information	12/8/2019 21:57	Microsoft-Windows-PrintService	307	Printing a document	"Document 242, Print Document owned by asack01 on \\MESOEL06484 was printed on VLS3.60 through port UCP-1.  Size in bytes: 42688. Pages printed: 1. No user action is required."
Information	12/8/2019 22:05	Microsoft-Windows-PrintService	307	Printing a document	"Document 243, Print Document owned by asack01 on \\MESOEL06484 was printed on VLS3.60 through port UCP-1.  Size in bytes: 832. Pages printed: 1. No user action is required."
Information	12/8/2019 22:07	Microsoft-Windows-PrintService	307	Printing a document	"Document 244, Print Document owned by asack01 on \\MESOEL06484 was printed on VLS3.60 through port UCP-1.  Size in bytes: 656. Pages printed: 1. No user action is required."
Information	12/8/2019 22:10	Microsoft-Windows-PrintService	307	Printing a document	"Document 245, Print Document owned by asack01 on \\MESOEL06484 was printed on VLS3.60 through port UCP-1.  Size in bytes: 656. Pages printed: 1. No user action is required."
Information	12/8/2019 22:25	Microsoft-Windows-PrintService	307	Printing a document	"Document 246, Print Document owned by asack01 on \\MESOEL06484 was printed on VLS3.60 through port UCP-1.  Size in bytes: 10576. Pages printed: 1. No user action is required."
Information	12/8/2019 22:32	Microsoft-Windows-PrintService	307	Printing a document	"Document 247, Print Document owned by asack01 on \\MESOEL06484 was printed on VLS3.60 through port UCP-1.  Size in bytes: 4944. Pages printed: 1. No user action is required."
Information	12/8/2019 22:32	Microsoft-Windows-PrintService	307	Printing a document	"Document 248, Print Document owned by asack01 on \\MESOEL06484 was printed on VLS3.60 through port UCP-1.  Size in bytes: 2672. Pages printed: 1. No user action is required."
Information	12/8/2019 22:37	Microsoft-Windows-PrintService	307	Printing a document	"Document 249, Print Document owned by asack01 on \\MESOEL06484 was printed on VLS3.60 through port UCP-1.  Size in bytes: 1536. Pages printed: 1. No user action is required."
Information	12/8/2019 22:43	Microsoft-Windows-PrintService	307	Printing a document	"Document 250, Print Document owned by asack01 on \\MESOEL06484 was printed on VLS3.60 through port UCP-1.  Size in bytes: 2672. Pages printed: 1. No user action is required."
Information	12/9/2019 0:14	Microsoft-Windows-PrintService	307	Printing a document	"Document 251, Print Document owned by asack01 on \\MESOEL06484 was printed on VLS3.60 through port UCP-1.  Size in bytes: 1104. Pages printed: 1. No user action is required."
Information	12/9/2019 0:17	Microsoft-Windows-PrintService	307	Printing a document	"Document 252, Print Document owned by asack01 on \\MESOEL06484 was printed on VLS3.60 through port UCP-1.  Size in bytes: 1104. Pages printed: 1. No user action is required."
Information	12/9/2019 0:19	Microsoft-Windows-PrintService	307	Printing a document	"Document 253, Print Document owned by asack01 on \\MESOEL06484 was printed on VLS3.60 through port UCP-1.  Size in bytes: 1104. Pages printed: 1. No user action is required."
Information	12/9/2019 0:34	Microsoft-Windows-PrintService	307	Printing a document	"Document 254, Print Document owned by asack01 on \\MESOEL06484 was printed on VLS3.60 through port UCP-1.  Size in bytes: 1104. Pages printed: 1. No user action is required."
Information	12/9/2019 0:34	Microsoft-Windows-PrintService	307	Printing a document	"Document 255, Print Document owned by asack01 on \\MESOEL06484 was printed on VLS3.60 through port UCP-1.  Size in bytes: 1104. Pages printed: 1. No user action is required."
Information	12/9/2019 10:51	Microsoft-Windows-PrintService	307	Printing a document	"Document 1, Print Document owned by asack01 on \\MESOEL06484 was printed on VLS3.60 through port UCP-1.  Size in bytes: 3089812. Pages printed: 1. No user action is required."
Information	12/9/2019 10:53	Microsoft-Windows-PrintService	307	Printing a document	"Document 2, Print Document owned by asack01 on \\MESOEL06484 was printed on VLS3.60 through port UCP-1.  Size in bytes: 3087316. Pages printed: 1. No user action is required."
Information	12/9/2019 10:53	Microsoft-Windows-PrintService	307	Printing a document	"Document 3, Print Document owned by asack01 on \\MESOEL06484 was printed on VLS3.60 through port UCP-1.  Size in bytes: 3089812. Pages printed: 1. No user action is required."
Information	12/9/2019 11:03	Microsoft-Windows-PrintService	307	Printing a document	"Document 4, Print Document owned by asack01 on \\MESOEL06484 was printed on VLS3.60 through port UCP-1.  Size in bytes: 3089812. Pages printed: 1. No user action is required."
Information	12/9/2019 11:04	Microsoft-Windows-PrintService	307	Printing a document	"Document 5, Print Document owned by asack01 on \\MESOEL06484 was printed on VLS3.60 through port UCP-1.  Size in bytes: 3089812. Pages printed: 1. No user action is required."
Information	12/9/2019 11:06	Microsoft-Windows-PrintService	307	Printing a document	"Document 6, Print Document owned by asack01 on \\MESOEL06484 was printed on VLS3.60 through port UCP-1.  Size in bytes: 3089160. Pages printed: 1. No user action is required."
Information	12/9/2019 11:08	Microsoft-Windows-PrintService	307	Printing a document	"Document 7, Print Document owned by asack01 on \\MESOEL06484 was printed on VLS3.60 through port UCP-1.  Size in bytes: 3090332. Pages printed: 1. No user action is required."
Information	12/9/2019 11:23	Microsoft-Windows-PrintService	307	Printing a document	"Document 8, Print Document owned by asack01 on \\MESOEL06484 was printed on VLS3.60 through port UCP-1.  Size in bytes: 3089460. Pages printed: 1. No user action is required."
Information	12/9/2019 11:23	Microsoft-Windows-PrintService	307	Printing a document	"Document 9, Print Document owned by asack01 on \\MESOEL06484 was printed on VLS3.60 through port UCP-1.  Size in bytes: 3089460. Pages printed: 1. No user action is required."
Information	12/9/2019 11:39	Microsoft-Windows-PrintService	307	Printing a document	"Document 10, Print Document owned by asack01 on \\MESOEL06484 was printed on VLS3.60 through port UCP-1.  Size in bytes: 836. Pages printed: 1. No user action is required."
Information	12/9/2019 12:09	Microsoft-Windows-PrintService	307	Printing a document	"Document 11, Print Document owned by asack01 on \\MESOEL06484 was printed on VLS3.60 through port UCP-1.  Size in bytes: 8080. Pages printed: 1. No user action is required."
Information	12/9/2019 12:23	Microsoft-Windows-PrintService	307	Printing a document	"Document 12, Print Document owned by asack01 on \\MESOEL06484 was printed on VLS3.60 through port UCP-1.  Size in bytes: 1684. Pages printed: 1. No user action is required."
Information	12/9/2019 12:28	Microsoft-Windows-PrintService	307	Printing a document	"Document 13, Print Document owned by asack01 on \\MESOEL06484 was printed on VLS3.60 through port UCP-1.  Size in bytes: 4240. Pages printed: 1. No user action is required."
Information	12/9/2019 12:41	Microsoft-Windows-PrintService	307	Printing a document	"Document 14, Print Document owned by asack01 on \\MESOEL06484 was printed on VLS3.60 through port UCP-1.  Size in bytes: 42352. Pages printed: 1. No user action is required."
Information	12/9/2019 13:19	Microsoft-Windows-PrintService	307	Printing a document	"Document 15, Print Document owned by asack01 on \\MESOEL06484 was printed on VLS3.60 through port UCP-1.  Size in bytes: 3376. Pages printed: 1. No user action is required."
Information	12/9/2019 13:37	Microsoft-Windows-PrintService	307	Printing a document	"Document 16, Print Document owned by asack01 on \\MESOEL06484 was printed on VLS3.60 through port UCP-1.  Size in bytes: 2128. Pages printed: 1. No user action is required."
Information	12/9/2019 14:22	Microsoft-Windows-PrintService	307	Printing a document	"Document 17, Print Document owned by asack01 on \\MESOEL06484 was printed on VLS3.60 through port UCP-1.  Size in bytes: 1712. Pages printed: 1. No user action is required."
Information	12/9/2019 14:25	Microsoft-Windows-PrintService	307	Printing a document	"Document 18, Print Document owned by asack01 on \\MESOEL06484 was printed on VLS3.60 through port UCP-1.  Size in bytes: 1872. Pages printed: 1. No user action is required."
Information	12/9/2019 14:41	Microsoft-Windows-PrintService	307	Printing a document	"Document 19, Print Document owned by asack01 on \\MESOEL06484 was printed on VLS3.60 through port UCP-1.  Size in bytes: 39260. Pages printed: 1. No user action is required."
Information	12/9/2019 17:48	Microsoft-Windows-PrintService	307	Printing a document	"Document 20, Print Document owned by asack01 on \\MESOEL06484 was printed on VLS3.60 through port UCP-1.  Size in bytes: 549256. Pages printed: 1. No user action is required."
Information	12/9/2019 18:58	Microsoft-Windows-PrintService	307	Printing a document	"Document 21, Print Document owned by asack01 on \\MESOEL06484 was printed on VLS3.60 through port UCP-1.  Size in bytes: 1445576. Pages printed: 1. No user action is required."
Information	12/9/2019 18:59	Microsoft-Windows-PrintService	307	Printing a document	"Document 22, Print Document owned by asack01 on \\MESOEL06484 was printed on VLS3.60 through port UCP-1.  Size in bytes: 1445576. Pages printed: 1. No user action is required."
Information	12/9/2019 19:01	Microsoft-Windows-PrintService	307	Printing a document	"Document 23, Print Document owned by asack01 on \\MESOEL06484 was printed on VLS3.60 through port UCP-1.  Size in bytes: 1445576. Pages printed: 1. No user action is required."
Information	12/9/2019 19:01	Microsoft-Windows-PrintService	307	Printing a document	"Document 24, Print Document owned by asack01 on \\MESOEL06484 was printed on VLS3.60 through port UCP-1.  Size in bytes: 1445576. Pages printed: 1. No user action is required."
Information	12/9/2019 19:03	Microsoft-Windows-PrintService	307	Printing a document	"Document 25, Print Document owned by asack01 on \\MESOEL06484 was printed on VLS3.60 through port UCP-1.  Size in bytes: 1445576. Pages printed: 1. No user action is required."
Information	12/9/2019 19:14	Microsoft-Windows-PrintService	307	Printing a document	"Document 26, Print Document owned by asack01 on \\MESOEL06484 was printed on VLS3.60 through port UCP-1.  Size in bytes: 522672. Pages printed: 1. No user action is required."
Information	12/9/2019 19:48	Microsoft-Windows-PrintService	307	Printing a document	"Document 27, Print Document owned by asack01 on \\MESOEL06484 was printed on VLS3.60 through port UCP-1.  Size in bytes: 46096. Pages printed: 1. No user action is required."
Information	12/9/2019 22:50	Microsoft-Windows-PrintService	307	Printing a document	"Document 28, Print Document owned by asack01 on \\MESOEL06484 was printed on VLS3.60 through port UCP-1.  Size in bytes: 274152. Pages printed: 1. No user action is required."
Information	12/10/2019 9:11	Microsoft-Windows-PrintService	307	Printing a document	"Document 29, Print Document owned by ywu15 on \\MESOEL06484 was printed on VLS3.60 through port UCP-1.  Size in bytes: 278236. Pages printed: 1. No user action is required."
Information	12/10/2019 11:29	Microsoft-Windows-PrintService	307	Printing a document	"Document 30, Print Document owned by pmisne01 on \\MESOEL06484 was printed on VLS3.60 through port UCP-1.  Size in bytes: 1808. Pages printed: 1. No user action is required."
Information	12/10/2019 14:05	Microsoft-Windows-PrintService	307	Printing a document	"Document 31, Print Document owned by pmisne01 on \\MESOEL06484 was printed on VLS3.60 through port UCP-1.  Size in bytes: 19200. Pages printed: 1. No user action is required."
Information	12/10/2019 14:07	Microsoft-Windows-PrintService	307	Printing a document	"Document 32, Print Document owned by pmisne01 on \\MESOEL06484 was printed on VLS3.60 through port UCP-1.  Size in bytes: 28600. Pages printed: 1. No user action is required."
Information	12/10/2019 14:17	Microsoft-Windows-PrintService	307	Printing a document	"Document 33, Print Document owned by pmisne01 on \\MESOEL06484 was printed on VLS3.60 through port UCP-1.  Size in bytes: 28128. Pages printed: 1. No user action is required."
Information	12/10/2019 14:21	Microsoft-Windows-PrintService	307	Printing a document	"Document 34, Print Document owned by pmisne01 on \\MESOEL06484 was printed on VLS3.60 through port UCP-1.  Size in bytes: 28128. Pages printed: 1. No user action is required."
Information	12/10/2019 14:42	Microsoft-Windows-PrintService	307	Printing a document	"Document 35, Print Document owned by pmisne01 on \\MESOEL06484 was printed on VLS3.60 through port UCP-1.  Size in bytes: 20112. Pages printed: 1. No user action is required."
Information	12/10/2019 14:46	Microsoft-Windows-PrintService	307	Printing a document	"Document 36, Print Document owned by pmisne01 on \\MESOEL06484 was printed on VLS3.60 through port UCP-1.  Size in bytes: 8992. Pages printed: 1. No user action is required."
Information	12/10/2019 15:09	Microsoft-Windows-PrintService	307	Printing a document	"Document 37, Print Document owned by pmisne01 on \\MESOEL06484 was printed on VLS3.60 through port UCP-1.  Size in bytes: 32868. Pages printed: 1. No user action is required."
Information	12/10/2019 15:23	Microsoft-Windows-PrintService	307	Printing a document	"Document 38, Print Document owned by pmisne01 on \\MESOEL06484 was printed on VLS3.60 through port UCP-1.  Size in bytes: 20116. Pages printed: 1. No user action is required."
Information	12/10/2019 15:39	Microsoft-Windows-PrintService	307	Printing a document	"Document 39, Print Document owned by pmisne01 on \\MESOEL06484 was printed on VLS3.60 through port UCP-1.  Size in bytes: 19200. Pages printed: 1. No user action is required."
Information	12/10/2019 15:40	Microsoft-Windows-PrintService	307	Printing a document	"Document 40, Print Document owned by pmisne01 on \\MESOEL06484 was printed on VLS3.60 through port UCP-1.  Size in bytes: 19200. Pages printed: 1. No user action is required."
Information	12/10/2019 15:46	Microsoft-Windows-PrintService	307	Printing a document	"Document 41, Print Document owned by pmisne01 on \\MESOEL06484 was printed on VLS3.60 through port UCP-1.  Size in bytes: 380344. Pages printed: 1. No user action is required."
Information	12/10/2019 16:07	Microsoft-Windows-PrintService	307	Printing a document	"Document 42, Print Document owned by pmisne01 on \\MESOEL06484 was printed on VLS3.60 through port UCP-1.  Size in bytes: 125596. Pages printed: 1. No user action is required."
Information	12/10/2019 18:12	Microsoft-Windows-PrintService	307	Printing a document	"Document 43, Print Document owned by pmisne01 on \\MESOEL06484 was printed on VLS3.60 through port UCP-1.  Size in bytes: 6672. Pages printed: 1. No user action is required."
Information	12/10/2019 18:13	Microsoft-Windows-PrintService	307	Printing a document	"Document 44, Print Document owned by pmisne01 on \\MESOEL06484 was printed on VLS3.60 through port UCP-1.  Size in bytes: 6672. Pages printed: 1. No user action is required."
Information	12/10/2019 18:14	Microsoft-Windows-PrintService	307	Printing a document	"Document 45, Print Document owned by pmisne01 on \\MESOEL06484 was printed on VLS3.60 through port UCP-1.  Size in bytes: 6160. Pages printed: 1. No user action is required."
Information	12/10/2019 18:15	Microsoft-Windows-PrintService	307	Printing a document	"Document 46, Print Document owned by pmisne01 on \\MESOEL06484 was printed on VLS3.60 through port UCP-1.  Size in bytes: 6672. Pages printed: 1. No user action is required."
Information	12/10/2019 18:17	Microsoft-Windows-PrintService	307	Printing a document	"Document 47, Print Document owned by pmisne01 on \\MESOEL06484 was printed on VLS3.60 through port UCP-1.  Size in bytes: 4112. Pages printed: 1. No user action is required."
Information	12/10/2019 18:20	Microsoft-Windows-PrintService	307	Printing a document	"Document 48, Print Document owned by pmisne01 on \\MESOEL06484 was printed on VLS3.60 through port UCP-1.  Size in bytes: 4112. Pages printed: 1. No user action is required."
Information	12/10/2019 18:27	Microsoft-Windows-PrintService	307	Printing a document	"Document 49, Print Document owned by pmisne01 on \\MESOEL06484 was printed on VLS3.60 through port UCP-1.  Size in bytes: 19216. Pages printed: 1. No user action is required."
Information	12/10/2019 18:36	Microsoft-Windows-PrintService	307	Printing a document	"Document 50, Print Document owned by pmisne01 on \\MESOEL06484 was printed on VLS3.60 through port UCP-1.  Size in bytes: 11536. Pages printed: 1. No user action is required."
Information	12/10/2019 20:17	Microsoft-Windows-PrintService	307	Printing a document	"Document 51, Print Document owned by pmisne01 on \\MESOEL06484 was printed on VLS3.60 through port UCP-1.  Size in bytes: 2352. Pages printed: 1. No user action is required."
Information	12/10/2019 20:19	Microsoft-Windows-PrintService	307	Printing a document	"Document 52, Print Document owned by pmisne01 on \\MESOEL06484 was printed on VLS3.60 through port UCP-1.  Size in bytes: 2352. Pages printed: 1. No user action is required."
Information	12/10/2019 20:22	Microsoft-Windows-PrintService	307	Printing a document	"Document 53, Print Document owned by pmisne01 on \\MESOEL06484 was printed on VLS3.60 through port UCP-1.  Size in bytes: 2352. Pages printed: 1. No user action is required."
Information	12/10/2019 20:27	Microsoft-Windows-PrintService	307	Printing a document	"Document 54, Print Document owned by pmisne01 on \\MESOEL06484 was printed on VLS3.60 through port UCP-1.  Size in bytes: 2352. Pages printed: 1. No user action is required."
Information	12/10/2019 20:28	Microsoft-Windows-PrintService	307	Printing a document	"Document 55, Print Document owned by pmisne01 on \\MESOEL06484 was printed on VLS3.60 through port UCP-1.  Size in bytes: 2352. Pages printed: 1. No user action is required."
Information	12/10/2019 20:30	Microsoft-Windows-PrintService	307	Printing a document	"Document 56, Print Document owned by pmisne01 on \\MESOEL06484 was printed on VLS3.60 through port UCP-1.  Size in bytes: 1808. Pages printed: 1. No user action is required."
Information	12/10/2019 20:38	Microsoft-Windows-PrintService	307	Printing a document	"Document 57, Print Document owned by pmisne01 on \\MESOEL06484 was printed on VLS3.60 through port UCP-1.  Size in bytes: 9472. Pages printed: 1. No user action is required."
Information	12/10/2019 20:44	Microsoft-Windows-PrintService	307	Printing a document	"Document 58, Print Document owned by pmisne01 on \\MESOEL06484 was printed on VLS3.60 through port UCP-1.  Size in bytes: 1808. Pages printed: 1. No user action is required."
Information	12/10/2019 21:00	Microsoft-Windows-PrintService	307	Printing a document	"Document 59, Print Document owned by pmisne01 on \\MESOEL06484 was printed on VLS3.60 through port UCP-1.  Size in bytes: 125604. Pages printed: 1. No user action is required."
Information	12/10/2019 22:19	Microsoft-Windows-PrintService	307	Printing a document	"Document 60, Print Document owned by pmisne01 on \\MESOEL06484 was printed on VLS3.60 through port UCP-1.  Size in bytes: 10128. Pages printed: 1. No user action is required."
Information	12/10/2019 22:20	Microsoft-Windows-PrintService	307	Printing a document	"Document 61, Print Document owned by pmisne01 on \\MESOEL06484 was printed on VLS3.60 through port UCP-1.  Size in bytes: 29760. Pages printed: 1. No user action is required."
Information	12/10/2019 22:23	Microsoft-Windows-PrintService	307	Printing a document	"Document 62, Print Document owned by pmisne01 on \\MESOEL06484 was printed on VLS3.60 through port UCP-1.  Size in bytes: 25608. Pages printed: 1. No user action is required."
Information	12/10/2019 22:45	Microsoft-Windows-PrintService	307	Printing a document	"Document 63, Print Document owned by pmisne01 on \\MESOEL06484 was printed on VLS3.60 through port UCP-1.  Size in bytes: 64648. Pages printed: 1. No user action is required."
Information	12/10/2019 22:50	Microsoft-Windows-PrintService	307	Printing a document	"Document 64, Print Document owned by pmisne01 on \\MESOEL06484 was printed on VLS3.60 through port UCP-1.  Size in bytes: 389128. Pages printed: 1. No user action is required."
