Information	11/5/2019 14:59	Microsoft-Windows-PrintService	307	Printing a document	"Document 133, Print Document owned by fvande01 on \\MESOEL06484 was printed on VLS3.60 through port UCP-1.  Size in bytes: 44092. Pages printed: 1. No user action is required."
Information	11/5/2019 15:01	Microsoft-Windows-PrintService	307	Printing a document	"Document 134, Print Document owned by fvande01 on \\MESOEL06484 was printed on VLS3.60 through port UCP-1.  Size in bytes: 44460. Pages printed: 1. No user action is required."
Information	11/5/2019 15:04	Microsoft-Windows-PrintService	307	Printing a document	"Document 135, Print Document owned by fvande01 on \\MESOEL06484 was printed on VLS3.60 through port UCP-1.  Size in bytes: 44460. Pages printed: 1. No user action is required."
Information	11/5/2019 15:07	Microsoft-Windows-PrintService	307	Printing a document	"Document 136, Print Document owned by fvande01 on \\MESOEL06484 was printed on VLS3.60 through port UCP-1.  Size in bytes: 44460. Pages printed: 1. No user action is required."
Information	11/5/2019 15:07	Microsoft-Windows-PrintService	307	Printing a document	"Document 137, Print Document owned by fvande01 on \\MESOEL06484 was printed on VLS3.60 through port UCP-1.  Size in bytes: 44460. Pages printed: 1. No user action is required."
Information	11/5/2019 15:08	Microsoft-Windows-PrintService	307	Printing a document	"Document 138, Print Document owned by fvande01 on \\MESOEL06484 was printed on VLS3.60 through port UCP-1.  Size in bytes: 44460. Pages printed: 1. No user action is required."
Information	11/5/2019 15:08	Microsoft-Windows-PrintService	307	Printing a document	"Document 139, Print Document owned by fvande01 on \\MESOEL06484 was printed on VLS3.60 through port UCP-1.  Size in bytes: 44460. Pages printed: 1. No user action is required."
Information	11/5/2019 15:08	Microsoft-Windows-PrintService	307	Printing a document	"Document 140, Print Document owned by fvande01 on \\MESOEL06484 was printed on VLS3.60 through port UCP-1.  Size in bytes: 2368. Pages printed: 1. No user action is required."
Information	11/5/2019 15:09	Microsoft-Windows-PrintService	307	Printing a document	"Document 141, Print Document owned by fvande01 on \\MESOEL06484 was printed on VLS3.60 through port UCP-1.  Size in bytes: 2368. Pages printed: 1. No user action is required."
Information	11/5/2019 15:10	Microsoft-Windows-PrintService	307	Printing a document	"Document 142, Print Document owned by fvande01 on \\MESOEL06484 was printed on VLS3.60 through port UCP-1.  Size in bytes: 44460. Pages printed: 1. No user action is required."
Information	11/5/2019 15:10	Microsoft-Windows-PrintService	307	Printing a document	"Document 143, Print Document owned by fvande01 on \\MESOEL06484 was printed on VLS3.60 through port UCP-1.  Size in bytes: 44460. Pages printed: 1. No user action is required."
Information	11/5/2019 15:11	Microsoft-Windows-PrintService	307	Printing a document	"Document 144, Print Document owned by fvande01 on \\MESOEL06484 was printed on VLS3.60 through port UCP-1.  Size in bytes: 44460. Pages printed: 1. No user action is required."
Information	11/5/2019 15:14	Microsoft-Windows-PrintService	307	Printing a document	"Document 145, Print Document owned by fvande01 on \\MESOEL06484 was printed on VLS3.60 through port UCP-1.  Size in bytes: 39252. Pages printed: 1. No user action is required."
Information	11/5/2019 15:15	Microsoft-Windows-PrintService	307	Printing a document	"Document 146, Print Document owned by fvande01 on \\MESOEL06484 was printed on VLS3.60 through port UCP-1.  Size in bytes: 39252. Pages printed: 1. No user action is required."
Information	11/5/2019 15:34	Microsoft-Windows-PrintService	307	Printing a document	"Document 147, Print Document owned by fvande01 on \\MESOEL06484 was printed on VLS3.60 through port UCP-1.  Size in bytes: 4228. Pages printed: 1. No user action is required."
Information	11/5/2019 15:36	Microsoft-Windows-PrintService	307	Printing a document	"Document 148, Print Document owned by fvande01 on \\MESOEL06484 was printed on VLS3.60 through port UCP-1.  Size in bytes: 4228. Pages printed: 1. No user action is required."
Information	11/5/2019 15:38	Microsoft-Windows-PrintService	307	Printing a document	"Document 149, Print Document owned by fvande01 on \\MESOEL06484 was printed on VLS3.60 through port UCP-1.  Size in bytes: 4228. Pages printed: 1. No user action is required."
Information	11/5/2019 15:40	Microsoft-Windows-PrintService	307	Printing a document	"Document 150, Print Document owned by fvande01 on \\MESOEL06484 was printed on VLS3.60 through port UCP-1.  Size in bytes: 4228. Pages printed: 1. No user action is required."
Information	11/5/2019 15:45	Microsoft-Windows-PrintService	307	Printing a document	"Document 151, Print Document owned by fvande01 on \\MESOEL06484 was printed on VLS3.60 through port UCP-1.  Size in bytes: 3700. Pages printed: 1. No user action is required."
Information	11/5/2019 17:18	Microsoft-Windows-PrintService	307	Printing a document	"Document 152, Print Document owned by fvande01 on \\MESOEL06484 was printed on VLS3.60 through port UCP-1.  Size in bytes: 4501360. Pages printed: 1. No user action is required."
Information	11/5/2019 17:19	Microsoft-Windows-PrintService	307	Printing a document	"Document 153, Print Document owned by fvande01 on \\MESOEL06484 was printed on VLS3.60 through port UCP-1.  Size in bytes: 4501360. Pages printed: 1. No user action is required."
Information	11/5/2019 17:24	Microsoft-Windows-PrintService	307	Printing a document	"Document 154, Print Document owned by fvande01 on \\MESOEL06484 was printed on VLS3.60 through port UCP-1.  Size in bytes: 4501120. Pages printed: 1. No user action is required."
Information	11/5/2019 17:25	Microsoft-Windows-PrintService	307	Printing a document	"Document 155, Print Document owned by fvande01 on \\MESOEL06484 was printed on VLS3.60 through port UCP-1.  Size in bytes: 4501304. Pages printed: 1. No user action is required."
Information	11/5/2019 17:32	Microsoft-Windows-PrintService	307	Printing a document	"Document 156, Print Document owned by fvande01 on \\MESOEL06484 was printed on VLS3.60 through port UCP-1.  Size in bytes: 35600. Pages printed: 1. No user action is required."
Information	11/5/2019 17:44	Microsoft-Windows-PrintService	307	Printing a document	"Document 157, Print Document owned by fvande01 on \\MESOEL06484 was printed on VLS3.60 through port UCP-1.  Size in bytes: 6128. Pages printed: 1. No user action is required."
Information	11/5/2019 18:13	Microsoft-Windows-PrintService	307	Printing a document	"Document 158, Print Document owned by fvande01 on \\MESOEL06484 was printed on VLS3.60 through port UCP-1.  Size in bytes: 6288. Pages printed: 1. No user action is required."
Information	11/5/2019 18:28	Microsoft-Windows-PrintService	307	Printing a document	"Document 159, Print Document owned by fvande01 on \\MESOEL06484 was printed on VLS3.60 through port UCP-1.  Size in bytes: 76680. Pages printed: 1. No user action is required."
Information	11/5/2019 18:45	Microsoft-Windows-PrintService	307	Printing a document	"Document 160, Print Document owned by fvande01 on \\MESOEL06484 was printed on VLS3.60 through port UCP-1.  Size in bytes: 201388. Pages printed: 1. No user action is required."
Information	11/5/2019 18:45	Microsoft-Windows-PrintService	307	Printing a document	"Document 161, Print Document owned by fvande01 on \\MESOEL06484 was printed on VLS3.60 through port UCP-1.  Size in bytes: 201204. Pages printed: 1. No user action is required."
Information	11/5/2019 18:48	Microsoft-Windows-PrintService	307	Printing a document	"Document 162, Print Document owned by fvande01 on \\MESOEL06484 was printed on VLS3.60 through port UCP-1.  Size in bytes: 201572. Pages printed: 1. No user action is required."
Information	11/5/2019 18:51	Microsoft-Windows-PrintService	307	Printing a document	"Document 163, Print Document owned by fvande01 on \\MESOEL06484 was printed on VLS3.60 through port UCP-1.  Size in bytes: 284332. Pages printed: 1. No user action is required."
Information	11/5/2019 19:41	Microsoft-Windows-PrintService	307	Printing a document	"Document 164, Print Document owned by fvande01 on \\MESOEL06484 was printed on VLS3.60 through port UCP-1.  Size in bytes: 23920. Pages printed: 1. No user action is required."
Information	11/5/2019 19:50	Microsoft-Windows-PrintService	307	Printing a document	"Document 165, Print Document owned by fvande01 on \\MESOEL06484 was printed on VLS3.60 through port UCP-1.  Size in bytes: 18000. Pages printed: 1. No user action is required."
Information	11/5/2019 19:55	Microsoft-Windows-PrintService	307	Printing a document	"Document 166, Print Document owned by fvande01 on \\MESOEL06484 was printed on VLS3.60 through port UCP-1.  Size in bytes: 18000. Pages printed: 1. No user action is required."
Information	11/5/2019 20:09	Microsoft-Windows-PrintService	307	Printing a document	"Document 167, Print Document owned by fvande01 on \\MESOEL06484 was printed on VLS3.60 through port UCP-1.  Size in bytes: 25024. Pages printed: 1. No user action is required."
Information	11/5/2019 20:10	Microsoft-Windows-PrintService	307	Printing a document	"Document 168, Print Document owned by fvande01 on \\MESOEL06484 was printed on VLS3.60 through port UCP-1.  Size in bytes: 25024. Pages printed: 1. No user action is required."
Information	11/5/2019 20:30	Microsoft-Windows-PrintService	307	Printing a document	"Document 169, Print Document owned by fvande01 on \\MESOEL06484 was printed on VLS3.60 through port UCP-1.  Size in bytes: 4208. Pages printed: 1. No user action is required."
Information	11/5/2019 21:11	Microsoft-Windows-PrintService	307	Printing a document	"Document 170, Print Document owned by fvande01 on \\MESOEL06484 was printed on VLS3.60 through port UCP-1.  Size in bytes: 4080. Pages printed: 1. No user action is required."
Information	11/5/2019 21:25	Microsoft-Windows-PrintService	307	Printing a document	"Document 171, Print Document owned by fvande01 on \\MESOEL06484 was printed on VLS3.60 through port UCP-1.  Size in bytes: 30448. Pages printed: 1. No user action is required."
Information	11/5/2019 21:32	Microsoft-Windows-PrintService	307	Printing a document	"Document 172, Print Document owned by fvande01 on \\MESOEL06484 was printed on VLS3.60 through port UCP-1.  Size in bytes: 9104. Pages printed: 1. No user action is required."
Information	11/5/2019 21:47	Microsoft-Windows-PrintService	307	Printing a document	"Document 173, Print Document owned by fvande01 on \\MESOEL06484 was printed on VLS3.60 through port UCP-1.  Size in bytes: 4080. Pages printed: 1. No user action is required."
Information	11/5/2019 21:50	Microsoft-Windows-PrintService	307	Printing a document	"Document 174, Print Document owned by fvande01 on \\MESOEL06484 was printed on VLS3.60 through port UCP-1.  Size in bytes: 4080. Pages printed: 1. No user action is required."
Information	11/5/2019 21:57	Microsoft-Windows-PrintService	307	Printing a document	"Document 175, Print Document owned by fvande01 on \\MESOEL06484 was printed on VLS3.60 through port UCP-1.  Size in bytes: 14832. Pages printed: 1. No user action is required."
Information	11/5/2019 22:08	Microsoft-Windows-PrintService	307	Printing a document	"Document 176, Print Document owned by fvande01 on \\MESOEL06484 was printed on VLS3.60 through port UCP-1.  Size in bytes: 756. Pages printed: 1. No user action is required."
Information	11/5/2019 22:10	Microsoft-Windows-PrintService	307	Printing a document	"Document 177, Print Document owned by fvande01 on \\MESOEL06484 was printed on VLS3.60 through port UCP-1.  Size in bytes: 756. Pages printed: 1. No user action is required."
Information	11/5/2019 22:17	Microsoft-Windows-PrintService	307	Printing a document	"Document 178, Print Document owned by fvande01 on \\MESOEL06484 was printed on VLS3.60 through port UCP-1.  Size in bytes: 656. Pages printed: 1. No user action is required."
Information	11/5/2019 22:20	Microsoft-Windows-PrintService	307	Printing a document	"Document 179, Print Document owned by fvande01 on \\MESOEL06484 was printed on VLS3.60 through port UCP-1.  Size in bytes: 720. Pages printed: 1. No user action is required."
Information	11/5/2019 22:24	Microsoft-Windows-PrintService	307	Printing a document	"Document 180, Print Document owned by fvande01 on \\MESOEL06484 was printed on VLS3.60 through port UCP-1.  Size in bytes: 1040. Pages printed: 1. No user action is required."
Information	11/5/2019 22:28	Microsoft-Windows-PrintService	307	Printing a document	"Document 181, Print Document owned by fvande01 on \\MESOEL06484 was printed on VLS3.60 through port UCP-1.  Size in bytes: 1040. Pages printed: 1. No user action is required."
Information	11/5/2019 23:55	Microsoft-Windows-PrintService	307	Printing a document	"Document 182, Print Document owned by fvande01 on \\MESOEL06484 was printed on VLS3.60 through port UCP-1.  Size in bytes: 2544. Pages printed: 1. No user action is required."
Information	11/5/2019 23:57	Microsoft-Windows-PrintService	307	Printing a document	"Document 183, Print Document owned by fvande01 on \\MESOEL06484 was printed on VLS3.60 through port UCP-1.  Size in bytes: 1808. Pages printed: 1. No user action is required."
Information	11/6/2019 0:02	Microsoft-Windows-PrintService	307	Printing a document	"Document 184, Print Document owned by fvande01 on \\MESOEL06484 was printed on VLS3.60 through port UCP-1.  Size in bytes: 8976. Pages printed: 1. No user action is required."
Information	11/6/2019 0:30	Microsoft-Windows-PrintService	307	Printing a document	"Document 185, Print Document owned by fvande01 on \\MESOEL06484 was printed on VLS3.60 through port UCP-1.  Size in bytes: 8976. Pages printed: 1. No user action is required."
Information	11/6/2019 9:49	Microsoft-Windows-PrintService	307	Printing a document	"Document 186, Print Document owned by arobic02 on \\MESOEL06484 was printed on VLS3.60 through port UCP-1.  Size in bytes: 23080. Pages printed: 1. No user action is required."
Information	11/6/2019 10:18	Microsoft-Windows-PrintService	307	Printing a document	"Document 187, Print Document owned by arobic02 on \\MESOEL06484 was printed on VLS3.60 through port UCP-1.  Size in bytes: 37780. Pages printed: 1. No user action is required."
Information	11/6/2019 10:49	Microsoft-Windows-PrintService	307	Printing a document	"Document 188, Print Document owned by rhayes03 on \\MESOEL06484 was printed on VLS3.60 through port UCP-1.  Size in bytes: 16584. Pages printed: 1. No user action is required."
Information	11/6/2019 11:07	Microsoft-Windows-PrintService	307	Printing a document	"Document 189, Print Document owned by rhayes03 on \\MESOEL06484 was printed on VLS3.60 through port UCP-1.  Size in bytes: 6688. Pages printed: 1. No user action is required."
Information	11/6/2019 11:53	Microsoft-Windows-PrintService	307	Printing a document	"Document 190, Print Document owned by rhayes03 on \\MESOEL06484 was printed on VLS3.60 through port UCP-1.  Size in bytes: 1456. Pages printed: 1. No user action is required."
Information	11/6/2019 12:00	Microsoft-Windows-PrintService	307	Printing a document	"Document 191, Print Document owned by rhayes03 on \\MESOEL06484 was printed on VLS3.60 through port UCP-1.  Size in bytes: 912. Pages printed: 1. No user action is required."
Information	11/6/2019 13:00	Microsoft-Windows-PrintService	307	Printing a document	"Document 192, Print Document owned by rhayes03 on \\MESOEL06484 was printed on VLS3.60 through port UCP-1.  Size in bytes: 2056. Pages printed: 1. No user action is required."
Information	11/6/2019 13:02	Microsoft-Windows-PrintService	307	Printing a document	"Document 193, Print Document owned by rhayes03 on \\MESOEL06484 was printed on VLS3.60 through port UCP-1.  Size in bytes: 2056. Pages printed: 1. No user action is required."
Information	11/6/2019 13:07	Microsoft-Windows-PrintService	307	Printing a document	"Document 194, Print Document owned by rhayes03 on \\MESOEL06484 was printed on VLS3.60 through port UCP-1.  Size in bytes: 2056. Pages printed: 1. No user action is required."
Information	11/6/2019 13:30	Microsoft-Windows-PrintService	307	Printing a document	"Document 195, Print Document owned by rhayes03 on \\MESOEL06484 was printed on VLS3.60 through port UCP-1.  Size in bytes: 3584. Pages printed: 1. No user action is required."
Information	11/6/2019 13:31	Microsoft-Windows-PrintService	307	Printing a document	"Document 196, Print Document owned by rhayes03 on \\MESOEL06484 was printed on VLS3.60 through port UCP-1.  Size in bytes: 3584. Pages printed: 1. No user action is required."
Information	11/6/2019 13:32	Microsoft-Windows-PrintService	307	Printing a document	"Document 197, Print Document owned by rhayes03 on \\MESOEL06484 was printed on VLS3.60 through port UCP-1.  Size in bytes: 20356. Pages printed: 1. No user action is required."
Information	11/6/2019 13:39	Microsoft-Windows-PrintService	307	Printing a document	"Document 198, Print Document owned by rhayes03 on \\MESOEL06484 was printed on VLS3.60 through port UCP-1.  Size in bytes: 3584. Pages printed: 1. No user action is required."
Information	11/6/2019 13:55	Microsoft-Windows-PrintService	307	Printing a document	"Document 199, Print Document owned by rhayes03 on \\MESOEL06484 was printed on VLS3.60 through port UCP-1.  Size in bytes: 752. Pages printed: 1. No user action is required."
Information	11/6/2019 14:05	Microsoft-Windows-PrintService	307	Printing a document	"Document 200, Print Document owned by rhayes03 on \\MESOEL06484 was printed on VLS3.60 through port UCP-1.  Size in bytes: 656. Pages printed: 1. No user action is required."
Information	11/6/2019 14:10	Microsoft-Windows-PrintService	307	Printing a document	"Document 201, Print Document owned by rhayes03 on \\MESOEL06484 was printed on VLS3.60 through port UCP-1.  Size in bytes: 784. Pages printed: 1. No user action is required."
Information	11/6/2019 14:21	Microsoft-Windows-PrintService	307	Printing a document	"Document 202, Print Document owned by rhayes03 on \\MESOEL06484 was printed on VLS3.60 through port UCP-1.  Size in bytes: 1104. Pages printed: 1. No user action is required."
Information	11/6/2019 14:34	Microsoft-Windows-PrintService	307	Printing a document	"Document 203, Print Document owned by rhayes03 on \\MESOEL06484 was printed on VLS3.60 through port UCP-1.  Size in bytes: 1084. Pages printed: 1. No user action is required."
Information	11/6/2019 14:58	Microsoft-Windows-PrintService	307	Printing a document	"Document 204, Print Document owned by rhayes03 on \\MESOEL06484 was printed on VLS3.60 through port UCP-1.  Size in bytes: 1452. Pages printed: 1. No user action is required."
Information	11/6/2019 16:33	Microsoft-Windows-PrintService	307	Printing a document	"Document 205, Print Document owned by ablock03 on \\MESOEL06484 was printed on VLS3.60 through port UCP-1.  Size in bytes: 80224. Pages printed: 1. No user action is required."
Information	11/6/2019 16:34	Microsoft-Windows-PrintService	307	Printing a document	"Document 206, Print Document owned by ablock03 on \\MESOEL06484 was printed on VLS3.60 through port UCP-1.  Size in bytes: 80224. Pages printed: 1. No user action is required."
Information	11/6/2019 16:34	Microsoft-Windows-PrintService	307	Printing a document	"Document 2, Print Document owned by ablock03 on \\MESOEL06484 was printed on VLS3.60 through port UCP-1.  Size in bytes: 80224. Pages printed: 1. No user action is required."
Information	11/6/2019 16:35	Microsoft-Windows-PrintService	307	Printing a document	"Document 3, Print Document owned by ablock03 on \\MESOEL06484 was printed on VLS3.60 through port UCP-1.  Size in bytes: 80224. Pages printed: 1. No user action is required."
Information	11/6/2019 16:36	Microsoft-Windows-PrintService	307	Printing a document	"Document 4, Print Document owned by ablock03 on \\MESOEL06484 was printed on VLS3.60 through port UCP-1.  Size in bytes: 80224. Pages printed: 1. No user action is required."
Information	11/6/2019 16:38	Microsoft-Windows-PrintService	307	Printing a document	"Document 5, Print Document owned by ablock03 on \\MESOEL06484 was printed on VLS3.60 through port UCP-1.  Size in bytes: 20356. Pages printed: 1. No user action is required."
Information	11/6/2019 19:53	Microsoft-Windows-PrintService	307	Printing a document	"Document 6, Print Document owned by ablock03 on \\MESOEL06484 was printed on VLS3.60 through port UCP-1.  Size in bytes: 420. Pages printed: 1. No user action is required."
Information	11/6/2019 20:09	Microsoft-Windows-PrintService	307	Printing a document	"Document 7, Print Document owned by ablock03 on \\MESOEL06484 was printed on VLS3.60 through port UCP-1.  Size in bytes: 2456. Pages printed: 1. No user action is required."
Information	11/6/2019 20:11	Microsoft-Windows-PrintService	307	Printing a document	"Document 8, Print Document owned by ablock03 on \\MESOEL06484 was printed on VLS3.60 through port UCP-1.  Size in bytes: 2456. Pages printed: 1. No user action is required."
Information	11/6/2019 20:50	Microsoft-Windows-PrintService	307	Printing a document	"Document 2, Print Document owned by pmisne01 on \\MESOEL06484 was printed on VLS3.60 through port UCP-1.  Size in bytes: 2312. Pages printed: 1. No user action is required."
Information	11/7/2019 20:26	Microsoft-Windows-PrintService	307	Printing a document	"Document 3, Print Document owned by pmisne01 on \\MESOEL06484 was printed on VLS3.60 through port UCP-1.  Size in bytes: 5512. Pages printed: 1. No user action is required."
Information	11/7/2019 20:34	Microsoft-Windows-PrintService	307	Printing a document	"Document 4, Print Document owned by pmisne01 on \\MESOEL06484 was printed on VLS3.60 through port UCP-1.  Size in bytes: 190776. Pages printed: 1. No user action is required."
Information	11/7/2019 20:34	Microsoft-Windows-PrintService	307	Printing a document	"Document 5, Print Document owned by pmisne01 on \\MESOEL06484 was printed on VLS3.60 through port UCP-1.  Size in bytes: 190776. Pages printed: 1. No user action is required."
Information	11/7/2019 20:35	Microsoft-Windows-PrintService	307	Printing a document	"Document 6, Print Document owned by pmisne01 on \\MESOEL06484 was printed on VLS3.60 through port UCP-1.  Size in bytes: 190776. Pages printed: 1. No user action is required."
Information	11/7/2019 21:24	Microsoft-Windows-PrintService	307	Printing a document	"Document 2, Print Document owned by jkanov01 on \\MESOEL06484 was printed on VLS3.60 through port UCP-1.  Size in bytes: 46624. Pages printed: 1. No user action is required."
Information	11/7/2019 22:12	Microsoft-Windows-PrintService	307	Printing a document	"Document 3, Print Document owned by jkanov01 on \\MESOEL06484 was printed on VLS3.60 through port UCP-1.  Size in bytes: 18020. Pages printed: 1. No user action is required."
Information	11/7/2019 22:21	Microsoft-Windows-PrintService	307	Printing a document	"Document 4, Print Document owned by jkanov01 on \\MESOEL06484 was printed on VLS3.60 through port UCP-1.  Size in bytes: 182796. Pages printed: 1. No user action is required."
Information	11/7/2019 22:49	Microsoft-Windows-PrintService	307	Printing a document	"Document 5, Print Document owned by jkanov01 on \\MESOEL06484 was printed on VLS3.60 through port UCP-1.  Size in bytes: 1375156. Pages printed: 1. No user action is required."
Information	11/7/2019 23:41	Microsoft-Windows-PrintService	307	Printing a document	"Document 6, Print Document owned by jkanov01 on \\MESOEL06484 was printed on VLS3.60 through port UCP-1.  Size in bytes: 190696. Pages printed: 1. No user action is required."
Information	11/8/2019 10:27	Microsoft-Windows-PrintService	307	Printing a document	"Document 7, Print Document owned by jkanov01 on \\MESOEL06484 was printed on VLS3.60 through port UCP-1.  Size in bytes: 9616. Pages printed: 1. No user action is required."
Information	11/8/2019 10:40	Microsoft-Windows-PrintService	307	Printing a document	"Document 8, Print Document owned by jkanov01 on \\MESOEL06484 was printed on VLS3.60 through port UCP-1.  Size in bytes: 2605164. Pages printed: 1. No user action is required."
Information	11/8/2019 10:44	Microsoft-Windows-PrintService	307	Printing a document	"Document 9, Print Document owned by jkanov01 on \\MESOEL06484 was printed on VLS3.60 through port UCP-1.  Size in bytes: 2968. Pages printed: 1. No user action is required."
Information	11/8/2019 10:45	Microsoft-Windows-PrintService	307	Printing a document	"Document 10, Print Document owned by jkanov01 on \\MESOEL06484 was printed on VLS3.60 through port UCP-1.  Size in bytes: 2968. Pages printed: 1. No user action is required."
Information	11/8/2019 10:45	Microsoft-Windows-PrintService	307	Printing a document	"Document 11, Print Document owned by jkanov01 on \\MESOEL06484 was printed on VLS3.60 through port UCP-1.  Size in bytes: 2968. Pages printed: 1. No user action is required."
Information	11/8/2019 11:08	Microsoft-Windows-PrintService	307	Printing a document	"Document 12, Print Document owned by jkanov01 on \\MESOEL06484 was printed on VLS3.60 through port UCP-1.  Size in bytes: 94568. Pages printed: 1. No user action is required."
Information	11/8/2019 11:14	Microsoft-Windows-PrintService	307	Printing a document	"Document 13, Print Document owned by jkanov01 on \\MESOEL06484 was printed on VLS3.60 through port UCP-1.  Size in bytes: 14728. Pages printed: 1. No user action is required."
Information	11/8/2019 11:18	Microsoft-Windows-PrintService	307	Printing a document	"Document 14, Print Document owned by jkanov01 on \\MESOEL06484 was printed on VLS3.60 through port UCP-1.  Size in bytes: 94568. Pages printed: 1. No user action is required."
Information	11/8/2019 11:41	Microsoft-Windows-PrintService	307	Printing a document	"Document 15, Print Document owned by jkanov01 on \\MESOEL06484 was printed on VLS3.60 through port UCP-1.  Size in bytes: 50784. Pages printed: 1. No user action is required."
Information	11/8/2019 11:41	Microsoft-Windows-PrintService	307	Printing a document	"Document 16, Print Document owned by jkanov01 on \\MESOEL06484 was printed on VLS3.60 through port UCP-1.  Size in bytes: 50784. Pages printed: 1. No user action is required."
Information	11/8/2019 11:47	Microsoft-Windows-PrintService	307	Printing a document	"Document 17, Print Document owned by jkanov01 on \\MESOEL06484 was printed on VLS3.60 through port UCP-1.  Size in bytes: 50784. Pages printed: 1. No user action is required."
Information	11/8/2019 11:48	Microsoft-Windows-PrintService	307	Printing a document	"Document 18, Print Document owned by jkanov01 on \\MESOEL06484 was printed on VLS3.60 through port UCP-1.  Size in bytes: 50784. Pages printed: 1. No user action is required."
Information	11/8/2019 11:48	Microsoft-Windows-PrintService	307	Printing a document	"Document 19, Print Document owned by jkanov01 on \\MESOEL06484 was printed on VLS3.60 through port UCP-1.  Size in bytes: 50784. Pages printed: 1. No user action is required."
Information	11/8/2019 11:50	Microsoft-Windows-PrintService	307	Printing a document	"Document 20, Print Document owned by jkanov01 on \\MESOEL06484 was printed on VLS3.60 through port UCP-1.  Size in bytes: 50784. Pages printed: 1. No user action is required."
Information	11/8/2019 11:51	Microsoft-Windows-PrintService	307	Printing a document	"Document 21, Print Document owned by jkanov01 on \\MESOEL06484 was printed on VLS3.60 through port UCP-1.  Size in bytes: 50784. Pages printed: 1. No user action is required."
Information	11/8/2019 11:52	Microsoft-Windows-PrintService	307	Printing a document	"Document 22, Print Document owned by jkanov01 on \\MESOEL06484 was printed on VLS3.60 through port UCP-1.  Size in bytes: 50784. Pages printed: 1. No user action is required."
Information	11/8/2019 11:53	Microsoft-Windows-PrintService	307	Printing a document	"Document 23, Print Document owned by jkanov01 on \\MESOEL06484 was printed on VLS3.60 through port UCP-1.  Size in bytes: 50784. Pages printed: 1. No user action is required."
Information	11/8/2019 11:55	Microsoft-Windows-PrintService	307	Printing a document	"Document 24, Print Document owned by jkanov01 on \\MESOEL06484 was printed on VLS3.60 through port UCP-1.  Size in bytes: 50784. Pages printed: 1. No user action is required."
Information	11/8/2019 11:56	Microsoft-Windows-PrintService	307	Printing a document	"Document 25, Print Document owned by jkanov01 on \\MESOEL06484 was printed on VLS3.60 through port UCP-1.  Size in bytes: 50784. Pages printed: 1. No user action is required."
Information	11/8/2019 12:05	Microsoft-Windows-PrintService	307	Printing a document	"Document 26, Print Document owned by jkanov01 on \\MESOEL06484 was printed on VLS3.60 through port UCP-1.  Size in bytes: 980. Pages printed: 1. No user action is required."
Information	11/8/2019 12:11	Microsoft-Windows-PrintService	307	Printing a document	"Document 27, Print Document owned by jkanov01 on \\MESOEL06484 was printed on VLS3.60 through port UCP-1.  Size in bytes: 50784. Pages printed: 1. No user action is required."
Information	11/8/2019 12:18	Microsoft-Windows-PrintService	307	Printing a document	"Document 28, Print Document owned by jkanov01 on \\MESOEL06484 was printed on VLS3.60 through port UCP-1.  Size in bytes: 50784. Pages printed: 1. No user action is required."
Information	11/8/2019 12:20	Microsoft-Windows-PrintService	307	Printing a document	"Document 29, Print Document owned by jkanov01 on \\MESOEL06484 was printed on VLS3.60 through port UCP-1.  Size in bytes: 50784. Pages printed: 1. No user action is required."
Information	11/8/2019 14:03	Microsoft-Windows-PrintService	307	Printing a document	"Document 30, Print Document owned by jkanov01 on \\MESOEL06484 was printed on VLS3.60 through port UCP-1.  Size in bytes: 11596. Pages printed: 1. No user action is required."
Information	11/8/2019 14:05	Microsoft-Windows-PrintService	307	Printing a document	"Document 31, Print Document owned by jkanov01 on \\MESOEL06484 was printed on VLS3.60 through port UCP-1.  Size in bytes: 12956. Pages printed: 1. No user action is required."
Information	11/8/2019 14:08	Microsoft-Windows-PrintService	307	Printing a document	"Document 32, Print Document owned by jkanov01 on \\MESOEL06484 was printed on VLS3.60 through port UCP-1.  Size in bytes: 12488. Pages printed: 1. No user action is required."
Information	11/8/2019 14:19	Microsoft-Windows-PrintService	307	Printing a document	"Document 33, Print Document owned by jkanov01 on \\MESOEL06484 was printed on VLS3.60 through port UCP-1.  Size in bytes: 2631016. Pages printed: 1. No user action is required."
Information	11/8/2019 14:20	Microsoft-Windows-PrintService	307	Printing a document	"Document 34, Print Document owned by jkanov01 on \\MESOEL06484 was printed on VLS3.60 through port UCP-1.  Size in bytes: 2631016. Pages printed: 1. No user action is required."
Information	11/8/2019 14:41	Microsoft-Windows-PrintService	307	Printing a document	"Document 35, Print Document owned by jkanov01 on \\MESOEL06484 was printed on VLS3.60 through port UCP-1.  Size in bytes: 658328. Pages printed: 1. No user action is required."
Information	11/8/2019 15:06	Microsoft-Windows-PrintService	307	Printing a document	"Document 36, Print Document owned by jkanov01 on \\MESOEL06484 was printed on VLS3.60 through port UCP-1.  Size in bytes: 53340. Pages printed: 1. No user action is required."
Information	11/8/2019 15:07	Microsoft-Windows-PrintService	307	Printing a document	"Document 37, Print Document owned by jkanov01 on \\MESOEL06484 was printed on VLS3.60 through port UCP-1.  Size in bytes: 53340. Pages printed: 1. No user action is required."
Information	11/8/2019 15:08	Microsoft-Windows-PrintService	307	Printing a document	"Document 38, Print Document owned by jkanov01 on \\MESOEL06484 was printed on VLS3.60 through port UCP-1.  Size in bytes: 53340. Pages printed: 1. No user action is required."
Information	11/8/2019 15:18	Microsoft-Windows-PrintService	307	Printing a document	"Document 39, Print Document owned by jkanov01 on \\MESOEL06484 was printed on VLS3.60 through port UCP-1.  Size in bytes: 8928. Pages printed: 1. No user action is required."
Information	11/8/2019 15:58	Microsoft-Windows-PrintService	307	Printing a document	"Document 40, Print Document owned by jkanov01 on \\MESOEL06484 was printed on VLS3.60 through port UCP-1.  Size in bytes: 20992. Pages printed: 4. No user action is required."
Information	11/8/2019 18:01	Microsoft-Windows-PrintService	307	Printing a document	"Document 41, Print Document owned by jkanov01 on \\MESOEL06484 was printed on VLS3.60 through port UCP-1.  Size in bytes: 53968. Pages printed: 1. No user action is required."
Information	11/8/2019 18:02	Microsoft-Windows-PrintService	307	Printing a document	"Document 42, Print Document owned by jkanov01 on \\MESOEL06484 was printed on VLS3.60 through port UCP-1.  Size in bytes: 41536. Pages printed: 1. No user action is required."
Information	11/8/2019 18:03	Microsoft-Windows-PrintService	307	Printing a document	"Document 43, Print Document owned by jkanov01 on \\MESOEL06484 was printed on VLS3.60 through port UCP-1.  Size in bytes: 41536. Pages printed: 1. No user action is required."
Information	11/8/2019 18:09	Microsoft-Windows-PrintService	307	Printing a document	"Document 44, Print Document owned by jkanov01 on \\MESOEL06484 was printed on VLS3.60 through port UCP-1.  Size in bytes: 38464. Pages printed: 1. No user action is required."
Information	11/8/2019 18:17	Microsoft-Windows-PrintService	307	Printing a document	"Document 45, Print Document owned by jkanov01 on \\MESOEL06484 was printed on VLS3.60 through port UCP-1.  Size in bytes: 39664. Pages printed: 1. No user action is required."
Information	11/8/2019 19:54	Microsoft-Windows-PrintService	307	Printing a document	"Document 46, Print Document owned by jkanov01 on \\MESOEL06484 was printed on VLS3.60 through port UCP-1.  Size in bytes: 784. Pages printed: 1. No user action is required."
Information	11/8/2019 19:55	Microsoft-Windows-PrintService	307	Printing a document	"Document 47, Print Document owned by jkanov01 on \\MESOEL06484 was printed on VLS3.60 through port UCP-1.  Size in bytes: 784. Pages printed: 1. No user action is required."
Information	11/8/2019 20:01	Microsoft-Windows-PrintService	307	Printing a document	"Document 48, Print Document owned by jkanov01 on \\MESOEL06484 was printed on VLS3.60 through port UCP-1.  Size in bytes: 784. Pages printed: 1. No user action is required."
Information	11/8/2019 20:15	Microsoft-Windows-PrintService	307	Printing a document	"Document 49, Print Document owned by jkanov01 on \\MESOEL06484 was printed on VLS3.60 through port UCP-1.  Size in bytes: 9544. Pages printed: 1. No user action is required."
Information	11/8/2019 20:31	Microsoft-Windows-PrintService	307	Printing a document	"Document 50, Print Document owned by jkanov01 on \\MESOEL06484 was printed on VLS3.60 through port UCP-1.  Size in bytes: 2744. Pages printed: 1. No user action is required."
Information	11/9/2019 12:50	Microsoft-Windows-PrintService	307	Printing a document	"Document 51, Print Document owned by jkanov01 on \\MESOEL06484 was printed on VLS3.60 through port UCP-1.  Size in bytes: 11580. Pages printed: 1. No user action is required."
Information	11/9/2019 13:19	Microsoft-Windows-PrintService	307	Printing a document	"Document 52, Print Document owned by jkanov01 on \\MESOEL06484 was printed on VLS3.60 through port UCP-1.  Size in bytes: 4184. Pages printed: 1. No user action is required."
Information	11/9/2019 13:47	Microsoft-Windows-PrintService	307	Printing a document	"Document 53, Print Document owned by jkanov01 on \\MESOEL06484 was printed on VLS3.60 through port UCP-1.  Size in bytes: 149488. Pages printed: 1. No user action is required."
Information	11/9/2019 13:52	Microsoft-Windows-PrintService	307	Printing a document	"Document 54, Print Document owned by jkanov01 on \\MESOEL06484 was printed on VLS3.60 through port UCP-1.  Size in bytes: 149856. Pages printed: 1. No user action is required."
Information	11/9/2019 14:06	Microsoft-Windows-PrintService	307	Printing a document	"Document 55, Print Document owned by jkanov01 on \\MESOEL06484 was printed on VLS3.60 through port UCP-1.  Size in bytes: 625588. Pages printed: 1. No user action is required."
Information	11/9/2019 14:07	Microsoft-Windows-PrintService	307	Printing a document	"Document 56, Print Document owned by jkanov01 on \\MESOEL06484 was printed on VLS3.60 through port UCP-1.  Size in bytes: 625588. Pages printed: 1. No user action is required."
Information	11/9/2019 14:08	Microsoft-Windows-PrintService	307	Printing a document	"Document 57, Print Document owned by jkanov01 on \\MESOEL06484 was printed on VLS3.60 through port UCP-1.  Size in bytes: 625588. Pages printed: 1. No user action is required."
Information	11/9/2019 14:12	Microsoft-Windows-PrintService	307	Printing a document	"Document 58, Print Document owned by jkanov01 on \\MESOEL06484 was printed on VLS3.60 through port UCP-1.  Size in bytes: 633100. Pages printed: 1. No user action is required."
Information	11/9/2019 14:12	Microsoft-Windows-PrintService	307	Printing a document	"Document 59, Print Document owned by jkanov01 on \\MESOEL06484 was printed on VLS3.60 through port UCP-1.  Size in bytes: 642876. Pages printed: 1. No user action is required."
Information	11/9/2019 14:13	Microsoft-Windows-PrintService	307	Printing a document	"Document 60, Print Document owned by jkanov01 on \\MESOEL06484 was printed on VLS3.60 through port UCP-1.  Size in bytes: 642732. Pages printed: 1. No user action is required."
Information	11/9/2019 14:24	Microsoft-Windows-PrintService	307	Printing a document	"Document 61, Print Document owned by jkanov01 on \\MESOEL06484 was printed on VLS3.60 through port UCP-1.  Size in bytes: 642744. Pages printed: 1. No user action is required."
Information	11/9/2019 14:25	Microsoft-Windows-PrintService	307	Printing a document	"Document 62, Print Document owned by jkanov01 on \\MESOEL06484 was printed on VLS3.60 through port UCP-1.  Size in bytes: 642744. Pages printed: 1. No user action is required."
Information	11/9/2019 14:25	Microsoft-Windows-PrintService	307	Printing a document	"Document 63, Print Document owned by jkanov01 on \\MESOEL06484 was printed on VLS3.60 through port UCP-1.  Size in bytes: 642744. Pages printed: 1. No user action is required."
Information	11/9/2019 15:00	Microsoft-Windows-PrintService	307	Printing a document	"Document 64, Print Document owned by jkanov01 on \\MESOEL06484 was printed on VLS3.60 through port UCP-1.  Size in bytes: 14496. Pages printed: 1. No user action is required."
Information	11/9/2019 15:02	Microsoft-Windows-PrintService	307	Printing a document	"Document 65, Print Document owned by jkanov01 on \\MESOEL06484 was printed on VLS3.60 through port UCP-1.  Size in bytes: 15856. Pages printed: 1. No user action is required."
Information	11/9/2019 15:05	Microsoft-Windows-PrintService	307	Printing a document	"Document 66, Print Document owned by jkanov01 on \\MESOEL06484 was printed on VLS3.60 through port UCP-1.  Size in bytes: 14740. Pages printed: 1. No user action is required."
Information	11/9/2019 15:49	Microsoft-Windows-PrintService	307	Printing a document	"Document 67, Print Document owned by jkanov01 on \\MESOEL06484 was printed on VLS3.60 through port UCP-1.  Size in bytes: 4320. Pages printed: 1. No user action is required."
Information	11/9/2019 16:00	Microsoft-Windows-PrintService	307	Printing a document	"Document 68, Print Document owned by jkanov01 on \\MESOEL06484 was printed on VLS3.60 through port UCP-1.  Size in bytes: 4624. Pages printed: 1. No user action is required."
Information	11/9/2019 16:04	Microsoft-Windows-PrintService	307	Printing a document	"Document 69, Print Document owned by jkanov01 on \\MESOEL06484 was printed on VLS3.60 through port UCP-1.  Size in bytes: 3216. Pages printed: 1. No user action is required."
Information	11/9/2019 16:20	Microsoft-Windows-PrintService	307	Printing a document	"Document 70, Print Document owned by asack01 on \\MESOEL06484 was printed on VLS3.60 through port UCP-1.  Size in bytes: 29520. Pages printed: 1. No user action is required."
Information	11/9/2019 16:26	Microsoft-Windows-PrintService	307	Printing a document	"Document 71, Print Document owned by asack01 on \\MESOEL06484 was printed on VLS3.60 through port UCP-1.  Size in bytes: 14016. Pages printed: 1. No user action is required."
Information	11/9/2019 16:46	Microsoft-Windows-PrintService	307	Printing a document	"Document 72, Print Document owned by asack01 on \\MESOEL06484 was printed on VLS3.60 through port UCP-1.  Size in bytes: 25044. Pages printed: 1. No user action is required."
Information	11/9/2019 16:51	Microsoft-Windows-PrintService	307	Printing a document	"Document 73, Print Document owned by asack01 on \\MESOEL06484 was printed on VLS3.60 through port UCP-1.  Size in bytes: 628676. Pages printed: 1. No user action is required."
Information	11/9/2019 17:01	Microsoft-Windows-PrintService	307	Printing a document	"Document 74, Print Document owned by asack01 on \\MESOEL06484 was printed on VLS3.60 through port UCP-1.  Size in bytes: 124160. Pages printed: 1. No user action is required."
Information	11/9/2019 17:04	Microsoft-Windows-PrintService	307	Printing a document	"Document 75, Print Document owned by asack01 on \\MESOEL06484 was printed on VLS3.60 through port UCP-1.  Size in bytes: 62280. Pages printed: 1. No user action is required."
Information	11/9/2019 17:08	Microsoft-Windows-PrintService	307	Printing a document	"Document 76, Print Document owned by asack01 on \\MESOEL06484 was printed on VLS3.60 through port UCP-1.  Size in bytes: 66148. Pages printed: 1. No user action is required."
Information	11/10/2019 13:34	Microsoft-Windows-PrintService	307	Printing a document	"Document 77, Print Document owned by asack01 on \\MESOEL06484 was printed on VLS3.60 through port UCP-1.  Size in bytes: 10952. Pages printed: 1. No user action is required."
Information	11/10/2019 14:41	Microsoft-Windows-PrintService	307	Printing a document	"Document 78, Print Document owned by asack01 on \\MESOEL06484 was printed on VLS3.60 through port UCP-1.  Size in bytes: 271244. Pages printed: 1. No user action is required."
Information	11/10/2019 15:28	Microsoft-Windows-PrintService	307	Printing a document	"Document 79, Print Document owned by asack01 on \\MESOEL06484 was printed on VLS3.60 through port UCP-1.  Size in bytes: 3800. Pages printed: 1. No user action is required."
Information	11/10/2019 15:50	Microsoft-Windows-PrintService	307	Printing a document	"Document 80, Print Document owned by asack01 on \\MESOEL06484 was printed on VLS3.60 through port UCP-1.  Size in bytes: 4288. Pages printed: 1. No user action is required."
Information	11/10/2019 16:31	Microsoft-Windows-PrintService	307	Printing a document	"Document 81, Print Document owned by asack01 on \\MESOEL06484 was printed on VLS3.60 through port UCP-1.  Size in bytes: 172988. Pages printed: 1. No user action is required."
Information	11/10/2019 16:33	Microsoft-Windows-PrintService	307	Printing a document	"Document 82, Print Document owned by asack01 on \\MESOEL06484 was printed on VLS3.60 through port UCP-1.  Size in bytes: 172988. Pages printed: 1. No user action is required."
Information	11/10/2019 16:34	Microsoft-Windows-PrintService	307	Printing a document	"Document 83, Print Document owned by asack01 on \\MESOEL06484 was printed on VLS3.60 through port UCP-1.  Size in bytes: 172988. Pages printed: 1. No user action is required."
Information	11/10/2019 16:37	Microsoft-Windows-PrintService	307	Printing a document	"Document 84, Print Document owned by asack01 on \\MESOEL06484 was printed on VLS3.60 through port UCP-1.  Size in bytes: 40624. Pages printed: 1. No user action is required."
Information	11/10/2019 16:39	Microsoft-Windows-PrintService	307	Printing a document	"Document 85, Print Document owned by asack01 on \\MESOEL06484 was printed on VLS3.60 through port UCP-1.  Size in bytes: 1680. Pages printed: 1. No user action is required."
Information	11/10/2019 16:49	Microsoft-Windows-PrintService	307	Printing a document	"Document 86, Print Document owned by asack01 on \\MESOEL06484 was printed on VLS3.60 through port UCP-1.  Size in bytes: 7784. Pages printed: 1. No user action is required."
Information	11/10/2019 16:56	Microsoft-Windows-PrintService	307	Printing a document	"Document 87, Print Document owned by asack01 on \\MESOEL06484 was printed on VLS3.60 through port UCP-1.  Size in bytes: 2608. Pages printed: 1. No user action is required."
Information	11/10/2019 17:15	Microsoft-Windows-PrintService	307	Printing a document	"Document 88, Print Document owned by asack01 on \\MESOEL06484 was printed on VLS3.60 through port UCP-1.  Size in bytes: 2152. Pages printed: 1. No user action is required."
Information	11/10/2019 17:23	Microsoft-Windows-PrintService	307	Printing a document	"Document 89, Print Document owned by asack01 on \\MESOEL06484 was printed on VLS3.60 through port UCP-1.  Size in bytes: 239600. Pages printed: 1. No user action is required."
Information	11/10/2019 18:56	Microsoft-Windows-PrintService	307	Printing a document	"Document 90, Print Document owned by asack01 on \\MESOEL06484 was printed on VLS3.60 through port UCP-1.  Size in bytes: 3216056. Pages printed: 1. No user action is required."
Information	11/10/2019 18:58	Microsoft-Windows-PrintService	307	Printing a document	"Document 91, Print Document owned by asack01 on \\MESOEL06484 was printed on VLS3.60 through port UCP-1.  Size in bytes: 11108. Pages printed: 1. No user action is required."
Information	11/10/2019 19:03	Microsoft-Windows-PrintService	307	Printing a document	"Document 92, Print Document owned by asack01 on \\MESOEL06484 was printed on VLS3.60 through port UCP-1.  Size in bytes: 656. Pages printed: 1. No user action is required."
Information	11/10/2019 19:09	Microsoft-Windows-PrintService	307	Printing a document	"Document 93, Print Document owned by asack01 on \\MESOEL06484 was printed on VLS3.60 through port UCP-1.  Size in bytes: 3216056. Pages printed: 1. No user action is required."
Information	11/10/2019 19:11	Microsoft-Windows-PrintService	307	Printing a document	"Document 94, Print Document owned by asack01 on \\MESOEL06484 was printed on VLS3.60 through port UCP-1.  Size in bytes: 3215964. Pages printed: 1. No user action is required."
Information	11/10/2019 19:12	Microsoft-Windows-PrintService	307	Printing a document	"Document 95, Print Document owned by asack01 on \\MESOEL06484 was printed on VLS3.60 through port UCP-1.  Size in bytes: 3363668. Pages printed: 1. No user action is required."
Information	11/10/2019 19:13	Microsoft-Windows-PrintService	307	Printing a document	"Document 96, Print Document owned by asack01 on \\MESOEL06484 was printed on VLS3.60 through port UCP-1.  Size in bytes: 3363668. Pages printed: 1. No user action is required."
Information	11/10/2019 19:16	Microsoft-Windows-PrintService	307	Printing a document	"Document 97, Print Document owned by asack01 on \\MESOEL06484 was printed on VLS3.60 through port UCP-1.  Size in bytes: 3282116. Pages printed: 1. No user action is required."
Information	11/10/2019 19:18	Microsoft-Windows-PrintService	307	Printing a document	"Document 98, Print Document owned by asack01 on \\MESOEL06484 was printed on VLS3.60 through port UCP-1.  Size in bytes: 3363668. Pages printed: 1. No user action is required."
Information	11/10/2019 19:20	Microsoft-Windows-PrintService	307	Printing a document	"Document 99, Print Document owned by asack01 on \\MESOEL06484 was printed on VLS3.60 through port UCP-1.  Size in bytes: 2052. Pages printed: 1. No user action is required."
Information	11/10/2019 19:20	Microsoft-Windows-PrintService	307	Printing a document	"Document 100, Print Document owned by asack01 on \\MESOEL06484 was printed on VLS3.60 through port UCP-1.  Size in bytes: 2052. Pages printed: 1. No user action is required."
Information	11/10/2019 19:21	Microsoft-Windows-PrintService	307	Printing a document	"Document 101, Print Document owned by asack01 on \\MESOEL06484 was printed on VLS3.60 through port UCP-1.  Size in bytes: 2052. Pages printed: 1. No user action is required."
Information	11/10/2019 19:21	Microsoft-Windows-PrintService	307	Printing a document	"Document 102, Print Document owned by asack01 on \\MESOEL06484 was printed on VLS3.60 through port UCP-1.  Size in bytes: 2052. Pages printed: 1. No user action is required."
Information	11/10/2019 19:22	Microsoft-Windows-PrintService	307	Printing a document	"Document 103, Print Document owned by asack01 on \\MESOEL06484 was printed on VLS3.60 through port UCP-1.  Size in bytes: 2052. Pages printed: 1. No user action is required."
Information	11/10/2019 19:23	Microsoft-Windows-PrintService	307	Printing a document	"Document 104, Print Document owned by asack01 on \\MESOEL06484 was printed on VLS3.60 through port UCP-1.  Size in bytes: 752. Pages printed: 1. No user action is required."
Information	11/10/2019 19:25	Microsoft-Windows-PrintService	307	Printing a document	"Document 105, Print Document owned by asack01 on \\MESOEL06484 was printed on VLS3.60 through port UCP-1.  Size in bytes: 752. Pages printed: 1. No user action is required."
Information	11/10/2019 19:58	Microsoft-Windows-PrintService	307	Printing a document	"Document 106, Print Document owned by asack01 on \\MESOEL06484 was printed on VLS3.60 through port UCP-1.  Size in bytes: 1560. Pages printed: 1. No user action is required."
