Information	11/10/2019 20:15	Microsoft-Windows-PrintService	307	Printing a document	"Document 107, Print Document owned by asack01 on \\MESOEL06484 was printed on VLS3.60 through port UCP-1.  Size in bytes: 348816. Pages printed: 1. No user action is required."
Information	11/10/2019 20:15	Microsoft-Windows-PrintService	307	Printing a document	"Document 108, Print Document owned by asack01 on \\MESOEL06484 was printed on VLS3.60 through port UCP-1.  Size in bytes: 348816. Pages printed: 1. No user action is required."
Information	11/10/2019 21:07	Microsoft-Windows-PrintService	307	Printing a document	"Document 109, Print Document owned by asack01 on \\MESOEL06484 was printed on VLS3.60 through port UCP-1.  Size in bytes: 1584. Pages printed: 1. No user action is required."
Information	11/10/2019 21:08	Microsoft-Windows-PrintService	307	Printing a document	"Document 110, Print Document owned by asack01 on \\MESOEL06484 was printed on VLS3.60 through port UCP-1.  Size in bytes: 1584. Pages printed: 1. No user action is required."
Information	11/10/2019 21:18	Microsoft-Windows-PrintService	307	Printing a document	"Document 111, Print Document owned by asack01 on \\MESOEL06484 was printed on VLS3.60 through port UCP-1.  Size in bytes: 656. Pages printed: 1. No user action is required."
Information	11/10/2019 21:27	Microsoft-Windows-PrintService	307	Printing a document	"Document 112, Print Document owned by asack01 on \\MESOEL06484 was printed on VLS3.60 through port UCP-1.  Size in bytes: 952. Pages printed: 1. No user action is required."
Information	11/10/2019 21:29	Microsoft-Windows-PrintService	307	Printing a document	"Document 113, Print Document owned by asack01 on \\MESOEL06484 was printed on VLS3.60 through port UCP-1.  Size in bytes: 952. Pages printed: 1. No user action is required."
Information	11/10/2019 21:30	Microsoft-Windows-PrintService	307	Printing a document	"Document 114, Print Document owned by asack01 on \\MESOEL06484 was printed on VLS3.60 through port UCP-1.  Size in bytes: 952. Pages printed: 1. No user action is required."
Information	11/10/2019 21:30	Microsoft-Windows-PrintService	307	Printing a document	"Document 115, Print Document owned by asack01 on \\MESOEL06484 was printed on VLS3.60 through port UCP-1.  Size in bytes: 952. Pages printed: 1. No user action is required."
Information	11/10/2019 21:30	Microsoft-Windows-PrintService	307	Printing a document	"Document 116, Print Document owned by asack01 on \\MESOEL06484 was printed on VLS3.60 through port UCP-1.  Size in bytes: 952. Pages printed: 1. No user action is required."
Information	11/10/2019 21:33	Microsoft-Windows-PrintService	307	Printing a document	"Document 117, Print Document owned by asack01 on \\MESOEL06484 was printed on VLS3.60 through port UCP-1.  Size in bytes: 952. Pages printed: 1. No user action is required."
Information	11/10/2019 21:33	Microsoft-Windows-PrintService	307	Printing a document	"Document 118, Print Document owned by asack01 on \\MESOEL06484 was printed on VLS3.60 through port UCP-1.  Size in bytes: 952. Pages printed: 1. No user action is required."
Information	11/11/2019 11:34	Microsoft-Windows-PrintService	307	Printing a document	"Document 119, Print Document owned by gfava01 on \\MESOEL06484 was printed on VLS3.60 through port UCP-1.  Size in bytes: 34096. Pages printed: 1. No user action is required."
Information	11/11/2019 11:36	Microsoft-Windows-PrintService	307	Printing a document	"Document 120, Print Document owned by gfava01 on \\MESOEL06484 was printed on VLS3.60 through port UCP-1.  Size in bytes: 33328. Pages printed: 1. No user action is required."
Information	11/11/2019 13:17	Microsoft-Windows-PrintService	307	Printing a document	"Document 121, Print Document owned by gfava01 on \\MESOEL06484 was printed on VLS3.60 through port UCP-1.  Size in bytes: 143920. Pages printed: 1. No user action is required."
Information	11/11/2019 15:12	Microsoft-Windows-PrintService	307	Printing a document	"Document 122, Print Document owned by gfava01 on \\MESOEL06484 was printed on VLS3.60 through port UCP-1.  Size in bytes: 7576. Pages printed: 1. No user action is required."
Information	11/11/2019 15:13	Microsoft-Windows-PrintService	307	Printing a document	"Document 123, Print Document owned by gfava01 on \\MESOEL06484 was printed on VLS3.60 through port UCP-1.  Size in bytes: 7576. Pages printed: 1. No user action is required."
Information	11/11/2019 15:14	Microsoft-Windows-PrintService	307	Printing a document	"Document 124, Print Document owned by gfava01 on \\MESOEL06484 was printed on VLS3.60 through port UCP-1.  Size in bytes: 7576. Pages printed: 1. No user action is required."
Information	11/11/2019 15:16	Microsoft-Windows-PrintService	307	Printing a document	"Document 125, Print Document owned by gfava01 on \\MESOEL06484 was printed on VLS3.60 through port UCP-1.  Size in bytes: 5912. Pages printed: 1. No user action is required."
Information	11/11/2019 15:17	Microsoft-Windows-PrintService	307	Printing a document	"Document 126, Print Document owned by gfava01 on \\MESOEL06484 was printed on VLS3.60 through port UCP-1.  Size in bytes: 5912. Pages printed: 1. No user action is required."
Information	11/11/2019 15:17	Microsoft-Windows-PrintService	307	Printing a document	"Document 127, Print Document owned by gfava01 on \\MESOEL06484 was printed on VLS3.60 through port UCP-1.  Size in bytes: 5912. Pages printed: 1. No user action is required."
Information	11/11/2019 15:20	Microsoft-Windows-PrintService	307	Printing a document	"Document 128, Print Document owned by gfava01 on \\MESOEL06484 was printed on VLS3.60 through port UCP-1.  Size in bytes: 400. Pages printed: 1. No user action is required."
Information	11/11/2019 15:20	Microsoft-Windows-PrintService	307	Printing a document	"Document 129, Print Document owned by gfava01 on \\MESOEL06484 was printed on VLS3.60 through port UCP-1.  Size in bytes: 400. Pages printed: 1. No user action is required."
Information	11/11/2019 15:21	Microsoft-Windows-PrintService	307	Printing a document	"Document 130, Print Document owned by gfava01 on \\MESOEL06484 was printed on VLS3.60 through port UCP-1.  Size in bytes: 5912. Pages printed: 1. No user action is required."
Information	11/11/2019 15:24	Microsoft-Windows-PrintService	307	Printing a document	"Document 131, Print Document owned by gfava01 on \\MESOEL06484 was printed on VLS3.60 through port UCP-1.  Size in bytes: 7056. Pages printed: 1. No user action is required."
Information	11/11/2019 15:27	Microsoft-Windows-PrintService	307	Printing a document	"Document 132, Print Document owned by gfava01 on \\MESOEL06484 was printed on VLS3.60 through port UCP-1.  Size in bytes: 5912. Pages printed: 1. No user action is required."
Information	11/11/2019 15:27	Microsoft-Windows-PrintService	307	Printing a document	"Document 133, Print Document owned by gfava01 on \\MESOEL06484 was printed on VLS3.60 through port UCP-1.  Size in bytes: 5912. Pages printed: 1. No user action is required."
Information	11/11/2019 15:27	Microsoft-Windows-PrintService	307	Printing a document	"Document 134, Print Document owned by gfava01 on \\MESOEL06484 was printed on VLS3.60 through port UCP-1.  Size in bytes: 5912. Pages printed: 1. No user action is required."
Information	11/11/2019 15:35	Microsoft-Windows-PrintService	307	Printing a document	"Document 135, Print Document owned by gfava01 on \\MESOEL06484 was printed on VLS3.60 through port UCP-1.  Size in bytes: 5912. Pages printed: 1. No user action is required."
Information	11/11/2019 16:09	Microsoft-Windows-PrintService	307	Printing a document	"Document 136, Print Document owned by gfava01 on \\MESOEL06484 was printed on VLS3.60 through port UCP-1.  Size in bytes: 2488. Pages printed: 1. No user action is required."
Information	11/11/2019 16:15	Microsoft-Windows-PrintService	307	Printing a document	"Document 137, Print Document owned by gfava01 on \\MESOEL06484 was printed on VLS3.60 through port UCP-1.  Size in bytes: 6832. Pages printed: 1. No user action is required."
Information	11/11/2019 16:16	Microsoft-Windows-PrintService	307	Printing a document	"Document 138, Print Document owned by gfava01 on \\MESOEL06484 was printed on VLS3.60 through port UCP-1.  Size in bytes: 6832. Pages printed: 1. No user action is required."
Information	11/11/2019 16:19	Microsoft-Windows-PrintService	307	Printing a document	"Document 139, Print Document owned by gfava01 on \\MESOEL06484 was printed on VLS3.60 through port UCP-1.  Size in bytes: 6832. Pages printed: 1. No user action is required."
Information	11/11/2019 16:22	Microsoft-Windows-PrintService	307	Printing a document	"Document 140, Print Document owned by gfava01 on \\MESOEL06484 was printed on VLS3.60 through port UCP-1.  Size in bytes: 6832. Pages printed: 1. No user action is required."
Information	11/11/2019 16:22	Microsoft-Windows-PrintService	307	Printing a document	"Document 141, Print Document owned by gfava01 on \\MESOEL06484 was printed on VLS3.60 through port UCP-1.  Size in bytes: 6832. Pages printed: 1. No user action is required."
Information	11/11/2019 16:25	Microsoft-Windows-PrintService	307	Printing a document	"Document 142, Print Document owned by gfava01 on \\MESOEL06484 was printed on VLS3.60 through port UCP-1.  Size in bytes: 7552. Pages printed: 1. No user action is required."
Information	11/11/2019 16:27	Microsoft-Windows-PrintService	307	Printing a document	"Document 143, Print Document owned by gfava01 on \\MESOEL06484 was printed on VLS3.60 through port UCP-1.  Size in bytes: 7552. Pages printed: 1. No user action is required."
Information	11/11/2019 16:27	Microsoft-Windows-PrintService	307	Printing a document	"Document 144, Print Document owned by gfava01 on \\MESOEL06484 was printed on VLS3.60 through port UCP-1.  Size in bytes: 7552. Pages printed: 1. No user action is required."
Information	11/11/2019 16:27	Microsoft-Windows-PrintService	307	Printing a document	"Document 145, Print Document owned by gfava01 on \\MESOEL06484 was printed on VLS3.60 through port UCP-1.  Size in bytes: 7552. Pages printed: 1. No user action is required."
Information	11/11/2019 16:29	Microsoft-Windows-PrintService	307	Printing a document	"Document 146, Print Document owned by gfava01 on \\MESOEL06484 was printed on VLS3.60 through port UCP-1.  Size in bytes: 7552. Pages printed: 1. No user action is required."
Information	11/11/2019 16:30	Microsoft-Windows-PrintService	307	Printing a document	"Document 147, Print Document owned by gfava01 on \\MESOEL06484 was printed on VLS3.60 through port UCP-1.  Size in bytes: 7696. Pages printed: 1. No user action is required."
Information	11/11/2019 16:44	Microsoft-Windows-PrintService	307	Printing a document	"Document 148, Print Document owned by gfava01 on \\MESOEL06484 was printed on VLS3.60 through port UCP-1.  Size in bytes: 7056. Pages printed: 1. No user action is required."
Information	11/11/2019 16:44	Microsoft-Windows-PrintService	307	Printing a document	"Document 149, Print Document owned by gfava01 on \\MESOEL06484 was printed on VLS3.60 through port UCP-1.  Size in bytes: 7056. Pages printed: 1. No user action is required."
Information	11/11/2019 16:45	Microsoft-Windows-PrintService	307	Printing a document	"Document 150, Print Document owned by gfava01 on \\MESOEL06484 was printed on VLS3.60 through port UCP-1.  Size in bytes: 7056. Pages printed: 1. No user action is required."
Information	11/11/2019 16:46	Microsoft-Windows-PrintService	307	Printing a document	"Document 151, Print Document owned by gfava01 on \\MESOEL06484 was printed on VLS3.60 through port UCP-1.  Size in bytes: 7056. Pages printed: 1. No user action is required."
Information	11/11/2019 16:47	Microsoft-Windows-PrintService	307	Printing a document	"Document 152, Print Document owned by gfava01 on \\MESOEL06484 was printed on VLS3.60 through port UCP-1.  Size in bytes: 7056. Pages printed: 1. No user action is required."
Information	11/11/2019 16:49	Microsoft-Windows-PrintService	307	Printing a document	"Document 153, Print Document owned by gfava01 on \\MESOEL06484 was printed on VLS3.60 through port UCP-1.  Size in bytes: 7056. Pages printed: 1. No user action is required."
Information	11/11/2019 17:30	Microsoft-Windows-PrintService	307	Printing a document	"Document 154, Print Document owned by gfava01 on \\MESOEL06484 was printed on VLS3.60 through port UCP-1.  Size in bytes: 10432. Pages printed: 1. No user action is required."
Information	11/11/2019 17:31	Microsoft-Windows-PrintService	307	Printing a document	"Document 155, Print Document owned by gfava01 on \\MESOEL06484 was printed on VLS3.60 through port UCP-1.  Size in bytes: 10432. Pages printed: 1. No user action is required."
Information	11/11/2019 18:07	Microsoft-Windows-PrintService	307	Printing a document	"Document 156, Print Document owned by gfava01 on \\MESOEL06484 was printed on VLS3.60 through port UCP-1.  Size in bytes: 5184. Pages printed: 1. No user action is required."
Information	11/11/2019 18:24	Microsoft-Windows-PrintService	307	Printing a document	"Document 157, Print Document owned by gfava01 on \\MESOEL06484 was printed on VLS3.60 through port UCP-1.  Size in bytes: 5184. Pages printed: 1. No user action is required."
Information	11/11/2019 18:30	Microsoft-Windows-PrintService	307	Printing a document	"Document 158, Print Document owned by gfava01 on \\MESOEL06484 was printed on VLS3.60 through port UCP-1.  Size in bytes: 5184. Pages printed: 1. No user action is required."
Information	11/11/2019 18:36	Microsoft-Windows-PrintService	307	Printing a document	"Document 159, Print Document owned by gfava01 on \\MESOEL06484 was printed on VLS3.60 through port UCP-1.  Size in bytes: 5184. Pages printed: 1. No user action is required."
Information	11/11/2019 19:22	Microsoft-Windows-PrintService	307	Printing a document	"Document 160, Print Document owned by gfava01 on \\MESOEL06484 was printed on VLS3.60 through port UCP-1.  Size in bytes: 5552. Pages printed: 1. No user action is required."
Information	11/11/2019 19:31	Microsoft-Windows-PrintService	307	Printing a document	"Document 161, Print Document owned by gfava01 on \\MESOEL06484 was printed on VLS3.60 through port UCP-1.  Size in bytes: 5552. Pages printed: 1. No user action is required."
Information	11/12/2019 11:11	Microsoft-Windows-PrintService	307	Printing a document	"Document 162, Print Document owned by gfava01 on \\MESOEL06484 was printed on VLS3.60 through port UCP-1.  Size in bytes: 74352. Pages printed: 1. No user action is required."
Information	11/12/2019 11:21	Microsoft-Windows-PrintService	307	Printing a document	"Document 163, Print Document owned by gfava01 on \\MESOEL06484 was printed on VLS3.60 through port UCP-1.  Size in bytes: 74208. Pages printed: 1. No user action is required."
Information	11/12/2019 11:37	Microsoft-Windows-PrintService	307	Printing a document	"Document 164, Print Document owned by gfava01 on \\MESOEL06484 was printed on VLS3.60 through port UCP-1.  Size in bytes: 2896. Pages printed: 1. No user action is required."
Information	11/12/2019 11:38	Microsoft-Windows-PrintService	307	Printing a document	"Document 165, Print Document owned by gfava01 on \\MESOEL06484 was printed on VLS3.60 through port UCP-1.  Size in bytes: 2896. Pages printed: 1. No user action is required."
Information	11/12/2019 11:47	Microsoft-Windows-PrintService	307	Printing a document	"Document 166, Print Document owned by gfava01 on \\MESOEL06484 was printed on VLS3.60 through port UCP-1.  Size in bytes: 1920. Pages printed: 1. No user action is required."
Information	11/12/2019 11:48	Microsoft-Windows-PrintService	307	Printing a document	"Document 167, Print Document owned by gfava01 on \\MESOEL06484 was printed on VLS3.60 through port UCP-1.  Size in bytes: 1504. Pages printed: 1. No user action is required."
Information	11/12/2019 11:53	Microsoft-Windows-PrintService	307	Printing a document	"Document 168, Print Document owned by gfava01 on \\MESOEL06484 was printed on VLS3.60 through port UCP-1.  Size in bytes: 2608. Pages printed: 1. No user action is required."
Information	11/12/2019 12:30	Microsoft-Windows-PrintService	307	Printing a document	"Document 169, Print Document owned by gfava01 on \\MESOEL06484 was printed on VLS3.60 through port UCP-1.  Size in bytes: 1136. Pages printed: 1. No user action is required."
Information	11/12/2019 14:03	Microsoft-Windows-PrintService	307	Printing a document	"Document 170, Print Document owned by gfava01 on \\MESOEL06484 was printed on VLS3.60 through port UCP-1.  Size in bytes: 872608. Pages printed: 1. No user action is required."
Information	11/12/2019 14:04	Microsoft-Windows-PrintService	307	Printing a document	"Document 171, Print Document owned by gfava01 on \\MESOEL06484 was printed on VLS3.60 through port UCP-1.  Size in bytes: 872472. Pages printed: 1. No user action is required."
Information	11/12/2019 14:08	Microsoft-Windows-PrintService	307	Printing a document	"Document 172, Print Document owned by gfava01 on \\MESOEL06484 was printed on VLS3.60 through port UCP-1.  Size in bytes: 752. Pages printed: 1. No user action is required."
Information	11/12/2019 14:44	Microsoft-Windows-PrintService	307	Printing a document	"Document 173, Print Document owned by gfava01 on \\MESOEL06484 was printed on VLS3.60 through port UCP-1.  Size in bytes: 3120. Pages printed: 1. No user action is required."
Information	11/12/2019 15:21	Microsoft-Windows-PrintService	307	Printing a document	"Document 174, Print Document owned by gfava01 on \\MESOEL06484 was printed on VLS3.60 through port UCP-1.  Size in bytes: 258672. Pages printed: 1. No user action is required."
Information	11/12/2019 16:36	Microsoft-Windows-PrintService	307	Printing a document	"Document 175, Print Document owned by gfava01 on \\MESOEL06484 was printed on VLS3.60 through port UCP-1.  Size in bytes: 1974400. Pages printed: 1. No user action is required."
Information	11/12/2019 16:40	Microsoft-Windows-PrintService	307	Printing a document	"Document 176, Print Document owned by gfava01 on \\MESOEL06484 was printed on VLS3.60 through port UCP-1.  Size in bytes: 1974784. Pages printed: 1. No user action is required."
Information	11/12/2019 17:18	Microsoft-Windows-PrintService	307	Printing a document	"Document 177, Print Document owned by gfava01 on \\MESOEL06484 was printed on VLS3.60 through port UCP-1.  Size in bytes: 42352. Pages printed: 1. No user action is required."
Information	11/12/2019 17:35	Microsoft-Windows-PrintService	307	Printing a document	"Document 178, Print Document owned by gfava01 on \\MESOEL06484 was printed on VLS3.60 through port UCP-1.  Size in bytes: 656. Pages printed: 1. No user action is required."
Information	11/12/2019 17:50	Microsoft-Windows-PrintService	307	Printing a document	"Document 179, Print Document owned by gfava01 on \\MESOEL06484 was printed on VLS3.60 through port UCP-1.  Size in bytes: 841880. Pages printed: 1. No user action is required."
Information	11/12/2019 17:53	Microsoft-Windows-PrintService	307	Printing a document	"Document 180, Print Document owned by gfava01 on \\MESOEL06484 was printed on VLS3.60 through port UCP-1.  Size in bytes: 841872. Pages printed: 1. No user action is required."
Information	11/12/2019 17:55	Microsoft-Windows-PrintService	307	Printing a document	"Document 181, Print Document owned by gfava01 on \\MESOEL06484 was printed on VLS3.60 through port UCP-1.  Size in bytes: 841872. Pages printed: 1. No user action is required."
Information	11/12/2019 17:57	Microsoft-Windows-PrintService	307	Printing a document	"Document 182, Print Document owned by gfava01 on \\MESOEL06484 was printed on VLS3.60 through port UCP-1.  Size in bytes: 841872. Pages printed: 1. No user action is required."
Information	11/12/2019 17:57	Microsoft-Windows-PrintService	307	Printing a document	"Document 183, Print Document owned by gfava01 on \\MESOEL06484 was printed on VLS3.60 through port UCP-1.  Size in bytes: 2608. Pages printed: 1. No user action is required."
Information	11/12/2019 17:57	Microsoft-Windows-PrintService	307	Printing a document	"Document 184, Print Document owned by gfava01 on \\MESOEL06484 was printed on VLS3.60 through port UCP-1.  Size in bytes: 841872. Pages printed: 1. No user action is required."
Information	11/12/2019 17:59	Microsoft-Windows-PrintService	307	Printing a document	"Document 185, Print Document owned by gfava01 on \\MESOEL06484 was printed on VLS3.60 through port UCP-1.  Size in bytes: 22412. Pages printed: 1. No user action is required."
Information	11/12/2019 18:09	Microsoft-Windows-PrintService	307	Printing a document	"Document 186, Print Document owned by gfava01 on \\MESOEL06484 was printed on VLS3.60 through port UCP-1.  Size in bytes: 21744. Pages printed: 1. No user action is required."
Information	11/12/2019 18:19	Microsoft-Windows-PrintService	307	Printing a document	"Document 187, Print Document owned by gfava01 on \\MESOEL06484 was printed on VLS3.60 through port UCP-1.  Size in bytes: 21000. Pages printed: 1. No user action is required."
Information	11/12/2019 19:18	Microsoft-Windows-PrintService	307	Printing a document	"Document 188, Print Document owned by gfava01 on \\MESOEL06484 was printed on VLS3.60 through port UCP-1.  Size in bytes: 4628. Pages printed: 1. No user action is required."
Information	11/12/2019 19:18	Microsoft-Windows-PrintService	307	Printing a document	"Document 189, Print Document owned by gfava01 on \\MESOEL06484 was printed on VLS3.60 through port UCP-1.  Size in bytes: 4628. Pages printed: 1. No user action is required."
Information	11/12/2019 19:18	Microsoft-Windows-PrintService	307	Printing a document	"Document 190, Print Document owned by gfava01 on \\MESOEL06484 was printed on VLS3.60 through port UCP-1.  Size in bytes: 4628. Pages printed: 1. No user action is required."
Information	11/12/2019 19:21	Microsoft-Windows-PrintService	307	Printing a document	"Document 191, Print Document owned by gfava01 on \\MESOEL06484 was printed on VLS3.60 through port UCP-1.  Size in bytes: 4496. Pages printed: 1. No user action is required."
Information	11/12/2019 20:09	Microsoft-Windows-PrintService	307	Printing a document	"Document 192, Print Document owned by gfava01 on \\MESOEL06484 was printed on VLS3.60 through port UCP-1.  Size in bytes: 43912. Pages printed: 1. No user action is required."
Information	11/12/2019 20:35	Microsoft-Windows-PrintService	307	Printing a document	"Document 193, Print Document owned by gfava01 on \\MESOEL06484 was printed on VLS3.60 through port UCP-1.  Size in bytes: 28920. Pages printed: 1. No user action is required."
Information	11/12/2019 20:41	Microsoft-Windows-PrintService	307	Printing a document	"Document 194, Print Document owned by gfava01 on \\MESOEL06484 was printed on VLS3.60 through port UCP-1.  Size in bytes: 17888. Pages printed: 1. No user action is required."
Information	11/12/2019 20:52	Microsoft-Windows-PrintService	307	Printing a document	"Document 195, Print Document owned by gfava01 on \\MESOEL06484 was printed on VLS3.60 through port UCP-1.  Size in bytes: 10432. Pages printed: 1. No user action is required."
Information	11/12/2019 20:53	Microsoft-Windows-PrintService	307	Printing a document	"Document 196, Print Document owned by gfava01 on \\MESOEL06484 was printed on VLS3.60 through port UCP-1.  Size in bytes: 10432. Pages printed: 1. No user action is required."
Information	11/12/2019 22:17	Microsoft-Windows-PrintService	307	Printing a document	"Document 197, Print Document owned by gfava01 on \\MESOEL06484 was printed on VLS3.60 through port UCP-1.  Size in bytes: 13760. Pages printed: 1. No user action is required."
Information	11/12/2019 22:36	Microsoft-Windows-PrintService	307	Printing a document	"Document 198, Print Document owned by gfava01 on \\MESOEL06484 was printed on VLS3.60 through port UCP-1.  Size in bytes: 166156. Pages printed: 1. No user action is required."
Information	11/12/2019 22:50	Microsoft-Windows-PrintService	307	Printing a document	"Document 199, Print Document owned by gfava01 on \\MESOEL06484 was printed on VLS3.60 through port UCP-1.  Size in bytes: 30552. Pages printed: 1. No user action is required."
Information	11/12/2019 22:52	Microsoft-Windows-PrintService	307	Printing a document	"Document 200, Print Document owned by gfava01 on \\MESOEL06484 was printed on VLS3.60 through port UCP-1.  Size in bytes: 14488. Pages printed: 1. No user action is required."
Information	11/12/2019 23:04	Microsoft-Windows-PrintService	307	Printing a document	"Document 201, Print Document owned by gfava01 on \\MESOEL06484 was printed on VLS3.60 through port UCP-1.  Size in bytes: 73708. Pages printed: 1. No user action is required."
Information	11/12/2019 23:29	Microsoft-Windows-PrintService	307	Printing a document	"Document 202, Print Document owned by gfava01 on \\MESOEL06484 was printed on VLS3.60 through port UCP-1.  Size in bytes: 656. Pages printed: 1. No user action is required."
Information	11/13/2019 2:28	Microsoft-Windows-PrintService	307	Printing a document	"Document 203, Print Document owned by gfava01 on \\MESOEL06484 was printed on VLS3.60 through port UCP-1.  Size in bytes: 10256. Pages printed: 1. No user action is required."
Information	11/13/2019 2:29	Microsoft-Windows-PrintService	307	Printing a document	"Document 204, Print Document owned by gfava01 on \\MESOEL06484 was printed on VLS3.60 through port UCP-1.  Size in bytes: 10256. Pages printed: 1. No user action is required."
Information	11/13/2019 2:29	Microsoft-Windows-PrintService	307	Printing a document	"Document 205, Print Document owned by gfava01 on \\MESOEL06484 was printed on VLS3.60 through port UCP-1.  Size in bytes: 10256. Pages printed: 1. No user action is required."
Information	11/13/2019 2:29	Microsoft-Windows-PrintService	307	Printing a document	"Document 206, Print Document owned by gfava01 on \\MESOEL06484 was printed on VLS3.60 through port UCP-1.  Size in bytes: 10256. Pages printed: 1. No user action is required."
Information	11/13/2019 2:30	Microsoft-Windows-PrintService	307	Printing a document	"Document 207, Print Document owned by gfava01 on \\MESOEL06484 was printed on VLS3.60 through port UCP-1.  Size in bytes: 10256. Pages printed: 1. No user action is required."
Information	11/13/2019 2:31	Microsoft-Windows-PrintService	307	Printing a document	"Document 208, Print Document owned by gfava01 on \\MESOEL06484 was printed on VLS3.60 through port UCP-1.  Size in bytes: 10256. Pages printed: 1. No user action is required."
Information	11/13/2019 2:31	Microsoft-Windows-PrintService	307	Printing a document	"Document 209, Print Document owned by gfava01 on \\MESOEL06484 was printed on VLS3.60 through port UCP-1.  Size in bytes: 10256. Pages printed: 1. No user action is required."
Information	11/13/2019 2:32	Microsoft-Windows-PrintService	307	Printing a document	"Document 210, Print Document owned by gfava01 on \\MESOEL06484 was printed on VLS3.60 through port UCP-1.  Size in bytes: 10256. Pages printed: 1. No user action is required."
Information	11/13/2019 2:32	Microsoft-Windows-PrintService	307	Printing a document	"Document 211, Print Document owned by gfava01 on \\MESOEL06484 was printed on VLS3.60 through port UCP-1.  Size in bytes: 28920. Pages printed: 1. No user action is required."
Information	11/13/2019 2:32	Microsoft-Windows-PrintService	307	Printing a document	"Document 212, Print Document owned by gfava01 on \\MESOEL06484 was printed on VLS3.60 through port UCP-1.  Size in bytes: 1104. Pages printed: 1. No user action is required."
Information	11/13/2019 2:33	Microsoft-Windows-PrintService	307	Printing a document	"Document 213, Print Document owned by gfava01 on \\MESOEL06484 was printed on VLS3.60 through port UCP-1.  Size in bytes: 8848. Pages printed: 1. No user action is required."
Information	11/13/2019 9:46	Microsoft-Windows-PrintService	307	Printing a document	"Document 214, Print Document owned by gfava01 on \\MESOEL06484 was printed on VLS3.60 through port UCP-1.  Size in bytes: 17060. Pages printed: 1. No user action is required."
Information	11/13/2019 10:27	Microsoft-Windows-PrintService	307	Printing a document	"Document 215, Print Document owned by gfava01 on \\MESOEL06484 was printed on VLS3.60 through port UCP-1.  Size in bytes: 29680. Pages printed: 1. No user action is required."
Information	11/13/2019 10:52	Microsoft-Windows-PrintService	307	Printing a document	"Document 216, Print Document owned by gfava01 on \\MESOEL06484 was printed on VLS3.60 through port UCP-1.  Size in bytes: 44204. Pages printed: 1. No user action is required."
Information	11/13/2019 15:22	Microsoft-Windows-PrintService	307	Printing a document	"Document 217, Print Document owned by gfava01 on \\MESOEL06484 was printed on VLS3.60 through port UCP-1.  Size in bytes: 7760. Pages printed: 1. No user action is required."
Information	11/13/2019 15:28	Microsoft-Windows-PrintService	307	Printing a document	"Document 218, Print Document owned by gfava01 on \\MESOEL06484 was printed on VLS3.60 through port UCP-1.  Size in bytes: 15120. Pages printed: 1. No user action is required."
Information	11/13/2019 15:31	Microsoft-Windows-PrintService	307	Printing a document	"Document 219, Print Document owned by gfava01 on \\MESOEL06484 was printed on VLS3.60 through port UCP-1.  Size in bytes: 29840. Pages printed: 1. No user action is required."
Information	11/13/2019 15:34	Microsoft-Windows-PrintService	307	Printing a document	"Document 220, Print Document owned by gfava01 on \\MESOEL06484 was printed on VLS3.60 through port UCP-1.  Size in bytes: 768. Pages printed: 1. No user action is required."
Information	11/13/2019 16:07	Microsoft-Windows-PrintService	307	Printing a document	"Document 221, Print Document owned by gfava01 on \\MESOEL06484 was printed on VLS3.60 through port UCP-1.  Size in bytes: 50696. Pages printed: 1. No user action is required."
Information	11/13/2019 16:44	Microsoft-Windows-PrintService	307	Printing a document	"Document 222, Print Document owned by gfava01 on \\MESOEL06484 was printed on VLS3.60 through port UCP-1.  Size in bytes: 18064. Pages printed: 1. No user action is required."
Information	11/13/2019 17:13	Microsoft-Windows-PrintService	307	Printing a document	"Document 223, Print Document owned by gfava01 on \\MESOEL06484 was printed on VLS3.60 through port UCP-1.  Size in bytes: 1136. Pages printed: 1. No user action is required."
Information	11/13/2019 17:21	Microsoft-Windows-PrintService	307	Printing a document	"Document 224, Print Document owned by gfava01 on \\MESOEL06484 was printed on VLS3.60 through port UCP-1.  Size in bytes: 52624. Pages printed: 1. No user action is required."
Information	11/13/2019 17:52	Microsoft-Windows-PrintService	307	Printing a document	"Document 225, Print Document owned by gfava01 on \\MESOEL06484 was printed on VLS3.60 through port UCP-1.  Size in bytes: 628. Pages printed: 1. No user action is required."
Information	11/13/2019 17:53	Microsoft-Windows-PrintService	307	Printing a document	"Document 226, Print Document owned by gfava01 on \\MESOEL06484 was printed on VLS3.60 through port UCP-1.  Size in bytes: 800. Pages printed: 1. No user action is required."
Information	11/13/2019 17:54	Microsoft-Windows-PrintService	307	Printing a document	"Document 227, Print Document owned by gfava01 on \\MESOEL06484 was printed on VLS3.60 through port UCP-1.  Size in bytes: 800. Pages printed: 1. No user action is required."
Information	11/13/2019 19:20	Microsoft-Windows-PrintService	307	Printing a document	"Document 228, Print Document owned by gfava01 on \\MESOEL06484 was printed on VLS3.60 through port UCP-1.  Size in bytes: 106064. Pages printed: 1. No user action is required."
Information	11/13/2019 21:22	Microsoft-Windows-PrintService	307	Printing a document	"Document 229, Print Document owned by gfava01 on \\MESOEL06484 was printed on VLS3.60 through port UCP-1.  Size in bytes: 856. Pages printed: 1. No user action is required."
Information	11/13/2019 21:24	Microsoft-Windows-PrintService	307	Printing a document	"Document 230, Print Document owned by gfava01 on \\MESOEL06484 was printed on VLS3.60 through port UCP-1.  Size in bytes: 856. Pages printed: 1. No user action is required."
Information	11/13/2019 21:25	Microsoft-Windows-PrintService	307	Printing a document	"Document 231, Print Document owned by gfava01 on \\MESOEL06484 was printed on VLS3.60 through port UCP-1.  Size in bytes: 856. Pages printed: 1. No user action is required."
Information	11/13/2019 21:29	Microsoft-Windows-PrintService	307	Printing a document	"Document 232, Print Document owned by gfava01 on \\MESOEL06484 was printed on VLS3.60 through port UCP-1.  Size in bytes: 856. Pages printed: 1. No user action is required."
Information	11/13/2019 21:31	Microsoft-Windows-PrintService	307	Printing a document	"Document 233, Print Document owned by gfava01 on \\MESOEL06484 was printed on VLS3.60 through port UCP-1.  Size in bytes: 856. Pages printed: 1. No user action is required."
Information	11/13/2019 21:34	Microsoft-Windows-PrintService	307	Printing a document	"Document 234, Print Document owned by gfava01 on \\MESOEL06484 was printed on VLS3.60 through port UCP-1.  Size in bytes: 1256. Pages printed: 1. No user action is required."
Information	11/13/2019 21:36	Microsoft-Windows-PrintService	307	Printing a document	"Document 235, Print Document owned by gfava01 on \\MESOEL06484 was printed on VLS3.60 through port UCP-1.  Size in bytes: 856. Pages printed: 1. No user action is required."
Information	11/13/2019 21:38	Microsoft-Windows-PrintService	307	Printing a document	"Document 236, Print Document owned by gfava01 on \\MESOEL06484 was printed on VLS3.60 through port UCP-1.  Size in bytes: 856. Pages printed: 1. No user action is required."
Information	11/13/2019 21:40	Microsoft-Windows-PrintService	307	Printing a document	"Document 237, Print Document owned by gfava01 on \\MESOEL06484 was printed on VLS3.60 through port UCP-1.  Size in bytes: 856. Pages printed: 1. No user action is required."
Information	11/13/2019 21:41	Microsoft-Windows-PrintService	307	Printing a document	"Document 238, Print Document owned by gfava01 on \\MESOEL06484 was printed on VLS3.60 through port UCP-1.  Size in bytes: 584. Pages printed: 1. No user action is required."
Information	11/13/2019 21:42	Microsoft-Windows-PrintService	307	Printing a document	"Document 239, Print Document owned by gfava01 on \\MESOEL06484 was printed on VLS3.60 through port UCP-1.  Size in bytes: 912. Pages printed: 1. No user action is required."
Information	11/13/2019 21:43	Microsoft-Windows-PrintService	307	Printing a document	"Document 240, Print Document owned by gfava01 on \\MESOEL06484 was printed on VLS3.60 through port UCP-1.  Size in bytes: 912. Pages printed: 1. No user action is required."
Information	11/13/2019 21:43	Microsoft-Windows-PrintService	307	Printing a document	"Document 241, Print Document owned by gfava01 on \\MESOEL06484 was printed on VLS3.60 through port UCP-1.  Size in bytes: 912. Pages printed: 1. No user action is required."
Information	11/13/2019 21:46	Microsoft-Windows-PrintService	307	Printing a document	"Document 242, Print Document owned by gfava01 on \\MESOEL06484 was printed on VLS3.60 through port UCP-1.  Size in bytes: 656. Pages printed: 1. No user action is required."
Information	11/13/2019 21:48	Microsoft-Windows-PrintService	307	Printing a document	"Document 243, Print Document owned by gfava01 on \\MESOEL06484 was printed on VLS3.60 through port UCP-1.  Size in bytes: 912. Pages printed: 1. No user action is required."
Information	11/13/2019 21:51	Microsoft-Windows-PrintService	307	Printing a document	"Document 244, Print Document owned by gfava01 on \\MESOEL06484 was printed on VLS3.60 through port UCP-1.  Size in bytes: 912. Pages printed: 1. No user action is required."
Information	11/13/2019 21:54	Microsoft-Windows-PrintService	307	Printing a document	"Document 245, Print Document owned by gfava01 on \\MESOEL06484 was printed on VLS3.60 through port UCP-1.  Size in bytes: 912. Pages printed: 1. No user action is required."
Information	11/13/2019 22:03	Microsoft-Windows-PrintService	307	Printing a document	"Document 246, Print Document owned by gfava01 on \\MESOEL06484 was printed on VLS3.60 through port UCP-1.  Size in bytes: 27400. Pages printed: 1. No user action is required."
Information	11/13/2019 22:05	Microsoft-Windows-PrintService	307	Printing a document	"Document 247, Print Document owned by gfava01 on \\MESOEL06484 was printed on VLS3.60 through port UCP-1.  Size in bytes: 33736. Pages printed: 1. No user action is required."
Information	11/13/2019 22:06	Microsoft-Windows-PrintService	307	Printing a document	"Document 248, Print Document owned by gfava01 on \\MESOEL06484 was printed on VLS3.60 through port UCP-1.  Size in bytes: 27400. Pages printed: 1. No user action is required."
Information	11/13/2019 22:29	Microsoft-Windows-PrintService	307	Printing a document	"Document 249, Print Document owned by gfava01 on \\MESOEL06484 was printed on VLS3.60 through port UCP-1.  Size in bytes: 1408. Pages printed: 1. No user action is required."
Information	11/14/2019 10:20	Microsoft-Windows-PrintService	307	Printing a document	"Document 250, Print Document owned by gfava01 on \\MESOEL06484 was printed on VLS3.60 through port UCP-1.  Size in bytes: 21392. Pages printed: 1. No user action is required."
Information	11/14/2019 10:28	Microsoft-Windows-PrintService	307	Printing a document	"Document 251, Print Document owned by gfava01 on \\MESOEL06484 was printed on VLS3.60 through port UCP-1.  Size in bytes: 17012. Pages printed: 1. No user action is required."
Information	11/14/2019 10:51	Microsoft-Windows-PrintService	307	Printing a document	"Document 252, Print Document owned by gfava01 on \\MESOEL06484 was printed on VLS3.60 through port UCP-1.  Size in bytes: 17012. Pages printed: 1. No user action is required."
Information	11/14/2019 11:20	Microsoft-Windows-PrintService	307	Printing a document	"Document 253, Print Document owned by gfava01 on \\MESOEL06484 was printed on VLS3.60 through port UCP-1.  Size in bytes: 9564. Pages printed: 1. No user action is required."
Information	11/14/2019 11:38	Microsoft-Windows-PrintService	307	Printing a document	"Document 254, Print Document owned by gfava01 on \\MESOEL06484 was printed on VLS3.60 through port UCP-1.  Size in bytes: 41616. Pages printed: 1. No user action is required."
Information	11/14/2019 12:05	Microsoft-Windows-PrintService	307	Printing a document	"Document 255, Print Document owned by gfava01 on \\MESOEL06484 was printed on VLS3.60 through port UCP-1.  Size in bytes: 9584. Pages printed: 1. No user action is required."
Information	11/14/2019 12:08	Microsoft-Windows-PrintService	307	Printing a document	"Document 1, Print Document owned by gfava01 on \\MESOEL06484 was printed on VLS3.60 through port UCP-1.  Size in bytes: 9668. Pages printed: 1. No user action is required."
Information	11/14/2019 12:10	Microsoft-Windows-PrintService	307	Printing a document	"Document 2, Print Document owned by gfava01 on \\MESOEL06484 was printed on VLS3.60 through port UCP-1.  Size in bytes: 3776. Pages printed: 1. No user action is required."
Information	11/14/2019 12:56	Microsoft-Windows-PrintService	307	Printing a document	"Document 3, Print Document owned by gfava01 on \\MESOEL06484 was printed on VLS3.60 through port UCP-1.  Size in bytes: 17116. Pages printed: 1. No user action is required."
Information	11/14/2019 13:00	Microsoft-Windows-PrintService	307	Printing a document	"Document 4, Print Document owned by gfava01 on \\MESOEL06484 was printed on VLS3.60 through port UCP-1.  Size in bytes: 24404. Pages printed: 1. No user action is required."
Information	11/14/2019 15:59	Microsoft-Windows-PrintService	307	Printing a document	"Document 5, Print Document owned by gfava01 on \\MESOEL06484 was printed on VLS3.60 through port UCP-1.  Size in bytes: 2608. Pages printed: 1. No user action is required."
Information	11/14/2019 16:09	Microsoft-Windows-PrintService	307	Printing a document	"Document 6, Print Document owned by gfava01 on \\MESOEL06484 was printed on VLS3.60 through port UCP-1.  Size in bytes: 43640. Pages printed: 1. No user action is required."
Information	11/14/2019 16:10	Microsoft-Windows-PrintService	307	Printing a document	"Document 7, Print Document owned by gfava01 on \\MESOEL06484 was printed on VLS3.60 through port UCP-1.  Size in bytes: 37936. Pages printed: 1. No user action is required."
Information	11/14/2019 16:35	Microsoft-Windows-PrintService	307	Printing a document	"Document 8, Print Document owned by gfava01 on \\MESOEL06484 was printed on VLS3.60 through port UCP-1.  Size in bytes: 2760. Pages printed: 1. No user action is required."
Information	11/14/2019 17:01	Microsoft-Windows-PrintService	307	Printing a document	"Document 9, Print Document owned by gfava01 on \\MESOEL06484 was printed on VLS3.60 through port UCP-1.  Size in bytes: 30576. Pages printed: 1. No user action is required."
Information	11/14/2019 17:27	Microsoft-Windows-PrintService	307	Printing a document	"Document 10, Print Document owned by gfava01 on \\MESOEL06484 was printed on VLS3.60 through port UCP-1.  Size in bytes: 97120. Pages printed: 1. No user action is required."
Information	11/14/2019 17:27	Microsoft-Windows-PrintService	307	Printing a document	"Document 11, Print Document owned by gfava01 on \\MESOEL06484 was printed on VLS3.60 through port UCP-1.  Size in bytes: 97120. Pages printed: 1. No user action is required."
Information	11/14/2019 17:28	Microsoft-Windows-PrintService	307	Printing a document	"Document 12, Print Document owned by gfava01 on \\MESOEL06484 was printed on VLS3.60 through port UCP-1.  Size in bytes: 97120. Pages printed: 1. No user action is required."
Information	11/14/2019 17:39	Microsoft-Windows-PrintService	307	Printing a document	"Document 13, Print Document owned by gfava01 on \\MESOEL06484 was printed on VLS3.60 through port UCP-1.  Size in bytes: 752. Pages printed: 1. No user action is required."
Information	11/14/2019 17:52	Microsoft-Windows-PrintService	307	Printing a document	"Document 14, Print Document owned by gfava01 on \\MESOEL06484 was printed on VLS3.60 through port UCP-1.  Size in bytes: 11424. Pages printed: 1. No user action is required."
Information	11/14/2019 19:14	Microsoft-Windows-PrintService	307	Printing a document	"Document 15, Print Document owned by gfava01 on \\MESOEL06484 was printed on VLS3.60 through port UCP-1.  Size in bytes: 29664. Pages printed: 1. No user action is required."
Information	11/14/2019 19:15	Microsoft-Windows-PrintService	307	Printing a document	"Document 16, Print Document owned by gfava01 on \\MESOEL06484 was printed on VLS3.60 through port UCP-1.  Size in bytes: 29664. Pages printed: 1. No user action is required."
Information	11/14/2019 20:04	Microsoft-Windows-PrintService	307	Printing a document	"Document 17, Print Document owned by gfava01 on \\MESOEL06484 was printed on VLS3.60 through port UCP-1.  Size in bytes: 2128. Pages printed: 1. No user action is required."
Information	11/14/2019 20:12	Microsoft-Windows-PrintService	307	Printing a document	"Document 18, Print Document owned by gfava01 on \\MESOEL06484 was printed on VLS3.60 through port UCP-1.  Size in bytes: 14768. Pages printed: 1. No user action is required."
Information	11/14/2019 20:16	Microsoft-Windows-PrintService	307	Printing a document	"Document 19, Print Document owned by gfava01 on \\MESOEL06484 was printed on VLS3.60 through port UCP-1.  Size in bytes: 94568. Pages printed: 1. No user action is required."
Information	11/14/2019 20:26	Microsoft-Windows-PrintService	307	Printing a document	"Document 20, Print Document owned by gfava01 on \\MESOEL06484 was printed on VLS3.60 through port UCP-1.  Size in bytes: 5128. Pages printed: 1. No user action is required."
Information	11/14/2019 20:32	Microsoft-Windows-PrintService	307	Printing a document	"Document 21, Print Document owned by gfava01 on \\MESOEL06484 was printed on VLS3.60 through port UCP-1.  Size in bytes: 94568. Pages printed: 1. No user action is required."
Information	11/14/2019 20:49	Microsoft-Windows-PrintService	307	Printing a document	"Document 22, Print Document owned by gfava01 on \\MESOEL06484 was printed on VLS3.60 through port UCP-1.  Size in bytes: 64152. Pages printed: 1. No user action is required."
Information	11/14/2019 20:52	Microsoft-Windows-PrintService	307	Printing a document	"Document 23, Print Document owned by gfava01 on \\MESOEL06484 was printed on VLS3.60 through port UCP-1.  Size in bytes: 8672. Pages printed: 1. No user action is required."
Information	11/14/2019 20:58	Microsoft-Windows-PrintService	307	Printing a document	"Document 24, Print Document owned by gfava01 on \\MESOEL06484 was printed on VLS3.60 through port UCP-1.  Size in bytes: 19528. Pages printed: 1. No user action is required."
Information	11/14/2019 21:03	Microsoft-Windows-PrintService	307	Printing a document	"Document 25, Print Document owned by gfava01 on \\MESOEL06484 was printed on VLS3.60 through port UCP-1.  Size in bytes: 19528. Pages printed: 1. No user action is required."
Information	11/14/2019 21:08	Microsoft-Windows-PrintService	307	Printing a document	"Document 26, Print Document owned by gfava01 on \\MESOEL06484 was printed on VLS3.60 through port UCP-1.  Size in bytes: 79400. Pages printed: 1. No user action is required."
Information	11/14/2019 22:16	Microsoft-Windows-PrintService	307	Printing a document	"Document 27, Print Document owned by gfava01 on \\MESOEL06484 was printed on VLS3.60 through port UCP-1.  Size in bytes: 182796. Pages printed: 1. No user action is required."
Information	11/14/2019 22:17	Microsoft-Windows-PrintService	307	Printing a document	"Document 28, Print Document owned by gfava01 on \\MESOEL06484 was printed on VLS3.60 through port UCP-1.  Size in bytes: 182412. Pages printed: 1. No user action is required."
Information	11/14/2019 22:20	Microsoft-Windows-PrintService	307	Printing a document	"Document 29, Print Document owned by gfava01 on \\MESOEL06484 was printed on VLS3.60 through port UCP-1.  Size in bytes: 182412. Pages printed: 1. No user action is required."
Information	11/14/2019 22:45	Microsoft-Windows-PrintService	307	Printing a document	"Document 30, Print Document owned by gfava01 on \\MESOEL06484 was printed on VLS3.60 through port UCP-1.  Size in bytes: 6544. Pages printed: 1. No user action is required."
Information	11/14/2019 22:53	Microsoft-Windows-PrintService	307	Printing a document	"Document 31, Print Document owned by gfava01 on \\MESOEL06484 was printed on VLS3.60 through port UCP-1.  Size in bytes: 7024. Pages printed: 1. No user action is required."
Information	11/14/2019 22:55	Microsoft-Windows-PrintService	307	Printing a document	"Document 32, Print Document owned by gfava01 on \\MESOEL06484 was printed on VLS3.60 through port UCP-1.  Size in bytes: 7792. Pages printed: 1. No user action is required."
Information	11/14/2019 22:59	Microsoft-Windows-PrintService	307	Printing a document	"Document 33, Print Document owned by gfava01 on \\MESOEL06484 was printed on VLS3.60 through port UCP-1.  Size in bytes: 7636. Pages printed: 1. No user action is required."
Information	11/14/2019 23:08	Microsoft-Windows-PrintService	307	Printing a document	"Document 34, Print Document owned by gfava01 on \\MESOEL06484 was printed on VLS3.60 through port UCP-1.  Size in bytes: 33044. Pages printed: 1. No user action is required."
Information	11/14/2019 23:11	Microsoft-Windows-PrintService	307	Printing a document	"Document 35, Print Document owned by gfava01 on \\MESOEL06484 was printed on VLS3.60 through port UCP-1.  Size in bytes: 33552. Pages printed: 1. No user action is required."
Information	11/14/2019 23:26	Microsoft-Windows-PrintService	307	Printing a document	"Document 36, Print Document owned by gfava01 on \\MESOEL06484 was printed on VLS3.60 through port UCP-1.  Size in bytes: 992. Pages printed: 1. No user action is required."
Information	11/14/2019 23:26	Microsoft-Windows-PrintService	307	Printing a document	"Document 37, Print Document owned by gfava01 on \\MESOEL06484 was printed on VLS3.60 through port UCP-1.  Size in bytes: 752. Pages printed: 1. No user action is required."
Information	11/14/2019 23:50	Microsoft-Windows-PrintService	307	Printing a document	"Document 38, Print Document owned by gfava01 on \\MESOEL06484 was printed on VLS3.60 through port UCP-1.  Size in bytes: 12048. Pages printed: 1. No user action is required."
Information	11/14/2019 23:50	Microsoft-Windows-PrintService	307	Printing a document	"Document 39, Print Document owned by gfava01 on \\MESOEL06484 was printed on VLS3.60 through port UCP-1.  Size in bytes: 12048. Pages printed: 1. No user action is required."
Information	11/14/2019 23:59	Microsoft-Windows-PrintService	307	Printing a document	"Document 40, Print Document owned by gfava01 on \\MESOEL06484 was printed on VLS3.60 through port UCP-1.  Size in bytes: 992. Pages printed: 1. No user action is required."
Information	11/15/2019 0:04	Microsoft-Windows-PrintService	307	Printing a document	"Document 41, Print Document owned by gfava01 on \\MESOEL06484 was printed on VLS3.60 through port UCP-1.  Size in bytes: 6208. Pages printed: 1. No user action is required."
Information	11/15/2019 0:05	Microsoft-Windows-PrintService	307	Printing a document	"Document 42, Print Document owned by gfava01 on \\MESOEL06484 was printed on VLS3.60 through port UCP-1.  Size in bytes: 6208. Pages printed: 1. No user action is required."
