Information	2/24/2020 16:19	Microsoft-Windows-PrintService	307	Printing a document	"Document 62, Print Document owned by mrosen19 on \\MESOEL06484 was printed on VLS3.60 through port UCP-1.  Size in bytes: 1136. Pages printed: 1. No user action is required."
Information	2/24/2020 17:45	Microsoft-Windows-PrintService	307	Printing a document	"Document 63, Print Document owned by mrosen19 on \\MESOEL06484 was printed on VLS3.60 through port UCP-1.  Size in bytes: 4880. Pages printed: 1. No user action is required."
Information	2/24/2020 17:46	Microsoft-Windows-PrintService	307	Printing a document	"Document 64, Print Document owned by mrosen19 on \\MESOEL06484 was printed on VLS3.60 through port UCP-1.  Size in bytes: 4624. Pages printed: 1. No user action is required."
Information	2/24/2020 17:46	Microsoft-Windows-PrintService	307	Printing a document	"Document 65, Print Document owned by mrosen19 on \\MESOEL06484 was printed on VLS3.60 through port UCP-1.  Size in bytes: 4624. Pages printed: 1. No user action is required."
Information	2/24/2020 17:58	Microsoft-Windows-PrintService	307	Printing a document	"Document 66, Print Document owned by mrosen19 on \\MESOEL06484 was printed on VLS3.60 through port UCP-1.  Size in bytes: 4208. Pages printed: 1. No user action is required."
Information	2/24/2020 18:02	Microsoft-Windows-PrintService	307	Printing a document	"Document 67, Print Document owned by mrosen19 on \\MESOEL06484 was printed on VLS3.60 through port UCP-1.  Size in bytes: 4576. Pages printed: 1. No user action is required."
Information	2/24/2020 18:06	Microsoft-Windows-PrintService	307	Printing a document	"Document 68, Print Document owned by mrosen19 on \\MESOEL06484 was printed on VLS3.60 through port UCP-1.  Size in bytes: 2240. Pages printed: 1. No user action is required."
Information	2/24/2020 18:17	Microsoft-Windows-PrintService	307	Printing a document	"Document 69, Print Document owned by mrosen19 on \\MESOEL06484 was printed on VLS3.60 through port UCP-1.  Size in bytes: 28896. Pages printed: 1. No user action is required."
Information	2/24/2020 18:28	Microsoft-Windows-PrintService	307	Printing a document	"Document 70, Print Document owned by mrosen19 on \\MESOEL06484 was printed on VLS3.60 through port UCP-1.  Size in bytes: 23744. Pages printed: 1. No user action is required."
Information	2/24/2020 18:38	Microsoft-Windows-PrintService	307	Printing a document	"Document 71, Print Document owned by mrosen19 on \\MESOEL06484 was printed on VLS3.60 through port UCP-1.  Size in bytes: 2240. Pages printed: 1. No user action is required."
Information	2/24/2020 18:53	Microsoft-Windows-PrintService	307	Printing a document	"Document 72, Print Document owned by mrosen19 on \\MESOEL06484 was printed on VLS3.60 through port UCP-1.  Size in bytes: 302128. Pages printed: 1. No user action is required."
Information	2/24/2020 19:04	Microsoft-Windows-PrintService	307	Printing a document	"Document 73, Print Document owned by mrosen19 on \\MESOEL06484 was printed on VLS3.60 through port UCP-1.  Size in bytes: 13996. Pages printed: 1. No user action is required."
Information	2/24/2020 19:19	Microsoft-Windows-PrintService	307	Printing a document	"Document 74, Print Document owned by mrosen19 on \\MESOEL06484 was printed on VLS3.60 through port UCP-1.  Size in bytes: 1872. Pages printed: 1. No user action is required."
Information	2/24/2020 19:22	Microsoft-Windows-PrintService	307	Printing a document	"Document 75, Print Document owned by mrosen19 on \\MESOEL06484 was printed on VLS3.60 through port UCP-1.  Size in bytes: 1136. Pages printed: 1. No user action is required."
Information	2/24/2020 19:30	Microsoft-Windows-PrintService	307	Printing a document	"Document 76, Print Document owned by mrosen19 on \\MESOEL06484 was printed on VLS3.60 through port UCP-1.  Size in bytes: 3408. Pages printed: 1. No user action is required."
Information	2/24/2020 19:33	Microsoft-Windows-PrintService	307	Printing a document	"Document 77, Print Document owned by mrosen19 on \\MESOEL06484 was printed on VLS3.60 through port UCP-1.  Size in bytes: 7760. Pages printed: 1. No user action is required."
Information	2/24/2020 19:39	Microsoft-Windows-PrintService	307	Printing a document	"Document 78, Print Document owned by mrosen19 on \\MESOEL06484 was printed on VLS3.60 through port UCP-1.  Size in bytes: 3344. Pages printed: 1. No user action is required."
Information	2/24/2020 19:42	Microsoft-Windows-PrintService	307	Printing a document	"Document 79, Print Document owned by mrosen19 on \\MESOEL06484 was printed on VLS3.60 through port UCP-1.  Size in bytes: 2976. Pages printed: 1. No user action is required."
Information	2/24/2020 20:00	Microsoft-Windows-PrintService	307	Printing a document	"Document 80, Print Document owned by mrosen19 on \\MESOEL06484 was printed on VLS3.60 through port UCP-1.  Size in bytes: 1584. Pages printed: 1. No user action is required."
Information	2/24/2020 21:20	Microsoft-Windows-PrintService	307	Printing a document	"Document 81, Print Document owned by mrosen19 on \\MESOEL06484 was printed on VLS3.60 through port UCP-1.  Size in bytes: 4464. Pages printed: 1. No user action is required."
Information	2/24/2020 21:29	Microsoft-Windows-PrintService	307	Printing a document	"Document 82, Print Document owned by mrosen19 on \\MESOEL06484 was printed on VLS3.60 through port UCP-1.  Size in bytes: 5776. Pages printed: 1. No user action is required."
Information	2/24/2020 21:34	Microsoft-Windows-PrintService	307	Printing a document	"Document 83, Print Document owned by mrosen19 on \\MESOEL06484 was printed on VLS3.60 through port UCP-1.  Size in bytes: 7888. Pages printed: 1. No user action is required."
Information	2/24/2020 21:35	Microsoft-Windows-PrintService	307	Printing a document	"Document 84, Print Document owned by mrosen19 on \\MESOEL06484 was printed on VLS3.60 through port UCP-1.  Size in bytes: 7888. Pages printed: 1. No user action is required."
Information	2/24/2020 21:46	Microsoft-Windows-PrintService	307	Printing a document	"Document 85, Print Document owned by mrosen19 on \\MESOEL06484 was printed on VLS3.60 through port UCP-1.  Size in bytes: 11232. Pages printed: 1. No user action is required."
Information	2/24/2020 21:54	Microsoft-Windows-PrintService	307	Printing a document	"Document 86, Print Document owned by mrosen19 on \\MESOEL06484 was printed on VLS3.60 through port UCP-1.  Size in bytes: 5744. Pages printed: 1. No user action is required."
Information	2/24/2020 22:34	Microsoft-Windows-PrintService	307	Printing a document	"Document 87, Print Document owned by mrosen19 on \\MESOEL06484 was printed on VLS3.60 through port UCP-1.  Size in bytes: 1296. Pages printed: 1. No user action is required."
Information	2/24/2020 22:44	Microsoft-Windows-PrintService	307	Printing a document	"Document 88, Print Document owned by mrosen19 on \\MESOEL06484 was printed on VLS3.60 through port UCP-1.  Size in bytes: 1296. Pages printed: 1. No user action is required."
Information	2/25/2020 9:44	Microsoft-Windows-PrintService	307	Printing a document	"Document 89, Print Document owned by mrosen19 on \\MESOEL06484 was printed on VLS3.60 through port UCP-1.  Size in bytes: 7024. Pages printed: 1. No user action is required."
Information	2/25/2020 9:52	Microsoft-Windows-PrintService	307	Printing a document	"Document 90, Print Document owned by mrosen19 on \\MESOEL06484 was printed on VLS3.60 through port UCP-1.  Size in bytes: 4912. Pages printed: 1. No user action is required."
Information	2/25/2020 9:55	Microsoft-Windows-PrintService	307	Printing a document	"Document 91, Print Document owned by mrosen19 on \\MESOEL06484 was printed on VLS3.60 through port UCP-1.  Size in bytes: 4912. Pages printed: 1. No user action is required."
Information	2/25/2020 10:21	Microsoft-Windows-PrintService	307	Printing a document	"Document 92, Print Document owned by mrosen19 on \\MESOEL06484 was printed on VLS3.60 through port UCP-1.  Size in bytes: 1104. Pages printed: 1. No user action is required."
Information	2/25/2020 10:23	Microsoft-Windows-PrintService	307	Printing a document	"Document 93, Print Document owned by mrosen19 on \\MESOEL06484 was printed on VLS3.60 through port UCP-1.  Size in bytes: 1104. Pages printed: 1. No user action is required."
Information	2/25/2020 10:25	Microsoft-Windows-PrintService	307	Printing a document	"Document 94, Print Document owned by mrosen19 on \\MESOEL06484 was printed on VLS3.60 through port UCP-1.  Size in bytes: 1104. Pages printed: 1. No user action is required."
Information	2/25/2020 12:07	Microsoft-Windows-PrintService	307	Printing a document	"Document 95, Print Document owned by ykim24 on \\MESOEL06484 was printed on VLS3.60 through port UCP-1.  Size in bytes: 6528. Pages printed: 1. No user action is required."
Information	2/25/2020 12:08	Microsoft-Windows-PrintService	307	Printing a document	"Document 96, Print Document owned by ykim24 on \\MESOEL06484 was printed on VLS3.60 through port UCP-1.  Size in bytes: 6296. Pages printed: 1. No user action is required."
Information	2/25/2020 12:15	Microsoft-Windows-PrintService	307	Printing a document	"Document 97, Print Document owned by ykim24 on \\MESOEL06484 was printed on VLS3.60 through port UCP-1.  Size in bytes: 5112. Pages printed: 1. No user action is required."
Information	2/25/2020 12:18	Microsoft-Windows-PrintService	307	Printing a document	"Document 98, Print Document owned by ykim24 on \\MESOEL06484 was printed on VLS3.60 through port UCP-1.  Size in bytes: 6296. Pages printed: 1. No user action is required."
Information	2/25/2020 12:26	Microsoft-Windows-PrintService	307	Printing a document	"Document 99, Print Document owned by ykim24 on \\MESOEL06484 was printed on VLS3.60 through port UCP-1.  Size in bytes: 4056. Pages printed: 1. No user action is required."
Information	2/25/2020 12:27	Microsoft-Windows-PrintService	307	Printing a document	"Document 100, Print Document owned by ykim24 on \\MESOEL06484 was printed on VLS3.60 through port UCP-1.  Size in bytes: 3824. Pages printed: 1. No user action is required."
Information	2/25/2020 12:32	Microsoft-Windows-PrintService	307	Printing a document	"Document 101, Print Document owned by ykim24 on \\MESOEL06484 was printed on VLS3.60 through port UCP-1.  Size in bytes: 2768. Pages printed: 1. No user action is required."
Information	2/25/2020 12:38	Microsoft-Windows-PrintService	307	Printing a document	"Document 102, Print Document owned by ykim24 on \\MESOEL06484 was printed on VLS3.60 through port UCP-1.  Size in bytes: 6296. Pages printed: 1. No user action is required."
Information	2/25/2020 12:41	Microsoft-Windows-PrintService	307	Printing a document	"Document 103, Print Document owned by ykim24 on \\MESOEL06484 was printed on VLS3.60 through port UCP-1.  Size in bytes: 5112. Pages printed: 1. No user action is required."
Information	2/25/2020 12:43	Microsoft-Windows-PrintService	307	Printing a document	"Document 104, Print Document owned by ykim24 on \\MESOEL06484 was printed on VLS3.60 through port UCP-1.  Size in bytes: 5112. Pages printed: 1. No user action is required."
Information	2/25/2020 12:47	Microsoft-Windows-PrintService	307	Printing a document	"Document 105, Print Document owned by ykim24 on \\MESOEL06484 was printed on VLS3.60 through port UCP-1.  Size in bytes: 2768. Pages printed: 1. No user action is required."
Information	2/25/2020 13:28	Microsoft-Windows-PrintService	307	Printing a document	"Document 106, Print Document owned by ykim24 on \\MESOEL06484 was printed on VLS3.60 through port UCP-1.  Size in bytes: 11612. Pages printed: 1. No user action is required."
Information	2/25/2020 13:39	Microsoft-Windows-PrintService	307	Printing a document	"Document 107, Print Document owned by ykim24 on \\MESOEL06484 was printed on VLS3.60 through port UCP-1.  Size in bytes: 21120. Pages printed: 1. No user action is required."
Information	2/25/2020 14:04	Microsoft-Windows-PrintService	307	Printing a document	"Document 108, Print Document owned by ykim24 on \\MESOEL06484 was printed on VLS3.60 through port UCP-1.  Size in bytes: 11612. Pages printed: 1. No user action is required."
Information	2/25/2020 14:09	Microsoft-Windows-PrintService	307	Printing a document	"Document 109, Print Document owned by ykim24 on \\MESOEL06484 was printed on VLS3.60 through port UCP-1.  Size in bytes: 11612. Pages printed: 1. No user action is required."
Information	2/25/2020 14:16	Microsoft-Windows-PrintService	307	Printing a document	"Document 110, Print Document owned by ykim24 on \\MESOEL06484 was printed on VLS3.60 through port UCP-1.  Size in bytes: 1872. Pages printed: 1. No user action is required."
Information	2/25/2020 14:17	Microsoft-Windows-PrintService	307	Printing a document	"Document 111, Print Document owned by ykim24 on \\MESOEL06484 was printed on VLS3.60 through port UCP-1.  Size in bytes: 1872. Pages printed: 1. No user action is required."
Information	2/25/2020 14:24	Microsoft-Windows-PrintService	307	Printing a document	"Document 112, Print Document owned by ykim24 on \\MESOEL06484 was printed on VLS3.60 through port UCP-1.  Size in bytes: 1136. Pages printed: 1. No user action is required."
Information	2/25/2020 14:29	Microsoft-Windows-PrintService	307	Printing a document	"Document 113, Print Document owned by ykim24 on \\MESOEL06484 was printed on VLS3.60 through port UCP-1.  Size in bytes: 11612. Pages printed: 1. No user action is required."
Information	2/25/2020 14:54	Microsoft-Windows-PrintService	307	Printing a document	"Document 114, Print Document owned by ykim24 on \\MESOEL06484 was printed on VLS3.60 through port UCP-1.  Size in bytes: 1136. Pages printed: 1. No user action is required."
Information	2/25/2020 15:07	Microsoft-Windows-PrintService	307	Printing a document	"Document 115, Print Document owned by ykim24 on \\MESOEL06484 was printed on VLS3.60 through port UCP-1.  Size in bytes: 1136. Pages printed: 1. No user action is required."
Information	2/25/2020 15:27	Microsoft-Windows-PrintService	307	Printing a document	"Document 116, Print Document owned by ykim24 on \\MESOEL06484 was printed on VLS3.60 through port UCP-1.  Size in bytes: 784. Pages printed: 1. No user action is required."
Information	2/25/2020 15:37	Microsoft-Windows-PrintService	307	Printing a document	"Document 117, Print Document owned by ykim24 on \\MESOEL06484 was printed on VLS3.60 through port UCP-1.  Size in bytes: 784. Pages printed: 1. No user action is required."
Information	2/25/2020 15:41	Microsoft-Windows-PrintService	307	Printing a document	"Document 118, Print Document owned by ykim24 on \\MESOEL06484 was printed on VLS3.60 through port UCP-1.  Size in bytes: 1136. Pages printed: 1. No user action is required."
Information	2/25/2020 15:53	Microsoft-Windows-PrintService	307	Printing a document	"Document 119, Print Document owned by ykim24 on \\MESOEL06484 was printed on VLS3.60 through port UCP-1.  Size in bytes: 7056. Pages printed: 1. No user action is required."
Information	2/25/2020 16:01	Microsoft-Windows-PrintService	307	Printing a document	"Document 120, Print Document owned by ykim24 on \\MESOEL06484 was printed on VLS3.60 through port UCP-1.  Size in bytes: 6128. Pages printed: 1. No user action is required."
Information	2/25/2020 16:06	Microsoft-Windows-PrintService	307	Printing a document	"Document 121, Print Document owned by ykim24 on \\MESOEL06484 was printed on VLS3.60 through port UCP-1.  Size in bytes: 1872. Pages printed: 1. No user action is required."
Information	2/25/2020 16:09	Microsoft-Windows-PrintService	307	Printing a document	"Document 122, Print Document owned by ykim24 on \\MESOEL06484 was printed on VLS3.60 through port UCP-1.  Size in bytes: 2464. Pages printed: 1. No user action is required."
Information	2/25/2020 16:17	Microsoft-Windows-PrintService	307	Printing a document	"Document 123, Print Document owned by ykim24 on \\MESOEL06484 was printed on VLS3.60 through port UCP-1.  Size in bytes: 6128. Pages printed: 1. No user action is required."
Information	2/25/2020 16:27	Microsoft-Windows-PrintService	307	Printing a document	"Document 124, Print Document owned by ykim24 on \\MESOEL06484 was printed on VLS3.60 through port UCP-1.  Size in bytes: 4816. Pages printed: 1. No user action is required."
Information	2/25/2020 17:32	Microsoft-Windows-PrintService	307	Printing a document	"Document 125, Print Document owned by ykim24 on \\MESOEL06484 was printed on VLS3.60 through port UCP-1.  Size in bytes: 93976. Pages printed: 1. No user action is required."
Information	2/25/2020 17:46	Microsoft-Windows-PrintService	307	Printing a document	"Document 126, Print Document owned by ykim24 on \\MESOEL06484 was printed on VLS3.60 through port UCP-1.  Size in bytes: 110592. Pages printed: 1. No user action is required."
Information	2/25/2020 17:50	Microsoft-Windows-PrintService	307	Printing a document	"Document 127, Print Document owned by ykim24 on \\MESOEL06484 was printed on VLS3.60 through port UCP-1.  Size in bytes: 1336. Pages printed: 1. No user action is required."
Information	2/25/2020 17:51	Microsoft-Windows-PrintService	307	Printing a document	"Document 128, Print Document owned by ykim24 on \\MESOEL06484 was printed on VLS3.60 through port UCP-1.  Size in bytes: 2808. Pages printed: 1. No user action is required."
Information	2/25/2020 17:57	Microsoft-Windows-PrintService	307	Printing a document	"Document 129, Print Document owned by ykim24 on \\MESOEL06484 was printed on VLS3.60 through port UCP-1.  Size in bytes: 93976. Pages printed: 1. No user action is required."
Information	2/25/2020 17:58	Microsoft-Windows-PrintService	307	Printing a document	"Document 130, Print Document owned by ykim24 on \\MESOEL06484 was printed on VLS3.60 through port UCP-1.  Size in bytes: 93976. Pages printed: 1. No user action is required."
Information	2/25/2020 18:23	Microsoft-Windows-PrintService	307	Printing a document	"Document 131, Print Document owned by ykim24 on \\MESOEL06484 was printed on VLS3.60 through port UCP-1.  Size in bytes: 4336. Pages printed: 1. No user action is required."
Information	2/25/2020 18:28	Microsoft-Windows-PrintService	307	Printing a document	"Document 132, Print Document owned by ykim24 on \\MESOEL06484 was printed on VLS3.60 through port UCP-1.  Size in bytes: 4324. Pages printed: 1. No user action is required."
Information	2/25/2020 18:31	Microsoft-Windows-PrintService	307	Printing a document	"Document 133, Print Document owned by ykim24 on \\MESOEL06484 was printed on VLS3.60 through port UCP-1.  Size in bytes: 4324. Pages printed: 1. No user action is required."
Information	2/25/2020 18:40	Microsoft-Windows-PrintService	307	Printing a document	"Document 134, Print Document owned by ykim24 on \\MESOEL06484 was printed on VLS3.60 through port UCP-1.  Size in bytes: 952. Pages printed: 1. No user action is required."
Information	2/25/2020 18:40	Microsoft-Windows-PrintService	307	Printing a document	"Document 135, Print Document owned by ykim24 on \\MESOEL06484 was printed on VLS3.60 through port UCP-1.  Size in bytes: 952. Pages printed: 1. No user action is required."
Information	2/25/2020 18:43	Microsoft-Windows-PrintService	307	Printing a document	"Document 136, Print Document owned by ykim24 on \\MESOEL06484 was printed on VLS3.60 through port UCP-1.  Size in bytes: 952. Pages printed: 1. No user action is required."
Information	2/25/2020 18:47	Microsoft-Windows-PrintService	307	Printing a document	"Document 137, Print Document owned by ykim24 on \\MESOEL06484 was printed on VLS3.60 through port UCP-1.  Size in bytes: 584. Pages printed: 1. No user action is required."
Information	2/25/2020 19:54	Microsoft-Windows-PrintService	307	Printing a document	"Document 138, Print Document owned by ykim24 on \\MESOEL06484 was printed on VLS3.60 through port UCP-1.  Size in bytes: 37320. Pages printed: 1. No user action is required."
Information	2/25/2020 19:58	Microsoft-Windows-PrintService	307	Printing a document	"Document 139, Print Document owned by ykim24 on \\MESOEL06484 was printed on VLS3.60 through port UCP-1.  Size in bytes: 37320. Pages printed: 1. No user action is required."
Information	2/25/2020 20:00	Microsoft-Windows-PrintService	307	Printing a document	"Document 140, Print Document owned by ykim24 on \\MESOEL06484 was printed on VLS3.60 through port UCP-1.  Size in bytes: 37320. Pages printed: 1. No user action is required."
Information	2/25/2020 20:15	Microsoft-Windows-PrintService	307	Printing a document	"Document 141, Print Document owned by ykim24 on \\MESOEL06484 was printed on VLS3.60 through port UCP-1.  Size in bytes: 19624. Pages printed: 1. No user action is required."
Information	2/25/2020 20:25	Microsoft-Windows-PrintService	307	Printing a document	"Document 142, Print Document owned by ykim24 on \\MESOEL06484 was printed on VLS3.60 through port UCP-1.  Size in bytes: 3792. Pages printed: 1. No user action is required."
Information	2/25/2020 20:35	Microsoft-Windows-PrintService	307	Printing a document	"Document 143, Print Document owned by ykim24 on \\MESOEL06484 was printed on VLS3.60 through port UCP-1.  Size in bytes: 780. Pages printed: 1. No user action is required."
Information	2/25/2020 20:36	Microsoft-Windows-PrintService	307	Printing a document	"Document 144, Print Document owned by ykim24 on \\MESOEL06484 was printed on VLS3.60 through port UCP-1.  Size in bytes: 780. Pages printed: 1. No user action is required."
Information	2/25/2020 20:39	Microsoft-Windows-PrintService	307	Printing a document	"Document 145, Print Document owned by ykim24 on \\MESOEL06484 was printed on VLS3.60 through port UCP-1.  Size in bytes: 784. Pages printed: 1. No user action is required."
Information	2/25/2020 20:50	Microsoft-Windows-PrintService	307	Printing a document	"Document 146, Print Document owned by ykim24 on \\MESOEL06484 was printed on VLS3.60 through port UCP-1.  Size in bytes: 6488. Pages printed: 1. No user action is required."
Information	2/25/2020 21:02	Microsoft-Windows-PrintService	307	Printing a document	"Document 147, Print Document owned by ykim24 on \\MESOEL06484 was printed on VLS3.60 through port UCP-1.  Size in bytes: 6488. Pages printed: 1. No user action is required."
Information	2/25/2020 21:18	Microsoft-Windows-PrintService	307	Printing a document	"Document 148, Print Document owned by ykim24 on \\MESOEL06484 was printed on VLS3.60 through port UCP-1.  Size in bytes: 1672. Pages printed: 1. No user action is required."
Information	2/25/2020 21:19	Microsoft-Windows-PrintService	307	Printing a document	"Document 149, Print Document owned by ykim24 on \\MESOEL06484 was printed on VLS3.60 through port UCP-1.  Size in bytes: 1672. Pages printed: 1. No user action is required."
Information	2/25/2020 21:21	Microsoft-Windows-PrintService	307	Printing a document	"Document 150, Print Document owned by ykim24 on \\MESOEL06484 was printed on VLS3.60 through port UCP-1.  Size in bytes: 3640. Pages printed: 1. No user action is required."
Information	2/25/2020 21:23	Microsoft-Windows-PrintService	307	Printing a document	"Document 151, Print Document owned by ykim24 on \\MESOEL06484 was printed on VLS3.60 through port UCP-1.  Size in bytes: 2272. Pages printed: 1. No user action is required."
Information	2/25/2020 21:27	Microsoft-Windows-PrintService	307	Printing a document	"Document 152, Print Document owned by ykim24 on \\MESOEL06484 was printed on VLS3.60 through port UCP-1.  Size in bytes: 1600. Pages printed: 1. No user action is required."
Information	2/25/2020 21:27	Microsoft-Windows-PrintService	307	Printing a document	"Document 153, Print Document owned by ykim24 on \\MESOEL06484 was printed on VLS3.60 through port UCP-1.  Size in bytes: 1600. Pages printed: 1. No user action is required."
Information	2/25/2020 21:32	Microsoft-Windows-PrintService	307	Printing a document	"Document 154, Print Document owned by ykim24 on \\MESOEL06484 was printed on VLS3.60 through port UCP-1.  Size in bytes: 656. Pages printed: 1. No user action is required."
Information	2/25/2020 21:58	Microsoft-Windows-PrintService	307	Printing a document	"Document 155, Print Document owned by ykim24 on \\MESOEL06484 was printed on VLS3.60 through port UCP-1.  Size in bytes: 4880. Pages printed: 1. No user action is required."
Information	2/25/2020 22:04	Microsoft-Windows-PrintService	307	Printing a document	"Document 156, Print Document owned by ykim24 on \\MESOEL06484 was printed on VLS3.60 through port UCP-1.  Size in bytes: 5904. Pages printed: 1. No user action is required."
Information	2/25/2020 22:10	Microsoft-Windows-PrintService	307	Printing a document	"Document 157, Print Document owned by ykim24 on \\MESOEL06484 was printed on VLS3.60 through port UCP-1.  Size in bytes: 584. Pages printed: 1. No user action is required."
Information	2/25/2020 22:15	Microsoft-Windows-PrintService	307	Printing a document	"Document 158, Print Document owned by ykim24 on \\MESOEL06484 was printed on VLS3.60 through port UCP-1.  Size in bytes: 3216. Pages printed: 1. No user action is required."
Information	2/25/2020 22:42	Microsoft-Windows-PrintService	307	Printing a document	"Document 159, Print Document owned by ykim24 on \\MESOEL06484 was printed on VLS3.60 through port UCP-1.  Size in bytes: 4880. Pages printed: 1. No user action is required."
Information	2/25/2020 22:56	Microsoft-Windows-PrintService	307	Printing a document	"Document 160, Print Document owned by ykim24 on \\MESOEL06484 was printed on VLS3.60 through port UCP-1.  Size in bytes: 38992. Pages printed: 1. No user action is required."
Information	2/25/2020 23:05	Microsoft-Windows-PrintService	307	Printing a document	"Document 161, Print Document owned by ykim24 on \\MESOEL06484 was printed on VLS3.60 through port UCP-1.  Size in bytes: 3344. Pages printed: 1. No user action is required."
Information	2/26/2020 9:18	Microsoft-Windows-PrintService	307	Printing a document	"Document 162, Print Document owned by ykim24 on \\MESOEL06484 was printed on VLS3.60 through port UCP-1.  Size in bytes: 2744. Pages printed: 1. No user action is required."
Information	2/26/2020 9:21	Microsoft-Windows-PrintService	307	Printing a document	"Document 163, Print Document owned by ykim24 on \\MESOEL06484 was printed on VLS3.60 through port UCP-1.  Size in bytes: 5808. Pages printed: 1. No user action is required."
Information	2/26/2020 9:32	Microsoft-Windows-PrintService	307	Printing a document	"Document 164, Print Document owned by ykim24 on \\MESOEL06484 was printed on VLS3.60 through port UCP-1.  Size in bytes: 25336. Pages printed: 1. No user action is required."
Information	2/26/2020 10:26	Microsoft-Windows-PrintService	307	Printing a document	"Document 165, Print Document owned by ykim24 on \\MESOEL06484 was printed on VLS3.60 through port UCP-1.  Size in bytes: 2620. Pages printed: 1. No user action is required."
Information	2/26/2020 10:28	Microsoft-Windows-PrintService	307	Printing a document	"Document 166, Print Document owned by ykim24 on \\MESOEL06484 was printed on VLS3.60 through port UCP-1.  Size in bytes: 3216. Pages printed: 1. No user action is required."
Information	2/26/2020 10:28	Microsoft-Windows-PrintService	307	Printing a document	"Document 167, Print Document owned by ykim24 on \\MESOEL06484 was printed on VLS3.60 through port UCP-1.  Size in bytes: 3216. Pages printed: 1. No user action is required."
Information	2/26/2020 10:29	Microsoft-Windows-PrintService	307	Printing a document	"Document 168, Print Document owned by ykim24 on \\MESOEL06484 was printed on VLS3.60 through port UCP-1.  Size in bytes: 3216. Pages printed: 1. No user action is required."
Information	2/26/2020 10:33	Microsoft-Windows-PrintService	307	Printing a document	"Document 169, Print Document owned by ykim24 on \\MESOEL06484 was printed on VLS3.60 through port UCP-1.  Size in bytes: 584. Pages printed: 1. No user action is required."
Information	2/26/2020 10:34	Microsoft-Windows-PrintService	307	Printing a document	"Document 170, Print Document owned by ykim24 on \\MESOEL06484 was printed on VLS3.60 through port UCP-1.  Size in bytes: 584. Pages printed: 1. No user action is required."
Information	2/26/2020 10:43	Microsoft-Windows-PrintService	307	Printing a document	"Document 172, Print Document owned by ykim24 on \\MESOEL06484 was printed on VLS3.60 through port UCP-1.  Size in bytes: 2608. Pages printed: 1. No user action is required."
Information	2/26/2020 11:40	Microsoft-Windows-PrintService	307	Printing a document	"Document 173, Print Document owned by ykim24 on \\MESOEL06484 was printed on VLS3.60 through port UCP-1.  Size in bytes: 2448. Pages printed: 1. No user action is required."
Information	2/26/2020 11:49	Microsoft-Windows-PrintService	307	Printing a document	"Document 174, Print Document owned by ykim24 on \\MESOEL06484 was printed on VLS3.60 through port UCP-1.  Size in bytes: 2448. Pages printed: 1. No user action is required."
Information	2/26/2020 12:05	Microsoft-Windows-PrintService	307	Printing a document	"Document 175, Print Document owned by ykim24 on \\MESOEL06484 was printed on VLS3.60 through port UCP-1.  Size in bytes: 928. Pages printed: 1. No user action is required."
Information	2/26/2020 12:34	Microsoft-Windows-PrintService	307	Printing a document	"Document 176, Print Document owned by ykim24 on \\MESOEL06484 was printed on VLS3.60 through port UCP-1.  Size in bytes: 2192. Pages printed: 1. No user action is required."
Information	2/26/2020 12:49	Microsoft-Windows-PrintService	307	Printing a document	"Document 177, Print Document owned by ykim24 on \\MESOEL06484 was printed on VLS3.60 through port UCP-1.  Size in bytes: 1855304. Pages printed: 1. No user action is required."
Information	2/26/2020 13:03	Microsoft-Windows-PrintService	307	Printing a document	"Document 178, Print Document owned by ykim24 on \\MESOEL06484 was printed on VLS3.60 through port UCP-1.  Size in bytes: 1855304. Pages printed: 1. No user action is required."
Information	2/26/2020 13:34	Microsoft-Windows-PrintService	307	Printing a document	"Document 179, Print Document owned by ykim24 on \\MESOEL06484 was printed on VLS3.60 through port UCP-1.  Size in bytes: 14016. Pages printed: 1. No user action is required."
Information	2/26/2020 13:42	Microsoft-Windows-PrintService	307	Printing a document	"Document 180, Print Document owned by ykim24 on \\MESOEL06484 was printed on VLS3.60 through port UCP-1.  Size in bytes: 14016. Pages printed: 1. No user action is required."
Information	2/26/2020 14:00	Microsoft-Windows-PrintService	307	Printing a document	"Document 181, Print Document owned by ykim24 on \\MESOEL06484 was printed on VLS3.60 through port UCP-1.  Size in bytes: 5160. Pages printed: 1. No user action is required."
Information	2/26/2020 14:15	Microsoft-Windows-PrintService	307	Printing a document	"Document 182, Print Document owned by ykim24 on \\MESOEL06484 was printed on VLS3.60 through port UCP-1.  Size in bytes: 800. Pages printed: 1. No user action is required."
Information	2/26/2020 14:18	Microsoft-Windows-PrintService	307	Printing a document	"Document 183, Print Document owned by ykim24 on \\MESOEL06484 was printed on VLS3.60 through port UCP-1.  Size in bytes: 1424. Pages printed: 1. No user action is required."
Information	2/26/2020 14:46	Microsoft-Windows-PrintService	307	Printing a document	"Document 184, Print Document owned by ykim24 on \\MESOEL06484 was printed on VLS3.60 through port UCP-1.  Size in bytes: 768. Pages printed: 1. No user action is required."
Information	2/26/2020 16:10	Microsoft-Windows-PrintService	307	Printing a document	"Document 185, Print Document owned by ykim24 on \\MESOEL06484 was printed on VLS3.60 through port UCP-1.  Size in bytes: 2348. Pages printed: 1. No user action is required."
Information	2/26/2020 16:14	Microsoft-Windows-PrintService	307	Printing a document	"Document 186, Print Document owned by ykim24 on \\MESOEL06484 was printed on VLS3.60 through port UCP-1.  Size in bytes: 32897756. Pages printed: 1. No user action is required."
Information	2/26/2020 16:52	Microsoft-Windows-PrintService	307	Printing a document	"Document 187, Print Document owned by ykim24 on \\MESOEL06484 was printed on VLS3.60 through port UCP-1.  Size in bytes: 100920. Pages printed: 1. No user action is required."
Information	2/26/2020 17:20	Microsoft-Windows-PrintService	307	Printing a document	"Document 188, Print Document owned by ykim24 on \\MESOEL06484 was printed on VLS3.60 through port UCP-1.  Size in bytes: 2304. Pages printed: 1. No user action is required."
Information	2/26/2020 17:21	Microsoft-Windows-PrintService	307	Printing a document	"Document 189, Print Document owned by ykim24 on \\MESOEL06484 was printed on VLS3.60 through port UCP-1.  Size in bytes: 9744. Pages printed: 1. No user action is required."
Information	2/26/2020 17:24	Microsoft-Windows-PrintService	307	Printing a document	"Document 190, Print Document owned by ykim24 on \\MESOEL06484 was printed on VLS3.60 through port UCP-1.  Size in bytes: 208864. Pages printed: 1. No user action is required."
Information	2/26/2020 17:36	Microsoft-Windows-PrintService	307	Printing a document	"Document 191, Print Document owned by ykim24 on \\MESOEL06484 was printed on VLS3.60 through port UCP-1.  Size in bytes: 2436. Pages printed: 1. No user action is required."
Information	2/26/2020 17:42	Microsoft-Windows-PrintService	307	Printing a document	"Document 192, Print Document owned by ykim24 on \\MESOEL06484 was printed on VLS3.60 through port UCP-1.  Size in bytes: 2436. Pages printed: 1. No user action is required."
Information	2/26/2020 17:51	Microsoft-Windows-PrintService	307	Printing a document	"Document 193, Print Document owned by ykim24 on \\MESOEL06484 was printed on VLS3.60 through port UCP-1.  Size in bytes: 12000. Pages printed: 1. No user action is required."
Information	2/26/2020 18:02	Microsoft-Windows-PrintService	307	Printing a document	"Document 194, Print Document owned by ykim24 on \\MESOEL06484 was printed on VLS3.60 through port UCP-1.  Size in bytes: 2631180. Pages printed: 1. No user action is required."
Information	2/26/2020 18:47	Microsoft-Windows-PrintService	307	Printing a document	"Document 195, Print Document owned by ykim24 on \\MESOEL06484 was printed on VLS3.60 through port UCP-1.  Size in bytes: 47960. Pages printed: 1. No user action is required."
Information	2/26/2020 21:35	Microsoft-Windows-PrintService	307	Printing a document	"Document 196, Print Document owned by ykim24 on \\MESOEL06484 was printed on VLS3.60 through port UCP-1.  Size in bytes: 6848. Pages printed: 1. No user action is required."
Information	2/26/2020 21:41	Microsoft-Windows-PrintService	307	Printing a document	"Document 197, Print Document owned by ykim24 on \\MESOEL06484 was printed on VLS3.60 through port UCP-1.  Size in bytes: 6848. Pages printed: 1. No user action is required."
Information	2/26/2020 21:43	Microsoft-Windows-PrintService	307	Printing a document	"Document 198, Print Document owned by ykim24 on \\MESOEL06484 was printed on VLS3.60 through port UCP-1.  Size in bytes: 6848. Pages printed: 1. No user action is required."
Information	2/26/2020 21:43	Microsoft-Windows-PrintService	307	Printing a document	"Document 199, Print Document owned by ykim24 on \\MESOEL06484 was printed on VLS3.60 through port UCP-1.  Size in bytes: 6848. Pages printed: 1. No user action is required."
Information	2/26/2020 21:44	Microsoft-Windows-PrintService	307	Printing a document	"Document 200, Print Document owned by ykim24 on \\MESOEL06484 was printed on VLS3.60 through port UCP-1.  Size in bytes: 6848. Pages printed: 1. No user action is required."
Information	2/26/2020 21:44	Microsoft-Windows-PrintService	307	Printing a document	"Document 201, Print Document owned by ykim24 on \\MESOEL06484 was printed on VLS3.60 through port UCP-1.  Size in bytes: 6848. Pages printed: 1. No user action is required."
Information	2/26/2020 21:44	Microsoft-Windows-PrintService	307	Printing a document	"Document 202, Print Document owned by ykim24 on \\MESOEL06484 was printed on VLS3.60 through port UCP-1.  Size in bytes: 6848. Pages printed: 1. No user action is required."
Information	2/26/2020 21:54	Microsoft-Windows-PrintService	307	Printing a document	"Document 203, Print Document owned by ykim24 on \\MESOEL06484 was printed on VLS3.60 through port UCP-1.  Size in bytes: 32632. Pages printed: 1. No user action is required."
Information	2/27/2020 9:02	Microsoft-Windows-PrintService	307	Printing a document	"Document 204, Print Document owned by ykim24 on \\MESOEL06484 was printed on VLS3.60 through port UCP-1.  Size in bytes: 32672. Pages printed: 1. No user action is required."
Information	2/27/2020 9:06	Microsoft-Windows-PrintService	307	Printing a document	"Document 205, Print Document owned by ykim24 on \\MESOEL06484 was printed on VLS3.60 through port UCP-1.  Size in bytes: 32632. Pages printed: 1. No user action is required."
Information	2/27/2020 11:22	Microsoft-Windows-PrintService	307	Printing a document	"Document 206, Print Document owned by ykim24 on \\MESOEL06484 was printed on VLS3.60 through port UCP-1.  Size in bytes: 3344. Pages printed: 1. No user action is required."
Information	2/27/2020 11:31	Microsoft-Windows-PrintService	307	Printing a document	"Document 207, Print Document owned by ykim24 on \\MESOEL06484 was printed on VLS3.60 through port UCP-1.  Size in bytes: 2608. Pages printed: 1. No user action is required."
Information	2/27/2020 11:34	Microsoft-Windows-PrintService	307	Printing a document	"Document 208, Print Document owned by ykim24 on \\MESOEL06484 was printed on VLS3.60 through port UCP-1.  Size in bytes: 2608. Pages printed: 1. No user action is required."
Information	2/27/2020 11:40	Microsoft-Windows-PrintService	307	Printing a document	"Document 209, Print Document owned by ykim24 on \\MESOEL06484 was printed on VLS3.60 through port UCP-1.  Size in bytes: 2608. Pages printed: 1. No user action is required."
Information	2/27/2020 13:05	Microsoft-Windows-PrintService	307	Printing a document	"Document 210, Print Document owned by ykim24 on \\MESOEL06484 was printed on VLS3.60 through port UCP-1.  Size in bytes: 2608. Pages printed: 1. No user action is required."
Information	2/27/2020 13:35	Microsoft-Windows-PrintService	307	Printing a document	"Document 211, Print Document owned by ykim24 on \\MESOEL06484 was printed on VLS3.60 through port UCP-1.  Size in bytes: 2432. Pages printed: 1. No user action is required."
Information	2/27/2020 13:42	Microsoft-Windows-PrintService	307	Printing a document	"Document 212, Print Document owned by ykim24 on \\MESOEL06484 was printed on VLS3.60 through port UCP-1.  Size in bytes: 5312. Pages printed: 1. No user action is required."
Information	2/27/2020 13:43	Microsoft-Windows-PrintService	307	Printing a document	"Document 213, Print Document owned by ykim24 on \\MESOEL06484 was printed on VLS3.60 through port UCP-1.  Size in bytes: 3264. Pages printed: 1. No user action is required."
Information	2/27/2020 13:45	Microsoft-Windows-PrintService	307	Printing a document	"Document 214, Print Document owned by ykim24 on \\MESOEL06484 was printed on VLS3.60 through port UCP-1.  Size in bytes: 3264. Pages printed: 1. No user action is required."
Information	2/27/2020 13:52	Microsoft-Windows-PrintService	307	Printing a document	"Document 215, Print Document owned by ykim24 on \\MESOEL06484 was printed on VLS3.60 through port UCP-1.  Size in bytes: 3264. Pages printed: 1. No user action is required."
Information	2/27/2020 13:54	Microsoft-Windows-PrintService	307	Printing a document	"Document 216, Print Document owned by ykim24 on \\MESOEL06484 was printed on VLS3.60 through port UCP-1.  Size in bytes: 3264. Pages printed: 1. No user action is required."
Information	2/27/2020 14:00	Microsoft-Windows-PrintService	307	Printing a document	"Document 217, Print Document owned by ykim24 on \\MESOEL06484 was printed on VLS3.60 through port UCP-1.  Size in bytes: 129560. Pages printed: 1. No user action is required."
Information	2/27/2020 14:01	Microsoft-Windows-PrintService	307	Printing a document	"Document 218, Print Document owned by ykim24 on \\MESOEL06484 was printed on VLS3.60 through port UCP-1.  Size in bytes: 141504. Pages printed: 1. No user action is required."
Information	2/27/2020 14:03	Microsoft-Windows-PrintService	307	Printing a document	"Document 219, Print Document owned by ykim24 on \\MESOEL06484 was printed on VLS3.60 through port UCP-1.  Size in bytes: 142208. Pages printed: 1. No user action is required."
Information	2/27/2020 14:12	Microsoft-Windows-PrintService	307	Printing a document	"Document 220, Print Document owned by ykim24 on \\MESOEL06484 was printed on VLS3.60 through port UCP-1.  Size in bytes: 1320. Pages printed: 1. No user action is required."
Information	2/27/2020 14:19	Microsoft-Windows-PrintService	307	Printing a document	"Document 221, Print Document owned by ykim24 on \\MESOEL06484 was printed on VLS3.60 through port UCP-1.  Size in bytes: 142368. Pages printed: 1. No user action is required."
Information	2/27/2020 15:06	Microsoft-Windows-PrintService	307	Printing a document	"Document 222, Print Document owned by ykim24 on \\MESOEL06484 was printed on VLS3.60 through port UCP-1.  Size in bytes: 9232. Pages printed: 1. No user action is required."
Information	2/27/2020 15:10	Microsoft-Windows-PrintService	307	Printing a document	"Document 223, Print Document owned by ykim24 on \\MESOEL06484 was printed on VLS3.60 through port UCP-1.  Size in bytes: 4816. Pages printed: 1. No user action is required."
Information	2/27/2020 15:22	Microsoft-Windows-PrintService	307	Printing a document	"Document 224, Print Document owned by ykim24 on \\MESOEL06484 was printed on VLS3.60 through port UCP-1.  Size in bytes: 17408. Pages printed: 1. No user action is required."
Information	2/27/2020 15:26	Microsoft-Windows-PrintService	307	Printing a document	"Document 225, Print Document owned by ykim24 on \\MESOEL06484 was printed on VLS3.60 through port UCP-1.  Size in bytes: 83968. Pages printed: 1. No user action is required."
Information	2/27/2020 15:44	Microsoft-Windows-PrintService	307	Printing a document	"Document 226, Print Document owned by ykim24 on \\MESOEL06484 was printed on VLS3.60 through port UCP-1.  Size in bytes: 2608. Pages printed: 1. No user action is required."
Information	2/27/2020 15:47	Microsoft-Windows-PrintService	307	Printing a document	"Document 227, Print Document owned by ykim24 on \\MESOEL06484 was printed on VLS3.60 through port UCP-1.  Size in bytes: 83968. Pages printed: 1. No user action is required."
Information	2/27/2020 15:59	Microsoft-Windows-PrintService	307	Printing a document	"Document 228, Print Document owned by ykim24 on \\MESOEL06484 was printed on VLS3.60 through port UCP-1.  Size in bytes: 17408. Pages printed: 1. No user action is required."
Information	2/27/2020 16:21	Microsoft-Windows-PrintService	307	Printing a document	"Document 229, Print Document owned by ykim24 on \\MESOEL06484 was printed on VLS3.60 through port UCP-1.  Size in bytes: 1504. Pages printed: 1. No user action is required."
Information	2/27/2020 16:31	Microsoft-Windows-PrintService	307	Printing a document	"Document 230, Print Document owned by ykim24 on \\MESOEL06484 was printed on VLS3.60 through port UCP-1.  Size in bytes: 2631180. Pages printed: 1. No user action is required."
Information	2/27/2020 17:30	Microsoft-Windows-PrintService	307	Printing a document	"Document 231, Print Document owned by ykim24 on \\MESOEL06484 was printed on VLS3.60 through port UCP-1.  Size in bytes: 3766264. Pages printed: 1. No user action is required."
Information	2/27/2020 17:30	Microsoft-Windows-PrintService	307	Printing a document	"Document 232, Print Document owned by ykim24 on \\MESOEL06484 was printed on VLS3.60 through port UCP-1.  Size in bytes: 3766264. Pages printed: 1. No user action is required."
Information	2/27/2020 17:32	Microsoft-Windows-PrintService	307	Printing a document	"Document 233, Print Document owned by ykim24 on \\MESOEL06484 was printed on VLS3.60 through port UCP-1.  Size in bytes: 3766396. Pages printed: 1. No user action is required."
Information	2/27/2020 17:57	Microsoft-Windows-PrintService	307	Printing a document	"Document 234, Print Document owned by ykim24 on \\MESOEL06484 was printed on VLS3.60 through port UCP-1.  Size in bytes: 13024. Pages printed: 1. No user action is required."
Information	2/27/2020 18:07	Microsoft-Windows-PrintService	307	Printing a document	"Document 235, Print Document owned by ykim24 on \\MESOEL06484 was printed on VLS3.60 through port UCP-1.  Size in bytes: 72752. Pages printed: 1. No user action is required."
Information	2/27/2020 18:08	Microsoft-Windows-PrintService	307	Printing a document	"Document 236, Print Document owned by ykim24 on \\MESOEL06484 was printed on VLS3.60 through port UCP-1.  Size in bytes: 72752. Pages printed: 1. No user action is required."
Information	2/27/2020 18:09	Microsoft-Windows-PrintService	307	Printing a document	"Document 237, Print Document owned by ykim24 on \\MESOEL06484 was printed on VLS3.60 through port UCP-1.  Size in bytes: 72752. Pages printed: 1. No user action is required."
Information	2/27/2020 18:25	Microsoft-Windows-PrintService	307	Printing a document	"Document 238, Print Document owned by ykim24 on \\MESOEL06484 was printed on VLS3.60 through port UCP-1.  Size in bytes: 7004. Pages printed: 1. No user action is required."
Information	2/27/2020 18:39	Microsoft-Windows-PrintService	307	Printing a document	"Document 239, Print Document owned by ykim24 on \\MESOEL06484 was printed on VLS3.60 through port UCP-1.  Size in bytes: 3897568. Pages printed: 1. No user action is required."
Information	2/27/2020 19:01	Microsoft-Windows-PrintService	307	Printing a document	"Document 240, Print Document owned by ykim24 on \\MESOEL06484 was printed on VLS3.60 through port UCP-1.  Size in bytes: 3344. Pages printed: 1. No user action is required."
Information	2/27/2020 19:10	Microsoft-Windows-PrintService	307	Printing a document	"Document 241, Print Document owned by ykim24 on \\MESOEL06484 was printed on VLS3.60 through port UCP-1.  Size in bytes: 3344. Pages printed: 1. No user action is required."
Information	2/27/2020 19:38	Microsoft-Windows-PrintService	307	Printing a document	"Document 242, Print Document owned by ykim24 on \\MESOEL06484 was printed on VLS3.60 through port UCP-1.  Size in bytes: 111968. Pages printed: 1. No user action is required."
Information	2/27/2020 19:43	Microsoft-Windows-PrintService	307	Printing a document	"Document 243, Print Document owned by ykim24 on \\MESOEL06484 was printed on VLS3.60 through port UCP-1.  Size in bytes: 4336. Pages printed: 1. No user action is required."
Information	2/27/2020 20:44	Microsoft-Windows-PrintService	307	Printing a document	"Document 244, Print Document owned by ykim24 on \\MESOEL06484 was printed on VLS3.60 through port UCP-1.  Size in bytes: 23880. Pages printed: 1. No user action is required."
Information	2/27/2020 20:50	Microsoft-Windows-PrintService	307	Printing a document	"Document 245, Print Document owned by ykim24 on \\MESOEL06484 was printed on VLS3.60 through port UCP-1.  Size in bytes: 584. Pages printed: 1. No user action is required."
Information	2/27/2020 20:51	Microsoft-Windows-PrintService	307	Printing a document	"Document 246, Print Document owned by ykim24 on \\MESOEL06484 was printed on VLS3.60 through port UCP-1.  Size in bytes: 584. Pages printed: 1. No user action is required."
Information	2/27/2020 20:52	Microsoft-Windows-PrintService	307	Printing a document	"Document 247, Print Document owned by ykim24 on \\MESOEL06484 was printed on VLS3.60 through port UCP-1.  Size in bytes: 584. Pages printed: 1. No user action is required."
Information	2/27/2020 20:53	Microsoft-Windows-PrintService	307	Printing a document	"Document 248, Print Document owned by ykim24 on \\MESOEL06484 was printed on VLS3.60 through port UCP-1.  Size in bytes: 584. Pages printed: 1. No user action is required."
Information	2/27/2020 21:00	Microsoft-Windows-PrintService	307	Printing a document	"Document 249, Print Document owned by ykim24 on \\MESOEL06484 was printed on VLS3.60 through port UCP-1.  Size in bytes: 24104. Pages printed: 1. No user action is required."
Information	2/27/2020 21:01	Microsoft-Windows-PrintService	307	Printing a document	"Document 250, Print Document owned by ykim24 on \\MESOEL06484 was printed on VLS3.60 through port UCP-1.  Size in bytes: 24104. Pages printed: 1. No user action is required."
Information	2/27/2020 21:02	Microsoft-Windows-PrintService	307	Printing a document	"Document 251, Print Document owned by ykim24 on \\MESOEL06484 was printed on VLS3.60 through port UCP-1.  Size in bytes: 24104. Pages printed: 1. No user action is required."
Information	2/27/2020 21:09	Microsoft-Windows-PrintService	307	Printing a document	"Document 252, Print Document owned by ykim24 on \\MESOEL06484 was printed on VLS3.60 through port UCP-1.  Size in bytes: 4240. Pages printed: 1. No user action is required."
Information	2/27/2020 21:34	Microsoft-Windows-PrintService	307	Printing a document	"Document 253, Print Document owned by ykim24 on \\MESOEL06484 was printed on VLS3.60 through port UCP-1.  Size in bytes: 992. Pages printed: 1. No user action is required."
Information	2/27/2020 21:45	Microsoft-Windows-PrintService	307	Printing a document	"Document 254, Print Document owned by ykim24 on \\MESOEL06484 was printed on VLS3.60 through port UCP-1.  Size in bytes: 1376. Pages printed: 1. No user action is required."
