Information	11/8/2020 12:20	Microsoft-Windows-PrintService	307	Printing a document	"Document 6, Print Document owned by jkanov01 on \\MESOEL06484 was printed on VLS3.60 through port UCP-1.  Size in bytes: 5416. Pages printed: 1. No user action is required."
Information	11/8/2020 12:28	Microsoft-Windows-PrintService	307	Printing a document	"Document 7, Print Document owned by jkanov01 on \\MESOEL06484 was printed on VLS3.60 through port UCP-1.  Size in bytes: 3096. Pages printed: 1. No user action is required."
Information	11/8/2020 18:09	Microsoft-Windows-PrintService	307	Printing a document	"Document 8, Print Document owned by jkanov01 on \\MESOEL06484 was printed on VLS3.60 through port UCP-1.  Size in bytes: 6656. Pages printed: 1. No user action is required."
Information	11/9/2020 10:31	Microsoft-Windows-PrintService	307	Printing a document	"Document 9, Print Document owned by jkanov01 on \\MESOEL06484 was printed on VLS3.60 through port UCP-1.  Size in bytes: 7568. Pages printed: 1. No user action is required."
Information	11/9/2020 10:32	Microsoft-Windows-PrintService	307	Printing a document	"Document 10, Print Document owned by jkanov01 on \\MESOEL06484 was printed on VLS3.60 through port UCP-1.  Size in bytes: 7568. Pages printed: 1. No user action is required."
Information	11/9/2020 10:33	Microsoft-Windows-PrintService	307	Printing a document	"Document 11, Print Document owned by jkanov01 on \\MESOEL06484 was printed on VLS3.60 through port UCP-1.  Size in bytes: 7568. Pages printed: 1. No user action is required."
Information	11/9/2020 10:34	Microsoft-Windows-PrintService	307	Printing a document	"Document 12, Print Document owned by jkanov01 on \\MESOEL06484 was printed on VLS3.60 through port UCP-1.  Size in bytes: 4944. Pages printed: 1. No user action is required."
Information	11/9/2020 11:18	Microsoft-Windows-PrintService	307	Printing a document	"Document 13, Print Document owned by jkanov01 on \\MESOEL06484 was printed on VLS3.60 through port UCP-1.  Size in bytes: 5232. Pages printed: 1. No user action is required."
Information	11/9/2020 14:05	Microsoft-Windows-PrintService	307	Printing a document	"Document 14, Print Document owned by jkanov01 on \\MESOEL06484 was printed on VLS3.60 through port UCP-1.  Size in bytes: 10656. Pages printed: 1. No user action is required."
Information	11/9/2020 14:06	Microsoft-Windows-PrintService	307	Printing a document	"Document 15, Print Document owned by jkanov01 on \\MESOEL06484 was printed on VLS3.60 through port UCP-1.  Size in bytes: 9192. Pages printed: 1. No user action is required."
Information	11/9/2020 14:09	Microsoft-Windows-PrintService	307	Printing a document	"Document 16, Print Document owned by jkanov01 on \\MESOEL06484 was printed on VLS3.60 through port UCP-1.  Size in bytes: 7464. Pages printed: 1. No user action is required."
Information	11/9/2020 14:17	Microsoft-Windows-PrintService	307	Printing a document	"Document 17, Print Document owned by jkanov01 on \\MESOEL06484 was printed on VLS3.60 through port UCP-1.  Size in bytes: 16960. Pages printed: 1. No user action is required."
Information	11/9/2020 14:50	Microsoft-Windows-PrintService	307	Printing a document	"Document 18, Print Document owned by jkanov01 on \\MESOEL06484 was printed on VLS3.60 through port UCP-1.  Size in bytes: 6824. Pages printed: 1. No user action is required."
Information	11/9/2020 14:51	Microsoft-Windows-PrintService	307	Printing a document	"Document 19, Print Document owned by jkanov01 on \\MESOEL06484 was printed on VLS3.60 through port UCP-1.  Size in bytes: 6824. Pages printed: 1. No user action is required."
Information	11/9/2020 15:07	Microsoft-Windows-PrintService	307	Printing a document	"Document 20, Print Document owned by jkanov01 on \\MESOEL06484 was printed on VLS3.60 through port UCP-1.  Size in bytes: 59024. Pages printed: 1. No user action is required."
Information	11/9/2020 15:21	Microsoft-Windows-PrintService	307	Printing a document	"Document 21, Print Document owned by jkanov01 on \\MESOEL06484 was printed on VLS3.60 through port UCP-1.  Size in bytes: 11624. Pages printed: 1. No user action is required."
Information	11/9/2020 15:30	Microsoft-Windows-PrintService	307	Printing a document	"Document 22, Print Document owned by jkanov01 on \\MESOEL06484 was printed on VLS3.60 through port UCP-1.  Size in bytes: 1504. Pages printed: 1. No user action is required."
Information	11/9/2020 15:33	Microsoft-Windows-PrintService	307	Printing a document	"Document 23, Print Document owned by jkanov01 on \\MESOEL06484 was printed on VLS3.60 through port UCP-1.  Size in bytes: 5920. Pages printed: 1. No user action is required."
Information	11/9/2020 15:43	Microsoft-Windows-PrintService	307	Printing a document	"Document 24, Print Document owned by jkanov01 on \\MESOEL06484 was printed on VLS3.60 through port UCP-1.  Size in bytes: 16040. Pages printed: 1. No user action is required."
Information	11/9/2020 16:13	Microsoft-Windows-PrintService	307	Printing a document	"Document 25, Print Document owned by jkanov01 on \\MESOEL06484 was printed on VLS3.60 through port UCP-1.  Size in bytes: 3344. Pages printed: 1. No user action is required."
Information	11/9/2020 16:16	Microsoft-Windows-PrintService	307	Printing a document	"Document 26, Print Document owned by jkanov01 on \\MESOEL06484 was printed on VLS3.60 through port UCP-1.  Size in bytes: 2240. Pages printed: 1. No user action is required."
Information	11/9/2020 16:28	Microsoft-Windows-PrintService	307	Printing a document	"Document 27, Print Document owned by jkanov01 on \\MESOEL06484 was printed on VLS3.60 through port UCP-1.  Size in bytes: 5552. Pages printed: 1. No user action is required."
Information	11/9/2020 16:33	Microsoft-Windows-PrintService	307	Printing a document	"Document 28, Print Document owned by jkanov01 on \\MESOEL06484 was printed on VLS3.60 through port UCP-1.  Size in bytes: 1320. Pages printed: 1. No user action is required."
Information	11/9/2020 16:33	Microsoft-Windows-PrintService	307	Printing a document	"Document 29, Print Document owned by jkanov01 on \\MESOEL06484 was printed on VLS3.60 through port UCP-1.  Size in bytes: 952. Pages printed: 1. No user action is required."
Information	11/9/2020 17:22	Microsoft-Windows-PrintService	307	Printing a document	"Document 30, Print Document owned by jkanov01 on \\MESOEL06484 was printed on VLS3.60 through port UCP-1.  Size in bytes: 24016. Pages printed: 1. No user action is required."
Information	11/9/2020 17:42	Microsoft-Windows-PrintService	307	Printing a document	"Document 31, Print Document owned by jkanov01 on \\MESOEL06484 was printed on VLS3.60 through port UCP-1.  Size in bytes: 82760. Pages printed: 1. No user action is required."
Information	11/9/2020 18:29	Microsoft-Windows-PrintService	307	Printing a document	"Document 32, Print Document owned by jkanov01 on \\MESOEL06484 was printed on VLS3.60 through port UCP-1.  Size in bytes: 10368. Pages printed: 1. No user action is required."
Information	11/9/2020 18:33	Microsoft-Windows-PrintService	307	Printing a document	"Document 33, Print Document owned by jkanov01 on \\MESOEL06484 was printed on VLS3.60 through port UCP-1.  Size in bytes: 3552. Pages printed: 1. No user action is required."
Information	11/9/2020 18:33	Microsoft-Windows-PrintService	307	Printing a document	"Document 34, Print Document owned by jkanov01 on \\MESOEL06484 was printed on VLS3.60 through port UCP-1.  Size in bytes: 9264. Pages printed: 1. No user action is required."
Information	11/9/2020 18:33	Microsoft-Windows-PrintService	307	Printing a document	"Document 35, Print Document owned by jkanov01 on \\MESOEL06484 was printed on VLS3.60 through port UCP-1.  Size in bytes: 9264. Pages printed: 1. No user action is required."
Information	11/9/2020 18:54	Microsoft-Windows-PrintService	307	Printing a document	"Document 36, Print Document owned by jkanov01 on \\MESOEL06484 was printed on VLS3.60 through port UCP-1.  Size in bytes: 1504. Pages printed: 1. No user action is required."
Information	11/9/2020 21:27	Microsoft-Windows-PrintService	307	Printing a document	"Document 37, Print Document owned by jkanov01 on \\MESOEL06484 was printed on VLS3.60 through port UCP-1.  Size in bytes: 3760. Pages printed: 1. No user action is required."
Information	11/9/2020 22:41	Microsoft-Windows-PrintService	307	Printing a document	"Document 38, Print Document owned by jkanov01 on \\MESOEL06484 was printed on VLS3.60 through port UCP-1.  Size in bytes: 6939480. Pages printed: 1. No user action is required."
Information	11/9/2020 22:52	Microsoft-Windows-PrintService	307	Printing a document	"Document 39, Print Document owned by jkanov01 on \\MESOEL06484 was printed on VLS3.60 through port UCP-1.  Size in bytes: 2784504. Pages printed: 1. No user action is required."
Information	11/10/2020 10:39	Microsoft-Windows-PrintService	307	Printing a document	"Document 40, Print Document owned by jkanov01 on \\MESOEL06484 was printed on VLS3.60 through port UCP-1.  Size in bytes: 17456. Pages printed: 1. No user action is required."
Information	11/10/2020 10:42	Microsoft-Windows-PrintService	307	Printing a document	"Document 41, Print Document owned by jkanov01 on \\MESOEL06484 was printed on VLS3.60 through port UCP-1.  Size in bytes: 6656. Pages printed: 1. No user action is required."
Information	11/10/2020 10:47	Microsoft-Windows-PrintService	307	Printing a document	"Document 42, Print Document owned by jkanov01 on \\MESOEL06484 was printed on VLS3.60 through port UCP-1.  Size in bytes: 6656. Pages printed: 1. No user action is required."
Information	11/10/2020 10:52	Microsoft-Windows-PrintService	307	Printing a document	"Document 43, Print Document owned by jkanov01 on \\MESOEL06484 was printed on VLS3.60 through port UCP-1.  Size in bytes: 945832. Pages printed: 1. No user action is required."
Information	11/10/2020 11:18	Microsoft-Windows-PrintService	307	Printing a document	"Document 44, Print Document owned by jkanov01 on \\MESOEL06484 was printed on VLS3.60 through port UCP-1.  Size in bytes: 68464. Pages printed: 1. No user action is required."
Information	11/10/2020 11:19	Microsoft-Windows-PrintService	307	Printing a document	"Document 45, Print Document owned by jkanov01 on \\MESOEL06484 was printed on VLS3.60 through port UCP-1.  Size in bytes: 63248. Pages printed: 1. No user action is required."
Information	11/10/2020 11:56	Microsoft-Windows-PrintService	307	Printing a document	"Document 46, Print Document owned by jkanov01 on \\MESOEL06484 was printed on VLS3.60 through port UCP-1.  Size in bytes: 16960. Pages printed: 1. No user action is required."
Information	11/10/2020 14:56	Microsoft-Windows-PrintService	307	Printing a document	"Document 47, Print Document owned by erobbi03 on \\MESOEL06484 was printed on VLS3.60 through port UCP-1.  Size in bytes: 16920. Pages printed: 1. No user action is required."
Information	11/10/2020 15:11	Microsoft-Windows-PrintService	307	Printing a document	"Document 48, Print Document owned by erobbi03 on \\MESOEL06484 was printed on VLS3.60 through port UCP-1.  Size in bytes: 18224. Pages printed: 1. No user action is required."
Information	11/10/2020 15:16	Microsoft-Windows-PrintService	307	Printing a document	"Document 49, Print Document owned by erobbi03 on \\MESOEL06484 was printed on VLS3.60 through port UCP-1.  Size in bytes: 18224. Pages printed: 1. No user action is required."
Information	11/10/2020 16:05	Microsoft-Windows-PrintService	307	Printing a document	"Document 50, Print Document owned by erobbi03 on \\MESOEL06484 was printed on VLS3.60 through port UCP-1.  Size in bytes: 3291872. Pages printed: 1. No user action is required."
Information	11/10/2020 16:05	Microsoft-Windows-PrintService	307	Printing a document	"Document 51, Print Document owned by erobbi03 on \\MESOEL06484 was printed on VLS3.60 through port UCP-1.  Size in bytes: 3291872. Pages printed: 1. No user action is required."
Information	11/10/2020 18:35	Microsoft-Windows-PrintService	307	Printing a document	"Document 52, Print Document owned by erobbi03 on \\MESOEL06484 was printed on VLS3.60 through port UCP-1.  Size in bytes: 23216. Pages printed: 1. No user action is required."
Information	11/11/2020 9:47	Microsoft-Windows-PrintService	307	Printing a document	"Document 53, Print Document owned by erobbi03 on \\MESOEL06484 was printed on VLS3.60 through port UCP-1.  Size in bytes: 30032. Pages printed: 1. No user action is required."
Information	11/11/2020 10:18	Microsoft-Windows-PrintService	307	Printing a document	"Document 54, Print Document owned by erobbi03 on \\MESOEL06484 was printed on VLS3.60 through port UCP-1.  Size in bytes: 31160. Pages printed: 1. No user action is required."
Information	11/11/2020 10:27	Microsoft-Windows-PrintService	307	Printing a document	"Document 55, Print Document owned by erobbi03 on \\MESOEL06484 was printed on VLS3.60 through port UCP-1.  Size in bytes: 31160. Pages printed: 1. No user action is required."
Information	11/11/2020 11:17	Microsoft-Windows-PrintService	307	Printing a document	"Document 56, Print Document owned by erobbi03 on \\MESOEL06484 was printed on VLS3.60 through port UCP-1.  Size in bytes: 2064. Pages printed: 1. No user action is required."
Information	11/11/2020 12:36	Microsoft-Windows-PrintService	307	Printing a document	"Document 57, Print Document owned by ywu15 on \\MESOEL06484 was printed on VLS3.60 through port UCP-1.  Size in bytes: 10120. Pages printed: 1. No user action is required."
Information	11/11/2020 12:45	Microsoft-Windows-PrintService	307	Printing a document	"Document 58, Print Document owned by ywu15 on \\MESOEL06484 was printed on VLS3.60 through port UCP-1.  Size in bytes: 1024. Pages printed: 1. No user action is required."
Information	11/11/2020 13:10	Microsoft-Windows-PrintService	307	Printing a document	"Document 59, Print Document owned by ywu15 on \\MESOEL06484 was printed on VLS3.60 through port UCP-1.  Size in bytes: 17776. Pages printed: 1. No user action is required."
Information	11/11/2020 14:05	Microsoft-Windows-PrintService	307	Printing a document	"Document 60, Print Document owned by ywu15 on \\MESOEL06484 was printed on VLS3.60 through port UCP-1.  Size in bytes: 15856. Pages printed: 1. No user action is required."
Information	11/11/2020 14:28	Microsoft-Windows-PrintService	307	Printing a document	"Document 61, Print Document owned by ywu15 on \\MESOEL06484 was printed on VLS3.60 through port UCP-1.  Size in bytes: 13648. Pages printed: 1. No user action is required."
Information	11/11/2020 14:28	Microsoft-Windows-PrintService	307	Printing a document	"Document 62, Print Document owned by ywu15 on \\MESOEL06484 was printed on VLS3.60 through port UCP-1.  Size in bytes: 13648. Pages printed: 1. No user action is required."
Information	11/11/2020 14:32	Microsoft-Windows-PrintService	307	Printing a document	"Document 63, Print Document owned by ywu15 on \\MESOEL06484 was printed on VLS3.60 through port UCP-1.  Size in bytes: 36784. Pages printed: 1. No user action is required."
Information	11/11/2020 14:34	Microsoft-Windows-PrintService	307	Printing a document	"Document 64, Print Document owned by ywu15 on \\MESOEL06484 was printed on VLS3.60 through port UCP-1.  Size in bytes: 28000. Pages printed: 1. No user action is required."
Information	11/11/2020 15:07	Microsoft-Windows-PrintService	307	Printing a document	"Document 65, Print Document owned by ywu15 on \\MESOEL06484 was printed on VLS3.60 through port UCP-1.  Size in bytes: 36784. Pages printed: 1. No user action is required."
Information	11/11/2020 15:07	Microsoft-Windows-PrintService	307	Printing a document	"Document 66, Print Document owned by ywu15 on \\MESOEL06484 was printed on VLS3.60 through port UCP-1.  Size in bytes: 36784. Pages printed: 1. No user action is required."
Information	11/11/2020 15:20	Microsoft-Windows-PrintService	307	Printing a document	"Document 67, Print Document owned by ywu15 on \\MESOEL06484 was printed on VLS3.60 through port UCP-1.  Size in bytes: 15856. Pages printed: 1. No user action is required."
Information	11/11/2020 15:24	Microsoft-Windows-PrintService	307	Printing a document	"Document 68, Print Document owned by ywu15 on \\MESOEL06484 was printed on VLS3.60 through port UCP-1.  Size in bytes: 29104. Pages printed: 1. No user action is required."
Information	11/11/2020 15:32	Microsoft-Windows-PrintService	307	Printing a document	"Document 69, Print Document owned by ywu15 on \\MESOEL06484 was printed on VLS3.60 through port UCP-1.  Size in bytes: 28736. Pages printed: 1. No user action is required."
Information	11/11/2020 15:45	Microsoft-Windows-PrintService	307	Printing a document	"Document 70, Print Document owned by ywu15 on \\MESOEL06484 was printed on VLS3.60 through port UCP-1.  Size in bytes: 15856. Pages printed: 1. No user action is required."
Information	11/11/2020 15:50	Microsoft-Windows-PrintService	307	Printing a document	"Document 71, Print Document owned by ywu15 on \\MESOEL06484 was printed on VLS3.60 through port UCP-1.  Size in bytes: 15488. Pages printed: 1. No user action is required."
Information	11/11/2020 15:53	Microsoft-Windows-PrintService	307	Printing a document	"Document 72, Print Document owned by ywu15 on \\MESOEL06484 was printed on VLS3.60 through port UCP-1.  Size in bytes: 50448. Pages printed: 1. No user action is required."
Information	11/11/2020 16:01	Microsoft-Windows-PrintService	307	Printing a document	"Document 73, Print Document owned by ywu15 on \\MESOEL06484 was printed on VLS3.60 through port UCP-1.  Size in bytes: 15488. Pages printed: 1. No user action is required."
Information	11/11/2020 16:25	Microsoft-Windows-PrintService	307	Printing a document	"Document 74, Print Document owned by ywu15 on \\MESOEL06484 was printed on VLS3.60 through port UCP-1.  Size in bytes: 1504. Pages printed: 1. No user action is required."
Information	11/11/2020 16:33	Microsoft-Windows-PrintService	307	Printing a document	"Document 75, Print Document owned by ywu15 on \\MESOEL06484 was printed on VLS3.60 through port UCP-1.  Size in bytes: 10832. Pages printed: 1. No user action is required."
Information	11/11/2020 16:33	Microsoft-Windows-PrintService	307	Printing a document	"Document 76, Print Document owned by ywu15 on \\MESOEL06484 was printed on VLS3.60 through port UCP-1.  Size in bytes: 10832. Pages printed: 1. No user action is required."
Information	11/11/2020 16:44	Microsoft-Windows-PrintService	307	Printing a document	"Document 77, Print Document owned by ywu15 on \\MESOEL06484 was printed on VLS3.60 through port UCP-1.  Size in bytes: 1168. Pages printed: 1. No user action is required."
Information	11/11/2020 17:22	Microsoft-Windows-PrintService	307	Printing a document	"Document 78, Print Document owned by ywu15 on \\MESOEL06484 was printed on VLS3.60 through port UCP-1.  Size in bytes: 5920. Pages printed: 1. No user action is required."
Information	11/11/2020 17:54	Microsoft-Windows-PrintService	307	Printing a document	"Document 79, Print Document owned by ywu15 on \\MESOEL06484 was printed on VLS3.60 through port UCP-1.  Size in bytes: 28736. Pages printed: 1. No user action is required."
Information	11/11/2020 17:55	Microsoft-Windows-PrintService	307	Printing a document	"Document 80, Print Document owned by ywu15 on \\MESOEL06484 was printed on VLS3.60 through port UCP-1.  Size in bytes: 28736. Pages printed: 1. No user action is required."
Information	11/11/2020 18:13	Microsoft-Windows-PrintService	307	Printing a document	"Document 81, Print Document owned by ywu15 on \\MESOEL06484 was printed on VLS3.60 through port UCP-1.  Size in bytes: 65904. Pages printed: 1. No user action is required."
Information	11/11/2020 18:19	Microsoft-Windows-PrintService	307	Printing a document	"Document 82, Print Document owned by ywu15 on \\MESOEL06484 was printed on VLS3.60 through port UCP-1.  Size in bytes: 15856. Pages printed: 1. No user action is required."
Information	11/11/2020 18:21	Microsoft-Windows-PrintService	307	Printing a document	"Document 83, Print Document owned by ywu15 on \\MESOEL06484 was printed on VLS3.60 through port UCP-1.  Size in bytes: 29104. Pages printed: 1. No user action is required."
Information	11/11/2020 18:24	Microsoft-Windows-PrintService	307	Printing a document	"Document 84, Print Document owned by ywu15 on \\MESOEL06484 was printed on VLS3.60 through port UCP-1.  Size in bytes: 15856. Pages printed: 1. No user action is required."
Information	11/11/2020 18:41	Microsoft-Windows-PrintService	307	Printing a document	"Document 85, Print Document owned by ywu15 on \\MESOEL06484 was printed on VLS3.60 through port UCP-1.  Size in bytes: 25792. Pages printed: 1. No user action is required."
Information	11/11/2020 18:41	Microsoft-Windows-PrintService	307	Printing a document	"Document 86, Print Document owned by ywu15 on \\MESOEL06484 was printed on VLS3.60 through port UCP-1.  Size in bytes: 25792. Pages printed: 1. No user action is required."
Information	11/11/2020 18:42	Microsoft-Windows-PrintService	307	Printing a document	"Document 87, Print Document owned by ywu15 on \\MESOEL06484 was printed on VLS3.60 through port UCP-1.  Size in bytes: 25792. Pages printed: 1. No user action is required."
Information	11/11/2020 19:00	Microsoft-Windows-PrintService	307	Printing a document	"Document 88, Print Document owned by ywu15 on \\MESOEL06484 was printed on VLS3.60 through port UCP-1.  Size in bytes: 16728. Pages printed: 1. No user action is required."
Information	11/11/2020 19:00	Microsoft-Windows-PrintService	307	Printing a document	"Document 89, Print Document owned by ywu15 on \\MESOEL06484 was printed on VLS3.60 through port UCP-1.  Size in bytes: 16728. Pages printed: 1. No user action is required."
Information	11/11/2020 19:02	Microsoft-Windows-PrintService	307	Printing a document	"Document 90, Print Document owned by ywu15 on \\MESOEL06484 was printed on VLS3.60 through port UCP-1.  Size in bytes: 16728. Pages printed: 1. No user action is required."
Information	11/11/2020 21:27	Microsoft-Windows-PrintService	307	Printing a document	"Document 91, Print Document owned by ywu15 on \\MESOEL06484 was printed on VLS3.60 through port UCP-1.  Size in bytes: 1104. Pages printed: 1. No user action is required."
Information	11/11/2020 21:30	Microsoft-Windows-PrintService	307	Printing a document	"Document 92, Print Document owned by ywu15 on \\MESOEL06484 was printed on VLS3.60 through port UCP-1.  Size in bytes: 117392. Pages printed: 1. No user action is required."
Information	11/11/2020 21:31	Microsoft-Windows-PrintService	307	Printing a document	"Document 93, Print Document owned by ywu15 on \\MESOEL06484 was printed on VLS3.60 through port UCP-1.  Size in bytes: 117392. Pages printed: 1. No user action is required."
Information	11/11/2020 22:06	Microsoft-Windows-PrintService	307	Printing a document	"Document 94, Print Document owned by ywu15 on \\MESOEL06484 was printed on VLS3.60 through port UCP-1.  Size in bytes: 38672. Pages printed: 1. No user action is required."
Information	11/11/2020 22:07	Microsoft-Windows-PrintService	307	Printing a document	"Document 95, Print Document owned by ywu15 on \\MESOEL06484 was printed on VLS3.60 through port UCP-1.  Size in bytes: 38672. Pages printed: 1. No user action is required."
Information	11/11/2020 22:31	Microsoft-Windows-PrintService	307	Printing a document	"Document 96, Print Document owned by ywu15 on \\MESOEL06484 was printed on VLS3.60 through port UCP-1.  Size in bytes: 37200. Pages printed: 1. No user action is required."
Information	11/11/2020 22:59	Microsoft-Windows-PrintService	307	Printing a document	"Document 97, Print Document owned by ywu15 on \\MESOEL06484 was printed on VLS3.60 through port UCP-1.  Size in bytes: 708. Pages printed: 1. No user action is required."
Information	11/11/2020 23:00	Microsoft-Windows-PrintService	307	Printing a document	"Document 98, Print Document owned by ywu15 on \\MESOEL06484 was printed on VLS3.60 through port UCP-1.  Size in bytes: 708. Pages printed: 1. No user action is required."
Information	11/11/2020 23:00	Microsoft-Windows-PrintService	307	Printing a document	"Document 99, Print Document owned by ywu15 on \\MESOEL06484 was printed on VLS3.60 through port UCP-1.  Size in bytes: 708. Pages printed: 1. No user action is required."
Information	11/11/2020 23:00	Microsoft-Windows-PrintService	307	Printing a document	"Document 100, Print Document owned by ywu15 on \\MESOEL06484 was printed on VLS3.60 through port UCP-1.  Size in bytes: 644. Pages printed: 1. No user action is required."
Information	11/11/2020 23:00	Microsoft-Windows-PrintService	307	Printing a document	"Document 101, Print Document owned by ywu15 on \\MESOEL06484 was printed on VLS3.60 through port UCP-1.  Size in bytes: 708. Pages printed: 1. No user action is required."
Information	11/11/2020 23:01	Microsoft-Windows-PrintService	307	Printing a document	"Document 102, Print Document owned by ywu15 on \\MESOEL06484 was printed on VLS3.60 through port UCP-1.  Size in bytes: 708. Pages printed: 1. No user action is required."
Information	11/11/2020 23:01	Microsoft-Windows-PrintService	307	Printing a document	"Document 103, Print Document owned by ywu15 on \\MESOEL06484 was printed on VLS3.60 through port UCP-1.  Size in bytes: 708. Pages printed: 1. No user action is required."
Information	11/11/2020 23:08	Microsoft-Windows-PrintService	307	Printing a document	"Document 104, Print Document owned by ywu15 on \\MESOEL06484 was printed on VLS3.60 through port UCP-1.  Size in bytes: 708. Pages printed: 1. No user action is required."
Information	11/11/2020 23:08	Microsoft-Windows-PrintService	307	Printing a document	"Document 105, Print Document owned by ywu15 on \\MESOEL06484 was printed on VLS3.60 through port UCP-1.  Size in bytes: 708. Pages printed: 1. No user action is required."
Information	11/11/2020 23:08	Microsoft-Windows-PrintService	307	Printing a document	"Document 106, Print Document owned by ywu15 on \\MESOEL06484 was printed on VLS3.60 through port UCP-1.  Size in bytes: 708. Pages printed: 1. No user action is required."
Information	11/11/2020 23:09	Microsoft-Windows-PrintService	307	Printing a document	"Document 107, Print Document owned by ywu15 on \\MESOEL06484 was printed on VLS3.60 through port UCP-1.  Size in bytes: 708. Pages printed: 1. No user action is required."
Information	11/11/2020 23:09	Microsoft-Windows-PrintService	307	Printing a document	"Document 108, Print Document owned by ywu15 on \\MESOEL06484 was printed on VLS3.60 through port UCP-1.  Size in bytes: 752. Pages printed: 1. No user action is required."
Information	11/11/2020 23:09	Microsoft-Windows-PrintService	307	Printing a document	"Document 109, Print Document owned by ywu15 on \\MESOEL06484 was printed on VLS3.60 through port UCP-1.  Size in bytes: 708. Pages printed: 1. No user action is required."
Information	11/11/2020 23:10	Microsoft-Windows-PrintService	307	Printing a document	"Document 110, Print Document owned by ywu15 on \\MESOEL06484 was printed on VLS3.60 through port UCP-1.  Size in bytes: 752. Pages printed: 1. No user action is required."
Information	11/11/2020 23:15	Microsoft-Windows-PrintService	307	Printing a document	"Document 111, Print Document owned by ywu15 on \\MESOEL06484 was printed on VLS3.60 through port UCP-1.  Size in bytes: 752. Pages printed: 1. No user action is required."
Information	11/11/2020 23:23	Microsoft-Windows-PrintService	307	Printing a document	"Document 112, Print Document owned by ywu15 on \\MESOEL06484 was printed on VLS3.60 through port UCP-1.  Size in bytes: 752. Pages printed: 1. No user action is required."
Information	11/11/2020 23:25	Microsoft-Windows-PrintService	307	Printing a document	"Document 113, Print Document owned by ywu15 on \\MESOEL06484 was printed on VLS3.60 through port UCP-1.  Size in bytes: 752. Pages printed: 1. No user action is required."
Information	11/11/2020 23:25	Microsoft-Windows-PrintService	307	Printing a document	"Document 114, Print Document owned by ywu15 on \\MESOEL06484 was printed on VLS3.60 through port UCP-1.  Size in bytes: 752. Pages printed: 1. No user action is required."
Information	11/11/2020 23:27	Microsoft-Windows-PrintService	307	Printing a document	"Document 115, Print Document owned by ywu15 on \\MESOEL06484 was printed on VLS3.60 through port UCP-1.  Size in bytes: 752. Pages printed: 1. No user action is required."
Information	11/12/2020 10:18	Microsoft-Windows-PrintService	307	Printing a document	"Document 116, Print Document owned by ywu15 on \\MESOEL06484 was printed on VLS3.60 through port UCP-1.  Size in bytes: 29448. Pages printed: 1. No user action is required."
Information	11/12/2020 11:09	Microsoft-Windows-PrintService	307	Printing a document	"Document 117, Print Document owned by ywu15 on \\MESOEL06484 was printed on VLS3.60 through port UCP-1.  Size in bytes: 316984. Pages printed: 1. No user action is required."
Information	11/12/2020 11:11	Microsoft-Windows-PrintService	307	Printing a document	"Document 118, Print Document owned by ywu15 on \\MESOEL06484 was printed on VLS3.60 through port UCP-1.  Size in bytes: 316848. Pages printed: 1. No user action is required."
Information	11/12/2020 11:45	Microsoft-Windows-PrintService	307	Printing a document	"Document 119, Print Document owned by ywu15 on \\MESOEL06484 was printed on VLS3.60 through port UCP-1.  Size in bytes: 752. Pages printed: 1. No user action is required."
Information	11/12/2020 11:57	Microsoft-Windows-PrintService	307	Printing a document	"Document 120, Print Document owned by ywu15 on \\MESOEL06484 was printed on VLS3.60 through port UCP-1.  Size in bytes: 752. Pages printed: 1. No user action is required."
Information	11/12/2020 12:00	Microsoft-Windows-PrintService	307	Printing a document	"Document 121, Print Document owned by ywu15 on \\MESOEL06484 was printed on VLS3.60 through port UCP-1.  Size in bytes: 752. Pages printed: 1. No user action is required."
Information	11/12/2020 13:57	Microsoft-Windows-PrintService	307	Printing a document	"Document 122, Print Document owned by ywu15 on \\MESOEL06484 was printed on VLS3.60 through port UCP-1.  Size in bytes: 559860. Pages printed: 1. No user action is required."
Information	11/12/2020 13:58	Microsoft-Windows-PrintService	307	Printing a document	"Document 123, Print Document owned by ywu15 on \\MESOEL06484 was printed on VLS3.60 through port UCP-1.  Size in bytes: 17092. Pages printed: 1. No user action is required."
Information	11/12/2020 13:59	Microsoft-Windows-PrintService	307	Printing a document	"Document 124, Print Document owned by ywu15 on \\MESOEL06484 was printed on VLS3.60 through port UCP-1.  Size in bytes: 1292. Pages printed: 1. No user action is required."
Information	11/12/2020 13:59	Microsoft-Windows-PrintService	307	Printing a document	"Document 125, Print Document owned by ywu15 on \\MESOEL06484 was printed on VLS3.60 through port UCP-1.  Size in bytes: 2416. Pages printed: 1. No user action is required."
Information	11/12/2020 14:00	Microsoft-Windows-PrintService	307	Printing a document	"Document 126, Print Document owned by ywu15 on \\MESOEL06484 was printed on VLS3.60 through port UCP-1.  Size in bytes: 2416. Pages printed: 1. No user action is required."
Information	11/12/2020 14:00	Microsoft-Windows-PrintService	307	Printing a document	"Document 127, Print Document owned by ywu15 on \\MESOEL06484 was printed on VLS3.60 through port UCP-1.  Size in bytes: 2416. Pages printed: 1. No user action is required."
Information	11/12/2020 14:01	Microsoft-Windows-PrintService	307	Printing a document	"Document 128, Print Document owned by ywu15 on \\MESOEL06484 was printed on VLS3.60 through port UCP-1.  Size in bytes: 784. Pages printed: 1. No user action is required."
Information	11/12/2020 14:01	Microsoft-Windows-PrintService	307	Printing a document	"Document 129, Print Document owned by ywu15 on \\MESOEL06484 was printed on VLS3.60 through port UCP-1.  Size in bytes: 1936. Pages printed: 1. No user action is required."
Information	11/12/2020 14:01	Microsoft-Windows-PrintService	307	Printing a document	"Document 130, Print Document owned by ywu15 on \\MESOEL06484 was printed on VLS3.60 through port UCP-1.  Size in bytes: 17092. Pages printed: 1. No user action is required."
Information	11/12/2020 14:01	Microsoft-Windows-PrintService	307	Printing a document	"Document 131, Print Document owned by ywu15 on \\MESOEL06484 was printed on VLS3.60 through port UCP-1.  Size in bytes: 18216. Pages printed: 1. No user action is required."
Information	11/12/2020 14:02	Microsoft-Windows-PrintService	307	Printing a document	"Document 132, Print Document owned by ywu15 on \\MESOEL06484 was printed on VLS3.60 through port UCP-1.  Size in bytes: 5188. Pages printed: 1. No user action is required."
Information	11/12/2020 14:03	Microsoft-Windows-PrintService	307	Printing a document	"Document 133, Print Document owned by ywu15 on \\MESOEL06484 was printed on VLS3.60 through port UCP-1.  Size in bytes: 20364. Pages printed: 1. No user action is required."
Information	11/12/2020 14:22	Microsoft-Windows-PrintService	307	Printing a document	"Document 134, Print Document owned by ywu15 on \\MESOEL06484 was printed on VLS3.60 through port UCP-1.  Size in bytes: 11684. Pages printed: 1. No user action is required."
Information	11/12/2020 16:35	Microsoft-Windows-PrintService	307	Printing a document	"Document 135, Print Document owned by ywu15 on \\MESOEL06484 was printed on VLS3.60 through port UCP-1.  Size in bytes: 9232. Pages printed: 1. No user action is required."
Information	11/12/2020 16:45	Microsoft-Windows-PrintService	307	Printing a document	"Document 136, Print Document owned by ywu15 on \\MESOEL06484 was printed on VLS3.60 through port UCP-1.  Size in bytes: 1504. Pages printed: 1. No user action is required."
Information	11/12/2020 17:10	Microsoft-Windows-PrintService	307	Printing a document	"Document 137, Print Document owned by ywu15 on \\MESOEL06484 was printed on VLS3.60 through port UCP-1.  Size in bytes: 12912. Pages printed: 1. No user action is required."
Information	11/12/2020 17:22	Microsoft-Windows-PrintService	307	Printing a document	"Document 138, Print Document owned by ywu15 on \\MESOEL06484 was printed on VLS3.60 through port UCP-1.  Size in bytes: 5920. Pages printed: 1. No user action is required."
Information	11/13/2020 14:18	Microsoft-Windows-PrintService	307	Printing a document	"Document 2, Print Document owned by jkanov01 on \\MESOEL06484 was printed on VLS3.60 through port UCP-1.  Size in bytes: 62288. Pages printed: 1. No user action is required."
Information	11/13/2020 15:29	Microsoft-Windows-PrintService	307	Printing a document	"Document 3, Print Document owned by jkanov01 on \\MESOEL06484 was printed on VLS3.60 through port UCP-1.  Size in bytes: 1136. Pages printed: 1. No user action is required."
Information	11/13/2020 15:32	Microsoft-Windows-PrintService	307	Printing a document	"Document 4, Print Document owned by jkanov01 on \\MESOEL06484 was printed on VLS3.60 through port UCP-1.  Size in bytes: 1872. Pages printed: 1. No user action is required."
Information	11/14/2020 11:05	Microsoft-Windows-PrintService	307	Printing a document	"Document 5, Print Document owned by jkanov01 on \\MESOEL06484 was printed on VLS3.60 through port UCP-1.  Size in bytes: 6288. Pages printed: 1. No user action is required."
Information	11/14/2020 11:38	Microsoft-Windows-PrintService	307	Printing a document	"Document 6, Print Document owned by jkanov01 on \\MESOEL06484 was printed on VLS3.60 through port UCP-1.  Size in bytes: 3440. Pages printed: 1. No user action is required."
Information	11/14/2020 11:40	Microsoft-Windows-PrintService	307	Printing a document	"Document 7, Print Document owned by jkanov01 on \\MESOEL06484 was printed on VLS3.60 through port UCP-1.  Size in bytes: 1136. Pages printed: 1. No user action is required."
Information	11/14/2020 12:47	Microsoft-Windows-PrintService	307	Printing a document	"Document 8, Print Document owned by jkanov01 on \\MESOEL06484 was printed on VLS3.60 through port UCP-1.  Size in bytes: 211632. Pages printed: 1. No user action is required."
Information	11/14/2020 13:15	Microsoft-Windows-PrintService	307	Printing a document	"Document 9, Print Document owned by jkanov01 on \\MESOEL06484 was printed on VLS3.60 through port UCP-1.  Size in bytes: 4080. Pages printed: 1. No user action is required."
Information	11/14/2020 13:56	Microsoft-Windows-PrintService	307	Printing a document	"Document 10, Print Document owned by jkanov01 on \\MESOEL06484 was printed on VLS3.60 through port UCP-1.  Size in bytes: 4176. Pages printed: 1. No user action is required."
Information	11/14/2020 13:56	Microsoft-Windows-PrintService	307	Printing a document	"Document 11, Print Document owned by jkanov01 on \\MESOEL06484 was printed on VLS3.60 through port UCP-1.  Size in bytes: 4176. Pages printed: 1. No user action is required."
Information	11/15/2020 12:05	Microsoft-Windows-PrintService	307	Printing a document	"Document 12, Print Document owned by jkanov01 on \\MESOEL06484 was printed on VLS3.60 through port UCP-1.  Size in bytes: 10572. Pages printed: 1. No user action is required."
Information	11/15/2020 13:22	Microsoft-Windows-PrintService	307	Printing a document	"Document 13, Print Document owned by jkanov01 on \\MESOEL06484 was printed on VLS3.60 through port UCP-1.  Size in bytes: 7952. Pages printed: 1. No user action is required."
Information	11/15/2020 13:58	Microsoft-Windows-PrintService	307	Printing a document	"Document 14, Print Document owned by jkanov01 on \\MESOEL06484 was printed on VLS3.60 through port UCP-1.  Size in bytes: 29944. Pages printed: 1. No user action is required."
Information	11/15/2020 14:28	Microsoft-Windows-PrintService	307	Printing a document	"Document 15, Print Document owned by jkanov01 on \\MESOEL06484 was printed on VLS3.60 through port UCP-1.  Size in bytes: 1304. Pages printed: 1. No user action is required."
Information	11/15/2020 14:31	Microsoft-Windows-PrintService	307	Printing a document	"Document 16, Print Document owned by jkanov01 on \\MESOEL06484 was printed on VLS3.60 through port UCP-1.  Size in bytes: 1304. Pages printed: 1. No user action is required."
Information	11/15/2020 14:31	Microsoft-Windows-PrintService	307	Printing a document	"Document 17, Print Document owned by jkanov01 on \\MESOEL06484 was printed on VLS3.60 through port UCP-1.  Size in bytes: 1304. Pages printed: 1. No user action is required."
Information	11/15/2020 14:33	Microsoft-Windows-PrintService	307	Printing a document	"Document 18, Print Document owned by jkanov01 on \\MESOEL06484 was printed on VLS3.60 through port UCP-1.  Size in bytes: 1304. Pages printed: 1. No user action is required."
Information	11/15/2020 14:34	Microsoft-Windows-PrintService	307	Printing a document	"Document 19, Print Document owned by jkanov01 on \\MESOEL06484 was printed on VLS3.60 through port UCP-1.  Size in bytes: 1304. Pages printed: 1. No user action is required."
Information	11/15/2020 14:36	Microsoft-Windows-PrintService	307	Printing a document	"Document 20, Print Document owned by jkanov01 on \\MESOEL06484 was printed on VLS3.60 through port UCP-1.  Size in bytes: 1304. Pages printed: 1. No user action is required."
Information	11/15/2020 14:37	Microsoft-Windows-PrintService	307	Printing a document	"Document 21, Print Document owned by jkanov01 on \\MESOEL06484 was printed on VLS3.60 through port UCP-1.  Size in bytes: 2376. Pages printed: 1. No user action is required."
Information	11/15/2020 14:56	Microsoft-Windows-PrintService	307	Printing a document	"Document 22, Print Document owned by jkanov01 on \\MESOEL06484 was printed on VLS3.60 through port UCP-1.  Size in bytes: 19352. Pages printed: 1. No user action is required."
Information	11/15/2020 15:11	Microsoft-Windows-PrintService	307	Printing a document	"Document 23, Print Document owned by jkanov01 on \\MESOEL06484 was printed on VLS3.60 through port UCP-1.  Size in bytes: 17696. Pages printed: 1. No user action is required."
Information	11/15/2020 15:30	Microsoft-Windows-PrintService	307	Printing a document	"Document 24, Print Document owned by jkanov01 on \\MESOEL06484 was printed on VLS3.60 through port UCP-1.  Size in bytes: 7760. Pages printed: 1. No user action is required."
Information	11/15/2020 16:19	Microsoft-Windows-PrintService	307	Printing a document	"Document 25, Print Document owned by jkanov01 on \\MESOEL06484 was printed on VLS3.60 through port UCP-1.  Size in bytes: 4080. Pages printed: 1. No user action is required."
Information	11/15/2020 16:24	Microsoft-Windows-PrintService	307	Printing a document	"Document 26, Print Document owned by jkanov01 on \\MESOEL06484 was printed on VLS3.60 through port UCP-1.  Size in bytes: 3344. Pages printed: 1. No user action is required."
Information	11/16/2020 10:18	Microsoft-Windows-PrintService	307	Printing a document	"Document 27, Print Document owned by jkanov01 on \\MESOEL06484 was printed on VLS3.60 through port UCP-1.  Size in bytes: 8496. Pages printed: 1. No user action is required."
Information	11/16/2020 10:21	Microsoft-Windows-PrintService	307	Printing a document	"Document 28, Print Document owned by jkanov01 on \\MESOEL06484 was printed on VLS3.60 through port UCP-1.  Size in bytes: 2104. Pages printed: 1. No user action is required."
Information	11/16/2020 14:11	Microsoft-Windows-PrintService	307	Printing a document	"Document 29, Print Document owned by jkanov01 on \\MESOEL06484 was printed on VLS3.60 through port UCP-1.  Size in bytes: 10704. Pages printed: 1. No user action is required."
Information	11/16/2020 14:27	Microsoft-Windows-PrintService	307	Printing a document	"Document 30, Print Document owned by jkanov01 on \\MESOEL06484 was printed on VLS3.60 through port UCP-1.  Size in bytes: 74680. Pages printed: 1. No user action is required."
Information	11/16/2020 15:50	Microsoft-Windows-PrintService	307	Printing a document	"Document 31, Print Document owned by jkanov01 on \\MESOEL06484 was printed on VLS3.60 through port UCP-1.  Size in bytes: 5328. Pages printed: 1. No user action is required."
Information	11/16/2020 15:57	Microsoft-Windows-PrintService	307	Printing a document	"Document 32, Print Document owned by jkanov01 on \\MESOEL06484 was printed on VLS3.60 through port UCP-1.  Size in bytes: 8640. Pages printed: 1. No user action is required."
Information	11/16/2020 16:01	Microsoft-Windows-PrintService	307	Printing a document	"Document 33, Print Document owned by jkanov01 on \\MESOEL06484 was printed on VLS3.60 through port UCP-1.  Size in bytes: 2160. Pages printed: 1. No user action is required."
Information	11/16/2020 16:17	Microsoft-Windows-PrintService	307	Printing a document	"Document 34, Print Document owned by jkanov01 on \\MESOEL06484 was printed on VLS3.60 through port UCP-1.  Size in bytes: 97432. Pages printed: 1. No user action is required."
Information	11/16/2020 16:20	Microsoft-Windows-PrintService	307	Printing a document	"Document 35, Print Document owned by jkanov01 on \\MESOEL06484 was printed on VLS3.60 through port UCP-1.  Size in bytes: 8640. Pages printed: 1. No user action is required."
Information	11/16/2020 16:24	Microsoft-Windows-PrintService	307	Printing a document	"Document 36, Print Document owned by jkanov01 on \\MESOEL06484 was printed on VLS3.60 through port UCP-1.  Size in bytes: 5328. Pages printed: 1. No user action is required."
Information	11/16/2020 16:35	Microsoft-Windows-PrintService	307	Printing a document	"Document 37, Print Document owned by jkanov01 on \\MESOEL06484 was printed on VLS3.60 through port UCP-1.  Size in bytes: 96104. Pages printed: 1. No user action is required."
Information	11/16/2020 16:50	Microsoft-Windows-PrintService	307	Printing a document	"Document 38, Print Document owned by jkanov01 on \\MESOEL06484 was printed on VLS3.60 through port UCP-1.  Size in bytes: 81652. Pages printed: 1. No user action is required."
Information	11/16/2020 17:00	Microsoft-Windows-PrintService	307	Printing a document	"Document 39, Print Document owned by jkanov01 on \\MESOEL06484 was printed on VLS3.60 through port UCP-1.  Size in bytes: 76896. Pages printed: 1. No user action is required."
Information	11/16/2020 17:09	Microsoft-Windows-PrintService	307	Printing a document	"Document 40, Print Document owned by jkanov01 on \\MESOEL06484 was printed on VLS3.60 through port UCP-1.  Size in bytes: 80896. Pages printed: 1. No user action is required."
Information	11/16/2020 17:19	Microsoft-Windows-PrintService	307	Printing a document	"Document 41, Print Document owned by jkanov01 on \\MESOEL06484 was printed on VLS3.60 through port UCP-1.  Size in bytes: 20196. Pages printed: 1. No user action is required."
Information	11/16/2020 17:22	Microsoft-Windows-PrintService	307	Printing a document	"Document 42, Print Document owned by jkanov01 on \\MESOEL06484 was printed on VLS3.60 through port UCP-1.  Size in bytes: 592. Pages printed: 1. No user action is required."
Information	11/16/2020 17:23	Microsoft-Windows-PrintService	307	Printing a document	"Document 43, Print Document owned by jkanov01 on \\MESOEL06484 was printed on VLS3.60 through port UCP-1.  Size in bytes: 584. Pages printed: 1. No user action is required."
Information	11/16/2020 17:23	Microsoft-Windows-PrintService	307	Printing a document	"Document 44, Print Document owned by jkanov01 on \\MESOEL06484 was printed on VLS3.60 through port UCP-1.  Size in bytes: 584. Pages printed: 1. No user action is required."
Information	11/16/2020 18:29	Microsoft-Windows-PrintService	307	Printing a document	"Document 45, Print Document owned by jkanov01 on \\MESOEL06484 was printed on VLS3.60 through port UCP-1.  Size in bytes: 19548. Pages printed: 1. No user action is required."
Information	11/16/2020 18:45	Microsoft-Windows-PrintService	307	Printing a document	"Document 46, Print Document owned by jkanov01 on \\MESOEL06484 was printed on VLS3.60 through port UCP-1.  Size in bytes: 3088. Pages printed: 1. No user action is required."
Information	11/16/2020 21:15	Microsoft-Windows-PrintService	307	Printing a document	"Document 47, Print Document owned by jkanov01 on \\MESOEL06484 was printed on VLS3.60 through port UCP-1.  Size in bytes: 28152. Pages printed: 1. No user action is required."
Information	11/17/2020 10:00	Microsoft-Windows-PrintService	307	Printing a document	"Document 48, Print Document owned by jkanov01 on \\MESOEL06484 was printed on VLS3.60 through port UCP-1.  Size in bytes: 2456. Pages printed: 1. No user action is required."
Information	11/17/2020 12:35	Microsoft-Windows-PrintService	307	Printing a document	"Document 49, Print Document owned by ywu15 on \\MESOEL06484 was printed on VLS3.60 through port UCP-1.  Size in bytes: 64544. Pages printed: 1. No user action is required."
Information	11/17/2020 12:37	Microsoft-Windows-PrintService	307	Printing a document	"Document 50, Print Document owned by ywu15 on \\MESOEL06484 was printed on VLS3.60 through port UCP-1.  Size in bytes: 64544. Pages printed: 1. No user action is required."
Information	11/17/2020 14:04	Microsoft-Windows-PrintService	307	Printing a document	"Document 51, Print Document owned by ywu15 on \\MESOEL06484 was printed on VLS3.60 through port UCP-1.  Size in bytes: 57808. Pages printed: 1. No user action is required."
Information	11/17/2020 14:04	Microsoft-Windows-PrintService	307	Printing a document	"Document 52, Print Document owned by ywu15 on \\MESOEL06484 was printed on VLS3.60 through port UCP-1.  Size in bytes: 41616. Pages printed: 1. No user action is required."
Information	11/17/2020 14:09	Microsoft-Windows-PrintService	307	Printing a document	"Document 53, Print Document owned by ywu15 on \\MESOEL06484 was printed on VLS3.60 through port UCP-1.  Size in bytes: 34256. Pages printed: 1. No user action is required."
Information	11/17/2020 14:15	Microsoft-Windows-PrintService	307	Printing a document	"Document 54, Print Document owned by ywu15 on \\MESOEL06484 was printed on VLS3.60 through port UCP-1.  Size in bytes: 39408. Pages printed: 1. No user action is required."
Information	11/17/2020 14:16	Microsoft-Windows-PrintService	307	Printing a document	"Document 55, Print Document owned by ywu15 on \\MESOEL06484 was printed on VLS3.60 through port UCP-1.  Size in bytes: 26160. Pages printed: 1. No user action is required."
Information	11/17/2020 14:16	Microsoft-Windows-PrintService	307	Printing a document	"Document 56, Print Document owned by ywu15 on \\MESOEL06484 was printed on VLS3.60 through port UCP-1.  Size in bytes: 37384. Pages printed: 1. No user action is required."
Information	11/17/2020 14:20	Microsoft-Windows-PrintService	307	Printing a document	"Document 57, Print Document owned by ywu15 on \\MESOEL06484 was printed on VLS3.60 through port UCP-1.  Size in bytes: 18800. Pages printed: 1. No user action is required."
Information	11/17/2020 14:24	Microsoft-Windows-PrintService	307	Printing a document	"Document 58, Print Document owned by ywu15 on \\MESOEL06484 was printed on VLS3.60 through port UCP-1.  Size in bytes: 8496. Pages printed: 1. No user action is required."
Information	11/17/2020 14:25	Microsoft-Windows-PrintService	307	Printing a document	"Document 59, Print Document owned by ywu15 on \\MESOEL06484 was printed on VLS3.60 through port UCP-1.  Size in bytes: 8496. Pages printed: 1. No user action is required."
Information	11/17/2020 14:29	Microsoft-Windows-PrintService	307	Printing a document	"Document 60, Print Document owned by ywu15 on \\MESOEL06484 was printed on VLS3.60 through port UCP-1.  Size in bytes: 4752. Pages printed: 1. No user action is required."
