Information	10/6/2019 14:05	Microsoft-Windows-PrintService	307	Printing a document	"Document 128, Print Document owned by stalwa01 on \\MESOEL06484 was printed on VLS3.60 through port UCP-1.  Size in bytes: 42640. Pages printed: 1. No user action is required."
Information	10/6/2019 14:06	Microsoft-Windows-PrintService	307	Printing a document	"Document 129, Print Document owned by stalwa01 on \\MESOEL06484 was printed on VLS3.60 through port UCP-1.  Size in bytes: 42640. Pages printed: 1. No user action is required."
Information	10/6/2019 14:16	Microsoft-Windows-PrintService	307	Printing a document	"Document 130, Print Document owned by stalwa01 on \\MESOEL06484 was printed on VLS3.60 through port UCP-1.  Size in bytes: 13520. Pages printed: 1. No user action is required."
Information	10/6/2019 14:18	Microsoft-Windows-PrintService	307	Printing a document	"Document 131, Print Document owned by stalwa01 on \\MESOEL06484 was printed on VLS3.60 through port UCP-1.  Size in bytes: 13520. Pages printed: 1. No user action is required."
Information	10/6/2019 14:21	Microsoft-Windows-PrintService	307	Printing a document	"Document 132, Print Document owned by stalwa01 on \\MESOEL06484 was printed on VLS3.60 through port UCP-1.  Size in bytes: 22032. Pages printed: 1. No user action is required."
Information	10/6/2019 14:21	Microsoft-Windows-PrintService	307	Printing a document	"Document 133, Print Document owned by stalwa01 on \\MESOEL06484 was printed on VLS3.60 through port UCP-1.  Size in bytes: 13520. Pages printed: 1. No user action is required."
Information	10/6/2019 14:22	Microsoft-Windows-PrintService	307	Printing a document	"Document 134, Print Document owned by stalwa01 on \\MESOEL06484 was printed on VLS3.60 through port UCP-1.  Size in bytes: 39760. Pages printed: 1. No user action is required."
Information	10/6/2019 14:29	Microsoft-Windows-PrintService	307	Printing a document	"Document 135, Print Document owned by stalwa01 on \\MESOEL06484 was printed on VLS3.60 through port UCP-1.  Size in bytes: 22032. Pages printed: 1. No user action is required."
Information	10/6/2019 14:30	Microsoft-Windows-PrintService	307	Printing a document	"Document 136, Print Document owned by stalwa01 on \\MESOEL06484 was printed on VLS3.60 through port UCP-1.  Size in bytes: 22032. Pages printed: 1. No user action is required."
Information	10/6/2019 14:34	Microsoft-Windows-PrintService	307	Printing a document	"Document 137, Print Document owned by stalwa01 on \\MESOEL06484 was printed on VLS3.60 through port UCP-1.  Size in bytes: 22872. Pages printed: 1. No user action is required."
Information	10/6/2019 14:41	Microsoft-Windows-PrintService	307	Printing a document	"Document 138, Print Document owned by stalwa01 on \\MESOEL06484 was printed on VLS3.60 through port UCP-1.  Size in bytes: 52880. Pages printed: 1. No user action is required."
Information	10/6/2019 17:26	Microsoft-Windows-PrintService	307	Printing a document	"Document 139, Print Document owned by jkanov01 on \\MESOEL06484 was printed on VLS3.60 through port UCP-1.  Size in bytes: 4131436. Pages printed: 1. No user action is required."
Information	10/6/2019 18:27	Microsoft-Windows-PrintService	307	Printing a document	"Document 140, Print Document owned by jkanov01 on \\MESOEL06484 was printed on VLS3.60 through port UCP-1.  Size in bytes: 1968464. Pages printed: 1. No user action is required."
Information	10/6/2019 18:32	Microsoft-Windows-PrintService	307	Printing a document	"Document 141, Print Document owned by jkanov01 on \\MESOEL06484 was printed on VLS3.60 through port UCP-1.  Size in bytes: 6686960. Pages printed: 1. No user action is required."
Information	10/6/2019 18:32	Microsoft-Windows-PrintService	307	Printing a document	"Document 142, Print Document owned by jkanov01 on \\MESOEL06484 was printed on VLS3.60 through port UCP-1.  Size in bytes: 6686960. Pages printed: 1. No user action is required."
Information	10/6/2019 18:37	Microsoft-Windows-PrintService	307	Printing a document	"Document 143, Print Document owned by jkanov01 on \\MESOEL06484 was printed on VLS3.60 through port UCP-1.  Size in bytes: 2073712. Pages printed: 1. No user action is required."
Information	10/6/2019 18:38	Microsoft-Windows-PrintService	307	Printing a document	"Document 144, Print Document owned by jkanov01 on \\MESOEL06484 was printed on VLS3.60 through port UCP-1.  Size in bytes: 652864. Pages printed: 1. No user action is required."
Information	10/6/2019 18:43	Microsoft-Windows-PrintService	307	Printing a document	"Document 145, Print Document owned by jkanov01 on \\MESOEL06484 was printed on VLS3.60 through port UCP-1.  Size in bytes: 346080. Pages printed: 1. No user action is required."
Information	10/6/2019 18:43	Microsoft-Windows-PrintService	307	Printing a document	"Document 146, Print Document owned by jkanov01 on \\MESOEL06484 was printed on VLS3.60 through port UCP-1.  Size in bytes: 338720. Pages printed: 1. No user action is required."
Information	10/6/2019 19:22	Microsoft-Windows-PrintService	307	Printing a document	"Document 147, Print Document owned by jkanov01 on \\MESOEL06484 was printed on VLS3.60 through port UCP-1.  Size in bytes: 963456. Pages printed: 1. No user action is required."
Information	10/6/2019 19:39	Microsoft-Windows-PrintService	307	Printing a document	"Document 148, Print Document owned by jkanov01 on \\MESOEL06484 was printed on VLS3.60 through port UCP-1.  Size in bytes: 272216. Pages printed: 1. No user action is required."
Information	10/6/2019 20:26	Microsoft-Windows-PrintService	307	Printing a document	"Document 149, Print Document owned by jkanov01 on \\MESOEL06484 was printed on VLS3.60 through port UCP-1.  Size in bytes: 784. Pages printed: 1. No user action is required."
Information	10/7/2019 10:10	Microsoft-Windows-PrintService	307	Printing a document	"Document 150, Print Document owned by jkanov01 on \\MESOEL06484 was printed on VLS3.60 through port UCP-1.  Size in bytes: 5968. Pages printed: 1. No user action is required."
Information	10/7/2019 10:13	Microsoft-Windows-PrintService	307	Printing a document	"Document 151, Print Document owned by jkanov01 on \\MESOEL06484 was printed on VLS3.60 through port UCP-1.  Size in bytes: 4688. Pages printed: 1. No user action is required."
Information	10/7/2019 10:14	Microsoft-Windows-PrintService	307	Printing a document	"Document 152, Print Document owned by jkanov01 on \\MESOEL06484 was printed on VLS3.60 through port UCP-1.  Size in bytes: 4944. Pages printed: 1. No user action is required."
Information	10/7/2019 10:14	Microsoft-Windows-PrintService	307	Printing a document	"Document 153, Print Document owned by jkanov01 on \\MESOEL06484 was printed on VLS3.60 through port UCP-1.  Size in bytes: 4688. Pages printed: 1. No user action is required."
Information	10/7/2019 12:20	Microsoft-Windows-PrintService	307	Printing a document	"Document 154, Print Document owned by jkanov01 on \\MESOEL06484 was printed on VLS3.60 through port UCP-1.  Size in bytes: 1808. Pages printed: 1. No user action is required."
Information	10/7/2019 12:24	Microsoft-Windows-PrintService	307	Printing a document	"Document 155, Print Document owned by jkanov01 on \\MESOEL06484 was printed on VLS3.60 through port UCP-1.  Size in bytes: 1808. Pages printed: 1. No user action is required."
Information	10/7/2019 12:24	Microsoft-Windows-PrintService	307	Printing a document	"Document 156, Print Document owned by jkanov01 on \\MESOEL06484 was printed on VLS3.60 through port UCP-1.  Size in bytes: 1808. Pages printed: 1. No user action is required."
Information	10/7/2019 12:27	Microsoft-Windows-PrintService	307	Printing a document	"Document 157, Print Document owned by jkanov01 on \\MESOEL06484 was printed on VLS3.60 through port UCP-1.  Size in bytes: 1808. Pages printed: 1. No user action is required."
Information	10/7/2019 12:29	Microsoft-Windows-PrintService	307	Printing a document	"Document 158, Print Document owned by jkanov01 on \\MESOEL06484 was printed on VLS3.60 through port UCP-1.  Size in bytes: 2864. Pages printed: 1. No user action is required."
Information	10/7/2019 12:57	Microsoft-Windows-PrintService	307	Printing a document	"Document 159, Print Document owned by jkanov01 on \\MESOEL06484 was printed on VLS3.60 through port UCP-1.  Size in bytes: 10144320. Pages printed: 1. No user action is required."
Information	10/7/2019 12:58	Microsoft-Windows-PrintService	307	Printing a document	"Document 160, Print Document owned by jkanov01 on \\MESOEL06484 was printed on VLS3.60 through port UCP-1.  Size in bytes: 10144320. Pages printed: 1. No user action is required."
Information	10/7/2019 13:01	Microsoft-Windows-PrintService	307	Printing a document	"Document 161, Print Document owned by jkanov01 on \\MESOEL06484 was printed on VLS3.60 through port UCP-1.  Size in bytes: 801904. Pages printed: 1. No user action is required."
Information	10/7/2019 14:50	Microsoft-Windows-PrintService	307	Printing a document	"Document 162, Print Document owned by jkanov01 on \\MESOEL06484 was printed on VLS3.60 through port UCP-1.  Size in bytes: 9343368. Pages printed: 1. No user action is required."
Information	10/7/2019 15:53	Microsoft-Windows-PrintService	307	Printing a document	"Document 163, Print Document owned by jkanov01 on \\MESOEL06484 was printed on VLS3.60 through port UCP-1.  Size in bytes: 14672. Pages printed: 1. No user action is required."
Information	10/7/2019 16:04	Microsoft-Windows-PrintService	307	Printing a document	"Document 164, Print Document owned by jkanov01 on \\MESOEL06484 was printed on VLS3.60 through port UCP-1.  Size in bytes: 3216. Pages printed: 1. No user action is required."
Information	10/7/2019 16:14	Microsoft-Windows-PrintService	307	Printing a document	"Document 165, Print Document owned by jkanov01 on \\MESOEL06484 was printed on VLS3.60 through port UCP-1.  Size in bytes: 4605972. Pages printed: 1. No user action is required."
Information	10/7/2019 16:16	Microsoft-Windows-PrintService	307	Printing a document	"Document 166, Print Document owned by jkanov01 on \\MESOEL06484 was printed on VLS3.60 through port UCP-1.  Size in bytes: 7551080. Pages printed: 1. No user action is required."
Information	10/7/2019 16:20	Microsoft-Windows-PrintService	307	Printing a document	"Document 167, Print Document owned by jkanov01 on \\MESOEL06484 was printed on VLS3.60 through port UCP-1.  Size in bytes: 2097792. Pages printed: 1. No user action is required."
Information	10/7/2019 16:51	Microsoft-Windows-PrintService	307	Printing a document	"Document 168, Print Document owned by jkanov01 on \\MESOEL06484 was printed on VLS3.60 through port UCP-1.  Size in bytes: 2128. Pages printed: 1. No user action is required."
Information	10/7/2019 17:15	Microsoft-Windows-PrintService	307	Printing a document	"Document 169, Print Document owned by jkanov01 on \\MESOEL06484 was printed on VLS3.60 through port UCP-1.  Size in bytes: 108944. Pages printed: 1. No user action is required."
Information	10/7/2019 17:53	Microsoft-Windows-PrintService	307	Printing a document	"Document 170, Print Document owned by jkanov01 on \\MESOEL06484 was printed on VLS3.60 through port UCP-1.  Size in bytes: 9232. Pages printed: 1. No user action is required."
Information	10/7/2019 18:06	Microsoft-Windows-PrintService	307	Printing a document	"Document 171, Print Document owned by jkanov01 on \\MESOEL06484 was printed on VLS3.60 through port UCP-1.  Size in bytes: 8016. Pages printed: 1. No user action is required."
Information	10/7/2019 18:14	Microsoft-Windows-PrintService	307	Printing a document	"Document 172, Print Document owned by jkanov01 on \\MESOEL06484 was printed on VLS3.60 through port UCP-1.  Size in bytes: 3536. Pages printed: 1. No user action is required."
Information	10/7/2019 18:23	Microsoft-Windows-PrintService	307	Printing a document	"Document 173, Print Document owned by jkanov01 on \\MESOEL06484 was printed on VLS3.60 through port UCP-1.  Size in bytes: 7952. Pages printed: 1. No user action is required."
Information	10/7/2019 18:36	Microsoft-Windows-PrintService	307	Printing a document	"Document 174, Print Document owned by jkanov01 on \\MESOEL06484 was printed on VLS3.60 through port UCP-1.  Size in bytes: 4016. Pages printed: 1. No user action is required."
Information	10/7/2019 18:57	Microsoft-Windows-PrintService	307	Printing a document	"Document 175, Print Document owned by jkanov01 on \\MESOEL06484 was printed on VLS3.60 through port UCP-1.  Size in bytes: 1904. Pages printed: 1. No user action is required."
Information	10/7/2019 19:00	Microsoft-Windows-PrintService	307	Printing a document	"Document 176, Print Document owned by jkanov01 on \\MESOEL06484 was printed on VLS3.60 through port UCP-1.  Size in bytes: 1904. Pages printed: 1. No user action is required."
Information	10/7/2019 19:30	Microsoft-Windows-PrintService	307	Printing a document	"Document 177, Print Document owned by jkanov01 on \\MESOEL06484 was printed on VLS3.60 through port UCP-1.  Size in bytes: 7720. Pages printed: 1. No user action is required."
Information	10/7/2019 19:47	Microsoft-Windows-PrintService	307	Printing a document	"Document 178, Print Document owned by jkanov01 on \\MESOEL06484 was printed on VLS3.60 through port UCP-1.  Size in bytes: 1936. Pages printed: 1. No user action is required."
Information	10/7/2019 19:48	Microsoft-Windows-PrintService	307	Printing a document	"Document 179, Print Document owned by jkanov01 on \\MESOEL06484 was printed on VLS3.60 through port UCP-1.  Size in bytes: 1936. Pages printed: 1. No user action is required."
Information	10/7/2019 19:52	Microsoft-Windows-PrintService	307	Printing a document	"Document 180, Print Document owned by jkanov01 on \\MESOEL06484 was printed on VLS3.60 through port UCP-1.  Size in bytes: 784. Pages printed: 1. No user action is required."
Information	10/7/2019 20:05	Microsoft-Windows-PrintService	307	Printing a document	"Document 181, Print Document owned by jkanov01 on \\MESOEL06484 was printed on VLS3.60 through port UCP-1.  Size in bytes: 24488. Pages printed: 1. No user action is required."
Information	10/7/2019 20:07	Microsoft-Windows-PrintService	307	Printing a document	"Document 182, Print Document owned by jkanov01 on \\MESOEL06484 was printed on VLS3.60 through port UCP-1.  Size in bytes: 24744. Pages printed: 1. No user action is required."
Information	10/7/2019 20:13	Microsoft-Windows-PrintService	307	Printing a document	"Document 183, Print Document owned by jkanov01 on \\MESOEL06484 was printed on VLS3.60 through port UCP-1.  Size in bytes: 784. Pages printed: 1. No user action is required."
Information	10/7/2019 21:33	Microsoft-Windows-PrintService	307	Printing a document	"Document 184, Print Document owned by jkanov01 on \\MESOEL06484 was printed on VLS3.60 through port UCP-1.  Size in bytes: 7731424. Pages printed: 1. No user action is required."
Information	10/7/2019 22:22	Microsoft-Windows-PrintService	307	Printing a document	"Document 185, Print Document owned by jkanov01 on \\MESOEL06484 was printed on VLS3.60 through port UCP-1.  Size in bytes: 12752. Pages printed: 1. No user action is required."
Information	10/7/2019 22:32	Microsoft-Windows-PrintService	307	Printing a document	"Document 186, Print Document owned by jkanov01 on \\MESOEL06484 was printed on VLS3.60 through port UCP-1.  Size in bytes: 9232. Pages printed: 1. No user action is required."
Information	10/8/2019 0:17	Microsoft-Windows-PrintService	307	Printing a document	"Document 187, Print Document owned by jkanov01 on \\MESOEL06484 was printed on VLS3.60 through port UCP-1.  Size in bytes: 57760. Pages printed: 1. No user action is required."
Information	10/8/2019 0:44	Microsoft-Windows-PrintService	307	Printing a document	"Document 188, Print Document owned by jkanov01 on \\MESOEL06484 was printed on VLS3.60 through port UCP-1.  Size in bytes: 3624. Pages printed: 1. No user action is required."
Information	10/8/2019 0:45	Microsoft-Windows-PrintService	307	Printing a document	"Document 189, Print Document owned by jkanov01 on \\MESOEL06484 was printed on VLS3.60 through port UCP-1.  Size in bytes: 3624. Pages printed: 1. No user action is required."
Information	10/8/2019 0:49	Microsoft-Windows-PrintService	307	Printing a document	"Document 190, Print Document owned by jkanov01 on \\MESOEL06484 was printed on VLS3.60 through port UCP-1.  Size in bytes: 3624. Pages printed: 1. No user action is required."
Information	10/8/2019 10:15	Microsoft-Windows-PrintService	307	Printing a document	"Document 191, Print Document owned by jkanov01 on \\MESOEL06484 was printed on VLS3.60 through port UCP-1.  Size in bytes: 2320. Pages printed: 1. No user action is required."
Information	10/8/2019 10:26	Microsoft-Windows-PrintService	307	Printing a document	"Document 192, Print Document owned by jkanov01 on \\MESOEL06484 was printed on VLS3.60 through port UCP-1.  Size in bytes: 8400. Pages printed: 1. No user action is required."
Information	10/8/2019 15:04	Microsoft-Windows-PrintService	307	Printing a document	"Document 193, Print Document owned by jkanov01 on \\MESOEL06484 was printed on VLS3.60 through port UCP-1.  Size in bytes: 1881756. Pages printed: 1. No user action is required."
Information	10/8/2019 16:19	Microsoft-Windows-PrintService	307	Printing a document	"Document 194, Print Document owned by jkanov01 on \\MESOEL06484 was printed on VLS3.60 through port UCP-1.  Size in bytes: 1490928. Pages printed: 1. No user action is required."
Information	10/8/2019 16:39	Microsoft-Windows-PrintService	307	Printing a document	"Document 195, Print Document owned by jkanov01 on \\MESOEL06484 was printed on VLS3.60 through port UCP-1.  Size in bytes: 607952. Pages printed: 1. No user action is required."
Information	10/8/2019 17:00	Microsoft-Windows-PrintService	307	Printing a document	"Document 196, Print Document owned by jkanov01 on \\MESOEL06484 was printed on VLS3.60 through port UCP-1.  Size in bytes: 439560. Pages printed: 1. No user action is required."
Information	10/8/2019 17:16	Microsoft-Windows-PrintService	307	Printing a document	"Document 197, Print Document owned by jkanov01 on \\MESOEL06484 was printed on VLS3.60 through port UCP-1.  Size in bytes: 448480. Pages printed: 1. No user action is required."
Information	10/8/2019 17:35	Microsoft-Windows-PrintService	307	Printing a document	"Document 198, Print Document owned by jkanov01 on \\MESOEL06484 was printed on VLS3.60 through port UCP-1.  Size in bytes: 601544. Pages printed: 1. No user action is required."
Information	10/8/2019 18:00	Microsoft-Windows-PrintService	307	Printing a document	"Document 2, Print Document owned by jjaram02 on \\MESOEL06484 was printed on VLS3.60 through port UCP-1.  Size in bytes: 601984. Pages printed: 1. No user action is required."
Information	10/8/2019 18:00	Microsoft-Windows-PrintService	307	Printing a document	"Document 3, Print Document owned by jjaram02 on \\MESOEL06484 was printed on VLS3.60 through port UCP-1.  Size in bytes: 601728. Pages printed: 1. No user action is required."
Information	10/8/2019 18:19	Microsoft-Windows-PrintService	307	Printing a document	"Document 4, Print Document owned by jjaram02 on \\MESOEL06484 was printed on VLS3.60 through port UCP-1.  Size in bytes: 1749992. Pages printed: 1. No user action is required."
Information	10/8/2019 18:21	Microsoft-Windows-PrintService	307	Printing a document	"Document 5, Print Document owned by jjaram02 on \\MESOEL06484 was printed on VLS3.60 through port UCP-1.  Size in bytes: 881432. Pages printed: 1. No user action is required."
Information	10/8/2019 19:42	Microsoft-Windows-PrintService	307	Printing a document	"Document 6, Print Document owned by jkanov01 on \\MESOEL06484 was printed on VLS3.60 through port UCP-1.  Size in bytes: 2563088. Pages printed: 1. No user action is required."
Information	10/8/2019 20:07	Microsoft-Windows-PrintService	307	Printing a document	"Document 7, Print Document owned by jkanov01 on \\MESOEL06484 was printed on VLS3.60 through port UCP-1.  Size in bytes: 3104. Pages printed: 1. No user action is required."
Information	10/8/2019 20:30	Microsoft-Windows-PrintService	307	Printing a document	"Document 8, Print Document owned by jkanov01 on \\MESOEL06484 was printed on VLS3.60 through port UCP-1.  Size in bytes: 13600. Pages printed: 1. No user action is required."
Information	10/8/2019 20:46	Microsoft-Windows-PrintService	307	Printing a document	"Document 9, Print Document owned by jkanov01 on \\MESOEL06484 was printed on VLS3.60 through port UCP-1.  Size in bytes: 3104. Pages printed: 1. No user action is required."
Information	10/8/2019 20:47	Microsoft-Windows-PrintService	307	Printing a document	"Document 10, Print Document owned by jkanov01 on \\MESOEL06484 was printed on VLS3.60 through port UCP-1.  Size in bytes: 768. Pages printed: 1. No user action is required."
Information	10/8/2019 20:49	Microsoft-Windows-PrintService	307	Printing a document	"Document 11, Print Document owned by jkanov01 on \\MESOEL06484 was printed on VLS3.60 through port UCP-1.  Size in bytes: 768. Pages printed: 1. No user action is required."
Information	10/8/2019 20:51	Microsoft-Windows-PrintService	307	Printing a document	"Document 12, Print Document owned by jkanov01 on \\MESOEL06484 was printed on VLS3.60 through port UCP-1.  Size in bytes: 768. Pages printed: 1. No user action is required."
Information	10/8/2019 20:52	Microsoft-Windows-PrintService	307	Printing a document	"Document 13, Print Document owned by jkanov01 on \\MESOEL06484 was printed on VLS3.60 through port UCP-1.  Size in bytes: 59184. Pages printed: 1. No user action is required."
Information	10/8/2019 20:53	Microsoft-Windows-PrintService	307	Printing a document	"Document 14, Print Document owned by jkanov01 on \\MESOEL06484 was printed on VLS3.60 through port UCP-1.  Size in bytes: 768. Pages printed: 1. No user action is required."
Information	10/8/2019 20:54	Microsoft-Windows-PrintService	307	Printing a document	"Document 15, Print Document owned by jkanov01 on \\MESOEL06484 was printed on VLS3.60 through port UCP-1.  Size in bytes: 768. Pages printed: 1. No user action is required."
Information	10/8/2019 20:56	Microsoft-Windows-PrintService	307	Printing a document	"Document 16, Print Document owned by jkanov01 on \\MESOEL06484 was printed on VLS3.60 through port UCP-1.  Size in bytes: 768. Pages printed: 1. No user action is required."
Information	10/8/2019 20:58	Microsoft-Windows-PrintService	307	Printing a document	"Document 17, Print Document owned by jkanov01 on \\MESOEL06484 was printed on VLS3.60 through port UCP-1.  Size in bytes: 768. Pages printed: 1. No user action is required."
Information	10/8/2019 21:00	Microsoft-Windows-PrintService	307	Printing a document	"Document 18, Print Document owned by jkanov01 on \\MESOEL06484 was printed on VLS3.60 through port UCP-1.  Size in bytes: 768. Pages printed: 1. No user action is required."
Information	10/8/2019 21:02	Microsoft-Windows-PrintService	307	Printing a document	"Document 19, Print Document owned by jkanov01 on \\MESOEL06484 was printed on VLS3.60 through port UCP-1.  Size in bytes: 3104. Pages printed: 1. No user action is required."
Information	10/8/2019 21:07	Microsoft-Windows-PrintService	307	Printing a document	"Document 20, Print Document owned by jkanov01 on \\MESOEL06484 was printed on VLS3.60 through port UCP-1.  Size in bytes: 1168. Pages printed: 1. No user action is required."
Information	10/8/2019 21:09	Microsoft-Windows-PrintService	307	Printing a document	"Document 21, Print Document owned by jkanov01 on \\MESOEL06484 was printed on VLS3.60 through port UCP-1.  Size in bytes: 4688. Pages printed: 1. No user action is required."
Information	10/8/2019 21:14	Microsoft-Windows-PrintService	307	Printing a document	"Document 22, Print Document owned by jkanov01 on \\MESOEL06484 was printed on VLS3.60 through port UCP-1.  Size in bytes: 1552. Pages printed: 1. No user action is required."
Information	10/8/2019 21:18	Microsoft-Windows-PrintService	307	Printing a document	"Document 23, Print Document owned by jkanov01 on \\MESOEL06484 was printed on VLS3.60 through port UCP-1.  Size in bytes: 1964748. Pages printed: 1. No user action is required."
Information	10/8/2019 21:32	Microsoft-Windows-PrintService	307	Printing a document	"Document 24, Print Document owned by jkanov01 on \\MESOEL06484 was printed on VLS3.60 through port UCP-1.  Size in bytes: 49160. Pages printed: 1. No user action is required."
Information	10/8/2019 21:39	Microsoft-Windows-PrintService	307	Printing a document	"Document 25, Print Document owned by jkanov01 on \\MESOEL06484 was printed on VLS3.60 through port UCP-1.  Size in bytes: 33392. Pages printed: 1. No user action is required."
Information	10/8/2019 21:49	Microsoft-Windows-PrintService	307	Printing a document	"Document 26, Print Document owned by jkanov01 on \\MESOEL06484 was printed on VLS3.60 through port UCP-1.  Size in bytes: 656. Pages printed: 1. No user action is required."
Information	10/8/2019 21:58	Microsoft-Windows-PrintService	307	Printing a document	"Document 27, Print Document owned by jkanov01 on \\MESOEL06484 was printed on VLS3.60 through port UCP-1.  Size in bytes: 18816. Pages printed: 1. No user action is required."
Information	10/8/2019 21:59	Microsoft-Windows-PrintService	307	Printing a document	"Document 28, Print Document owned by jkanov01 on \\MESOEL06484 was printed on VLS3.60 through port UCP-1.  Size in bytes: 18816. Pages printed: 1. No user action is required."
Information	10/8/2019 22:07	Microsoft-Windows-PrintService	307	Printing a document	"Document 29, Print Document owned by jkanov01 on \\MESOEL06484 was printed on VLS3.60 through port UCP-1.  Size in bytes: 656. Pages printed: 1. No user action is required."
Information	10/8/2019 22:25	Microsoft-Windows-PrintService	307	Printing a document	"Document 30, Print Document owned by jkanov01 on \\MESOEL06484 was printed on VLS3.60 through port UCP-1.  Size in bytes: 11492. Pages printed: 1. No user action is required."
Information	10/8/2019 22:49	Microsoft-Windows-PrintService	307	Printing a document	"Document 31, Print Document owned by jkanov01 on \\MESOEL06484 was printed on VLS3.60 through port UCP-1.  Size in bytes: 4284000. Pages printed: 1. No user action is required."
Information	10/8/2019 22:50	Microsoft-Windows-PrintService	307	Printing a document	"Document 32, Print Document owned by jkanov01 on \\MESOEL06484 was printed on VLS3.60 through port UCP-1.  Size in bytes: 4284000. Pages printed: 1. No user action is required."
Information	10/8/2019 23:13	Microsoft-Windows-PrintService	307	Printing a document	"Document 33, Print Document owned by jkanov01 on \\MESOEL06484 was printed on VLS3.60 through port UCP-1.  Size in bytes: 1408904. Pages printed: 1. No user action is required."
Information	10/8/2019 23:24	Microsoft-Windows-PrintService	307	Printing a document	"Document 34, Print Document owned by jkanov01 on \\MESOEL06484 was printed on VLS3.60 through port UCP-1.  Size in bytes: 1789792. Pages printed: 1. No user action is required."
Information	10/8/2019 23:48	Microsoft-Windows-PrintService	307	Printing a document	"Document 35, Print Document owned by jkanov01 on \\MESOEL06484 was printed on VLS3.60 through port UCP-1.  Size in bytes: 1950028. Pages printed: 1. No user action is required."
Information	10/9/2019 0:46	Microsoft-Windows-PrintService	307	Printing a document	"Document 36, Print Document owned by jkanov01 on \\MESOEL06484 was printed on VLS3.60 through port UCP-1.  Size in bytes: 2782892. Pages printed: 1. No user action is required."
Information	10/9/2019 1:33	Microsoft-Windows-PrintService	307	Printing a document	"Document 37, Print Document owned by jkanov01 on \\MESOEL06484 was printed on VLS3.60 through port UCP-1.  Size in bytes: 1120632. Pages printed: 1. No user action is required."
Information	10/9/2019 9:42	Microsoft-Windows-PrintService	307	Printing a document	"Document 38, Print Document owned by jkanov01 on \\MESOEL06484 was printed on VLS3.60 through port UCP-1.  Size in bytes: 8400. Pages printed: 1. No user action is required."
Information	10/9/2019 11:38	Microsoft-Windows-PrintService	307	Printing a document	"Document 39, Print Document owned by jkanov01 on \\MESOEL06484 was printed on VLS3.60 through port UCP-1.  Size in bytes: 4752. Pages printed: 1. No user action is required."
Information	10/9/2019 12:04	Microsoft-Windows-PrintService	307	Printing a document	"Document 40, Print Document owned by jkanov01 on \\MESOEL06484 was printed on VLS3.60 through port UCP-1.  Size in bytes: 64492. Pages printed: 1. No user action is required."
Information	10/9/2019 12:05	Microsoft-Windows-PrintService	307	Printing a document	"Document 41, Print Document owned by jkanov01 on \\MESOEL06484 was printed on VLS3.60 through port UCP-1.  Size in bytes: 64492. Pages printed: 1. No user action is required."
Information	10/9/2019 12:07	Microsoft-Windows-PrintService	307	Printing a document	"Document 42, Print Document owned by jkanov01 on \\MESOEL06484 was printed on VLS3.60 through port UCP-1.  Size in bytes: 64492. Pages printed: 1. No user action is required."
Information	10/9/2019 12:08	Microsoft-Windows-PrintService	307	Printing a document	"Document 43, Print Document owned by jkanov01 on \\MESOEL06484 was printed on VLS3.60 through port UCP-1.  Size in bytes: 64492. Pages printed: 1. No user action is required."
Information	10/9/2019 12:55	Microsoft-Windows-PrintService	307	Printing a document	"Document 44, Print Document owned by jkanov01 on \\MESOEL06484 was printed on VLS3.60 through port UCP-1.  Size in bytes: 65072. Pages printed: 1. No user action is required."
Information	10/9/2019 12:56	Microsoft-Windows-PrintService	307	Printing a document	"Document 45, Print Document owned by jkanov01 on \\MESOEL06484 was printed on VLS3.60 through port UCP-1.  Size in bytes: 65072. Pages printed: 1. No user action is required."
Information	10/9/2019 13:26	Microsoft-Windows-PrintService	307	Printing a document	"Document 46, Print Document owned by jkanov01 on \\MESOEL06484 was printed on VLS3.60 through port UCP-1.  Size in bytes: 4316. Pages printed: 1. No user action is required."
Information	10/9/2019 13:27	Microsoft-Windows-PrintService	307	Printing a document	"Document 47, Print Document owned by jkanov01 on \\MESOEL06484 was printed on VLS3.60 through port UCP-1.  Size in bytes: 2272. Pages printed: 1. No user action is required."
Information	10/9/2019 13:29	Microsoft-Windows-PrintService	307	Printing a document	"Document 48, Print Document owned by jkanov01 on \\MESOEL06484 was printed on VLS3.60 through port UCP-1.  Size in bytes: 2444. Pages printed: 1. No user action is required."
Information	10/9/2019 13:31	Microsoft-Windows-PrintService	307	Printing a document	"Document 49, Print Document owned by jkanov01 on \\MESOEL06484 was printed on VLS3.60 through port UCP-1.  Size in bytes: 2272. Pages printed: 1. No user action is required."
Information	10/9/2019 13:34	Microsoft-Windows-PrintService	307	Printing a document	"Document 50, Print Document owned by jkanov01 on \\MESOEL06484 was printed on VLS3.60 through port UCP-1.  Size in bytes: 2444. Pages printed: 1. No user action is required."
Information	10/9/2019 13:35	Microsoft-Windows-PrintService	307	Printing a document	"Document 51, Print Document owned by jkanov01 on \\MESOEL06484 was printed on VLS3.60 through port UCP-1.  Size in bytes: 15036. Pages printed: 1. No user action is required."
Information	10/9/2019 13:35	Microsoft-Windows-PrintService	307	Printing a document	"Document 52, Print Document owned by jkanov01 on \\MESOEL06484 was printed on VLS3.60 through port UCP-1.  Size in bytes: 2444. Pages printed: 1. No user action is required."
Information	10/9/2019 13:39	Microsoft-Windows-PrintService	307	Printing a document	"Document 53, Print Document owned by jkanov01 on \\MESOEL06484 was printed on VLS3.60 through port UCP-1.  Size in bytes: 2444. Pages printed: 1. No user action is required."
Information	10/9/2019 13:43	Microsoft-Windows-PrintService	307	Printing a document	"Document 54, Print Document owned by jkanov01 on \\MESOEL06484 was printed on VLS3.60 through port UCP-1.  Size in bytes: 1900. Pages printed: 1. No user action is required."
Information	10/9/2019 13:46	Microsoft-Windows-PrintService	307	Printing a document	"Document 55, Print Document owned by jkanov01 on \\MESOEL06484 was printed on VLS3.60 through port UCP-1.  Size in bytes: 27536. Pages printed: 1. No user action is required."
Information	10/9/2019 13:48	Microsoft-Windows-PrintService	307	Printing a document	"Document 56, Print Document owned by jkanov01 on \\MESOEL06484 was printed on VLS3.60 through port UCP-1.  Size in bytes: 80216. Pages printed: 1. No user action is required."
Information	10/9/2019 13:49	Microsoft-Windows-PrintService	307	Printing a document	"Document 57, Print Document owned by jkanov01 on \\MESOEL06484 was printed on VLS3.60 through port UCP-1.  Size in bytes: 81808. Pages printed: 1. No user action is required."
Information	10/9/2019 13:51	Microsoft-Windows-PrintService	307	Printing a document	"Document 58, Print Document owned by jkanov01 on \\MESOEL06484 was printed on VLS3.60 through port UCP-1.  Size in bytes: 84480. Pages printed: 1. No user action is required."
Information	10/9/2019 13:53	Microsoft-Windows-PrintService	307	Printing a document	"Document 59, Print Document owned by jkanov01 on \\MESOEL06484 was printed on VLS3.60 through port UCP-1.  Size in bytes: 63264. Pages printed: 1. No user action is required."
Information	10/9/2019 14:04	Microsoft-Windows-PrintService	307	Printing a document	"Document 60, Print Document owned by jkanov01 on \\MESOEL06484 was printed on VLS3.60 through port UCP-1.  Size in bytes: 27696. Pages printed: 1. No user action is required."
Information	10/9/2019 14:05	Microsoft-Windows-PrintService	307	Printing a document	"Document 61, Print Document owned by jkanov01 on \\MESOEL06484 was printed on VLS3.60 through port UCP-1.  Size in bytes: 27696. Pages printed: 1. No user action is required."
Information	10/9/2019 15:01	Microsoft-Windows-PrintService	307	Printing a document	"Document 62, Print Document owned by jkanov01 on \\MESOEL06484 was printed on VLS3.60 through port UCP-1.  Size in bytes: 21056. Pages printed: 1. No user action is required."
Information	10/9/2019 15:03	Microsoft-Windows-PrintService	307	Printing a document	"Document 63, Print Document owned by jkanov01 on \\MESOEL06484 was printed on VLS3.60 through port UCP-1.  Size in bytes: 22528. Pages printed: 1. No user action is required."
Information	10/9/2019 15:06	Microsoft-Windows-PrintService	307	Printing a document	"Document 64, Print Document owned by jkanov01 on \\MESOEL06484 was printed on VLS3.60 through port UCP-1.  Size in bytes: 22528. Pages printed: 1. No user action is required."
Information	10/9/2019 15:20	Microsoft-Windows-PrintService	307	Printing a document	"Document 65, Print Document owned by jkanov01 on \\MESOEL06484 was printed on VLS3.60 through port UCP-1.  Size in bytes: 1408. Pages printed: 1. No user action is required."
Information	10/9/2019 15:22	Microsoft-Windows-PrintService	307	Printing a document	"Document 66, Print Document owned by jkanov01 on \\MESOEL06484 was printed on VLS3.60 through port UCP-1.  Size in bytes: 992. Pages printed: 1. No user action is required."
Information	10/9/2019 15:48	Microsoft-Windows-PrintService	307	Printing a document	"Document 67, Print Document owned by jkanov01 on \\MESOEL06484 was printed on VLS3.60 through port UCP-1.  Size in bytes: 113496. Pages printed: 1. No user action is required."
Information	10/9/2019 16:27	Microsoft-Windows-PrintService	307	Printing a document	"Document 68, Print Document owned by jkanov01 on \\MESOEL06484 was printed on VLS3.60 through port UCP-1.  Size in bytes: 55180. Pages printed: 1. No user action is required."
Information	10/9/2019 16:35	Microsoft-Windows-PrintService	307	Printing a document	"Document 69, Print Document owned by jkanov01 on \\MESOEL06484 was printed on VLS3.60 through port UCP-1.  Size in bytes: 14648. Pages printed: 1. No user action is required."
Information	10/9/2019 16:46	Microsoft-Windows-PrintService	307	Printing a document	"Document 70, Print Document owned by jkanov01 on \\MESOEL06484 was printed on VLS3.60 through port UCP-1.  Size in bytes: 2176. Pages printed: 1. No user action is required."
Information	10/9/2019 16:48	Microsoft-Windows-PrintService	307	Printing a document	"Document 71, Print Document owned by jkanov01 on \\MESOEL06484 was printed on VLS3.60 through port UCP-1.  Size in bytes: 2176. Pages printed: 1. No user action is required."
Information	10/9/2019 16:51	Microsoft-Windows-PrintService	307	Printing a document	"Document 72, Print Document owned by jkanov01 on \\MESOEL06484 was printed on VLS3.60 through port UCP-1.  Size in bytes: 3952. Pages printed: 1. No user action is required."
Information	10/9/2019 16:52	Microsoft-Windows-PrintService	307	Printing a document	"Document 73, Print Document owned by jkanov01 on \\MESOEL06484 was printed on VLS3.60 through port UCP-1.  Size in bytes: 784. Pages printed: 1. No user action is required."
Information	10/9/2019 16:52	Microsoft-Windows-PrintService	307	Printing a document	"Document 74, Print Document owned by jkanov01 on \\MESOEL06484 was printed on VLS3.60 through port UCP-1.  Size in bytes: 784. Pages printed: 1. No user action is required."
Information	10/9/2019 17:01	Microsoft-Windows-PrintService	307	Printing a document	"Document 75, Print Document owned by jkanov01 on \\MESOEL06484 was printed on VLS3.60 through port UCP-1.  Size in bytes: 151680. Pages printed: 1. No user action is required."
Information	10/9/2019 17:15	Microsoft-Windows-PrintService	307	Printing a document	"Document 76, Print Document owned by jkanov01 on \\MESOEL06484 was printed on VLS3.60 through port UCP-1.  Size in bytes: 10736. Pages printed: 1. No user action is required."
Information	10/9/2019 17:30	Microsoft-Windows-PrintService	307	Printing a document	"Document 77, Print Document owned by jkanov01 on \\MESOEL06484 was printed on VLS3.60 through port UCP-1.  Size in bytes: 8400. Pages printed: 1. No user action is required."
Information	10/9/2019 17:37	Microsoft-Windows-PrintService	307	Printing a document	"Document 78, Print Document owned by jkanov01 on \\MESOEL06484 was printed on VLS3.60 through port UCP-1.  Size in bytes: 8400. Pages printed: 1. No user action is required."
Information	10/9/2019 17:39	Microsoft-Windows-PrintService	307	Printing a document	"Document 79, Print Document owned by jkanov01 on \\MESOEL06484 was printed on VLS3.60 through port UCP-1.  Size in bytes: 8400. Pages printed: 1. No user action is required."
Information	10/9/2019 17:41	Microsoft-Windows-PrintService	307	Printing a document	"Document 80, Print Document owned by jkanov01 on \\MESOEL06484 was printed on VLS3.60 through port UCP-1.  Size in bytes: 8400. Pages printed: 1. No user action is required."
Information	10/9/2019 21:06	Microsoft-Windows-PrintService	307	Printing a document	"Document 81, Print Document owned by jkanov01 on \\MESOEL06484 was printed on VLS3.60 through port UCP-1.  Size in bytes: 6484. Pages printed: 1. No user action is required."
Information	10/9/2019 21:12	Microsoft-Windows-PrintService	307	Printing a document	"Document 82, Print Document owned by jkanov01 on \\MESOEL06484 was printed on VLS3.60 through port UCP-1.  Size in bytes: 6484. Pages printed: 1. No user action is required."
Information	10/9/2019 21:31	Microsoft-Windows-PrintService	307	Printing a document	"Document 83, Print Document owned by jkanov01 on \\MESOEL06484 was printed on VLS3.60 through port UCP-1.  Size in bytes: 1356. Pages printed: 1. No user action is required."
Information	10/9/2019 21:33	Microsoft-Windows-PrintService	307	Printing a document	"Document 84, Print Document owned by jkanov01 on \\MESOEL06484 was printed on VLS3.60 through port UCP-1.  Size in bytes: 1200. Pages printed: 1. No user action is required."
Information	10/9/2019 21:39	Microsoft-Windows-PrintService	307	Printing a document	"Document 85, Print Document owned by jkanov01 on \\MESOEL06484 was printed on VLS3.60 through port UCP-1.  Size in bytes: 1200. Pages printed: 1. No user action is required."
Information	10/9/2019 21:57	Microsoft-Windows-PrintService	307	Printing a document	"Document 86, Print Document owned by jkanov01 on \\MESOEL06484 was printed on VLS3.60 through port UCP-1.  Size in bytes: 1284720. Pages printed: 1. No user action is required."
Information	10/9/2019 21:57	Microsoft-Windows-PrintService	307	Printing a document	"Document 87, Print Document owned by jkanov01 on \\MESOEL06484 was printed on VLS3.60 through port UCP-1.  Size in bytes: 1284720. Pages printed: 1. No user action is required."
Information	10/9/2019 21:58	Microsoft-Windows-PrintService	307	Printing a document	"Document 88, Print Document owned by jkanov01 on \\MESOEL06484 was printed on VLS3.60 through port UCP-1.  Size in bytes: 1284720. Pages printed: 1. No user action is required."
Information	10/9/2019 22:08	Microsoft-Windows-PrintService	307	Printing a document	"Document 89, Print Document owned by jkanov01 on \\MESOEL06484 was printed on VLS3.60 through port UCP-1.  Size in bytes: 12048. Pages printed: 1. No user action is required."
Information	10/9/2019 22:26	Microsoft-Windows-PrintService	307	Printing a document	"Document 90, Print Document owned by jkanov01 on \\MESOEL06484 was printed on VLS3.60 through port UCP-1.  Size in bytes: 9936. Pages printed: 1. No user action is required."
Information	10/9/2019 22:45	Microsoft-Windows-PrintService	307	Printing a document	"Document 91, Print Document owned by jkanov01 on \\MESOEL06484 was printed on VLS3.60 through port UCP-1.  Size in bytes: 1584. Pages printed: 1. No user action is required."
Information	10/9/2019 23:34	Microsoft-Windows-PrintService	307	Printing a document	"Document 92, Print Document owned by jkanov01 on \\MESOEL06484 was printed on VLS3.60 through port UCP-1.  Size in bytes: 1744. Pages printed: 1. No user action is required."
Information	10/10/2019 0:08	Microsoft-Windows-PrintService	307	Printing a document	"Document 93, Print Document owned by jkanov01 on \\MESOEL06484 was printed on VLS3.60 through port UCP-1.  Size in bytes: 752. Pages printed: 1. No user action is required."
Information	10/10/2019 0:16	Microsoft-Windows-PrintService	307	Printing a document	"Document 94, Print Document owned by jkanov01 on \\MESOEL06484 was printed on VLS3.60 through port UCP-1.  Size in bytes: 10304. Pages printed: 1. No user action is required."
Information	10/10/2019 9:28	Microsoft-Windows-PrintService	307	Printing a document	"Document 95, Print Document owned by ywu15 on \\MESOEL06484 was printed on VLS3.60 through port UCP-1.  Size in bytes: 4120. Pages printed: 1. No user action is required."
Information	10/10/2019 9:32	Microsoft-Windows-PrintService	307	Printing a document	"Document 96, Print Document owned by ywu15 on \\MESOEL06484 was printed on VLS3.60 through port UCP-1.  Size in bytes: 4120. Pages printed: 1. No user action is required."
Information	10/10/2019 9:41	Microsoft-Windows-PrintService	307	Printing a document	"Document 97, Print Document owned by ywu15 on \\MESOEL06484 was printed on VLS3.60 through port UCP-1.  Size in bytes: 34976. Pages printed: 1. No user action is required."
Information	10/10/2019 10:04	Microsoft-Windows-PrintService	307	Printing a document	"Document 98, Print Document owned by ywu15 on \\MESOEL06484 was printed on VLS3.60 through port UCP-1.  Size in bytes: 55520. Pages printed: 1. No user action is required."
Information	10/10/2019 10:11	Microsoft-Windows-PrintService	307	Printing a document	"Document 99, Print Document owned by ywu15 on \\MESOEL06484 was printed on VLS3.60 through port UCP-1.  Size in bytes: 6288. Pages printed: 1. No user action is required."
Information	10/10/2019 10:12	Microsoft-Windows-PrintService	307	Printing a document	"Document 100, Print Document owned by ywu15 on \\MESOEL06484 was printed on VLS3.60 through port UCP-1.  Size in bytes: 4080. Pages printed: 1. No user action is required."
Information	10/10/2019 11:24	Microsoft-Windows-PrintService	307	Printing a document	"Document 101, Print Document owned by ywu15 on \\MESOEL06484 was printed on VLS3.60 through port UCP-1.  Size in bytes: 13616. Pages printed: 1. No user action is required."
Information	10/10/2019 12:25	Microsoft-Windows-PrintService	307	Printing a document	"Document 102, Print Document owned by ywu15 on \\MESOEL06484 was printed on VLS3.60 through port UCP-1.  Size in bytes: 65648. Pages printed: 1. No user action is required."
Information	10/10/2019 12:42	Microsoft-Windows-PrintService	307	Printing a document	"Document 103, Print Document owned by ywu15 on \\MESOEL06484 was printed on VLS3.60 through port UCP-1.  Size in bytes: 2008. Pages printed: 1. No user action is required."
Information	10/10/2019 13:55	Microsoft-Windows-PrintService	307	Printing a document	"Document 104, Print Document owned by jkanov01 on \\MESOEL06484 was printed on VLS3.60 through port UCP-1.  Size in bytes: 9712. Pages printed: 1. No user action is required."
Information	10/10/2019 13:55	Microsoft-Windows-PrintService	307	Printing a document	"Document 105, Print Document owned by jkanov01 on \\MESOEL06484 was printed on VLS3.60 through port UCP-1.  Size in bytes: 9712. Pages printed: 1. No user action is required."
Information	10/10/2019 13:56	Microsoft-Windows-PrintService	307	Printing a document	"Document 106, Print Document owned by jkanov01 on \\MESOEL06484 was printed on VLS3.60 through port UCP-1.  Size in bytes: 9712. Pages printed: 1. No user action is required."
Information	10/10/2019 13:57	Microsoft-Windows-PrintService	307	Printing a document	"Document 107, Print Document owned by jkanov01 on \\MESOEL06484 was printed on VLS3.60 through port UCP-1.  Size in bytes: 9712. Pages printed: 1. No user action is required."
Information	10/10/2019 13:58	Microsoft-Windows-PrintService	307	Printing a document	"Document 108, Print Document owned by jkanov01 on \\MESOEL06484 was printed on VLS3.60 through port UCP-1.  Size in bytes: 9712. Pages printed: 1. No user action is required."
Information	10/10/2019 13:58	Microsoft-Windows-PrintService	307	Printing a document	"Document 109, Print Document owned by jkanov01 on \\MESOEL06484 was printed on VLS3.60 through port UCP-1.  Size in bytes: 9712. Pages printed: 1. No user action is required."
Information	10/10/2019 14:25	Microsoft-Windows-PrintService	307	Printing a document	"Document 110, Print Document owned by jkanov01 on \\MESOEL06484 was printed on VLS3.60 through port UCP-1.  Size in bytes: 61860. Pages printed: 1. No user action is required."
Information	10/10/2019 14:26	Microsoft-Windows-PrintService	307	Printing a document	"Document 111, Print Document owned by jkanov01 on \\MESOEL06484 was printed on VLS3.60 through port UCP-1.  Size in bytes: 7728. Pages printed: 1. No user action is required."
Information	10/10/2019 14:35	Microsoft-Windows-PrintService	307	Printing a document	"Document 112, Print Document owned by jkanov01 on \\MESOEL06484 was printed on VLS3.60 through port UCP-1.  Size in bytes: 8592. Pages printed: 1. No user action is required."
Information	10/10/2019 15:10	Microsoft-Windows-PrintService	307	Printing a document	"Document 113, Print Document owned by jkanov01 on \\MESOEL06484 was printed on VLS3.60 through port UCP-1.  Size in bytes: 35300. Pages printed: 1. No user action is required."
Information	10/10/2019 15:30	Microsoft-Windows-PrintService	307	Printing a document	"Document 114, Print Document owned by jkanov01 on \\MESOEL06484 was printed on VLS3.60 through port UCP-1.  Size in bytes: 103700. Pages printed: 1. No user action is required."
Information	10/10/2019 15:30	Microsoft-Windows-PrintService	307	Printing a document	"Document 115, Print Document owned by jkanov01 on \\MESOEL06484 was printed on VLS3.60 through port UCP-1.  Size in bytes: 103700. Pages printed: 1. No user action is required."
Information	10/10/2019 15:36	Microsoft-Windows-PrintService	307	Printing a document	"Document 116, Print Document owned by jkanov01 on \\MESOEL06484 was printed on VLS3.60 through port UCP-1.  Size in bytes: 103700. Pages printed: 1. No user action is required."
Information	10/10/2019 16:25	Microsoft-Windows-PrintService	307	Printing a document	"Document 117, Print Document owned by jkanov01 on \\MESOEL06484 was printed on VLS3.60 through port UCP-1.  Size in bytes: 9488. Pages printed: 1. No user action is required."
Information	10/10/2019 16:35	Microsoft-Windows-PrintService	307	Printing a document	"Document 118, Print Document owned by jkanov01 on \\MESOEL06484 was printed on VLS3.60 through port UCP-1.  Size in bytes: 8848. Pages printed: 1. No user action is required."
Information	10/10/2019 17:01	Microsoft-Windows-PrintService	307	Printing a document	"Document 119, Print Document owned by jkanov01 on \\MESOEL06484 was printed on VLS3.60 through port UCP-1.  Size in bytes: 8480. Pages printed: 1. No user action is required."
Information	10/10/2019 17:10	Microsoft-Windows-PrintService	307	Printing a document	"Document 120, Print Document owned by jkanov01 on \\MESOEL06484 was printed on VLS3.60 through port UCP-1.  Size in bytes: 5840. Pages printed: 1. No user action is required."
Information	10/10/2019 17:12	Microsoft-Windows-PrintService	307	Printing a document	"Document 121, Print Document owned by jkanov01 on \\MESOEL06484 was printed on VLS3.60 through port UCP-1.  Size in bytes: 5840. Pages printed: 1. No user action is required."
