Information	11/15/2019 9:17	Microsoft-Windows-PrintService	307	Printing a document	"Document 43, Print Document owned by gfava01 on \\MESOEL06484 was printed on VLS3.60 through port UCP-1.  Size in bytes: 1028. Pages printed: 1. No user action is required."
Information	11/15/2019 9:17	Microsoft-Windows-PrintService	307	Printing a document	"Document 44, Print Document owned by gfava01 on \\MESOEL06484 was printed on VLS3.60 through port UCP-1.  Size in bytes: 1028. Pages printed: 1. No user action is required."
Information	11/15/2019 9:24	Microsoft-Windows-PrintService	307	Printing a document	"Document 45, Print Document owned by gfava01 on \\MESOEL06484 was printed on VLS3.60 through port UCP-1.  Size in bytes: 94568. Pages printed: 1. No user action is required."
Information	11/15/2019 9:32	Microsoft-Windows-PrintService	307	Printing a document	"Document 46, Print Document owned by gfava01 on \\MESOEL06484 was printed on VLS3.60 through port UCP-1.  Size in bytes: 14768. Pages printed: 1. No user action is required."
Information	11/15/2019 9:46	Microsoft-Windows-PrintService	307	Printing a document	"Document 47, Print Document owned by gfava01 on \\MESOEL06484 was printed on VLS3.60 through port UCP-1.  Size in bytes: 1028. Pages printed: 1. No user action is required."
Information	11/15/2019 9:54	Microsoft-Windows-PrintService	307	Printing a document	"Document 48, Print Document owned by gfava01 on \\MESOEL06484 was printed on VLS3.60 through port UCP-1.  Size in bytes: 1028. Pages printed: 1. No user action is required."
Information	11/15/2019 10:07	Microsoft-Windows-PrintService	307	Printing a document	"Document 49, Print Document owned by gfava01 on \\MESOEL06484 was printed on VLS3.60 through port UCP-1.  Size in bytes: 1168. Pages printed: 1. No user action is required."
Information	11/15/2019 10:18	Microsoft-Windows-PrintService	307	Printing a document	"Document 50, Print Document owned by gfava01 on \\MESOEL06484 was printed on VLS3.60 through port UCP-1.  Size in bytes: 139236. Pages printed: 1. No user action is required."
Information	11/15/2019 10:19	Microsoft-Windows-PrintService	307	Printing a document	"Document 51, Print Document owned by gfava01 on \\MESOEL06484 was printed on VLS3.60 through port UCP-1.  Size in bytes: 139224. Pages printed: 1. No user action is required."
Information	11/15/2019 10:32	Microsoft-Windows-PrintService	307	Printing a document	"Document 52, Print Document owned by gfava01 on \\MESOEL06484 was printed on VLS3.60 through port UCP-1.  Size in bytes: 14768. Pages printed: 1. No user action is required."
Information	11/15/2019 10:35	Microsoft-Windows-PrintService	307	Printing a document	"Document 53, Print Document owned by gfava01 on \\MESOEL06484 was printed on VLS3.60 through port UCP-1.  Size in bytes: 138592. Pages printed: 1. No user action is required."
Information	11/15/2019 10:36	Microsoft-Windows-PrintService	307	Printing a document	"Document 54, Print Document owned by gfava01 on \\MESOEL06484 was printed on VLS3.60 through port UCP-1.  Size in bytes: 138592. Pages printed: 1. No user action is required."
Information	11/15/2019 10:37	Microsoft-Windows-PrintService	307	Printing a document	"Document 55, Print Document owned by gfava01 on \\MESOEL06484 was printed on VLS3.60 through port UCP-1.  Size in bytes: 138592. Pages printed: 1. No user action is required."
Information	11/15/2019 10:41	Microsoft-Windows-PrintService	307	Printing a document	"Document 56, Print Document owned by gfava01 on \\MESOEL06484 was printed on VLS3.60 through port UCP-1.  Size in bytes: 138592. Pages printed: 1. No user action is required."
Information	11/15/2019 10:51	Microsoft-Windows-PrintService	307	Printing a document	"Document 57, Print Document owned by gfava01 on \\MESOEL06484 was printed on VLS3.60 through port UCP-1.  Size in bytes: 14768. Pages printed: 1. No user action is required."
Information	11/15/2019 11:02	Microsoft-Windows-PrintService	307	Printing a document	"Document 58, Print Document owned by gfava01 on \\MESOEL06484 was printed on VLS3.60 through port UCP-1.  Size in bytes: 14768. Pages printed: 1. No user action is required."
Information	11/15/2019 11:10	Microsoft-Windows-PrintService	307	Printing a document	"Document 59, Print Document owned by gfava01 on \\MESOEL06484 was printed on VLS3.60 through port UCP-1.  Size in bytes: 80240. Pages printed: 1. No user action is required."
Information	11/15/2019 11:31	Microsoft-Windows-PrintService	307	Printing a document	"Document 60, Print Document owned by gfava01 on \\MESOEL06484 was printed on VLS3.60 through port UCP-1.  Size in bytes: 139752. Pages printed: 1. No user action is required."
Information	11/15/2019 11:31	Microsoft-Windows-PrintService	307	Printing a document	"Document 61, Print Document owned by gfava01 on \\MESOEL06484 was printed on VLS3.60 through port UCP-1.  Size in bytes: 139752. Pages printed: 1. No user action is required."
Information	11/15/2019 11:31	Microsoft-Windows-PrintService	307	Printing a document	"Document 62, Print Document owned by gfava01 on \\MESOEL06484 was printed on VLS3.60 through port UCP-1.  Size in bytes: 139752. Pages printed: 1. No user action is required."
Information	11/15/2019 11:31	Microsoft-Windows-PrintService	307	Printing a document	"Document 63, Print Document owned by gfava01 on \\MESOEL06484 was printed on VLS3.60 through port UCP-1.  Size in bytes: 139740. Pages printed: 1. No user action is required."
Information	11/15/2019 11:51	Microsoft-Windows-PrintService	307	Printing a document	"Document 64, Print Document owned by gfava01 on \\MESOEL06484 was printed on VLS3.60 through port UCP-1.  Size in bytes: 1440. Pages printed: 1. No user action is required."
Information	11/15/2019 11:57	Microsoft-Windows-PrintService	307	Printing a document	"Document 65, Print Document owned by gfava01 on \\MESOEL06484 was printed on VLS3.60 through port UCP-1.  Size in bytes: 14648. Pages printed: 1. No user action is required."
Information	11/15/2019 11:57	Microsoft-Windows-PrintService	307	Printing a document	"Document 66, Print Document owned by gfava01 on \\MESOEL06484 was printed on VLS3.60 through port UCP-1.  Size in bytes: 14648. Pages printed: 1. No user action is required."
Information	11/15/2019 12:04	Microsoft-Windows-PrintService	307	Printing a document	"Document 67, Print Document owned by gfava01 on \\MESOEL06484 was printed on VLS3.60 through port UCP-1.  Size in bytes: 3656. Pages printed: 1. No user action is required."
Information	11/15/2019 12:04	Microsoft-Windows-PrintService	307	Printing a document	"Document 68, Print Document owned by gfava01 on \\MESOEL06484 was printed on VLS3.60 through port UCP-1.  Size in bytes: 3644. Pages printed: 1. No user action is required."
Information	11/15/2019 12:06	Microsoft-Windows-PrintService	307	Printing a document	"Document 69, Print Document owned by gfava01 on \\MESOEL06484 was printed on VLS3.60 through port UCP-1.  Size in bytes: 1456. Pages printed: 1. No user action is required."
Information	11/15/2019 12:07	Microsoft-Windows-PrintService	307	Printing a document	"Document 70, Print Document owned by gfava01 on \\MESOEL06484 was printed on VLS3.60 through port UCP-1.  Size in bytes: 2756. Pages printed: 1. No user action is required."
Information	11/15/2019 12:22	Microsoft-Windows-PrintService	307	Printing a document	"Document 71, Print Document owned by gfava01 on \\MESOEL06484 was printed on VLS3.60 through port UCP-1.  Size in bytes: 1508960. Pages printed: 1. No user action is required."
Information	11/15/2019 12:23	Microsoft-Windows-PrintService	307	Printing a document	"Document 72, Print Document owned by gfava01 on \\MESOEL06484 was printed on VLS3.60 through port UCP-1.  Size in bytes: 2443676. Pages printed: 1. No user action is required."
Information	11/15/2019 12:24	Microsoft-Windows-PrintService	307	Printing a document	"Document 73, Print Document owned by gfava01 on \\MESOEL06484 was printed on VLS3.60 through port UCP-1.  Size in bytes: 2443604. Pages printed: 1. No user action is required."
Information	11/15/2019 12:24	Microsoft-Windows-PrintService	307	Printing a document	"Document 74, Print Document owned by gfava01 on \\MESOEL06484 was printed on VLS3.60 through port UCP-1.  Size in bytes: 2450664. Pages printed: 1. No user action is required."
Information	11/15/2019 12:25	Microsoft-Windows-PrintService	307	Printing a document	"Document 75, Print Document owned by gfava01 on \\MESOEL06484 was printed on VLS3.60 through port UCP-1.  Size in bytes: 2458668. Pages printed: 1. No user action is required."
Information	11/15/2019 12:25	Microsoft-Windows-PrintService	307	Printing a document	"Document 76, Print Document owned by gfava01 on \\MESOEL06484 was printed on VLS3.60 through port UCP-1.  Size in bytes: 2451144. Pages printed: 1. No user action is required."
Information	11/15/2019 13:18	Microsoft-Windows-PrintService	307	Printing a document	"Document 77, Print Document owned by gfava01 on \\MESOEL06484 was printed on VLS3.60 through port UCP-1.  Size in bytes: 13672. Pages printed: 1. No user action is required."
Information	11/15/2019 13:33	Microsoft-Windows-PrintService	307	Printing a document	"Document 78, Print Document owned by gfava01 on \\MESOEL06484 was printed on VLS3.60 through port UCP-1.  Size in bytes: 6352. Pages printed: 1. No user action is required."
Information	11/15/2019 13:41	Microsoft-Windows-PrintService	307	Printing a document	"Document 79, Print Document owned by gfava01 on \\MESOEL06484 was printed on VLS3.60 through port UCP-1.  Size in bytes: 140792. Pages printed: 1. No user action is required."
Information	11/15/2019 13:41	Microsoft-Windows-PrintService	307	Printing a document	"Document 80, Print Document owned by gfava01 on \\MESOEL06484 was printed on VLS3.60 through port UCP-1.  Size in bytes: 140780. Pages printed: 1. No user action is required."
Information	11/15/2019 13:43	Microsoft-Windows-PrintService	307	Printing a document	"Document 81, Print Document owned by gfava01 on \\MESOEL06484 was printed on VLS3.60 through port UCP-1.  Size in bytes: 148776. Pages printed: 1. No user action is required."
Information	11/15/2019 14:11	Microsoft-Windows-PrintService	307	Printing a document	"Document 82, Print Document owned by gfava01 on \\MESOEL06484 was printed on VLS3.60 through port UCP-1.  Size in bytes: 38272. Pages printed: 1. No user action is required."
Information	11/15/2019 14:16	Microsoft-Windows-PrintService	307	Printing a document	"Document 83, Print Document owned by gfava01 on \\MESOEL06484 was printed on VLS3.60 through port UCP-1.  Size in bytes: 3644. Pages printed: 1. No user action is required."
Information	11/15/2019 14:41	Microsoft-Windows-PrintService	307	Printing a document	"Document 84, Print Document owned by gfava01 on \\MESOEL06484 was printed on VLS3.60 through port UCP-1.  Size in bytes: 5732. Pages printed: 1. No user action is required."
Information	11/15/2019 14:52	Microsoft-Windows-PrintService	307	Printing a document	"Document 85, Print Document owned by gfava01 on \\MESOEL06484 was printed on VLS3.60 through port UCP-1.  Size in bytes: 5732. Pages printed: 1. No user action is required."
Information	11/15/2019 15:04	Microsoft-Windows-PrintService	307	Printing a document	"Document 86, Print Document owned by gfava01 on \\MESOEL06484 was printed on VLS3.60 through port UCP-1.  Size in bytes: 51896. Pages printed: 1. No user action is required."
Information	11/15/2019 15:11	Microsoft-Windows-PrintService	307	Printing a document	"Document 87, Print Document owned by gfava01 on \\MESOEL06484 was printed on VLS3.60 through port UCP-1.  Size in bytes: 5136. Pages printed: 1. No user action is required."
Information	11/15/2019 15:17	Microsoft-Windows-PrintService	307	Printing a document	"Document 88, Print Document owned by gfava01 on \\MESOEL06484 was printed on VLS3.60 through port UCP-1.  Size in bytes: 6244. Pages printed: 1. No user action is required."
Information	11/15/2019 15:28	Microsoft-Windows-PrintService	307	Printing a document	"Document 89, Print Document owned by gfava01 on \\MESOEL06484 was printed on VLS3.60 through port UCP-1.  Size in bytes: 9872. Pages printed: 1. No user action is required."
Information	11/15/2019 15:29	Microsoft-Windows-PrintService	307	Printing a document	"Document 90, Print Document owned by gfava01 on \\MESOEL06484 was printed on VLS3.60 through port UCP-1.  Size in bytes: 9872. Pages printed: 1. No user action is required."
Information	11/15/2019 15:35	Microsoft-Windows-PrintService	307	Printing a document	"Document 91, Print Document owned by gfava01 on \\MESOEL06484 was printed on VLS3.60 through port UCP-1.  Size in bytes: 51896. Pages printed: 1. No user action is required."
Information	11/15/2019 15:43	Microsoft-Windows-PrintService	307	Printing a document	"Document 92, Print Document owned by gfava01 on \\MESOEL06484 was printed on VLS3.60 through port UCP-1.  Size in bytes: 42606428. Pages printed: 1. No user action is required."
Information	11/15/2019 15:55	Microsoft-Windows-PrintService	307	Printing a document	"Document 93, Print Document owned by gfava01 on \\MESOEL06484 was printed on VLS3.60 through port UCP-1.  Size in bytes: 9872. Pages printed: 1. No user action is required."
Information	11/15/2019 15:56	Microsoft-Windows-PrintService	307	Printing a document	"Document 94, Print Document owned by gfava01 on \\MESOEL06484 was printed on VLS3.60 through port UCP-1.  Size in bytes: 9872. Pages printed: 1. No user action is required."
Information	11/15/2019 16:04	Microsoft-Windows-PrintService	307	Printing a document	"Document 95, Print Document owned by gfava01 on \\MESOEL06484 was printed on VLS3.60 through port UCP-1.  Size in bytes: 51896. Pages printed: 1. No user action is required."
Information	11/15/2019 16:24	Microsoft-Windows-PrintService	307	Printing a document	"Document 96, Print Document owned by gfava01 on \\MESOEL06484 was printed on VLS3.60 through port UCP-1.  Size in bytes: 153864. Pages printed: 1. No user action is required."
Information	11/15/2019 16:28	Microsoft-Windows-PrintService	307	Printing a document	"Document 97, Print Document owned by gfava01 on \\MESOEL06484 was printed on VLS3.60 through port UCP-1.  Size in bytes: 153864. Pages printed: 1. No user action is required."
Information	11/15/2019 16:30	Microsoft-Windows-PrintService	307	Printing a document	"Document 98, Print Document owned by gfava01 on \\MESOEL06484 was printed on VLS3.60 through port UCP-1.  Size in bytes: 153864. Pages printed: 1. No user action is required."
Information	11/15/2019 16:57	Microsoft-Windows-PrintService	307	Printing a document	"Document 99, Print Document owned by gfava01 on \\MESOEL06484 was printed on VLS3.60 through port UCP-1.  Size in bytes: 1376. Pages printed: 1. No user action is required."
Information	11/15/2019 17:00	Microsoft-Windows-PrintService	307	Printing a document	"Document 100, Print Document owned by gfava01 on \\MESOEL06484 was printed on VLS3.60 through port UCP-1.  Size in bytes: 2352. Pages printed: 1. No user action is required."
Information	11/15/2019 17:01	Microsoft-Windows-PrintService	307	Printing a document	"Document 101, Print Document owned by gfava01 on \\MESOEL06484 was printed on VLS3.60 through port UCP-1.  Size in bytes: 1808. Pages printed: 1. No user action is required."
Information	11/15/2019 17:34	Microsoft-Windows-PrintService	307	Printing a document	"Document 102, Print Document owned by gfava01 on \\MESOEL06484 was printed on VLS3.60 through port UCP-1.  Size in bytes: 62064. Pages printed: 1. No user action is required."
Information	11/15/2019 17:57	Microsoft-Windows-PrintService	307	Printing a document	"Document 103, Print Document owned by gfava01 on \\MESOEL06484 was printed on VLS3.60 through port UCP-1.  Size in bytes: 18920. Pages printed: 1. No user action is required."
Information	11/15/2019 17:58	Microsoft-Windows-PrintService	307	Printing a document	"Document 104, Print Document owned by gfava01 on \\MESOEL06484 was printed on VLS3.60 through port UCP-1.  Size in bytes: 18908. Pages printed: 1. No user action is required."
Information	11/15/2019 18:00	Microsoft-Windows-PrintService	307	Printing a document	"Document 105, Print Document owned by gfava01 on \\MESOEL06484 was printed on VLS3.60 through port UCP-1.  Size in bytes: 1312. Pages printed: 1. No user action is required."
Information	11/15/2019 18:00	Microsoft-Windows-PrintService	307	Printing a document	"Document 106, Print Document owned by gfava01 on \\MESOEL06484 was printed on VLS3.60 through port UCP-1.  Size in bytes: 1312. Pages printed: 1. No user action is required."
Information	11/15/2019 18:00	Microsoft-Windows-PrintService	307	Printing a document	"Document 107, Print Document owned by gfava01 on \\MESOEL06484 was printed on VLS3.60 through port UCP-1.  Size in bytes: 5228. Pages printed: 1. No user action is required."
Information	11/15/2019 18:07	Microsoft-Windows-PrintService	307	Printing a document	"Document 108, Print Document owned by gfava01 on \\MESOEL06484 was printed on VLS3.60 through port UCP-1.  Size in bytes: 5228. Pages printed: 1. No user action is required."
Information	11/15/2019 18:09	Microsoft-Windows-PrintService	307	Printing a document	"Document 109, Print Document owned by gfava01 on \\MESOEL06484 was printed on VLS3.60 through port UCP-1.  Size in bytes: 5228. Pages printed: 1. No user action is required."
Information	11/15/2019 18:09	Microsoft-Windows-PrintService	307	Printing a document	"Document 110, Print Document owned by gfava01 on \\MESOEL06484 was printed on VLS3.60 through port UCP-1.  Size in bytes: 5248. Pages printed: 1. No user action is required."
Information	11/15/2019 18:14	Microsoft-Windows-PrintService	307	Printing a document	"Document 111, Print Document owned by gfava01 on \\MESOEL06484 was printed on VLS3.60 through port UCP-1.  Size in bytes: 1684. Pages printed: 1. No user action is required."
Information	11/15/2019 18:15	Microsoft-Windows-PrintService	307	Printing a document	"Document 112, Print Document owned by gfava01 on \\MESOEL06484 was printed on VLS3.60 through port UCP-1.  Size in bytes: 4964. Pages printed: 1. No user action is required."
Information	11/15/2019 18:15	Microsoft-Windows-PrintService	307	Printing a document	"Document 113, Print Document owned by gfava01 on \\MESOEL06484 was printed on VLS3.60 through port UCP-1.  Size in bytes: 4964. Pages printed: 1. No user action is required."
Information	11/15/2019 18:22	Microsoft-Windows-PrintService	307	Printing a document	"Document 114, Print Document owned by gfava01 on \\MESOEL06484 was printed on VLS3.60 through port UCP-1.  Size in bytes: 656. Pages printed: 1. No user action is required."
Information	11/15/2019 18:23	Microsoft-Windows-PrintService	307	Printing a document	"Document 115, Print Document owned by gfava01 on \\MESOEL06484 was printed on VLS3.60 through port UCP-1.  Size in bytes: 656. Pages printed: 1. No user action is required."
Information	11/15/2019 18:24	Microsoft-Windows-PrintService	307	Printing a document	"Document 116, Print Document owned by gfava01 on \\MESOEL06484 was printed on VLS3.60 through port UCP-1.  Size in bytes: 656. Pages printed: 1. No user action is required."
Information	11/15/2019 18:24	Microsoft-Windows-PrintService	307	Printing a document	"Document 117, Print Document owned by gfava01 on \\MESOEL06484 was printed on VLS3.60 through port UCP-1.  Size in bytes: 656. Pages printed: 1. No user action is required."
Information	11/15/2019 18:33	Microsoft-Windows-PrintService	307	Printing a document	"Document 118, Print Document owned by gfava01 on \\MESOEL06484 was printed on VLS3.60 through port UCP-1.  Size in bytes: 1032. Pages printed: 1. No user action is required."
Information	11/15/2019 19:28	Microsoft-Windows-PrintService	307	Printing a document	"Document 119, Print Document owned by gfava01 on \\MESOEL06484 was printed on VLS3.60 through port UCP-1.  Size in bytes: 11728. Pages printed: 1. No user action is required."
Information	11/15/2019 19:40	Microsoft-Windows-PrintService	307	Printing a document	"Document 120, Print Document owned by gfava01 on \\MESOEL06484 was printed on VLS3.60 through port UCP-1.  Size in bytes: 8138480. Pages printed: 5. No user action is required."
Information	11/15/2019 19:47	Microsoft-Windows-PrintService	307	Printing a document	"Document 121, Print Document owned by gfava01 on \\MESOEL06484 was printed on VLS3.60 through port UCP-1.  Size in bytes: 1623964. Pages printed: 1. No user action is required."
Information	11/15/2019 19:51	Microsoft-Windows-PrintService	307	Printing a document	"Document 122, Print Document owned by gfava01 on \\MESOEL06484 was printed on VLS3.60 through port UCP-1.  Size in bytes: 1624092. Pages printed: 1. No user action is required."
Information	11/15/2019 19:52	Microsoft-Windows-PrintService	307	Printing a document	"Document 123, Print Document owned by gfava01 on \\MESOEL06484 was printed on VLS3.60 through port UCP-1.  Size in bytes: 1624092. Pages printed: 1. No user action is required."
Information	11/15/2019 19:55	Microsoft-Windows-PrintService	307	Printing a document	"Document 124, Print Document owned by gfava01 on \\MESOEL06484 was printed on VLS3.60 through port UCP-1.  Size in bytes: 1623712. Pages printed: 1. No user action is required."
Information	11/15/2019 20:20	Microsoft-Windows-PrintService	307	Printing a document	"Document 125, Print Document owned by gfava01 on \\MESOEL06484 was printed on VLS3.60 through port UCP-1.  Size in bytes: 1627764. Pages printed: 1. No user action is required."
Information	11/15/2019 20:31	Microsoft-Windows-PrintService	307	Printing a document	"Document 126, Print Document owned by gfava01 on \\MESOEL06484 was printed on VLS3.60 through port UCP-1.  Size in bytes: 1623020. Pages printed: 1. No user action is required."
Information	11/15/2019 20:39	Microsoft-Windows-PrintService	307	Printing a document	"Document 127, Print Document owned by gfava01 on \\MESOEL06484 was printed on VLS3.60 through port UCP-1.  Size in bytes: 1636456. Pages printed: 1. No user action is required."
Information	11/15/2019 20:41	Microsoft-Windows-PrintService	307	Printing a document	"Document 128, Print Document owned by gfava01 on \\MESOEL06484 was printed on VLS3.60 through port UCP-1.  Size in bytes: 1636456. Pages printed: 1. No user action is required."
Information	11/15/2019 20:41	Microsoft-Windows-PrintService	307	Printing a document	"Document 129, Print Document owned by gfava01 on \\MESOEL06484 was printed on VLS3.60 through port UCP-1.  Size in bytes: 1636456. Pages printed: 1. No user action is required."
Information	11/15/2019 20:43	Microsoft-Windows-PrintService	307	Printing a document	"Document 130, Print Document owned by gfava01 on \\MESOEL06484 was printed on VLS3.60 through port UCP-1.  Size in bytes: 1636456. Pages printed: 1. No user action is required."
Information	11/15/2019 20:50	Microsoft-Windows-PrintService	307	Printing a document	"Document 131, Print Document owned by gfava01 on \\MESOEL06484 was printed on VLS3.60 through port UCP-1.  Size in bytes: 1630676. Pages printed: 1. No user action is required."
Information	11/16/2019 11:25	Microsoft-Windows-PrintService	307	Printing a document	"Document 2, Print Document owned by fvande01 on \\MESOEL06484 was printed on VLS3.60 through port UCP-1.  Size in bytes: 3120. Pages printed: 1. No user action is required."
Information	11/16/2019 12:04	Microsoft-Windows-PrintService	307	Printing a document	"Document 3, Print Document owned by fvande01 on \\MESOEL06484 was printed on VLS3.60 through port UCP-1.  Size in bytes: 3048. Pages printed: 1. No user action is required."
Information	11/16/2019 12:13	Microsoft-Windows-PrintService	307	Printing a document	"Document 4, Print Document owned by fvande01 on \\MESOEL06484 was printed on VLS3.60 through port UCP-1.  Size in bytes: 2304. Pages printed: 1. No user action is required."
Information	11/16/2019 12:55	Microsoft-Windows-PrintService	307	Printing a document	"Document 5, Print Document owned by jsokol05 on \\MESOEL06484 was printed on VLS3.60 through port UCP-1.  Size in bytes: 5776. Pages printed: 1. No user action is required."
Information	11/16/2019 12:56	Microsoft-Windows-PrintService	307	Printing a document	"Document 6, Print Document owned by jsokol05 on \\MESOEL06484 was printed on VLS3.60 through port UCP-1.  Size in bytes: 6584. Pages printed: 1. No user action is required."
Information	11/16/2019 13:04	Microsoft-Windows-PrintService	307	Printing a document	"Document 7, Print Document owned by jsokol05 on \\MESOEL06484 was printed on VLS3.60 through port UCP-1.  Size in bytes: 3760. Pages printed: 1. No user action is required."
Information	11/16/2019 13:33	Microsoft-Windows-PrintService	307	Printing a document	"Document 8, Print Document owned by jsokol05 on \\MESOEL06484 was printed on VLS3.60 through port UCP-1.  Size in bytes: 6348. Pages printed: 1. No user action is required."
Information	11/16/2019 14:18	Microsoft-Windows-PrintService	307	Printing a document	"Document 9, Print Document owned by jsokol05 on \\MESOEL06484 was printed on VLS3.60 through port UCP-1.  Size in bytes: 1496. Pages printed: 2. No user action is required."
Information	11/16/2019 14:33	Microsoft-Windows-PrintService	307	Printing a document	"Document 10, Print Document owned by jsokol05 on \\MESOEL06484 was printed on VLS3.60 through port UCP-1.  Size in bytes: 26208. Pages printed: 1. No user action is required."
Information	11/16/2019 14:53	Microsoft-Windows-PrintService	307	Printing a document	"Document 11, Print Document owned by jsokol05 on \\MESOEL06484 was printed on VLS3.60 through port UCP-1.  Size in bytes: 349956. Pages printed: 1. No user action is required."
Information	11/16/2019 14:56	Microsoft-Windows-PrintService	307	Printing a document	"Document 12, Print Document owned by jsokol05 on \\MESOEL06484 was printed on VLS3.60 through port UCP-1.  Size in bytes: 349956. Pages printed: 1. No user action is required."
Information	11/16/2019 14:57	Microsoft-Windows-PrintService	307	Printing a document	"Document 13, Print Document owned by jsokol05 on \\MESOEL06484 was printed on VLS3.60 through port UCP-1.  Size in bytes: 349956. Pages printed: 1. No user action is required."
Information	11/16/2019 14:58	Microsoft-Windows-PrintService	307	Printing a document	"Document 14, Print Document owned by jsokol05 on \\MESOEL06484 was printed on VLS3.60 through port UCP-1.  Size in bytes: 349956. Pages printed: 1. No user action is required."
Information	11/16/2019 14:59	Microsoft-Windows-PrintService	307	Printing a document	"Document 15, Print Document owned by jsokol05 on \\MESOEL06484 was printed on VLS3.60 through port UCP-1.  Size in bytes: 349956. Pages printed: 1. No user action is required."
Information	11/16/2019 15:04	Microsoft-Windows-PrintService	307	Printing a document	"Document 16, Print Document owned by jsokol05 on \\MESOEL06484 was printed on VLS3.60 through port UCP-1.  Size in bytes: 351252. Pages printed: 1. No user action is required."
Information	11/16/2019 15:09	Microsoft-Windows-PrintService	307	Printing a document	"Document 17, Print Document owned by jsokol05 on \\MESOEL06484 was printed on VLS3.60 through port UCP-1.  Size in bytes: 353260. Pages printed: 1. No user action is required."
Information	11/16/2019 15:58	Microsoft-Windows-PrintService	307	Printing a document	"Document 18, Print Document owned by jsokol05 on \\MESOEL06484 was printed on VLS3.60 through port UCP-1.  Size in bytes: 5926960. Pages printed: 1. No user action is required."
Information	11/16/2019 16:16	Microsoft-Windows-PrintService	307	Printing a document	"Document 19, Print Document owned by jsokol05 on \\MESOEL06484 was printed on VLS3.60 through port UCP-1.  Size in bytes: 55200. Pages printed: 1. No user action is required."
Information	11/16/2019 16:28	Microsoft-Windows-PrintService	307	Printing a document	"Document 20, Print Document owned by jsokol05 on \\MESOEL06484 was printed on VLS3.60 through port UCP-1.  Size in bytes: 1504660. Pages printed: 1. No user action is required."
Information	11/16/2019 16:29	Microsoft-Windows-PrintService	307	Printing a document	"Document 21, Print Document owned by jsokol05 on \\MESOEL06484 was printed on VLS3.60 through port UCP-1.  Size in bytes: 1504660. Pages printed: 1. No user action is required."
Information	11/16/2019 16:44	Microsoft-Windows-PrintService	307	Printing a document	"Document 22, Print Document owned by jsokol05 on \\MESOEL06484 was printed on VLS3.60 through port UCP-1.  Size in bytes: 32484. Pages printed: 1. No user action is required."
Information	11/16/2019 16:58	Microsoft-Windows-PrintService	307	Printing a document	"Document 23, Print Document owned by jsokol05 on \\MESOEL06484 was printed on VLS3.60 through port UCP-1.  Size in bytes: 7744. Pages printed: 1. No user action is required."
Information	11/16/2019 17:07	Microsoft-Windows-PrintService	307	Printing a document	"Document 24, Print Document owned by jsokol05 on \\MESOEL06484 was printed on VLS3.60 through port UCP-1.  Size in bytes: 353260. Pages printed: 1. No user action is required."
Information	11/16/2019 17:49	Microsoft-Windows-PrintService	307	Printing a document	"Document 25, Print Document owned by jsokol05 on \\MESOEL06484 was printed on VLS3.60 through port UCP-1.  Size in bytes: 10312. Pages printed: 1. No user action is required."
Information	11/17/2019 11:56	Microsoft-Windows-PrintService	307	Printing a document	"Document 26, Print Document owned by arobic02 on \\MESOEL06484 was printed on VLS3.60 through port UCP-1.  Size in bytes: 8788. Pages printed: 1. No user action is required."
Information	11/17/2019 11:58	Microsoft-Windows-PrintService	307	Printing a document	"Document 27, Print Document owned by arobic02 on \\MESOEL06484 was printed on VLS3.60 through port UCP-1.  Size in bytes: 8560. Pages printed: 1. No user action is required."
Information	11/17/2019 13:10	Microsoft-Windows-PrintService	307	Printing a document	"Document 28, Print Document owned by jsokol05 on \\MESOEL06484 was printed on VLS3.60 through port UCP-1.  Size in bytes: 920. Pages printed: 1. No user action is required."
Information	11/17/2019 13:13	Microsoft-Windows-PrintService	307	Printing a document	"Document 29, Print Document owned by jsokol05 on \\MESOEL06484 was printed on VLS3.60 through port UCP-1.  Size in bytes: 976. Pages printed: 1. No user action is required."
Information	11/17/2019 13:17	Microsoft-Windows-PrintService	307	Printing a document	"Document 30, Print Document owned by jsokol05 on \\MESOEL06484 was printed on VLS3.60 through port UCP-1.  Size in bytes: 4688. Pages printed: 1. No user action is required."
Information	11/17/2019 13:24	Microsoft-Windows-PrintService	307	Printing a document	"Document 31, Print Document owned by jsokol05 on \\MESOEL06484 was printed on VLS3.60 through port UCP-1.  Size in bytes: 9144. Pages printed: 1. No user action is required."
Information	11/17/2019 13:24	Microsoft-Windows-PrintService	307	Printing a document	"Document 32, Print Document owned by jsokol05 on \\MESOEL06484 was printed on VLS3.60 through port UCP-1.  Size in bytes: 9144. Pages printed: 1. No user action is required."
Information	11/17/2019 13:49	Microsoft-Windows-PrintService	307	Printing a document	"Document 33, Print Document owned by jsokol05 on \\MESOEL06484 was printed on VLS3.60 through port UCP-1.  Size in bytes: 1680. Pages printed: 1. No user action is required."
Information	11/17/2019 14:09	Microsoft-Windows-PrintService	307	Printing a document	"Document 34, Print Document owned by jsokol05 on \\MESOEL06484 was printed on VLS3.60 through port UCP-1.  Size in bytes: 1952. Pages printed: 1. No user action is required."
Information	11/17/2019 14:32	Microsoft-Windows-PrintService	307	Printing a document	"Document 35, Print Document owned by jsokol05 on \\MESOEL06484 was printed on VLS3.60 through port UCP-1.  Size in bytes: 1232. Pages printed: 1. No user action is required."
Information	11/17/2019 14:39	Microsoft-Windows-PrintService	307	Printing a document	"Document 36, Print Document owned by jsokol05 on \\MESOEL06484 was printed on VLS3.60 through port UCP-1.  Size in bytes: 2512. Pages printed: 1. No user action is required."
Information	11/17/2019 14:46	Microsoft-Windows-PrintService	307	Printing a document	"Document 37, Print Document owned by jsokol05 on \\MESOEL06484 was printed on VLS3.60 through port UCP-1.  Size in bytes: 23044. Pages printed: 1. No user action is required."
Information	11/17/2019 15:25	Microsoft-Windows-PrintService	307	Printing a document	"Document 38, Print Document owned by jsokol05 on \\MESOEL06484 was printed on VLS3.60 through port UCP-1.  Size in bytes: 784. Pages printed: 1. No user action is required."
Information	11/17/2019 15:25	Microsoft-Windows-PrintService	307	Printing a document	"Document 39, Print Document owned by jsokol05 on \\MESOEL06484 was printed on VLS3.60 through port UCP-1.  Size in bytes: 784. Pages printed: 1. No user action is required."
Information	11/17/2019 15:34	Microsoft-Windows-PrintService	307	Printing a document	"Document 40, Print Document owned by jsokol05 on \\MESOEL06484 was printed on VLS3.60 through port UCP-1.  Size in bytes: 24232. Pages printed: 1. No user action is required."
Information	11/17/2019 15:51	Microsoft-Windows-PrintService	307	Printing a document	"Document 41, Print Document owned by jsokol05 on \\MESOEL06484 was printed on VLS3.60 through port UCP-1.  Size in bytes: 1168. Pages printed: 1. No user action is required."
Information	11/17/2019 16:00	Microsoft-Windows-PrintService	307	Printing a document	"Document 42, Print Document owned by jsokol05 on \\MESOEL06484 was printed on VLS3.60 through port UCP-1.  Size in bytes: 1424. Pages printed: 1. No user action is required."
Information	11/17/2019 16:10	Microsoft-Windows-PrintService	307	Printing a document	"Document 43, Print Document owned by jsokol05 on \\MESOEL06484 was printed on VLS3.60 through port UCP-1.  Size in bytes: 21984. Pages printed: 1. No user action is required."
Information	11/17/2019 16:11	Microsoft-Windows-PrintService	307	Printing a document	"Document 44, Print Document owned by jsokol05 on \\MESOEL06484 was printed on VLS3.60 through port UCP-1.  Size in bytes: 21984. Pages printed: 1. No user action is required."
Information	11/17/2019 16:13	Microsoft-Windows-PrintService	307	Printing a document	"Document 45, Print Document owned by jsokol05 on \\MESOEL06484 was printed on VLS3.60 through port UCP-1.  Size in bytes: 21984. Pages printed: 1. No user action is required."
Information	11/17/2019 16:34	Microsoft-Windows-PrintService	307	Printing a document	"Document 46, Print Document owned by jsokol05 on \\MESOEL06484 was printed on VLS3.60 through port UCP-1.  Size in bytes: 7928. Pages printed: 1. No user action is required."
Information	11/17/2019 16:44	Microsoft-Windows-PrintService	307	Printing a document	"Document 47, Print Document owned by jsokol05 on \\MESOEL06484 was printed on VLS3.60 through port UCP-1.  Size in bytes: 1552. Pages printed: 1. No user action is required."
Information	11/17/2019 16:52	Microsoft-Windows-PrintService	307	Printing a document	"Document 48, Print Document owned by jsokol05 on \\MESOEL06484 was printed on VLS3.60 through port UCP-1.  Size in bytes: 4728. Pages printed: 1. No user action is required."
Information	11/17/2019 16:57	Microsoft-Windows-PrintService	307	Printing a document	"Document 49, Print Document owned by jsokol05 on \\MESOEL06484 was printed on VLS3.60 through port UCP-1.  Size in bytes: 28896. Pages printed: 1. No user action is required."
Information	11/17/2019 16:58	Microsoft-Windows-PrintService	307	Printing a document	"Document 50, Print Document owned by jsokol05 on \\MESOEL06484 was printed on VLS3.60 through port UCP-1.  Size in bytes: 28896. Pages printed: 1. No user action is required."
Information	11/17/2019 17:26	Microsoft-Windows-PrintService	307	Printing a document	"Document 51, Print Document owned by jsokol05 on \\MESOEL06484 was printed on VLS3.60 through port UCP-1.  Size in bytes: 24232. Pages printed: 1. No user action is required."
Information	11/17/2019 17:52	Microsoft-Windows-PrintService	307	Printing a document	"Document 52, Print Document owned by jsokol05 on \\MESOEL06484 was printed on VLS3.60 through port UCP-1.  Size in bytes: 21984. Pages printed: 1. No user action is required."
Information	11/17/2019 17:52	Microsoft-Windows-PrintService	307	Printing a document	"Document 53, Print Document owned by jsokol05 on \\MESOEL06484 was printed on VLS3.60 through port UCP-1.  Size in bytes: 21984. Pages printed: 1. No user action is required."
Information	11/17/2019 17:55	Microsoft-Windows-PrintService	307	Printing a document	"Document 54, Print Document owned by jsokol05 on \\MESOEL06484 was printed on VLS3.60 through port UCP-1.  Size in bytes: 21984. Pages printed: 1. No user action is required."
Information	11/17/2019 19:25	Microsoft-Windows-PrintService	307	Printing a document	"Document 55, Print Document owned by jsokol05 on \\MESOEL06484 was printed on VLS3.60 through port UCP-1.  Size in bytes: 90184. Pages printed: 1. No user action is required."
Information	11/17/2019 19:34	Microsoft-Windows-PrintService	307	Printing a document	"Document 56, Print Document owned by jsokol05 on \\MESOEL06484 was printed on VLS3.60 through port UCP-1.  Size in bytes: 90688. Pages printed: 1. No user action is required."
Information	11/17/2019 19:37	Microsoft-Windows-PrintService	307	Printing a document	"Document 57, Print Document owned by jsokol05 on \\MESOEL06484 was printed on VLS3.60 through port UCP-1.  Size in bytes: 90696. Pages printed: 1. No user action is required."
Information	11/17/2019 19:37	Microsoft-Windows-PrintService	307	Printing a document	"Document 58, Print Document owned by jsokol05 on \\MESOEL06484 was printed on VLS3.60 through port UCP-1.  Size in bytes: 90184. Pages printed: 1. No user action is required."
Information	11/17/2019 21:08	Microsoft-Windows-PrintService	307	Printing a document	"Document 59, Print Document owned by jsokol05 on \\MESOEL06484 was printed on VLS3.60 through port UCP-1.  Size in bytes: 26960. Pages printed: 1. No user action is required."
Information	11/17/2019 21:33	Microsoft-Windows-PrintService	307	Printing a document	"Document 60, Print Document owned by jsokol05 on \\MESOEL06484 was printed on VLS3.60 through port UCP-1.  Size in bytes: 22360. Pages printed: 1. No user action is required."
Information	11/17/2019 22:01	Microsoft-Windows-PrintService	307	Printing a document	"Document 61, Print Document owned by jsokol05 on \\MESOEL06484 was printed on VLS3.60 through port UCP-1.  Size in bytes: 19816. Pages printed: 1. No user action is required."
Information	11/18/2019 8:27	Microsoft-Windows-PrintService	307	Printing a document	"Document 62, Print Document owned by nduran02 on \\MESOEL06484 was printed on VLS3.60 through port UCP-1.  Size in bytes: 260192. Pages printed: 1. No user action is required."
Information	11/18/2019 9:14	Microsoft-Windows-PrintService	307	Printing a document	"Document 63, Print Document owned by nduran02 on \\MESOEL06484 was printed on VLS3.60 through port UCP-1.  Size in bytes: 267824. Pages printed: 1. No user action is required."
Information	11/18/2019 11:37	Microsoft-Windows-PrintService	307	Printing a document	"Document 64, Print Document owned by wwind01 on \\MESOEL06484 was printed on VLS3.60 through port UCP-1.  Size in bytes: 4464. Pages printed: 1. No user action is required."
Information	11/18/2019 12:42	Microsoft-Windows-PrintService	307	Printing a document	"Document 65, Print Document owned by wwind01 on \\MESOEL06484 was printed on VLS3.60 through port UCP-1.  Size in bytes: 31432. Pages printed: 1. No user action is required."
Information	11/18/2019 12:52	Microsoft-Windows-PrintService	307	Printing a document	"Document 66, Print Document owned by wwind01 on \\MESOEL06484 was printed on VLS3.60 through port UCP-1.  Size in bytes: 26132. Pages printed: 1. No user action is required."
Information	11/18/2019 12:59	Microsoft-Windows-PrintService	307	Printing a document	"Document 67, Print Document owned by wwind01 on \\MESOEL06484 was printed on VLS3.60 through port UCP-1.  Size in bytes: 25796. Pages printed: 1. No user action is required."
Information	11/18/2019 13:07	Microsoft-Windows-PrintService	307	Printing a document	"Document 68, Print Document owned by wwind01 on \\MESOEL06484 was printed on VLS3.60 through port UCP-1.  Size in bytes: 784. Pages printed: 1. No user action is required."
Information	11/18/2019 13:13	Microsoft-Windows-PrintService	307	Printing a document	"Document 69, Print Document owned by wwind01 on \\MESOEL06484 was printed on VLS3.60 through port UCP-1.  Size in bytes: 25796. Pages printed: 1. No user action is required."
Information	11/18/2019 13:22	Microsoft-Windows-PrintService	307	Printing a document	"Document 70, Print Document owned by wwind01 on \\MESOEL06484 was printed on VLS3.60 through port UCP-1.  Size in bytes: 4732. Pages printed: 1. No user action is required."
Information	11/18/2019 13:25	Microsoft-Windows-PrintService	307	Printing a document	"Document 71, Print Document owned by wwind01 on \\MESOEL06484 was printed on VLS3.60 through port UCP-1.  Size in bytes: 4732. Pages printed: 1. No user action is required."
Information	11/18/2019 13:59	Microsoft-Windows-PrintService	307	Printing a document	"Document 72, Print Document owned by wwind01 on \\MESOEL06484 was printed on VLS3.60 through port UCP-1.  Size in bytes: 5200. Pages printed: 1. No user action is required."
Information	11/18/2019 14:01	Microsoft-Windows-PrintService	307	Printing a document	"Document 73, Print Document owned by wwind01 on \\MESOEL06484 was printed on VLS3.60 through port UCP-1.  Size in bytes: 5584. Pages printed: 1. No user action is required."
Information	11/18/2019 14:32	Microsoft-Windows-PrintService	307	Printing a document	"Document 74, Print Document owned by wwind01 on \\MESOEL06484 was printed on VLS3.60 through port UCP-1.  Size in bytes: 2640. Pages printed: 1. No user action is required."
Information	11/18/2019 14:43	Microsoft-Windows-PrintService	307	Printing a document	"Document 75, Print Document owned by wwind01 on \\MESOEL06484 was printed on VLS3.60 through port UCP-1.  Size in bytes: 2960. Pages printed: 1. No user action is required."
Information	11/18/2019 14:49	Microsoft-Windows-PrintService	307	Printing a document	"Document 76, Print Document owned by wwind01 on \\MESOEL06484 was printed on VLS3.60 through port UCP-1.  Size in bytes: 29528. Pages printed: 1. No user action is required."
Information	11/18/2019 15:07	Microsoft-Windows-PrintService	307	Printing a document	"Document 77, Print Document owned by wwind01 on \\MESOEL06484 was printed on VLS3.60 through port UCP-1.  Size in bytes: 784. Pages printed: 1. No user action is required."
Information	11/18/2019 15:22	Microsoft-Windows-PrintService	307	Printing a document	"Document 78, Print Document owned by wwind01 on \\MESOEL06484 was printed on VLS3.60 through port UCP-1.  Size in bytes: 1312. Pages printed: 1. No user action is required."
Information	11/18/2019 15:27	Microsoft-Windows-PrintService	307	Printing a document	"Document 79, Print Document owned by wwind01 on \\MESOEL06484 was printed on VLS3.60 through port UCP-1.  Size in bytes: 1312. Pages printed: 1. No user action is required."
Information	11/18/2019 15:29	Microsoft-Windows-PrintService	307	Printing a document	"Document 80, Print Document owned by wwind01 on \\MESOEL06484 was printed on VLS3.60 through port UCP-1.  Size in bytes: 1312. Pages printed: 1. No user action is required."
Information	11/18/2019 15:30	Microsoft-Windows-PrintService	307	Printing a document	"Document 81, Print Document owned by wwind01 on \\MESOEL06484 was printed on VLS3.60 through port UCP-1.  Size in bytes: 1312. Pages printed: 1. No user action is required."
Information	11/18/2019 15:36	Microsoft-Windows-PrintService	307	Printing a document	"Document 82, Print Document owned by wwind01 on \\MESOEL06484 was printed on VLS3.60 through port UCP-1.  Size in bytes: 1768. Pages printed: 1. No user action is required."
Information	11/18/2019 15:58	Microsoft-Windows-PrintService	307	Printing a document	"Document 83, Print Document owned by wwind01 on \\MESOEL06484 was printed on VLS3.60 through port UCP-1.  Size in bytes: 97120. Pages printed: 1. No user action is required."
Information	11/18/2019 15:59	Microsoft-Windows-PrintService	307	Printing a document	"Document 84, Print Document owned by wwind01 on \\MESOEL06484 was printed on VLS3.60 through port UCP-1.  Size in bytes: 97120. Pages printed: 1. No user action is required."
Information	11/18/2019 15:59	Microsoft-Windows-PrintService	307	Printing a document	"Document 85, Print Document owned by wwind01 on \\MESOEL06484 was printed on VLS3.60 through port UCP-1.  Size in bytes: 97120. Pages printed: 1. No user action is required."
Information	11/18/2019 16:00	Microsoft-Windows-PrintService	307	Printing a document	"Document 86, Print Document owned by wwind01 on \\MESOEL06484 was printed on VLS3.60 through port UCP-1.  Size in bytes: 97120. Pages printed: 1. No user action is required."
Information	11/18/2019 16:05	Microsoft-Windows-PrintService	307	Printing a document	"Document 87, Print Document owned by wwind01 on \\MESOEL06484 was printed on VLS3.60 through port UCP-1.  Size in bytes: 752. Pages printed: 1. No user action is required."
Information	11/18/2019 16:09	Microsoft-Windows-PrintService	307	Printing a document	"Document 88, Print Document owned by wwind01 on \\MESOEL06484 was printed on VLS3.60 through port UCP-1.  Size in bytes: 6384. Pages printed: 1. No user action is required."
Information	11/18/2019 16:44	Microsoft-Windows-PrintService	307	Printing a document	"Document 89, Print Document owned by wwind01 on \\MESOEL06484 was printed on VLS3.60 through port UCP-1.  Size in bytes: 13536. Pages printed: 1. No user action is required."
Information	11/18/2019 16:55	Microsoft-Windows-PrintService	307	Printing a document	"Document 90, Print Document owned by wwind01 on \\MESOEL06484 was printed on VLS3.60 through port UCP-1.  Size in bytes: 11432028. Pages printed: 1. No user action is required."
Information	11/18/2019 17:35	Microsoft-Windows-PrintService	307	Printing a document	"Document 91, Print Document owned by wwind01 on \\MESOEL06484 was printed on VLS3.60 through port UCP-1.  Size in bytes: 682400. Pages printed: 1. No user action is required."
Information	11/18/2019 18:10	Microsoft-Windows-PrintService	307	Printing a document	"Document 92, Print Document owned by wwind01 on \\MESOEL06484 was printed on VLS3.60 through port UCP-1.  Size in bytes: 27024. Pages printed: 1. No user action is required."
Information	11/18/2019 18:21	Microsoft-Windows-PrintService	307	Printing a document	"Document 93, Print Document owned by wwind01 on \\MESOEL06484 was printed on VLS3.60 through port UCP-1.  Size in bytes: 752. Pages printed: 1. No user action is required."
Information	11/18/2019 18:34	Microsoft-Windows-PrintService	307	Printing a document	"Document 94, Print Document owned by wwind01 on \\MESOEL06484 was printed on VLS3.60 through port UCP-1.  Size in bytes: 27376. Pages printed: 1. No user action is required."
Information	11/18/2019 18:36	Microsoft-Windows-PrintService	307	Printing a document	"Document 95, Print Document owned by wwind01 on \\MESOEL06484 was printed on VLS3.60 through port UCP-1.  Size in bytes: 27376. Pages printed: 1. No user action is required."
Information	11/18/2019 18:36	Microsoft-Windows-PrintService	307	Printing a document	"Document 96, Print Document owned by wwind01 on \\MESOEL06484 was printed on VLS3.60 through port UCP-1.  Size in bytes: 27376. Pages printed: 1. No user action is required."
Information	11/18/2019 18:37	Microsoft-Windows-PrintService	307	Printing a document	"Document 97, Print Document owned by wwind01 on \\MESOEL06484 was printed on VLS3.60 through port UCP-1.  Size in bytes: 27376. Pages printed: 1. No user action is required."
Information	11/18/2019 18:37	Microsoft-Windows-PrintService	307	Printing a document	"Document 98, Print Document owned by wwind01 on \\MESOEL06484 was printed on VLS3.60 through port UCP-1.  Size in bytes: 27376. Pages printed: 1. No user action is required."
Information	11/18/2019 18:42	Microsoft-Windows-PrintService	307	Printing a document	"Document 99, Print Document owned by wwind01 on \\MESOEL06484 was printed on VLS3.60 through port UCP-1.  Size in bytes: 856. Pages printed: 1. No user action is required."
Information	11/18/2019 18:48	Microsoft-Windows-PrintService	307	Printing a document	"Document 100, Print Document owned by wwind01 on \\MESOEL06484 was printed on VLS3.60 through port UCP-1.  Size in bytes: 856. Pages printed: 1. No user action is required."
Information	11/18/2019 18:49	Microsoft-Windows-PrintService	307	Printing a document	"Document 101, Print Document owned by wwind01 on \\MESOEL06484 was printed on VLS3.60 through port UCP-1.  Size in bytes: 856. Pages printed: 1. No user action is required."
Information	11/18/2019 18:50	Microsoft-Windows-PrintService	307	Printing a document	"Document 102, Print Document owned by wwind01 on \\MESOEL06484 was printed on VLS3.60 through port UCP-1.  Size in bytes: 1904. Pages printed: 1. No user action is required."
Information	11/18/2019 18:57	Microsoft-Windows-PrintService	307	Printing a document	"Document 103, Print Document owned by wwind01 on \\MESOEL06484 was printed on VLS3.60 through port UCP-1.  Size in bytes: 1448. Pages printed: 1. No user action is required."
