Information	10/25/2020 15:54	Microsoft-Windows-PrintService	307	Printing a document	"Document 36, Print Document owned by ibohme01 on \\MESOEL06484 was printed on VLS3.60 through port UCP-1.  Size in bytes: 3952. Pages printed: 1. No user action is required."
Information	10/25/2020 15:54	Microsoft-Windows-PrintService	307	Printing a document	"Document 37, Print Document owned by ibohme01 on \\MESOEL06484 was printed on VLS3.60 through port UCP-1.  Size in bytes: 3064. Pages printed: 1. No user action is required."
Information	10/25/2020 15:57	Microsoft-Windows-PrintService	307	Printing a document	"Document 38, Print Document owned by ibohme01 on \\MESOEL06484 was printed on VLS3.60 through port UCP-1.  Size in bytes: 1328. Pages printed: 1. No user action is required."
Information	10/25/2020 16:02	Microsoft-Windows-PrintService	307	Printing a document	"Document 39, Print Document owned by ibohme01 on \\MESOEL06484 was printed on VLS3.60 through port UCP-1.  Size in bytes: 992. Pages printed: 1. No user action is required."
Information	10/25/2020 16:03	Microsoft-Windows-PrintService	307	Printing a document	"Document 40, Print Document owned by ibohme01 on \\MESOEL06484 was printed on VLS3.60 through port UCP-1.  Size in bytes: 696. Pages printed: 1. No user action is required."
Information	10/25/2020 16:50	Microsoft-Windows-PrintService	307	Printing a document	"Document 41, Print Document owned by ibohme01 on \\MESOEL06484 was printed on VLS3.60 through port UCP-1.  Size in bytes: 23472. Pages printed: 1. No user action is required."
Information	10/25/2020 17:01	Microsoft-Windows-PrintService	307	Printing a document	"Document 42, Print Document owned by ibohme01 on \\MESOEL06484 was printed on VLS3.60 through port UCP-1.  Size in bytes: 47496. Pages printed: 1. No user action is required."
Information	10/25/2020 20:37	Microsoft-Windows-PrintService	307	Printing a document	"Document 43, Print Document owned by ibohme01 on \\MESOEL06484 was printed on VLS3.60 through port UCP-1.  Size in bytes: 18104. Pages printed: 1. No user action is required."
Information	10/25/2020 20:42	Microsoft-Windows-PrintService	307	Printing a document	"Document 44, Print Document owned by ibohme01 on \\MESOEL06484 was printed on VLS3.60 through port UCP-1.  Size in bytes: 5776. Pages printed: 1. No user action is required."
Information	10/25/2020 20:51	Microsoft-Windows-PrintService	307	Printing a document	"Document 45, Print Document owned by ibohme01 on \\MESOEL06484 was printed on VLS3.60 through port UCP-1.  Size in bytes: 2704. Pages printed: 1. No user action is required."
Information	10/25/2020 20:52	Microsoft-Windows-PrintService	307	Printing a document	"Document 46, Print Document owned by ibohme01 on \\MESOEL06484 was printed on VLS3.60 through port UCP-1.  Size in bytes: 5008. Pages printed: 1. No user action is required."
Information	10/26/2020 17:50	Microsoft-Windows-PrintService	307	Printing a document	"Document 47, Print Document owned by mtaffe01 on \\MESOEL06484 was printed on VLS3.60 through port UCP-1.  Size in bytes: 128096. Pages printed: 1. No user action is required."
Information	10/26/2020 17:54	Microsoft-Windows-PrintService	307	Printing a document	"Document 48, Print Document owned by mtaffe01 on \\MESOEL06484 was printed on VLS3.60 through port UCP-1.  Size in bytes: 128096. Pages printed: 1. No user action is required."
Information	10/26/2020 18:10	Microsoft-Windows-PrintService	307	Printing a document	"Document 49, Print Document owned by mtaffe01 on \\MESOEL06484 was printed on VLS3.60 through port UCP-1.  Size in bytes: 102704. Pages printed: 1. No user action is required."
Information	10/26/2020 19:46	Microsoft-Windows-PrintService	307	Printing a document	"Document 50, Print Document owned by mtaffe01 on \\MESOEL06484 was printed on VLS3.60 through port UCP-1.  Size in bytes: 16544. Pages printed: 1. No user action is required."
Information	10/26/2020 20:02	Microsoft-Windows-PrintService	307	Printing a document	"Document 51, Print Document owned by mtaffe01 on \\MESOEL06484 was printed on VLS3.60 through port UCP-1.  Size in bytes: 56208. Pages printed: 1. No user action is required."
Information	10/26/2020 20:08	Microsoft-Windows-PrintService	307	Printing a document	"Document 52, Print Document owned by mtaffe01 on \\MESOEL06484 was printed on VLS3.60 through port UCP-1.  Size in bytes: 17392. Pages printed: 1. No user action is required."
Information	10/26/2020 20:11	Microsoft-Windows-PrintService	307	Printing a document	"Document 53, Print Document owned by mtaffe01 on \\MESOEL06484 was printed on VLS3.60 through port UCP-1.  Size in bytes: 18992. Pages printed: 1. No user action is required."
Information	10/26/2020 23:04	Microsoft-Windows-PrintService	307	Printing a document	"Document 54, Print Document owned by mtaffe01 on \\MESOEL06484 was printed on VLS3.60 through port UCP-1.  Size in bytes: 42120. Pages printed: 1. No user action is required."
Information	10/26/2020 23:05	Microsoft-Windows-PrintService	307	Printing a document	"Document 55, Print Document owned by mtaffe01 on \\MESOEL06484 was printed on VLS3.60 through port UCP-1.  Size in bytes: 40928. Pages printed: 1. No user action is required."
Information	10/26/2020 23:13	Microsoft-Windows-PrintService	307	Printing a document	"Document 56, Print Document owned by mtaffe01 on \\MESOEL06484 was printed on VLS3.60 through port UCP-1.  Size in bytes: 7552. Pages printed: 1. No user action is required."
Information	10/27/2020 12:47	Microsoft-Windows-PrintService	307	Printing a document	"Document 57, Print Document owned by ywu15 on \\MESOEL06484 was printed on VLS3.60 through port UCP-1.  Size in bytes: 316312. Pages printed: 1. No user action is required."
Information	10/27/2020 13:40	Microsoft-Windows-PrintService	307	Printing a document	"Document 58, Print Document owned by ywu15 on \\MESOEL06484 was printed on VLS3.60 through port UCP-1.  Size in bytes: 1936. Pages printed: 1. No user action is required."
Information	10/27/2020 13:46	Microsoft-Windows-PrintService	307	Printing a document	"Document 59, Print Document owned by ywu15 on \\MESOEL06484 was printed on VLS3.60 through port UCP-1.  Size in bytes: 1912. Pages printed: 1. No user action is required."
Information	10/27/2020 13:47	Microsoft-Windows-PrintService	307	Printing a document	"Document 60, Print Document owned by ywu15 on \\MESOEL06484 was printed on VLS3.60 through port UCP-1.  Size in bytes: 1912. Pages printed: 1. No user action is required."
Information	10/27/2020 16:03	Microsoft-Windows-PrintService	307	Printing a document	"Document 61, Print Document owned by ywu15 on \\MESOEL06484 was printed on VLS3.60 through port UCP-1.  Size in bytes: 496336. Pages printed: 1. No user action is required."
Information	10/28/2020 10:25	Microsoft-Windows-PrintService	307	Printing a document	"Document 62, Print Document owned by ywu15 on \\MESOEL06484 was printed on VLS3.60 through port UCP-1.  Size in bytes: 34948. Pages printed: 1. No user action is required."
Information	10/28/2020 10:25	Microsoft-Windows-PrintService	307	Printing a document	"Document 63, Print Document owned by ywu15 on \\MESOEL06484 was printed on VLS3.60 through port UCP-1.  Size in bytes: 2608. Pages printed: 1. No user action is required."
Information	10/28/2020 11:07	Microsoft-Windows-PrintService	307	Printing a document	"Document 64, Print Document owned by ywu15 on \\MESOEL06484 was printed on VLS3.60 through port UCP-1.  Size in bytes: 2608. Pages printed: 1. No user action is required."
Information	10/28/2020 11:11	Microsoft-Windows-PrintService	307	Printing a document	"Document 65, Print Document owned by ywu15 on \\MESOEL06484 was printed on VLS3.60 through port UCP-1.  Size in bytes: 39460. Pages printed: 1. No user action is required."
Information	10/28/2020 16:15	Microsoft-Windows-PrintService	307	Printing a document	"Document 66, Print Document owned by erobbi03 on \\MESOEL06484 was printed on VLS3.60 through port UCP-1.  Size in bytes: 30456. Pages printed: 1. No user action is required."
Information	10/28/2020 16:29	Microsoft-Windows-PrintService	307	Printing a document	"Document 67, Print Document owned by erobbi03 on \\MESOEL06484 was printed on VLS3.60 through port UCP-1.  Size in bytes: 12176. Pages printed: 1. No user action is required."
Information	10/28/2020 16:29	Microsoft-Windows-PrintService	307	Printing a document	"Document 68, Print Document owned by erobbi03 on \\MESOEL06484 was printed on VLS3.60 through port UCP-1.  Size in bytes: 12176. Pages printed: 1. No user action is required."
Information	10/28/2020 17:33	Microsoft-Windows-PrintService	307	Printing a document	"Document 69, Print Document owned by erobbi03 on \\MESOEL06484 was printed on VLS3.60 through port UCP-1.  Size in bytes: 1552. Pages printed: 1. No user action is required."
Information	10/28/2020 18:39	Microsoft-Windows-PrintService	307	Printing a document	"Document 70, Print Document owned by erobbi03 on \\MESOEL06484 was printed on VLS3.60 through port UCP-1.  Size in bytes: 22552. Pages printed: 1. No user action is required."
Information	10/28/2020 18:39	Microsoft-Windows-PrintService	307	Printing a document	"Document 71, Print Document owned by erobbi03 on \\MESOEL06484 was printed on VLS3.60 through port UCP-1.  Size in bytes: 22552. Pages printed: 1. No user action is required."
Information	10/28/2020 21:13	Microsoft-Windows-PrintService	307	Printing a document	"Document 72, Print Document owned by mreid04 on \\MESOEL06484 was printed on VLS3.60 through port UCP-1.  Size in bytes: 22552. Pages printed: 1. No user action is required."
Information	10/28/2020 21:24	Microsoft-Windows-PrintService	307	Printing a document	"Document 73, Print Document owned by mreid04 on \\MESOEL06484 was printed on VLS3.60 through port UCP-1.  Size in bytes: 22552. Pages printed: 1. No user action is required."
Information	10/28/2020 22:56	Microsoft-Windows-PrintService	307	Printing a document	"Document 74, Print Document owned by mreid04 on \\MESOEL06484 was printed on VLS3.60 through port UCP-1.  Size in bytes: 3656. Pages printed: 1. No user action is required."
Information	10/28/2020 23:09	Microsoft-Windows-PrintService	307	Printing a document	"Document 75, Print Document owned by mreid04 on \\MESOEL06484 was printed on VLS3.60 through port UCP-1.  Size in bytes: 2496. Pages printed: 1. No user action is required."
Information	10/29/2020 12:47	Microsoft-Windows-PrintService	307	Printing a document	"Document 2, Print Document owned by ywu15 on \\MESOEL06484 was printed on VLS3.60 through port UCP-1.  Size in bytes: 24632. Pages printed: 1. No user action is required."
Information	10/29/2020 15:21	Microsoft-Windows-PrintService	307	Printing a document	"Document 3, Print Document owned by ywu15 on \\MESOEL06484 was printed on VLS3.60 through port UCP-1.  Size in bytes: 54400. Pages printed: 1. No user action is required."
Information	10/29/2020 15:26	Microsoft-Windows-PrintService	307	Printing a document	"Document 4, Print Document owned by ywu15 on \\MESOEL06484 was printed on VLS3.60 through port UCP-1.  Size in bytes: 54208. Pages printed: 1. No user action is required."
Information	10/29/2020 15:26	Microsoft-Windows-PrintService	307	Printing a document	"Document 5, Print Document owned by ywu15 on \\MESOEL06484 was printed on VLS3.60 through port UCP-1.  Size in bytes: 54208. Pages printed: 1. No user action is required."
Information	10/29/2020 15:30	Microsoft-Windows-PrintService	307	Printing a document	"Document 6, Print Document owned by ywu15 on \\MESOEL06484 was printed on VLS3.60 through port UCP-1.  Size in bytes: 63384. Pages printed: 1. No user action is required."
Information	10/29/2020 15:46	Microsoft-Windows-PrintService	307	Printing a document	"Document 7, Print Document owned by ywu15 on \\MESOEL06484 was printed on VLS3.60 through port UCP-1.  Size in bytes: 4416. Pages printed: 1. No user action is required."
Information	10/29/2020 20:10	Microsoft-Windows-PrintService	307	Printing a document	"Document 8, Print Document owned by ywu15 on \\MESOEL06484 was printed on VLS3.60 through port UCP-1.  Size in bytes: 2240. Pages printed: 1. No user action is required."
Information	10/29/2020 20:17	Microsoft-Windows-PrintService	307	Printing a document	"Document 9, Print Document owned by ywu15 on \\MESOEL06484 was printed on VLS3.60 through port UCP-1.  Size in bytes: 2424. Pages printed: 1. No user action is required."
Information	10/29/2020 20:21	Microsoft-Windows-PrintService	307	Printing a document	"Document 10, Print Document owned by ywu15 on \\MESOEL06484 was printed on VLS3.60 through port UCP-1.  Size in bytes: 2240. Pages printed: 1. No user action is required."
Information	10/29/2020 20:45	Microsoft-Windows-PrintService	307	Printing a document	"Document 11, Print Document owned by ywu15 on \\MESOEL06484 was printed on VLS3.60 through port UCP-1.  Size in bytes: 27836. Pages printed: 1. No user action is required."
Information	10/29/2020 21:58	Microsoft-Windows-PrintService	307	Printing a document	"Document 12, Print Document owned by ywu15 on \\MESOEL06484 was printed on VLS3.60 through port UCP-1.  Size in bytes: 2240. Pages printed: 1. No user action is required."
Information	10/30/2020 9:08	Microsoft-Windows-PrintService	307	Printing a document	"Document 13, Print Document owned by ywu15 on \\MESOEL06484 was printed on VLS3.60 through port UCP-1.  Size in bytes: 10160. Pages printed: 1. No user action is required."
Information	10/30/2020 9:15	Microsoft-Windows-PrintService	307	Printing a document	"Document 14, Print Document owned by ywu15 on \\MESOEL06484 was printed on VLS3.60 through port UCP-1.  Size in bytes: 1872. Pages printed: 1. No user action is required."
Information	10/30/2020 9:23	Microsoft-Windows-PrintService	307	Printing a document	"Document 15, Print Document owned by ywu15 on \\MESOEL06484 was printed on VLS3.60 through port UCP-1.  Size in bytes: 1872. Pages printed: 1. No user action is required."
Information	10/30/2020 9:42	Microsoft-Windows-PrintService	307	Printing a document	"Document 16, Print Document owned by ywu15 on \\MESOEL06484 was printed on VLS3.60 through port UCP-1.  Size in bytes: 828. Pages printed: 1. No user action is required."
Information	10/30/2020 9:42	Microsoft-Windows-PrintService	307	Printing a document	"Document 17, Print Document owned by ywu15 on \\MESOEL06484 was printed on VLS3.60 through port UCP-1.  Size in bytes: 828. Pages printed: 1. No user action is required."
Information	10/30/2020 9:43	Microsoft-Windows-PrintService	307	Printing a document	"Document 18, Print Document owned by ywu15 on \\MESOEL06484 was printed on VLS3.60 through port UCP-1.  Size in bytes: 828. Pages printed: 1. No user action is required."
Information	10/30/2020 9:44	Microsoft-Windows-PrintService	307	Printing a document	"Document 19, Print Document owned by ywu15 on \\MESOEL06484 was printed on VLS3.60 through port UCP-1.  Size in bytes: 628. Pages printed: 1. No user action is required."
Information	10/30/2020 9:47	Microsoft-Windows-PrintService	307	Printing a document	"Document 20, Print Document owned by ywu15 on \\MESOEL06484 was printed on VLS3.60 through port UCP-1.  Size in bytes: 1136. Pages printed: 1. No user action is required."
Information	10/31/2020 12:32	Microsoft-Windows-PrintService	307	Printing a document	"Document 21, Print Document owned by ywu15 on \\MESOEL06484 was printed on VLS3.60 through port UCP-1.  Size in bytes: 11784. Pages printed: 1. No user action is required."
Information	10/31/2020 12:39	Microsoft-Windows-PrintService	307	Printing a document	"Document 22, Print Document owned by ywu15 on \\MESOEL06484 was printed on VLS3.60 through port UCP-1.  Size in bytes: 2000. Pages printed: 1. No user action is required."
Information	10/31/2020 16:57	Microsoft-Windows-PrintService	307	Printing a document	"Document 23, Print Document owned by ywu15 on \\MESOEL06484 was printed on VLS3.60 through port UCP-1.  Size in bytes: 5416. Pages printed: 1. No user action is required."
Information	10/31/2020 17:01	Microsoft-Windows-PrintService	307	Printing a document	"Document 24, Print Document owned by ywu15 on \\MESOEL06484 was printed on VLS3.60 through port UCP-1.  Size in bytes: 3528. Pages printed: 1. No user action is required."
Information	10/31/2020 17:02	Microsoft-Windows-PrintService	307	Printing a document	"Document 25, Print Document owned by ywu15 on \\MESOEL06484 was printed on VLS3.60 through port UCP-1.  Size in bytes: 3528. Pages printed: 1. No user action is required."
Information	10/31/2020 17:16	Microsoft-Windows-PrintService	307	Printing a document	"Document 26, Print Document owned by ywu15 on \\MESOEL06484 was printed on VLS3.60 through port UCP-1.  Size in bytes: 3760. Pages printed: 1. No user action is required."
Information	10/31/2020 17:27	Microsoft-Windows-PrintService	307	Printing a document	"Document 27, Print Document owned by ywu15 on \\MESOEL06484 was printed on VLS3.60 through port UCP-1.  Size in bytes: 8496. Pages printed: 1. No user action is required."
Information	10/31/2020 17:43	Microsoft-Windows-PrintService	307	Printing a document	"Document 28, Print Document owned by ywu15 on \\MESOEL06484 was printed on VLS3.60 through port UCP-1.  Size in bytes: 4080. Pages printed: 1. No user action is required."
Information	11/1/2020 12:17	Microsoft-Windows-PrintService	307	Printing a document	"Document 29, Print Document owned by ywu15 on \\MESOEL06484 was printed on VLS3.60 through port UCP-1.  Size in bytes: 1136. Pages printed: 1. No user action is required."
Information	11/1/2020 12:23	Microsoft-Windows-PrintService	307	Printing a document	"Document 30, Print Document owned by ywu15 on \\MESOEL06484 was printed on VLS3.60 through port UCP-1.  Size in bytes: 5160. Pages printed: 1. No user action is required."
Information	11/1/2020 12:24	Microsoft-Windows-PrintService	307	Printing a document	"Document 31, Print Document owned by ywu15 on \\MESOEL06484 was printed on VLS3.60 through port UCP-1.  Size in bytes: 5160. Pages printed: 1. No user action is required."
Information	11/1/2020 12:47	Microsoft-Windows-PrintService	307	Printing a document	"Document 32, Print Document owned by ywu15 on \\MESOEL06484 was printed on VLS3.60 through port UCP-1.  Size in bytes: 54168. Pages printed: 1. No user action is required."
Information	11/1/2020 12:48	Microsoft-Windows-PrintService	307	Printing a document	"Document 33, Print Document owned by ywu15 on \\MESOEL06484 was printed on VLS3.60 through port UCP-1.  Size in bytes: 54168. Pages printed: 1. No user action is required."
Information	11/1/2020 12:48	Microsoft-Windows-PrintService	307	Printing a document	"Document 34, Print Document owned by ywu15 on \\MESOEL06484 was printed on VLS3.60 through port UCP-1.  Size in bytes: 53984. Pages printed: 1. No user action is required."
Information	11/1/2020 13:54	Microsoft-Windows-PrintService	307	Printing a document	"Document 35, Print Document owned by ywu15 on \\MESOEL06484 was printed on VLS3.60 through port UCP-1.  Size in bytes: 85340. Pages printed: 1. No user action is required."
Information	11/1/2020 13:55	Microsoft-Windows-PrintService	307	Printing a document	"Document 36, Print Document owned by ywu15 on \\MESOEL06484 was printed on VLS3.60 through port UCP-1.  Size in bytes: 85340. Pages printed: 1. No user action is required."
Information	11/1/2020 14:02	Microsoft-Windows-PrintService	307	Printing a document	"Document 37, Print Document owned by ywu15 on \\MESOEL06484 was printed on VLS3.60 through port UCP-1.  Size in bytes: 83724. Pages printed: 1. No user action is required."
Information	11/1/2020 14:03	Microsoft-Windows-PrintService	307	Printing a document	"Document 38, Print Document owned by ywu15 on \\MESOEL06484 was printed on VLS3.60 through port UCP-1.  Size in bytes: 85340. Pages printed: 1. No user action is required."
Information	11/1/2020 14:04	Microsoft-Windows-PrintService	307	Printing a document	"Document 39, Print Document owned by ywu15 on \\MESOEL06484 was printed on VLS3.60 through port UCP-1.  Size in bytes: 85340. Pages printed: 1. No user action is required."
Information	11/1/2020 15:31	Microsoft-Windows-PrintService	307	Printing a document	"Document 40, Print Document owned by ywu15 on \\MESOEL06484 was printed on VLS3.60 through port UCP-1.  Size in bytes: 4080. Pages printed: 1. No user action is required."
Information	11/2/2020 9:33	Microsoft-Windows-PrintService	307	Printing a document	"Document 41, Print Document owned by ywu15 on \\MESOEL06484 was printed on VLS3.60 through port UCP-1.  Size in bytes: 6288. Pages printed: 1. No user action is required."
Information	11/2/2020 9:41	Microsoft-Windows-PrintService	307	Printing a document	"Document 42, Print Document owned by ywu15 on \\MESOEL06484 was printed on VLS3.60 through port UCP-1.  Size in bytes: 1136. Pages printed: 1. No user action is required."
Information	11/2/2020 9:46	Microsoft-Windows-PrintService	307	Printing a document	"Document 43, Print Document owned by ywu15 on \\MESOEL06484 was printed on VLS3.60 through port UCP-1.  Size in bytes: 1136. Pages printed: 1. No user action is required."
Information	11/2/2020 9:50	Microsoft-Windows-PrintService	307	Printing a document	"Document 44, Print Document owned by ywu15 on \\MESOEL06484 was printed on VLS3.60 through port UCP-1.  Size in bytes: 40032. Pages printed: 1. No user action is required."
Information	11/2/2020 10:02	Microsoft-Windows-PrintService	307	Printing a document	"Document 45, Print Document owned by ywu15 on \\MESOEL06484 was printed on VLS3.60 through port UCP-1.  Size in bytes: 1464. Pages printed: 1. No user action is required."
Information	11/2/2020 14:13	Microsoft-Windows-PrintService	307	Printing a document	"Document 46, Print Document owned by ywu15 on \\MESOEL06484 was printed on VLS3.60 through port UCP-1.  Size in bytes: 2608. Pages printed: 1. No user action is required."
Information	11/2/2020 14:22	Microsoft-Windows-PrintService	307	Printing a document	"Document 47, Print Document owned by ywu15 on \\MESOEL06484 was printed on VLS3.60 through port UCP-1.  Size in bytes: 22508. Pages printed: 1. No user action is required."
Information	11/2/2020 14:37	Microsoft-Windows-PrintService	307	Printing a document	"Document 48, Print Document owned by ywu15 on \\MESOEL06484 was printed on VLS3.60 through port UCP-1.  Size in bytes: 62024. Pages printed: 1. No user action is required."
Information	11/2/2020 14:57	Microsoft-Windows-PrintService	307	Printing a document	"Document 49, Print Document owned by ywu15 on \\MESOEL06484 was printed on VLS3.60 through port UCP-1.  Size in bytes: 23672. Pages printed: 1. No user action is required."
Information	11/2/2020 14:59	Microsoft-Windows-PrintService	307	Printing a document	"Document 50, Print Document owned by ywu15 on \\MESOEL06484 was printed on VLS3.60 through port UCP-1.  Size in bytes: 15408. Pages printed: 1. No user action is required."
Information	11/2/2020 14:59	Microsoft-Windows-PrintService	307	Printing a document	"Document 51, Print Document owned by ywu15 on \\MESOEL06484 was printed on VLS3.60 through port UCP-1.  Size in bytes: 15408. Pages printed: 1. No user action is required."
Information	11/2/2020 15:20	Microsoft-Windows-PrintService	307	Printing a document	"Document 52, Print Document owned by ywu15 on \\MESOEL06484 was printed on VLS3.60 through port UCP-1.  Size in bytes: 2072. Pages printed: 1. No user action is required."
Information	11/2/2020 15:49	Microsoft-Windows-PrintService	307	Printing a document	"Document 53, Print Document owned by ywu15 on \\MESOEL06484 was printed on VLS3.60 through port UCP-1.  Size in bytes: 8664. Pages printed: 1. No user action is required."
Information	11/2/2020 17:00	Microsoft-Windows-PrintService	307	Printing a document	"Document 54, Print Document owned by ywu15 on \\MESOEL06484 was printed on VLS3.60 through port UCP-1.  Size in bytes: 2240. Pages printed: 1. No user action is required."
Information	11/2/2020 17:30	Microsoft-Windows-PrintService	307	Printing a document	"Document 55, Print Document owned by ywu15 on \\MESOEL06484 was printed on VLS3.60 through port UCP-1.  Size in bytes: 8496. Pages printed: 1. No user action is required."
Information	11/2/2020 17:39	Microsoft-Windows-PrintService	307	Printing a document	"Document 56, Print Document owned by ywu15 on \\MESOEL06484 was printed on VLS3.60 through port UCP-1.  Size in bytes: 2240. Pages printed: 1. No user action is required."
Information	11/2/2020 18:32	Microsoft-Windows-PrintService	307	Printing a document	"Document 57, Print Document owned by ywu15 on \\MESOEL06484 was printed on VLS3.60 through port UCP-1.  Size in bytes: 105216. Pages printed: 1. No user action is required."
Information	11/2/2020 18:51	Microsoft-Windows-PrintService	307	Printing a document	"Document 58, Print Document owned by ywu15 on \\MESOEL06484 was printed on VLS3.60 through port UCP-1.  Size in bytes: 17328. Pages printed: 1. No user action is required."
Information	11/2/2020 21:13	Microsoft-Windows-PrintService	307	Printing a document	"Document 59, Print Document owned by ywu15 on \\MESOEL06484 was printed on VLS3.60 through port UCP-1.  Size in bytes: 1476. Pages printed: 1. No user action is required."
Information	11/2/2020 21:19	Microsoft-Windows-PrintService	307	Printing a document	"Document 60, Print Document owned by ywu15 on \\MESOEL06484 was printed on VLS3.60 through port UCP-1.  Size in bytes: 1444. Pages printed: 1. No user action is required."
Information	11/2/2020 21:23	Microsoft-Windows-PrintService	307	Printing a document	"Document 61, Print Document owned by ywu15 on \\MESOEL06484 was printed on VLS3.60 through port UCP-1.  Size in bytes: 5912. Pages printed: 1. No user action is required."
Information	11/2/2020 21:33	Microsoft-Windows-PrintService	307	Printing a document	"Document 62, Print Document owned by ywu15 on \\MESOEL06484 was printed on VLS3.60 through port UCP-1.  Size in bytes: 7552. Pages printed: 1. No user action is required."
Information	11/3/2020 12:48	Microsoft-Windows-PrintService	307	Printing a document	"Document 2, Print Document owned by ywu15 on \\MESOEL06484 was printed on VLS3.60 through port UCP-1.  Size in bytes: 8336. Pages printed: 1. No user action is required."
Information	11/3/2020 12:49	Microsoft-Windows-PrintService	307	Printing a document	"Document 3, Print Document owned by ywu15 on \\MESOEL06484 was printed on VLS3.60 through port UCP-1.  Size in bytes: 6224. Pages printed: 1. No user action is required."
Information	11/3/2020 12:51	Microsoft-Windows-PrintService	307	Printing a document	"Document 4, Print Document owned by ywu15 on \\MESOEL06484 was printed on VLS3.60 through port UCP-1.  Size in bytes: 4112. Pages printed: 1. No user action is required."
Information	11/3/2020 12:51	Microsoft-Windows-PrintService	307	Printing a document	"Document 5, Print Document owned by ywu15 on \\MESOEL06484 was printed on VLS3.60 through port UCP-1.  Size in bytes: 2512. Pages printed: 1. No user action is required."
Information	11/3/2020 12:52	Microsoft-Windows-PrintService	307	Printing a document	"Document 6, Print Document owned by ywu15 on \\MESOEL06484 was printed on VLS3.60 through port UCP-1.  Size in bytes: 2512. Pages printed: 1. No user action is required."
Information	11/3/2020 16:04	Microsoft-Windows-PrintService	307	Printing a document	"Document 7, Print Document owned by ywu15 on \\MESOEL06484 was printed on VLS3.60 through port UCP-1.  Size in bytes: 3642128. Pages printed: 1. No user action is required."
Information	11/3/2020 16:06	Microsoft-Windows-PrintService	307	Printing a document	"Document 8, Print Document owned by ywu15 on \\MESOEL06484 was printed on VLS3.60 through port UCP-1.  Size in bytes: 3642128. Pages printed: 1. No user action is required."
Information	11/3/2020 16:33	Microsoft-Windows-PrintService	307	Printing a document	"Document 9, Print Document owned by ywu15 on \\MESOEL06484 was printed on VLS3.60 through port UCP-1.  Size in bytes: 1985392. Pages printed: 1. No user action is required."
Information	11/3/2020 17:49	Microsoft-Windows-PrintService	307	Printing a document	"Document 10, Print Document owned by ywu15 on \\MESOEL06484 was printed on VLS3.60 through port UCP-1.  Size in bytes: 3676. Pages printed: 1. No user action is required."
Information	11/3/2020 17:52	Microsoft-Windows-PrintService	307	Printing a document	"Document 11, Print Document owned by ywu15 on \\MESOEL06484 was printed on VLS3.60 through port UCP-1.  Size in bytes: 3640. Pages printed: 1. No user action is required."
Information	11/3/2020 17:57	Microsoft-Windows-PrintService	307	Printing a document	"Document 12, Print Document owned by ywu15 on \\MESOEL06484 was printed on VLS3.60 through port UCP-1.  Size in bytes: 5812. Pages printed: 1. No user action is required."
Information	11/3/2020 18:11	Microsoft-Windows-PrintService	307	Printing a document	"Document 13, Print Document owned by ywu15 on \\MESOEL06484 was printed on VLS3.60 through port UCP-1.  Size in bytes: 3640. Pages printed: 1. No user action is required."
Information	11/3/2020 19:02	Microsoft-Windows-PrintService	307	Printing a document	"Document 14, Print Document owned by ywu15 on \\MESOEL06484 was printed on VLS3.60 through port UCP-1.  Size in bytes: 7552. Pages printed: 1. No user action is required."
Information	11/4/2020 9:49	Microsoft-Windows-PrintService	307	Printing a document	"Document 15, Print Document owned by ywu15 on \\MESOEL06484 was printed on VLS3.60 through port UCP-1.  Size in bytes: 24544. Pages printed: 1. No user action is required."
Information	11/4/2020 9:50	Microsoft-Windows-PrintService	307	Printing a document	"Document 16, Print Document owned by ywu15 on \\MESOEL06484 was printed on VLS3.60 through port UCP-1.  Size in bytes: 30352. Pages printed: 1. No user action is required."
Information	11/4/2020 9:50	Microsoft-Windows-PrintService	307	Printing a document	"Document 17, Print Document owned by ywu15 on \\MESOEL06484 was printed on VLS3.60 through port UCP-1.  Size in bytes: 29936. Pages printed: 1. No user action is required."
Information	11/4/2020 9:50	Microsoft-Windows-PrintService	307	Printing a document	"Document 18, Print Document owned by ywu15 on \\MESOEL06484 was printed on VLS3.60 through port UCP-1.  Size in bytes: 29936. Pages printed: 1. No user action is required."
Information	11/4/2020 9:51	Microsoft-Windows-PrintService	307	Printing a document	"Document 19, Print Document owned by ywu15 on \\MESOEL06484 was printed on VLS3.60 through port UCP-1.  Size in bytes: 29936. Pages printed: 1. No user action is required."
Information	11/4/2020 11:04	Microsoft-Windows-PrintService	307	Printing a document	"Document 20, Print Document owned by ywu15 on \\MESOEL06484 was printed on VLS3.60 through port UCP-1.  Size in bytes: 8816. Pages printed: 1. No user action is required."
Information	11/4/2020 14:09	Microsoft-Windows-PrintService	307	Printing a document	"Document 21, Print Document owned by ywu15 on \\MESOEL06484 was printed on VLS3.60 through port UCP-1.  Size in bytes: 14016. Pages printed: 1. No user action is required."
Information	11/4/2020 14:09	Microsoft-Windows-PrintService	307	Printing a document	"Document 22, Print Document owned by ywu15 on \\MESOEL06484 was printed on VLS3.60 through port UCP-1.  Size in bytes: 21008. Pages printed: 1. No user action is required."
Information	11/4/2020 14:10	Microsoft-Windows-PrintService	307	Printing a document	"Document 23, Print Document owned by ywu15 on \\MESOEL06484 was printed on VLS3.60 through port UCP-1.  Size in bytes: 21744. Pages printed: 1. No user action is required."
Information	11/4/2020 14:13	Microsoft-Windows-PrintService	307	Printing a document	"Document 24, Print Document owned by ywu15 on \\MESOEL06484 was printed on VLS3.60 through port UCP-1.  Size in bytes: 15856. Pages printed: 1. No user action is required."
Information	11/4/2020 15:24	Microsoft-Windows-PrintService	307	Printing a document	"Document 25, Print Document owned by ywu15 on \\MESOEL06484 was printed on VLS3.60 through port UCP-1.  Size in bytes: 48728. Pages printed: 1. No user action is required."
Information	11/4/2020 15:41	Microsoft-Windows-PrintService	307	Printing a document	"Document 26, Print Document owned by ywu15 on \\MESOEL06484 was printed on VLS3.60 through port UCP-1.  Size in bytes: 22520. Pages printed: 1. No user action is required."
Information	11/4/2020 15:52	Microsoft-Windows-PrintService	307	Printing a document	"Document 27, Print Document owned by ywu15 on \\MESOEL06484 was printed on VLS3.60 through port UCP-1.  Size in bytes: 5048. Pages printed: 1. No user action is required."
Information	11/4/2020 15:57	Microsoft-Windows-PrintService	307	Printing a document	"Document 28, Print Document owned by ywu15 on \\MESOEL06484 was printed on VLS3.60 through port UCP-1.  Size in bytes: 4920. Pages printed: 1. No user action is required."
Information	11/4/2020 16:06	Microsoft-Windows-PrintService	307	Printing a document	"Document 29, Print Document owned by ywu15 on \\MESOEL06484 was printed on VLS3.60 through port UCP-1.  Size in bytes: 37936. Pages printed: 1. No user action is required."
Information	11/4/2020 18:04	Microsoft-Windows-PrintService	307	Printing a document	"Document 30, Print Document owned by ywu15 on \\MESOEL06484 was printed on VLS3.60 through port UCP-1.  Size in bytes: 3361832. Pages printed: 1. No user action is required."
Information	11/4/2020 18:05	Microsoft-Windows-PrintService	307	Printing a document	"Document 31, Print Document owned by ywu15 on \\MESOEL06484 was printed on VLS3.60 through port UCP-1.  Size in bytes: 3361832. Pages printed: 1. No user action is required."
Information	11/4/2020 18:58	Microsoft-Windows-PrintService	307	Printing a document	"Document 32, Print Document owned by mtaffe01 on \\MESOEL06484 was printed on VLS3.60 through port UCP-1.  Size in bytes: 1477816. Pages printed: 1. No user action is required."
Information	11/4/2020 19:00	Microsoft-Windows-PrintService	307	Printing a document	"Document 33, Print Document owned by mtaffe01 on \\MESOEL06484 was printed on VLS3.60 through port UCP-1.  Size in bytes: 1109080. Pages printed: 1. No user action is required."
Information	11/4/2020 20:27	Microsoft-Windows-PrintService	307	Printing a document	"Document 34, Print Document owned by mkurzm01 on \\MESOEL06484 was printed on VLS3.60 through port UCP-1.  Size in bytes: 279344. Pages printed: 1. No user action is required."
Information	11/4/2020 20:52	Microsoft-Windows-PrintService	307	Printing a document	"Document 35, Print Document owned by mkurzm01 on \\MESOEL06484 was printed on VLS3.60 through port UCP-1.  Size in bytes: 23216. Pages printed: 1. No user action is required."
Information	11/5/2020 10:09	Microsoft-Windows-PrintService	307	Printing a document	"Document 36, Print Document owned by wwind01 on \\MESOEL06484 was printed on VLS3.60 through port UCP-1.  Size in bytes: 14512. Pages printed: 1. No user action is required."
Information	11/5/2020 12:38	Microsoft-Windows-PrintService	307	Printing a document	"Document 37, Print Document owned by ywu15 on \\MESOEL06484 was printed on VLS3.60 through port UCP-1.  Size in bytes: 40320. Pages printed: 1. No user action is required."
Information	11/5/2020 13:59	Microsoft-Windows-PrintService	307	Printing a document	"Document 38, Print Document owned by ywu15 on \\MESOEL06484 was printed on VLS3.60 through port UCP-1.  Size in bytes: 7552. Pages printed: 1. No user action is required."
Information	11/5/2020 14:59	Microsoft-Windows-PrintService	307	Printing a document	"Document 39, Print Document owned by ywu15 on \\MESOEL06484 was printed on VLS3.60 through port UCP-1.  Size in bytes: 5447104. Pages printed: 1. No user action is required."
Information	11/5/2020 15:03	Microsoft-Windows-PrintService	307	Printing a document	"Document 40, Print Document owned by ywu15 on \\MESOEL06484 was printed on VLS3.60 through port UCP-1.  Size in bytes: 3951328. Pages printed: 1. No user action is required."
Information	11/5/2020 15:04	Microsoft-Windows-PrintService	307	Printing a document	"Document 41, Print Document owned by ywu15 on \\MESOEL06484 was printed on VLS3.60 through port UCP-1.  Size in bytes: 3951328. Pages printed: 1. No user action is required."
Information	11/5/2020 18:09	Microsoft-Windows-PrintService	307	Printing a document	"Document 42, Print Document owned by ywu15 on \\MESOEL06484 was printed on VLS3.60 through port UCP-1.  Size in bytes: 1808. Pages printed: 1. No user action is required."
Information	11/5/2020 19:39	Microsoft-Windows-PrintService	307	Printing a document	"Document 43, Print Document owned by hstein04 on \\MESOEL06484 was printed on VLS3.60 through port UCP-1.  Size in bytes: 18288. Pages printed: 1. No user action is required."
Information	11/5/2020 19:42	Microsoft-Windows-PrintService	307	Printing a document	"Document 44, Print Document owned by hstein04 on \\MESOEL06484 was printed on VLS3.60 through port UCP-1.  Size in bytes: 18288. Pages printed: 1. No user action is required."
Information	11/5/2020 20:54	Microsoft-Windows-PrintService	307	Printing a document	"Document 45, Print Document owned by hstein04 on \\MESOEL06484 was printed on VLS3.60 through port UCP-1.  Size in bytes: 49412. Pages printed: 1. No user action is required."
Information	11/5/2020 21:04	Microsoft-Windows-PrintService	307	Printing a document	"Document 46, Print Document owned by hstein04 on \\MESOEL06484 was printed on VLS3.60 through port UCP-1.  Size in bytes: 49412. Pages printed: 1. No user action is required."
Information	11/5/2020 22:21	Microsoft-Windows-PrintService	307	Printing a document	"Document 47, Print Document owned by hstein04 on \\MESOEL06484 was printed on VLS3.60 through port UCP-1.  Size in bytes: 992. Pages printed: 1. No user action is required."
Information	11/5/2020 22:26	Microsoft-Windows-PrintService	307	Printing a document	"Document 48, Print Document owned by hstein04 on \\MESOEL06484 was printed on VLS3.60 through port UCP-1.  Size in bytes: 2768. Pages printed: 1. No user action is required."
Information	11/5/2020 22:29	Microsoft-Windows-PrintService	307	Printing a document	"Document 49, Print Document owned by hstein04 on \\MESOEL06484 was printed on VLS3.60 through port UCP-1.  Size in bytes: 2768. Pages printed: 1. No user action is required."
Information	11/5/2020 22:33	Microsoft-Windows-PrintService	307	Printing a document	"Document 50, Print Document owned by hstein04 on \\MESOEL06484 was printed on VLS3.60 through port UCP-1.  Size in bytes: 1360. Pages printed: 1. No user action is required."
Information	11/5/2020 22:37	Microsoft-Windows-PrintService	307	Printing a document	"Document 51, Print Document owned by hstein04 on \\MESOEL06484 was printed on VLS3.60 through port UCP-1.  Size in bytes: 5804. Pages printed: 1. No user action is required."
Information	11/5/2020 22:38	Microsoft-Windows-PrintService	307	Printing a document	"Document 52, Print Document owned by hstein04 on \\MESOEL06484 was printed on VLS3.60 through port UCP-1.  Size in bytes: 5804. Pages printed: 1. No user action is required."
Information	11/5/2020 22:49	Microsoft-Windows-PrintService	307	Printing a document	"Document 53, Print Document owned by hstein04 on \\MESOEL06484 was printed on VLS3.60 through port UCP-1.  Size in bytes: 9760. Pages printed: 1. No user action is required."
Information	11/5/2020 22:52	Microsoft-Windows-PrintService	307	Printing a document	"Document 54, Print Document owned by hstein04 on \\MESOEL06484 was printed on VLS3.60 through port UCP-1.  Size in bytes: 9760. Pages printed: 1. No user action is required."
Information	11/5/2020 23:07	Microsoft-Windows-PrintService	307	Printing a document	"Document 55, Print Document owned by hstein04 on \\MESOEL06484 was printed on VLS3.60 through port UCP-1.  Size in bytes: 10520. Pages printed: 1. No user action is required."
Information	11/5/2020 23:09	Microsoft-Windows-PrintService	307	Printing a document	"Document 56, Print Document owned by hstein04 on \\MESOEL06484 was printed on VLS3.60 through port UCP-1.  Size in bytes: 10520. Pages printed: 1. No user action is required."
Information	11/5/2020 23:26	Microsoft-Windows-PrintService	307	Printing a document	"Document 57, Print Document owned by hstein04 on \\MESOEL06484 was printed on VLS3.60 through port UCP-1.  Size in bytes: 4264. Pages printed: 1. No user action is required."
Information	11/5/2020 23:48	Microsoft-Windows-PrintService	307	Printing a document	"Document 58, Print Document owned by hstein04 on \\MESOEL06484 was printed on VLS3.60 through port UCP-1.  Size in bytes: 4440. Pages printed: 1. No user action is required."
Information	11/6/2020 8:54	Microsoft-Windows-PrintService	307	Printing a document	"Document 59, Print Document owned by hstein04 on \\MESOEL06484 was printed on VLS3.60 through port UCP-1.  Size in bytes: 35920. Pages printed: 1. No user action is required."
Information	11/6/2020 9:05	Microsoft-Windows-PrintService	307	Printing a document	"Document 60, Print Document owned by hstein04 on \\MESOEL06484 was printed on VLS3.60 through port UCP-1.  Size in bytes: 4808. Pages printed: 1. No user action is required."
Information	11/6/2020 10:34	Microsoft-Windows-PrintService	307	Printing a document	"Document 61, Print Document owned by hstein04 on \\MESOEL06484 was printed on VLS3.60 through port UCP-1.  Size in bytes: 2624. Pages printed: 1. No user action is required."
Information	11/6/2020 10:36	Microsoft-Windows-PrintService	307	Printing a document	"Document 62, Print Document owned by hstein04 on \\MESOEL06484 was printed on VLS3.60 through port UCP-1.  Size in bytes: 2624. Pages printed: 1. No user action is required."
Information	11/6/2020 10:37	Microsoft-Windows-PrintService	307	Printing a document	"Document 63, Print Document owned by hstein04 on \\MESOEL06484 was printed on VLS3.60 through port UCP-1.  Size in bytes: 2624. Pages printed: 1. No user action is required."
Information	11/6/2020 10:45	Microsoft-Windows-PrintService	307	Printing a document	"Document 64, Print Document owned by hstein04 on \\MESOEL06484 was printed on VLS3.60 through port UCP-1.  Size in bytes: 1512. Pages printed: 1. No user action is required."
Information	11/6/2020 10:51	Microsoft-Windows-PrintService	307	Printing a document	"Document 65, Print Document owned by hstein04 on \\MESOEL06484 was printed on VLS3.60 through port UCP-1.  Size in bytes: 1512. Pages printed: 1. No user action is required."
Information	11/6/2020 10:51	Microsoft-Windows-PrintService	307	Printing a document	"Document 66, Print Document owned by hstein04 on \\MESOEL06484 was printed on VLS3.60 through port UCP-1.  Size in bytes: 1512. Pages printed: 1. No user action is required."
Information	11/6/2020 11:42	Microsoft-Windows-PrintService	307	Printing a document	"Document 67, Print Document owned by hstein04 on \\MESOEL06484 was printed on VLS3.60 through port UCP-1.  Size in bytes: 1013872. Pages printed: 1. No user action is required."
Information	11/6/2020 13:31	Microsoft-Windows-PrintService	307	Printing a document	"Document 68, Print Document owned by hstein04 on \\MESOEL06484 was printed on VLS3.60 through port UCP-1.  Size in bytes: 2037648. Pages printed: 1. No user action is required."
Information	11/6/2020 14:19	Microsoft-Windows-PrintService	307	Printing a document	"Document 69, Print Document owned by hstein04 on \\MESOEL06484 was printed on VLS3.60 through port UCP-1.  Size in bytes: 361776. Pages printed: 1. No user action is required."
Information	11/6/2020 14:21	Microsoft-Windows-PrintService	307	Printing a document	"Document 70, Print Document owned by hstein04 on \\MESOEL06484 was printed on VLS3.60 through port UCP-1.  Size in bytes: 168944. Pages printed: 1. No user action is required."
Information	11/6/2020 15:36	Microsoft-Windows-PrintService	307	Printing a document	"Document 71, Print Document owned by hstein04 on \\MESOEL06484 was printed on VLS3.60 through port UCP-1.  Size in bytes: 14136. Pages printed: 1. No user action is required."
Information	11/6/2020 15:43	Microsoft-Windows-PrintService	307	Printing a document	"Document 72, Print Document owned by hstein04 on \\MESOEL06484 was printed on VLS3.60 through port UCP-1.  Size in bytes: 46872. Pages printed: 1. No user action is required."
Information	11/6/2020 15:46	Microsoft-Windows-PrintService	307	Printing a document	"Document 73, Print Document owned by hstein04 on \\MESOEL06484 was printed on VLS3.60 through port UCP-1.  Size in bytes: 55744. Pages printed: 1. No user action is required."
Information	11/6/2020 19:20	Microsoft-Windows-PrintService	307	Printing a document	"Document 74, Print Document owned by hstein04 on \\MESOEL06484 was printed on VLS3.60 through port UCP-1.  Size in bytes: 1104. Pages printed: 1. No user action is required."
Information	11/6/2020 19:24	Microsoft-Windows-PrintService	307	Printing a document	"Document 75, Print Document owned by hstein04 on \\MESOEL06484 was printed on VLS3.60 through port UCP-1.  Size in bytes: 1104. Pages printed: 1. No user action is required."
Information	11/7/2020 16:19	Microsoft-Windows-PrintService	307	Printing a document	"Document 76, Print Document owned by hstein04 on \\MESOEL06484 was printed on VLS3.60 through port UCP-1.  Size in bytes: 9968. Pages printed: 1. No user action is required."
Information	11/7/2020 16:24	Microsoft-Windows-PrintService	307	Printing a document	"Document 77, Print Document owned by hstein04 on \\MESOEL06484 was printed on VLS3.60 through port UCP-1.  Size in bytes: 12840. Pages printed: 1. No user action is required."
Information	11/7/2020 16:48	Microsoft-Windows-PrintService	307	Printing a document	"Document 78, Print Document owned by hstein04 on \\MESOEL06484 was printed on VLS3.60 through port UCP-1.  Size in bytes: 2227016. Pages printed: 1. No user action is required."
Information	11/7/2020 16:48	Microsoft-Windows-PrintService	307	Printing a document	"Document 79, Print Document owned by hstein04 on \\MESOEL06484 was printed on VLS3.60 through port UCP-1.  Size in bytes: 2227016. Pages printed: 1. No user action is required."
Information	11/7/2020 16:56	Microsoft-Windows-PrintService	307	Printing a document	"Document 80, Print Document owned by hstein04 on \\MESOEL06484 was printed on VLS3.60 through port UCP-1.  Size in bytes: 2221024. Pages printed: 1. No user action is required."
Information	11/7/2020 17:29	Microsoft-Windows-PrintService	307	Printing a document	"Document 81, Print Document owned by hstein04 on \\MESOEL06484 was printed on VLS3.60 through port UCP-1.  Size in bytes: 134444. Pages printed: 1. No user action is required."
Information	11/7/2020 17:31	Microsoft-Windows-PrintService	307	Printing a document	"Document 82, Print Document owned by hstein04 on \\MESOEL06484 was printed on VLS3.60 through port UCP-1.  Size in bytes: 134444. Pages printed: 1. No user action is required."
Information	11/7/2020 17:33	Microsoft-Windows-PrintService	307	Printing a document	"Document 83, Print Document owned by hstein04 on \\MESOEL06484 was printed on VLS3.60 through port UCP-1.  Size in bytes: 134472. Pages printed: 1. No user action is required."
Information	11/7/2020 17:36	Microsoft-Windows-PrintService	307	Printing a document	"Document 84, Print Document owned by hstein04 on \\MESOEL06484 was printed on VLS3.60 through port UCP-1.  Size in bytes: 65636. Pages printed: 1. No user action is required."
Information	11/7/2020 17:37	Microsoft-Windows-PrintService	307	Printing a document	"Document 85, Print Document owned by hstein04 on \\MESOEL06484 was printed on VLS3.60 through port UCP-1.  Size in bytes: 65636. Pages printed: 1. No user action is required."
Information	11/7/2020 17:38	Microsoft-Windows-PrintService	307	Printing a document	"Document 86, Print Document owned by hstein04 on \\MESOEL06484 was printed on VLS3.60 through port UCP-1.  Size in bytes: 65636. Pages printed: 1. No user action is required."
Information	11/7/2020 17:39	Microsoft-Windows-PrintService	307	Printing a document	"Document 87, Print Document owned by hstein04 on \\MESOEL06484 was printed on VLS3.60 through port UCP-1.  Size in bytes: 58896. Pages printed: 1. No user action is required."
Information	11/7/2020 17:48	Microsoft-Windows-PrintService	307	Printing a document	"Document 88, Print Document owned by hstein04 on \\MESOEL06484 was printed on VLS3.60 through port UCP-1.  Size in bytes: 19168. Pages printed: 1. No user action is required."
Information	11/8/2020 12:13	Microsoft-Windows-PrintService	307	Printing a document	"Document 2, Print Document owned by jkanov01 on \\MESOEL06484 was printed on VLS3.60 through port UCP-1.  Size in bytes: 24020. Pages printed: 1. No user action is required."
Information	11/8/2020 12:14	Microsoft-Windows-PrintService	307	Printing a document	"Document 3, Print Document owned by jkanov01 on \\MESOEL06484 was printed on VLS3.60 through port UCP-1.  Size in bytes: 23864. Pages printed: 1. No user action is required."
Information	11/8/2020 12:16	Microsoft-Windows-PrintService	307	Printing a document	"Document 4, Print Document owned by jkanov01 on \\MESOEL06484 was printed on VLS3.60 through port UCP-1.  Size in bytes: 3096. Pages printed: 1. No user action is required."
Information	11/8/2020 12:20	Microsoft-Windows-PrintService	307	Printing a document	"Document 5, Print Document owned by jkanov01 on \\MESOEL06484 was printed on VLS3.60 through port UCP-1.  Size in bytes: 169232. Pages printed: 1. No user action is required."
