Information	10/10/2019 17:20	Microsoft-Windows-PrintService	307	Printing a document	"Document 122, Print Document owned by jkanov01 on \\MESOEL06484 was printed on VLS3.60 through port UCP-1.  Size in bytes: 33900. Pages printed: 1. No user action is required."
Information	10/10/2019 17:33	Microsoft-Windows-PrintService	307	Printing a document	"Document 123, Print Document owned by jkanov01 on \\MESOEL06484 was printed on VLS3.60 through port UCP-1.  Size in bytes: 6192. Pages printed: 1. No user action is required."
Information	10/10/2019 17:51	Microsoft-Windows-PrintService	307	Printing a document	"Document 124, Print Document owned by jkanov01 on \\MESOEL06484 was printed on VLS3.60 through port UCP-1.  Size in bytes: 1136. Pages printed: 1. No user action is required."
Information	10/10/2019 18:04	Microsoft-Windows-PrintService	307	Printing a document	"Document 125, Print Document owned by jkanov01 on \\MESOEL06484 was printed on VLS3.60 through port UCP-1.  Size in bytes: 2112092. Pages printed: 1. No user action is required."
Information	10/10/2019 18:05	Microsoft-Windows-PrintService	307	Printing a document	"Document 126, Print Document owned by jkanov01 on \\MESOEL06484 was printed on VLS3.60 through port UCP-1.  Size in bytes: 2112104. Pages printed: 1. No user action is required."
Information	10/10/2019 18:20	Microsoft-Windows-PrintService	307	Printing a document	"Document 127, Print Document owned by jkanov01 on \\MESOEL06484 was printed on VLS3.60 through port UCP-1.  Size in bytes: 1547956. Pages printed: 1. No user action is required."
Information	10/10/2019 18:24	Microsoft-Windows-PrintService	307	Printing a document	"Document 128, Print Document owned by jkanov01 on \\MESOEL06484 was printed on VLS3.60 through port UCP-1.  Size in bytes: 1547456. Pages printed: 1. No user action is required."
Information	10/10/2019 18:41	Microsoft-Windows-PrintService	307	Printing a document	"Document 129, Print Document owned by jkanov01 on \\MESOEL06484 was printed on VLS3.60 through port UCP-1.  Size in bytes: 3106880. Pages printed: 1. No user action is required."
Information	10/10/2019 19:11	Microsoft-Windows-PrintService	307	Printing a document	"Document 130, Print Document owned by jkanov01 on \\MESOEL06484 was printed on VLS3.60 through port UCP-1.  Size in bytes: 17664. Pages printed: 1. No user action is required."
Information	10/10/2019 19:15	Microsoft-Windows-PrintService	307	Printing a document	"Document 131, Print Document owned by jkanov01 on \\MESOEL06484 was printed on VLS3.60 through port UCP-1.  Size in bytes: 18192. Pages printed: 1. No user action is required."
Information	10/10/2019 22:39	Microsoft-Windows-PrintService	307	Printing a document	"Document 132, Print Document owned by jkanov01 on \\MESOEL06484 was printed on VLS3.60 through port UCP-1.  Size in bytes: 83416. Pages printed: 1. No user action is required."
Information	10/10/2019 22:57	Microsoft-Windows-PrintService	307	Printing a document	"Document 133, Print Document owned by jkanov01 on \\MESOEL06484 was printed on VLS3.60 through port UCP-1.  Size in bytes: 101200. Pages printed: 1. No user action is required."
Information	10/11/2019 11:23	Microsoft-Windows-PrintService	307	Printing a document	"Document 134, Print Document owned by jkanov01 on \\MESOEL06484 was printed on VLS3.60 through port UCP-1.  Size in bytes: 1376. Pages printed: 1. No user action is required."
Information	10/11/2019 11:40	Microsoft-Windows-PrintService	307	Printing a document	"Document 135, Print Document owned by jkanov01 on \\MESOEL06484 was printed on VLS3.60 through port UCP-1.  Size in bytes: 1872. Pages printed: 1. No user action is required."
Information	10/11/2019 12:05	Microsoft-Windows-PrintService	307	Printing a document	"Document 136, Print Document owned by jkanov01 on \\MESOEL06484 was printed on VLS3.60 through port UCP-1.  Size in bytes: 1808. Pages printed: 1. No user action is required."
Information	10/11/2019 12:30	Microsoft-Windows-PrintService	307	Printing a document	"Document 137, Print Document owned by jkanov01 on \\MESOEL06484 was printed on VLS3.60 through port UCP-1.  Size in bytes: 39576. Pages printed: 1. No user action is required."
Information	10/11/2019 12:32	Microsoft-Windows-PrintService	307	Printing a document	"Document 138, Print Document owned by jkanov01 on \\MESOEL06484 was printed on VLS3.60 through port UCP-1.  Size in bytes: 39576. Pages printed: 1. No user action is required."
Information	10/11/2019 12:33	Microsoft-Windows-PrintService	307	Printing a document	"Document 139, Print Document owned by jkanov01 on \\MESOEL06484 was printed on VLS3.60 through port UCP-1.  Size in bytes: 39576. Pages printed: 1. No user action is required."
Information	10/11/2019 12:37	Microsoft-Windows-PrintService	307	Printing a document	"Document 140, Print Document owned by jkanov01 on \\MESOEL06484 was printed on VLS3.60 through port UCP-1.  Size in bytes: 4024. Pages printed: 1. No user action is required."
Information	10/11/2019 12:38	Microsoft-Windows-PrintService	307	Printing a document	"Document 141, Print Document owned by jkanov01 on \\MESOEL06484 was printed on VLS3.60 through port UCP-1.  Size in bytes: 4024. Pages printed: 1. No user action is required."
Information	10/11/2019 12:39	Microsoft-Windows-PrintService	307	Printing a document	"Document 142, Print Document owned by jkanov01 on \\MESOEL06484 was printed on VLS3.60 through port UCP-1.  Size in bytes: 4024. Pages printed: 1. No user action is required."
Information	10/11/2019 13:17	Microsoft-Windows-PrintService	307	Printing a document	"Document 143, Print Document owned by jkanov01 on \\MESOEL06484 was printed on VLS3.60 through port UCP-1.  Size in bytes: 3484. Pages printed: 1. No user action is required."
Information	10/11/2019 14:17	Microsoft-Windows-PrintService	307	Printing a document	"Document 144, Print Document owned by jkanov01 on \\MESOEL06484 was printed on VLS3.60 through port UCP-1.  Size in bytes: 4272. Pages printed: 1. No user action is required."
Information	10/11/2019 15:04	Microsoft-Windows-PrintService	307	Printing a document	"Document 145, Print Document owned by jkanov01 on \\MESOEL06484 was printed on VLS3.60 through port UCP-1.  Size in bytes: 9344. Pages printed: 1. No user action is required."
Information	10/11/2019 15:23	Microsoft-Windows-PrintService	307	Printing a document	"Document 146, Print Document owned by jkanov01 on \\MESOEL06484 was printed on VLS3.60 through port UCP-1.  Size in bytes: 306116. Pages printed: 1. No user action is required."
Information	10/11/2019 15:41	Microsoft-Windows-PrintService	307	Printing a document	"Document 147, Print Document owned by jkanov01 on \\MESOEL06484 was printed on VLS3.60 through port UCP-1.  Size in bytes: 6405188. Pages printed: 1. No user action is required."
Information	10/11/2019 16:17	Microsoft-Windows-PrintService	307	Printing a document	"Document 148, Print Document owned by jkanov01 on \\MESOEL06484 was printed on VLS3.60 through port UCP-1.  Size in bytes: 6384. Pages printed: 1. No user action is required."
Information	10/11/2019 16:21	Microsoft-Windows-PrintService	307	Printing a document	"Document 149, Print Document owned by jkanov01 on \\MESOEL06484 was printed on VLS3.60 through port UCP-1.  Size in bytes: 6384. Pages printed: 1. No user action is required."
Information	10/11/2019 16:22	Microsoft-Windows-PrintService	307	Printing a document	"Document 150, Print Document owned by jkanov01 on \\MESOEL06484 was printed on VLS3.60 through port UCP-1.  Size in bytes: 6032. Pages printed: 1. No user action is required."
Information	10/11/2019 16:30	Microsoft-Windows-PrintService	307	Printing a document	"Document 151, Print Document owned by jkanov01 on \\MESOEL06484 was printed on VLS3.60 through port UCP-1.  Size in bytes: 11464. Pages printed: 1. No user action is required."
Information	10/11/2019 16:31	Microsoft-Windows-PrintService	307	Printing a document	"Document 152, Print Document owned by jkanov01 on \\MESOEL06484 was printed on VLS3.60 through port UCP-1.  Size in bytes: 11464. Pages printed: 1. No user action is required."
Information	10/11/2019 16:31	Microsoft-Windows-PrintService	307	Printing a document	"Document 153, Print Document owned by jkanov01 on \\MESOEL06484 was printed on VLS3.60 through port UCP-1.  Size in bytes: 11464. Pages printed: 1. No user action is required."
Information	10/11/2019 16:31	Microsoft-Windows-PrintService	307	Printing a document	"Document 154, Print Document owned by jkanov01 on \\MESOEL06484 was printed on VLS3.60 through port UCP-1.  Size in bytes: 11464. Pages printed: 1. No user action is required."
Information	10/11/2019 16:32	Microsoft-Windows-PrintService	307	Printing a document	"Document 155, Print Document owned by jkanov01 on \\MESOEL06484 was printed on VLS3.60 through port UCP-1.  Size in bytes: 11464. Pages printed: 1. No user action is required."
Information	10/11/2019 16:32	Microsoft-Windows-PrintService	307	Printing a document	"Document 156, Print Document owned by jkanov01 on \\MESOEL06484 was printed on VLS3.60 through port UCP-1.  Size in bytes: 11464. Pages printed: 1. No user action is required."
Information	10/11/2019 16:42	Microsoft-Windows-PrintService	307	Printing a document	"Document 157, Print Document owned by jkanov01 on \\MESOEL06484 was printed on VLS3.60 through port UCP-1.  Size in bytes: 19536. Pages printed: 1. No user action is required."
Information	10/11/2019 16:45	Microsoft-Windows-PrintService	307	Printing a document	"Document 158, Print Document owned by jkanov01 on \\MESOEL06484 was printed on VLS3.60 through port UCP-1.  Size in bytes: 19536. Pages printed: 1. No user action is required."
Information	10/11/2019 16:47	Microsoft-Windows-PrintService	307	Printing a document	"Document 159, Print Document owned by jkanov01 on \\MESOEL06484 was printed on VLS3.60 through port UCP-1.  Size in bytes: 3344. Pages printed: 1. No user action is required."
Information	10/11/2019 16:54	Microsoft-Windows-PrintService	307	Printing a document	"Document 160, Print Document owned by jkanov01 on \\MESOEL06484 was printed on VLS3.60 through port UCP-1.  Size in bytes: 11664. Pages printed: 1. No user action is required."
Information	10/11/2019 16:58	Microsoft-Windows-PrintService	307	Printing a document	"Document 161, Print Document owned by jkanov01 on \\MESOEL06484 was printed on VLS3.60 through port UCP-1.  Size in bytes: 6032. Pages printed: 1. No user action is required."
Information	10/11/2019 16:59	Microsoft-Windows-PrintService	307	Printing a document	"Document 162, Print Document owned by jkanov01 on \\MESOEL06484 was printed on VLS3.60 through port UCP-1.  Size in bytes: 6032. Pages printed: 1. No user action is required."
Information	10/11/2019 17:10	Microsoft-Windows-PrintService	307	Printing a document	"Document 163, Print Document owned by jkanov01 on \\MESOEL06484 was printed on VLS3.60 through port UCP-1.  Size in bytes: 7636. Pages printed: 1. No user action is required."
Information	10/11/2019 17:12	Microsoft-Windows-PrintService	307	Printing a document	"Document 164, Print Document owned by jkanov01 on \\MESOEL06484 was printed on VLS3.60 through port UCP-1.  Size in bytes: 5904. Pages printed: 1. No user action is required."
Information	10/11/2019 17:13	Microsoft-Windows-PrintService	307	Printing a document	"Document 165, Print Document owned by jkanov01 on \\MESOEL06484 was printed on VLS3.60 through port UCP-1.  Size in bytes: 6016. Pages printed: 1. No user action is required."
Information	10/11/2019 17:13	Microsoft-Windows-PrintService	307	Printing a document	"Document 166, Print Document owned by jkanov01 on \\MESOEL06484 was printed on VLS3.60 through port UCP-1.  Size in bytes: 3724. Pages printed: 1. No user action is required."
Information	10/11/2019 17:13	Microsoft-Windows-PrintService	307	Printing a document	"Document 167, Print Document owned by jkanov01 on \\MESOEL06484 was printed on VLS3.60 through port UCP-1.  Size in bytes: 3568. Pages printed: 1. No user action is required."
Information	10/11/2019 17:20	Microsoft-Windows-PrintService	307	Printing a document	"Document 168, Print Document owned by jkanov01 on \\MESOEL06484 was printed on VLS3.60 through port UCP-1.  Size in bytes: 2416. Pages printed: 1. No user action is required."
Information	10/11/2019 17:25	Microsoft-Windows-PrintService	307	Printing a document	"Document 169, Print Document owned by jkanov01 on \\MESOEL06484 was printed on VLS3.60 through port UCP-1.  Size in bytes: 1552. Pages printed: 1. No user action is required."
Information	10/12/2019 10:48	Microsoft-Windows-PrintService	307	Printing a document	"Document 2, Print Document owned by dbekai01 on \\MESOEL06484 was printed on VLS3.60 through port UCP-1.  Size in bytes: 400. Pages printed: 1. No user action is required."
Information	10/12/2019 10:48	Microsoft-Windows-PrintService	307	Printing a document	"Document 3, Print Document owned by dbekai01 on \\MESOEL06484 was printed on VLS3.60 through port UCP-1.  Size in bytes: 400. Pages printed: 1. No user action is required."
Information	10/12/2019 10:48	Microsoft-Windows-PrintService	307	Printing a document	"Document 4, Print Document owned by dbekai01 on \\MESOEL06484 was printed on VLS3.60 through port UCP-1.  Size in bytes: 784. Pages printed: 1. No user action is required."
Information	10/12/2019 12:06	Microsoft-Windows-PrintService	307	Printing a document	"Document 5, Print Document owned by dbekai01 on \\MESOEL06484 was printed on VLS3.60 through port UCP-1.  Size in bytes: 2064. Pages printed: 1. No user action is required."
Information	10/12/2019 13:25	Microsoft-Windows-PrintService	307	Printing a document	"Document 6, Print Document owned by dbekai01 on \\MESOEL06484 was printed on VLS3.60 through port UCP-1.  Size in bytes: 6000. Pages printed: 2. No user action is required."
Information	10/12/2019 14:08	Microsoft-Windows-PrintService	307	Printing a document	"Document 7, Print Document owned by dbekai01 on \\MESOEL06484 was printed on VLS3.60 through port UCP-1.  Size in bytes: 160520. Pages printed: 1. No user action is required."
Information	10/12/2019 15:22	Microsoft-Windows-PrintService	307	Printing a document	"Document 8, Print Document owned by dbekai01 on \\MESOEL06484 was printed on VLS3.60 through port UCP-1.  Size in bytes: 9878180. Pages printed: 1. No user action is required."
Information	10/12/2019 15:25	Microsoft-Windows-PrintService	307	Printing a document	"Document 9, Print Document owned by dbekai01 on \\MESOEL06484 was printed on VLS3.60 through port UCP-1.  Size in bytes: 8889124. Pages printed: 1. No user action is required."
Information	10/12/2019 16:25	Microsoft-Windows-PrintService	307	Printing a document	"Document 10, Print Document owned by dbekai01 on \\MESOEL06484 was printed on VLS3.60 through port UCP-1.  Size in bytes: 7694524. Pages printed: 1. No user action is required."
Information	10/12/2019 17:25	Microsoft-Windows-PrintService	307	Printing a document	"Document 11, Print Document owned by dbekai01 on \\MESOEL06484 was printed on VLS3.60 through port UCP-1.  Size in bytes: 752. Pages printed: 1. No user action is required."
Information	10/12/2019 17:34	Microsoft-Windows-PrintService	307	Printing a document	"Document 12, Print Document owned by dbekai01 on \\MESOEL06484 was printed on VLS3.60 through port UCP-1.  Size in bytes: 509528. Pages printed: 1. No user action is required."
Information	10/12/2019 18:11	Microsoft-Windows-PrintService	307	Printing a document	"Document 13, Print Document owned by dbekai01 on \\MESOEL06484 was printed on VLS3.60 through port UCP-1.  Size in bytes: 752. Pages printed: 1. No user action is required."
Information	10/12/2019 18:13	Microsoft-Windows-PrintService	307	Printing a document	"Document 14, Print Document owned by dbekai01 on \\MESOEL06484 was printed on VLS3.60 through port UCP-1.  Size in bytes: 752. Pages printed: 1. No user action is required."
Information	10/12/2019 18:36	Microsoft-Windows-PrintService	307	Printing a document	"Document 15, Print Document owned by dbekai01 on \\MESOEL06484 was printed on VLS3.60 through port UCP-1.  Size in bytes: 22352. Pages printed: 1. No user action is required."
Information	10/12/2019 18:38	Microsoft-Windows-PrintService	307	Printing a document	"Document 16, Print Document owned by dbekai01 on \\MESOEL06484 was printed on VLS3.60 through port UCP-1.  Size in bytes: 34624. Pages printed: 1. No user action is required."
Information	10/12/2019 18:39	Microsoft-Windows-PrintService	307	Printing a document	"Document 17, Print Document owned by dbekai01 on \\MESOEL06484 was printed on VLS3.60 through port UCP-1.  Size in bytes: 46896. Pages printed: 1. No user action is required."
Information	10/12/2019 18:58	Microsoft-Windows-PrintService	307	Printing a document	"Document 18, Print Document owned by dbekai01 on \\MESOEL06484 was printed on VLS3.60 through port UCP-1.  Size in bytes: 21864. Pages printed: 1. No user action is required."
Information	10/12/2019 19:00	Microsoft-Windows-PrintService	307	Printing a document	"Document 19, Print Document owned by dbekai01 on \\MESOEL06484 was printed on VLS3.60 through port UCP-1.  Size in bytes: 21864. Pages printed: 1. No user action is required."
Information	10/12/2019 19:16	Microsoft-Windows-PrintService	307	Printing a document	"Document 20, Print Document owned by dbekai01 on \\MESOEL06484 was printed on VLS3.60 through port UCP-1.  Size in bytes: 3124. Pages printed: 2. No user action is required."
Information	10/12/2019 19:19	Microsoft-Windows-PrintService	307	Printing a document	"Document 21, Print Document owned by dbekai01 on \\MESOEL06484 was printed on VLS3.60 through port UCP-1.  Size in bytes: 3124. Pages printed: 2. No user action is required."
Information	10/12/2019 19:19	Microsoft-Windows-PrintService	307	Printing a document	"Document 22, Print Document owned by dbekai01 on \\MESOEL06484 was printed on VLS3.60 through port UCP-1.  Size in bytes: 3124. Pages printed: 2. No user action is required."
Information	10/12/2019 20:01	Microsoft-Windows-PrintService	307	Printing a document	"Document 23, Print Document owned by dbekai01 on \\MESOEL06484 was printed on VLS3.60 through port UCP-1.  Size in bytes: 26992. Pages printed: 1. No user action is required."
Information	10/12/2019 20:08	Microsoft-Windows-PrintService	307	Printing a document	"Document 24, Print Document owned by dbekai01 on \\MESOEL06484 was printed on VLS3.60 through port UCP-1.  Size in bytes: 26992. Pages printed: 1. No user action is required."
Information	10/12/2019 20:12	Microsoft-Windows-PrintService	307	Printing a document	"Document 25, Print Document owned by dbekai01 on \\MESOEL06484 was printed on VLS3.60 through port UCP-1.  Size in bytes: 26992. Pages printed: 1. No user action is required."
Information	10/12/2019 20:21	Microsoft-Windows-PrintService	307	Printing a document	"Document 26, Print Document owned by dbekai01 on \\MESOEL06484 was printed on VLS3.60 through port UCP-1.  Size in bytes: 6484. Pages printed: 1. No user action is required."
Information	10/13/2019 11:19	Microsoft-Windows-PrintService	307	Printing a document	"Document 27, Print Document owned by dbekai01 on \\MESOEL06484 was printed on VLS3.60 through port UCP-1.  Size in bytes: 1872. Pages printed: 1. No user action is required."
Information	10/13/2019 12:53	Microsoft-Windows-PrintService	307	Printing a document	"Document 28, Print Document owned by dbekai01 on \\MESOEL06484 was printed on VLS3.60 through port UCP-1.  Size in bytes: 455064. Pages printed: 1. No user action is required."
Information	10/13/2019 15:06	Microsoft-Windows-PrintService	307	Printing a document	"Document 29, Print Document owned by dbekai01 on \\MESOEL06484 was printed on VLS3.60 through port UCP-1.  Size in bytes: 5424. Pages printed: 1. No user action is required."
Information	10/13/2019 15:07	Microsoft-Windows-PrintService	307	Printing a document	"Document 30, Print Document owned by dbekai01 on \\MESOEL06484 was printed on VLS3.60 through port UCP-1.  Size in bytes: 5424. Pages printed: 1. No user action is required."
Information	10/13/2019 15:09	Microsoft-Windows-PrintService	307	Printing a document	"Document 31, Print Document owned by dbekai01 on \\MESOEL06484 was printed on VLS3.60 through port UCP-1.  Size in bytes: 5424. Pages printed: 1. No user action is required."
Information	10/13/2019 15:10	Microsoft-Windows-PrintService	307	Printing a document	"Document 32, Print Document owned by dbekai01 on \\MESOEL06484 was printed on VLS3.60 through port UCP-1.  Size in bytes: 5424. Pages printed: 1. No user action is required."
Information	10/13/2019 15:18	Microsoft-Windows-PrintService	307	Printing a document	"Document 33, Print Document owned by dbekai01 on \\MESOEL06484 was printed on VLS3.60 through port UCP-1.  Size in bytes: 4224. Pages printed: 1. No user action is required."
Information	10/13/2019 15:30	Microsoft-Windows-PrintService	307	Printing a document	"Document 34, Print Document owned by dbekai01 on \\MESOEL06484 was printed on VLS3.60 through port UCP-1.  Size in bytes: 7944. Pages printed: 1. No user action is required."
Information	10/13/2019 15:30	Microsoft-Windows-PrintService	307	Printing a document	"Document 35, Print Document owned by dbekai01 on \\MESOEL06484 was printed on VLS3.60 through port UCP-1.  Size in bytes: 7944. Pages printed: 1. No user action is required."
Information	10/13/2019 16:59	Microsoft-Windows-PrintService	307	Printing a document	"Document 36, Print Document owned by dbekai01 on \\MESOEL06484 was printed on VLS3.60 through port UCP-1.  Size in bytes: 41316. Pages printed: 1. No user action is required."
Information	10/13/2019 16:59	Microsoft-Windows-PrintService	307	Printing a document	"Document 37, Print Document owned by dbekai01 on \\MESOEL06484 was printed on VLS3.60 through port UCP-1.  Size in bytes: 41752. Pages printed: 1. No user action is required."
Information	10/13/2019 17:00	Microsoft-Windows-PrintService	307	Printing a document	"Document 38, Print Document owned by dbekai01 on \\MESOEL06484 was printed on VLS3.60 through port UCP-1.  Size in bytes: 41752. Pages printed: 1. No user action is required."
Information	10/13/2019 17:00	Microsoft-Windows-PrintService	307	Printing a document	"Document 39, Print Document owned by dbekai01 on \\MESOEL06484 was printed on VLS3.60 through port UCP-1.  Size in bytes: 41752. Pages printed: 1. No user action is required."
Information	10/13/2019 17:01	Microsoft-Windows-PrintService	307	Printing a document	"Document 40, Print Document owned by dbekai01 on \\MESOEL06484 was printed on VLS3.60 through port UCP-1.  Size in bytes: 76776. Pages printed: 1. No user action is required."
Information	10/13/2019 17:02	Microsoft-Windows-PrintService	307	Printing a document	"Document 41, Print Document owned by dbekai01 on \\MESOEL06484 was printed on VLS3.60 through port UCP-1.  Size in bytes: 77572. Pages printed: 1. No user action is required."
Information	10/13/2019 17:55	Microsoft-Windows-PrintService	307	Printing a document	"Document 42, Print Document owned by dbekai01 on \\MESOEL06484 was printed on VLS3.60 through port UCP-1.  Size in bytes: 6288. Pages printed: 1. No user action is required."
Information	10/13/2019 18:15	Microsoft-Windows-PrintService	307	Printing a document	"Document 43, Print Document owned by dbekai01 on \\MESOEL06484 was printed on VLS3.60 through port UCP-1.  Size in bytes: 656. Pages printed: 1. No user action is required."
Information	10/13/2019 19:47	Microsoft-Windows-PrintService	307	Printing a document	"Document 44, Print Document owned by dbekai01 on \\MESOEL06484 was printed on VLS3.60 through port UCP-1.  Size in bytes: 3472. Pages printed: 1. No user action is required."
Information	10/13/2019 21:24	Microsoft-Windows-PrintService	307	Printing a document	"Document 45, Print Document owned by dbekai01 on \\MESOEL06484 was printed on VLS3.60 through port UCP-1.  Size in bytes: 166360. Pages printed: 1. No user action is required."
Information	10/13/2019 21:34	Microsoft-Windows-PrintService	307	Printing a document	"Document 46, Print Document owned by dbekai01 on \\MESOEL06484 was printed on VLS3.60 through port UCP-1.  Size in bytes: 166360. Pages printed: 1. No user action is required."
Information	10/13/2019 21:41	Microsoft-Windows-PrintService	307	Printing a document	"Document 47, Print Document owned by dbekai01 on \\MESOEL06484 was printed on VLS3.60 through port UCP-1.  Size in bytes: 166360. Pages printed: 1. No user action is required."
Information	10/13/2019 21:48	Microsoft-Windows-PrintService	307	Printing a document	"Document 48, Print Document owned by dbekai01 on \\MESOEL06484 was printed on VLS3.60 through port UCP-1.  Size in bytes: 816. Pages printed: 1. No user action is required."
Information	10/14/2019 10:48	Microsoft-Windows-PrintService	307	Printing a document	"Document 49, Print Document owned by ywu15 on \\MESOEL06484 was printed on VLS3.60 through port UCP-1.  Size in bytes: 1272. Pages printed: 1. No user action is required."
Information	10/14/2019 10:50	Microsoft-Windows-PrintService	307	Printing a document	"Document 50, Print Document owned by ywu15 on \\MESOEL06484 was printed on VLS3.60 through port UCP-1.  Size in bytes: 1528. Pages printed: 1. No user action is required."
Information	10/14/2019 10:56	Microsoft-Windows-PrintService	307	Printing a document	"Document 51, Print Document owned by ywu15 on \\MESOEL06484 was printed on VLS3.60 through port UCP-1.  Size in bytes: 1528. Pages printed: 1. No user action is required."
Information	10/14/2019 11:03	Microsoft-Windows-PrintService	307	Printing a document	"Document 52, Print Document owned by ywu15 on \\MESOEL06484 was printed on VLS3.60 through port UCP-1.  Size in bytes: 1528. Pages printed: 1. No user action is required."
Information	10/14/2019 11:41	Microsoft-Windows-PrintService	307	Printing a document	"Document 53, Print Document owned by ywu15 on \\MESOEL06484 was printed on VLS3.60 through port UCP-1.  Size in bytes: 1756. Pages printed: 1. No user action is required."
Information	10/14/2019 11:49	Microsoft-Windows-PrintService	307	Printing a document	"Document 54, Print Document owned by ywu15 on \\MESOEL06484 was printed on VLS3.60 through port UCP-1.  Size in bytes: 1756. Pages printed: 1. No user action is required."
Information	10/14/2019 11:52	Microsoft-Windows-PrintService	307	Printing a document	"Document 55, Print Document owned by ywu15 on \\MESOEL06484 was printed on VLS3.60 through port UCP-1.  Size in bytes: 1756. Pages printed: 1. No user action is required."
Information	10/14/2019 11:57	Microsoft-Windows-PrintService	307	Printing a document	"Document 56, Print Document owned by ywu15 on \\MESOEL06484 was printed on VLS3.60 through port UCP-1.  Size in bytes: 1756. Pages printed: 1. No user action is required."
Information	10/14/2019 12:03	Microsoft-Windows-PrintService	307	Printing a document	"Document 57, Print Document owned by ywu15 on \\MESOEL06484 was printed on VLS3.60 through port UCP-1.  Size in bytes: 1696. Pages printed: 1. No user action is required."
Information	10/14/2019 12:13	Microsoft-Windows-PrintService	307	Printing a document	"Document 58, Print Document owned by ywu15 on \\MESOEL06484 was printed on VLS3.60 through port UCP-1.  Size in bytes: 1568. Pages printed: 1. No user action is required."
Information	10/14/2019 12:13	Microsoft-Windows-PrintService	307	Printing a document	"Document 59, Print Document owned by ywu15 on \\MESOEL06484 was printed on VLS3.60 through port UCP-1.  Size in bytes: 1568. Pages printed: 1. No user action is required."
Information	10/14/2019 12:40	Microsoft-Windows-PrintService	307	Printing a document	"Document 60, Print Document owned by ywu15 on \\MESOEL06484 was printed on VLS3.60 through port UCP-1.  Size in bytes: 2544. Pages printed: 1. No user action is required."
Information	10/14/2019 12:44	Microsoft-Windows-PrintService	307	Printing a document	"Document 61, Print Document owned by ywu15 on \\MESOEL06484 was printed on VLS3.60 through port UCP-1.  Size in bytes: 2544. Pages printed: 1. No user action is required."
Information	10/14/2019 12:46	Microsoft-Windows-PrintService	307	Printing a document	"Document 62, Print Document owned by ywu15 on \\MESOEL06484 was printed on VLS3.60 through port UCP-1.  Size in bytes: 2544. Pages printed: 1. No user action is required."
Information	10/14/2019 12:56	Microsoft-Windows-PrintService	307	Printing a document	"Document 63, Print Document owned by ywu15 on \\MESOEL06484 was printed on VLS3.60 through port UCP-1.  Size in bytes: 2544. Pages printed: 1. No user action is required."
Information	10/14/2019 13:00	Microsoft-Windows-PrintService	307	Printing a document	"Document 64, Print Document owned by ywu15 on \\MESOEL06484 was printed on VLS3.60 through port UCP-1.  Size in bytes: 2544. Pages printed: 1. No user action is required."
Information	10/14/2019 13:06	Microsoft-Windows-PrintService	307	Printing a document	"Document 65, Print Document owned by ywu15 on \\MESOEL06484 was printed on VLS3.60 through port UCP-1.  Size in bytes: 4620. Pages printed: 1. No user action is required."
Information	10/14/2019 13:11	Microsoft-Windows-PrintService	307	Printing a document	"Document 66, Print Document owned by ywu15 on \\MESOEL06484 was printed on VLS3.60 through port UCP-1.  Size in bytes: 6400. Pages printed: 1. No user action is required."
Information	10/14/2019 13:15	Microsoft-Windows-PrintService	307	Printing a document	"Document 67, Print Document owned by ywu15 on \\MESOEL06484 was printed on VLS3.60 through port UCP-1.  Size in bytes: 7144. Pages printed: 1. No user action is required."
Information	10/14/2019 13:18	Microsoft-Windows-PrintService	307	Printing a document	"Document 68, Print Document owned by ywu15 on \\MESOEL06484 was printed on VLS3.60 through port UCP-1.  Size in bytes: 7144. Pages printed: 1. No user action is required."
Information	10/14/2019 13:28	Microsoft-Windows-PrintService	307	Printing a document	"Document 69, Print Document owned by ywu15 on \\MESOEL06484 was printed on VLS3.60 through port UCP-1.  Size in bytes: 30624. Pages printed: 1. No user action is required."
Information	10/14/2019 13:32	Microsoft-Windows-PrintService	307	Printing a document	"Document 70, Print Document owned by ywu15 on \\MESOEL06484 was printed on VLS3.60 through port UCP-1.  Size in bytes: 30624. Pages printed: 1. No user action is required."
Information	10/14/2019 13:32	Microsoft-Windows-PrintService	307	Printing a document	"Document 71, Print Document owned by ywu15 on \\MESOEL06484 was printed on VLS3.60 through port UCP-1.  Size in bytes: 30624. Pages printed: 1. No user action is required."
Information	10/14/2019 13:33	Microsoft-Windows-PrintService	307	Printing a document	"Document 72, Print Document owned by ywu15 on \\MESOEL06484 was printed on VLS3.60 through port UCP-1.  Size in bytes: 1312. Pages printed: 1. No user action is required."
Information	10/14/2019 13:36	Microsoft-Windows-PrintService	307	Printing a document	"Document 73, Print Document owned by ywu15 on \\MESOEL06484 was printed on VLS3.60 through port UCP-1.  Size in bytes: 1272. Pages printed: 1. No user action is required."
Information	10/14/2019 13:36	Microsoft-Windows-PrintService	307	Printing a document	"Document 74, Print Document owned by ywu15 on \\MESOEL06484 was printed on VLS3.60 through port UCP-1.  Size in bytes: 2544. Pages printed: 1. No user action is required."
Information	10/14/2019 13:36	Microsoft-Windows-PrintService	307	Printing a document	"Document 75, Print Document owned by ywu15 on \\MESOEL06484 was printed on VLS3.60 through port UCP-1.  Size in bytes: 2544. Pages printed: 1. No user action is required."
Information	10/14/2019 13:38	Microsoft-Windows-PrintService	307	Printing a document	"Document 76, Print Document owned by ywu15 on \\MESOEL06484 was printed on VLS3.60 through port UCP-1.  Size in bytes: 2048. Pages printed: 1. No user action is required."
Information	10/14/2019 13:39	Microsoft-Windows-PrintService	307	Printing a document	"Document 77, Print Document owned by ywu15 on \\MESOEL06484 was printed on VLS3.60 through port UCP-1.  Size in bytes: 2288. Pages printed: 1. No user action is required."
Information	10/14/2019 13:41	Microsoft-Windows-PrintService	307	Printing a document	"Document 78, Print Document owned by ywu15 on \\MESOEL06484 was printed on VLS3.60 through port UCP-1.  Size in bytes: 6924. Pages printed: 1. No user action is required."
Information	10/14/2019 13:42	Microsoft-Windows-PrintService	307	Printing a document	"Document 79, Print Document owned by ywu15 on \\MESOEL06484 was printed on VLS3.60 through port UCP-1.  Size in bytes: 4444. Pages printed: 1. No user action is required."
Information	10/14/2019 13:42	Microsoft-Windows-PrintService	307	Printing a document	"Document 80, Print Document owned by ywu15 on \\MESOEL06484 was printed on VLS3.60 through port UCP-1.  Size in bytes: 4444. Pages printed: 1. No user action is required."
Information	10/14/2019 13:43	Microsoft-Windows-PrintService	307	Printing a document	"Document 81, Print Document owned by ywu15 on \\MESOEL06484 was printed on VLS3.60 through port UCP-1.  Size in bytes: 1576. Pages printed: 1. No user action is required."
Information	10/14/2019 13:54	Microsoft-Windows-PrintService	307	Printing a document	"Document 82, Print Document owned by ywu15 on \\MESOEL06484 was printed on VLS3.60 through port UCP-1.  Size in bytes: 1456. Pages printed: 1. No user action is required."
Information	10/14/2019 14:18	Microsoft-Windows-PrintService	307	Printing a document	"Document 83, Print Document owned by ywu15 on \\MESOEL06484 was printed on VLS3.60 through port UCP-1.  Size in bytes: 6736. Pages printed: 1. No user action is required."
Information	10/14/2019 14:19	Microsoft-Windows-PrintService	307	Printing a document	"Document 84, Print Document owned by ywu15 on \\MESOEL06484 was printed on VLS3.60 through port UCP-1.  Size in bytes: 7572. Pages printed: 1. No user action is required."
Information	10/14/2019 14:39	Microsoft-Windows-PrintService	307	Printing a document	"Document 85, Print Document owned by ywu15 on \\MESOEL06484 was printed on VLS3.60 through port UCP-1.  Size in bytes: 47552. Pages printed: 1. No user action is required."
Information	10/14/2019 14:40	Microsoft-Windows-PrintService	307	Printing a document	"Document 86, Print Document owned by ywu15 on \\MESOEL06484 was printed on VLS3.60 through port UCP-1.  Size in bytes: 1456. Pages printed: 1. No user action is required."
Information	10/14/2019 14:54	Microsoft-Windows-PrintService	307	Printing a document	"Document 87, Print Document owned by ywu15 on \\MESOEL06484 was printed on VLS3.60 through port UCP-1.  Size in bytes: 5600. Pages printed: 2. No user action is required."
Information	10/14/2019 14:55	Microsoft-Windows-PrintService	307	Printing a document	"Document 88, Print Document owned by ywu15 on \\MESOEL06484 was printed on VLS3.60 through port UCP-1.  Size in bytes: 5600. Pages printed: 2. No user action is required."
Information	10/14/2019 14:55	Microsoft-Windows-PrintService	307	Printing a document	"Document 89, Print Document owned by ywu15 on \\MESOEL06484 was printed on VLS3.60 through port UCP-1.  Size in bytes: 5600. Pages printed: 2. No user action is required."
Information	10/14/2019 14:56	Microsoft-Windows-PrintService	307	Printing a document	"Document 90, Print Document owned by ywu15 on \\MESOEL06484 was printed on VLS3.60 through port UCP-1.  Size in bytes: 5072. Pages printed: 1. No user action is required."
Information	10/14/2019 15:57	Microsoft-Windows-PrintService	307	Printing a document	"Document 91, Print Document owned by ywu15 on \\MESOEL06484 was printed on VLS3.60 through port UCP-1.  Size in bytes: 5472. Pages printed: 1. No user action is required."
Information	10/14/2019 16:00	Microsoft-Windows-PrintService	307	Printing a document	"Document 92, Print Document owned by ywu15 on \\MESOEL06484 was printed on VLS3.60 through port UCP-1.  Size in bytes: 5472. Pages printed: 1. No user action is required."
Information	10/14/2019 17:01	Microsoft-Windows-PrintService	307	Printing a document	"Document 93, Print Document owned by ywu15 on \\MESOEL06484 was printed on VLS3.60 through port UCP-1.  Size in bytes: 1264. Pages printed: 1. No user action is required."
Information	10/14/2019 17:24	Microsoft-Windows-PrintService	307	Printing a document	"Document 94, Print Document owned by ywu15 on \\MESOEL06484 was printed on VLS3.60 through port UCP-1.  Size in bytes: 1264. Pages printed: 1. No user action is required."
Information	10/14/2019 17:52	Microsoft-Windows-PrintService	307	Printing a document	"Document 95, Print Document owned by ywu15 on \\MESOEL06484 was printed on VLS3.60 through port UCP-1.  Size in bytes: 3120. Pages printed: 1. No user action is required."
Information	10/14/2019 18:35	Microsoft-Windows-PrintService	307	Printing a document	"Document 96, Print Document owned by ywu15 on \\MESOEL06484 was printed on VLS3.60 through port UCP-1.  Size in bytes: 50624. Pages printed: 1. No user action is required."
Information	10/14/2019 19:30	Microsoft-Windows-PrintService	307	Printing a document	"Document 97, Print Document owned by ywu15 on \\MESOEL06484 was printed on VLS3.60 through port UCP-1.  Size in bytes: 105040. Pages printed: 1. No user action is required."
Information	10/14/2019 19:30	Microsoft-Windows-PrintService	307	Printing a document	"Document 98, Print Document owned by ywu15 on \\MESOEL06484 was printed on VLS3.60 through port UCP-1.  Size in bytes: 105040. Pages printed: 1. No user action is required."
Information	10/14/2019 19:31	Microsoft-Windows-PrintService	307	Printing a document	"Document 99, Print Document owned by ywu15 on \\MESOEL06484 was printed on VLS3.60 through port UCP-1.  Size in bytes: 105040. Pages printed: 1. No user action is required."
Information	10/14/2019 19:33	Microsoft-Windows-PrintService	307	Printing a document	"Document 100, Print Document owned by ywu15 on \\MESOEL06484 was printed on VLS3.60 through port UCP-1.  Size in bytes: 105040. Pages printed: 1. No user action is required."
Information	10/14/2019 20:23	Microsoft-Windows-PrintService	307	Printing a document	"Document 101, Print Document owned by ywu15 on \\MESOEL06484 was printed on VLS3.60 through port UCP-1.  Size in bytes: 2960. Pages printed: 1. No user action is required."
Information	10/14/2019 21:07	Microsoft-Windows-PrintService	307	Printing a document	"Document 102, Print Document owned by ywu15 on \\MESOEL06484 was printed on VLS3.60 through port UCP-1.  Size in bytes: 105040. Pages printed: 1. No user action is required."
Information	10/14/2019 21:25	Microsoft-Windows-PrintService	307	Printing a document	"Document 103, Print Document owned by ywu15 on \\MESOEL06484 was printed on VLS3.60 through port UCP-1.  Size in bytes: 6484. Pages printed: 1. No user action is required."
Information	10/15/2019 1:19	Microsoft-Windows-PrintService	307	Printing a document	"Document 104, Print Document owned by ywu15 on \\MESOEL06484 was printed on VLS3.60 through port UCP-1.  Size in bytes: 6544. Pages printed: 1. No user action is required."
Information	10/15/2019 1:22	Microsoft-Windows-PrintService	307	Printing a document	"Document 105, Print Document owned by ywu15 on \\MESOEL06484 was printed on VLS3.60 through port UCP-1.  Size in bytes: 6544. Pages printed: 1. No user action is required."
Information	10/15/2019 1:22	Microsoft-Windows-PrintService	307	Printing a document	"Document 106, Print Document owned by ywu15 on \\MESOEL06484 was printed on VLS3.60 through port UCP-1.  Size in bytes: 6544. Pages printed: 1. No user action is required."
Information	10/15/2019 1:26	Microsoft-Windows-PrintService	307	Printing a document	"Document 107, Print Document owned by ywu15 on \\MESOEL06484 was printed on VLS3.60 through port UCP-1.  Size in bytes: 4112. Pages printed: 1. No user action is required."
Information	10/15/2019 1:32	Microsoft-Windows-PrintService	307	Printing a document	"Document 108, Print Document owned by ywu15 on \\MESOEL06484 was printed on VLS3.60 through port UCP-1.  Size in bytes: 3528. Pages printed: 1. No user action is required."
Information	10/15/2019 1:34	Microsoft-Windows-PrintService	307	Printing a document	"Document 109, Print Document owned by ywu15 on \\MESOEL06484 was printed on VLS3.60 through port UCP-1.  Size in bytes: 4816. Pages printed: 1. No user action is required."
Information	10/15/2019 13:34	Microsoft-Windows-PrintService	307	Printing a document	"Document 110, Print Document owned by rodonn03 on \\MESOEL06484 was printed on VLS3.60 through port UCP-1.  Size in bytes: 10128. Pages printed: 1. No user action is required."
Information	10/15/2019 13:51	Microsoft-Windows-PrintService	307	Printing a document	"Document 111, Print Document owned by rodonn03 on \\MESOEL06484 was printed on VLS3.60 through port UCP-1.  Size in bytes: 9104. Pages printed: 1. No user action is required."
Information	10/15/2019 13:54	Microsoft-Windows-PrintService	307	Printing a document	"Document 112, Print Document owned by rodonn03 on \\MESOEL06484 was printed on VLS3.60 through port UCP-1.  Size in bytes: 9104. Pages printed: 1. No user action is required."
Information	10/15/2019 16:48	Microsoft-Windows-PrintService	307	Printing a document	"Document 113, Print Document owned by jkanov01 on \\MESOEL06484 was printed on VLS3.60 through port UCP-1.  Size in bytes: 28872. Pages printed: 1. No user action is required."
Information	10/15/2019 17:18	Microsoft-Windows-PrintService	307	Printing a document	"Document 114, Print Document owned by jkanov01 on \\MESOEL06484 was printed on VLS3.60 through port UCP-1.  Size in bytes: 18416. Pages printed: 1. No user action is required."
Information	10/15/2019 17:26	Microsoft-Windows-PrintService	307	Printing a document	"Document 115, Print Document owned by jkanov01 on \\MESOEL06484 was printed on VLS3.60 through port UCP-1.  Size in bytes: 18416. Pages printed: 1. No user action is required."
Information	10/15/2019 17:29	Microsoft-Windows-PrintService	307	Printing a document	"Document 116, Print Document owned by jkanov01 on \\MESOEL06484 was printed on VLS3.60 through port UCP-1.  Size in bytes: 21968. Pages printed: 1. No user action is required."
Information	10/15/2019 19:08	Microsoft-Windows-PrintService	307	Printing a document	"Document 117, Print Document owned by jkanov01 on \\MESOEL06484 was printed on VLS3.60 through port UCP-1.  Size in bytes: 1304. Pages printed: 1. No user action is required."
Information	10/15/2019 19:12	Microsoft-Windows-PrintService	307	Printing a document	"Document 118, Print Document owned by jkanov01 on \\MESOEL06484 was printed on VLS3.60 through port UCP-1.  Size in bytes: 1304. Pages printed: 1. No user action is required."
Information	10/15/2019 19:19	Microsoft-Windows-PrintService	307	Printing a document	"Document 119, Print Document owned by jkanov01 on \\MESOEL06484 was printed on VLS3.60 through port UCP-1.  Size in bytes: 1304. Pages printed: 1. No user action is required."
Information	10/15/2019 19:44	Microsoft-Windows-PrintService	307	Printing a document	"Document 120, Print Document owned by jkanov01 on \\MESOEL06484 was printed on VLS3.60 through port UCP-1.  Size in bytes: 968. Pages printed: 1. No user action is required."
Information	10/15/2019 19:44	Microsoft-Windows-PrintService	307	Printing a document	"Document 121, Print Document owned by jkanov01 on \\MESOEL06484 was printed on VLS3.60 through port UCP-1.  Size in bytes: 1008. Pages printed: 1. No user action is required."
Information	10/15/2019 19:52	Microsoft-Windows-PrintService	307	Printing a document	"Document 122, Print Document owned by jkanov01 on \\MESOEL06484 was printed on VLS3.60 through port UCP-1.  Size in bytes: 26992. Pages printed: 1. No user action is required."
Information	10/15/2019 19:53	Microsoft-Windows-PrintService	307	Printing a document	"Document 123, Print Document owned by jkanov01 on \\MESOEL06484 was printed on VLS3.60 through port UCP-1.  Size in bytes: 26992. Pages printed: 1. No user action is required."
Information	10/15/2019 20:15	Microsoft-Windows-PrintService	307	Printing a document	"Document 124, Print Document owned by jkanov01 on \\MESOEL06484 was printed on VLS3.60 through port UCP-1.  Size in bytes: 656. Pages printed: 1. No user action is required."
Information	10/15/2019 20:15	Microsoft-Windows-PrintService	307	Printing a document	"Document 125, Print Document owned by jkanov01 on \\MESOEL06484 was printed on VLS3.60 through port UCP-1.  Size in bytes: 656. Pages printed: 1. No user action is required."
Information	10/15/2019 22:19	Microsoft-Windows-PrintService	307	Printing a document	"Document 126, Print Document owned by jkanov01 on \\MESOEL06484 was printed on VLS3.60 through port UCP-1.  Size in bytes: 656. Pages printed: 1. No user action is required."
Information	10/15/2019 22:20	Microsoft-Windows-PrintService	307	Printing a document	"Document 127, Print Document owned by jkanov01 on \\MESOEL06484 was printed on VLS3.60 through port UCP-1.  Size in bytes: 656. Pages printed: 1. No user action is required."
Information	10/16/2019 10:35	Microsoft-Windows-PrintService	307	Printing a document	"Document 128, Print Document owned by cding04 on \\MESOEL06484 was printed on VLS3.60 through port UCP-1.  Size in bytes: 3552. Pages printed: 1. No user action is required."
Information	10/16/2019 10:37	Microsoft-Windows-PrintService	307	Printing a document	"Document 129, Print Document owned by cding04 on \\MESOEL06484 was printed on VLS3.60 through port UCP-1.  Size in bytes: 3552. Pages printed: 1. No user action is required."
Information	10/16/2019 11:39	Microsoft-Windows-PrintService	307	Printing a document	"Document 130, Print Document owned by fvande01 on \\MESOEL06484 was printed on VLS3.60 through port UCP-1.  Size in bytes: 48512. Pages printed: 1. No user action is required."
Information	10/16/2019 11:41	Microsoft-Windows-PrintService	307	Printing a document	"Document 131, Print Document owned by fvande01 on \\MESOEL06484 was printed on VLS3.60 through port UCP-1.  Size in bytes: 1320. Pages printed: 1. No user action is required."
Information	10/16/2019 11:43	Microsoft-Windows-PrintService	307	Printing a document	"Document 132, Print Document owned by fvande01 on \\MESOEL06484 was printed on VLS3.60 through port UCP-1.  Size in bytes: 48512. Pages printed: 1. No user action is required."
Information	10/16/2019 11:54	Microsoft-Windows-PrintService	307	Printing a document	"Document 133, Print Document owned by fvande01 on \\MESOEL06484 was printed on VLS3.60 through port UCP-1.  Size in bytes: 47176. Pages printed: 1. No user action is required."
Information	10/16/2019 12:28	Microsoft-Windows-PrintService	307	Printing a document	"Document 134, Print Document owned by fvande01 on \\MESOEL06484 was printed on VLS3.60 through port UCP-1.  Size in bytes: 13744. Pages printed: 1. No user action is required."
Information	10/16/2019 12:48	Microsoft-Windows-PrintService	307	Printing a document	"Document 135, Print Document owned by fvande01 on \\MESOEL06484 was printed on VLS3.60 through port UCP-1.  Size in bytes: 57216. Pages printed: 1. No user action is required."
Information	10/16/2019 12:49	Microsoft-Windows-PrintService	307	Printing a document	"Document 136, Print Document owned by fvande01 on \\MESOEL06484 was printed on VLS3.60 through port UCP-1.  Size in bytes: 57216. Pages printed: 1. No user action is required."
Information	10/16/2019 13:02	Microsoft-Windows-PrintService	307	Printing a document	"Document 137, Print Document owned by fvande01 on \\MESOEL06484 was printed on VLS3.60 through port UCP-1.  Size in bytes: 13744. Pages printed: 1. No user action is required."
Information	10/16/2019 13:09	Microsoft-Windows-PrintService	307	Printing a document	"Document 138, Print Document owned by fvande01 on \\MESOEL06484 was printed on VLS3.60 through port UCP-1.  Size in bytes: 16784. Pages printed: 1. No user action is required."
Information	10/16/2019 13:09	Microsoft-Windows-PrintService	307	Printing a document	"Document 139, Print Document owned by fvande01 on \\MESOEL06484 was printed on VLS3.60 through port UCP-1.  Size in bytes: 14816. Pages printed: 1. No user action is required."
Information	10/16/2019 13:56	Microsoft-Windows-PrintService	307	Printing a document	"Document 140, Print Document owned by wwitti01 on \\MESOEL06484 was printed on VLS3.60 through port UCP-1.  Size in bytes: 1504. Pages printed: 1. No user action is required."
Information	10/16/2019 13:57	Microsoft-Windows-PrintService	307	Printing a document	"Document 141, Print Document owned by wwitti01 on \\MESOEL06484 was printed on VLS3.60 through port UCP-1.  Size in bytes: 1504. Pages printed: 1. No user action is required."
Information	10/16/2019 13:58	Microsoft-Windows-PrintService	307	Printing a document	"Document 142, Print Document owned by wwitti01 on \\MESOEL06484 was printed on VLS3.60 through port UCP-1.  Size in bytes: 1504. Pages printed: 1. No user action is required."
Information	10/16/2019 13:59	Microsoft-Windows-PrintService	307	Printing a document	"Document 143, Print Document owned by wwitti01 on \\MESOEL06484 was printed on VLS3.60 through port UCP-1.  Size in bytes: 1132. Pages printed: 1. No user action is required."
Information	10/16/2019 14:02	Microsoft-Windows-PrintService	307	Printing a document	"Document 144, Print Document owned by wwitti01 on \\MESOEL06484 was printed on VLS3.60 through port UCP-1.  Size in bytes: 1068. Pages printed: 1. No user action is required."
