Information	2/27/2020 21:48	Microsoft-Windows-PrintService	307	Printing a document	"Document 255, Print Document owned by ykim24 on \\MESOEL06484 was printed on VLS3.60 through port UCP-1.  Size in bytes: 784. Pages printed: 1. No user action is required."
Information	2/27/2020 22:04	Microsoft-Windows-PrintService	307	Printing a document	"Document 1, Print Document owned by ykim24 on \\MESOEL06484 was printed on VLS3.60 through port UCP-1.  Size in bytes: 1024. Pages printed: 1. No user action is required."
Information	2/27/2020 22:06	Microsoft-Windows-PrintService	307	Printing a document	"Document 2, Print Document owned by ykim24 on \\MESOEL06484 was printed on VLS3.60 through port UCP-1.  Size in bytes: 992. Pages printed: 1. No user action is required."
Information	2/27/2020 22:26	Microsoft-Windows-PrintService	307	Printing a document	"Document 3, Print Document owned by ykim24 on \\MESOEL06484 was printed on VLS3.60 through port UCP-1.  Size in bytes: 10336. Pages printed: 1. No user action is required."
Information	2/27/2020 22:30	Microsoft-Windows-PrintService	307	Printing a document	"Document 4, Print Document owned by ykim24 on \\MESOEL06484 was printed on VLS3.60 through port UCP-1.  Size in bytes: 7888. Pages printed: 1. No user action is required."
Information	2/27/2020 22:35	Microsoft-Windows-PrintService	307	Printing a document	"Document 5, Print Document owned by ykim24 on \\MESOEL06484 was printed on VLS3.60 through port UCP-1.  Size in bytes: 5552. Pages printed: 1. No user action is required."
Information	2/27/2020 22:51	Microsoft-Windows-PrintService	307	Printing a document	"Document 6, Print Document owned by ykim24 on \\MESOEL06484 was printed on VLS3.60 through port UCP-1.  Size in bytes: 10336. Pages printed: 1. No user action is required."
Information	2/28/2020 9:59	Microsoft-Windows-PrintService	307	Printing a document	"Document 7, Print Document owned by ykim24 on \\MESOEL06484 was printed on VLS3.60 through port UCP-1.  Size in bytes: 4816. Pages printed: 1. No user action is required."
Information	2/28/2020 10:19	Microsoft-Windows-PrintService	307	Printing a document	"Document 8, Print Document owned by dpasca02 on \\MESOEL06484 was printed on VLS3.60 through port UCP-1.  Size in bytes: 928. Pages printed: 1. No user action is required."
Information	2/28/2020 10:22	Microsoft-Windows-PrintService	307	Printing a document	"Document 9, Print Document owned by dpasca02 on \\MESOEL06484 was printed on VLS3.60 through port UCP-1.  Size in bytes: 952. Pages printed: 1. No user action is required."
Information	2/28/2020 10:26	Microsoft-Windows-PrintService	307	Printing a document	"Document 10, Print Document owned by dpasca02 on \\MESOEL06484 was printed on VLS3.60 through port UCP-1.  Size in bytes: 11872. Pages printed: 1. No user action is required."
Information	2/28/2020 10:28	Microsoft-Windows-PrintService	307	Printing a document	"Document 11, Print Document owned by dpasca02 on \\MESOEL06484 was printed on VLS3.60 through port UCP-1.  Size in bytes: 11872. Pages printed: 1. No user action is required."
Information	2/28/2020 11:01	Microsoft-Windows-PrintService	307	Printing a document	"Document 12, Print Document owned by jsorsc01 on \\MESOEL06484 was printed on VLS3.60 through port UCP-1.  Size in bytes: 7920. Pages printed: 1. No user action is required."
Information	2/28/2020 11:14	Microsoft-Windows-PrintService	307	Printing a document	"Document 13, Print Document owned by jsorsc01 on \\MESOEL06484 was printed on VLS3.60 through port UCP-1.  Size in bytes: 3344. Pages printed: 1. No user action is required."
Information	2/28/2020 11:28	Microsoft-Windows-PrintService	307	Printing a document	"Document 14, Print Document owned by jsorsc01 on \\MESOEL06484 was printed on VLS3.60 through port UCP-1.  Size in bytes: 6816. Pages printed: 1. No user action is required."
Information	2/28/2020 11:31	Microsoft-Windows-PrintService	307	Printing a document	"Document 15, Print Document owned by jsorsc01 on \\MESOEL06484 was printed on VLS3.60 through port UCP-1.  Size in bytes: 2952. Pages printed: 1. No user action is required."
Information	2/28/2020 11:33	Microsoft-Windows-PrintService	307	Printing a document	"Document 16, Print Document owned by jsorsc01 on \\MESOEL06484 was printed on VLS3.60 through port UCP-1.  Size in bytes: 2952. Pages printed: 1. No user action is required."
Information	2/28/2020 11:36	Microsoft-Windows-PrintService	307	Printing a document	"Document 17, Print Document owned by jsorsc01 on \\MESOEL06484 was printed on VLS3.60 through port UCP-1.  Size in bytes: 3184. Pages printed: 1. No user action is required."
Information	2/28/2020 11:41	Microsoft-Windows-PrintService	307	Printing a document	"Document 18, Print Document owned by jsorsc01 on \\MESOEL06484 was printed on VLS3.60 through port UCP-1.  Size in bytes: 2392. Pages printed: 1. No user action is required."
Information	2/28/2020 11:46	Microsoft-Windows-PrintService	307	Printing a document	"Document 19, Print Document owned by jsorsc01 on \\MESOEL06484 was printed on VLS3.60 through port UCP-1.  Size in bytes: 2656. Pages printed: 1. No user action is required."
Information	2/28/2020 11:46	Microsoft-Windows-PrintService	307	Printing a document	"Document 20, Print Document owned by jsorsc01 on \\MESOEL06484 was printed on VLS3.60 through port UCP-1.  Size in bytes: 2656. Pages printed: 1. No user action is required."
Information	2/28/2020 13:05	Microsoft-Windows-PrintService	307	Printing a document	"Document 21, Print Document owned by jsorsc01 on \\MESOEL06484 was printed on VLS3.60 through port UCP-1.  Size in bytes: 5200. Pages printed: 1. No user action is required."
Information	2/28/2020 13:05	Microsoft-Windows-PrintService	307	Printing a document	"Document 22, Print Document owned by jsorsc01 on \\MESOEL06484 was printed on VLS3.60 through port UCP-1.  Size in bytes: 5200. Pages printed: 1. No user action is required."
Information	2/28/2020 13:23	Microsoft-Windows-PrintService	307	Printing a document	"Document 23, Print Document owned by jsorsc01 on \\MESOEL06484 was printed on VLS3.60 through port UCP-1.  Size in bytes: 13600. Pages printed: 1. No user action is required."
Information	2/28/2020 13:26	Microsoft-Windows-PrintService	307	Printing a document	"Document 24, Print Document owned by jsorsc01 on \\MESOEL06484 was printed on VLS3.60 through port UCP-1.  Size in bytes: 13600. Pages printed: 1. No user action is required."
Information	2/28/2020 13:33	Microsoft-Windows-PrintService	307	Printing a document	"Document 25, Print Document owned by jsorsc01 on \\MESOEL06484 was printed on VLS3.60 through port UCP-1.  Size in bytes: 4800. Pages printed: 1. No user action is required."
Information	2/28/2020 14:04	Microsoft-Windows-PrintService	307	Printing a document	"Document 26, Print Document owned by JDavis28 on \\MESOEL06484 was printed on VLS3.60 through port UCP-1.  Size in bytes: 6128. Pages printed: 1. No user action is required."
Information	2/28/2020 14:18	Microsoft-Windows-PrintService	307	Printing a document	"Document 27, Print Document owned by JDavis28 on \\MESOEL06484 was printed on VLS3.60 through port UCP-1.  Size in bytes: 656. Pages printed: 1. No user action is required."
Information	2/28/2020 14:21	Microsoft-Windows-PrintService	307	Printing a document	"Document 28, Print Document owned by JDavis28 on \\MESOEL06484 was printed on VLS3.60 through port UCP-1.  Size in bytes: 6160. Pages printed: 1. No user action is required."
Information	2/28/2020 15:39	Microsoft-Windows-PrintService	307	Printing a document	"Document 30, Print Document owned by akranz01 on \\MESOEL06484 was printed on VLS3.60 through port UCP-1.  Size in bytes: 1872. Pages printed: 1. No user action is required."
Information	2/28/2020 16:02	Microsoft-Windows-PrintService	307	Printing a document	"Document 31, Print Document owned by akranz01 on \\MESOEL06484 was printed on VLS3.60 through port UCP-1.  Size in bytes: 3344. Pages printed: 1. No user action is required."
Information	2/28/2020 16:15	Microsoft-Windows-PrintService	307	Printing a document	"Document 32, Print Document owned by akranz01 on \\MESOEL06484 was printed on VLS3.60 through port UCP-1.  Size in bytes: 1520. Pages printed: 1. No user action is required."
Information	2/28/2020 16:20	Microsoft-Windows-PrintService	307	Printing a document	"Document 33, Print Document owned by akranz01 on \\MESOEL06484 was printed on VLS3.60 through port UCP-1.  Size in bytes: 656. Pages printed: 1. No user action is required."
Information	2/28/2020 16:24	Microsoft-Windows-PrintService	307	Printing a document	"Document 34, Print Document owned by akranz01 on \\MESOEL06484 was printed on VLS3.60 through port UCP-1.  Size in bytes: 12176. Pages printed: 1. No user action is required."
Information	2/28/2020 16:50	Microsoft-Windows-PrintService	307	Printing a document	"Document 35, Print Document owned by akranz01 on \\MESOEL06484 was printed on VLS3.60 through port UCP-1.  Size in bytes: 1671060. Pages printed: 1. No user action is required."
Information	2/28/2020 16:52	Microsoft-Windows-PrintService	307	Printing a document	"Document 36, Print Document owned by akranz01 on \\MESOEL06484 was printed on VLS3.60 through port UCP-1.  Size in bytes: 1669012. Pages printed: 1. No user action is required."
Information	2/28/2020 17:01	Microsoft-Windows-PrintService	307	Printing a document	"Document 37, Print Document owned by akranz01 on \\MESOEL06484 was printed on VLS3.60 through port UCP-1.  Size in bytes: 2240. Pages printed: 1. No user action is required."
Information	2/28/2020 17:17	Microsoft-Windows-PrintService	307	Printing a document	"Document 38, Print Document owned by akranz01 on \\MESOEL06484 was printed on VLS3.60 through port UCP-1.  Size in bytes: 3848. Pages printed: 1. No user action is required."
Information	2/28/2020 17:30	Microsoft-Windows-PrintService	307	Printing a document	"Document 39, Print Document owned by akranz01 on \\MESOEL06484 was printed on VLS3.60 through port UCP-1.  Size in bytes: 2784. Pages printed: 1. No user action is required."
Information	2/28/2020 17:32	Microsoft-Windows-PrintService	307	Printing a document	"Document 40, Print Document owned by akranz01 on \\MESOEL06484 was printed on VLS3.60 through port UCP-1.  Size in bytes: 2784. Pages printed: 1. No user action is required."
Information	2/28/2020 17:35	Microsoft-Windows-PrintService	307	Printing a document	"Document 41, Print Document owned by akranz01 on \\MESOEL06484 was printed on VLS3.60 through port UCP-1.  Size in bytes: 2784. Pages printed: 1. No user action is required."
Information	2/28/2020 17:36	Microsoft-Windows-PrintService	307	Printing a document	"Document 42, Print Document owned by akranz01 on \\MESOEL06484 was printed on VLS3.60 through port UCP-1.  Size in bytes: 2784. Pages printed: 1. No user action is required."
Information	2/28/2020 18:00	Microsoft-Windows-PrintService	307	Printing a document	"Document 43, Print Document owned by akranz01 on \\MESOEL06484 was printed on VLS3.60 through port UCP-1.  Size in bytes: 14320. Pages printed: 1. No user action is required."
Information	2/28/2020 18:13	Microsoft-Windows-PrintService	307	Printing a document	"Document 44, Print Document owned by akranz01 on \\MESOEL06484 was printed on VLS3.60 through port UCP-1.  Size in bytes: 1264. Pages printed: 1. No user action is required."
Information	2/28/2020 18:21	Microsoft-Windows-PrintService	307	Printing a document	"Document 45, Print Document owned by akranz01 on \\MESOEL06484 was printed on VLS3.60 through port UCP-1.  Size in bytes: 912. Pages printed: 1. No user action is required."
Information	2/28/2020 18:23	Microsoft-Windows-PrintService	307	Printing a document	"Document 46, Print Document owned by akranz01 on \\MESOEL06484 was printed on VLS3.60 through port UCP-1.  Size in bytes: 912. Pages printed: 1. No user action is required."
Information	2/28/2020 18:27	Microsoft-Windows-PrintService	307	Printing a document	"Document 47, Print Document owned by akranz01 on \\MESOEL06484 was printed on VLS3.60 through port UCP-1.  Size in bytes: 912. Pages printed: 1. No user action is required."
Information	2/28/2020 18:29	Microsoft-Windows-PrintService	307	Printing a document	"Document 48, Print Document owned by akranz01 on \\MESOEL06484 was printed on VLS3.60 through port UCP-1.  Size in bytes: 912. Pages printed: 1. No user action is required."
Information	2/28/2020 18:43	Microsoft-Windows-PrintService	307	Printing a document	"Document 49, Print Document owned by akranz01 on \\MESOEL06484 was printed on VLS3.60 through port UCP-1.  Size in bytes: 1872. Pages printed: 1. No user action is required."
Information	2/28/2020 18:47	Microsoft-Windows-PrintService	307	Printing a document	"Document 50, Print Document owned by akranz01 on \\MESOEL06484 was printed on VLS3.60 through port UCP-1.  Size in bytes: 1872. Pages printed: 1. No user action is required."
Information	2/28/2020 18:47	Microsoft-Windows-PrintService	307	Printing a document	"Document 51, Print Document owned by akranz01 on \\MESOEL06484 was printed on VLS3.60 through port UCP-1.  Size in bytes: 1872. Pages printed: 1. No user action is required."
Information	2/28/2020 18:57	Microsoft-Windows-PrintService	307	Printing a document	"Document 52, Print Document owned by akranz01 on \\MESOEL06484 was printed on VLS3.60 through port UCP-1.  Size in bytes: 8360. Pages printed: 1. No user action is required."
Information	2/28/2020 18:58	Microsoft-Windows-PrintService	307	Printing a document	"Document 53, Print Document owned by akranz01 on \\MESOEL06484 was printed on VLS3.60 through port UCP-1.  Size in bytes: 8360. Pages printed: 1. No user action is required."
Information	2/28/2020 19:00	Microsoft-Windows-PrintService	307	Printing a document	"Document 54, Print Document owned by akranz01 on \\MESOEL06484 was printed on VLS3.60 through port UCP-1.  Size in bytes: 8360. Pages printed: 1. No user action is required."
Information	2/28/2020 19:17	Microsoft-Windows-PrintService	307	Printing a document	"Document 55, Print Document owned by akranz01 on \\MESOEL06484 was printed on VLS3.60 through port UCP-1.  Size in bytes: 912. Pages printed: 1. No user action is required."
Information	2/28/2020 19:24	Microsoft-Windows-PrintService	307	Printing a document	"Document 56, Print Document owned by akranz01 on \\MESOEL06484 was printed on VLS3.60 through port UCP-1.  Size in bytes: 656. Pages printed: 1. No user action is required."
Information	2/28/2020 20:00	Microsoft-Windows-PrintService	307	Printing a document	"Document 57, Print Document owned by akranz01 on \\MESOEL06484 was printed on VLS3.60 through port UCP-1.  Size in bytes: 260980. Pages printed: 1. No user action is required."
Information	2/28/2020 20:02	Microsoft-Windows-PrintService	307	Printing a document	"Document 58, Print Document owned by akranz01 on \\MESOEL06484 was printed on VLS3.60 through port UCP-1.  Size in bytes: 260980. Pages printed: 1. No user action is required."
Information	2/28/2020 20:24	Microsoft-Windows-PrintService	307	Printing a document	"Document 59, Print Document owned by akranz01 on \\MESOEL06484 was printed on VLS3.60 through port UCP-1.  Size in bytes: 86992. Pages printed: 1. No user action is required."
Information	2/28/2020 20:28	Microsoft-Windows-PrintService	307	Printing a document	"Document 60, Print Document owned by akranz01 on \\MESOEL06484 was printed on VLS3.60 through port UCP-1.  Size in bytes: 86992. Pages printed: 1. No user action is required."
Information	2/28/2020 20:42	Microsoft-Windows-PrintService	307	Printing a document	"Document 61, Print Document owned by akranz01 on \\MESOEL06484 was printed on VLS3.60 through port UCP-1.  Size in bytes: 2960. Pages printed: 1. No user action is required."
Information	2/28/2020 20:48	Microsoft-Windows-PrintService	307	Printing a document	"Document 62, Print Document owned by akranz01 on \\MESOEL06484 was printed on VLS3.60 through port UCP-1.  Size in bytes: 1552. Pages printed: 1. No user action is required."
Information	2/28/2020 20:56	Microsoft-Windows-PrintService	307	Printing a document	"Document 63, Print Document owned by akranz01 on \\MESOEL06484 was printed on VLS3.60 through port UCP-1.  Size in bytes: 58720. Pages printed: 1. No user action is required."
Information	2/29/2020 10:31	Microsoft-Windows-PrintService	307	Printing a document	"Document 2, Print Document owned by eharve04 on \\MESOEL06484 was printed on VLS3.60 through port UCP-1.  Size in bytes: 16624. Pages printed: 1. No user action is required."
Information	2/29/2020 10:36	Microsoft-Windows-PrintService	307	Printing a document	"Document 3, Print Document owned by eharve04 on \\MESOEL06484 was printed on VLS3.60 through port UCP-1.  Size in bytes: 5808. Pages printed: 1. No user action is required."
Information	2/29/2020 10:39	Microsoft-Windows-PrintService	307	Printing a document	"Document 4, Print Document owned by eharve04 on \\MESOEL06484 was printed on VLS3.60 through port UCP-1.  Size in bytes: 56784. Pages printed: 1. No user action is required."
Information	2/29/2020 10:40	Microsoft-Windows-PrintService	307	Printing a document	"Document 5, Print Document owned by eharve04 on \\MESOEL06484 was printed on VLS3.60 through port UCP-1.  Size in bytes: 53368. Pages printed: 1. No user action is required."
Information	2/29/2020 10:45	Microsoft-Windows-PrintService	307	Printing a document	"Document 6, Print Document owned by eharve04 on \\MESOEL06484 was printed on VLS3.60 through port UCP-1.  Size in bytes: 53368. Pages printed: 1. No user action is required."
Information	2/29/2020 10:52	Microsoft-Windows-PrintService	307	Printing a document	"Document 7, Print Document owned by eharve04 on \\MESOEL06484 was printed on VLS3.60 through port UCP-1.  Size in bytes: 51272. Pages printed: 1. No user action is required."
Information	2/29/2020 10:56	Microsoft-Windows-PrintService	307	Printing a document	"Document 8, Print Document owned by eharve04 on \\MESOEL06484 was printed on VLS3.60 through port UCP-1.  Size in bytes: 10912. Pages printed: 1. No user action is required."
Information	2/29/2020 10:57	Microsoft-Windows-PrintService	307	Printing a document	"Document 9, Print Document owned by eharve04 on \\MESOEL06484 was printed on VLS3.60 through port UCP-1.  Size in bytes: 10912. Pages printed: 1. No user action is required."
Information	2/29/2020 11:03	Microsoft-Windows-PrintService	307	Printing a document	"Document 10, Print Document owned by eharve04 on \\MESOEL06484 was printed on VLS3.60 through port UCP-1.  Size in bytes: 130512. Pages printed: 1. No user action is required."
Information	2/29/2020 11:08	Microsoft-Windows-PrintService	307	Printing a document	"Document 11, Print Document owned by eharve04 on \\MESOEL06484 was printed on VLS3.60 through port UCP-1.  Size in bytes: 130512. Pages printed: 1. No user action is required."
Information	2/29/2020 11:16	Microsoft-Windows-PrintService	307	Printing a document	"Document 12, Print Document owned by eharve04 on \\MESOEL06484 was printed on VLS3.60 through port UCP-1.  Size in bytes: 130512. Pages printed: 1. No user action is required."
Information	2/29/2020 11:24	Microsoft-Windows-PrintService	307	Printing a document	"Document 13, Print Document owned by eharve04 on \\MESOEL06484 was printed on VLS3.60 through port UCP-1.  Size in bytes: 10912. Pages printed: 1. No user action is required."
Information	2/29/2020 11:31	Microsoft-Windows-PrintService	307	Printing a document	"Document 14, Print Document owned by eharve04 on \\MESOEL06484 was printed on VLS3.60 through port UCP-1.  Size in bytes: 130512. Pages printed: 1. No user action is required."
Information	2/29/2020 11:35	Microsoft-Windows-PrintService	307	Printing a document	"Document 15, Print Document owned by eharve04 on \\MESOEL06484 was printed on VLS3.60 through port UCP-1.  Size in bytes: 130520. Pages printed: 1. No user action is required."
Information	2/29/2020 11:36	Microsoft-Windows-PrintService	307	Printing a document	"Document 16, Print Document owned by eharve04 on \\MESOEL06484 was printed on VLS3.60 through port UCP-1.  Size in bytes: 390296. Pages printed: 1. No user action is required."
Information	2/29/2020 12:05	Microsoft-Windows-PrintService	307	Printing a document	"Document 17, Print Document owned by eharve04 on \\MESOEL06484 was printed on VLS3.60 through port UCP-1.  Size in bytes: 6440284. Pages printed: 1. No user action is required."
Information	2/29/2020 13:21	Microsoft-Windows-PrintService	307	Printing a document	"Document 18, Print Document owned by eharve04 on \\MESOEL06484 was printed on VLS3.60 through port UCP-1.  Size in bytes: 30928. Pages printed: 1. No user action is required."
Information	2/29/2020 13:48	Microsoft-Windows-PrintService	307	Printing a document	"Document 19, Print Document owned by eharve04 on \\MESOEL06484 was printed on VLS3.60 through port UCP-1.  Size in bytes: 6600. Pages printed: 1. No user action is required."
Information	2/29/2020 13:49	Microsoft-Windows-PrintService	307	Printing a document	"Document 20, Print Document owned by eharve04 on \\MESOEL06484 was printed on VLS3.60 through port UCP-1.  Size in bytes: 6400. Pages printed: 1. No user action is required."
Information	2/29/2020 14:31	Microsoft-Windows-PrintService	307	Printing a document	"Document 21, Print Document owned by eharve04 on \\MESOEL06484 was printed on VLS3.60 through port UCP-1.  Size in bytes: 1360. Pages printed: 1. No user action is required."
Information	2/29/2020 15:04	Microsoft-Windows-PrintService	307	Printing a document	"Document 22, Print Document owned by eharve04 on \\MESOEL06484 was printed on VLS3.60 through port UCP-1.  Size in bytes: 2792. Pages printed: 1. No user action is required."
Information	2/29/2020 16:29	Microsoft-Windows-PrintService	307	Printing a document	"Document 23, Print Document owned by eharve04 on \\MESOEL06484 was printed on VLS3.60 through port UCP-1.  Size in bytes: 10776. Pages printed: 1. No user action is required."
Information	2/29/2020 16:29	Microsoft-Windows-PrintService	307	Printing a document	"Document 24, Print Document owned by eharve04 on \\MESOEL06484 was printed on VLS3.60 through port UCP-1.  Size in bytes: 10776. Pages printed: 1. No user action is required."
Information	2/29/2020 16:41	Microsoft-Windows-PrintService	307	Printing a document	"Document 25, Print Document owned by eharve04 on \\MESOEL06484 was printed on VLS3.60 through port UCP-1.  Size in bytes: 1768. Pages printed: 1. No user action is required."
Information	2/29/2020 17:16	Microsoft-Windows-PrintService	307	Printing a document	"Document 26, Print Document owned by eharve04 on \\MESOEL06484 was printed on VLS3.60 through port UCP-1.  Size in bytes: 228844. Pages printed: 5. No user action is required."
Information	2/29/2020 17:17	Microsoft-Windows-PrintService	307	Printing a document	"Document 27, Print Document owned by eharve04 on \\MESOEL06484 was printed on VLS3.60 through port UCP-1.  Size in bytes: 65964. Pages printed: 1. No user action is required."
Information	2/29/2020 17:50	Microsoft-Windows-PrintService	307	Printing a document	"Document 28, Print Document owned by him01 on \\MESOEL06484 was printed on VLS3.60 through port UCP-1.  Size in bytes: 2176. Pages printed: 1. No user action is required."
Information	2/29/2020 17:51	Microsoft-Windows-PrintService	307	Printing a document	"Document 30, Print Document owned by him01 on \\MESOEL06484 was printed on VLS3.60 through port UCP-1.  Size in bytes: 2176. Pages printed: 1. No user action is required."
Information	2/29/2020 18:04	Microsoft-Windows-PrintService	307	Printing a document	"Document 31, Print Document owned by him01 on \\MESOEL06484 was printed on VLS3.60 through port UCP-1.  Size in bytes: 3360. Pages printed: 1. No user action is required."
Information	2/29/2020 18:08	Microsoft-Windows-PrintService	307	Printing a document	"Document 32, Print Document owned by him01 on \\MESOEL06484 was printed on VLS3.60 through port UCP-1.  Size in bytes: 992. Pages printed: 1. No user action is required."
Information	2/29/2020 18:15	Microsoft-Windows-PrintService	307	Printing a document	"Document 33, Print Document owned by him01 on \\MESOEL06484 was printed on VLS3.60 through port UCP-1.  Size in bytes: 2768. Pages printed: 1. No user action is required."
Information	2/29/2020 19:08	Microsoft-Windows-PrintService	307	Printing a document	"Document 34, Print Document owned by him01 on \\MESOEL06484 was printed on VLS3.60 through port UCP-1.  Size in bytes: 58696. Pages printed: 1. No user action is required."
Information	2/29/2020 23:52	Microsoft-Windows-PrintService	307	Printing a document	"Document 35, Print Document owned by stalwa01 on \\MESOEL06484 was printed on VLS3.60 through port UCP-1.  Size in bytes: 3504. Pages printed: 1. No user action is required."
Information	3/1/2020 0:03	Microsoft-Windows-PrintService	307	Printing a document	"Document 36, Print Document owned by stalwa01 on \\MESOEL06484 was printed on VLS3.60 through port UCP-1.  Size in bytes: 992. Pages printed: 1. No user action is required."
Information	3/1/2020 0:10	Microsoft-Windows-PrintService	307	Printing a document	"Document 37, Print Document owned by stalwa01 on \\MESOEL06484 was printed on VLS3.60 through port UCP-1.  Size in bytes: 784. Pages printed: 1. No user action is required."
Information	3/1/2020 0:16	Microsoft-Windows-PrintService	307	Printing a document	"Document 38, Print Document owned by stalwa01 on \\MESOEL06484 was printed on VLS3.60 through port UCP-1.  Size in bytes: 656. Pages printed: 1. No user action is required."
Information	3/1/2020 0:25	Microsoft-Windows-PrintService	307	Printing a document	"Document 39, Print Document owned by stalwa01 on \\MESOEL06484 was printed on VLS3.60 through port UCP-1.  Size in bytes: 992. Pages printed: 1. No user action is required."
Information	3/1/2020 0:36	Microsoft-Windows-PrintService	307	Printing a document	"Document 40, Print Document owned by stalwa01 on \\MESOEL06484 was printed on VLS3.60 through port UCP-1.  Size in bytes: 2800. Pages printed: 1. No user action is required."
Information	3/1/2020 11:09	Microsoft-Windows-PrintService	307	Printing a document	"Document 41, Print Document owned by lpavlo01 on \\MESOEL06484 was printed on VLS3.60 through port UCP-1.  Size in bytes: 400. Pages printed: 1. No user action is required."
Information	3/1/2020 11:09	Microsoft-Windows-PrintService	307	Printing a document	"Document 42, Print Document owned by lpavlo01 on \\MESOEL06484 was printed on VLS3.60 through port UCP-1.  Size in bytes: 342080. Pages printed: 1. No user action is required."
Information	3/1/2020 11:27	Microsoft-Windows-PrintService	307	Printing a document	"Document 43, Print Document owned by lpavlo01 on \\MESOEL06484 was printed on VLS3.60 through port UCP-1.  Size in bytes: 2608. Pages printed: 1. No user action is required."
Information	3/1/2020 11:58	Microsoft-Windows-PrintService	307	Printing a document	"Document 44, Print Document owned by lpavlo01 on \\MESOEL06484 was printed on VLS3.60 through port UCP-1.  Size in bytes: 1280. Pages printed: 1. No user action is required."
Information	3/1/2020 12:00	Microsoft-Windows-PrintService	307	Printing a document	"Document 45, Print Document owned by lpavlo01 on \\MESOEL06484 was printed on VLS3.60 through port UCP-1.  Size in bytes: 2160. Pages printed: 1. No user action is required."
Information	3/1/2020 12:32	Microsoft-Windows-PrintService	307	Printing a document	"Document 46, Print Document owned by lpavlo01 on \\MESOEL06484 was printed on VLS3.60 through port UCP-1.  Size in bytes: 1656. Pages printed: 1. No user action is required."
Information	3/1/2020 12:40	Microsoft-Windows-PrintService	307	Printing a document	"Document 47, Print Document owned by lpavlo01 on \\MESOEL06484 was printed on VLS3.60 through port UCP-1.  Size in bytes: 856. Pages printed: 1. No user action is required."
Information	3/1/2020 13:05	Microsoft-Windows-PrintService	307	Printing a document	"Document 48, Print Document owned by lpavlo01 on \\MESOEL06484 was printed on VLS3.60 through port UCP-1.  Size in bytes: 5136. Pages printed: 1. No user action is required."
Information	3/1/2020 13:24	Microsoft-Windows-PrintService	307	Printing a document	"Document 49, Print Document owned by lpavlo01 on \\MESOEL06484 was printed on VLS3.60 through port UCP-1.  Size in bytes: 1456. Pages printed: 1. No user action is required."
Information	3/1/2020 13:26	Microsoft-Windows-PrintService	307	Printing a document	"Document 50, Print Document owned by lpavlo01 on \\MESOEL06484 was printed on VLS3.60 through port UCP-1.  Size in bytes: 1200. Pages printed: 1. No user action is required."
Information	3/1/2020 13:32	Microsoft-Windows-PrintService	307	Printing a document	"Document 51, Print Document owned by lpavlo01 on \\MESOEL06484 was printed on VLS3.60 through port UCP-1.  Size in bytes: 656. Pages printed: 1. No user action is required."
Information	3/1/2020 13:40	Microsoft-Windows-PrintService	307	Printing a document	"Document 52, Print Document owned by lpavlo01 on \\MESOEL06484 was printed on VLS3.60 through port UCP-1.  Size in bytes: 656. Pages printed: 1. No user action is required."
Information	3/1/2020 13:43	Microsoft-Windows-PrintService	307	Printing a document	"Document 53, Print Document owned by lpavlo01 on \\MESOEL06484 was printed on VLS3.60 through port UCP-1.  Size in bytes: 656. Pages printed: 1. No user action is required."
Information	3/1/2020 13:49	Microsoft-Windows-PrintService	307	Printing a document	"Document 54, Print Document owned by lpavlo01 on \\MESOEL06484 was printed on VLS3.60 through port UCP-1.  Size in bytes: 5568. Pages printed: 1. No user action is required."
Information	3/1/2020 14:00	Microsoft-Windows-PrintService	307	Printing a document	"Document 55, Print Document owned by lpavlo01 on \\MESOEL06484 was printed on VLS3.60 through port UCP-1.  Size in bytes: 1074704. Pages printed: 1. No user action is required."
Information	3/1/2020 15:02	Microsoft-Windows-PrintService	307	Printing a document	"Document 56, Print Document owned by lpavlo01 on \\MESOEL06484 was printed on VLS3.60 through port UCP-1.  Size in bytes: 870824. Pages printed: 1. No user action is required."
Information	3/1/2020 15:15	Microsoft-Windows-PrintService	307	Printing a document	"Document 57, Print Document owned by lpavlo01 on \\MESOEL06484 was printed on VLS3.60 through port UCP-1.  Size in bytes: 9776. Pages printed: 1. No user action is required."
Information	3/1/2020 15:19	Microsoft-Windows-PrintService	307	Printing a document	"Document 58, Print Document owned by lpavlo01 on \\MESOEL06484 was printed on VLS3.60 through port UCP-1.  Size in bytes: 2304. Pages printed: 1. No user action is required."
Information	3/1/2020 15:21	Microsoft-Windows-PrintService	307	Printing a document	"Document 59, Print Document owned by lpavlo01 on \\MESOEL06484 was printed on VLS3.60 through port UCP-1.  Size in bytes: 8176. Pages printed: 1. No user action is required."
Information	3/1/2020 15:22	Microsoft-Windows-PrintService	307	Printing a document	"Document 60, Print Document owned by lpavlo01 on \\MESOEL06484 was printed on VLS3.60 through port UCP-1.  Size in bytes: 85024. Pages printed: 1. No user action is required."
Information	3/1/2020 15:28	Microsoft-Windows-PrintService	307	Printing a document	"Document 61, Print Document owned by lpavlo01 on \\MESOEL06484 was printed on VLS3.60 through port UCP-1.  Size in bytes: 12192. Pages printed: 1. No user action is required."
Information	3/1/2020 15:29	Microsoft-Windows-PrintService	307	Printing a document	"Document 62, Print Document owned by lpavlo01 on \\MESOEL06484 was printed on VLS3.60 through port UCP-1.  Size in bytes: 12192. Pages printed: 1. No user action is required."
Information	3/1/2020 15:30	Microsoft-Windows-PrintService	307	Printing a document	"Document 63, Print Document owned by lpavlo01 on \\MESOEL06484 was printed on VLS3.60 through port UCP-1.  Size in bytes: 12192. Pages printed: 1. No user action is required."
Information	3/1/2020 15:30	Microsoft-Windows-PrintService	307	Printing a document	"Document 64, Print Document owned by lpavlo01 on \\MESOEL06484 was printed on VLS3.60 through port UCP-1.  Size in bytes: 12192. Pages printed: 1. No user action is required."
Information	3/1/2020 15:31	Microsoft-Windows-PrintService	307	Printing a document	"Document 65, Print Document owned by lpavlo01 on \\MESOEL06484 was printed on VLS3.60 through port UCP-1.  Size in bytes: 12192. Pages printed: 1. No user action is required."
Information	3/1/2020 15:31	Microsoft-Windows-PrintService	307	Printing a document	"Document 66, Print Document owned by lpavlo01 on \\MESOEL06484 was printed on VLS3.60 through port UCP-1.  Size in bytes: 12192. Pages printed: 1. No user action is required."
Information	3/1/2020 15:36	Microsoft-Windows-PrintService	307	Printing a document	"Document 67, Print Document owned by lpavlo01 on \\MESOEL06484 was printed on VLS3.60 through port UCP-1.  Size in bytes: 1584. Pages printed: 1. No user action is required."
Information	3/1/2020 15:44	Microsoft-Windows-PrintService	307	Printing a document	"Document 68, Print Document owned by lpavlo01 on \\MESOEL06484 was printed on VLS3.60 through port UCP-1.  Size in bytes: 4912. Pages printed: 1. No user action is required."
Information	3/1/2020 15:54	Microsoft-Windows-PrintService	307	Printing a document	"Document 69, Print Document owned by lpavlo01 on \\MESOEL06484 was printed on VLS3.60 through port UCP-1.  Size in bytes: 1592. Pages printed: 1. No user action is required."
Information	3/1/2020 15:56	Microsoft-Windows-PrintService	307	Printing a document	"Document 70, Print Document owned by lpavlo01 on \\MESOEL06484 was printed on VLS3.60 through port UCP-1.  Size in bytes: 1488. Pages printed: 1. No user action is required."
Information	3/1/2020 15:58	Microsoft-Windows-PrintService	307	Printing a document	"Document 71, Print Document owned by lpavlo01 on \\MESOEL06484 was printed on VLS3.60 through port UCP-1.  Size in bytes: 656. Pages printed: 1. No user action is required."
Information	3/1/2020 16:00	Microsoft-Windows-PrintService	307	Printing a document	"Document 72, Print Document owned by lpavlo01 on \\MESOEL06484 was printed on VLS3.60 through port UCP-1.  Size in bytes: 1952. Pages printed: 1. No user action is required."
Information	3/1/2020 16:04	Microsoft-Windows-PrintService	307	Printing a document	"Document 73, Print Document owned by lpavlo01 on \\MESOEL06484 was printed on VLS3.60 through port UCP-1.  Size in bytes: 1504. Pages printed: 1. No user action is required."
Information	3/1/2020 16:14	Microsoft-Windows-PrintService	307	Printing a document	"Document 74, Print Document owned by lpavlo01 on \\MESOEL06484 was printed on VLS3.60 through port UCP-1.  Size in bytes: 2176. Pages printed: 1. No user action is required."
Information	3/1/2020 16:20	Microsoft-Windows-PrintService	307	Printing a document	"Document 75, Print Document owned by lpavlo01 on \\MESOEL06484 was printed on VLS3.60 through port UCP-1.  Size in bytes: 1136. Pages printed: 1. No user action is required."
Information	3/1/2020 16:25	Microsoft-Windows-PrintService	307	Printing a document	"Document 76, Print Document owned by lpavlo01 on \\MESOEL06484 was printed on VLS3.60 through port UCP-1.  Size in bytes: 1136. Pages printed: 1. No user action is required."
Information	3/1/2020 16:40	Microsoft-Windows-PrintService	307	Printing a document	"Document 77, Print Document owned by lpavlo01 on \\MESOEL06484 was printed on VLS3.60 through port UCP-1.  Size in bytes: 6544. Pages printed: 1. No user action is required."
Information	3/1/2020 16:44	Microsoft-Windows-PrintService	307	Printing a document	"Document 78, Print Document owned by lpavlo01 on \\MESOEL06484 was printed on VLS3.60 through port UCP-1.  Size in bytes: 2320. Pages printed: 1. No user action is required."
Information	3/1/2020 16:49	Microsoft-Windows-PrintService	307	Printing a document	"Document 79, Print Document owned by lpavlo01 on \\MESOEL06484 was printed on VLS3.60 through port UCP-1.  Size in bytes: 7600. Pages printed: 1. No user action is required."
Information	3/1/2020 16:49	Microsoft-Windows-PrintService	307	Printing a document	"Document 80, Print Document owned by lpavlo01 on \\MESOEL06484 was printed on VLS3.60 through port UCP-1.  Size in bytes: 7600. Pages printed: 1. No user action is required."
Information	3/1/2020 16:55	Microsoft-Windows-PrintService	307	Printing a document	"Document 81, Print Document owned by lpavlo01 on \\MESOEL06484 was printed on VLS3.60 through port UCP-1.  Size in bytes: 3336. Pages printed: 1. No user action is required."
Information	3/1/2020 17:01	Microsoft-Windows-PrintService	307	Printing a document	"Document 82, Print Document owned by lpavlo01 on \\MESOEL06484 was printed on VLS3.60 through port UCP-1.  Size in bytes: 185500. Pages printed: 1. No user action is required."
Information	3/1/2020 17:19	Microsoft-Windows-PrintService	307	Printing a document	"Document 83, Print Document owned by lpavlo01 on \\MESOEL06484 was printed on VLS3.60 through port UCP-1.  Size in bytes: 377872. Pages printed: 1. No user action is required."
Information	3/1/2020 17:26	Microsoft-Windows-PrintService	307	Printing a document	"Document 84, Print Document owned by lpavlo01 on \\MESOEL06484 was printed on VLS3.60 through port UCP-1.  Size in bytes: 377872. Pages printed: 1. No user action is required."
Information	3/1/2020 17:47	Microsoft-Windows-PrintService	307	Printing a document	"Document 85, Print Document owned by lpavlo01 on \\MESOEL06484 was printed on VLS3.60 through port UCP-1.  Size in bytes: 6288. Pages printed: 1. No user action is required."
Information	3/1/2020 18:00	Microsoft-Windows-PrintService	307	Printing a document	"Document 86, Print Document owned by lpavlo01 on \\MESOEL06484 was printed on VLS3.60 through port UCP-1.  Size in bytes: 34792. Pages printed: 1. No user action is required."
Information	3/1/2020 18:10	Microsoft-Windows-PrintService	307	Printing a document	"Document 87, Print Document owned by lpavlo01 on \\MESOEL06484 was printed on VLS3.60 through port UCP-1.  Size in bytes: 3832. Pages printed: 1. No user action is required."
Information	3/1/2020 18:10	Microsoft-Windows-PrintService	307	Printing a document	"Document 88, Print Document owned by lpavlo01 on \\MESOEL06484 was printed on VLS3.60 through port UCP-1.  Size in bytes: 3832. Pages printed: 1. No user action is required."
Information	3/1/2020 18:13	Microsoft-Windows-PrintService	307	Printing a document	"Document 89, Print Document owned by lpavlo01 on \\MESOEL06484 was printed on VLS3.60 through port UCP-1.  Size in bytes: 3832. Pages printed: 1. No user action is required."
Information	3/1/2020 18:18	Microsoft-Windows-PrintService	307	Printing a document	"Document 90, Print Document owned by lpavlo01 on \\MESOEL06484 was printed on VLS3.60 through port UCP-1.  Size in bytes: 9232. Pages printed: 1. No user action is required."
Information	3/1/2020 18:22	Microsoft-Windows-PrintService	307	Printing a document	"Document 91, Print Document owned by lpavlo01 on \\MESOEL06484 was printed on VLS3.60 through port UCP-1.  Size in bytes: 3832. Pages printed: 1. No user action is required."
Information	3/1/2020 18:27	Microsoft-Windows-PrintService	307	Printing a document	"Document 92, Print Document owned by lpavlo01 on \\MESOEL06484 was printed on VLS3.60 through port UCP-1.  Size in bytes: 656. Pages printed: 1. No user action is required."
Information	3/1/2020 18:48	Microsoft-Windows-PrintService	307	Printing a document	"Document 93, Print Document owned by lpavlo01 on \\MESOEL06484 was printed on VLS3.60 through port UCP-1.  Size in bytes: 7504. Pages printed: 1. No user action is required."
Information	3/1/2020 18:50	Microsoft-Windows-PrintService	307	Printing a document	"Document 94, Print Document owned by lpavlo01 on \\MESOEL06484 was printed on VLS3.60 through port UCP-1.  Size in bytes: 7504. Pages printed: 1. No user action is required."
Information	3/1/2020 19:45	Microsoft-Windows-PrintService	307	Printing a document	"Document 95, Print Document owned by lpavlo01 on \\MESOEL06484 was printed on VLS3.60 through port UCP-1.  Size in bytes: 4304. Pages printed: 1. No user action is required."
Information	3/1/2020 20:17	Microsoft-Windows-PrintService	307	Printing a document	"Document 96, Print Document owned by lpavlo01 on \\MESOEL06484 was printed on VLS3.60 through port UCP-1.  Size in bytes: 3344. Pages printed: 1. No user action is required."
Information	3/1/2020 20:20	Microsoft-Windows-PrintService	307	Printing a document	"Document 97, Print Document owned by lpavlo01 on \\MESOEL06484 was printed on VLS3.60 through port UCP-1.  Size in bytes: 3344. Pages printed: 1. No user action is required."
Information	3/1/2020 20:22	Microsoft-Windows-PrintService	307	Printing a document	"Document 98, Print Document owned by lpavlo01 on \\MESOEL06484 was printed on VLS3.60 through port UCP-1.  Size in bytes: 3344. Pages printed: 1. No user action is required."
Information	3/1/2020 20:33	Microsoft-Windows-PrintService	307	Printing a document	"Document 99, Print Document owned by lpavlo01 on \\MESOEL06484 was printed on VLS3.60 through port UCP-1.  Size in bytes: 3344. Pages printed: 1. No user action is required."
Information	3/1/2020 20:35	Microsoft-Windows-PrintService	307	Printing a document	"Document 100, Print Document owned by lpavlo01 on \\MESOEL06484 was printed on VLS3.60 through port UCP-1.  Size in bytes: 1760. Pages printed: 1. No user action is required."
Information	3/1/2020 20:54	Microsoft-Windows-PrintService	307	Printing a document	"Document 101, Print Document owned by lpavlo01 on \\MESOEL06484 was printed on VLS3.60 through port UCP-1.  Size in bytes: 6048. Pages printed: 1. No user action is required."
Information	3/1/2020 21:07	Microsoft-Windows-PrintService	307	Printing a document	"Document 102, Print Document owned by lpavlo01 on \\MESOEL06484 was printed on VLS3.60 through port UCP-1.  Size in bytes: 656. Pages printed: 1. No user action is required."
Information	3/1/2020 21:12	Microsoft-Windows-PrintService	307	Printing a document	"Document 103, Print Document owned by lpavlo01 on \\MESOEL06484 was printed on VLS3.60 through port UCP-1.  Size in bytes: 752. Pages printed: 1. No user action is required."
Information	3/1/2020 21:37	Microsoft-Windows-PrintService	307	Printing a document	"Document 104, Print Document owned by lpavlo01 on \\MESOEL06484 was printed on VLS3.60 through port UCP-1.  Size in bytes: 34256. Pages printed: 1. No user action is required."
Information	3/1/2020 22:11	Microsoft-Windows-PrintService	307	Printing a document	"Document 105, Print Document owned by lpavlo01 on \\MESOEL06484 was printed on VLS3.60 through port UCP-1.  Size in bytes: 2536. Pages printed: 1. No user action is required."
Information	3/1/2020 22:14	Microsoft-Windows-PrintService	307	Printing a document	"Document 106, Print Document owned by lpavlo01 on \\MESOEL06484 was printed on VLS3.60 through port UCP-1.  Size in bytes: 4624. Pages printed: 1. No user action is required."
Information	3/1/2020 22:32	Microsoft-Windows-PrintService	307	Printing a document	"Document 107, Print Document owned by lpavlo01 on \\MESOEL06484 was printed on VLS3.60 through port UCP-1.  Size in bytes: 4624. Pages printed: 1. No user action is required."
Information	3/1/2020 23:27	Microsoft-Windows-PrintService	307	Printing a document	"Document 108, Print Document owned by lpavlo01 on \\MESOEL06484 was printed on VLS3.60 through port UCP-1.  Size in bytes: 2976. Pages printed: 1. No user action is required."
Information	3/2/2020 9:16	Microsoft-Windows-PrintService	307	Printing a document	"Document 109, Print Document owned by lpavlo01 on \\MESOEL06484 was printed on VLS3.60 through port UCP-1.  Size in bytes: 4912. Pages printed: 1. No user action is required."
Information	3/2/2020 9:31	Microsoft-Windows-PrintService	307	Printing a document	"Document 110, Print Document owned by lpavlo01 on \\MESOEL06484 was printed on VLS3.60 through port UCP-1.  Size in bytes: 4912. Pages printed: 1. No user action is required."
Information	3/2/2020 9:51	Microsoft-Windows-PrintService	307	Printing a document	"Document 111, Print Document owned by lpavlo01 on \\MESOEL06484 was printed on VLS3.60 through port UCP-1.  Size in bytes: 19456. Pages printed: 1. No user action is required."
Information	3/2/2020 10:07	Microsoft-Windows-PrintService	307	Printing a document	"Document 112, Print Document owned by lpavlo01 on \\MESOEL06484 was printed on VLS3.60 through port UCP-1.  Size in bytes: 25936. Pages printed: 1. No user action is required."
Information	3/2/2020 10:15	Microsoft-Windows-PrintService	307	Printing a document	"Document 113, Print Document owned by lpavlo01 on \\MESOEL06484 was printed on VLS3.60 through port UCP-1.  Size in bytes: 12184. Pages printed: 1. No user action is required."
Information	3/2/2020 10:22	Microsoft-Windows-PrintService	307	Printing a document	"Document 114, Print Document owned by lpavlo01 on \\MESOEL06484 was printed on VLS3.60 through port UCP-1.  Size in bytes: 7760. Pages printed: 1. No user action is required."
Information	3/2/2020 14:00	Microsoft-Windows-PrintService	307	Printing a document	"Document 115, Print Document owned by lpavlo01 on \\MESOEL06484 was printed on VLS3.60 through port UCP-1.  Size in bytes: 54116. Pages printed: 1. No user action is required."
Information	3/2/2020 14:01	Microsoft-Windows-PrintService	307	Printing a document	"Document 116, Print Document owned by lpavlo01 on \\MESOEL06484 was printed on VLS3.60 through port UCP-1.  Size in bytes: 54116. Pages printed: 1. No user action is required."
Information	3/2/2020 14:24	Microsoft-Windows-PrintService	307	Printing a document	"Document 117, Print Document owned by lpavlo01 on \\MESOEL06484 was printed on VLS3.60 through port UCP-1.  Size in bytes: 54368. Pages printed: 1. No user action is required."
Information	3/2/2020 14:39	Microsoft-Windows-PrintService	307	Printing a document	"Document 118, Print Document owned by lpavlo01 on \\MESOEL06484 was printed on VLS3.60 through port UCP-1.  Size in bytes: 1168. Pages printed: 1. No user action is required."
Information	3/2/2020 14:50	Microsoft-Windows-PrintService	307	Printing a document	"Document 119, Print Document owned by lpavlo01 on \\MESOEL06484 was printed on VLS3.60 through port UCP-1.  Size in bytes: 6288. Pages printed: 1. No user action is required."
Information	3/2/2020 15:05	Microsoft-Windows-PrintService	307	Printing a document	"Document 120, Print Document owned by lpavlo01 on \\MESOEL06484 was printed on VLS3.60 through port UCP-1.  Size in bytes: 2240. Pages printed: 1. No user action is required."
Information	3/2/2020 16:10	Microsoft-Windows-PrintService	307	Printing a document	"Document 121, Print Document owned by lpavlo01 on \\MESOEL06484 was printed on VLS3.60 through port UCP-1.  Size in bytes: 10776. Pages printed: 1. No user action is required."
Information	3/2/2020 16:25	Microsoft-Windows-PrintService	307	Printing a document	"Document 122, Print Document owned by lpavlo01 on \\MESOEL06484 was printed on VLS3.60 through port UCP-1.  Size in bytes: 1264. Pages printed: 1. No user action is required."
Information	3/2/2020 16:46	Microsoft-Windows-PrintService	307	Printing a document	"Document 123, Print Document owned by lpavlo01 on \\MESOEL06484 was printed on VLS3.60 through port UCP-1.  Size in bytes: 2808. Pages printed: 1. No user action is required."
Information	3/2/2020 17:02	Microsoft-Windows-PrintService	307	Printing a document	"Document 124, Print Document owned by lpavlo01 on \\MESOEL06484 was printed on VLS3.60 through port UCP-1.  Size in bytes: 2808. Pages printed: 1. No user action is required."
Information	3/2/2020 17:04	Microsoft-Windows-PrintService	307	Printing a document	"Document 125, Print Document owned by lpavlo01 on \\MESOEL06484 was printed on VLS3.60 through port UCP-1.  Size in bytes: 2808. Pages printed: 1. No user action is required."
Information	3/2/2020 17:08	Microsoft-Windows-PrintService	307	Printing a document	"Document 126, Print Document owned by lpavlo01 on \\MESOEL06484 was printed on VLS3.60 through port UCP-1.  Size in bytes: 656. Pages printed: 1. No user action is required."
Information	3/2/2020 17:09	Microsoft-Windows-PrintService	307	Printing a document	"Document 127, Print Document owned by lpavlo01 on \\MESOEL06484 was printed on VLS3.60 through port UCP-1.  Size in bytes: 656. Pages printed: 1. No user action is required."
Information	3/2/2020 17:09	Microsoft-Windows-PrintService	307	Printing a document	"Document 128, Print Document owned by lpavlo01 on \\MESOEL06484 was printed on VLS3.60 through port UCP-1.  Size in bytes: 656. Pages printed: 1. No user action is required."
Information	3/2/2020 17:09	Microsoft-Windows-PrintService	307	Printing a document	"Document 129, Print Document owned by lpavlo01 on \\MESOEL06484 was printed on VLS3.60 through port UCP-1.  Size in bytes: 656. Pages printed: 1. No user action is required."
Information	3/2/2020 17:13	Microsoft-Windows-PrintService	307	Printing a document	"Document 130, Print Document owned by lpavlo01 on \\MESOEL06484 was printed on VLS3.60 through port UCP-1.  Size in bytes: 1104. Pages printed: 1. No user action is required."
Information	3/2/2020 17:23	Microsoft-Windows-PrintService	307	Printing a document	"Document 131, Print Document owned by lpavlo01 on \\MESOEL06484 was printed on VLS3.60 through port UCP-1.  Size in bytes: 1552. Pages printed: 1. No user action is required."
