Information	2/19/2020 9:30	Microsoft-Windows-PrintService	307	Printing a document	"Document 43, Print Document owned by edonne02 on \\MESOEL06484 was printed on VLS3.60 through port UCP-1.  Size in bytes: 3264. Pages printed: 1. No user action is required."
Information	2/19/2020 12:02	Microsoft-Windows-PrintService	307	Printing a document	"Document 44, Print Document owned by edonne02 on \\MESOEL06484 was printed on VLS3.60 through port UCP-1.  Size in bytes: 54224. Pages printed: 1. No user action is required."
Information	2/19/2020 12:08	Microsoft-Windows-PrintService	307	Printing a document	"Document 45, Print Document owned by edonne02 on \\MESOEL06484 was printed on VLS3.60 through port UCP-1.  Size in bytes: 1392. Pages printed: 1. No user action is required."
Information	2/19/2020 12:10	Microsoft-Windows-PrintService	307	Printing a document	"Document 46, Print Document owned by edonne02 on \\MESOEL06484 was printed on VLS3.60 through port UCP-1.  Size in bytes: 30800. Pages printed: 1. No user action is required."
Information	2/19/2020 12:11	Microsoft-Windows-PrintService	307	Printing a document	"Document 47, Print Document owned by edonne02 on \\MESOEL06484 was printed on VLS3.60 through port UCP-1.  Size in bytes: 30800. Pages printed: 1. No user action is required."
Information	2/19/2020 13:16	Microsoft-Windows-PrintService	307	Printing a document	"Document 48, Print Document owned by edonne02 on \\MESOEL06484 was printed on VLS3.60 through port UCP-1.  Size in bytes: 1104. Pages printed: 1. No user action is required."
Information	2/19/2020 14:06	Microsoft-Windows-PrintService	307	Printing a document	"Document 49, Print Document owned by edonne02 on \\MESOEL06484 was printed on VLS3.60 through port UCP-1.  Size in bytes: 8656. Pages printed: 1. No user action is required."
Information	2/19/2020 14:35	Microsoft-Windows-PrintService	307	Printing a document	"Document 50, Print Document owned by edonne02 on \\MESOEL06484 was printed on VLS3.60 through port UCP-1.  Size in bytes: 912. Pages printed: 1. No user action is required."
Information	2/19/2020 14:36	Microsoft-Windows-PrintService	307	Printing a document	"Document 51, Print Document owned by edonne02 on \\MESOEL06484 was printed on VLS3.60 through port UCP-1.  Size in bytes: 912. Pages printed: 1. No user action is required."
Information	2/19/2020 14:37	Microsoft-Windows-PrintService	307	Printing a document	"Document 52, Print Document owned by edonne02 on \\MESOEL06484 was printed on VLS3.60 through port UCP-1.  Size in bytes: 912. Pages printed: 1. No user action is required."
Information	2/19/2020 14:38	Microsoft-Windows-PrintService	307	Printing a document	"Document 53, Print Document owned by edonne02 on \\MESOEL06484 was printed on VLS3.60 through port UCP-1.  Size in bytes: 912. Pages printed: 1. No user action is required."
Information	2/19/2020 15:20	Microsoft-Windows-PrintService	307	Printing a document	"Document 54, Print Document owned by edonne02 on \\MESOEL06484 was printed on VLS3.60 through port UCP-1.  Size in bytes: 8560. Pages printed: 1. No user action is required."
Information	2/19/2020 16:59	Microsoft-Windows-PrintService	307	Printing a document	"Document 55, Print Document owned by edonne02 on \\MESOEL06484 was printed on VLS3.60 through port UCP-1.  Size in bytes: 2388. Pages printed: 1. No user action is required."
Information	2/19/2020 17:15	Microsoft-Windows-PrintService	307	Printing a document	"Document 56, Print Document owned by edonne02 on \\MESOEL06484 was printed on VLS3.60 through port UCP-1.  Size in bytes: 767816. Pages printed: 1. No user action is required."
Information	2/19/2020 17:30	Microsoft-Windows-PrintService	307	Printing a document	"Document 57, Print Document owned by edonne02 on \\MESOEL06484 was printed on VLS3.60 through port UCP-1.  Size in bytes: 6216. Pages printed: 1. No user action is required."
Information	2/19/2020 17:35	Microsoft-Windows-PrintService	307	Printing a document	"Document 58, Print Document owned by edonne02 on \\MESOEL06484 was printed on VLS3.60 through port UCP-1.  Size in bytes: 6216. Pages printed: 1. No user action is required."
Information	2/19/2020 17:41	Microsoft-Windows-PrintService	307	Printing a document	"Document 59, Print Document owned by edonne02 on \\MESOEL06484 was printed on VLS3.60 through port UCP-1.  Size in bytes: 506504. Pages printed: 1. No user action is required."
Information	2/19/2020 17:45	Microsoft-Windows-PrintService	307	Printing a document	"Document 60, Print Document owned by edonne02 on \\MESOEL06484 was printed on VLS3.60 through port UCP-1.  Size in bytes: 6216. Pages printed: 1. No user action is required."
Information	2/19/2020 17:48	Microsoft-Windows-PrintService	307	Printing a document	"Document 61, Print Document owned by edonne02 on \\MESOEL06484 was printed on VLS3.60 through port UCP-1.  Size in bytes: 1102512. Pages printed: 1. No user action is required."
Information	2/19/2020 17:55	Microsoft-Windows-PrintService	307	Printing a document	"Document 62, Print Document owned by edonne02 on \\MESOEL06484 was printed on VLS3.60 through port UCP-1.  Size in bytes: 100424. Pages printed: 1. No user action is required."
Information	2/19/2020 18:09	Microsoft-Windows-PrintService	307	Printing a document	"Document 63, Print Document owned by edonne02 on \\MESOEL06484 was printed on VLS3.60 through port UCP-1.  Size in bytes: 97496. Pages printed: 1. No user action is required."
Information	2/19/2020 18:26	Microsoft-Windows-PrintService	307	Printing a document	"Document 64, Print Document owned by edonne02 on \\MESOEL06484 was printed on VLS3.60 through port UCP-1.  Size in bytes: 72980. Pages printed: 1. No user action is required."
Information	2/19/2020 18:42	Microsoft-Windows-PrintService	307	Printing a document	"Document 65, Print Document owned by edonne02 on \\MESOEL06484 was printed on VLS3.60 through port UCP-1.  Size in bytes: 5008. Pages printed: 1. No user action is required."
Information	2/19/2020 18:57	Microsoft-Windows-PrintService	307	Printing a document	"Document 66, Print Document owned by edonne02 on \\MESOEL06484 was printed on VLS3.60 through port UCP-1.  Size in bytes: 351376. Pages printed: 1. No user action is required."
Information	2/19/2020 20:29	Microsoft-Windows-PrintService	307	Printing a document	"Document 67, Print Document owned by edonne02 on \\MESOEL06484 was printed on VLS3.60 through port UCP-1.  Size in bytes: 2536. Pages printed: 1. No user action is required."
Information	2/20/2020 13:14	Microsoft-Windows-PrintService	307	Printing a document	"Document 68, Print Document owned by edonne02 on \\MESOEL06484 was printed on VLS3.60 through port UCP-1.  Size in bytes: 7556. Pages printed: 1. No user action is required."
Information	2/20/2020 13:15	Microsoft-Windows-PrintService	307	Printing a document	"Document 69, Print Document owned by edonne02 on \\MESOEL06484 was printed on VLS3.60 through port UCP-1.  Size in bytes: 6384. Pages printed: 1. No user action is required."
Information	2/20/2020 14:45	Microsoft-Windows-PrintService	307	Printing a document	"Document 70, Print Document owned by edonne02 on \\MESOEL06484 was printed on VLS3.60 through port UCP-1.  Size in bytes: 405092. Pages printed: 1. No user action is required."
Information	2/20/2020 14:45	Microsoft-Windows-PrintService	307	Printing a document	"Document 71, Print Document owned by edonne02 on \\MESOEL06484 was printed on VLS3.60 through port UCP-1.  Size in bytes: 405092. Pages printed: 1. No user action is required."
Information	2/20/2020 14:46	Microsoft-Windows-PrintService	307	Printing a document	"Document 72, Print Document owned by edonne02 on \\MESOEL06484 was printed on VLS3.60 through port UCP-1.  Size in bytes: 405092. Pages printed: 1. No user action is required."
Information	2/20/2020 14:48	Microsoft-Windows-PrintService	307	Printing a document	"Document 73, Print Document owned by edonne02 on \\MESOEL06484 was printed on VLS3.60 through port UCP-1.  Size in bytes: 405092. Pages printed: 1. No user action is required."
Information	2/20/2020 14:49	Microsoft-Windows-PrintService	307	Printing a document	"Document 74, Print Document owned by edonne02 on \\MESOEL06484 was printed on VLS3.60 through port UCP-1.  Size in bytes: 405092. Pages printed: 1. No user action is required."
Information	2/20/2020 14:50	Microsoft-Windows-PrintService	307	Printing a document	"Document 75, Print Document owned by edonne02 on \\MESOEL06484 was printed on VLS3.60 through port UCP-1.  Size in bytes: 784. Pages printed: 1. No user action is required."
Information	2/20/2020 14:50	Microsoft-Windows-PrintService	307	Printing a document	"Document 76, Print Document owned by edonne02 on \\MESOEL06484 was printed on VLS3.60 through port UCP-1.  Size in bytes: 8240. Pages printed: 1. No user action is required."
Information	2/20/2020 14:52	Microsoft-Windows-PrintService	307	Printing a document	"Document 77, Print Document owned by edonne02 on \\MESOEL06484 was printed on VLS3.60 through port UCP-1.  Size in bytes: 427244. Pages printed: 1. No user action is required."
Information	2/20/2020 14:53	Microsoft-Windows-PrintService	307	Printing a document	"Document 78, Print Document owned by edonne02 on \\MESOEL06484 was printed on VLS3.60 through port UCP-1.  Size in bytes: 7856. Pages printed: 1. No user action is required."
Information	2/20/2020 15:00	Microsoft-Windows-PrintService	307	Printing a document	"Document 79, Print Document owned by edonne02 on \\MESOEL06484 was printed on VLS3.60 through port UCP-1.  Size in bytes: 396568. Pages printed: 1. No user action is required."
Information	2/20/2020 15:58	Microsoft-Windows-PrintService	307	Printing a document	"Document 80, Print Document owned by edonne02 on \\MESOEL06484 was printed on VLS3.60 through port UCP-1.  Size in bytes: 2034092. Pages printed: 1. No user action is required."
Information	2/20/2020 16:04	Microsoft-Windows-PrintService	307	Printing a document	"Document 81, Print Document owned by edonne02 on \\MESOEL06484 was printed on VLS3.60 through port UCP-1.  Size in bytes: 2034396. Pages printed: 1. No user action is required."
Information	2/20/2020 16:09	Microsoft-Windows-PrintService	307	Printing a document	"Document 82, Print Document owned by edonne02 on \\MESOEL06484 was printed on VLS3.60 through port UCP-1.  Size in bytes: 2154896. Pages printed: 1. No user action is required."
Information	2/20/2020 16:09	Microsoft-Windows-PrintService	307	Printing a document	"Document 83, Print Document owned by edonne02 on \\MESOEL06484 was printed on VLS3.60 through port UCP-1.  Size in bytes: 2159556. Pages printed: 1. No user action is required."
Information	2/20/2020 16:50	Microsoft-Windows-PrintService	307	Printing a document	"Document 84, Print Document owned by edonne02 on \\MESOEL06484 was printed on VLS3.60 through port UCP-1.  Size in bytes: 656. Pages printed: 1. No user action is required."
Information	2/20/2020 17:38	Microsoft-Windows-PrintService	307	Printing a document	"Document 85, Print Document owned by edonne02 on \\MESOEL06484 was printed on VLS3.60 through port UCP-1.  Size in bytes: 127860. Pages printed: 1. No user action is required."
Information	2/20/2020 17:45	Microsoft-Windows-PrintService	307	Printing a document	"Document 86, Print Document owned by edonne02 on \\MESOEL06484 was printed on VLS3.60 through port UCP-1.  Size in bytes: 11872. Pages printed: 1. No user action is required."
Information	2/20/2020 17:58	Microsoft-Windows-PrintService	307	Printing a document	"Document 87, Print Document owned by edonne02 on \\MESOEL06484 was printed on VLS3.60 through port UCP-1.  Size in bytes: 2208. Pages printed: 1. No user action is required."
Information	2/20/2020 18:15	Microsoft-Windows-PrintService	307	Printing a document	"Document 88, Print Document owned by edonne02 on \\MESOEL06484 was printed on VLS3.60 through port UCP-1.  Size in bytes: 269776. Pages printed: 1. No user action is required."
Information	2/20/2020 18:33	Microsoft-Windows-PrintService	307	Printing a document	"Document 89, Print Document owned by edonne02 on \\MESOEL06484 was printed on VLS3.60 through port UCP-1.  Size in bytes: 13440. Pages printed: 1. No user action is required."
Information	2/20/2020 18:43	Microsoft-Windows-PrintService	307	Printing a document	"Document 90, Print Document owned by edonne02 on \\MESOEL06484 was printed on VLS3.60 through port UCP-1.  Size in bytes: 1424. Pages printed: 1. No user action is required."
Information	2/20/2020 18:44	Microsoft-Windows-PrintService	307	Printing a document	"Document 91, Print Document owned by edonne02 on \\MESOEL06484 was printed on VLS3.60 through port UCP-1.  Size in bytes: 1872. Pages printed: 1. No user action is required."
Information	2/20/2020 19:23	Microsoft-Windows-PrintService	307	Printing a document	"Document 92, Print Document owned by edonne02 on \\MESOEL06484 was printed on VLS3.60 through port UCP-1.  Size in bytes: 36640. Pages printed: 1. No user action is required."
Information	2/20/2020 20:12	Microsoft-Windows-PrintService	307	Printing a document	"Document 93, Print Document owned by edonne02 on \\MESOEL06484 was printed on VLS3.60 through port UCP-1.  Size in bytes: 41872. Pages printed: 1. No user action is required."
Information	2/20/2020 20:39	Microsoft-Windows-PrintService	307	Printing a document	"Document 94, Print Document owned by edonne02 on \\MESOEL06484 was printed on VLS3.60 through port UCP-1.  Size in bytes: 1872. Pages printed: 1. No user action is required."
Information	2/20/2020 21:30	Microsoft-Windows-PrintService	307	Printing a document	"Document 95, Print Document owned by edonne02 on \\MESOEL06484 was printed on VLS3.60 through port UCP-1.  Size in bytes: 2240. Pages printed: 1. No user action is required."
Information	2/20/2020 21:36	Microsoft-Windows-PrintService	307	Printing a document	"Document 96, Print Document owned by edonne02 on \\MESOEL06484 was printed on VLS3.60 through port UCP-1.  Size in bytes: 2240. Pages printed: 1. No user action is required."
Information	2/20/2020 21:41	Microsoft-Windows-PrintService	307	Printing a document	"Document 97, Print Document owned by edonne02 on \\MESOEL06484 was printed on VLS3.60 through port UCP-1.  Size in bytes: 32264. Pages printed: 1. No user action is required."
Information	2/20/2020 21:46	Microsoft-Windows-PrintService	307	Printing a document	"Document 98, Print Document owned by edonne02 on \\MESOEL06484 was printed on VLS3.60 through port UCP-1.  Size in bytes: 32264. Pages printed: 1. No user action is required."
Information	2/20/2020 21:52	Microsoft-Windows-PrintService	307	Printing a document	"Document 99, Print Document owned by edonne02 on \\MESOEL06484 was printed on VLS3.60 through port UCP-1.  Size in bytes: 32264. Pages printed: 1. No user action is required."
Information	2/20/2020 21:58	Microsoft-Windows-PrintService	307	Printing a document	"Document 100, Print Document owned by edonne02 on \\MESOEL06484 was printed on VLS3.60 through port UCP-1.  Size in bytes: 32264. Pages printed: 1. No user action is required."
Information	2/20/2020 22:08	Microsoft-Windows-PrintService	307	Printing a document	"Document 101, Print Document owned by edonne02 on \\MESOEL06484 was printed on VLS3.60 through port UCP-1.  Size in bytes: 30208. Pages printed: 1. No user action is required."
Information	2/20/2020 22:19	Microsoft-Windows-PrintService	307	Printing a document	"Document 102, Print Document owned by edonne02 on \\MESOEL06484 was printed on VLS3.60 through port UCP-1.  Size in bytes: 30208. Pages printed: 1. No user action is required."
Information	2/20/2020 22:29	Microsoft-Windows-PrintService	307	Printing a document	"Document 103, Print Document owned by edonne02 on \\MESOEL06484 was printed on VLS3.60 through port UCP-1.  Size in bytes: 780. Pages printed: 1. No user action is required."
Information	2/20/2020 22:32	Microsoft-Windows-PrintService	307	Printing a document	"Document 104, Print Document owned by edonne02 on \\MESOEL06484 was printed on VLS3.60 through port UCP-1.  Size in bytes: 784. Pages printed: 1. No user action is required."
Information	2/20/2020 22:37	Microsoft-Windows-PrintService	307	Printing a document	"Document 105, Print Document owned by edonne02 on \\MESOEL06484 was printed on VLS3.60 through port UCP-1.  Size in bytes: 23312. Pages printed: 1. No user action is required."
Information	2/20/2020 22:39	Microsoft-Windows-PrintService	307	Printing a document	"Document 106, Print Document owned by edonne02 on \\MESOEL06484 was printed on VLS3.60 through port UCP-1.  Size in bytes: 9328. Pages printed: 1. No user action is required."
Information	2/20/2020 22:55	Microsoft-Windows-PrintService	307	Printing a document	"Document 107, Print Document owned by edonne02 on \\MESOEL06484 was printed on VLS3.60 through port UCP-1.  Size in bytes: 784. Pages printed: 1. No user action is required."
Information	2/20/2020 23:00	Microsoft-Windows-PrintService	307	Printing a document	"Document 108, Print Document owned by edonne02 on \\MESOEL06484 was printed on VLS3.60 through port UCP-1.  Size in bytes: 784. Pages printed: 1. No user action is required."
Information	2/20/2020 23:25	Microsoft-Windows-PrintService	307	Printing a document	"Document 109, Print Document owned by edonne02 on \\MESOEL06484 was printed on VLS3.60 through port UCP-1.  Size in bytes: 25616. Pages printed: 1. No user action is required."
Information	2/20/2020 23:27	Microsoft-Windows-PrintService	307	Printing a document	"Document 110, Print Document owned by edonne02 on \\MESOEL06484 was printed on VLS3.60 through port UCP-1.  Size in bytes: 9328. Pages printed: 1. No user action is required."
Information	2/21/2020 9:50	Microsoft-Windows-PrintService	307	Printing a document	"Document 111, Print Document owned by edonne02 on \\MESOEL06484 was printed on VLS3.60 through port UCP-1.  Size in bytes: 1584. Pages printed: 1. No user action is required."
Information	2/21/2020 10:46	Microsoft-Windows-PrintService	307	Printing a document	"Document 112, Print Document owned by edonne02 on \\MESOEL06484 was printed on VLS3.60 through port UCP-1.  Size in bytes: 2704. Pages printed: 1. No user action is required."
Information	2/21/2020 10:47	Microsoft-Windows-PrintService	307	Printing a document	"Document 113, Print Document owned by edonne02 on \\MESOEL06484 was printed on VLS3.60 through port UCP-1.  Size in bytes: 3280. Pages printed: 1. No user action is required."
Information	2/21/2020 10:51	Microsoft-Windows-PrintService	307	Printing a document	"Document 114, Print Document owned by edonne02 on \\MESOEL06484 was printed on VLS3.60 through port UCP-1.  Size in bytes: 3984. Pages printed: 1. No user action is required."
Information	2/21/2020 11:09	Microsoft-Windows-PrintService	307	Printing a document	"Document 115, Print Document owned by edonne02 on \\MESOEL06484 was printed on VLS3.60 through port UCP-1.  Size in bytes: 54724. Pages printed: 2. No user action is required."
Information	2/21/2020 11:11	Microsoft-Windows-PrintService	307	Printing a document	"Document 116, Print Document owned by edonne02 on \\MESOEL06484 was printed on VLS3.60 through port UCP-1.  Size in bytes: 4052. Pages printed: 1. No user action is required."
Information	2/21/2020 11:12	Microsoft-Windows-PrintService	307	Printing a document	"Document 117, Print Document owned by edonne02 on \\MESOEL06484 was printed on VLS3.60 through port UCP-1.  Size in bytes: 4052. Pages printed: 1. No user action is required."
Information	2/21/2020 11:39	Microsoft-Windows-PrintService	307	Printing a document	"Document 118, Print Document owned by edonne02 on \\MESOEL06484 was printed on VLS3.60 through port UCP-1.  Size in bytes: 61664. Pages printed: 2. No user action is required."
Information	2/21/2020 11:41	Microsoft-Windows-PrintService	307	Printing a document	"Document 119, Print Document owned by edonne02 on \\MESOEL06484 was printed on VLS3.60 through port UCP-1.  Size in bytes: 59792. Pages printed: 2. No user action is required."
Information	2/21/2020 13:40	Microsoft-Windows-PrintService	307	Printing a document	"Document 120, Print Document owned by edonne02 on \\MESOEL06484 was printed on VLS3.60 through port UCP-1.  Size in bytes: 54480. Pages printed: 1. No user action is required."
Information	2/21/2020 13:44	Microsoft-Windows-PrintService	307	Printing a document	"Document 121, Print Document owned by edonne02 on \\MESOEL06484 was printed on VLS3.60 through port UCP-1.  Size in bytes: 54480. Pages printed: 1. No user action is required."
Information	2/21/2020 13:45	Microsoft-Windows-PrintService	307	Printing a document	"Document 122, Print Document owned by edonne02 on \\MESOEL06484 was printed on VLS3.60 through port UCP-1.  Size in bytes: 54480. Pages printed: 1. No user action is required."
Information	2/21/2020 13:49	Microsoft-Windows-PrintService	307	Printing a document	"Document 123, Print Document owned by edonne02 on \\MESOEL06484 was printed on VLS3.60 through port UCP-1.  Size in bytes: 54480. Pages printed: 1. No user action is required."
Information	2/21/2020 14:15	Microsoft-Windows-PrintService	307	Printing a document	"Document 124, Print Document owned by edonne02 on \\MESOEL06484 was printed on VLS3.60 through port UCP-1.  Size in bytes: 2192. Pages printed: 1. No user action is required."
Information	2/21/2020 14:16	Microsoft-Windows-PrintService	307	Printing a document	"Document 125, Print Document owned by edonne02 on \\MESOEL06484 was printed on VLS3.60 through port UCP-1.  Size in bytes: 12224. Pages printed: 1. No user action is required."
Information	2/21/2020 14:16	Microsoft-Windows-PrintService	307	Printing a document	"Document 126, Print Document owned by edonne02 on \\MESOEL06484 was printed on VLS3.60 through port UCP-1.  Size in bytes: 12224. Pages printed: 1. No user action is required."
Information	2/21/2020 15:03	Microsoft-Windows-PrintService	307	Printing a document	"Document 127, Print Document owned by edonne02 on \\MESOEL06484 was printed on VLS3.60 through port UCP-1.  Size in bytes: 15424. Pages printed: 1. No user action is required."
Information	2/21/2020 15:11	Microsoft-Windows-PrintService	307	Printing a document	"Document 128, Print Document owned by edonne02 on \\MESOEL06484 was printed on VLS3.60 through port UCP-1.  Size in bytes: 30784. Pages printed: 1. No user action is required."
Information	2/21/2020 15:52	Microsoft-Windows-PrintService	307	Printing a document	"Document 129, Print Document owned by edonne02 on \\MESOEL06484 was printed on VLS3.60 through port UCP-1.  Size in bytes: 15592. Pages printed: 1. No user action is required."
Information	2/21/2020 17:39	Microsoft-Windows-PrintService	307	Printing a document	"Document 130, Print Document owned by edonne02 on \\MESOEL06484 was printed on VLS3.60 through port UCP-1.  Size in bytes: 799744. Pages printed: 1. No user action is required."
Information	2/21/2020 17:42	Microsoft-Windows-PrintService	307	Printing a document	"Document 131, Print Document owned by edonne02 on \\MESOEL06484 was printed on VLS3.60 through port UCP-1.  Size in bytes: 799744. Pages printed: 1. No user action is required."
Information	2/21/2020 17:42	Microsoft-Windows-PrintService	307	Printing a document	"Document 132, Print Document owned by edonne02 on \\MESOEL06484 was printed on VLS3.60 through port UCP-1.  Size in bytes: 799744. Pages printed: 1. No user action is required."
Information	2/21/2020 18:03	Microsoft-Windows-PrintService	307	Printing a document	"Document 133, Print Document owned by edonne02 on \\MESOEL06484 was printed on VLS3.60 through port UCP-1.  Size in bytes: 95936. Pages printed: 1. No user action is required."
Information	2/21/2020 18:07	Microsoft-Windows-PrintService	307	Printing a document	"Document 134, Print Document owned by edonne02 on \\MESOEL06484 was printed on VLS3.60 through port UCP-1.  Size in bytes: 99696. Pages printed: 1. No user action is required."
Information	2/21/2020 18:22	Microsoft-Windows-PrintService	307	Printing a document	"Document 135, Print Document owned by edonne02 on \\MESOEL06484 was printed on VLS3.60 through port UCP-1.  Size in bytes: 99696. Pages printed: 1. No user action is required."
Information	2/21/2020 18:40	Microsoft-Windows-PrintService	307	Printing a document	"Document 136, Print Document owned by edonne02 on \\MESOEL06484 was printed on VLS3.60 through port UCP-1.  Size in bytes: 15920. Pages printed: 1. No user action is required."
Information	2/21/2020 19:17	Microsoft-Windows-PrintService	307	Printing a document	"Document 137, Print Document owned by edonne02 on \\MESOEL06484 was printed on VLS3.60 through port UCP-1.  Size in bytes: 916024. Pages printed: 1. No user action is required."
Information	2/21/2020 19:41	Microsoft-Windows-PrintService	307	Printing a document	"Document 138, Print Document owned by edonne02 on \\MESOEL06484 was printed on VLS3.60 through port UCP-1.  Size in bytes: 916024. Pages printed: 1. No user action is required."
Information	2/21/2020 20:03	Microsoft-Windows-PrintService	307	Printing a document	"Document 139, Print Document owned by ajalal02 on \\MESOEL06484 was printed on VLS3.60 through port UCP-1.  Size in bytes: 8816. Pages printed: 1. No user action is required."
Information	2/21/2020 20:33	Microsoft-Windows-PrintService	307	Printing a document	"Document 140, Print Document owned by dndond01 on \\MESOEL06484 was printed on VLS3.60 through port UCP-1.  Size in bytes: 9728. Pages printed: 1. No user action is required."
Information	2/21/2020 20:35	Microsoft-Windows-PrintService	307	Printing a document	"Document 141, Print Document owned by dndond01 on \\MESOEL06484 was printed on VLS3.60 through port UCP-1.  Size in bytes: 9728. Pages printed: 1. No user action is required."
Information	2/21/2020 20:58	Microsoft-Windows-PrintService	307	Printing a document	"Document 142, Print Document owned by ajalal02 on \\MESOEL06484 was printed on VLS3.60 through port UCP-1.  Size in bytes: 14296. Pages printed: 1. No user action is required."
Information	2/21/2020 21:05	Microsoft-Windows-PrintService	307	Printing a document	"Document 143, Print Document owned by ajalal02 on \\MESOEL06484 was printed on VLS3.60 through port UCP-1.  Size in bytes: 3360. Pages printed: 1. No user action is required."
Information	2/21/2020 21:31	Microsoft-Windows-PrintService	307	Printing a document	"Document 144, Print Document owned by spark17 on \\MESOEL06484 was printed on VLS3.60 through port UCP-1.  Size in bytes: 184824. Pages printed: 1. No user action is required."
Information	2/21/2020 21:53	Microsoft-Windows-PrintService	307	Printing a document	"Document 145, Print Document owned by jkanov01 on \\MESOEL06484 was printed on VLS3.60 through port UCP-1.  Size in bytes: 10800. Pages printed: 1. No user action is required."
Information	2/21/2020 22:09	Microsoft-Windows-PrintService	307	Printing a document	"Document 146, Print Document owned by dndond01 on \\MESOEL06484 was printed on VLS3.60 through port UCP-1.  Size in bytes: 3048. Pages printed: 1. No user action is required."
Information	2/21/2020 22:14	Microsoft-Windows-PrintService	307	Printing a document	"Document 147, Print Document owned by dndond01 on \\MESOEL06484 was printed on VLS3.60 through port UCP-1.  Size in bytes: 2504. Pages printed: 1. No user action is required."
Information	2/21/2020 22:14	Microsoft-Windows-PrintService	307	Printing a document	"Document 148, Print Document owned by dndond01 on \\MESOEL06484 was printed on VLS3.60 through port UCP-1.  Size in bytes: 2504. Pages printed: 1. No user action is required."
Information	2/21/2020 22:43	Microsoft-Windows-PrintService	307	Printing a document	"Document 149, Print Document owned by dndond01 on \\MESOEL06484 was printed on VLS3.60 through port UCP-1.  Size in bytes: 4336. Pages printed: 1. No user action is required."
Information	2/21/2020 22:49	Microsoft-Windows-PrintService	307	Printing a document	"Document 150, Print Document owned by dndond01 on \\MESOEL06484 was printed on VLS3.60 through port UCP-1.  Size in bytes: 4168. Pages printed: 1. No user action is required."
Information	2/21/2020 23:01	Microsoft-Windows-PrintService	307	Printing a document	"Document 151, Print Document owned by ajalal02 on \\MESOEL06484 was printed on VLS3.60 through port UCP-1.  Size in bytes: 3696. Pages printed: 1. No user action is required."
Information	2/21/2020 23:09	Microsoft-Windows-PrintService	307	Printing a document	"Document 152, Print Document owned by ywu15 on \\MESOEL06484 was printed on VLS3.60 through port UCP-1.  Size in bytes: 3024. Pages printed: 1. No user action is required."
Information	2/21/2020 23:10	Microsoft-Windows-PrintService	307	Printing a document	"Document 153, Print Document owned by ywu15 on \\MESOEL06484 was printed on VLS3.60 through port UCP-1.  Size in bytes: 3152. Pages printed: 1. No user action is required."
Information	2/21/2020 23:12	Microsoft-Windows-PrintService	307	Printing a document	"Document 154, Print Document owned by ywu15 on \\MESOEL06484 was printed on VLS3.60 through port UCP-1.  Size in bytes: 3152. Pages printed: 1. No user action is required."
Information	2/21/2020 23:14	Microsoft-Windows-PrintService	307	Printing a document	"Document 155, Print Document owned by ywu15 on \\MESOEL06484 was printed on VLS3.60 through port UCP-1.  Size in bytes: 3340. Pages printed: 1. No user action is required."
Information	2/21/2020 23:20	Microsoft-Windows-PrintService	307	Printing a document	"Document 156, Print Document owned by ywu15 on \\MESOEL06484 was printed on VLS3.60 through port UCP-1.  Size in bytes: 2952. Pages printed: 1. No user action is required."
Information	2/21/2020 23:35	Microsoft-Windows-PrintService	307	Printing a document	"Document 157, Print Document owned by ywu15 on \\MESOEL06484 was printed on VLS3.60 through port UCP-1.  Size in bytes: 7760. Pages printed: 1. No user action is required."
Information	2/22/2020 11:08	Microsoft-Windows-PrintService	307	Printing a document	"Document 158, Print Document owned by mkurzm01 on \\MESOEL06484 was printed on VLS3.60 through port UCP-1.  Size in bytes: 115020. Pages printed: 1. No user action is required."
Information	2/22/2020 11:12	Microsoft-Windows-PrintService	307	Printing a document	"Document 159, Print Document owned by mkurzm01 on \\MESOEL06484 was printed on VLS3.60 through port UCP-1.  Size in bytes: 33664. Pages printed: 1. No user action is required."
Information	2/22/2020 11:20	Microsoft-Windows-PrintService	307	Printing a document	"Document 160, Print Document owned by mkurzm01 on \\MESOEL06484 was printed on VLS3.60 through port UCP-1.  Size in bytes: 81732. Pages printed: 1. No user action is required."
Information	2/22/2020 11:31	Microsoft-Windows-PrintService	307	Printing a document	"Document 161, Print Document owned by mkurzm01 on \\MESOEL06484 was printed on VLS3.60 through port UCP-1.  Size in bytes: 6000. Pages printed: 1. No user action is required."
Information	2/22/2020 11:32	Microsoft-Windows-PrintService	307	Printing a document	"Document 162, Print Document owned by mkurzm01 on \\MESOEL06484 was printed on VLS3.60 through port UCP-1.  Size in bytes: 11600. Pages printed: 1. No user action is required."
Information	2/22/2020 12:05	Microsoft-Windows-PrintService	307	Printing a document	"Document 163, Print Document owned by mkurzm01 on \\MESOEL06484 was printed on VLS3.60 through port UCP-1.  Size in bytes: 3728. Pages printed: 1. No user action is required."
Information	2/22/2020 12:07	Microsoft-Windows-PrintService	307	Printing a document	"Document 164, Print Document owned by mkurzm01 on \\MESOEL06484 was printed on VLS3.60 through port UCP-1.  Size in bytes: 3728. Pages printed: 1. No user action is required."
Information	2/22/2020 12:09	Microsoft-Windows-PrintService	307	Printing a document	"Document 165, Print Document owned by mkurzm01 on \\MESOEL06484 was printed on VLS3.60 through port UCP-1.  Size in bytes: 2064. Pages printed: 1. No user action is required."
Information	2/22/2020 12:53	Microsoft-Windows-PrintService	307	Printing a document	"Document 166, Print Document owned by smusht01 on \\MESOEL06484 was printed on VLS3.60 through port UCP-1.  Size in bytes: 20388. Pages printed: 1. No user action is required."
Information	2/22/2020 13:03	Microsoft-Windows-PrintService	307	Printing a document	"Document 167, Print Document owned by smusht01 on \\MESOEL06484 was printed on VLS3.60 through port UCP-1.  Size in bytes: 20388. Pages printed: 1. No user action is required."
Information	2/22/2020 13:12	Microsoft-Windows-PrintService	307	Printing a document	"Document 168, Print Document owned by smusht01 on \\MESOEL06484 was printed on VLS3.60 through port UCP-1.  Size in bytes: 18704. Pages printed: 1. No user action is required."
Information	2/22/2020 15:47	Microsoft-Windows-PrintService	307	Printing a document	"Document 169, Print Document owned by jkanov01 on \\MESOEL06484 was printed on VLS3.60 through port UCP-1.  Size in bytes: 1552. Pages printed: 1. No user action is required."
Information	2/22/2020 15:48	Microsoft-Windows-PrintService	307	Printing a document	"Document 170, Print Document owned by jkanov01 on \\MESOEL06484 was printed on VLS3.60 through port UCP-1.  Size in bytes: 1552. Pages printed: 1. No user action is required."
Information	2/22/2020 16:31	Microsoft-Windows-PrintService	307	Printing a document	"Document 172, Print Document owned by kmeyer05 on \\MESOEL06484 was printed on VLS3.60 through port UCP-1.  Size in bytes: 32672. Pages printed: 1. No user action is required."
Information	2/22/2020 17:18	Microsoft-Windows-PrintService	307	Printing a document	"Document 2, Print Document owned by jmorse05 on \\MESOEL06484 was printed on VLS3.60 through port UCP-1.  Size in bytes: 541088. Pages printed: 1. No user action is required."
Information	2/22/2020 17:22	Microsoft-Windows-PrintService	307	Printing a document	"Document 3, Print Document owned by jmorse05 on \\MESOEL06484 was printed on VLS3.60 through port UCP-1.  Size in bytes: 483568. Pages printed: 1. No user action is required."
Information	2/22/2020 18:35	Microsoft-Windows-PrintService	307	Printing a document	"Document 4, Print Document owned by tclaus01 on \\MESOEL06484 was printed on VLS3.60 through port UCP-1.  Size in bytes: 15360. Pages printed: 1. No user action is required."
Information	2/23/2020 11:33	Microsoft-Windows-PrintService	307	Printing a document	"Document 5, Print Document owned by fvande01 on \\MESOEL06484 was printed on VLS3.60 through port UCP-1.  Size in bytes: 30528. Pages printed: 1. No user action is required."
Information	2/23/2020 11:36	Microsoft-Windows-PrintService	307	Printing a document	"Document 6, Print Document owned by fvande01 on \\MESOEL06484 was printed on VLS3.60 through port UCP-1.  Size in bytes: 30528. Pages printed: 1. No user action is required."
Information	2/23/2020 12:01	Microsoft-Windows-PrintService	307	Printing a document	"Document 7, Print Document owned by fvande01 on \\MESOEL06484 was printed on VLS3.60 through port UCP-1.  Size in bytes: 1904. Pages printed: 1. No user action is required."
Information	2/23/2020 12:14	Microsoft-Windows-PrintService	307	Printing a document	"Document 8, Print Document owned by fvande01 on \\MESOEL06484 was printed on VLS3.60 through port UCP-1.  Size in bytes: 52456. Pages printed: 1. No user action is required."
Information	2/23/2020 12:32	Microsoft-Windows-PrintService	307	Printing a document	"Document 9, Print Document owned by fvande01 on \\MESOEL06484 was printed on VLS3.60 through port UCP-1.  Size in bytes: 52456. Pages printed: 1. No user action is required."
Information	2/23/2020 12:53	Microsoft-Windows-PrintService	307	Printing a document	"Document 10, Print Document owned by fvande01 on \\MESOEL06484 was printed on VLS3.60 through port UCP-1.  Size in bytes: 7728. Pages printed: 1. No user action is required."
Information	2/23/2020 13:34	Microsoft-Windows-PrintService	307	Printing a document	"Document 11, Print Document owned by ogerva01 on \\MESOEL06484 was printed on VLS3.60 through port UCP-1.  Size in bytes: 1088. Pages printed: 1. No user action is required."
Information	2/23/2020 14:36	Microsoft-Windows-PrintService	307	Printing a document	"Document 12, Print Document owned by ykim24 on \\MESOEL06484 was printed on VLS3.60 through port UCP-1.  Size in bytes: 6696. Pages printed: 1. No user action is required."
Information	2/23/2020 14:37	Microsoft-Windows-PrintService	307	Printing a document	"Document 13, Print Document owned by ykim24 on \\MESOEL06484 was printed on VLS3.60 through port UCP-1.  Size in bytes: 6488. Pages printed: 1. No user action is required."
Information	2/23/2020 14:41	Microsoft-Windows-PrintService	307	Printing a document	"Document 14, Print Document owned by ykim24 on \\MESOEL06484 was printed on VLS3.60 through port UCP-1.  Size in bytes: 5112. Pages printed: 1. No user action is required."
Information	2/23/2020 15:02	Microsoft-Windows-PrintService	307	Printing a document	"Document 15, Print Document owned by ykim24 on \\MESOEL06484 was printed on VLS3.60 through port UCP-1.  Size in bytes: 1104. Pages printed: 1. No user action is required."
Information	2/23/2020 15:18	Microsoft-Windows-PrintService	307	Printing a document	"Document 16, Print Document owned by ykim24 on \\MESOEL06484 was printed on VLS3.60 through port UCP-1.  Size in bytes: 3360. Pages printed: 1. No user action is required."
Information	2/23/2020 15:55	Microsoft-Windows-PrintService	307	Printing a document	"Document 17, Print Document owned by yhirwa01 on \\MESOEL06484 was printed on VLS3.60 through port UCP-1.  Size in bytes: 8080. Pages printed: 1. No user action is required."
Information	2/23/2020 16:04	Microsoft-Windows-PrintService	307	Printing a document	"Document 18, Print Document owned by yhirwa01 on \\MESOEL06484 was printed on VLS3.60 through port UCP-1.  Size in bytes: 1584. Pages printed: 1. No user action is required."
Information	2/23/2020 16:42	Microsoft-Windows-PrintService	307	Printing a document	"Document 19, Print Document owned by yhirwa01 on \\MESOEL06484 was printed on VLS3.60 through port UCP-1.  Size in bytes: 433080. Pages printed: 1. No user action is required."
Information	2/23/2020 17:21	Microsoft-Windows-PrintService	307	Printing a document	"Document 20, Print Document owned by yhirwa01 on \\MESOEL06484 was printed on VLS3.60 through port UCP-1.  Size in bytes: 133756. Pages printed: 1. No user action is required."
Information	2/23/2020 17:22	Microsoft-Windows-PrintService	307	Printing a document	"Document 21, Print Document owned by yhirwa01 on \\MESOEL06484 was printed on VLS3.60 through port UCP-1.  Size in bytes: 133756. Pages printed: 1. No user action is required."
Information	2/23/2020 17:48	Microsoft-Windows-PrintService	307	Printing a document	"Document 22, Print Document owned by yhirwa01 on \\MESOEL06484 was printed on VLS3.60 through port UCP-1.  Size in bytes: 780. Pages printed: 1. No user action is required."
Information	2/23/2020 17:52	Microsoft-Windows-PrintService	307	Printing a document	"Document 23, Print Document owned by yhirwa01 on \\MESOEL06484 was printed on VLS3.60 through port UCP-1.  Size in bytes: 784. Pages printed: 1. No user action is required."
Information	2/23/2020 17:53	Microsoft-Windows-PrintService	307	Printing a document	"Document 24, Print Document owned by yhirwa01 on \\MESOEL06484 was printed on VLS3.60 through port UCP-1.  Size in bytes: 133760. Pages printed: 1. No user action is required."
Information	2/23/2020 18:18	Microsoft-Windows-PrintService	307	Printing a document	"Document 25, Print Document owned by yhirwa01 on \\MESOEL06484 was printed on VLS3.60 through port UCP-1.  Size in bytes: 44192. Pages printed: 1. No user action is required."
Information	2/23/2020 18:40	Microsoft-Windows-PrintService	307	Printing a document	"Document 26, Print Document owned by yhirwa01 on \\MESOEL06484 was printed on VLS3.60 through port UCP-1.  Size in bytes: 7504. Pages printed: 1. No user action is required."
Information	2/23/2020 18:45	Microsoft-Windows-PrintService	307	Printing a document	"Document 27, Print Document owned by yhirwa01 on \\MESOEL06484 was printed on VLS3.60 through port UCP-1.  Size in bytes: 5728. Pages printed: 1. No user action is required."
Information	2/23/2020 18:52	Microsoft-Windows-PrintService	307	Printing a document	"Document 28, Print Document owned by yhirwa01 on \\MESOEL06484 was printed on VLS3.60 through port UCP-1.  Size in bytes: 1271016. Pages printed: 1. No user action is required."
Information	2/23/2020 18:54	Microsoft-Windows-PrintService	307	Printing a document	"Document 29, Print Document owned by yhirwa01 on \\MESOEL06484 was printed on VLS3.60 through port UCP-1.  Size in bytes: 1236680. Pages printed: 1. No user action is required."
Information	2/23/2020 18:58	Microsoft-Windows-PrintService	307	Printing a document	"Document 30, Print Document owned by yhirwa01 on \\MESOEL06484 was printed on VLS3.60 through port UCP-1.  Size in bytes: 5728. Pages printed: 1. No user action is required."
Information	2/23/2020 19:00	Microsoft-Windows-PrintService	307	Printing a document	"Document 31, Print Document owned by yhirwa01 on \\MESOEL06484 was printed on VLS3.60 through port UCP-1.  Size in bytes: 1236680. Pages printed: 1. No user action is required."
Information	2/23/2020 19:02	Microsoft-Windows-PrintService	307	Printing a document	"Document 32, Print Document owned by yhirwa01 on \\MESOEL06484 was printed on VLS3.60 through port UCP-1.  Size in bytes: 619224. Pages printed: 1. No user action is required."
Information	2/23/2020 19:03	Microsoft-Windows-PrintService	307	Printing a document	"Document 33, Print Document owned by yhirwa01 on \\MESOEL06484 was printed on VLS3.60 through port UCP-1.  Size in bytes: 320264. Pages printed: 1. No user action is required."
Information	2/23/2020 19:04	Microsoft-Windows-PrintService	307	Printing a document	"Document 34, Print Document owned by yhirwa01 on \\MESOEL06484 was printed on VLS3.60 through port UCP-1.  Size in bytes: 320264. Pages printed: 1. No user action is required."
Information	2/23/2020 19:04	Microsoft-Windows-PrintService	307	Printing a document	"Document 35, Print Document owned by yhirwa01 on \\MESOEL06484 was printed on VLS3.60 through port UCP-1.  Size in bytes: 320264. Pages printed: 1. No user action is required."
Information	2/23/2020 19:11	Microsoft-Windows-PrintService	307	Printing a document	"Document 36, Print Document owned by yhirwa01 on \\MESOEL06484 was printed on VLS3.60 through port UCP-1.  Size in bytes: 181736. Pages printed: 1. No user action is required."
Information	2/23/2020 19:24	Microsoft-Windows-PrintService	307	Printing a document	"Document 37, Print Document owned by yhirwa01 on \\MESOEL06484 was printed on VLS3.60 through port UCP-1.  Size in bytes: 511888. Pages printed: 1. No user action is required."
Information	2/23/2020 21:36	Microsoft-Windows-PrintService	307	Printing a document	"Document 38, Print Document owned by yhirwa01 on \\MESOEL06484 was printed on VLS3.60 through port UCP-1.  Size in bytes: 2376. Pages printed: 1. No user action is required."
Information	2/23/2020 21:49	Microsoft-Windows-PrintService	307	Printing a document	"Document 39, Print Document owned by yhirwa01 on \\MESOEL06484 was printed on VLS3.60 through port UCP-1.  Size in bytes: 2376. Pages printed: 1. No user action is required."
Information	2/24/2020 9:05	Microsoft-Windows-PrintService	307	Printing a document	"Document 40, Print Document owned by aporte08 on \\MESOEL06484 was printed on VLS3.60 through port UCP-1.  Size in bytes: 69616. Pages printed: 1. No user action is required."
Information	2/24/2020 9:06	Microsoft-Windows-PrintService	307	Printing a document	"Document 41, Print Document owned by aporte08 on \\MESOEL06484 was printed on VLS3.60 through port UCP-1.  Size in bytes: 69616. Pages printed: 1. No user action is required."
Information	2/24/2020 9:57	Microsoft-Windows-PrintService	307	Printing a document	"Document 42, Print Document owned by cpries02 on \\MESOEL06484 was printed on VLS3.60 through port UCP-1.  Size in bytes: 2704. Pages printed: 1. No user action is required."
Information	2/24/2020 11:29	Microsoft-Windows-PrintService	307	Printing a document	"Document 43, Print Document owned by jpoiri02 on \\MESOEL06484 was printed on S-1-5-21-1371027701-2112946977-538272213-214964:OneNote through port Microsoft.Office.OneNote_16001.12430.20120.0_x64__8wekyb3d8bbwe_microsoft.onenoteim_S-1-5-21-1371027701-2112946977-538272213-214964.  Size in bytes: 75733. Pages printed: 1. No user action is required."
Information	2/24/2020 12:12	Microsoft-Windows-PrintService	307	Printing a document	"Document 44, Print Document owned by jpoiri02 on \\MESOEL06484 was printed on S-1-5-21-1371027701-2112946977-538272213-214964:OneNote through port Microsoft.Office.OneNote_16001.12430.20120.0_x64__8wekyb3d8bbwe_microsoft.onenoteim_S-1-5-21-1371027701-2112946977-538272213-214964.  Size in bytes: 18874. Pages printed: 1. No user action is required."
Information	2/24/2020 12:12	Microsoft-Windows-PrintService	307	Printing a document	"Document 45, Print Document owned by jpoiri02 on \\MESOEL06484 was printed on S-1-5-21-1371027701-2112946977-538272213-214964:OneNote through port Microsoft.Office.OneNote_16001.12430.20120.0_x64__8wekyb3d8bbwe_microsoft.onenoteim_S-1-5-21-1371027701-2112946977-538272213-214964.  Size in bytes: 18874. Pages printed: 1. No user action is required."
Information	2/24/2020 12:13	Microsoft-Windows-PrintService	307	Printing a document	"Document 46, Print Document owned by jpoiri02 on \\MESOEL06484 was printed on VLS3.60 through port UCP-1.  Size in bytes: 43176. Pages printed: 1. No user action is required."
Information	2/24/2020 12:14	Microsoft-Windows-PrintService	307	Printing a document	"Document 47, Print Document owned by jpoiri02 on \\MESOEL06484 was printed on VLS3.60 through port UCP-1.  Size in bytes: 43176. Pages printed: 1. No user action is required."
Information	2/24/2020 12:46	Microsoft-Windows-PrintService	307	Printing a document	"Document 48, Print Document owned by gmehig01 on \\MESOEL06484 was printed on VLS3.60 through port UCP-1.  Size in bytes: 308744. Pages printed: 1. No user action is required."
Information	2/24/2020 13:01	Microsoft-Windows-PrintService	307	Printing a document	"Document 49, Print Document owned by gmehig01 on \\MESOEL06484 was printed on VLS3.60 through port UCP-1.  Size in bytes: 395736. Pages printed: 1. No user action is required."
Information	2/24/2020 13:21	Microsoft-Windows-PrintService	307	Printing a document	"Document 50, Print Document owned by dpasca02 on \\MESOEL06484 was printed on VLS3.60 through port UCP-1.  Size in bytes: 20772. Pages printed: 1. No user action is required."
Information	2/24/2020 13:23	Microsoft-Windows-PrintService	307	Printing a document	"Document 51, Print Document owned by dpasca02 on \\MESOEL06484 was printed on VLS3.60 through port UCP-1.  Size in bytes: 29284. Pages printed: 1. No user action is required."
Information	2/24/2020 13:37	Microsoft-Windows-PrintService	307	Printing a document	"Document 52, Print Document owned by dpasca02 on \\MESOEL06484 was printed on VLS3.60 through port UCP-1.  Size in bytes: 5596. Pages printed: 1. No user action is required."
Information	2/24/2020 13:39	Microsoft-Windows-PrintService	307	Printing a document	"Document 53, Print Document owned by dpasca02 on \\MESOEL06484 was printed on VLS3.60 through port UCP-1.  Size in bytes: 7460. Pages printed: 1. No user action is required."
Information	2/24/2020 13:43	Microsoft-Windows-PrintService	307	Printing a document	"Document 54, Print Document owned by dpasca02 on \\MESOEL06484 was printed on VLS3.60 through port UCP-1.  Size in bytes: 11564. Pages printed: 1. No user action is required."
Information	2/24/2020 14:02	Microsoft-Windows-PrintService	307	Printing a document	"Document 55, Print Document owned by asween02 on \\MESOEL06484 was printed on VLS3.60 through port UCP-1.  Size in bytes: 83520. Pages printed: 1. No user action is required."
Information	2/24/2020 14:07	Microsoft-Windows-PrintService	307	Printing a document	"Document 56, Print Document owned by asween02 on \\MESOEL06484 was printed on VLS3.60 through port UCP-1.  Size in bytes: 238240. Pages printed: 1. No user action is required."
Information	2/24/2020 14:46	Microsoft-Windows-PrintService	307	Printing a document	"Document 57, Print Document owned by achen08 on \\MESOEL06484 was printed on VLS3.60 through port UCP-1.  Size in bytes: 1616628. Pages printed: 1. No user action is required."
Information	2/24/2020 14:49	Microsoft-Windows-PrintService	307	Printing a document	"Document 58, Print Document owned by achen08 on \\MESOEL06484 was printed on VLS3.60 through port UCP-1.  Size in bytes: 1616628. Pages printed: 1. No user action is required."
Information	2/24/2020 15:14	Microsoft-Windows-PrintService	307	Printing a document	"Document 59, Print Document owned by asween02 on \\MESOEL06484 was printed on VLS3.60 through port UCP-1.  Size in bytes: 187752. Pages printed: 1. No user action is required."
Information	2/24/2020 16:13	Microsoft-Windows-PrintService	307	Printing a document	"Document 60, Print Document owned by mrosen19 on \\MESOEL06484 was printed on VLS3.60 through port UCP-1.  Size in bytes: 3728. Pages printed: 1. No user action is required."
Information	2/24/2020 16:18	Microsoft-Windows-PrintService	307	Printing a document	"Document 61, Print Document owned by mrosen19 on \\MESOEL06484 was printed on VLS3.60 through port UCP-1.  Size in bytes: 1136. Pages printed: 1. No user action is required."
