Information	11/17/2020 16:28	Microsoft-Windows-PrintService	307	Printing a document	"Document 61, Print Document owned by ywu15 on \\MESOEL06484 was printed on VLS3.60 through port UCP-1.  Size in bytes: 20640. Pages printed: 1. No user action is required."
Information	11/17/2020 17:18	Microsoft-Windows-PrintService	307	Printing a document	"Document 62, Print Document owned by ywu15 on \\MESOEL06484 was printed on VLS3.60 through port UCP-1.  Size in bytes: 20272. Pages printed: 1. No user action is required."
Information	11/17/2020 17:38	Microsoft-Windows-PrintService	307	Printing a document	"Document 63, Print Document owned by ywu15 on \\MESOEL06484 was printed on VLS3.60 through port UCP-1.  Size in bytes: 2576. Pages printed: 1. No user action is required."
Information	11/17/2020 17:39	Microsoft-Windows-PrintService	307	Printing a document	"Document 64, Print Document owned by ywu15 on \\MESOEL06484 was printed on VLS3.60 through port UCP-1.  Size in bytes: 4752. Pages printed: 1. No user action is required."
Information	11/17/2020 19:02	Microsoft-Windows-PrintService	307	Printing a document	"Document 65, Print Document owned by ywu15 on \\MESOEL06484 was printed on VLS3.60 through port UCP-1.  Size in bytes: 4960. Pages printed: 1. No user action is required."
Information	11/17/2020 19:03	Microsoft-Windows-PrintService	307	Printing a document	"Document 66, Print Document owned by ywu15 on \\MESOEL06484 was printed on VLS3.60 through port UCP-1.  Size in bytes: 4960. Pages printed: 1. No user action is required."
Information	11/17/2020 19:07	Microsoft-Windows-PrintService	307	Printing a document	"Document 67, Print Document owned by ywu15 on \\MESOEL06484 was printed on VLS3.60 through port UCP-1.  Size in bytes: 1424. Pages printed: 1. No user action is required."
Information	11/17/2020 19:38	Microsoft-Windows-PrintService	307	Printing a document	"Document 68, Print Document owned by ywu15 on \\MESOEL06484 was printed on VLS3.60 through port UCP-1.  Size in bytes: 13920. Pages printed: 1. No user action is required."
Information	11/17/2020 19:51	Microsoft-Windows-PrintService	307	Printing a document	"Document 69, Print Document owned by ywu15 on \\MESOEL06484 was printed on VLS3.60 through port UCP-1.  Size in bytes: 7160. Pages printed: 1. No user action is required."
Information	11/17/2020 21:15	Microsoft-Windows-PrintService	307	Printing a document	"Document 70, Print Document owned by ywu15 on \\MESOEL06484 was printed on VLS3.60 through port UCP-1.  Size in bytes: 656. Pages printed: 1. No user action is required."
Information	11/18/2020 9:41	Microsoft-Windows-PrintService	307	Printing a document	"Document 71, Print Document owned by ywu15 on \\MESOEL06484 was printed on VLS3.60 through port UCP-1.  Size in bytes: 513552. Pages printed: 1. No user action is required."
Information	11/18/2020 9:44	Microsoft-Windows-PrintService	307	Printing a document	"Document 72, Print Document owned by ywu15 on \\MESOEL06484 was printed on VLS3.60 through port UCP-1.  Size in bytes: 513552. Pages printed: 1. No user action is required."
Information	11/18/2020 9:54	Microsoft-Windows-PrintService	307	Printing a document	"Document 73, Print Document owned by ywu15 on \\MESOEL06484 was printed on VLS3.60 through port UCP-1.  Size in bytes: 81808. Pages printed: 1. No user action is required."
Information	11/18/2020 10:08	Microsoft-Windows-PrintService	307	Printing a document	"Document 74, Print Document owned by ywu15 on \\MESOEL06484 was printed on VLS3.60 through port UCP-1.  Size in bytes: 11128. Pages printed: 1. No user action is required."
Information	11/18/2020 11:24	Microsoft-Windows-PrintService	307	Printing a document	"Document 75, Print Document owned by ywu15 on \\MESOEL06484 was printed on VLS3.60 through port UCP-1.  Size in bytes: 28920. Pages printed: 1. No user action is required."
Information	11/18/2020 11:32	Microsoft-Windows-PrintService	307	Printing a document	"Document 76, Print Document owned by ywu15 on \\MESOEL06484 was printed on VLS3.60 through port UCP-1.  Size in bytes: 10336. Pages printed: 1. No user action is required."
Information	11/18/2020 11:37	Microsoft-Windows-PrintService	307	Printing a document	"Document 77, Print Document owned by ywu15 on \\MESOEL06484 was printed on VLS3.60 through port UCP-1.  Size in bytes: 11256. Pages printed: 1. No user action is required."
Information	11/18/2020 11:51	Microsoft-Windows-PrintService	307	Printing a document	"Document 78, Print Document owned by ywu15 on \\MESOEL06484 was printed on VLS3.60 through port UCP-1.  Size in bytes: 11256. Pages printed: 1. No user action is required."
Information	11/18/2020 16:24	Microsoft-Windows-PrintService	307	Printing a document	"Document 79, Print Document owned by ywu15 on \\MESOEL06484 was printed on VLS3.60 through port UCP-1.  Size in bytes: 302760. Pages printed: 1. No user action is required."
Information	11/18/2020 16:28	Microsoft-Windows-PrintService	307	Printing a document	"Document 80, Print Document owned by ywu15 on \\MESOEL06484 was printed on VLS3.60 through port UCP-1.  Size in bytes: 2084. Pages printed: 1. No user action is required."
Information	11/18/2020 22:53	Microsoft-Windows-PrintService	307	Printing a document	"Document 81, Print Document owned by ywu15 on \\MESOEL06484 was printed on VLS3.60 through port UCP-1.  Size in bytes: 133848. Pages printed: 1. No user action is required."
Information	11/18/2020 22:57	Microsoft-Windows-PrintService	307	Printing a document	"Document 82, Print Document owned by ywu15 on \\MESOEL06484 was printed on VLS3.60 through port UCP-1.  Size in bytes: 134104. Pages printed: 1. No user action is required."
Information	11/18/2020 23:29	Microsoft-Windows-PrintService	307	Printing a document	"Document 83, Print Document owned by ywu15 on \\MESOEL06484 was printed on VLS3.60 through port UCP-1.  Size in bytes: 4324. Pages printed: 1. No user action is required."
Information	11/18/2020 23:30	Microsoft-Windows-PrintService	307	Printing a document	"Document 84, Print Document owned by ywu15 on \\MESOEL06484 was printed on VLS3.60 through port UCP-1.  Size in bytes: 4580. Pages printed: 1. No user action is required."
Information	11/18/2020 23:30	Microsoft-Windows-PrintService	307	Printing a document	"Document 85, Print Document owned by ywu15 on \\MESOEL06484 was printed on VLS3.60 through port UCP-1.  Size in bytes: 4580. Pages printed: 1. No user action is required."
Information	11/18/2020 23:31	Microsoft-Windows-PrintService	307	Printing a document	"Document 86, Print Document owned by ywu15 on \\MESOEL06484 was printed on VLS3.60 through port UCP-1.  Size in bytes: 4580. Pages printed: 1. No user action is required."
Information	11/18/2020 23:31	Microsoft-Windows-PrintService	307	Printing a document	"Document 87, Print Document owned by ywu15 on \\MESOEL06484 was printed on VLS3.60 through port UCP-1.  Size in bytes: 4580. Pages printed: 1. No user action is required."
Information	11/19/2020 10:17	Microsoft-Windows-PrintService	307	Printing a document	"Document 88, Print Document owned by ywu15 on \\MESOEL06484 was printed on VLS3.60 through port UCP-1.  Size in bytes: 25600. Pages printed: 1. No user action is required."
Information	11/19/2020 10:31	Microsoft-Windows-PrintService	307	Printing a document	"Document 89, Print Document owned by ywu15 on \\MESOEL06484 was printed on VLS3.60 through port UCP-1.  Size in bytes: 7856. Pages printed: 1. No user action is required."
Information	11/19/2020 10:40	Microsoft-Windows-PrintService	307	Printing a document	"Document 90, Print Document owned by ywu15 on \\MESOEL06484 was printed on VLS3.60 through port UCP-1.  Size in bytes: 6016. Pages printed: 1. No user action is required."
Information	11/19/2020 13:03	Microsoft-Windows-PrintService	307	Printing a document	"Document 91, Print Document owned by ywu15 on \\MESOEL06484 was printed on VLS3.60 through port UCP-1.  Size in bytes: 14000. Pages printed: 1. No user action is required."
Information	11/19/2020 19:03	Microsoft-Windows-PrintService	307	Printing a document	"Document 92, Print Document owned by ywu15 on \\MESOEL06484 was printed on VLS3.60 through port UCP-1.  Size in bytes: 2084. Pages printed: 1. No user action is required."
Information	11/19/2020 19:07	Microsoft-Windows-PrintService	307	Printing a document	"Document 93, Print Document owned by ywu15 on \\MESOEL06484 was printed on VLS3.60 through port UCP-1.  Size in bytes: 2084. Pages printed: 1. No user action is required."
Information	11/19/2020 19:09	Microsoft-Windows-PrintService	307	Printing a document	"Document 94, Print Document owned by ywu15 on \\MESOEL06484 was printed on VLS3.60 through port UCP-1.  Size in bytes: 2084. Pages printed: 1. No user action is required."
Information	11/20/2020 10:20	Microsoft-Windows-PrintService	307	Printing a document	"Document 95, Print Document owned by ywu15 on \\MESOEL06484 was printed on VLS3.60 through port UCP-1.  Size in bytes: 2672. Pages printed: 1. No user action is required."
Information	11/20/2020 10:36	Microsoft-Windows-PrintService	307	Printing a document	"Document 96, Print Document owned by ywu15 on \\MESOEL06484 was printed on VLS3.60 through port UCP-1.  Size in bytes: 2992. Pages printed: 1. No user action is required."
Information	11/20/2020 10:50	Microsoft-Windows-PrintService	307	Printing a document	"Document 97, Print Document owned by ywu15 on \\MESOEL06484 was printed on VLS3.60 through port UCP-1.  Size in bytes: 7920. Pages printed: 1. No user action is required."
Information	11/20/2020 10:53	Microsoft-Windows-PrintService	307	Printing a document	"Document 98, Print Document owned by ywu15 on \\MESOEL06484 was printed on VLS3.60 through port UCP-1.  Size in bytes: 7184. Pages printed: 1. No user action is required."
Information	11/20/2020 11:09	Microsoft-Windows-PrintService	307	Printing a document	"Document 99, Print Document owned by ywu15 on \\MESOEL06484 was printed on VLS3.60 through port UCP-1.  Size in bytes: 1136. Pages printed: 1. No user action is required."
Information	11/20/2020 11:54	Microsoft-Windows-PrintService	307	Printing a document	"Document 100, Print Document owned by ywu15 on \\MESOEL06484 was printed on VLS3.60 through port UCP-1.  Size in bytes: 69968. Pages printed: 1. No user action is required."
Information	11/20/2020 13:01	Microsoft-Windows-PrintService	307	Printing a document	"Document 101, Print Document owned by ywu15 on \\MESOEL06484 was printed on VLS3.60 through port UCP-1.  Size in bytes: 2376. Pages printed: 1. No user action is required."
Information	11/20/2020 13:52	Microsoft-Windows-PrintService	307	Printing a document	"Document 102, Print Document owned by ywu15 on \\MESOEL06484 was printed on VLS3.60 through port UCP-1.  Size in bytes: 11536. Pages printed: 1. No user action is required."
Information	11/20/2020 13:57	Microsoft-Windows-PrintService	307	Printing a document	"Document 103, Print Document owned by ywu15 on \\MESOEL06484 was printed on VLS3.60 through port UCP-1.  Size in bytes: 5968. Pages printed: 1. No user action is required."
Information	11/20/2020 14:38	Microsoft-Windows-PrintService	307	Printing a document	"Document 104, Print Document owned by ywu15 on \\MESOEL06484 was printed on VLS3.60 through port UCP-1.  Size in bytes: 106720. Pages printed: 1. No user action is required."
Information	11/20/2020 15:39	Microsoft-Windows-PrintService	307	Printing a document	"Document 105, Print Document owned by ywu15 on \\MESOEL06484 was printed on VLS3.60 through port UCP-1.  Size in bytes: 21680. Pages printed: 1. No user action is required."
Information	11/20/2020 15:47	Microsoft-Windows-PrintService	307	Printing a document	"Document 106, Print Document owned by ywu15 on \\MESOEL06484 was printed on VLS3.60 through port UCP-1.  Size in bytes: 4080. Pages printed: 1. No user action is required."
Information	11/21/2020 11:43	Microsoft-Windows-PrintService	307	Printing a document	"Document 107, Print Document owned by ywu15 on \\MESOEL06484 was printed on VLS3.60 through port UCP-1.  Size in bytes: 7900. Pages printed: 1. No user action is required."
Information	11/21/2020 11:44	Microsoft-Windows-PrintService	307	Printing a document	"Document 108, Print Document owned by ywu15 on \\MESOEL06484 was printed on VLS3.60 through port UCP-1.  Size in bytes: 4388. Pages printed: 1. No user action is required."
Information	11/21/2020 11:48	Microsoft-Windows-PrintService	307	Printing a document	"Document 109, Print Document owned by ywu15 on \\MESOEL06484 was printed on VLS3.60 through port UCP-1.  Size in bytes: 2084. Pages printed: 1. No user action is required."
Information	11/21/2020 12:43	Microsoft-Windows-PrintService	307	Printing a document	"Document 110, Print Document owned by ywu15 on \\MESOEL06484 was printed on VLS3.60 through port UCP-1.  Size in bytes: 52160. Pages printed: 1. No user action is required."
Information	11/21/2020 13:58	Microsoft-Windows-PrintService	307	Printing a document	"Document 111, Print Document owned by ywu15 on \\MESOEL06484 was printed on VLS3.60 through port UCP-1.  Size in bytes: 2864. Pages printed: 1. No user action is required."
Information	11/21/2020 14:15	Microsoft-Windows-PrintService	307	Printing a document	"Document 112, Print Document owned by ywu15 on \\MESOEL06484 was printed on VLS3.60 through port UCP-1.  Size in bytes: 2824. Pages printed: 1. No user action is required."
Information	11/21/2020 16:45	Microsoft-Windows-PrintService	307	Printing a document	"Document 113, Print Document owned by ywu15 on \\MESOEL06484 was printed on VLS3.60 through port UCP-1.  Size in bytes: 2000. Pages printed: 1. No user action is required."
Information	11/21/2020 16:46	Microsoft-Windows-PrintService	307	Printing a document	"Document 114, Print Document owned by ywu15 on \\MESOEL06484 was printed on VLS3.60 through port UCP-1.  Size in bytes: 2000. Pages printed: 1. No user action is required."
Information	11/21/2020 19:19	Microsoft-Windows-PrintService	307	Printing a document	"Document 115, Print Document owned by ywu15 on \\MESOEL06484 was printed on VLS3.60 through port UCP-1.  Size in bytes: 19520. Pages printed: 1. No user action is required."
Information	11/21/2020 20:58	Microsoft-Windows-PrintService	307	Printing a document	"Document 116, Print Document owned by ywu15 on \\MESOEL06484 was printed on VLS3.60 through port UCP-1.  Size in bytes: 36448. Pages printed: 1. No user action is required."
Information	11/22/2020 12:26	Microsoft-Windows-PrintService	307	Printing a document	"Document 117, Print Document owned by ywu15 on \\MESOEL06484 was printed on VLS3.60 through port UCP-1.  Size in bytes: 92280. Pages printed: 1. No user action is required."
Information	11/22/2020 12:29	Microsoft-Windows-PrintService	307	Printing a document	"Document 118, Print Document owned by ywu15 on \\MESOEL06484 was printed on VLS3.60 through port UCP-1.  Size in bytes: 92280. Pages printed: 1. No user action is required."
Information	11/22/2020 12:52	Microsoft-Windows-PrintService	307	Printing a document	"Document 119, Print Document owned by ywu15 on \\MESOEL06484 was printed on VLS3.60 through port UCP-1.  Size in bytes: 2524. Pages printed: 1. No user action is required."
Information	11/22/2020 12:54	Microsoft-Windows-PrintService	307	Printing a document	"Document 120, Print Document owned by ywu15 on \\MESOEL06484 was printed on VLS3.60 through port UCP-1.  Size in bytes: 2612. Pages printed: 1. No user action is required."
Information	11/22/2020 12:56	Microsoft-Windows-PrintService	307	Printing a document	"Document 121, Print Document owned by ywu15 on \\MESOEL06484 was printed on VLS3.60 through port UCP-1.  Size in bytes: 2868. Pages printed: 1. No user action is required."
Information	11/22/2020 13:05	Microsoft-Windows-PrintService	307	Printing a document	"Document 122, Print Document owned by ywu15 on \\MESOEL06484 was printed on VLS3.60 through port UCP-1.  Size in bytes: 2868. Pages printed: 1. No user action is required."
Information	11/22/2020 17:41	Microsoft-Windows-PrintService	307	Printing a document	"Document 123, Print Document owned by ywu15 on \\MESOEL06484 was printed on VLS3.60 through port UCP-1.  Size in bytes: 6528. Pages printed: 1. No user action is required."
Information	11/22/2020 18:07	Microsoft-Windows-PrintService	307	Printing a document	"Document 124, Print Document owned by ywu15 on \\MESOEL06484 was printed on VLS3.60 through port UCP-1.  Size in bytes: 3152. Pages printed: 1. No user action is required."
Information	11/23/2020 9:55	Microsoft-Windows-PrintService	307	Printing a document	"Document 125, Print Document owned by ywu15 on \\MESOEL06484 was printed on VLS3.60 through port UCP-1.  Size in bytes: 101844. Pages printed: 1. No user action is required."
Information	11/23/2020 10:03	Microsoft-Windows-PrintService	307	Printing a document	"Document 126, Print Document owned by ywu15 on \\MESOEL06484 was printed on VLS3.60 through port UCP-1.  Size in bytes: 8496. Pages printed: 1. No user action is required."
Information	11/23/2020 10:08	Microsoft-Windows-PrintService	307	Printing a document	"Document 127, Print Document owned by ywu15 on \\MESOEL06484 was printed on VLS3.60 through port UCP-1.  Size in bytes: 16592. Pages printed: 1. No user action is required."
Information	11/23/2020 10:12	Microsoft-Windows-PrintService	307	Printing a document	"Document 128, Print Document owned by ywu15 on \\MESOEL06484 was printed on VLS3.60 through port UCP-1.  Size in bytes: 7024. Pages printed: 1. No user action is required."
Information	11/23/2020 10:21	Microsoft-Windows-PrintService	307	Printing a document	"Document 129, Print Document owned by ywu15 on \\MESOEL06484 was printed on VLS3.60 through port UCP-1.  Size in bytes: 13648. Pages printed: 1. No user action is required."
Information	11/23/2020 11:20	Microsoft-Windows-PrintService	307	Printing a document	"Document 130, Print Document owned by ywu15 on \\MESOEL06484 was printed on VLS3.60 through port UCP-1.  Size in bytes: 85816. Pages printed: 1. No user action is required."
Information	11/23/2020 11:31	Microsoft-Windows-PrintService	307	Printing a document	"Document 131, Print Document owned by ywu15 on \\MESOEL06484 was printed on VLS3.60 through port UCP-1.  Size in bytes: 40880. Pages printed: 1. No user action is required."
Information	11/23/2020 11:32	Microsoft-Windows-PrintService	307	Printing a document	"Document 132, Print Document owned by ywu15 on \\MESOEL06484 was printed on VLS3.60 through port UCP-1.  Size in bytes: 33152. Pages printed: 1. No user action is required."
Information	11/23/2020 11:38	Microsoft-Windows-PrintService	307	Printing a document	"Document 133, Print Document owned by ywu15 on \\MESOEL06484 was printed on VLS3.60 through port UCP-1.  Size in bytes: 8128. Pages printed: 1. No user action is required."
Information	11/23/2020 14:02	Microsoft-Windows-PrintService	307	Printing a document	"Document 134, Print Document owned by ywu15 on \\MESOEL06484 was printed on VLS3.60 through port UCP-1.  Size in bytes: 34320. Pages printed: 1. No user action is required."
Information	11/23/2020 14:54	Microsoft-Windows-PrintService	307	Printing a document	"Document 135, Print Document owned by ywu15 on \\MESOEL06484 was printed on VLS3.60 through port UCP-1.  Size in bytes: 38672. Pages printed: 1. No user action is required."
Information	11/23/2020 15:04	Microsoft-Windows-PrintService	307	Printing a document	"Document 136, Print Document owned by ywu15 on \\MESOEL06484 was printed on VLS3.60 through port UCP-1.  Size in bytes: 38672. Pages printed: 1. No user action is required."
Information	11/23/2020 15:08	Microsoft-Windows-PrintService	307	Printing a document	"Document 137, Print Document owned by ywu15 on \\MESOEL06484 was printed on VLS3.60 through port UCP-1.  Size in bytes: 39592. Pages printed: 1. No user action is required."
Information	11/23/2020 15:18	Microsoft-Windows-PrintService	307	Printing a document	"Document 138, Print Document owned by ywu15 on \\MESOEL06484 was printed on VLS3.60 through port UCP-1.  Size in bytes: 19044. Pages printed: 1. No user action is required."
Information	11/23/2020 15:35	Microsoft-Windows-PrintService	307	Printing a document	"Document 139, Print Document owned by ywu15 on \\MESOEL06484 was printed on VLS3.60 through port UCP-1.  Size in bytes: 106732. Pages printed: 1. No user action is required."
Information	11/23/2020 16:28	Microsoft-Windows-PrintService	307	Printing a document	"Document 140, Print Document owned by ywu15 on \\MESOEL06484 was printed on VLS3.60 through port UCP-1.  Size in bytes: 3280. Pages printed: 1. No user action is required."
Information	11/23/2020 16:35	Microsoft-Windows-PrintService	307	Printing a document	"Document 141, Print Document owned by ywu15 on \\MESOEL06484 was printed on VLS3.60 through port UCP-1.  Size in bytes: 1872. Pages printed: 1. No user action is required."
Information	11/23/2020 16:47	Microsoft-Windows-PrintService	307	Printing a document	"Document 142, Print Document owned by ywu15 on \\MESOEL06484 was printed on VLS3.60 through port UCP-1.  Size in bytes: 81176. Pages printed: 1. No user action is required."
Information	11/23/2020 16:48	Microsoft-Windows-PrintService	307	Printing a document	"Document 143, Print Document owned by ywu15 on \\MESOEL06484 was printed on VLS3.60 through port UCP-1.  Size in bytes: 81176. Pages printed: 1. No user action is required."
Information	11/23/2020 16:49	Microsoft-Windows-PrintService	307	Printing a document	"Document 144, Print Document owned by ywu15 on \\MESOEL06484 was printed on VLS3.60 through port UCP-1.  Size in bytes: 81176. Pages printed: 1. No user action is required."
Information	11/23/2020 16:56	Microsoft-Windows-PrintService	307	Printing a document	"Document 145, Print Document owned by ywu15 on \\MESOEL06484 was printed on VLS3.60 through port UCP-1.  Size in bytes: 116296. Pages printed: 1. No user action is required."
Information	11/23/2020 17:07	Microsoft-Windows-PrintService	307	Printing a document	"Document 146, Print Document owned by ywu15 on \\MESOEL06484 was printed on VLS3.60 through port UCP-1.  Size in bytes: 1256. Pages printed: 1. No user action is required."
Information	11/23/2020 17:07	Microsoft-Windows-PrintService	307	Printing a document	"Document 147, Print Document owned by ywu15 on \\MESOEL06484 was printed on VLS3.60 through port UCP-1.  Size in bytes: 1168. Pages printed: 1. No user action is required."
Information	11/23/2020 17:08	Microsoft-Windows-PrintService	307	Printing a document	"Document 148, Print Document owned by ywu15 on \\MESOEL06484 was printed on VLS3.60 through port UCP-1.  Size in bytes: 1168. Pages printed: 1. No user action is required."
Information	11/23/2020 17:11	Microsoft-Windows-PrintService	307	Printing a document	"Document 149, Print Document owned by ywu15 on \\MESOEL06484 was printed on VLS3.60 through port UCP-1.  Size in bytes: 1296. Pages printed: 1. No user action is required."
Information	11/23/2020 17:18	Microsoft-Windows-PrintService	307	Printing a document	"Document 150, Print Document owned by ywu15 on \\MESOEL06484 was printed on VLS3.60 through port UCP-1.  Size in bytes: 1424. Pages printed: 1. No user action is required."
Information	11/23/2020 17:21	Microsoft-Windows-PrintService	307	Printing a document	"Document 151, Print Document owned by ywu15 on \\MESOEL06484 was printed on VLS3.60 through port UCP-1.  Size in bytes: 1168. Pages printed: 1. No user action is required."
Information	11/23/2020 18:25	Microsoft-Windows-PrintService	307	Printing a document	"Document 152, Print Document owned by ywu15 on \\MESOEL06484 was printed on VLS3.60 through port UCP-1.  Size in bytes: 12632. Pages printed: 1. No user action is required."
Information	11/23/2020 18:54	Microsoft-Windows-PrintService	307	Printing a document	"Document 153, Print Document owned by ywu15 on \\MESOEL06484 was printed on VLS3.60 through port UCP-1.  Size in bytes: 22664. Pages printed: 1. No user action is required."
Information	11/23/2020 18:55	Microsoft-Windows-PrintService	307	Printing a document	"Document 154, Print Document owned by ywu15 on \\MESOEL06484 was printed on VLS3.60 through port UCP-1.  Size in bytes: 22664. Pages printed: 1. No user action is required."
Information	11/23/2020 20:49	Microsoft-Windows-PrintService	307	Printing a document	"Document 155, Print Document owned by ywu15 on \\MESOEL06484 was printed on VLS3.60 through port UCP-1.  Size in bytes: 10520. Pages printed: 1. No user action is required."
Information	11/23/2020 20:53	Microsoft-Windows-PrintService	307	Printing a document	"Document 156, Print Document owned by ywu15 on \\MESOEL06484 was printed on VLS3.60 through port UCP-1.  Size in bytes: 10520. Pages printed: 1. No user action is required."
Information	11/23/2020 20:57	Microsoft-Windows-PrintService	307	Printing a document	"Document 157, Print Document owned by ywu15 on \\MESOEL06484 was printed on VLS3.60 through port UCP-1.  Size in bytes: 10520. Pages printed: 1. No user action is required."
Information	11/23/2020 21:01	Microsoft-Windows-PrintService	307	Printing a document	"Document 158, Print Document owned by ywu15 on \\MESOEL06484 was printed on VLS3.60 through port UCP-1.  Size in bytes: 24136. Pages printed: 1. No user action is required."
Information	11/23/2020 22:34	Microsoft-Windows-PrintService	307	Printing a document	"Document 159, Print Document owned by ywu15 on \\MESOEL06484 was printed on VLS3.60 through port UCP-1.  Size in bytes: 9232. Pages printed: 1. No user action is required."
Information	11/23/2020 22:40	Microsoft-Windows-PrintService	307	Printing a document	"Document 160, Print Document owned by ywu15 on \\MESOEL06484 was printed on VLS3.60 through port UCP-1.  Size in bytes: 6256. Pages printed: 1. No user action is required."
Information	11/23/2020 22:41	Microsoft-Windows-PrintService	307	Printing a document	"Document 161, Print Document owned by ywu15 on \\MESOEL06484 was printed on VLS3.60 through port UCP-1.  Size in bytes: 2992. Pages printed: 1. No user action is required."
Information	11/23/2020 22:42	Microsoft-Windows-PrintService	307	Printing a document	"Document 162, Print Document owned by ywu15 on \\MESOEL06484 was printed on VLS3.60 through port UCP-1.  Size in bytes: 2992. Pages printed: 1. No user action is required."
Information	11/23/2020 22:45	Microsoft-Windows-PrintService	307	Printing a document	"Document 163, Print Document owned by ywu15 on \\MESOEL06484 was printed on VLS3.60 through port UCP-1.  Size in bytes: 1888. Pages printed: 1. No user action is required."
Information	11/23/2020 22:48	Microsoft-Windows-PrintService	307	Printing a document	"Document 164, Print Document owned by ywu15 on \\MESOEL06484 was printed on VLS3.60 through port UCP-1.  Size in bytes: 3664. Pages printed: 1. No user action is required."
Information	11/23/2020 22:53	Microsoft-Windows-PrintService	307	Printing a document	"Document 165, Print Document owned by ywu15 on \\MESOEL06484 was printed on VLS3.60 through port UCP-1.  Size in bytes: 3376. Pages printed: 1. No user action is required."
Information	11/23/2020 22:54	Microsoft-Windows-PrintService	307	Printing a document	"Document 166, Print Document owned by ywu15 on \\MESOEL06484 was printed on VLS3.60 through port UCP-1.  Size in bytes: 3376. Pages printed: 1. No user action is required."
Information	11/23/2020 22:58	Microsoft-Windows-PrintService	307	Printing a document	"Document 167, Print Document owned by ywu15 on \\MESOEL06484 was printed on VLS3.60 through port UCP-1.  Size in bytes: 2976. Pages printed: 1. No user action is required."
Information	11/23/2020 22:58	Microsoft-Windows-PrintService	307	Printing a document	"Document 168, Print Document owned by ywu15 on \\MESOEL06484 was printed on VLS3.60 through port UCP-1.  Size in bytes: 2976. Pages printed: 1. No user action is required."
Information	11/23/2020 23:02	Microsoft-Windows-PrintService	307	Printing a document	"Document 169, Print Document owned by ywu15 on \\MESOEL06484 was printed on VLS3.60 through port UCP-1.  Size in bytes: 2608. Pages printed: 1. No user action is required."
Information	11/24/2020 9:28	Microsoft-Windows-PrintService	307	Printing a document	"Document 170, Print Document owned by jjaram02 on \\MESOEL06484 was printed on VLS3.60 through port UCP-1.  Size in bytes: 4368. Pages printed: 1. No user action is required."
Information	11/24/2020 9:31	Microsoft-Windows-PrintService	307	Printing a document	"Document 171, Print Document owned by jjaram02 on \\MESOEL06484 was printed on VLS3.60 through port UCP-1.  Size in bytes: 4368. Pages printed: 1. No user action is required."
Information	11/24/2020 9:32	Microsoft-Windows-PrintService	307	Printing a document	"Document 172, Print Document owned by jjaram02 on \\MESOEL06484 was printed on VLS3.60 through port UCP-1.  Size in bytes: 4368. Pages printed: 1. No user action is required."
Information	11/24/2020 9:32	Microsoft-Windows-PrintService	307	Printing a document	"Document 173, Print Document owned by jjaram02 on \\MESOEL06484 was printed on VLS3.60 through port UCP-1.  Size in bytes: 3024. Pages printed: 1. No user action is required."
Information	11/24/2020 9:36	Microsoft-Windows-PrintService	307	Printing a document	"Document 174, Print Document owned by jjaram02 on \\MESOEL06484 was printed on VLS3.60 through port UCP-1.  Size in bytes: 1744. Pages printed: 1. No user action is required."
Information	11/24/2020 9:36	Microsoft-Windows-PrintService	307	Printing a document	"Document 175, Print Document owned by jjaram02 on \\MESOEL06484 was printed on VLS3.60 through port UCP-1.  Size in bytes: 1744. Pages printed: 1. No user action is required."
Information	11/24/2020 13:33	Microsoft-Windows-PrintService	307	Printing a document	"Document 176, Print Document owned by jjaram02 on \\MESOEL06484 was printed on VLS3.60 through port UCP-1.  Size in bytes: 131900. Pages printed: 1. No user action is required."
Information	11/24/2020 14:00	Microsoft-Windows-PrintService	307	Printing a document	"Document 177, Print Document owned by jjaram02 on \\MESOEL06484 was printed on VLS3.60 through port UCP-1.  Size in bytes: 8040. Pages printed: 1. No user action is required."
Information	11/24/2020 14:21	Microsoft-Windows-PrintService	307	Printing a document	"Document 178, Print Document owned by jjaram02 on \\MESOEL06484 was printed on VLS3.60 through port UCP-1.  Size in bytes: 6544. Pages printed: 1. No user action is required."
Information	11/24/2020 14:23	Microsoft-Windows-PrintService	307	Printing a document	"Document 179, Print Document owned by jjaram02 on \\MESOEL06484 was printed on VLS3.60 through port UCP-1.  Size in bytes: 6544. Pages printed: 1. No user action is required."
Information	11/24/2020 14:31	Microsoft-Windows-PrintService	307	Printing a document	"Document 180, Print Document owned by jjaram02 on \\MESOEL06484 was printed on VLS3.60 through port UCP-1.  Size in bytes: 9876. Pages printed: 1. No user action is required."
Information	11/24/2020 14:41	Microsoft-Windows-PrintService	307	Printing a document	"Document 181, Print Document owned by jjaram02 on \\MESOEL06484 was printed on VLS3.60 through port UCP-1.  Size in bytes: 3472. Pages printed: 1. No user action is required."
Information	11/25/2020 10:20	Microsoft-Windows-PrintService	307	Printing a document	"Document 182, Print Document owned by jjaram02 on \\MESOEL06484 was printed on VLS3.60 through port UCP-1.  Size in bytes: 2000. Pages printed: 1. No user action is required."
Information	11/25/2020 10:35	Microsoft-Windows-PrintService	307	Printing a document	"Document 183, Print Document owned by jjaram02 on \\MESOEL06484 was printed on VLS3.60 through port UCP-1.  Size in bytes: 74320. Pages printed: 1. No user action is required."
Information	11/25/2020 11:07	Microsoft-Windows-PrintService	307	Printing a document	"Document 184, Print Document owned by jjaram02 on \\MESOEL06484 was printed on VLS3.60 through port UCP-1.  Size in bytes: 611528. Pages printed: 1. No user action is required."
Information	11/25/2020 13:45	Microsoft-Windows-PrintService	307	Printing a document	"Document 185, Print Document owned by jkanov01 on \\MESOEL06484 was printed on VLS3.60 through port UCP-1.  Size in bytes: 21728. Pages printed: 1. No user action is required."
Information	11/25/2020 13:48	Microsoft-Windows-PrintService	307	Printing a document	"Document 186, Print Document owned by jkanov01 on \\MESOEL06484 was printed on VLS3.60 through port UCP-1.  Size in bytes: 12800. Pages printed: 1. No user action is required."
Information	11/25/2020 13:50	Microsoft-Windows-PrintService	307	Printing a document	"Document 187, Print Document owned by jkanov01 on \\MESOEL06484 was printed on VLS3.60 through port UCP-1.  Size in bytes: 37920. Pages printed: 1. No user action is required."
Information	11/25/2020 15:42	Microsoft-Windows-PrintService	307	Printing a document	"Document 188, Print Document owned by jkanov01 on \\MESOEL06484 was printed on VLS3.60 through port UCP-1.  Size in bytes: 10160. Pages printed: 1. No user action is required."
Information	11/25/2020 15:52	Microsoft-Windows-PrintService	307	Printing a document	"Document 189, Print Document owned by jkanov01 on \\MESOEL06484 was printed on VLS3.60 through port UCP-1.  Size in bytes: 18208. Pages printed: 1. No user action is required."
Information	11/25/2020 17:17	Microsoft-Windows-PrintService	307	Printing a document	"Document 190, Print Document owned by jkanov01 on \\MESOEL06484 was printed on VLS3.60 through port UCP-1.  Size in bytes: 2464. Pages printed: 1. No user action is required."
Information	11/25/2020 17:26	Microsoft-Windows-PrintService	307	Printing a document	"Document 191, Print Document owned by jkanov01 on \\MESOEL06484 was printed on VLS3.60 through port UCP-1.  Size in bytes: 2464. Pages printed: 1. No user action is required."
Information	11/25/2020 17:44	Microsoft-Windows-PrintService	307	Printing a document	"Document 192, Print Document owned by jkanov01 on \\MESOEL06484 was printed on VLS3.60 through port UCP-1.  Size in bytes: 2832. Pages printed: 1. No user action is required."
Information	11/25/2020 17:49	Microsoft-Windows-PrintService	307	Printing a document	"Document 193, Print Document owned by jkanov01 on \\MESOEL06484 was printed on VLS3.60 through port UCP-1.  Size in bytes: 2832. Pages printed: 1. No user action is required."
Information	11/25/2020 18:42	Microsoft-Windows-PrintService	307	Printing a document	"Document 194, Print Document owned by jkanov01 on \\MESOEL06484 was printed on VLS3.60 through port UCP-1.  Size in bytes: 19312. Pages printed: 1. No user action is required."
Information	11/25/2020 19:16	Microsoft-Windows-PrintService	307	Printing a document	"Document 195, Print Document owned by jkanov01 on \\MESOEL06484 was printed on VLS3.60 through port UCP-1.  Size in bytes: 10128. Pages printed: 1. No user action is required."
Information	11/25/2020 19:17	Microsoft-Windows-PrintService	307	Printing a document	"Document 196, Print Document owned by jkanov01 on \\MESOEL06484 was printed on VLS3.60 through port UCP-1.  Size in bytes: 10128. Pages printed: 1. No user action is required."
Information	11/25/2020 19:25	Microsoft-Windows-PrintService	307	Printing a document	"Document 197, Print Document owned by jkanov01 on \\MESOEL06484 was printed on VLS3.60 through port UCP-1.  Size in bytes: 10160. Pages printed: 1. No user action is required."
Information	11/27/2020 11:37	Microsoft-Windows-PrintService	307	Printing a document	"Document 198, Print Document owned by jkanov01 on \\MESOEL06484 was printed on VLS3.60 through port UCP-1.  Size in bytes: 6656. Pages printed: 1. No user action is required."
Information	11/27/2020 13:57	Microsoft-Windows-PrintService	307	Printing a document	"Document 199, Print Document owned by jkanov01 on \\MESOEL06484 was printed on VLS3.60 through port UCP-1.  Size in bytes: 2864. Pages printed: 1. No user action is required."
Information	11/27/2020 23:38	Microsoft-Windows-PrintService	307	Printing a document	"Document 200, Print Document owned by jkanov01 on \\MESOEL06484 was printed on VLS3.60 through port UCP-1.  Size in bytes: 13808. Pages printed: 1. No user action is required."
Information	11/28/2020 16:41	Microsoft-Windows-PrintService	307	Printing a document	"Document 201, Print Document owned by jkanov01 on \\MESOEL06484 was printed on VLS3.60 through port UCP-1.  Size in bytes: 295728. Pages printed: 1. No user action is required."
Information	11/28/2020 16:47	Microsoft-Windows-PrintService	307	Printing a document	"Document 202, Print Document owned by jkanov01 on \\MESOEL06484 was printed on VLS3.60 through port UCP-1.  Size in bytes: 52120. Pages printed: 1. No user action is required."
Information	11/28/2020 16:54	Microsoft-Windows-PrintService	307	Printing a document	"Document 203, Print Document owned by jkanov01 on \\MESOEL06484 was printed on VLS3.60 through port UCP-1.  Size in bytes: 45488. Pages printed: 1. No user action is required."
Information	11/28/2020 17:02	Microsoft-Windows-PrintService	307	Printing a document	"Document 204, Print Document owned by jkanov01 on \\MESOEL06484 was printed on VLS3.60 through port UCP-1.  Size in bytes: 104800. Pages printed: 1. No user action is required."
Information	11/28/2020 17:07	Microsoft-Windows-PrintService	307	Printing a document	"Document 205, Print Document owned by jkanov01 on \\MESOEL06484 was printed on VLS3.60 through port UCP-1.  Size in bytes: 97744. Pages printed: 1. No user action is required."
Information	11/28/2020 17:17	Microsoft-Windows-PrintService	307	Printing a document	"Document 206, Print Document owned by jkanov01 on \\MESOEL06484 was printed on VLS3.60 through port UCP-1.  Size in bytes: 25008. Pages printed: 1. No user action is required."
Information	11/28/2020 17:46	Microsoft-Windows-PrintService	307	Printing a document	"Document 207, Print Document owned by jkanov01 on \\MESOEL06484 was printed on VLS3.60 through port UCP-1.  Size in bytes: 44800. Pages printed: 1. No user action is required."
Information	11/29/2020 12:18	Microsoft-Windows-PrintService	307	Printing a document	"Document 208, Print Document owned by jkanov01 on \\MESOEL06484 was printed on VLS3.60 through port UCP-1.  Size in bytes: 21344. Pages printed: 1. No user action is required."
Information	11/29/2020 12:37	Microsoft-Windows-PrintService	307	Printing a document	"Document 209, Print Document owned by jkanov01 on \\MESOEL06484 was printed on VLS3.60 through port UCP-1.  Size in bytes: 4264. Pages printed: 1. No user action is required."
Information	11/29/2020 12:38	Microsoft-Windows-PrintService	307	Printing a document	"Document 210, Print Document owned by jkanov01 on \\MESOEL06484 was printed on VLS3.60 through port UCP-1.  Size in bytes: 6104. Pages printed: 1. No user action is required."
Information	11/29/2020 12:49	Microsoft-Windows-PrintService	307	Printing a document	"Document 211, Print Document owned by jkanov01 on \\MESOEL06484 was printed on VLS3.60 through port UCP-1.  Size in bytes: 992. Pages printed: 1. No user action is required."
Information	11/29/2020 13:03	Microsoft-Windows-PrintService	307	Printing a document	"Document 212, Print Document owned by jkanov01 on \\MESOEL06484 was printed on VLS3.60 through port UCP-1.  Size in bytes: 105608. Pages printed: 1. No user action is required."
Information	11/29/2020 15:22	Microsoft-Windows-PrintService	307	Printing a document	"Document 213, Print Document owned by jkanov01 on \\MESOEL06484 was printed on VLS3.60 through port UCP-1.  Size in bytes: 96896. Pages printed: 1. No user action is required."
Information	11/29/2020 16:04	Microsoft-Windows-PrintService	307	Printing a document	"Document 214, Print Document owned by jkanov01 on \\MESOEL06484 was printed on VLS3.60 through port UCP-1.  Size in bytes: 596. Pages printed: 1. No user action is required."
Information	11/29/2020 16:04	Microsoft-Windows-PrintService	307	Printing a document	"Document 215, Print Document owned by jkanov01 on \\MESOEL06484 was printed on VLS3.60 through port UCP-1.  Size in bytes: 584. Pages printed: 1. No user action is required."
Information	11/29/2020 16:35	Microsoft-Windows-PrintService	307	Printing a document	"Document 216, Print Document owned by jkanov01 on \\MESOEL06484 was printed on VLS3.60 through port UCP-1.  Size in bytes: 21808. Pages printed: 1. No user action is required."
Information	11/29/2020 16:44	Microsoft-Windows-PrintService	307	Printing a document	"Document 217, Print Document owned by jkanov01 on \\MESOEL06484 was printed on VLS3.60 through port UCP-1.  Size in bytes: 85404. Pages printed: 1. No user action is required."
Information	11/29/2020 18:00	Microsoft-Windows-PrintService	307	Printing a document	"Document 218, Print Document owned by jkanov01 on \\MESOEL06484 was printed on VLS3.60 through port UCP-1.  Size in bytes: 2832. Pages printed: 1. No user action is required."
Information	11/29/2020 18:06	Microsoft-Windows-PrintService	307	Printing a document	"Document 219, Print Document owned by jkanov01 on \\MESOEL06484 was printed on VLS3.60 through port UCP-1.  Size in bytes: 19856. Pages printed: 1. No user action is required."
Information	11/29/2020 18:21	Microsoft-Windows-PrintService	307	Printing a document	"Document 220, Print Document owned by jkanov01 on \\MESOEL06484 was printed on VLS3.60 through port UCP-1.  Size in bytes: 16368. Pages printed: 1. No user action is required."
Information	11/29/2020 18:40	Microsoft-Windows-PrintService	307	Printing a document	"Document 221, Print Document owned by jkanov01 on \\MESOEL06484 was printed on VLS3.60 through port UCP-1.  Size in bytes: 11264. Pages printed: 1. No user action is required."
Information	11/29/2020 18:45	Microsoft-Windows-PrintService	307	Printing a document	"Document 222, Print Document owned by jkanov01 on \\MESOEL06484 was printed on VLS3.60 through port UCP-1.  Size in bytes: 97632. Pages printed: 1. No user action is required."
Information	11/30/2020 9:24	Microsoft-Windows-PrintService	307	Printing a document	"Document 223, Print Document owned by ibohme01 on \\MESOEL06484 was printed on VLS3.60 through port UCP-1.  Size in bytes: 2056. Pages printed: 1. No user action is required."
Information	11/30/2020 10:02	Microsoft-Windows-PrintService	307	Printing a document	"Document 224, Print Document owned by ibohme01 on \\MESOEL06484 was printed on VLS3.60 through port UCP-1.  Size in bytes: 4720. Pages printed: 1. No user action is required."
Information	11/30/2020 11:21	Microsoft-Windows-PrintService	307	Printing a document	"Document 225, Print Document owned by ibohme01 on \\MESOEL06484 was printed on VLS3.60 through port UCP-1.  Size in bytes: 51832. Pages printed: 1. No user action is required."
Information	11/30/2020 14:24	Microsoft-Windows-PrintService	307	Printing a document	"Document 226, Print Document owned by ibohme01 on \\MESOEL06484 was printed on VLS3.60 through port UCP-1.  Size in bytes: 6412. Pages printed: 1. No user action is required."
Information	11/30/2020 14:33	Microsoft-Windows-PrintService	307	Printing a document	"Document 227, Print Document owned by ibohme01 on \\MESOEL06484 was printed on VLS3.60 through port UCP-1.  Size in bytes: 142892. Pages printed: 1. No user action is required."
Information	11/30/2020 14:49	Microsoft-Windows-PrintService	307	Printing a document	"Document 228, Print Document owned by ibohme01 on \\MESOEL06484 was printed on VLS3.60 through port UCP-1.  Size in bytes: 1040. Pages printed: 1. No user action is required."
Information	11/30/2020 14:58	Microsoft-Windows-PrintService	307	Printing a document	"Document 229, Print Document owned by ibohme01 on \\MESOEL06484 was printed on VLS3.60 through port UCP-1.  Size in bytes: 19312. Pages printed: 1. No user action is required."
Information	11/30/2020 15:05	Microsoft-Windows-PrintService	307	Printing a document	"Document 230, Print Document owned by ibohme01 on \\MESOEL06484 was printed on VLS3.60 through port UCP-1.  Size in bytes: 119124. Pages printed: 1. No user action is required."
Information	11/30/2020 15:22	Microsoft-Windows-PrintService	307	Printing a document	"Document 231, Print Document owned by ibohme01 on \\MESOEL06484 was printed on VLS3.60 through port UCP-1.  Size in bytes: 2792. Pages printed: 1. No user action is required."
Information	11/30/2020 15:27	Microsoft-Windows-PrintService	307	Printing a document	"Document 232, Print Document owned by ibohme01 on \\MESOEL06484 was printed on VLS3.60 through port UCP-1.  Size in bytes: 5184. Pages printed: 1. No user action is required."
Information	11/30/2020 15:30	Microsoft-Windows-PrintService	307	Printing a document	"Document 233, Print Document owned by ibohme01 on \\MESOEL06484 was printed on VLS3.60 through port UCP-1.  Size in bytes: 86636. Pages printed: 1. No user action is required."
Information	11/30/2020 15:45	Microsoft-Windows-PrintService	307	Printing a document	"Document 234, Print Document owned by ibohme01 on \\MESOEL06484 was printed on VLS3.60 through port UCP-1.  Size in bytes: 61408. Pages printed: 1. No user action is required."
Information	11/30/2020 16:02	Microsoft-Windows-PrintService	307	Printing a document	"Document 235, Print Document owned by ibohme01 on \\MESOEL06484 was printed on VLS3.60 through port UCP-1.  Size in bytes: 10720. Pages printed: 1. No user action is required."
Information	11/30/2020 16:07	Microsoft-Windows-PrintService	307	Printing a document	"Document 236, Print Document owned by ibohme01 on \\MESOEL06484 was printed on VLS3.60 through port UCP-1.  Size in bytes: 1136. Pages printed: 1. No user action is required."
Information	11/30/2020 16:15	Microsoft-Windows-PrintService	307	Printing a document	"Document 237, Print Document owned by ibohme01 on \\MESOEL06484 was printed on VLS3.60 through port UCP-1.  Size in bytes: 124672. Pages printed: 1. No user action is required."
Information	11/30/2020 16:34	Microsoft-Windows-PrintService	307	Printing a document	"Document 238, Print Document owned by ibohme01 on \\MESOEL06484 was printed on VLS3.60 through port UCP-1.  Size in bytes: 16032. Pages printed: 1. No user action is required."
Information	11/30/2020 16:40	Microsoft-Windows-PrintService	307	Printing a document	"Document 239, Print Document owned by ibohme01 on \\MESOEL06484 was printed on VLS3.60 through port UCP-1.  Size in bytes: 1872. Pages printed: 1. No user action is required."
Information	11/30/2020 17:12	Microsoft-Windows-PrintService	307	Printing a document	"Document 240, Print Document owned by ibohme01 on \\MESOEL06484 was printed on VLS3.60 through port UCP-1.  Size in bytes: 23016. Pages printed: 1. No user action is required."
Information	11/30/2020 17:22	Microsoft-Windows-PrintService	307	Printing a document	"Document 241, Print Document owned by ibohme01 on \\MESOEL06484 was printed on VLS3.60 through port UCP-1.  Size in bytes: 99104. Pages printed: 1. No user action is required."
Information	11/30/2020 17:30	Microsoft-Windows-PrintService	307	Printing a document	"Document 242, Print Document owned by ibohme01 on \\MESOEL06484 was printed on VLS3.60 through port UCP-1.  Size in bytes: 10896. Pages printed: 1. No user action is required."
Information	11/30/2020 17:36	Microsoft-Windows-PrintService	307	Printing a document	"Document 243, Print Document owned by ibohme01 on \\MESOEL06484 was printed on VLS3.60 through port UCP-1.  Size in bytes: 768. Pages printed: 1. No user action is required."
Information	11/30/2020 17:44	Microsoft-Windows-PrintService	307	Printing a document	"Document 244, Print Document owned by ibohme01 on \\MESOEL06484 was printed on VLS3.60 through port UCP-1.  Size in bytes: 10720. Pages printed: 1. No user action is required."
Information	11/30/2020 18:03	Microsoft-Windows-PrintService	307	Printing a document	"Document 245, Print Document owned by ibohme01 on \\MESOEL06484 was printed on VLS3.60 through port UCP-1.  Size in bytes: 4528. Pages printed: 1. No user action is required."
Information	11/30/2020 18:30	Microsoft-Windows-PrintService	307	Printing a document	"Document 246, Print Document owned by ibohme01 on \\MESOEL06484 was printed on VLS3.60 through port UCP-1.  Size in bytes: 2792. Pages printed: 1. No user action is required."
Information	11/30/2020 18:41	Microsoft-Windows-PrintService	307	Printing a document	"Document 247, Print Document owned by ibohme01 on \\MESOEL06484 was printed on VLS3.60 through port UCP-1.  Size in bytes: 4264. Pages printed: 1. No user action is required."
Information	11/30/2020 18:55	Microsoft-Windows-PrintService	307	Printing a document	"Document 248, Print Document owned by ibohme01 on \\MESOEL06484 was printed on VLS3.60 through port UCP-1.  Size in bytes: 21808. Pages printed: 1. No user action is required."
Information	11/30/2020 20:00	Microsoft-Windows-PrintService	307	Printing a document	"Document 249, Print Document owned by ibohme01 on \\MESOEL06484 was printed on VLS3.60 through port UCP-1.  Size in bytes: 12552. Pages printed: 1. No user action is required."
Information	11/30/2020 20:24	Microsoft-Windows-PrintService	307	Printing a document	"Document 250, Print Document owned by ibohme01 on \\MESOEL06484 was printed on VLS3.60 through port UCP-1.  Size in bytes: 178020. Pages printed: 1. No user action is required."
Information	11/30/2020 20:27	Microsoft-Windows-PrintService	307	Printing a document	"Document 251, Print Document owned by ibohme01 on \\MESOEL06484 was printed on VLS3.60 through port UCP-1.  Size in bytes: 180024. Pages printed: 1. No user action is required."
