Information	11/26/2019 10:20	Microsoft-Windows-PrintService	307	Printing a document	"Document 2, Print Document owned by nduran02 on \\MESOEL06484 was printed on VLS3.60 through port UCP-1.  Size in bytes: 656. Pages printed: 1. No user action is required."
Information	11/26/2019 10:48	Microsoft-Windows-PrintService	307	Printing a document	"Document 3, Print Document owned by HMAGOO01 on \\MESOEL06484 was printed on VLS3.60 through port UCP-1.  Size in bytes: 42312. Pages printed: 1. No user action is required."
Information	11/26/2019 10:49	Microsoft-Windows-PrintService	307	Printing a document	"Document 4, Print Document owned by HMAGOO01 on \\MESOEL06484 was printed on VLS3.60 through port UCP-1.  Size in bytes: 42216. Pages printed: 1. No user action is required."
Information	11/26/2019 10:49	Microsoft-Windows-PrintService	307	Printing a document	"Document 5, Print Document owned by HMAGOO01 on \\MESOEL06484 was printed on VLS3.60 through port UCP-1.  Size in bytes: 42216. Pages printed: 1. No user action is required."
Information	11/26/2019 10:50	Microsoft-Windows-PrintService	307	Printing a document	"Document 6, Print Document owned by HMAGOO01 on \\MESOEL06484 was printed on VLS3.60 through port UCP-1.  Size in bytes: 41992. Pages printed: 1. No user action is required."
Information	11/26/2019 10:52	Microsoft-Windows-PrintService	307	Printing a document	"Document 7, Print Document owned by HMAGOO01 on \\MESOEL06484 was printed on VLS3.60 through port UCP-1.  Size in bytes: 41876. Pages printed: 1. No user action is required."
Information	11/26/2019 10:54	Microsoft-Windows-PrintService	307	Printing a document	"Document 8, Print Document owned by HMAGOO01 on \\MESOEL06484 was printed on VLS3.60 through port UCP-1.  Size in bytes: 41876. Pages printed: 1. No user action is required."
Information	11/26/2019 10:56	Microsoft-Windows-PrintService	307	Printing a document	"Document 9, Print Document owned by HMAGOO01 on \\MESOEL06484 was printed on VLS3.60 through port UCP-1.  Size in bytes: 40668. Pages printed: 1. No user action is required."
Information	11/26/2019 10:59	Microsoft-Windows-PrintService	307	Printing a document	"Document 10, Print Document owned by HMAGOO01 on \\MESOEL06484 was printed on VLS3.60 through port UCP-1.  Size in bytes: 40668. Pages printed: 1. No user action is required."
Information	11/26/2019 11:02	Microsoft-Windows-PrintService	307	Printing a document	"Document 11, Print Document owned by HMAGOO01 on \\MESOEL06484 was printed on VLS3.60 through port UCP-1.  Size in bytes: 40668. Pages printed: 1. No user action is required."
Information	11/26/2019 11:03	Microsoft-Windows-PrintService	307	Printing a document	"Document 12, Print Document owned by HMAGOO01 on \\MESOEL06484 was printed on VLS3.60 through port UCP-1.  Size in bytes: 40668. Pages printed: 1. No user action is required."
Information	11/26/2019 11:03	Microsoft-Windows-PrintService	307	Printing a document	"Document 13, Print Document owned by HMAGOO01 on \\MESOEL06484 was printed on VLS3.60 through port UCP-1.  Size in bytes: 40668. Pages printed: 1. No user action is required."
Information	11/26/2019 11:04	Microsoft-Windows-PrintService	307	Printing a document	"Document 14, Print Document owned by HMAGOO01 on \\MESOEL06484 was printed on VLS3.60 through port UCP-1.  Size in bytes: 42472. Pages printed: 1. No user action is required."
Information	11/26/2019 11:50	Microsoft-Windows-PrintService	307	Printing a document	"Document 15, Print Document owned by Awong15 on \\MESOEL06484 was printed on VLS3.60 through port UCP-1.  Size in bytes: 11008. Pages printed: 1. No user action is required."
Information	11/26/2019 11:59	Microsoft-Windows-PrintService	307	Printing a document	"Document 16, Print Document owned by Awong15 on \\MESOEL06484 was printed on VLS3.60 through port UCP-1.  Size in bytes: 39776. Pages printed: 1. No user action is required."
Information	11/26/2019 12:09	Microsoft-Windows-PrintService	307	Printing a document	"Document 17, Print Document owned by Awong15 on \\MESOEL06484 was printed on VLS3.60 through port UCP-1.  Size in bytes: 96524. Pages printed: 1. No user action is required."
Information	11/26/2019 12:45	Microsoft-Windows-PrintService	307	Printing a document	"Document 18, Print Document owned by Awong15 on \\MESOEL06484 was printed on VLS3.60 through port UCP-1.  Size in bytes: 39776. Pages printed: 1. No user action is required."
Information	11/26/2019 12:55	Microsoft-Windows-PrintService	307	Printing a document	"Document 19, Print Document owned by Awong15 on \\MESOEL06484 was printed on VLS3.60 through port UCP-1.  Size in bytes: 11008. Pages printed: 1. No user action is required."
Information	11/26/2019 13:02	Microsoft-Windows-PrintService	307	Printing a document	"Document 20, Print Document owned by Awong15 on \\MESOEL06484 was printed on VLS3.60 through port UCP-1.  Size in bytes: 12540. Pages printed: 1. No user action is required."
Information	11/26/2019 13:08	Microsoft-Windows-PrintService	307	Printing a document	"Document 21, Print Document owned by Awong15 on \\MESOEL06484 was printed on VLS3.60 through port UCP-1.  Size in bytes: 22304. Pages printed: 1. No user action is required."
Information	11/26/2019 13:14	Microsoft-Windows-PrintService	307	Printing a document	"Document 22, Print Document owned by Awong15 on \\MESOEL06484 was printed on VLS3.60 through port UCP-1.  Size in bytes: 39592. Pages printed: 1. No user action is required."
Information	11/26/2019 13:15	Microsoft-Windows-PrintService	307	Printing a document	"Document 23, Print Document owned by Awong15 on \\MESOEL06484 was printed on VLS3.60 through port UCP-1.  Size in bytes: 39592. Pages printed: 1. No user action is required."
Information	11/26/2019 13:48	Microsoft-Windows-PrintService	307	Printing a document	"Document 24, Print Document owned by Awong15 on \\MESOEL06484 was printed on VLS3.60 through port UCP-1.  Size in bytes: 112300. Pages printed: 1. No user action is required."
Information	11/26/2019 14:18	Microsoft-Windows-PrintService	307	Printing a document	"Document 25, Print Document owned by Awong15 on \\MESOEL06484 was printed on VLS3.60 through port UCP-1.  Size in bytes: 9232. Pages printed: 1. No user action is required."
Information	11/26/2019 14:25	Microsoft-Windows-PrintService	307	Printing a document	"Document 26, Print Document owned by Awong15 on \\MESOEL06484 was printed on VLS3.60 through port UCP-1.  Size in bytes: 3768. Pages printed: 1. No user action is required."
Information	11/26/2019 14:33	Microsoft-Windows-PrintService	307	Printing a document	"Document 27, Print Document owned by Awong15 on \\MESOEL06484 was printed on VLS3.60 through port UCP-1.  Size in bytes: 259240. Pages printed: 1. No user action is required."
Information	11/26/2019 15:22	Microsoft-Windows-PrintService	307	Printing a document	"Document 28, Print Document owned by Awong15 on \\MESOEL06484 was printed on VLS3.60 through port UCP-1.  Size in bytes: 264760. Pages printed: 1. No user action is required."
Information	11/26/2019 19:09	Microsoft-Windows-PrintService	307	Printing a document	"Document 29, Print Document owned by jsokol05 on \\MESOEL06484 was printed on VLS3.60 through port UCP-1.  Size in bytes: 7888. Pages printed: 1. No user action is required."
Information	11/26/2019 19:12	Microsoft-Windows-PrintService	307	Printing a document	"Document 30, Print Document owned by jsokol05 on \\MESOEL06484 was printed on VLS3.60 through port UCP-1.  Size in bytes: 4328. Pages printed: 1. No user action is required."
Information	11/26/2019 19:22	Microsoft-Windows-PrintService	307	Printing a document	"Document 31, Print Document owned by jsokol05 on \\MESOEL06484 was printed on VLS3.60 through port UCP-1.  Size in bytes: 1512. Pages printed: 1. No user action is required."
Information	11/26/2019 19:48	Microsoft-Windows-PrintService	307	Printing a document	"Document 32, Print Document owned by jsokol05 on \\MESOEL06484 was printed on VLS3.60 through port UCP-1.  Size in bytes: 2120. Pages printed: 1. No user action is required."
Information	11/26/2019 19:53	Microsoft-Windows-PrintService	307	Printing a document	"Document 33, Print Document owned by jsokol05 on \\MESOEL06484 was printed on VLS3.60 through port UCP-1.  Size in bytes: 3840. Pages printed: 1. No user action is required."
Information	11/27/2019 14:44	Microsoft-Windows-PrintService	307	Printing a document	"Document 34, Print Document owned by jsokol05 on \\MESOEL06484 was printed on VLS3.60 through port UCP-1.  Size in bytes: 1424. Pages printed: 1. No user action is required."
Information	11/27/2019 14:58	Microsoft-Windows-PrintService	307	Printing a document	"Document 35, Print Document owned by jsokol05 on \\MESOEL06484 was printed on VLS3.60 through port UCP-1.  Size in bytes: 2432. Pages printed: 1. No user action is required."
Information	11/30/2019 14:49	Microsoft-Windows-PrintService	307	Printing a document	"Document 36, Print Document owned by jsokol05 on \\MESOEL06484 was printed on VLS3.60 through port UCP-1.  Size in bytes: 1156. Pages printed: 1. No user action is required."
Information	11/30/2019 14:58	Microsoft-Windows-PrintService	307	Printing a document	"Document 37, Print Document owned by jsokol05 on \\MESOEL06484 was printed on VLS3.60 through port UCP-1.  Size in bytes: 604. Pages printed: 1. No user action is required."
Information	11/30/2019 17:51	Microsoft-Windows-PrintService	307	Printing a document	"Document 38, Print Document owned by jsokol05 on \\MESOEL06484 was printed on VLS3.60 through port UCP-1.  Size in bytes: 757712. Pages printed: 1. No user action is required."
Information	11/30/2019 17:51	Microsoft-Windows-PrintService	307	Printing a document	"Document 39, Print Document owned by jsokol05 on \\MESOEL06484 was printed on VLS3.60 through port UCP-1.  Size in bytes: 757008. Pages printed: 1. No user action is required."
Information	11/30/2019 17:52	Microsoft-Windows-PrintService	307	Printing a document	"Document 40, Print Document owned by jsokol05 on \\MESOEL06484 was printed on VLS3.60 through port UCP-1.  Size in bytes: 757008. Pages printed: 1. No user action is required."
Information	11/30/2019 17:53	Microsoft-Windows-PrintService	307	Printing a document	"Document 41, Print Document owned by jsokol05 on \\MESOEL06484 was printed on VLS3.60 through port UCP-1.  Size in bytes: 757008. Pages printed: 1. No user action is required."
Information	11/30/2019 17:59	Microsoft-Windows-PrintService	307	Printing a document	"Document 42, Print Document owned by jsokol05 on \\MESOEL06484 was printed on VLS3.60 through port UCP-1.  Size in bytes: 561184. Pages printed: 1. No user action is required."
Information	12/1/2019 20:53	Microsoft-Windows-PrintService	307	Printing a document	"Document 43, Print Document owned by stalwa01 on \\MESOEL06484 was printed on VLS3.60 through port UCP-1.  Size in bytes: 12176. Pages printed: 1. No user action is required."
Information	12/1/2019 20:56	Microsoft-Windows-PrintService	307	Printing a document	"Document 44, Print Document owned by stalwa01 on \\MESOEL06484 was printed on VLS3.60 through port UCP-1.  Size in bytes: 12176. Pages printed: 1. No user action is required."
Information	12/1/2019 21:00	Microsoft-Windows-PrintService	307	Printing a document	"Document 45, Print Document owned by stalwa01 on \\MESOEL06484 was printed on VLS3.60 through port UCP-1.  Size in bytes: 12176. Pages printed: 1. No user action is required."
Information	12/1/2019 21:01	Microsoft-Windows-PrintService	307	Printing a document	"Document 46, Print Document owned by stalwa01 on \\MESOEL06484 was printed on VLS3.60 through port UCP-1.  Size in bytes: 12176. Pages printed: 1. No user action is required."
Information	12/1/2019 21:08	Microsoft-Windows-PrintService	307	Printing a document	"Document 47, Print Document owned by stalwa01 on \\MESOEL06484 was printed on VLS3.60 through port UCP-1.  Size in bytes: 12176. Pages printed: 1. No user action is required."
Information	12/2/2019 10:00	Microsoft-Windows-PrintService	307	Printing a document	"Document 48, Print Document owned by EDowne01 on \\MESOEL06484 was printed on VLS3.60 through port UCP-1.  Size in bytes: 12912. Pages printed: 1. No user action is required."
Information	12/2/2019 10:02	Microsoft-Windows-PrintService	307	Printing a document	"Document 49, Print Document owned by EDowne01 on \\MESOEL06484 was printed on VLS3.60 through port UCP-1.  Size in bytes: 12912. Pages printed: 1. No user action is required."
Information	12/2/2019 10:18	Microsoft-Windows-PrintService	307	Printing a document	"Document 50, Print Document owned by EDowne01 on \\MESOEL06484 was printed on VLS3.60 through port UCP-1.  Size in bytes: 440. Pages printed: 1. No user action is required."
Information	12/2/2019 10:19	Microsoft-Windows-PrintService	307	Printing a document	"Document 51, Print Document owned by EDowne01 on \\MESOEL06484 was printed on VLS3.60 through port UCP-1.  Size in bytes: 440. Pages printed: 1. No user action is required."
Information	12/2/2019 10:20	Microsoft-Windows-PrintService	307	Printing a document	"Document 52, Print Document owned by EDowne01 on \\MESOEL06484 was printed on VLS3.60 through port UCP-1.  Size in bytes: 12912. Pages printed: 1. No user action is required."
Information	12/2/2019 10:21	Microsoft-Windows-PrintService	307	Printing a document	"Document 53, Print Document owned by EDowne01 on \\MESOEL06484 was printed on VLS3.60 through port UCP-1.  Size in bytes: 440. Pages printed: 1. No user action is required."
Information	12/2/2019 10:23	Microsoft-Windows-PrintService	307	Printing a document	"Document 54, Print Document owned by EDowne01 on \\MESOEL06484 was printed on VLS3.60 through port UCP-1.  Size in bytes: 440. Pages printed: 1. No user action is required."
Information	12/2/2019 10:24	Microsoft-Windows-PrintService	307	Printing a document	"Document 55, Print Document owned by EDowne01 on \\MESOEL06484 was printed on VLS3.60 through port UCP-1.  Size in bytes: 400. Pages printed: 1. No user action is required."
Information	12/2/2019 10:25	Microsoft-Windows-PrintService	307	Printing a document	"Document 56, Print Document owned by EDowne01 on \\MESOEL06484 was printed on VLS3.60 through port UCP-1.  Size in bytes: 400. Pages printed: 1. No user action is required."
Information	12/2/2019 10:26	Microsoft-Windows-PrintService	307	Printing a document	"Document 57, Print Document owned by EDowne01 on \\MESOEL06484 was printed on VLS3.60 through port UCP-1.  Size in bytes: 400. Pages printed: 1. No user action is required."
Information	12/2/2019 10:27	Microsoft-Windows-PrintService	307	Printing a document	"Document 58, Print Document owned by EDowne01 on \\MESOEL06484 was printed on VLS3.60 through port UCP-1.  Size in bytes: 68028. Pages printed: 1. No user action is required."
Information	12/2/2019 10:30	Microsoft-Windows-PrintService	307	Printing a document	"Document 59, Print Document owned by EDowne01 on \\MESOEL06484 was printed on VLS3.60 through port UCP-1.  Size in bytes: 196596. Pages printed: 1. No user action is required."
Information	12/2/2019 10:32	Microsoft-Windows-PrintService	307	Printing a document	"Document 60, Print Document owned by EDowne01 on \\MESOEL06484 was printed on VLS3.60 through port UCP-1.  Size in bytes: 183156. Pages printed: 1. No user action is required."
Information	12/2/2019 10:35	Microsoft-Windows-PrintService	307	Printing a document	"Document 61, Print Document owned by EDowne01 on \\MESOEL06484 was printed on VLS3.60 through port UCP-1.  Size in bytes: 179936. Pages printed: 1. No user action is required."
Information	12/2/2019 10:36	Microsoft-Windows-PrintService	307	Printing a document	"Document 62, Print Document owned by EDowne01 on \\MESOEL06484 was printed on VLS3.60 through port UCP-1.  Size in bytes: 179936. Pages printed: 1. No user action is required."
Information	12/2/2019 10:37	Microsoft-Windows-PrintService	307	Printing a document	"Document 63, Print Document owned by EDowne01 on \\MESOEL06484 was printed on VLS3.60 through port UCP-1.  Size in bytes: 40008. Pages printed: 1. No user action is required."
Information	12/2/2019 10:38	Microsoft-Windows-PrintService	307	Printing a document	"Document 64, Print Document owned by EDowne01 on \\MESOEL06484 was printed on VLS3.60 through port UCP-1.  Size in bytes: 179936. Pages printed: 1. No user action is required."
Information	12/2/2019 10:38	Microsoft-Windows-PrintService	307	Printing a document	"Document 65, Print Document owned by EDowne01 on \\MESOEL06484 was printed on VLS3.60 through port UCP-1.  Size in bytes: 179936. Pages printed: 1. No user action is required."
Information	12/2/2019 11:22	Microsoft-Windows-PrintService	307	Printing a document	"Document 66, Print Document owned by EDowne01 on \\MESOEL06484 was printed on VLS3.60 through port UCP-1.  Size in bytes: 184248. Pages printed: 1. No user action is required."
Information	12/2/2019 11:53	Microsoft-Windows-PrintService	307	Printing a document	"Document 67, Print Document owned by EDowne01 on \\MESOEL06484 was printed on VLS3.60 through port UCP-1.  Size in bytes: 60432. Pages printed: 1. No user action is required."
Information	12/2/2019 12:40	Microsoft-Windows-PrintService	307	Printing a document	"Document 68, Print Document owned by EDowne01 on \\MESOEL06484 was printed on VLS3.60 through port UCP-1.  Size in bytes: 79176. Pages printed: 1. No user action is required."
Information	12/2/2019 12:54	Microsoft-Windows-PrintService	307	Printing a document	"Document 69, Print Document owned by EDowne01 on \\MESOEL06484 was printed on VLS3.60 through port UCP-1.  Size in bytes: 66496. Pages printed: 1. No user action is required."
Information	12/2/2019 12:55	Microsoft-Windows-PrintService	307	Printing a document	"Document 70, Print Document owned by EDowne01 on \\MESOEL06484 was printed on VLS3.60 through port UCP-1.  Size in bytes: 64848. Pages printed: 1. No user action is required."
Information	12/2/2019 12:57	Microsoft-Windows-PrintService	307	Printing a document	"Document 71, Print Document owned by EDowne01 on \\MESOEL06484 was printed on VLS3.60 through port UCP-1.  Size in bytes: 73408. Pages printed: 1. No user action is required."
Information	12/2/2019 12:57	Microsoft-Windows-PrintService	307	Printing a document	"Document 72, Print Document owned by EDowne01 on \\MESOEL06484 was printed on VLS3.60 through port UCP-1.  Size in bytes: 55528. Pages printed: 1. No user action is required."
Information	12/2/2019 12:58	Microsoft-Windows-PrintService	307	Printing a document	"Document 73, Print Document owned by EDowne01 on \\MESOEL06484 was printed on VLS3.60 through port UCP-1.  Size in bytes: 73408. Pages printed: 1. No user action is required."
Information	12/2/2019 12:59	Microsoft-Windows-PrintService	307	Printing a document	"Document 74, Print Document owned by EDowne01 on \\MESOEL06484 was printed on VLS3.60 through port UCP-1.  Size in bytes: 73408. Pages printed: 1. No user action is required."
Information	12/2/2019 12:59	Microsoft-Windows-PrintService	307	Printing a document	"Document 75, Print Document owned by EDowne01 on \\MESOEL06484 was printed on VLS3.60 through port UCP-1.  Size in bytes: 73408. Pages printed: 1. No user action is required."
Information	12/2/2019 13:46	Microsoft-Windows-PrintService	307	Printing a document	"Document 76, Print Document owned by EDowne01 on \\MESOEL06484 was printed on VLS3.60 through port UCP-1.  Size in bytes: 3768. Pages printed: 1. No user action is required."
Information	12/2/2019 13:56	Microsoft-Windows-PrintService	307	Printing a document	"Document 77, Print Document owned by EDowne01 on \\MESOEL06484 was printed on VLS3.60 through port UCP-1.  Size in bytes: 7648. Pages printed: 1. No user action is required."
Information	12/2/2019 14:01	Microsoft-Windows-PrintService	307	Printing a document	"Document 78, Print Document owned by EDowne01 on \\MESOEL06484 was printed on VLS3.60 through port UCP-1.  Size in bytes: 7496. Pages printed: 1. No user action is required."
Information	12/2/2019 14:03	Microsoft-Windows-PrintService	307	Printing a document	"Document 79, Print Document owned by EDowne01 on \\MESOEL06484 was printed on VLS3.60 through port UCP-1.  Size in bytes: 7496. Pages printed: 1. No user action is required."
Information	12/2/2019 14:08	Microsoft-Windows-PrintService	307	Printing a document	"Document 80, Print Document owned by EDowne01 on \\MESOEL06484 was printed on VLS3.60 through port UCP-1.  Size in bytes: 7496. Pages printed: 1. No user action is required."
Information	12/2/2019 14:40	Microsoft-Windows-PrintService	307	Printing a document	"Document 81, Print Document owned by EDowne01 on \\MESOEL06484 was printed on VLS3.60 through port UCP-1.  Size in bytes: 1203088. Pages printed: 1. No user action is required."
Information	12/2/2019 14:54	Microsoft-Windows-PrintService	307	Printing a document	"Document 82, Print Document owned by EDowne01 on \\MESOEL06484 was printed on VLS3.60 through port UCP-1.  Size in bytes: 1201136. Pages printed: 1. No user action is required."
Information	12/2/2019 14:56	Microsoft-Windows-PrintService	307	Printing a document	"Document 83, Print Document owned by EDowne01 on \\MESOEL06484 was printed on VLS3.60 through port UCP-1.  Size in bytes: 1201136. Pages printed: 1. No user action is required."
Information	12/2/2019 15:03	Microsoft-Windows-PrintService	307	Printing a document	"Document 84, Print Document owned by EDowne01 on \\MESOEL06484 was printed on VLS3.60 through port UCP-1.  Size in bytes: 1201136. Pages printed: 1. No user action is required."
Information	12/2/2019 15:04	Microsoft-Windows-PrintService	307	Printing a document	"Document 85, Print Document owned by EDowne01 on \\MESOEL06484 was printed on VLS3.60 through port UCP-1.  Size in bytes: 40044. Pages printed: 1. No user action is required."
Information	12/2/2019 15:13	Microsoft-Windows-PrintService	307	Printing a document	"Document 86, Print Document owned by EDowne01 on \\MESOEL06484 was printed on VLS3.60 through port UCP-1.  Size in bytes: 3544448. Pages printed: 1. No user action is required."
Information	12/2/2019 15:22	Microsoft-Windows-PrintService	307	Printing a document	"Document 87, Print Document owned by EDowne01 on \\MESOEL06484 was printed on VLS3.60 through port UCP-1.  Size in bytes: 8524. Pages printed: 1. No user action is required."
Information	12/2/2019 15:22	Microsoft-Windows-PrintService	307	Printing a document	"Document 88, Print Document owned by EDowne01 on \\MESOEL06484 was printed on VLS3.60 through port UCP-1.  Size in bytes: 8524. Pages printed: 1. No user action is required."
Information	12/2/2019 15:27	Microsoft-Windows-PrintService	307	Printing a document	"Document 89, Print Document owned by EDowne01 on \\MESOEL06484 was printed on VLS3.60 through port UCP-1.  Size in bytes: 3544448. Pages printed: 1. No user action is required."
Information	12/2/2019 15:32	Microsoft-Windows-PrintService	307	Printing a document	"Document 90, Print Document owned by EDowne01 on \\MESOEL06484 was printed on VLS3.60 through port UCP-1.  Size in bytes: 141760. Pages printed: 1. No user action is required."
Information	12/2/2019 15:33	Microsoft-Windows-PrintService	307	Printing a document	"Document 91, Print Document owned by EDowne01 on \\MESOEL06484 was printed on VLS3.60 through port UCP-1.  Size in bytes: 141760. Pages printed: 1. No user action is required."
Information	12/2/2019 15:33	Microsoft-Windows-PrintService	307	Printing a document	"Document 92, Print Document owned by EDowne01 on \\MESOEL06484 was printed on VLS3.60 through port UCP-1.  Size in bytes: 141760. Pages printed: 1. No user action is required."
Information	12/2/2019 15:46	Microsoft-Windows-PrintService	307	Printing a document	"Document 93, Print Document owned by EDowne01 on \\MESOEL06484 was printed on VLS3.60 through port UCP-1.  Size in bytes: 1639136. Pages printed: 1. No user action is required."
Information	12/2/2019 16:09	Microsoft-Windows-PrintService	307	Printing a document	"Document 94, Print Document owned by EDowne01 on \\MESOEL06484 was printed on VLS3.60 through port UCP-1.  Size in bytes: 6164. Pages printed: 1. No user action is required."
Information	12/2/2019 16:11	Microsoft-Windows-PrintService	307	Printing a document	"Document 95, Print Document owned by EDowne01 on \\MESOEL06484 was printed on VLS3.60 through port UCP-1.  Size in bytes: 154348. Pages printed: 1. No user action is required."
Information	12/2/2019 16:22	Microsoft-Windows-PrintService	307	Printing a document	"Document 96, Print Document owned by EDowne01 on \\MESOEL06484 was printed on VLS3.60 through port UCP-1.  Size in bytes: 6756. Pages printed: 1. No user action is required."
Information	12/2/2019 16:22	Microsoft-Windows-PrintService	307	Printing a document	"Document 97, Print Document owned by EDowne01 on \\MESOEL06484 was printed on VLS3.60 through port UCP-1.  Size in bytes: 6164. Pages printed: 1. No user action is required."
Information	12/2/2019 16:24	Microsoft-Windows-PrintService	307	Printing a document	"Document 98, Print Document owned by EDowne01 on \\MESOEL06484 was printed on VLS3.60 through port UCP-1.  Size in bytes: 1596556. Pages printed: 1. No user action is required."
Information	12/2/2019 16:49	Microsoft-Windows-PrintService	307	Printing a document	"Document 99, Print Document owned by EDowne01 on \\MESOEL06484 was printed on VLS3.60 through port UCP-1.  Size in bytes: 141952. Pages printed: 1. No user action is required."
Information	12/2/2019 17:00	Microsoft-Windows-PrintService	307	Printing a document	"Document 100, Print Document owned by EDowne01 on \\MESOEL06484 was printed on VLS3.60 through port UCP-1.  Size in bytes: 4700. Pages printed: 1. No user action is required."
Information	12/2/2019 17:01	Microsoft-Windows-PrintService	307	Printing a document	"Document 101, Print Document owned by EDowne01 on \\MESOEL06484 was printed on VLS3.60 through port UCP-1.  Size in bytes: 4412. Pages printed: 1. No user action is required."
Information	12/2/2019 17:09	Microsoft-Windows-PrintService	307	Printing a document	"Document 102, Print Document owned by EDowne01 on \\MESOEL06484 was printed on VLS3.60 through port UCP-1.  Size in bytes: 4416. Pages printed: 1. No user action is required."
Information	12/2/2019 17:09	Microsoft-Windows-PrintService	307	Printing a document	"Document 103, Print Document owned by EDowne01 on \\MESOEL06484 was printed on VLS3.60 through port UCP-1.  Size in bytes: 4416. Pages printed: 1. No user action is required."
Information	12/2/2019 17:18	Microsoft-Windows-PrintService	307	Printing a document	"Document 104, Print Document owned by EDowne01 on \\MESOEL06484 was printed on VLS3.60 through port UCP-1.  Size in bytes: 1488. Pages printed: 1. No user action is required."
Information	12/2/2019 17:24	Microsoft-Windows-PrintService	307	Printing a document	"Document 105, Print Document owned by EDowne01 on \\MESOEL06484 was printed on VLS3.60 through port UCP-1.  Size in bytes: 1360. Pages printed: 1. No user action is required."
Information	12/2/2019 17:25	Microsoft-Windows-PrintService	307	Printing a document	"Document 106, Print Document owned by EDowne01 on \\MESOEL06484 was printed on VLS3.60 through port UCP-1.  Size in bytes: 1360. Pages printed: 1. No user action is required."
Information	12/2/2019 17:29	Microsoft-Windows-PrintService	307	Printing a document	"Document 107, Print Document owned by EDowne01 on \\MESOEL06484 was printed on VLS3.60 through port UCP-1.  Size in bytes: 1104. Pages printed: 1. No user action is required."
Information	12/2/2019 17:34	Microsoft-Windows-PrintService	307	Printing a document	"Document 108, Print Document owned by EDowne01 on \\MESOEL06484 was printed on VLS3.60 through port UCP-1.  Size in bytes: 1072. Pages printed: 1. No user action is required."
Information	12/2/2019 17:37	Microsoft-Windows-PrintService	307	Printing a document	"Document 109, Print Document owned by EDowne01 on \\MESOEL06484 was printed on VLS3.60 through port UCP-1.  Size in bytes: 1072. Pages printed: 1. No user action is required."
Information	12/2/2019 17:41	Microsoft-Windows-PrintService	307	Printing a document	"Document 110, Print Document owned by EDowne01 on \\MESOEL06484 was printed on VLS3.60 through port UCP-1.  Size in bytes: 11104. Pages printed: 1. No user action is required."
Information	12/2/2019 17:50	Microsoft-Windows-PrintService	307	Printing a document	"Document 111, Print Document owned by EDowne01 on \\MESOEL06484 was printed on VLS3.60 through port UCP-1.  Size in bytes: 14544. Pages printed: 1. No user action is required."
Information	12/2/2019 17:52	Microsoft-Windows-PrintService	307	Printing a document	"Document 112, Print Document owned by EDowne01 on \\MESOEL06484 was printed on VLS3.60 through port UCP-1.  Size in bytes: 14544. Pages printed: 1. No user action is required."
Information	12/2/2019 18:02	Microsoft-Windows-PrintService	307	Printing a document	"Document 113, Print Document owned by EDowne01 on \\MESOEL06484 was printed on VLS3.60 through port UCP-1.  Size in bytes: 15328. Pages printed: 1. No user action is required."
Information	12/2/2019 18:20	Microsoft-Windows-PrintService	307	Printing a document	"Document 114, Print Document owned by EDowne01 on \\MESOEL06484 was printed on VLS3.60 through port UCP-1.  Size in bytes: 656. Pages printed: 1. No user action is required."
Information	12/2/2019 18:20	Microsoft-Windows-PrintService	307	Printing a document	"Document 115, Print Document owned by EDowne01 on \\MESOEL06484 was printed on VLS3.60 through port UCP-1.  Size in bytes: 656. Pages printed: 1. No user action is required."
Information	12/2/2019 18:22	Microsoft-Windows-PrintService	307	Printing a document	"Document 116, Print Document owned by EDowne01 on \\MESOEL06484 was printed on VLS3.60 through port UCP-1.  Size in bytes: 656. Pages printed: 1. No user action is required."
Information	12/2/2019 18:24	Microsoft-Windows-PrintService	307	Printing a document	"Document 117, Print Document owned by EDowne01 on \\MESOEL06484 was printed on VLS3.60 through port UCP-1.  Size in bytes: 656. Pages printed: 1. No user action is required."
Information	12/2/2019 18:31	Microsoft-Windows-PrintService	307	Printing a document	"Document 118, Print Document owned by EDowne01 on \\MESOEL06484 was printed on VLS3.60 through port UCP-1.  Size in bytes: 752. Pages printed: 1. No user action is required."
Information	12/2/2019 18:52	Microsoft-Windows-PrintService	307	Printing a document	"Document 119, Print Document owned by EDowne01 on \\MESOEL06484 was printed on VLS3.60 through port UCP-1.  Size in bytes: 1488. Pages printed: 1. No user action is required."
Information	12/2/2019 18:59	Microsoft-Windows-PrintService	307	Printing a document	"Document 120, Print Document owned by EDowne01 on \\MESOEL06484 was printed on VLS3.60 through port UCP-1.  Size in bytes: 1488. Pages printed: 1. No user action is required."
Information	12/2/2019 19:00	Microsoft-Windows-PrintService	307	Printing a document	"Document 121, Print Document owned by EDowne01 on \\MESOEL06484 was printed on VLS3.60 through port UCP-1.  Size in bytes: 1488. Pages printed: 1. No user action is required."
Information	12/2/2019 19:09	Microsoft-Windows-PrintService	307	Printing a document	"Document 122, Print Document owned by EDowne01 on \\MESOEL06484 was printed on VLS3.60 through port UCP-1.  Size in bytes: 1608. Pages printed: 1. No user action is required."
Information	12/2/2019 19:11	Microsoft-Windows-PrintService	307	Printing a document	"Document 123, Print Document owned by EDowne01 on \\MESOEL06484 was printed on VLS3.60 through port UCP-1.  Size in bytes: 1424. Pages printed: 1. No user action is required."
Information	12/2/2019 19:23	Microsoft-Windows-PrintService	307	Printing a document	"Document 124, Print Document owned by EDowne01 on \\MESOEL06484 was printed on VLS3.60 through port UCP-1.  Size in bytes: 912. Pages printed: 1. No user action is required."
Information	12/2/2019 19:25	Microsoft-Windows-PrintService	307	Printing a document	"Document 125, Print Document owned by EDowne01 on \\MESOEL06484 was printed on VLS3.60 through port UCP-1.  Size in bytes: 752. Pages printed: 1. No user action is required."
Information	12/2/2019 19:29	Microsoft-Windows-PrintService	307	Printing a document	"Document 126, Print Document owned by EDowne01 on \\MESOEL06484 was printed on VLS3.60 through port UCP-1.  Size in bytes: 656. Pages printed: 1. No user action is required."
Information	12/2/2019 19:36	Microsoft-Windows-PrintService	307	Printing a document	"Document 127, Print Document owned by EDowne01 on \\MESOEL06484 was printed on VLS3.60 through port UCP-1.  Size in bytes: 1104. Pages printed: 1. No user action is required."
Information	12/2/2019 19:43	Microsoft-Windows-PrintService	307	Printing a document	"Document 128, Print Document owned by EDowne01 on \\MESOEL06484 was printed on VLS3.60 through port UCP-1.  Size in bytes: 656. Pages printed: 1. No user action is required."
Information	12/2/2019 19:44	Microsoft-Windows-PrintService	307	Printing a document	"Document 129, Print Document owned by EDowne01 on \\MESOEL06484 was printed on VLS3.60 through port UCP-1.  Size in bytes: 656. Pages printed: 1. No user action is required."
Information	12/2/2019 20:30	Microsoft-Windows-PrintService	307	Printing a document	"Document 130, Print Document owned by EDowne01 on \\MESOEL06484 was printed on VLS3.60 through port UCP-1.  Size in bytes: 7760. Pages printed: 1. No user action is required."
Information	12/2/2019 21:25	Microsoft-Windows-PrintService	307	Printing a document	"Document 131, Print Document owned by EDowne01 on \\MESOEL06484 was printed on VLS3.60 through port UCP-1.  Size in bytes: 1069336. Pages printed: 1. No user action is required."
Information	12/2/2019 21:43	Microsoft-Windows-PrintService	307	Printing a document	"Document 132, Print Document owned by EDowne01 on \\MESOEL06484 was printed on VLS3.60 through port UCP-1.  Size in bytes: 457432. Pages printed: 1. No user action is required."
Information	12/2/2019 21:54	Microsoft-Windows-PrintService	307	Printing a document	"Document 133, Print Document owned by EDowne01 on \\MESOEL06484 was printed on VLS3.60 through port UCP-1.  Size in bytes: 40512. Pages printed: 1. No user action is required."
Information	12/2/2019 21:57	Microsoft-Windows-PrintService	307	Printing a document	"Document 134, Print Document owned by EDowne01 on \\MESOEL06484 was printed on VLS3.60 through port UCP-1.  Size in bytes: 495700. Pages printed: 1. No user action is required."
Information	12/3/2019 9:29	Microsoft-Windows-PrintService	307	Printing a document	"Document 135, Print Document owned by EDowne01 on \\MESOEL06484 was printed on VLS3.60 through port UCP-1.  Size in bytes: 2896. Pages printed: 1. No user action is required."
Information	12/3/2019 9:57	Microsoft-Windows-PrintService	307	Printing a document	"Document 136, Print Document owned by EDowne01 on \\MESOEL06484 was printed on VLS3.60 through port UCP-1.  Size in bytes: 912. Pages printed: 1. No user action is required."
Information	12/3/2019 10:39	Microsoft-Windows-PrintService	307	Printing a document	"Document 137, Print Document owned by EDowne01 on \\MESOEL06484 was printed on VLS3.60 through port UCP-1.  Size in bytes: 28392. Pages printed: 1. No user action is required."
Information	12/3/2019 10:55	Microsoft-Windows-PrintService	307	Printing a document	"Document 138, Print Document owned by EDowne01 on \\MESOEL06484 was printed on VLS3.60 through port UCP-1.  Size in bytes: 11104. Pages printed: 1. No user action is required."
Information	12/3/2019 11:05	Microsoft-Windows-PrintService	307	Printing a document	"Document 139, Print Document owned by EDowne01 on \\MESOEL06484 was printed on VLS3.60 through port UCP-1.  Size in bytes: 9032. Pages printed: 1. No user action is required."
Information	12/3/2019 11:14	Microsoft-Windows-PrintService	307	Printing a document	"Document 140, Print Document owned by EDowne01 on \\MESOEL06484 was printed on VLS3.60 through port UCP-1.  Size in bytes: 23900. Pages printed: 1. No user action is required."
Information	12/3/2019 11:27	Microsoft-Windows-PrintService	307	Printing a document	"Document 141, Print Document owned by EDowne01 on \\MESOEL06484 was printed on VLS3.60 through port UCP-1.  Size in bytes: 10972. Pages printed: 1. No user action is required."
Information	12/3/2019 11:46	Microsoft-Windows-PrintService	307	Printing a document	"Document 142, Print Document owned by EDowne01 on \\MESOEL06484 was printed on VLS3.60 through port UCP-1.  Size in bytes: 20112. Pages printed: 1. No user action is required."
Information	12/3/2019 12:10	Microsoft-Windows-PrintService	307	Printing a document	"Document 143, Print Document owned by EDowne01 on \\MESOEL06484 was printed on VLS3.60 through port UCP-1.  Size in bytes: 5880. Pages printed: 1. No user action is required."
Information	12/3/2019 12:11	Microsoft-Windows-PrintService	307	Printing a document	"Document 144, Print Document owned by EDowne01 on \\MESOEL06484 was printed on VLS3.60 through port UCP-1.  Size in bytes: 5880. Pages printed: 1. No user action is required."
Information	12/3/2019 12:14	Microsoft-Windows-PrintService	307	Printing a document	"Document 145, Print Document owned by EDowne01 on \\MESOEL06484 was printed on VLS3.60 through port UCP-1.  Size in bytes: 5880. Pages printed: 1. No user action is required."
Information	12/3/2019 12:15	Microsoft-Windows-PrintService	307	Printing a document	"Document 146, Print Document owned by EDowne01 on \\MESOEL06484 was printed on VLS3.60 through port UCP-1.  Size in bytes: 5880. Pages printed: 1. No user action is required."
Information	12/3/2019 12:21	Microsoft-Windows-PrintService	307	Printing a document	"Document 147, Print Document owned by EDowne01 on \\MESOEL06484 was printed on VLS3.60 through port UCP-1.  Size in bytes: 5936. Pages printed: 1. No user action is required."
Information	12/3/2019 12:24	Microsoft-Windows-PrintService	307	Printing a document	"Document 148, Print Document owned by EDowne01 on \\MESOEL06484 was printed on VLS3.60 through port UCP-1.  Size in bytes: 5936. Pages printed: 1. No user action is required."
Information	12/3/2019 12:28	Microsoft-Windows-PrintService	307	Printing a document	"Document 149, Print Document owned by EDowne01 on \\MESOEL06484 was printed on VLS3.60 through port UCP-1.  Size in bytes: 12020. Pages printed: 1. No user action is required."
Information	12/3/2019 12:29	Microsoft-Windows-PrintService	307	Printing a document	"Document 150, Print Document owned by EDowne01 on \\MESOEL06484 was printed on VLS3.60 through port UCP-1.  Size in bytes: 12020. Pages printed: 1. No user action is required."
Information	12/3/2019 12:30	Microsoft-Windows-PrintService	307	Printing a document	"Document 151, Print Document owned by EDowne01 on \\MESOEL06484 was printed on VLS3.60 through port UCP-1.  Size in bytes: 4412. Pages printed: 1. No user action is required."
Information	12/3/2019 12:31	Microsoft-Windows-PrintService	307	Printing a document	"Document 152, Print Document owned by EDowne01 on \\MESOEL06484 was printed on VLS3.60 through port UCP-1.  Size in bytes: 4060. Pages printed: 1. No user action is required."
Information	12/3/2019 12:33	Microsoft-Windows-PrintService	307	Printing a document	"Document 153, Print Document owned by EDowne01 on \\MESOEL06484 was printed on VLS3.60 through port UCP-1.  Size in bytes: 4060. Pages printed: 1. No user action is required."
Information	12/3/2019 12:34	Microsoft-Windows-PrintService	307	Printing a document	"Document 154, Print Document owned by EDowne01 on \\MESOEL06484 was printed on VLS3.60 through port UCP-1.  Size in bytes: 4060. Pages printed: 1. No user action is required."
Information	12/3/2019 12:36	Microsoft-Windows-PrintService	307	Printing a document	"Document 155, Print Document owned by EDowne01 on \\MESOEL06484 was printed on VLS3.60 through port UCP-1.  Size in bytes: 4060. Pages printed: 1. No user action is required."
Information	12/3/2019 12:38	Microsoft-Windows-PrintService	307	Printing a document	"Document 156, Print Document owned by EDowne01 on \\MESOEL06484 was printed on VLS3.60 through port UCP-1.  Size in bytes: 196536. Pages printed: 1. No user action is required."
Information	12/3/2019 12:57	Microsoft-Windows-PrintService	307	Printing a document	"Document 157, Print Document owned by EDowne01 on \\MESOEL06484 was printed on VLS3.60 through port UCP-1.  Size in bytes: 61816. Pages printed: 1. No user action is required."
Information	12/3/2019 12:57	Microsoft-Windows-PrintService	307	Printing a document	"Document 158, Print Document owned by EDowne01 on \\MESOEL06484 was printed on VLS3.60 through port UCP-1.  Size in bytes: 61816. Pages printed: 1. No user action is required."
Information	12/3/2019 13:08	Microsoft-Windows-PrintService	307	Printing a document	"Document 159, Print Document owned by EDowne01 on \\MESOEL06484 was printed on VLS3.60 through port UCP-1.  Size in bytes: 213256. Pages printed: 1. No user action is required."
Information	12/3/2019 13:15	Microsoft-Windows-PrintService	307	Printing a document	"Document 160, Print Document owned by EDowne01 on \\MESOEL06484 was printed on VLS3.60 through port UCP-1.  Size in bytes: 212904. Pages printed: 1. No user action is required."
Information	12/3/2019 13:15	Microsoft-Windows-PrintService	307	Printing a document	"Document 161, Print Document owned by EDowne01 on \\MESOEL06484 was printed on VLS3.60 through port UCP-1.  Size in bytes: 212904. Pages printed: 1. No user action is required."
Information	12/3/2019 13:17	Microsoft-Windows-PrintService	307	Printing a document	"Document 162, Print Document owned by EDowne01 on \\MESOEL06484 was printed on VLS3.60 through port UCP-1.  Size in bytes: 62680. Pages printed: 1. No user action is required."
Information	12/3/2019 13:17	Microsoft-Windows-PrintService	307	Printing a document	"Document 163, Print Document owned by EDowne01 on \\MESOEL06484 was printed on VLS3.60 through port UCP-1.  Size in bytes: 62680. Pages printed: 1. No user action is required."
Information	12/3/2019 13:18	Microsoft-Windows-PrintService	307	Printing a document	"Document 164, Print Document owned by EDowne01 on \\MESOEL06484 was printed on VLS3.60 through port UCP-1.  Size in bytes: 62680. Pages printed: 1. No user action is required."
Information	12/3/2019 14:32	Microsoft-Windows-PrintService	307	Printing a document	"Document 165, Print Document owned by EDowne01 on \\MESOEL06484 was printed on VLS3.60 through port UCP-1.  Size in bytes: 143000. Pages printed: 1. No user action is required."
Information	12/3/2019 15:07	Microsoft-Windows-PrintService	307	Printing a document	"Document 166, Print Document owned by EDowne01 on \\MESOEL06484 was printed on VLS3.60 through port UCP-1.  Size in bytes: 18252. Pages printed: 1. No user action is required."
Information	12/3/2019 15:13	Microsoft-Windows-PrintService	307	Printing a document	"Document 167, Print Document owned by EDowne01 on \\MESOEL06484 was printed on VLS3.60 through port UCP-1.  Size in bytes: 149920. Pages printed: 1. No user action is required."
Information	12/3/2019 15:40	Microsoft-Windows-PrintService	307	Printing a document	"Document 168, Print Document owned by EDowne01 on \\MESOEL06484 was printed on VLS3.60 through port UCP-1.  Size in bytes: 6512. Pages printed: 1. No user action is required."
Information	12/3/2019 15:41	Microsoft-Windows-PrintService	307	Printing a document	"Document 169, Print Document owned by EDowne01 on \\MESOEL06484 was printed on VLS3.60 through port UCP-1.  Size in bytes: 8816. Pages printed: 1. No user action is required."
Information	12/3/2019 15:49	Microsoft-Windows-PrintService	307	Printing a document	"Document 170, Print Document owned by EDowne01 on \\MESOEL06484 was printed on VLS3.60 through port UCP-1.  Size in bytes: 2568. Pages printed: 1. No user action is required."
Information	12/3/2019 16:10	Microsoft-Windows-PrintService	307	Printing a document	"Document 171, Print Document owned by EDowne01 on \\MESOEL06484 was printed on VLS3.60 through port UCP-1.  Size in bytes: 41672. Pages printed: 1. No user action is required."
Information	12/3/2019 16:19	Microsoft-Windows-PrintService	307	Printing a document	"Document 172, Print Document owned by EDowne01 on \\MESOEL06484 was printed on VLS3.60 through port UCP-1.  Size in bytes: 59184. Pages printed: 1. No user action is required."
Information	12/3/2019 16:21	Microsoft-Windows-PrintService	307	Printing a document	"Document 173, Print Document owned by EDowne01 on \\MESOEL06484 was printed on VLS3.60 through port UCP-1.  Size in bytes: 59184. Pages printed: 1. No user action is required."
Information	12/3/2019 16:36	Microsoft-Windows-PrintService	307	Printing a document	"Document 174, Print Document owned by EDowne01 on \\MESOEL06484 was printed on VLS3.60 through port UCP-1.  Size in bytes: 35560. Pages printed: 1. No user action is required."
Information	12/3/2019 17:02	Microsoft-Windows-PrintService	307	Printing a document	"Document 175, Print Document owned by EDowne01 on \\MESOEL06484 was printed on VLS3.60 through port UCP-1.  Size in bytes: 1168. Pages printed: 1. No user action is required."
Information	12/3/2019 17:11	Microsoft-Windows-PrintService	307	Printing a document	"Document 176, Print Document owned by EDowne01 on \\MESOEL06484 was printed on VLS3.60 through port UCP-1.  Size in bytes: 784. Pages printed: 1. No user action is required."
Information	12/3/2019 17:16	Microsoft-Windows-PrintService	307	Printing a document	"Document 177, Print Document owned by EDowne01 on \\MESOEL06484 was printed on VLS3.60 through port UCP-1.  Size in bytes: 213256. Pages printed: 1. No user action is required."
Information	12/3/2019 17:16	Microsoft-Windows-PrintService	307	Printing a document	"Document 178, Print Document owned by EDowne01 on \\MESOEL06484 was printed on VLS3.60 through port UCP-1.  Size in bytes: 213256. Pages printed: 1. No user action is required."
Information	12/3/2019 17:18	Microsoft-Windows-PrintService	307	Printing a document	"Document 179, Print Document owned by EDowne01 on \\MESOEL06484 was printed on VLS3.60 through port UCP-1.  Size in bytes: 213256. Pages printed: 1. No user action is required."
Information	12/3/2019 17:25	Microsoft-Windows-PrintService	307	Printing a document	"Document 180, Print Document owned by EDowne01 on \\MESOEL06484 was printed on VLS3.60 through port UCP-1.  Size in bytes: 1968. Pages printed: 1. No user action is required."
Information	12/3/2019 17:47	Microsoft-Windows-PrintService	307	Printing a document	"Document 181, Print Document owned by EDowne01 on \\MESOEL06484 was printed on VLS3.60 through port UCP-1.  Size in bytes: 260192. Pages printed: 1. No user action is required."
Information	12/3/2019 17:55	Microsoft-Windows-PrintService	307	Printing a document	"Document 182, Print Document owned by EDowne01 on \\MESOEL06484 was printed on VLS3.60 through port UCP-1.  Size in bytes: 35216. Pages printed: 1. No user action is required."
Information	12/3/2019 17:55	Microsoft-Windows-PrintService	307	Printing a document	"Document 183, Print Document owned by EDowne01 on \\MESOEL06484 was printed on VLS3.60 through port UCP-1.  Size in bytes: 52624. Pages printed: 1. No user action is required."
Information	12/3/2019 17:56	Microsoft-Windows-PrintService	307	Printing a document	"Document 184, Print Document owned by EDowne01 on \\MESOEL06484 was printed on VLS3.60 through port UCP-1.  Size in bytes: 70032. Pages printed: 1. No user action is required."
Information	12/3/2019 17:58	Microsoft-Windows-PrintService	307	Printing a document	"Document 185, Print Document owned by EDowne01 on \\MESOEL06484 was printed on VLS3.60 through port UCP-1.  Size in bytes: 50448. Pages printed: 1. No user action is required."
Information	12/3/2019 18:01	Microsoft-Windows-PrintService	307	Printing a document	"Document 186, Print Document owned by EDowne01 on \\MESOEL06484 was printed on VLS3.60 through port UCP-1.  Size in bytes: 2928. Pages printed: 1. No user action is required."
Information	12/3/2019 18:54	Microsoft-Windows-PrintService	307	Printing a document	"Document 187, Print Document owned by EDowne01 on \\MESOEL06484 was printed on VLS3.60 through port UCP-1.  Size in bytes: 222512. Pages printed: 1. No user action is required."
Information	12/3/2019 19:12	Microsoft-Windows-PrintService	307	Printing a document	"Document 188, Print Document owned by EDowne01 on \\MESOEL06484 was printed on VLS3.60 through port UCP-1.  Size in bytes: 132880. Pages printed: 1. No user action is required."
Information	12/3/2019 19:33	Microsoft-Windows-PrintService	307	Printing a document	"Document 189, Print Document owned by EDowne01 on \\MESOEL06484 was printed on VLS3.60 through port UCP-1.  Size in bytes: 2384. Pages printed: 1. No user action is required."
Information	12/3/2019 19:38	Microsoft-Windows-PrintService	307	Printing a document	"Document 190, Print Document owned by EDowne01 on \\MESOEL06484 was printed on VLS3.60 through port UCP-1.  Size in bytes: 2384. Pages printed: 1. No user action is required."
Information	12/3/2019 19:38	Microsoft-Windows-PrintService	307	Printing a document	"Document 191, Print Document owned by EDowne01 on \\MESOEL06484 was printed on VLS3.60 through port UCP-1.  Size in bytes: 2384. Pages printed: 1. No user action is required."
Information	12/3/2019 19:41	Microsoft-Windows-PrintService	307	Printing a document	"Document 192, Print Document owned by EDowne01 on \\MESOEL06484 was printed on VLS3.60 through port UCP-1.  Size in bytes: 1164. Pages printed: 1. No user action is required."
