Information	1/19/2020 17:18	Microsoft-Windows-PrintService	307	Printing a document	"Document 9, Print Document owned by cpezoa01 on \\MESOEL06484 was printed on VLS3.60 through port UCP-1.  Size in bytes: 5896. Pages printed: 1. No user action is required."
Information	1/19/2020 17:20	Microsoft-Windows-PrintService	307	Printing a document	"Document 10, Print Document owned by cpezoa01 on \\MESOEL06484 was printed on VLS3.60 through port UCP-1.  Size in bytes: 5896. Pages printed: 1. No user action is required."
Information	1/19/2020 17:23	Microsoft-Windows-PrintService	307	Printing a document	"Document 11, Print Document owned by cpezoa01 on \\MESOEL06484 was printed on VLS3.60 through port UCP-1.  Size in bytes: 5896. Pages printed: 1. No user action is required."
Information	1/19/2020 17:23	Microsoft-Windows-PrintService	307	Printing a document	"Document 12, Print Document owned by cpezoa01 on \\MESOEL06484 was printed on VLS3.60 through port UCP-1.  Size in bytes: 5896. Pages printed: 1. No user action is required."
Information	1/19/2020 17:30	Microsoft-Windows-PrintService	307	Printing a document	"Document 13, Print Document owned by cpezoa01 on \\MESOEL06484 was printed on VLS3.60 through port UCP-1.  Size in bytes: 4544. Pages printed: 1. No user action is required."
Information	1/19/2020 17:32	Microsoft-Windows-PrintService	307	Printing a document	"Document 14, Print Document owned by cpezoa01 on \\MESOEL06484 was printed on VLS3.60 through port UCP-1.  Size in bytes: 2976. Pages printed: 1. No user action is required."
Information	1/19/2020 18:07	Microsoft-Windows-PrintService	307	Printing a document	"Document 15, Print Document owned by cpezoa01 on \\MESOEL06484 was printed on VLS3.60 through port UCP-1.  Size in bytes: 7492. Pages printed: 1. No user action is required."
Information	1/19/2020 18:43	Microsoft-Windows-PrintService	307	Printing a document	"Document 16, Print Document owned by cpezoa01 on \\MESOEL06484 was printed on VLS3.60 through port UCP-1.  Size in bytes: 1872. Pages printed: 1. No user action is required."
Information	1/19/2020 19:09	Microsoft-Windows-PrintService	307	Printing a document	"Document 17, Print Document owned by cpezoa01 on \\MESOEL06484 was printed on VLS3.60 through port UCP-1.  Size in bytes: 1968. Pages printed: 1. No user action is required."
Information	1/19/2020 19:27	Microsoft-Windows-PrintService	307	Printing a document	"Document 18, Print Document owned by cpezoa01 on \\MESOEL06484 was printed on VLS3.60 through port UCP-1.  Size in bytes: 1872. Pages printed: 1. No user action is required."
Information	1/19/2020 19:30	Microsoft-Windows-PrintService	307	Printing a document	"Document 19, Print Document owned by cpezoa01 on \\MESOEL06484 was printed on VLS3.60 through port UCP-1.  Size in bytes: 1872. Pages printed: 1. No user action is required."
Information	1/19/2020 19:42	Microsoft-Windows-PrintService	307	Printing a document	"Document 20, Print Document owned by cpezoa01 on \\MESOEL06484 was printed on VLS3.60 through port UCP-1.  Size in bytes: 2696. Pages printed: 1. No user action is required."
Information	1/19/2020 20:03	Microsoft-Windows-PrintService	307	Printing a document	"Document 21, Print Document owned by cpezoa01 on \\MESOEL06484 was printed on VLS3.60 through port UCP-1.  Size in bytes: 1136. Pages printed: 1. No user action is required."
Information	1/19/2020 20:22	Microsoft-Windows-PrintService	307	Printing a document	"Document 22, Print Document owned by cpezoa01 on \\MESOEL06484 was printed on VLS3.60 through port UCP-1.  Size in bytes: 1136. Pages printed: 1. No user action is required."
Information	1/19/2020 20:31	Microsoft-Windows-PrintService	307	Printing a document	"Document 23, Print Document owned by cpezoa01 on \\MESOEL06484 was printed on VLS3.60 through port UCP-1.  Size in bytes: 1136. Pages printed: 1. No user action is required."
Information	1/19/2020 20:43	Microsoft-Windows-PrintService	307	Printing a document	"Document 24, Print Document owned by cpezoa01 on \\MESOEL06484 was printed on VLS3.60 through port UCP-1.  Size in bytes: 5936. Pages printed: 1. No user action is required."
Information	1/19/2020 20:43	Microsoft-Windows-PrintService	307	Printing a document	"Document 25, Print Document owned by cpezoa01 on \\MESOEL06484 was printed on VLS3.60 through port UCP-1.  Size in bytes: 5936. Pages printed: 1. No user action is required."
Information	1/19/2020 20:44	Microsoft-Windows-PrintService	307	Printing a document	"Document 26, Print Document owned by cpezoa01 on \\MESOEL06484 was printed on VLS3.60 through port UCP-1.  Size in bytes: 5936. Pages printed: 1. No user action is required."
Information	1/19/2020 20:46	Microsoft-Windows-PrintService	307	Printing a document	"Document 27, Print Document owned by cpezoa01 on \\MESOEL06484 was printed on VLS3.60 through port UCP-1.  Size in bytes: 5936. Pages printed: 1. No user action is required."
Information	1/20/2020 9:31	Microsoft-Windows-PrintService	307	Printing a document	"Document 2, Print Document owned by cpries02 on \\MESOEL06484 was printed on VLS3.60 through port UCP-1.  Size in bytes: 22480. Pages printed: 1. No user action is required."
Information	1/20/2020 11:07	Microsoft-Windows-PrintService	307	Printing a document	"Document 3, Print Document owned by cpries02 on \\MESOEL06484 was printed on VLS3.60 through port UCP-1.  Size in bytes: 23248. Pages printed: 1. No user action is required."
Information	1/20/2020 13:15	Microsoft-Windows-PrintService	307	Printing a document	"Document 4, Print Document owned by cpries02 on \\MESOEL06484 was printed on VLS3.60 through port UCP-1.  Size in bytes: 9104. Pages printed: 1. No user action is required."
Information	1/20/2020 13:47	Microsoft-Windows-PrintService	307	Printing a document	"Document 5, Print Document owned by cpries02 on \\MESOEL06484 was printed on VLS3.60 through port UCP-1.  Size in bytes: 5680. Pages printed: 1. No user action is required."
Information	1/20/2020 13:51	Microsoft-Windows-PrintService	307	Printing a document	"Document 6, Print Document owned by cpries02 on \\MESOEL06484 was printed on VLS3.60 through port UCP-1.  Size in bytes: 5680. Pages printed: 1. No user action is required."
Information	1/20/2020 14:26	Microsoft-Windows-PrintService	307	Printing a document	"Document 7, Print Document owned by cpries02 on \\MESOEL06484 was printed on VLS3.60 through port UCP-1.  Size in bytes: 1616. Pages printed: 1. No user action is required."
Information	1/20/2020 14:34	Microsoft-Windows-PrintService	307	Printing a document	"Document 8, Print Document owned by cpries02 on \\MESOEL06484 was printed on VLS3.60 through port UCP-1.  Size in bytes: 1360. Pages printed: 1. No user action is required."
Information	1/20/2020 14:49	Microsoft-Windows-PrintService	307	Printing a document	"Document 9, Print Document owned by cpries02 on \\MESOEL06484 was printed on VLS3.60 through port UCP-1.  Size in bytes: 3088568. Pages printed: 1. No user action is required."
Information	1/20/2020 15:15	Microsoft-Windows-PrintService	307	Printing a document	"Document 10, Print Document owned by cpries02 on \\MESOEL06484 was printed on VLS3.60 through port UCP-1.  Size in bytes: 816. Pages printed: 1. No user action is required."
Information	1/20/2020 15:28	Microsoft-Windows-PrintService	307	Printing a document	"Document 11, Print Document owned by cpries02 on \\MESOEL06484 was printed on VLS3.60 through port UCP-1.  Size in bytes: 8064. Pages printed: 1. No user action is required."
Information	1/20/2020 15:34	Microsoft-Windows-PrintService	307	Printing a document	"Document 12, Print Document owned by cpries02 on \\MESOEL06484 was printed on VLS3.60 through port UCP-1.  Size in bytes: 3094076. Pages printed: 1. No user action is required."
Information	1/20/2020 15:38	Microsoft-Windows-PrintService	307	Printing a document	"Document 13, Print Document owned by cpries02 on \\MESOEL06484 was printed on VLS3.60 through port UCP-1.  Size in bytes: 3090964. Pages printed: 1. No user action is required."
Information	1/20/2020 16:04	Microsoft-Windows-PrintService	307	Printing a document	"Document 14, Print Document owned by cpries02 on \\MESOEL06484 was printed on VLS3.60 through port UCP-1.  Size in bytes: 816. Pages printed: 1. No user action is required."
Information	1/20/2020 16:08	Microsoft-Windows-PrintService	307	Printing a document	"Document 15, Print Document owned by cpries02 on \\MESOEL06484 was printed on VLS3.60 through port UCP-1.  Size in bytes: 6144. Pages printed: 1. No user action is required."
Information	1/20/2020 16:08	Microsoft-Windows-PrintService	307	Printing a document	"Document 16, Print Document owned by cpries02 on \\MESOEL06484 was printed on VLS3.60 through port UCP-1.  Size in bytes: 6144. Pages printed: 1. No user action is required."
Information	1/20/2020 16:09	Microsoft-Windows-PrintService	307	Printing a document	"Document 17, Print Document owned by cpries02 on \\MESOEL06484 was printed on VLS3.60 through port UCP-1.  Size in bytes: 5528. Pages printed: 1. No user action is required."
Information	1/20/2020 17:05	Microsoft-Windows-PrintService	307	Printing a document	"Document 18, Print Document owned by cpries02 on \\MESOEL06484 was printed on VLS3.60 through port UCP-1.  Size in bytes: 2056. Pages printed: 1. No user action is required."
Information	1/20/2020 18:07	Microsoft-Windows-PrintService	307	Printing a document	"Document 19, Print Document owned by cpries02 on \\MESOEL06484 was printed on VLS3.60 through port UCP-1.  Size in bytes: 13320. Pages printed: 1. No user action is required."
Information	1/20/2020 18:13	Microsoft-Windows-PrintService	307	Printing a document	"Document 20, Print Document owned by cpries02 on \\MESOEL06484 was printed on VLS3.60 through port UCP-1.  Size in bytes: 6944. Pages printed: 1. No user action is required."
Information	1/20/2020 18:29	Microsoft-Windows-PrintService	307	Printing a document	"Document 21, Print Document owned by cpries02 on \\MESOEL06484 was printed on VLS3.60 through port UCP-1.  Size in bytes: 4128. Pages printed: 1. No user action is required."
Information	1/20/2020 18:29	Microsoft-Windows-PrintService	307	Printing a document	"Document 22, Print Document owned by cpries02 on \\MESOEL06484 was printed on VLS3.60 through port UCP-1.  Size in bytes: 2928. Pages printed: 1. No user action is required."
Information	1/20/2020 18:30	Microsoft-Windows-PrintService	307	Printing a document	"Document 23, Print Document owned by cpries02 on \\MESOEL06484 was printed on VLS3.60 through port UCP-1.  Size in bytes: 2928. Pages printed: 1. No user action is required."
Information	1/20/2020 18:35	Microsoft-Windows-PrintService	307	Printing a document	"Document 24, Print Document owned by cpries02 on \\MESOEL06484 was printed on VLS3.60 through port UCP-1.  Size in bytes: 4128. Pages printed: 1. No user action is required."
Information	1/20/2020 19:08	Microsoft-Windows-PrintService	307	Printing a document	"Document 25, Print Document owned by cpries02 on \\MESOEL06484 was printed on VLS3.60 through port UCP-1.  Size in bytes: 564096. Pages printed: 1. No user action is required."
Information	1/20/2020 19:09	Microsoft-Windows-PrintService	307	Printing a document	"Document 26, Print Document owned by cpries02 on \\MESOEL06484 was printed on VLS3.60 through port UCP-1.  Size in bytes: 564096. Pages printed: 1. No user action is required."
Information	1/21/2020 15:41	Microsoft-Windows-PrintService	307	Printing a document	"Document 2, Print Document owned by cpries02 on \\MESOEL06484 was printed on VLS3.60 through port UCP-1.  Size in bytes: 7760. Pages printed: 1. No user action is required."
Information	1/21/2020 16:18	Microsoft-Windows-PrintService	307	Printing a document	"Document 3, Print Document owned by cpries02 on \\MESOEL06484 was printed on VLS3.60 through port UCP-1.  Size in bytes: 123736. Pages printed: 1. No user action is required."
Information	1/21/2020 16:35	Microsoft-Windows-PrintService	307	Printing a document	"Document 4, Print Document owned by cpries02 on \\MESOEL06484 was printed on VLS3.60 through port UCP-1.  Size in bytes: 123736. Pages printed: 1. No user action is required."
Information	1/21/2020 18:53	Microsoft-Windows-PrintService	307	Printing a document	"Document 5, Print Document owned by cpries02 on \\MESOEL06484 was printed on VLS3.60 through port UCP-1.  Size in bytes: 26160. Pages printed: 1. No user action is required."
Information	1/21/2020 18:55	Microsoft-Windows-PrintService	307	Printing a document	"Document 6, Print Document owned by cpries02 on \\MESOEL06484 was printed on VLS3.60 through port UCP-1.  Size in bytes: 26160. Pages printed: 1. No user action is required."
Information	1/21/2020 22:08	Microsoft-Windows-PrintService	307	Printing a document	"Document 7, Print Document owned by cpries02 on \\MESOEL06484 was printed on VLS3.60 through port UCP-1.  Size in bytes: 3136. Pages printed: 1. No user action is required."
Information	1/21/2020 22:11	Microsoft-Windows-PrintService	307	Printing a document	"Document 8, Print Document owned by cpries02 on \\MESOEL06484 was printed on VLS3.60 through port UCP-1.  Size in bytes: 4048. Pages printed: 1. No user action is required."
Information	1/22/2020 9:51	Microsoft-Windows-PrintService	307	Printing a document	"Document 9, Print Document owned by cpries02 on \\MESOEL06484 was printed on VLS3.60 through port UCP-1.  Size in bytes: 3048. Pages printed: 1. No user action is required."
Information	1/22/2020 9:51	Microsoft-Windows-PrintService	307	Printing a document	"Document 10, Print Document owned by cpries02 on \\MESOEL06484 was printed on VLS3.60 through port UCP-1.  Size in bytes: 3048. Pages printed: 1. No user action is required."
Information	1/22/2020 9:52	Microsoft-Windows-PrintService	307	Printing a document	"Document 11, Print Document owned by cpries02 on \\MESOEL06484 was printed on VLS3.60 through port UCP-1.  Size in bytes: 3048. Pages printed: 1. No user action is required."
Information	1/22/2020 9:59	Microsoft-Windows-PrintService	307	Printing a document	"Document 12, Print Document owned by cpries02 on \\MESOEL06484 was printed on VLS3.60 through port UCP-1.  Size in bytes: 3440. Pages printed: 1. No user action is required."
Information	1/22/2020 12:20	Microsoft-Windows-PrintService	307	Printing a document	"Document 13, Print Document owned by cpries02 on \\MESOEL06484 was printed on VLS3.60 through port UCP-1.  Size in bytes: 3536. Pages printed: 1. No user action is required."
Information	1/22/2020 12:24	Microsoft-Windows-PrintService	307	Printing a document	"Document 14, Print Document owned by cpries02 on \\MESOEL06484 was printed on VLS3.60 through port UCP-1.  Size in bytes: 3536. Pages printed: 1. No user action is required."
Information	1/22/2020 12:28	Microsoft-Windows-PrintService	307	Printing a document	"Document 15, Print Document owned by cpries02 on \\MESOEL06484 was printed on VLS3.60 through port UCP-1.  Size in bytes: 5736. Pages printed: 1. No user action is required."
Information	1/22/2020 12:29	Microsoft-Windows-PrintService	307	Printing a document	"Document 16, Print Document owned by cpries02 on \\MESOEL06484 was printed on VLS3.60 through port UCP-1.  Size in bytes: 9232. Pages printed: 1. No user action is required."
Information	1/22/2020 16:58	Microsoft-Windows-PrintService	307	Printing a document	"Document 17, Print Document owned by cpries02 on \\MESOEL06484 was printed on VLS3.60 through port UCP-1.  Size in bytes: 57084. Pages printed: 1. No user action is required."
Information	1/22/2020 16:59	Microsoft-Windows-PrintService	307	Printing a document	"Document 18, Print Document owned by cpries02 on \\MESOEL06484 was printed on VLS3.60 through port UCP-1.  Size in bytes: 57084. Pages printed: 1. No user action is required."
Information	1/22/2020 17:11	Microsoft-Windows-PrintService	307	Printing a document	"Document 19, Print Document owned by cpries02 on \\MESOEL06484 was printed on VLS3.60 through port UCP-1.  Size in bytes: 20872. Pages printed: 1. No user action is required."
Information	1/22/2020 17:53	Microsoft-Windows-PrintService	307	Printing a document	"Document 2, Print Document owned by acasti03 on \\MESOEL06484 was printed on VLS3.60 through port UCP-1.  Size in bytes: 4240. Pages printed: 1. No user action is required."
Information	1/22/2020 17:57	Microsoft-Windows-PrintService	307	Printing a document	"Document 3, Print Document owned by acasti03 on \\MESOEL06484 was printed on VLS3.60 through port UCP-1.  Size in bytes: 4240. Pages printed: 1. No user action is required."
Information	1/22/2020 18:12	Microsoft-Windows-PrintService	307	Printing a document	"Document 4, Print Document owned by dbraun02 on \\MESOEL06484 was printed on VLS3.60 through port UCP-1.  Size in bytes: 2864. Pages printed: 1. No user action is required."
Information	1/23/2020 13:57	Microsoft-Windows-PrintService	307	Printing a document	"Document 5, Print Document owned by mreid04 on \\MESOEL06484 was printed on VLS3.60 through port UCP-1.  Size in bytes: 19252. Pages printed: 1. No user action is required."
Information	1/23/2020 13:58	Microsoft-Windows-PrintService	307	Printing a document	"Document 6, Print Document owned by mreid04 on \\MESOEL06484 was printed on VLS3.60 through port UCP-1.  Size in bytes: 19464. Pages printed: 1. No user action is required."
Information	1/23/2020 14:13	Microsoft-Windows-PrintService	307	Printing a document	"Document 7, Print Document owned by mreid04 on \\MESOEL06484 was printed on VLS3.60 through port UCP-1.  Size in bytes: 19464. Pages printed: 1. No user action is required."
Information	1/23/2020 16:37	Microsoft-Windows-PrintService	307	Printing a document	"Document 8, Print Document owned by pmahan01 on \\MESOEL06484 was printed on VLS3.60 through port UCP-1.  Size in bytes: 656. Pages printed: 1. No user action is required."
Information	1/23/2020 16:37	Microsoft-Windows-PrintService	307	Printing a document	"Document 9, Print Document owned by pmahan01 on \\MESOEL06484 was printed on VLS3.60 through port UCP-1.  Size in bytes: 656. Pages printed: 1. No user action is required."
Information	1/23/2020 18:45	Microsoft-Windows-PrintService	307	Printing a document	"Document 10, Print Document owned by pmygas01 on \\MESOEL06484 was printed on VLS3.60 through port UCP-1.  Size in bytes: 94832. Pages printed: 1. No user action is required."
Information	1/23/2020 18:46	Microsoft-Windows-PrintService	307	Printing a document	"Document 11, Print Document owned by pmygas01 on \\MESOEL06484 was printed on VLS3.60 through port UCP-1.  Size in bytes: 94832. Pages printed: 1. No user action is required."
Information	1/23/2020 18:48	Microsoft-Windows-PrintService	307	Printing a document	"Document 12, Print Document owned by pmygas01 on \\MESOEL06484 was printed on VLS3.60 through port UCP-1.  Size in bytes: 94832. Pages printed: 1. No user action is required."
Information	1/23/2020 18:50	Microsoft-Windows-PrintService	307	Printing a document	"Document 13, Print Document owned by pmygas01 on \\MESOEL06484 was printed on VLS3.60 through port UCP-1.  Size in bytes: 94832. Pages printed: 1. No user action is required."
Information	1/23/2020 18:51	Microsoft-Windows-PrintService	307	Printing a document	"Document 14, Print Document owned by pmygas01 on \\MESOEL06484 was printed on VLS3.60 through port UCP-1.  Size in bytes: 94832. Pages printed: 1. No user action is required."
Information	1/23/2020 18:53	Microsoft-Windows-PrintService	307	Printing a document	"Document 15, Print Document owned by pmygas01 on \\MESOEL06484 was printed on VLS3.60 through port UCP-1.  Size in bytes: 94832. Pages printed: 1. No user action is required."
Information	1/23/2020 19:12	Microsoft-Windows-PrintService	307	Printing a document	"Document 16, Print Document owned by pmygas01 on \\MESOEL06484 was printed on VLS3.60 through port UCP-1.  Size in bytes: 47672. Pages printed: 1. No user action is required."
Information	1/23/2020 19:29	Microsoft-Windows-PrintService	307	Printing a document	"Document 17, Print Document owned by pmygas01 on \\MESOEL06484 was printed on VLS3.60 through port UCP-1.  Size in bytes: 47672. Pages printed: 1. No user action is required."
Information	1/23/2020 19:43	Microsoft-Windows-PrintService	307	Printing a document	"Document 18, Print Document owned by pmygas01 on \\MESOEL06484 was printed on VLS3.60 through port UCP-1.  Size in bytes: 189264. Pages printed: 1. No user action is required."
Information	1/23/2020 19:47	Microsoft-Windows-PrintService	307	Printing a document	"Document 19, Print Document owned by pmygas01 on \\MESOEL06484 was printed on VLS3.60 through port UCP-1.  Size in bytes: 142104. Pages printed: 1. No user action is required."
Information	1/23/2020 19:56	Microsoft-Windows-PrintService	307	Printing a document	"Document 20, Print Document owned by pmygas01 on \\MESOEL06484 was printed on VLS3.60 through port UCP-1.  Size in bytes: 189264. Pages printed: 1. No user action is required."
Information	1/23/2020 19:58	Microsoft-Windows-PrintService	307	Printing a document	"Document 21, Print Document owned by pmygas01 on \\MESOEL06484 was printed on VLS3.60 through port UCP-1.  Size in bytes: 94832. Pages printed: 1. No user action is required."
Information	1/23/2020 20:07	Microsoft-Windows-PrintService	307	Printing a document	"Document 22, Print Document owned by pmygas01 on \\MESOEL06484 was printed on VLS3.60 through port UCP-1.  Size in bytes: 94832. Pages printed: 1. No user action is required."
Information	1/23/2020 20:09	Microsoft-Windows-PrintService	307	Printing a document	"Document 23, Print Document owned by pmygas01 on \\MESOEL06484 was printed on VLS3.60 through port UCP-1.  Size in bytes: 94832. Pages printed: 1. No user action is required."
Information	1/23/2020 20:11	Microsoft-Windows-PrintService	307	Printing a document	"Document 24, Print Document owned by pmygas01 on \\MESOEL06484 was printed on VLS3.60 through port UCP-1.  Size in bytes: 47672. Pages printed: 1. No user action is required."
Information	1/23/2020 20:13	Microsoft-Windows-PrintService	307	Printing a document	"Document 25, Print Document owned by pmygas01 on \\MESOEL06484 was printed on VLS3.60 through port UCP-1.  Size in bytes: 47672. Pages printed: 1. No user action is required."
Information	1/24/2020 13:07	Microsoft-Windows-PrintService	307	Printing a document	"Document 26, Print Document owned by gfava01 on \\MESOEL06484 was printed on VLS3.60 through port UCP-1.  Size in bytes: 11168. Pages printed: 1. No user action is required."
Information	1/24/2020 13:14	Microsoft-Windows-PrintService	307	Printing a document	"Document 27, Print Document owned by gfava01 on \\MESOEL06484 was printed on VLS3.60 through port UCP-1.  Size in bytes: 4912. Pages printed: 1. No user action is required."
Information	1/24/2020 14:00	Microsoft-Windows-PrintService	307	Printing a document	"Document 28, Print Document owned by ttashi01 on \\MESOEL06484 was printed on VLS3.60 through port UCP-1.  Size in bytes: 992. Pages printed: 1. No user action is required."
Information	1/24/2020 14:37	Microsoft-Windows-PrintService	307	Printing a document	"Document 29, Print Document owned by asack01 on \\MESOEL06484 was printed on VLS3.60 through port UCP-1.  Size in bytes: 5552. Pages printed: 1. No user action is required."
Information	1/24/2020 15:11	Microsoft-Windows-PrintService	307	Printing a document	"Document 30, Print Document owned by ttashi01 on \\MESOEL06484 was printed on VLS3.60 through port UCP-1.  Size in bytes: 992. Pages printed: 1. No user action is required."
Information	1/24/2020 17:26	Microsoft-Windows-PrintService	307	Printing a document	"Document 31, Print Document owned by ljaram02 on \\MESOEL06484 was printed on VLS3.60 through port UCP-1.  Size in bytes: 19860. Pages printed: 1. No user action is required."
Information	1/24/2020 17:27	Microsoft-Windows-PrintService	307	Printing a document	"Document 32, Print Document owned by ljaram02 on \\MESOEL06484 was printed on VLS3.60 through port UCP-1.  Size in bytes: 19860. Pages printed: 1. No user action is required."
Information	1/24/2020 18:00	Microsoft-Windows-PrintService	307	Printing a document	"Document 33, Print Document owned by khong03 on \\MESOEL06484 was printed on VLS3.60 through port UCP-1.  Size in bytes: 57872. Pages printed: 1. No user action is required."
Information	1/24/2020 18:01	Microsoft-Windows-PrintService	307	Printing a document	"Document 34, Print Document owned by khong03 on \\MESOEL06484 was printed on VLS3.60 through port UCP-1.  Size in bytes: 77264. Pages printed: 1. No user action is required."
Information	1/24/2020 18:13	Microsoft-Windows-PrintService	307	Printing a document	"Document 35, Print Document owned by khong03 on \\MESOEL06484 was printed on VLS3.60 through port UCP-1.  Size in bytes: 20824. Pages printed: 1. No user action is required."
Information	1/24/2020 18:18	Microsoft-Windows-PrintService	307	Printing a document	"Document 36, Print Document owned by khong03 on \\MESOEL06484 was printed on VLS3.60 through port UCP-1.  Size in bytes: 54544. Pages printed: 1. No user action is required."
Information	1/24/2020 18:27	Microsoft-Windows-PrintService	307	Printing a document	"Document 37, Print Document owned by khong03 on \\MESOEL06484 was printed on VLS3.60 through port UCP-1.  Size in bytes: 1474452. Pages printed: 1. No user action is required."
Information	1/24/2020 18:34	Microsoft-Windows-PrintService	307	Printing a document	"Document 38, Print Document owned by khong03 on \\MESOEL06484 was printed on VLS3.60 through port UCP-1.  Size in bytes: 54544. Pages printed: 1. No user action is required."
Information	1/25/2020 12:50	Microsoft-Windows-PrintService	307	Printing a document	"Document 2, Print Document owned by jhinde01 on \\MESOEL06484 was printed on VLS3.60 through port UCP-1.  Size in bytes: 5648. Pages printed: 1. No user action is required."
Information	1/25/2020 12:55	Microsoft-Windows-PrintService	307	Printing a document	"Document 3, Print Document owned by jhinde01 on \\MESOEL06484 was printed on VLS3.60 through port UCP-1.  Size in bytes: 4912. Pages printed: 1. No user action is required."
Information	1/25/2020 13:10	Microsoft-Windows-PrintService	307	Printing a document	"Document 4, Print Document owned by cpezoa01 on \\MESOEL06484 was printed on VLS3.60 through port UCP-1.  Size in bytes: 656. Pages printed: 1. No user action is required."
Information	1/25/2020 13:11	Microsoft-Windows-PrintService	307	Printing a document	"Document 5, Print Document owned by cpezoa01 on \\MESOEL06484 was printed on VLS3.60 through port UCP-1.  Size in bytes: 656. Pages printed: 1. No user action is required."
Information	1/25/2020 13:14	Microsoft-Windows-PrintService	307	Printing a document	"Document 6, Print Document owned by cpezoa01 on \\MESOEL06484 was printed on VLS3.60 through port UCP-1.  Size in bytes: 656. Pages printed: 1. No user action is required."
Information	1/25/2020 15:14	Microsoft-Windows-PrintService	307	Printing a document	"Document 7, Print Document owned by hstein04 on \\MESOEL06484 was printed on VLS3.60 through port UCP-1.  Size in bytes: 85980. Pages printed: 1. No user action is required."
Information	1/25/2020 15:29	Microsoft-Windows-PrintService	307	Printing a document	"Document 8, Print Document owned by hstein04 on \\MESOEL06484 was printed on VLS3.60 through port UCP-1.  Size in bytes: 86328. Pages printed: 1. No user action is required."
Information	1/25/2020 15:39	Microsoft-Windows-PrintService	307	Printing a document	"Document 9, Print Document owned by hstein04 on \\MESOEL06484 was printed on VLS3.60 through port UCP-1.  Size in bytes: 221880. Pages printed: 1. No user action is required."
Information	1/26/2020 11:48	Microsoft-Windows-PrintService	307	Printing a document	"Document 10, Print Document owned by csilve01 on \\MESOEL06484 was printed on VLS3.60 through port UCP-1.  Size in bytes: 1800. Pages printed: 1. No user action is required."
Information	1/26/2020 11:53	Microsoft-Windows-PrintService	307	Printing a document	"Document 11, Print Document owned by csilve01 on \\MESOEL06484 was printed on VLS3.60 through port UCP-1.  Size in bytes: 7772. Pages printed: 1. No user action is required."
Information	1/26/2020 12:04	Microsoft-Windows-PrintService	307	Printing a document	"Document 12, Print Document owned by csilve01 on \\MESOEL06484 was printed on VLS3.60 through port UCP-1.  Size in bytes: 6416. Pages printed: 1. No user action is required."
Information	1/26/2020 13:39	Microsoft-Windows-PrintService	307	Printing a document	"Document 13, Print Document owned by jlagor01 on \\MESOEL06484 was printed on VLS3.60 through port UCP-1.  Size in bytes: 6484. Pages printed: 1. No user action is required."
Information	1/26/2020 13:51	Microsoft-Windows-PrintService	307	Printing a document	"Document 14, Print Document owned by jlagor01 on \\MESOEL06484 was printed on VLS3.60 through port UCP-1.  Size in bytes: 6484. Pages printed: 1. No user action is required."
Information	1/26/2020 14:38	Microsoft-Windows-PrintService	307	Printing a document	"Document 15, Print Document owned by jlagor01 on \\MESOEL06484 was printed on VLS3.60 through port UCP-1.  Size in bytes: 2608. Pages printed: 1. No user action is required."
Information	1/26/2020 14:45	Microsoft-Windows-PrintService	307	Printing a document	"Document 16, Print Document owned by jlagor01 on \\MESOEL06484 was printed on VLS3.60 through port UCP-1.  Size in bytes: 5280. Pages printed: 1. No user action is required."
Information	1/26/2020 14:51	Microsoft-Windows-PrintService	307	Printing a document	"Document 17, Print Document owned by jlagor01 on \\MESOEL06484 was printed on VLS3.60 through port UCP-1.  Size in bytes: 6144. Pages printed: 1. No user action is required."
Information	1/26/2020 15:21	Microsoft-Windows-PrintService	307	Printing a document	"Document 18, Print Document owned by jlagor01 on \\MESOEL06484 was printed on VLS3.60 through port UCP-1.  Size in bytes: 1476. Pages printed: 1. No user action is required."
Information	1/26/2020 15:38	Microsoft-Windows-PrintService	307	Printing a document	"Document 19, Print Document owned by jlagor01 on \\MESOEL06484 was printed on VLS3.60 through port UCP-1.  Size in bytes: 2804. Pages printed: 1. No user action is required."
Information	1/26/2020 15:40	Microsoft-Windows-PrintService	307	Printing a document	"Document 20, Print Document owned by jlagor01 on \\MESOEL06484 was printed on VLS3.60 through port UCP-1.  Size in bytes: 2864. Pages printed: 1. No user action is required."
Information	1/26/2020 15:44	Microsoft-Windows-PrintService	307	Printing a document	"Document 21, Print Document owned by jlagor01 on \\MESOEL06484 was printed on VLS3.60 through port UCP-1.  Size in bytes: 4196. Pages printed: 1. No user action is required."
Information	1/26/2020 15:57	Microsoft-Windows-PrintService	307	Printing a document	"Document 22, Print Document owned by jlagor01 on \\MESOEL06484 was printed on VLS3.60 through port UCP-1.  Size in bytes: 4592. Pages printed: 1. No user action is required."
Information	1/26/2020 16:15	Microsoft-Windows-PrintService	307	Printing a document	"Document 23, Print Document owned by jlagor01 on \\MESOEL06484 was printed on VLS3.60 through port UCP-1.  Size in bytes: 2704. Pages printed: 1. No user action is required."
Information	1/26/2020 16:16	Microsoft-Windows-PrintService	307	Printing a document	"Document 24, Print Document owned by jlagor01 on \\MESOEL06484 was printed on VLS3.60 through port UCP-1.  Size in bytes: 2704. Pages printed: 1. No user action is required."
Information	1/26/2020 16:26	Microsoft-Windows-PrintService	307	Printing a document	"Document 25, Print Document owned by jlagor01 on \\MESOEL06484 was printed on VLS3.60 through port UCP-1.  Size in bytes: 22480. Pages printed: 1. No user action is required."
Information	1/26/2020 17:12	Microsoft-Windows-PrintService	307	Printing a document	"Document 26, Print Document owned by jlagor01 on \\MESOEL06484 was printed on VLS3.60 through port UCP-1.  Size in bytes: 8864. Pages printed: 1. No user action is required."
Information	1/26/2020 17:22	Microsoft-Windows-PrintService	307	Printing a document	"Document 27, Print Document owned by jlagor01 on \\MESOEL06484 was printed on VLS3.60 through port UCP-1.  Size in bytes: 3248. Pages printed: 1. No user action is required."
Information	1/26/2020 17:25	Microsoft-Windows-PrintService	307	Printing a document	"Document 28, Print Document owned by jlagor01 on \\MESOEL06484 was printed on VLS3.60 through port UCP-1.  Size in bytes: 3972. Pages printed: 1. No user action is required."
Information	1/26/2020 17:36	Microsoft-Windows-PrintService	307	Printing a document	"Document 29, Print Document owned by jlagor01 on \\MESOEL06484 was printed on VLS3.60 through port UCP-1.  Size in bytes: 5392. Pages printed: 1. No user action is required."
Information	1/26/2020 17:41	Microsoft-Windows-PrintService	307	Printing a document	"Document 30, Print Document owned by jlagor01 on \\MESOEL06484 was printed on VLS3.60 through port UCP-1.  Size in bytes: 3472. Pages printed: 1. No user action is required."
Information	1/26/2020 17:44	Microsoft-Windows-PrintService	307	Printing a document	"Document 31, Print Document owned by jlagor01 on \\MESOEL06484 was printed on VLS3.60 through port UCP-1.  Size in bytes: 6472. Pages printed: 1. No user action is required."
Information	1/26/2020 17:49	Microsoft-Windows-PrintService	307	Printing a document	"Document 32, Print Document owned by jlagor01 on \\MESOEL06484 was printed on VLS3.60 through port UCP-1.  Size in bytes: 8864. Pages printed: 1. No user action is required."
Information	1/26/2020 17:53	Microsoft-Windows-PrintService	307	Printing a document	"Document 33, Print Document owned by jlagor01 on \\MESOEL06484 was printed on VLS3.60 through port UCP-1.  Size in bytes: 5920. Pages printed: 1. No user action is required."
Information	1/26/2020 17:56	Microsoft-Windows-PrintService	307	Printing a document	"Document 34, Print Document owned by jlagor01 on \\MESOEL06484 was printed on VLS3.60 through port UCP-1.  Size in bytes: 7024. Pages printed: 1. No user action is required."
Information	1/26/2020 18:03	Microsoft-Windows-PrintService	307	Printing a document	"Document 35, Print Document owned by jlagor01 on \\MESOEL06484 was printed on VLS3.60 through port UCP-1.  Size in bytes: 5920. Pages printed: 1. No user action is required."
Information	1/26/2020 18:05	Microsoft-Windows-PrintService	307	Printing a document	"Document 36, Print Document owned by jlagor01 on \\MESOEL06484 was printed on VLS3.60 through port UCP-1.  Size in bytes: 5920. Pages printed: 1. No user action is required."
Information	1/26/2020 18:06	Microsoft-Windows-PrintService	307	Printing a document	"Document 37, Print Document owned by jlagor01 on \\MESOEL06484 was printed on VLS3.60 through port UCP-1.  Size in bytes: 5920. Pages printed: 1. No user action is required."
Information	1/26/2020 18:14	Microsoft-Windows-PrintService	307	Printing a document	"Document 38, Print Document owned by jlagor01 on \\MESOEL06484 was printed on VLS3.60 through port UCP-1.  Size in bytes: 3328. Pages printed: 1. No user action is required."
Information	1/26/2020 18:17	Microsoft-Windows-PrintService	307	Printing a document	"Document 39, Print Document owned by jlagor01 on \\MESOEL06484 was printed on VLS3.60 through port UCP-1.  Size in bytes: 2976. Pages printed: 1. No user action is required."
Information	1/26/2020 18:41	Microsoft-Windows-PrintService	307	Printing a document	"Document 40, Print Document owned by jlagor01 on \\MESOEL06484 was printed on VLS3.60 through port UCP-1.  Size in bytes: 6640. Pages printed: 1. No user action is required."
Information	1/26/2020 18:49	Microsoft-Windows-PrintService	307	Printing a document	"Document 41, Print Document owned by jlagor01 on \\MESOEL06484 was printed on VLS3.60 through port UCP-1.  Size in bytes: 6144. Pages printed: 1. No user action is required."
Information	1/26/2020 18:50	Microsoft-Windows-PrintService	307	Printing a document	"Document 42, Print Document owned by jlagor01 on \\MESOEL06484 was printed on VLS3.60 through port UCP-1.  Size in bytes: 6144. Pages printed: 1. No user action is required."
Information	1/26/2020 18:57	Microsoft-Windows-PrintService	307	Printing a document	"Document 43, Print Document owned by jlagor01 on \\MESOEL06484 was printed on VLS3.60 through port UCP-1.  Size in bytes: 4632. Pages printed: 1. No user action is required."
Information	1/26/2020 18:58	Microsoft-Windows-PrintService	307	Printing a document	"Document 44, Print Document owned by jlagor01 on \\MESOEL06484 was printed on VLS3.60 through port UCP-1.  Size in bytes: 4632. Pages printed: 1. No user action is required."
Information	1/26/2020 19:00	Microsoft-Windows-PrintService	307	Printing a document	"Document 45, Print Document owned by jlagor01 on \\MESOEL06484 was printed on VLS3.60 through port UCP-1.  Size in bytes: 3328. Pages printed: 1. No user action is required."
Information	1/26/2020 19:01	Microsoft-Windows-PrintService	307	Printing a document	"Document 46, Print Document owned by jlagor01 on \\MESOEL06484 was printed on VLS3.60 through port UCP-1.  Size in bytes: 3328. Pages printed: 1. No user action is required."
Information	1/26/2020 19:07	Microsoft-Windows-PrintService	307	Printing a document	"Document 47, Print Document owned by jlagor01 on \\MESOEL06484 was printed on VLS3.60 through port UCP-1.  Size in bytes: 6624. Pages printed: 1. No user action is required."
Information	1/26/2020 19:13	Microsoft-Windows-PrintService	307	Printing a document	"Document 48, Print Document owned by jlagor01 on \\MESOEL06484 was printed on VLS3.60 through port UCP-1.  Size in bytes: 4632. Pages printed: 1. No user action is required."
Information	1/26/2020 19:36	Microsoft-Windows-PrintService	307	Printing a document	"Document 49, Print Document owned by jlagor01 on \\MESOEL06484 was printed on VLS3.60 through port UCP-1.  Size in bytes: 120608. Pages printed: 1. No user action is required."
Information	1/26/2020 19:39	Microsoft-Windows-PrintService	307	Printing a document	"Document 50, Print Document owned by jlagor01 on \\MESOEL06484 was printed on VLS3.60 through port UCP-1.  Size in bytes: 19656. Pages printed: 1. No user action is required."
Information	1/26/2020 19:42	Microsoft-Windows-PrintService	307	Printing a document	"Document 51, Print Document owned by jlagor01 on \\MESOEL06484 was printed on VLS3.60 through port UCP-1.  Size in bytes: 101352. Pages printed: 1. No user action is required."
Information	1/26/2020 21:08	Microsoft-Windows-PrintService	307	Printing a document	"Document 52, Print Document owned by jlagor01 on \\MESOEL06484 was printed on VLS3.60 through port UCP-1.  Size in bytes: 20676. Pages printed: 1. No user action is required."
Information	1/26/2020 21:17	Microsoft-Windows-PrintService	307	Printing a document	"Document 53, Print Document owned by jlagor01 on \\MESOEL06484 was printed on VLS3.60 through port UCP-1.  Size in bytes: 19052. Pages printed: 1. No user action is required."
Information	1/26/2020 21:22	Microsoft-Windows-PrintService	307	Printing a document	"Document 54, Print Document owned by jlagor01 on \\MESOEL06484 was printed on VLS3.60 through port UCP-1.  Size in bytes: 31404. Pages printed: 1. No user action is required."
Information	1/26/2020 21:26	Microsoft-Windows-PrintService	307	Printing a document	"Document 55, Print Document owned by jlagor01 on \\MESOEL06484 was printed on VLS3.60 through port UCP-1.  Size in bytes: 360. Pages printed: 1. No user action is required."
Information	1/27/2020 13:41	Microsoft-Windows-PrintService	307	Printing a document	"Document 56, Print Document owned by gfava01 on \\MESOEL06484 was printed on VLS3.60 through port UCP-1.  Size in bytes: 816. Pages printed: 1. No user action is required."
Information	1/27/2020 13:44	Microsoft-Windows-PrintService	307	Printing a document	"Document 57, Print Document owned by gfava01 on \\MESOEL06484 was printed on VLS3.60 through port UCP-1.  Size in bytes: 5600. Pages printed: 1. No user action is required."
Information	1/27/2020 13:49	Microsoft-Windows-PrintService	307	Printing a document	"Document 58, Print Document owned by gfava01 on \\MESOEL06484 was printed on VLS3.60 through port UCP-1.  Size in bytes: 4064. Pages printed: 1. No user action is required."
Information	1/27/2020 13:52	Microsoft-Windows-PrintService	307	Printing a document	"Document 59, Print Document owned by gfava01 on \\MESOEL06484 was printed on VLS3.60 through port UCP-1.  Size in bytes: 5600. Pages printed: 1. No user action is required."
Information	1/27/2020 13:55	Microsoft-Windows-PrintService	307	Printing a document	"Document 60, Print Document owned by gfava01 on \\MESOEL06484 was printed on VLS3.60 through port UCP-1.  Size in bytes: 4064. Pages printed: 1. No user action is required."
Information	1/27/2020 14:34	Microsoft-Windows-PrintService	307	Printing a document	"Document 61, Print Document owned by gfava01 on \\MESOEL06484 was printed on VLS3.60 through port UCP-1.  Size in bytes: 5691776. Pages printed: 1. No user action is required."
Information	1/27/2020 14:35	Microsoft-Windows-PrintService	307	Printing a document	"Document 62, Print Document owned by gfava01 on \\MESOEL06484 was printed on VLS3.60 through port UCP-1.  Size in bytes: 5691776. Pages printed: 1. No user action is required."
Information	1/27/2020 15:18	Microsoft-Windows-PrintService	307	Printing a document	"Document 63, Print Document owned by gfava01 on \\MESOEL06484 was printed on VLS3.60 through port UCP-1.  Size in bytes: 3856. Pages printed: 1. No user action is required."
Information	1/27/2020 15:38	Microsoft-Windows-PrintService	307	Printing a document	"Document 64, Print Document owned by gfava01 on \\MESOEL06484 was printed on VLS3.60 through port UCP-1.  Size in bytes: 4272. Pages printed: 1. No user action is required."
Information	1/27/2020 15:39	Microsoft-Windows-PrintService	307	Printing a document	"Document 65, Print Document owned by gfava01 on \\MESOEL06484 was printed on VLS3.60 through port UCP-1.  Size in bytes: 4272. Pages printed: 1. No user action is required."
Information	1/27/2020 16:14	Microsoft-Windows-PrintService	307	Printing a document	"Document 66, Print Document owned by gfava01 on \\MESOEL06484 was printed on VLS3.60 through port UCP-1.  Size in bytes: 2336. Pages printed: 1. No user action is required."
Information	1/27/2020 16:16	Microsoft-Windows-PrintService	307	Printing a document	"Document 67, Print Document owned by gfava01 on \\MESOEL06484 was printed on VLS3.60 through port UCP-1.  Size in bytes: 4272. Pages printed: 1. No user action is required."
Information	1/27/2020 16:50	Microsoft-Windows-PrintService	307	Printing a document	"Document 68, Print Document owned by gfava01 on \\MESOEL06484 was printed on VLS3.60 through port UCP-1.  Size in bytes: 9456. Pages printed: 1. No user action is required."
Information	1/27/2020 17:07	Microsoft-Windows-PrintService	307	Printing a document	"Document 69, Print Document owned by gfava01 on \\MESOEL06484 was printed on VLS3.60 through port UCP-1.  Size in bytes: 5280. Pages printed: 1. No user action is required."
Information	1/27/2020 17:12	Microsoft-Windows-PrintService	307	Printing a document	"Document 70, Print Document owned by gfava01 on \\MESOEL06484 was printed on VLS3.60 through port UCP-1.  Size in bytes: 11120. Pages printed: 1. No user action is required."
Information	1/27/2020 18:40	Microsoft-Windows-PrintService	307	Printing a document	"Document 71, Print Document owned by gfava01 on \\MESOEL06484 was printed on VLS3.60 through port UCP-1.  Size in bytes: 4912. Pages printed: 1. No user action is required."
Information	1/27/2020 19:07	Microsoft-Windows-PrintService	307	Printing a document	"Document 72, Print Document owned by gfava01 on \\MESOEL06484 was printed on VLS3.60 through port UCP-1.  Size in bytes: 155416. Pages printed: 1. No user action is required."
Information	1/27/2020 19:20	Microsoft-Windows-PrintService	307	Printing a document	"Document 73, Print Document owned by gfava01 on \\MESOEL06484 was printed on VLS3.60 through port UCP-1.  Size in bytes: 7616. Pages printed: 1. No user action is required."
Information	1/27/2020 20:18	Microsoft-Windows-PrintService	307	Printing a document	"Document 74, Print Document owned by gfava01 on \\MESOEL06484 was printed on VLS3.60 through port UCP-1.  Size in bytes: 5488. Pages printed: 1. No user action is required."
Information	1/27/2020 20:36	Microsoft-Windows-PrintService	307	Printing a document	"Document 75, Print Document owned by gfava01 on \\MESOEL06484 was printed on VLS3.60 through port UCP-1.  Size in bytes: 1184. Pages printed: 1. No user action is required."
Information	1/27/2020 20:47	Microsoft-Windows-PrintService	307	Printing a document	"Document 76, Print Document owned by gfava01 on \\MESOEL06484 was printed on VLS3.60 through port UCP-1.  Size in bytes: 5280. Pages printed: 1. No user action is required."
Information	1/27/2020 21:13	Microsoft-Windows-PrintService	307	Printing a document	"Document 77, Print Document owned by gfava01 on \\MESOEL06484 was printed on VLS3.60 through port UCP-1.  Size in bytes: 5392. Pages printed: 1. No user action is required."
Information	1/27/2020 21:21	Microsoft-Windows-PrintService	307	Printing a document	"Document 78, Print Document owned by gfava01 on \\MESOEL06484 was printed on VLS3.60 through port UCP-1.  Size in bytes: 2640. Pages printed: 1. No user action is required."
Information	1/27/2020 21:28	Microsoft-Windows-PrintService	307	Printing a document	"Document 79, Print Document owned by gfava01 on \\MESOEL06484 was printed on VLS3.60 through port UCP-1.  Size in bytes: 9508. Pages printed: 1. No user action is required."
Information	1/27/2020 21:35	Microsoft-Windows-PrintService	307	Printing a document	"Document 80, Print Document owned by gfava01 on \\MESOEL06484 was printed on VLS3.60 through port UCP-1.  Size in bytes: 2336. Pages printed: 1. No user action is required."
Information	1/27/2020 22:07	Microsoft-Windows-PrintService	307	Printing a document	"Document 81, Print Document owned by gfava01 on \\MESOEL06484 was printed on VLS3.60 through port UCP-1.  Size in bytes: 2864. Pages printed: 1. No user action is required."
Information	1/27/2020 22:11	Microsoft-Windows-PrintService	307	Printing a document	"Document 82, Print Document owned by gfava01 on \\MESOEL06484 was printed on VLS3.60 through port UCP-1.  Size in bytes: 5584. Pages printed: 1. No user action is required."
Information	1/27/2020 22:18	Microsoft-Windows-PrintService	307	Printing a document	"Document 83, Print Document owned by gfava01 on \\MESOEL06484 was printed on VLS3.60 through port UCP-1.  Size in bytes: 18632. Pages printed: 1. No user action is required."
Information	1/27/2020 22:34	Microsoft-Windows-PrintService	307	Printing a document	"Document 84, Print Document owned by gfava01 on \\MESOEL06484 was printed on VLS3.60 through port UCP-1.  Size in bytes: 3928. Pages printed: 1. No user action is required."
Information	1/27/2020 22:54	Microsoft-Windows-PrintService	307	Printing a document	"Document 85, Print Document owned by gfava01 on \\MESOEL06484 was printed on VLS3.60 through port UCP-1.  Size in bytes: 1888. Pages printed: 1. No user action is required."
Information	1/27/2020 23:06	Microsoft-Windows-PrintService	307	Printing a document	"Document 86, Print Document owned by gfava01 on \\MESOEL06484 was printed on VLS3.60 through port UCP-1.  Size in bytes: 15360. Pages printed: 1. No user action is required."
Information	1/27/2020 23:27	Microsoft-Windows-PrintService	307	Printing a document	"Document 87, Print Document owned by gfava01 on \\MESOEL06484 was printed on VLS3.60 through port UCP-1.  Size in bytes: 10112. Pages printed: 1. No user action is required."
Information	1/27/2020 23:44	Microsoft-Windows-PrintService	307	Printing a document	"Document 88, Print Document owned by gfava01 on \\MESOEL06484 was printed on VLS3.60 through port UCP-1.  Size in bytes: 2800. Pages printed: 1. No user action is required."
Information	1/27/2020 23:53	Microsoft-Windows-PrintService	307	Printing a document	"Document 89, Print Document owned by gfava01 on \\MESOEL06484 was printed on VLS3.60 through port UCP-1.  Size in bytes: 14384. Pages printed: 1. No user action is required."
Information	1/27/2020 23:55	Microsoft-Windows-PrintService	307	Printing a document	"Document 90, Print Document owned by gfava01 on \\MESOEL06484 was printed on VLS3.60 through port UCP-1.  Size in bytes: 14384. Pages printed: 1. No user action is required."
Information	1/28/2020 0:17	Microsoft-Windows-PrintService	307	Printing a document	"Document 91, Print Document owned by gfava01 on \\MESOEL06484 was printed on VLS3.60 through port UCP-1.  Size in bytes: 2000. Pages printed: 1. No user action is required."
Information	1/28/2020 0:35	Microsoft-Windows-PrintService	307	Printing a document	"Document 92, Print Document owned by gfava01 on \\MESOEL06484 was printed on VLS3.60 through port UCP-1.  Size in bytes: 133680. Pages printed: 1. No user action is required."
Information	1/28/2020 9:35	Microsoft-Windows-PrintService	307	Printing a document	"Document 93, Print Document owned by ywu15 on \\MESOEL06484 was printed on VLS3.60 through port UCP-1.  Size in bytes: 4240. Pages printed: 1. No user action is required."
Information	1/28/2020 9:40	Microsoft-Windows-PrintService	307	Printing a document	"Document 94, Print Document owned by ywu15 on \\MESOEL06484 was printed on VLS3.60 through port UCP-1.  Size in bytes: 1872. Pages printed: 1. No user action is required."
