Information	9/23/2020 16:56	Microsoft-Windows-PrintService	307	Printing a document	"Document 40, Print Document owned by jkanov01 on \\MESOEL06484 was printed on VLS3.60 through port UCP-1.  Size in bytes: 43808. Pages printed: 1. No user action is required."
Information	9/23/2020 20:27	Microsoft-Windows-PrintService	307	Printing a document	"Document 41, Print Document owned by jkanov01 on \\MESOEL06484 was printed on VLS3.60 through port UCP-1.  Size in bytes: 38208. Pages printed: 1. No user action is required."
Information	9/23/2020 21:23	Microsoft-Windows-PrintService	307	Printing a document	"Document 42, Print Document owned by jkanov01 on \\MESOEL06484 was printed on VLS3.60 through port UCP-1.  Size in bytes: 7312. Pages printed: 1. No user action is required."
Information	9/23/2020 21:25	Microsoft-Windows-PrintService	307	Printing a document	"Document 43, Print Document owned by jkanov01 on \\MESOEL06484 was printed on VLS3.60 through port UCP-1.  Size in bytes: 21664. Pages printed: 1. No user action is required."
Information	9/23/2020 21:25	Microsoft-Windows-PrintService	307	Printing a document	"Document 44, Print Document owned by jkanov01 on \\MESOEL06484 was printed on VLS3.60 through port UCP-1.  Size in bytes: 7792. Pages printed: 1. No user action is required."
Information	9/23/2020 21:28	Microsoft-Windows-PrintService	307	Printing a document	"Document 45, Print Document owned by jkanov01 on \\MESOEL06484 was printed on VLS3.60 through port UCP-1.  Size in bytes: 5008. Pages printed: 1. No user action is required."
Information	9/23/2020 21:29	Microsoft-Windows-PrintService	307	Printing a document	"Document 46, Print Document owned by jkanov01 on \\MESOEL06484 was printed on VLS3.60 through port UCP-1.  Size in bytes: 5328. Pages printed: 1. No user action is required."
Information	9/23/2020 21:39	Microsoft-Windows-PrintService	307	Printing a document	"Document 47, Print Document owned by jkanov01 on \\MESOEL06484 was printed on VLS3.60 through port UCP-1.  Size in bytes: 38208. Pages printed: 1. No user action is required."
Information	9/23/2020 21:40	Microsoft-Windows-PrintService	307	Printing a document	"Document 48, Print Document owned by jkanov01 on \\MESOEL06484 was printed on VLS3.60 through port UCP-1.  Size in bytes: 38208. Pages printed: 1. No user action is required."
Information	9/23/2020 22:38	Microsoft-Windows-PrintService	307	Printing a document	"Document 49, Print Document owned by jkanov01 on \\MESOEL06484 was printed on VLS3.60 through port UCP-1.  Size in bytes: 14704. Pages printed: 1. No user action is required."
Information	9/23/2020 22:40	Microsoft-Windows-PrintService	307	Printing a document	"Document 50, Print Document owned by jkanov01 on \\MESOEL06484 was printed on VLS3.60 through port UCP-1.  Size in bytes: 28576. Pages printed: 1. No user action is required."
Information	9/23/2020 23:46	Microsoft-Windows-PrintService	307	Printing a document	"Document 51, Print Document owned by jkanov01 on \\MESOEL06484 was printed on VLS3.60 through port UCP-1.  Size in bytes: 31312. Pages printed: 1. No user action is required."
Information	9/23/2020 23:55	Microsoft-Windows-PrintService	307	Printing a document	"Document 52, Print Document owned by jkanov01 on \\MESOEL06484 was printed on VLS3.60 through port UCP-1.  Size in bytes: 656. Pages printed: 1. No user action is required."
Information	9/23/2020 23:59	Microsoft-Windows-PrintService	307	Printing a document	"Document 53, Print Document owned by jkanov01 on \\MESOEL06484 was printed on VLS3.60 through port UCP-1.  Size in bytes: 9232. Pages printed: 1. No user action is required."
Information	9/24/2020 0:00	Microsoft-Windows-PrintService	307	Printing a document	"Document 54, Print Document owned by jkanov01 on \\MESOEL06484 was printed on VLS3.60 through port UCP-1.  Size in bytes: 9232. Pages printed: 1. No user action is required."
Information	9/24/2020 0:01	Microsoft-Windows-PrintService	307	Printing a document	"Document 55, Print Document owned by jkanov01 on \\MESOEL06484 was printed on VLS3.60 through port UCP-1.  Size in bytes: 7024. Pages printed: 1. No user action is required."
Information	9/24/2020 0:04	Microsoft-Windows-PrintService	307	Printing a document	"Document 56, Print Document owned by jkanov01 on \\MESOEL06484 was printed on VLS3.60 through port UCP-1.  Size in bytes: 2608. Pages printed: 1. No user action is required."
Information	9/24/2020 1:45	Microsoft-Windows-PrintService	307	Printing a document	"Document 57, Print Document owned by jkanov01 on \\MESOEL06484 was printed on VLS3.60 through port UCP-1.  Size in bytes: 44560. Pages printed: 1. No user action is required."
Information	9/24/2020 17:01	Microsoft-Windows-PrintService	307	Printing a document	"Document 58, Print Document owned by jkanov01 on \\MESOEL06484 was printed on VLS3.60 through port UCP-1.  Size in bytes: 402152. Pages printed: 1. No user action is required."
Information	9/24/2020 17:18	Microsoft-Windows-PrintService	307	Printing a document	"Document 59, Print Document owned by jkanov01 on \\MESOEL06484 was printed on VLS3.60 through port UCP-1.  Size in bytes: 4392. Pages printed: 1. No user action is required."
Information	9/24/2020 17:19	Microsoft-Windows-PrintService	307	Printing a document	"Document 60, Print Document owned by jkanov01 on \\MESOEL06484 was printed on VLS3.60 through port UCP-1.  Size in bytes: 4392. Pages printed: 1. No user action is required."
Information	9/24/2020 17:23	Microsoft-Windows-PrintService	307	Printing a document	"Document 61, Print Document owned by jkanov01 on \\MESOEL06484 was printed on VLS3.60 through port UCP-1.  Size in bytes: 402152. Pages printed: 1. No user action is required."
Information	9/24/2020 17:52	Microsoft-Windows-PrintService	307	Printing a document	"Document 62, Print Document owned by jkanov01 on \\MESOEL06484 was printed on VLS3.60 through port UCP-1.  Size in bytes: 3600. Pages printed: 1. No user action is required."
Information	9/24/2020 18:09	Microsoft-Windows-PrintService	307	Printing a document	"Document 63, Print Document owned by jkanov01 on \\MESOEL06484 was printed on VLS3.60 through port UCP-1.  Size in bytes: 944. Pages printed: 1. No user action is required."
Information	9/24/2020 18:13	Microsoft-Windows-PrintService	307	Printing a document	"Document 64, Print Document owned by jkanov01 on \\MESOEL06484 was printed on VLS3.60 through port UCP-1.  Size in bytes: 1488. Pages printed: 1. No user action is required."
Information	9/24/2020 18:14	Microsoft-Windows-PrintService	307	Printing a document	"Document 65, Print Document owned by jkanov01 on \\MESOEL06484 was printed on VLS3.60 through port UCP-1.  Size in bytes: 1488. Pages printed: 1. No user action is required."
Information	9/24/2020 18:58	Microsoft-Windows-PrintService	307	Printing a document	"Document 66, Print Document owned by jkanov01 on \\MESOEL06484 was printed on VLS3.60 through port UCP-1.  Size in bytes: 6056. Pages printed: 1. No user action is required."
Information	9/24/2020 19:11	Microsoft-Windows-PrintService	307	Printing a document	"Document 67, Print Document owned by jkanov01 on \\MESOEL06484 was printed on VLS3.60 through port UCP-1.  Size in bytes: 5592. Pages printed: 1. No user action is required."
Information	9/24/2020 20:53	Microsoft-Windows-PrintService	307	Printing a document	"Document 68, Print Document owned by jkanov01 on \\MESOEL06484 was printed on VLS3.60 through port UCP-1.  Size in bytes: 33808. Pages printed: 1. No user action is required."
Information	9/25/2020 12:55	Microsoft-Windows-PrintService	307	Printing a document	"Document 69, Print Document owned by ibohme01 on \\MESOEL06484 was printed on VLS3.60 through port UCP-1.  Size in bytes: 1872. Pages printed: 1. No user action is required."
Information	9/25/2020 13:00	Microsoft-Windows-PrintService	307	Printing a document	"Document 70, Print Document owned by ibohme01 on \\MESOEL06484 was printed on VLS3.60 through port UCP-1.  Size in bytes: 3344. Pages printed: 1. No user action is required."
Information	9/25/2020 13:01	Microsoft-Windows-PrintService	307	Printing a document	"Document 71, Print Document owned by ibohme01 on \\MESOEL06484 was printed on VLS3.60 through port UCP-1.  Size in bytes: 3344. Pages printed: 1. No user action is required."
Information	9/25/2020 13:07	Microsoft-Windows-PrintService	307	Printing a document	"Document 72, Print Document owned by ibohme01 on \\MESOEL06484 was printed on VLS3.60 through port UCP-1.  Size in bytes: 24064. Pages printed: 1. No user action is required."
Information	9/25/2020 13:21	Microsoft-Windows-PrintService	307	Printing a document	"Document 73, Print Document owned by ibohme01 on \\MESOEL06484 was printed on VLS3.60 through port UCP-1.  Size in bytes: 278464. Pages printed: 1. No user action is required."
Information	9/25/2020 13:22	Microsoft-Windows-PrintService	307	Printing a document	"Document 74, Print Document owned by ibohme01 on \\MESOEL06484 was printed on VLS3.60 through port UCP-1.  Size in bytes: 278464. Pages printed: 1. No user action is required."
Information	9/25/2020 13:40	Microsoft-Windows-PrintService	307	Printing a document	"Document 75, Print Document owned by ibohme01 on \\MESOEL06484 was printed on VLS3.60 through port UCP-1.  Size in bytes: 70656. Pages printed: 1. No user action is required."
Information	9/25/2020 13:42	Microsoft-Windows-PrintService	307	Printing a document	"Document 76, Print Document owned by ibohme01 on \\MESOEL06484 was printed on VLS3.60 through port UCP-1.  Size in bytes: 70656. Pages printed: 1. No user action is required."
Information	9/25/2020 13:46	Microsoft-Windows-PrintService	307	Printing a document	"Document 77, Print Document owned by ibohme01 on \\MESOEL06484 was printed on VLS3.60 through port UCP-1.  Size in bytes: 14752. Pages printed: 1. No user action is required."
Information	9/25/2020 14:18	Microsoft-Windows-PrintService	307	Printing a document	"Document 78, Print Document owned by ibohme01 on \\MESOEL06484 was printed on VLS3.60 through port UCP-1.  Size in bytes: 3344. Pages printed: 1. No user action is required."
Information	9/25/2020 14:36	Microsoft-Windows-PrintService	307	Printing a document	"Document 79, Print Document owned by ibohme01 on \\MESOEL06484 was printed on VLS3.60 through port UCP-1.  Size in bytes: 1136. Pages printed: 1. No user action is required."
Information	9/25/2020 15:31	Microsoft-Windows-PrintService	307	Printing a document	"Document 80, Print Document owned by ibohme01 on \\MESOEL06484 was printed on VLS3.60 through port UCP-1.  Size in bytes: 25240. Pages printed: 1. No user action is required."
Information	9/25/2020 17:27	Microsoft-Windows-PrintService	307	Printing a document	"Document 81, Print Document owned by ibohme01 on \\MESOEL06484 was printed on VLS3.60 through port UCP-1.  Size in bytes: 20272. Pages printed: 1. No user action is required."
Information	9/26/2020 10:37	Microsoft-Windows-PrintService	307	Printing a document	"Document 82, Print Document owned by ibohme01 on \\MESOEL06484 was printed on VLS3.60 through port UCP-1.  Size in bytes: 1840. Pages printed: 1. No user action is required."
Information	9/26/2020 10:41	Microsoft-Windows-PrintService	307	Printing a document	"Document 83, Print Document owned by ibohme01 on \\MESOEL06484 was printed on VLS3.60 through port UCP-1.  Size in bytes: 3280. Pages printed: 1. No user action is required."
Information	9/26/2020 11:15	Microsoft-Windows-PrintService	307	Printing a document	"Document 84, Print Document owned by ibohme01 on \\MESOEL06484 was printed on VLS3.60 through port UCP-1.  Size in bytes: 10240. Pages printed: 1. No user action is required."
Information	9/26/2020 11:24	Microsoft-Windows-PrintService	307	Printing a document	"Document 85, Print Document owned by ibohme01 on \\MESOEL06484 was printed on VLS3.60 through port UCP-1.  Size in bytes: 10240. Pages printed: 1. No user action is required."
Information	9/26/2020 11:30	Microsoft-Windows-PrintService	307	Printing a document	"Document 86, Print Document owned by ibohme01 on \\MESOEL06484 was printed on VLS3.60 through port UCP-1.  Size in bytes: 8192. Pages printed: 1. No user action is required."
Information	9/26/2020 12:28	Microsoft-Windows-PrintService	307	Printing a document	"Document 87, Print Document owned by ibohme01 on \\MESOEL06484 was printed on VLS3.60 through port UCP-1.  Size in bytes: 2808. Pages printed: 1. No user action is required."
Information	9/26/2020 12:31	Microsoft-Windows-PrintService	307	Printing a document	"Document 88, Print Document owned by ibohme01 on \\MESOEL06484 was printed on VLS3.60 through port UCP-1.  Size in bytes: 2808. Pages printed: 1. No user action is required."
Information	9/26/2020 12:33	Microsoft-Windows-PrintService	307	Printing a document	"Document 89, Print Document owned by ibohme01 on \\MESOEL06484 was printed on VLS3.60 through port UCP-1.  Size in bytes: 2808. Pages printed: 1. No user action is required."
Information	9/26/2020 12:40	Microsoft-Windows-PrintService	307	Printing a document	"Document 90, Print Document owned by ibohme01 on \\MESOEL06484 was printed on VLS3.60 through port UCP-1.  Size in bytes: 2424. Pages printed: 1. No user action is required."
Information	9/26/2020 12:41	Microsoft-Windows-PrintService	307	Printing a document	"Document 91, Print Document owned by ibohme01 on \\MESOEL06484 was printed on VLS3.60 through port UCP-1.  Size in bytes: 2424. Pages printed: 1. No user action is required."
Information	9/26/2020 12:42	Microsoft-Windows-PrintService	307	Printing a document	"Document 92, Print Document owned by ibohme01 on \\MESOEL06484 was printed on VLS3.60 through port UCP-1.  Size in bytes: 2424. Pages printed: 1. No user action is required."
Information	9/26/2020 12:56	Microsoft-Windows-PrintService	307	Printing a document	"Document 93, Print Document owned by ibohme01 on \\MESOEL06484 was printed on VLS3.60 through port UCP-1.  Size in bytes: 483248. Pages printed: 1. No user action is required."
Information	9/26/2020 13:22	Microsoft-Windows-PrintService	307	Printing a document	"Document 94, Print Document owned by ibohme01 on \\MESOEL06484 was printed on VLS3.60 through port UCP-1.  Size in bytes: 2120. Pages printed: 1. No user action is required."
Information	9/26/2020 14:48	Microsoft-Windows-PrintService	307	Printing a document	"Document 95, Print Document owned by ibohme01 on \\MESOEL06484 was printed on VLS3.60 through port UCP-1.  Size in bytes: 483248. Pages printed: 1. No user action is required."
Information	9/26/2020 14:49	Microsoft-Windows-PrintService	307	Printing a document	"Document 96, Print Document owned by ibohme01 on \\MESOEL06484 was printed on VLS3.60 through port UCP-1.  Size in bytes: 483248. Pages printed: 1. No user action is required."
Information	9/26/2020 14:49	Microsoft-Windows-PrintService	307	Printing a document	"Document 97, Print Document owned by ibohme01 on \\MESOEL06484 was printed on VLS3.60 through port UCP-1.  Size in bytes: 483248. Pages printed: 1. No user action is required."
Information	9/26/2020 14:55	Microsoft-Windows-PrintService	307	Printing a document	"Document 98, Print Document owned by ibohme01 on \\MESOEL06484 was printed on VLS3.60 through port UCP-1.  Size in bytes: 483248. Pages printed: 1. No user action is required."
Information	9/26/2020 15:28	Microsoft-Windows-PrintService	307	Printing a document	"Document 99, Print Document owned by ibohme01 on \\MESOEL06484 was printed on VLS3.60 through port UCP-1.  Size in bytes: 141416. Pages printed: 1. No user action is required."
Information	9/26/2020 15:32	Microsoft-Windows-PrintService	307	Printing a document	"Document 100, Print Document owned by ibohme01 on \\MESOEL06484 was printed on VLS3.60 through port UCP-1.  Size in bytes: 141416. Pages printed: 1. No user action is required."
Information	9/26/2020 16:12	Microsoft-Windows-PrintService	307	Printing a document	"Document 101, Print Document owned by ibohme01 on \\MESOEL06484 was printed on VLS3.60 through port UCP-1.  Size in bytes: 756. Pages printed: 1. No user action is required."
Information	9/26/2020 16:47	Microsoft-Windows-PrintService	307	Printing a document	"Document 102, Print Document owned by ibohme01 on \\MESOEL06484 was printed on VLS3.60 through port UCP-1.  Size in bytes: 756. Pages printed: 1. No user action is required."
Information	9/26/2020 16:49	Microsoft-Windows-PrintService	307	Printing a document	"Document 103, Print Document owned by ibohme01 on \\MESOEL06484 was printed on VLS3.60 through port UCP-1.  Size in bytes: 756. Pages printed: 1. No user action is required."
Information	9/26/2020 17:23	Microsoft-Windows-PrintService	307	Printing a document	"Document 104, Print Document owned by ibohme01 on \\MESOEL06484 was printed on VLS3.60 through port UCP-1.  Size in bytes: 21264. Pages printed: 1. No user action is required."
Information	9/26/2020 17:23	Microsoft-Windows-PrintService	307	Printing a document	"Document 105, Print Document owned by ibohme01 on \\MESOEL06484 was printed on VLS3.60 through port UCP-1.  Size in bytes: 21264. Pages printed: 1. No user action is required."
Information	9/26/2020 17:29	Microsoft-Windows-PrintService	307	Printing a document	"Document 106, Print Document owned by ibohme01 on \\MESOEL06484 was printed on VLS3.60 through port UCP-1.  Size in bytes: 756. Pages printed: 1. No user action is required."
Information	9/26/2020 17:39	Microsoft-Windows-PrintService	307	Printing a document	"Document 107, Print Document owned by ibohme01 on \\MESOEL06484 was printed on VLS3.60 through port UCP-1.  Size in bytes: 21448. Pages printed: 1. No user action is required."
Information	9/26/2020 17:56	Microsoft-Windows-PrintService	307	Printing a document	"Document 108, Print Document owned by ibohme01 on \\MESOEL06484 was printed on VLS3.60 through port UCP-1.  Size in bytes: 5184. Pages printed: 1. No user action is required."
Information	9/26/2020 18:14	Microsoft-Windows-PrintService	307	Printing a document	"Document 109, Print Document owned by ibohme01 on \\MESOEL06484 was printed on VLS3.60 through port UCP-1.  Size in bytes: 3464. Pages printed: 1. No user action is required."
Information	9/26/2020 18:21	Microsoft-Windows-PrintService	307	Printing a document	"Document 110, Print Document owned by ibohme01 on \\MESOEL06484 was printed on VLS3.60 through port UCP-1.  Size in bytes: 6776. Pages printed: 1. No user action is required."
Information	9/26/2020 18:23	Microsoft-Windows-PrintService	307	Printing a document	"Document 111, Print Document owned by ibohme01 on \\MESOEL06484 was printed on VLS3.60 through port UCP-1.  Size in bytes: 21448. Pages printed: 1. No user action is required."
Information	9/26/2020 18:30	Microsoft-Windows-PrintService	307	Printing a document	"Document 112, Print Document owned by ibohme01 on \\MESOEL06484 was printed on VLS3.60 through port UCP-1.  Size in bytes: 944. Pages printed: 1. No user action is required."
Information	9/26/2020 18:33	Microsoft-Windows-PrintService	307	Printing a document	"Document 113, Print Document owned by ibohme01 on \\MESOEL06484 was printed on VLS3.60 through port UCP-1.  Size in bytes: 904. Pages printed: 1. No user action is required."
Information	9/26/2020 18:37	Microsoft-Windows-PrintService	307	Printing a document	"Document 114, Print Document owned by ibohme01 on \\MESOEL06484 was printed on VLS3.60 through port UCP-1.  Size in bytes: 6776. Pages printed: 1. No user action is required."
Information	9/27/2020 11:43	Microsoft-Windows-PrintService	307	Printing a document	"Document 115, Print Document owned by jjaram02 on \\MESOEL06484 was printed on VLS3.60 through port UCP-1.  Size in bytes: 1320. Pages printed: 1. No user action is required."
Information	9/27/2020 12:32	Microsoft-Windows-PrintService	307	Printing a document	"Document 116, Print Document owned by jjaram02 on \\MESOEL06484 was printed on VLS3.60 through port UCP-1.  Size in bytes: 6512. Pages printed: 1. No user action is required."
Information	9/27/2020 12:32	Microsoft-Windows-PrintService	307	Printing a document	"Document 117, Print Document owned by jjaram02 on \\MESOEL06484 was printed on VLS3.60 through port UCP-1.  Size in bytes: 5592. Pages printed: 1. No user action is required."
Information	9/27/2020 12:33	Microsoft-Windows-PrintService	307	Printing a document	"Document 118, Print Document owned by jjaram02 on \\MESOEL06484 was printed on VLS3.60 through port UCP-1.  Size in bytes: 5592. Pages printed: 1. No user action is required."
Information	9/27/2020 12:34	Microsoft-Windows-PrintService	307	Printing a document	"Document 119, Print Document owned by jjaram02 on \\MESOEL06484 was printed on VLS3.60 through port UCP-1.  Size in bytes: 5592. Pages printed: 1. No user action is required."
Information	9/27/2020 12:58	Microsoft-Windows-PrintService	307	Printing a document	"Document 120, Print Document owned by jjaram02 on \\MESOEL06484 was printed on VLS3.60 through port UCP-1.  Size in bytes: 24048. Pages printed: 1. No user action is required."
Information	9/27/2020 13:02	Microsoft-Windows-PrintService	307	Printing a document	"Document 121, Print Document owned by jjaram02 on \\MESOEL06484 was printed on VLS3.60 through port UCP-1.  Size in bytes: 24048. Pages printed: 1. No user action is required."
Information	9/27/2020 13:04	Microsoft-Windows-PrintService	307	Printing a document	"Document 122, Print Document owned by jjaram02 on \\MESOEL06484 was printed on VLS3.60 through port UCP-1.  Size in bytes: 24048. Pages printed: 1. No user action is required."
Information	9/27/2020 13:12	Microsoft-Windows-PrintService	307	Printing a document	"Document 123, Print Document owned by jjaram02 on \\MESOEL06484 was printed on VLS3.60 through port UCP-1.  Size in bytes: 184496. Pages printed: 1. No user action is required."
Information	9/27/2020 13:13	Microsoft-Windows-PrintService	307	Printing a document	"Document 124, Print Document owned by jjaram02 on \\MESOEL06484 was printed on VLS3.60 through port UCP-1.  Size in bytes: 184496. Pages printed: 1. No user action is required."
Information	9/27/2020 13:42	Microsoft-Windows-PrintService	307	Printing a document	"Document 125, Print Document owned by jjaram02 on \\MESOEL06484 was printed on VLS3.60 through port UCP-1.  Size in bytes: 101232. Pages printed: 1. No user action is required."
Information	9/27/2020 13:56	Microsoft-Windows-PrintService	307	Printing a document	"Document 126, Print Document owned by jjaram02 on \\MESOEL06484 was printed on VLS3.60 through port UCP-1.  Size in bytes: 106232. Pages printed: 1. No user action is required."
Information	9/27/2020 13:57	Microsoft-Windows-PrintService	307	Printing a document	"Document 127, Print Document owned by jjaram02 on \\MESOEL06484 was printed on VLS3.60 through port UCP-1.  Size in bytes: 106232. Pages printed: 1. No user action is required."
Information	9/27/2020 13:59	Microsoft-Windows-PrintService	307	Printing a document	"Document 128, Print Document owned by jjaram02 on \\MESOEL06484 was printed on VLS3.60 through port UCP-1.  Size in bytes: 106232. Pages printed: 1. No user action is required."
Information	9/27/2020 15:22	Microsoft-Windows-PrintService	307	Printing a document	"Document 129, Print Document owned by lalban01 on \\MESOEL06484 was printed on VLS3.60 through port UCP-1.  Size in bytes: 1104. Pages printed: 1. No user action is required."
Information	9/27/2020 15:25	Microsoft-Windows-PrintService	307	Printing a document	"Document 130, Print Document owned by lalban01 on \\MESOEL06484 was printed on VLS3.60 through port UCP-1.  Size in bytes: 70640. Pages printed: 1. No user action is required."
Information	9/27/2020 16:27	Microsoft-Windows-PrintService	307	Printing a document	"Document 131, Print Document owned by lalban01 on \\MESOEL06484 was printed on VLS3.60 through port UCP-1.  Size in bytes: 3248. Pages printed: 1. No user action is required."
Information	9/27/2020 16:28	Microsoft-Windows-PrintService	307	Printing a document	"Document 132, Print Document owned by lalban01 on \\MESOEL06484 was printed on VLS3.60 through port UCP-1.  Size in bytes: 3248. Pages printed: 1. No user action is required."
Information	9/27/2020 16:29	Microsoft-Windows-PrintService	307	Printing a document	"Document 133, Print Document owned by lalban01 on \\MESOEL06484 was printed on VLS3.60 through port UCP-1.  Size in bytes: 1784. Pages printed: 1. No user action is required."
Information	9/27/2020 16:32	Microsoft-Windows-PrintService	307	Printing a document	"Document 134, Print Document owned by lalban01 on \\MESOEL06484 was printed on VLS3.60 through port UCP-1.  Size in bytes: 1864. Pages printed: 1. No user action is required."
Information	9/27/2020 17:01	Microsoft-Windows-PrintService	307	Printing a document	"Document 135, Print Document owned by lalban01 on \\MESOEL06484 was printed on VLS3.60 through port UCP-1.  Size in bytes: 70640. Pages printed: 1. No user action is required."
Information	9/27/2020 17:20	Microsoft-Windows-PrintService	307	Printing a document	"Document 136, Print Document owned by lalban01 on \\MESOEL06484 was printed on VLS3.60 through port UCP-1.  Size in bytes: 24048. Pages printed: 1. No user action is required."
Information	9/28/2020 9:20	Microsoft-Windows-PrintService	307	Printing a document	"Document 137, Print Document owned by lalban01 on \\MESOEL06484 was printed on VLS3.60 through port UCP-1.  Size in bytes: 1104. Pages printed: 1. No user action is required."
Information	9/28/2020 9:22	Microsoft-Windows-PrintService	307	Printing a document	"Document 138, Print Document owned by lalban01 on \\MESOEL06484 was printed on VLS3.60 through port UCP-1.  Size in bytes: 1104. Pages printed: 1. No user action is required."
Information	9/28/2020 9:25	Microsoft-Windows-PrintService	307	Printing a document	"Document 139, Print Document owned by lalban01 on \\MESOEL06484 was printed on VLS3.60 through port UCP-1.  Size in bytes: 3216. Pages printed: 1. No user action is required."
Information	9/28/2020 10:04	Microsoft-Windows-PrintService	307	Printing a document	"Document 140, Print Document owned by lalban01 on \\MESOEL06484 was printed on VLS3.60 through port UCP-1.  Size in bytes: 124592. Pages printed: 1. No user action is required."
Information	9/28/2020 10:19	Microsoft-Windows-PrintService	307	Printing a document	"Document 141, Print Document owned by lalban01 on \\MESOEL06484 was printed on VLS3.60 through port UCP-1.  Size in bytes: 118584. Pages printed: 1. No user action is required."
Information	9/28/2020 10:29	Microsoft-Windows-PrintService	307	Printing a document	"Document 142, Print Document owned by lalban01 on \\MESOEL06484 was printed on VLS3.60 through port UCP-1.  Size in bytes: 40704. Pages printed: 1. No user action is required."
Information	9/28/2020 10:34	Microsoft-Windows-PrintService	307	Printing a document	"Document 143, Print Document owned by lalban01 on \\MESOEL06484 was printed on VLS3.60 through port UCP-1.  Size in bytes: 20272. Pages printed: 1. No user action is required."
Information	9/28/2020 11:12	Microsoft-Windows-PrintService	307	Printing a document	"Document 144, Print Document owned by lalban01 on \\MESOEL06484 was printed on VLS3.60 through port UCP-1.  Size in bytes: 1240. Pages printed: 1. No user action is required."
Information	9/28/2020 14:35	Microsoft-Windows-PrintService	307	Printing a document	"Document 145, Print Document owned by lalban01 on \\MESOEL06484 was printed on VLS3.60 through port UCP-1.  Size in bytes: 18980. Pages printed: 1. No user action is required."
Information	9/28/2020 18:04	Microsoft-Windows-PrintService	307	Printing a document	"Document 146, Print Document owned by lalban01 on \\MESOEL06484 was printed on VLS3.60 through port UCP-1.  Size in bytes: 40688. Pages printed: 1. No user action is required."
Information	9/28/2020 18:21	Microsoft-Windows-PrintService	307	Printing a document	"Document 147, Print Document owned by lalban01 on \\MESOEL06484 was printed on VLS3.60 through port UCP-1.  Size in bytes: 63008. Pages printed: 1. No user action is required."
Information	9/28/2020 18:38	Microsoft-Windows-PrintService	307	Printing a document	"Document 148, Print Document owned by lalban01 on \\MESOEL06484 was printed on VLS3.60 through port UCP-1.  Size in bytes: 34048. Pages printed: 1. No user action is required."
Information	9/28/2020 19:52	Microsoft-Windows-PrintService	307	Printing a document	"Document 149, Print Document owned by lalban01 on \\MESOEL06484 was printed on VLS3.60 through port UCP-1.  Size in bytes: 30904. Pages printed: 1. No user action is required."
Information	9/28/2020 20:03	Microsoft-Windows-PrintService	307	Printing a document	"Document 150, Print Document owned by lalban01 on \\MESOEL06484 was printed on VLS3.60 through port UCP-1.  Size in bytes: 952. Pages printed: 1. No user action is required."
Information	9/28/2020 20:18	Microsoft-Windows-PrintService	307	Printing a document	"Document 151, Print Document owned by lalban01 on \\MESOEL06484 was printed on VLS3.60 through port UCP-1.  Size in bytes: 19416. Pages printed: 1. No user action is required."
Information	9/28/2020 20:48	Microsoft-Windows-PrintService	307	Printing a document	"Document 152, Print Document owned by lalban01 on \\MESOEL06484 was printed on VLS3.60 through port UCP-1.  Size in bytes: 1008. Pages printed: 1. No user action is required."
Information	9/28/2020 21:27	Microsoft-Windows-PrintService	307	Printing a document	"Document 153, Print Document owned by lalban01 on \\MESOEL06484 was printed on VLS3.60 through port UCP-1.  Size in bytes: 19240. Pages printed: 1. No user action is required."
Information	9/28/2020 22:12	Microsoft-Windows-PrintService	307	Printing a document	"Document 154, Print Document owned by lalban01 on \\MESOEL06484 was printed on VLS3.60 through port UCP-1.  Size in bytes: 19600. Pages printed: 1. No user action is required."
Information	9/28/2020 22:18	Microsoft-Windows-PrintService	307	Printing a document	"Document 155, Print Document owned by lalban01 on \\MESOEL06484 was printed on VLS3.60 through port UCP-1.  Size in bytes: 19600. Pages printed: 1. No user action is required."
Information	9/28/2020 22:21	Microsoft-Windows-PrintService	307	Printing a document	"Document 156, Print Document owned by lalban01 on \\MESOEL06484 was printed on VLS3.60 through port UCP-1.  Size in bytes: 1208. Pages printed: 1. No user action is required."
Information	9/28/2020 22:38	Microsoft-Windows-PrintService	307	Printing a document	"Document 157, Print Document owned by lalban01 on \\MESOEL06484 was printed on VLS3.60 through port UCP-1.  Size in bytes: 1248. Pages printed: 1. No user action is required."
Information	9/28/2020 22:44	Microsoft-Windows-PrintService	307	Printing a document	"Document 158, Print Document owned by lalban01 on \\MESOEL06484 was printed on VLS3.60 through port UCP-1.  Size in bytes: 19984. Pages printed: 1. No user action is required."
Information	9/28/2020 22:45	Microsoft-Windows-PrintService	307	Printing a document	"Document 159, Print Document owned by lalban01 on \\MESOEL06484 was printed on VLS3.60 through port UCP-1.  Size in bytes: 1248. Pages printed: 1. No user action is required."
Information	9/28/2020 22:47	Microsoft-Windows-PrintService	307	Printing a document	"Document 160, Print Document owned by lalban01 on \\MESOEL06484 was printed on VLS3.60 through port UCP-1.  Size in bytes: 20832. Pages printed: 1. No user action is required."
Information	9/28/2020 22:56	Microsoft-Windows-PrintService	307	Printing a document	"Document 161, Print Document owned by lalban01 on \\MESOEL06484 was printed on VLS3.60 through port UCP-1.  Size in bytes: 20832. Pages printed: 1. No user action is required."
Information	9/28/2020 22:59	Microsoft-Windows-PrintService	307	Printing a document	"Document 162, Print Document owned by lalban01 on \\MESOEL06484 was printed on VLS3.60 through port UCP-1.  Size in bytes: 1008. Pages printed: 1. No user action is required."
Information	9/29/2020 9:24	Microsoft-Windows-PrintService	307	Printing a document	"Document 163, Print Document owned by lalban01 on \\MESOEL06484 was printed on VLS3.60 through port UCP-1.  Size in bytes: 40704. Pages printed: 1. No user action is required."
Information	9/29/2020 9:30	Microsoft-Windows-PrintService	307	Printing a document	"Document 164, Print Document owned by lalban01 on \\MESOEL06484 was printed on VLS3.60 through port UCP-1.  Size in bytes: 20272. Pages printed: 1. No user action is required."
Information	9/29/2020 9:46	Microsoft-Windows-PrintService	307	Printing a document	"Document 165, Print Document owned by lalban01 on \\MESOEL06484 was printed on VLS3.60 through port UCP-1.  Size in bytes: 2736. Pages printed: 1. No user action is required."
Information	9/29/2020 9:49	Microsoft-Windows-PrintService	307	Printing a document	"Document 166, Print Document owned by lalban01 on \\MESOEL06484 was printed on VLS3.60 through port UCP-1.  Size in bytes: 2736. Pages printed: 1. No user action is required."
Information	9/29/2020 12:14	Microsoft-Windows-PrintService	307	Printing a document	"Document 167, Print Document owned by lalban01 on \\MESOEL06484 was printed on VLS3.60 through port UCP-1.  Size in bytes: 1788. Pages printed: 1. No user action is required."
Information	9/29/2020 12:20	Microsoft-Windows-PrintService	307	Printing a document	"Document 168, Print Document owned by lalban01 on \\MESOEL06484 was printed on VLS3.60 through port UCP-1.  Size in bytes: 3176. Pages printed: 1. No user action is required."
Information	9/29/2020 12:28	Microsoft-Windows-PrintService	307	Printing a document	"Document 169, Print Document owned by lalban01 on \\MESOEL06484 was printed on VLS3.60 through port UCP-1.  Size in bytes: 3176. Pages printed: 1. No user action is required."
Information	9/29/2020 12:44	Microsoft-Windows-PrintService	307	Printing a document	"Document 170, Print Document owned by lalban01 on \\MESOEL06484 was printed on VLS3.60 through port UCP-1.  Size in bytes: 1792. Pages printed: 1. No user action is required."
Information	9/29/2020 13:07	Microsoft-Windows-PrintService	307	Printing a document	"Document 171, Print Document owned by lalban01 on \\MESOEL06484 was printed on VLS3.60 through port UCP-1.  Size in bytes: 5552. Pages printed: 1. No user action is required."
Information	9/29/2020 13:15	Microsoft-Windows-PrintService	307	Printing a document	"Document 172, Print Document owned by lalban01 on \\MESOEL06484 was printed on VLS3.60 through port UCP-1.  Size in bytes: 5184. Pages printed: 1. No user action is required."
Information	9/29/2020 16:26	Microsoft-Windows-PrintService	307	Printing a document	"Document 173, Print Document owned by lalban01 on \\MESOEL06484 was printed on VLS3.60 through port UCP-1.  Size in bytes: 3104. Pages printed: 1. No user action is required."
Information	9/29/2020 17:00	Microsoft-Windows-PrintService	307	Printing a document	"Document 174, Print Document owned by lalban01 on \\MESOEL06484 was printed on VLS3.60 through port UCP-1.  Size in bytes: 4000. Pages printed: 1. No user action is required."
Information	9/29/2020 17:36	Microsoft-Windows-PrintService	307	Printing a document	"Document 175, Print Document owned by lalban01 on \\MESOEL06484 was printed on VLS3.60 through port UCP-1.  Size in bytes: 2368. Pages printed: 1. No user action is required."
Information	9/29/2020 17:41	Microsoft-Windows-PrintService	307	Printing a document	"Document 176, Print Document owned by lalban01 on \\MESOEL06484 was printed on VLS3.60 through port UCP-1.  Size in bytes: 2368. Pages printed: 1. No user action is required."
Information	9/29/2020 17:42	Microsoft-Windows-PrintService	307	Printing a document	"Document 177, Print Document owned by lalban01 on \\MESOEL06484 was printed on VLS3.60 through port UCP-1.  Size in bytes: 2368. Pages printed: 1. No user action is required."
Information	9/29/2020 17:48	Microsoft-Windows-PrintService	307	Printing a document	"Document 178, Print Document owned by lalban01 on \\MESOEL06484 was printed on VLS3.60 through port UCP-1.  Size in bytes: 5184. Pages printed: 1. No user action is required."
Information	9/29/2020 18:03	Microsoft-Windows-PrintService	307	Printing a document	"Document 179, Print Document owned by lalban01 on \\MESOEL06484 was printed on VLS3.60 through port UCP-1.  Size in bytes: 40204. Pages printed: 1. No user action is required."
Information	9/29/2020 18:09	Microsoft-Windows-PrintService	307	Printing a document	"Document 180, Print Document owned by lalban01 on \\MESOEL06484 was printed on VLS3.60 through port UCP-1.  Size in bytes: 8848. Pages printed: 1. No user action is required."
Information	9/29/2020 18:20	Microsoft-Windows-PrintService	307	Printing a document	"Document 181, Print Document owned by lalban01 on \\MESOEL06484 was printed on VLS3.60 through port UCP-1.  Size in bytes: 114896. Pages printed: 1. No user action is required."
Information	9/29/2020 18:36	Microsoft-Windows-PrintService	307	Printing a document	"Document 182, Print Document owned by lalban01 on \\MESOEL06484 was printed on VLS3.60 through port UCP-1.  Size in bytes: 2608. Pages printed: 1. No user action is required."
Information	9/29/2020 18:43	Microsoft-Windows-PrintService	307	Printing a document	"Document 183, Print Document owned by lalban01 on \\MESOEL06484 was printed on VLS3.60 through port UCP-1.  Size in bytes: 2608. Pages printed: 1. No user action is required."
Information	9/29/2020 18:51	Microsoft-Windows-PrintService	307	Printing a document	"Document 184, Print Document owned by lalban01 on \\MESOEL06484 was printed on VLS3.60 through port UCP-1.  Size in bytes: 14376. Pages printed: 1. No user action is required."
Information	9/29/2020 18:56	Microsoft-Windows-PrintService	307	Printing a document	"Document 185, Print Document owned by lalban01 on \\MESOEL06484 was printed on VLS3.60 through port UCP-1.  Size in bytes: 14712. Pages printed: 1. No user action is required."
Information	9/29/2020 19:01	Microsoft-Windows-PrintService	307	Printing a document	"Document 186, Print Document owned by lalban01 on \\MESOEL06484 was printed on VLS3.60 through port UCP-1.  Size in bytes: 84368. Pages printed: 1. No user action is required."
Information	9/29/2020 19:17	Microsoft-Windows-PrintService	307	Printing a document	"Document 187, Print Document owned by lalban01 on \\MESOEL06484 was printed on VLS3.60 through port UCP-1.  Size in bytes: 1488. Pages printed: 1. No user action is required."
Information	9/29/2020 19:17	Microsoft-Windows-PrintService	307	Printing a document	"Document 188, Print Document owned by lalban01 on \\MESOEL06484 was printed on VLS3.60 through port UCP-1.  Size in bytes: 656. Pages printed: 1. No user action is required."
Information	9/29/2020 19:32	Microsoft-Windows-PrintService	307	Printing a document	"Document 189, Print Document owned by lalban01 on \\MESOEL06484 was printed on VLS3.60 through port UCP-1.  Size in bytes: 122544. Pages printed: 1. No user action is required."
Information	9/29/2020 19:33	Microsoft-Windows-PrintService	307	Printing a document	"Document 190, Print Document owned by lalban01 on \\MESOEL06484 was printed on VLS3.60 through port UCP-1.  Size in bytes: 122544. Pages printed: 1. No user action is required."
Information	9/29/2020 19:36	Microsoft-Windows-PrintService	307	Printing a document	"Document 191, Print Document owned by lalban01 on \\MESOEL06484 was printed on VLS3.60 through port UCP-1.  Size in bytes: 122360. Pages printed: 1. No user action is required."
Information	9/29/2020 19:58	Microsoft-Windows-PrintService	307	Printing a document	"Document 192, Print Document owned by lalban01 on \\MESOEL06484 was printed on VLS3.60 through port UCP-1.  Size in bytes: 41440. Pages printed: 1. No user action is required."
Information	9/29/2020 20:11	Microsoft-Windows-PrintService	307	Printing a document	"Document 193, Print Document owned by lalban01 on \\MESOEL06484 was printed on VLS3.60 through port UCP-1.  Size in bytes: 10960. Pages printed: 1. No user action is required."
Information	9/29/2020 20:39	Microsoft-Windows-PrintService	307	Printing a document	"Document 194, Print Document owned by lalban01 on \\MESOEL06484 was printed on VLS3.60 through port UCP-1.  Size in bytes: 226136. Pages printed: 1. No user action is required."
Information	9/29/2020 20:49	Microsoft-Windows-PrintService	307	Printing a document	"Document 195, Print Document owned by lalban01 on \\MESOEL06484 was printed on VLS3.60 through port UCP-1.  Size in bytes: 226136. Pages printed: 1. No user action is required."
Information	9/29/2020 21:04	Microsoft-Windows-PrintService	307	Printing a document	"Document 196, Print Document owned by lalban01 on \\MESOEL06484 was printed on VLS3.60 through port UCP-1.  Size in bytes: 3624. Pages printed: 1. No user action is required."
Information	9/29/2020 21:05	Microsoft-Windows-PrintService	307	Printing a document	"Document 197, Print Document owned by lalban01 on \\MESOEL06484 was printed on VLS3.60 through port UCP-1.  Size in bytes: 3440. Pages printed: 1. No user action is required."
Information	9/29/2020 21:11	Microsoft-Windows-PrintService	307	Printing a document	"Document 198, Print Document owned by lalban01 on \\MESOEL06484 was printed on VLS3.60 through port UCP-1.  Size in bytes: 3104. Pages printed: 1. No user action is required."
Information	9/29/2020 21:58	Microsoft-Windows-PrintService	307	Printing a document	"Document 199, Print Document owned by lalban01 on \\MESOEL06484 was printed on VLS3.60 through port UCP-1.  Size in bytes: 26896. Pages printed: 1. No user action is required."
Information	9/29/2020 22:03	Microsoft-Windows-PrintService	307	Printing a document	"Document 200, Print Document owned by lalban01 on \\MESOEL06484 was printed on VLS3.60 through port UCP-1.  Size in bytes: 5680. Pages printed: 1. No user action is required."
Information	9/29/2020 22:45	Microsoft-Windows-PrintService	307	Printing a document	"Document 201, Print Document owned by lalban01 on \\MESOEL06484 was printed on VLS3.60 through port UCP-1.  Size in bytes: 27632. Pages printed: 1. No user action is required."
Information	9/29/2020 22:45	Microsoft-Windows-PrintService	307	Printing a document	"Document 202, Print Document owned by lalban01 on \\MESOEL06484 was printed on VLS3.60 through port UCP-1.  Size in bytes: 27632. Pages printed: 1. No user action is required."
Information	9/29/2020 23:12	Microsoft-Windows-PrintService	307	Printing a document	"Document 203, Print Document owned by lalban01 on \\MESOEL06484 was printed on VLS3.60 through port UCP-1.  Size in bytes: 18064. Pages printed: 1. No user action is required."
Information	9/29/2020 23:34	Microsoft-Windows-PrintService	307	Printing a document	"Document 204, Print Document owned by lalban01 on \\MESOEL06484 was printed on VLS3.60 through port UCP-1.  Size in bytes: 18064. Pages printed: 1. No user action is required."
Information	9/29/2020 23:35	Microsoft-Windows-PrintService	307	Printing a document	"Document 205, Print Document owned by lalban01 on \\MESOEL06484 was printed on VLS3.60 through port UCP-1.  Size in bytes: 6288. Pages printed: 1. No user action is required."
Information	9/29/2020 23:40	Microsoft-Windows-PrintService	307	Printing a document	"Document 206, Print Document owned by lalban01 on \\MESOEL06484 was printed on VLS3.60 through port UCP-1.  Size in bytes: 12176. Pages printed: 1. No user action is required."
Information	9/30/2020 0:09	Microsoft-Windows-PrintService	307	Printing a document	"Document 207, Print Document owned by lalban01 on \\MESOEL06484 was printed on VLS3.60 through port UCP-1.  Size in bytes: 12176. Pages printed: 1. No user action is required."
Information	9/30/2020 1:04	Microsoft-Windows-PrintService	307	Printing a document	"Document 208, Print Document owned by lalban01 on \\MESOEL06484 was printed on VLS3.60 through port UCP-1.  Size in bytes: 3104. Pages printed: 1. No user action is required."
Information	9/30/2020 1:30	Microsoft-Windows-PrintService	307	Printing a document	"Document 209, Print Document owned by lalban01 on \\MESOEL06484 was printed on VLS3.60 through port UCP-1.  Size in bytes: 2368. Pages printed: 1. No user action is required."
Information	9/30/2020 2:56	Microsoft-Windows-PrintService	307	Printing a document	"Document 210, Print Document owned by lalban01 on \\MESOEL06484 was printed on VLS3.60 through port UCP-1.  Size in bytes: 7024. Pages printed: 1. No user action is required."
Information	9/30/2020 2:57	Microsoft-Windows-PrintService	307	Printing a document	"Document 211, Print Document owned by lalban01 on \\MESOEL06484 was printed on VLS3.60 through port UCP-1.  Size in bytes: 7024. Pages printed: 1. No user action is required."
Information	9/30/2020 3:01	Microsoft-Windows-PrintService	307	Printing a document	"Document 212, Print Document owned by lalban01 on \\MESOEL06484 was printed on VLS3.60 through port UCP-1.  Size in bytes: 7024. Pages printed: 1. No user action is required."
Information	9/30/2020 5:17	Microsoft-Windows-PrintService	307	Printing a document	"Document 213, Print Document owned by lalban01 on \\MESOEL06484 was printed on VLS3.60 through port UCP-1.  Size in bytes: 12416. Pages printed: 1. No user action is required."
Information	9/30/2020 5:19	Microsoft-Windows-PrintService	307	Printing a document	"Document 214, Print Document owned by lalban01 on \\MESOEL06484 was printed on VLS3.60 through port UCP-1.  Size in bytes: 12416. Pages printed: 1. No user action is required."
Information	9/30/2020 6:25	Microsoft-Windows-PrintService	307	Printing a document	"Document 215, Print Document owned by lalban01 on \\MESOEL06484 was printed on VLS3.60 through port UCP-1.  Size in bytes: 9968. Pages printed: 1. No user action is required."
Information	9/30/2020 9:59	Microsoft-Windows-PrintService	307	Printing a document	"Document 216, Print Document owned by lalban01 on \\MESOEL06484 was printed on VLS3.60 through port UCP-1.  Size in bytes: 22528. Pages printed: 1. No user action is required."
Information	9/30/2020 9:59	Microsoft-Windows-PrintService	307	Printing a document	"Document 217, Print Document owned by lalban01 on \\MESOEL06484 was printed on VLS3.60 through port UCP-1.  Size in bytes: 22528. Pages printed: 1. No user action is required."
Information	9/30/2020 10:00	Microsoft-Windows-PrintService	307	Printing a document	"Document 218, Print Document owned by lalban01 on \\MESOEL06484 was printed on VLS3.60 through port UCP-1.  Size in bytes: 22528. Pages printed: 1. No user action is required."
Information	9/30/2020 10:09	Microsoft-Windows-PrintService	307	Printing a document	"Document 219, Print Document owned by lalban01 on \\MESOEL06484 was printed on VLS3.60 through port UCP-1.  Size in bytes: 44656. Pages printed: 1. No user action is required."
Information	9/30/2020 10:10	Microsoft-Windows-PrintService	307	Printing a document	"Document 220, Print Document owned by lalban01 on \\MESOEL06484 was printed on VLS3.60 through port UCP-1.  Size in bytes: 44656. Pages printed: 1. No user action is required."
Information	9/30/2020 10:12	Microsoft-Windows-PrintService	307	Printing a document	"Document 221, Print Document owned by lalban01 on \\MESOEL06484 was printed on VLS3.60 through port UCP-1.  Size in bytes: 44656. Pages printed: 1. No user action is required."
Information	9/30/2020 10:22	Microsoft-Windows-PrintService	307	Printing a document	"Document 222, Print Document owned by lalban01 on \\MESOEL06484 was printed on VLS3.60 through port UCP-1.  Size in bytes: 59152. Pages printed: 1. No user action is required."
Information	9/30/2020 10:23	Microsoft-Windows-PrintService	307	Printing a document	"Document 223, Print Document owned by lalban01 on \\MESOEL06484 was printed on VLS3.60 through port UCP-1.  Size in bytes: 59152. Pages printed: 1. No user action is required."
Information	9/30/2020 10:37	Microsoft-Windows-PrintService	307	Printing a document	"Document 224, Print Document owned by lalban01 on \\MESOEL06484 was printed on VLS3.60 through port UCP-1.  Size in bytes: 45328. Pages printed: 1. No user action is required."
Information	9/30/2020 11:09	Microsoft-Windows-PrintService	307	Printing a document	"Document 225, Print Document owned by lalban01 on \\MESOEL06484 was printed on VLS3.60 through port UCP-1.  Size in bytes: 19984. Pages printed: 1. No user action is required."
Information	9/30/2020 11:25	Microsoft-Windows-PrintService	307	Printing a document	"Document 226, Print Document owned by lalban01 on \\MESOEL06484 was printed on VLS3.60 through port UCP-1.  Size in bytes: 1008. Pages printed: 1. No user action is required."
Information	9/30/2020 11:35	Microsoft-Windows-PrintService	307	Printing a document	"Document 227, Print Document owned by lalban01 on \\MESOEL06484 was printed on VLS3.60 through port UCP-1.  Size in bytes: 1024. Pages printed: 1. No user action is required."
Information	9/30/2020 11:43	Microsoft-Windows-PrintService	307	Printing a document	"Document 228, Print Document owned by lalban01 on \\MESOEL06484 was printed on VLS3.60 through port UCP-1.  Size in bytes: 4768. Pages printed: 1. No user action is required."
Information	9/30/2020 14:16	Microsoft-Windows-PrintService	307	Printing a document	"Document 2, Print Document owned by jkanov01 on \\MESOEL06484 was printed on VLS3.60 through port UCP-1.  Size in bytes: 21648. Pages printed: 1. No user action is required."
Information	10/1/2020 12:46	Microsoft-Windows-PrintService	307	Printing a document	"Document 3, Print Document owned by ywu15 on \\MESOEL06484 was printed on VLS3.60 through port UCP-1.  Size in bytes: 4880. Pages printed: 1. No user action is required."
