Information	10/2/2019 15:58	Microsoft-Windows-PrintService	307	Printing a document	"Document 192, Print Document owned by fvande01 on \\MESOEL06484 was printed on VLS3.60 through port UCP-1.  Size in bytes: 13616. Pages printed: 1. No user action is required."
Information	10/2/2019 16:04	Microsoft-Windows-PrintService	307	Printing a document	"Document 193, Print Document owned by fvande01 on \\MESOEL06484 was printed on VLS3.60 through port UCP-1.  Size in bytes: 752. Pages printed: 1. No user action is required."
Information	10/2/2019 16:06	Microsoft-Windows-PrintService	307	Printing a document	"Document 194, Print Document owned by fvande01 on \\MESOEL06484 was printed on VLS3.60 through port UCP-1.  Size in bytes: 2512. Pages printed: 1. No user action is required."
Information	10/2/2019 16:13	Microsoft-Windows-PrintService	307	Printing a document	"Document 195, Print Document owned by fvande01 on \\MESOEL06484 was printed on VLS3.60 through port UCP-1.  Size in bytes: 2512. Pages printed: 1. No user action is required."
Information	10/2/2019 16:58	Microsoft-Windows-PrintService	307	Printing a document	"Document 196, Print Document owned by fvande01 on \\MESOEL06484 was printed on VLS3.60 through port UCP-1.  Size in bytes: 64568. Pages printed: 1. No user action is required."
Information	10/2/2019 16:59	Microsoft-Windows-PrintService	307	Printing a document	"Document 197, Print Document owned by fvande01 on \\MESOEL06484 was printed on VLS3.60 through port UCP-1.  Size in bytes: 64568. Pages printed: 1. No user action is required."
Information	10/2/2019 17:13	Microsoft-Windows-PrintService	307	Printing a document	"Document 198, Print Document owned by fvande01 on \\MESOEL06484 was printed on VLS3.60 through port UCP-1.  Size in bytes: 64568. Pages printed: 1. No user action is required."
Information	10/2/2019 17:14	Microsoft-Windows-PrintService	307	Printing a document	"Document 199, Print Document owned by fvande01 on \\MESOEL06484 was printed on VLS3.60 through port UCP-1.  Size in bytes: 64568. Pages printed: 1. No user action is required."
Information	10/2/2019 20:16	Microsoft-Windows-PrintService	307	Printing a document	"Document 200, Print Document owned by fvande01 on \\MESOEL06484 was printed on VLS3.60 through port UCP-1.  Size in bytes: 20400. Pages printed: 1. No user action is required."
Information	10/2/2019 20:47	Microsoft-Windows-PrintService	307	Printing a document	"Document 201, Print Document owned by fvande01 on \\MESOEL06484 was printed on VLS3.60 through port UCP-1.  Size in bytes: 2544. Pages printed: 1. No user action is required."
Information	10/2/2019 20:51	Microsoft-Windows-PrintService	307	Printing a document	"Document 202, Print Document owned by fvande01 on \\MESOEL06484 was printed on VLS3.60 through port UCP-1.  Size in bytes: 3472. Pages printed: 1. No user action is required."
Information	10/2/2019 20:54	Microsoft-Windows-PrintService	307	Printing a document	"Document 203, Print Document owned by fvande01 on \\MESOEL06484 was printed on VLS3.60 through port UCP-1.  Size in bytes: 2312. Pages printed: 1. No user action is required."
Information	10/2/2019 20:58	Microsoft-Windows-PrintService	307	Printing a document	"Document 204, Print Document owned by fvande01 on \\MESOEL06484 was printed on VLS3.60 through port UCP-1.  Size in bytes: 2984. Pages printed: 1. No user action is required."
Information	10/2/2019 21:07	Microsoft-Windows-PrintService	307	Printing a document	"Document 205, Print Document owned by fvande01 on \\MESOEL06484 was printed on VLS3.60 through port UCP-1.  Size in bytes: 81712. Pages printed: 1. No user action is required."
Information	10/2/2019 21:11	Microsoft-Windows-PrintService	307	Printing a document	"Document 206, Print Document owned by fvande01 on \\MESOEL06484 was printed on VLS3.60 through port UCP-1.  Size in bytes: 81712. Pages printed: 1. No user action is required."
Information	10/2/2019 21:13	Microsoft-Windows-PrintService	307	Printing a document	"Document 207, Print Document owned by fvande01 on \\MESOEL06484 was printed on VLS3.60 through port UCP-1.  Size in bytes: 81712. Pages printed: 1. No user action is required."
Information	10/2/2019 21:23	Microsoft-Windows-PrintService	307	Printing a document	"Document 208, Print Document owned by fvande01 on \\MESOEL06484 was printed on VLS3.60 through port UCP-1.  Size in bytes: 19864. Pages printed: 1. No user action is required."
Information	10/2/2019 21:26	Microsoft-Windows-PrintService	307	Printing a document	"Document 209, Print Document owned by fvande01 on \\MESOEL06484 was printed on VLS3.60 through port UCP-1.  Size in bytes: 19864. Pages printed: 1. No user action is required."
Information	10/2/2019 21:40	Microsoft-Windows-PrintService	307	Printing a document	"Document 210, Print Document owned by fvande01 on \\MESOEL06484 was printed on VLS3.60 through port UCP-1.  Size in bytes: 15336. Pages printed: 1. No user action is required."
Information	10/2/2019 21:46	Microsoft-Windows-PrintService	307	Printing a document	"Document 211, Print Document owned by fvande01 on \\MESOEL06484 was printed on VLS3.60 through port UCP-1.  Size in bytes: 19048. Pages printed: 1. No user action is required."
Information	10/2/2019 21:50	Microsoft-Windows-PrintService	307	Printing a document	"Document 212, Print Document owned by fvande01 on \\MESOEL06484 was printed on VLS3.60 through port UCP-1.  Size in bytes: 19048. Pages printed: 1. No user action is required."
Information	10/2/2019 21:54	Microsoft-Windows-PrintService	307	Printing a document	"Document 213, Print Document owned by fvande01 on \\MESOEL06484 was printed on VLS3.60 through port UCP-1.  Size in bytes: 19048. Pages printed: 1. No user action is required."
Information	10/2/2019 21:59	Microsoft-Windows-PrintService	307	Printing a document	"Document 214, Print Document owned by fvande01 on \\MESOEL06484 was printed on VLS3.60 through port UCP-1.  Size in bytes: 19048. Pages printed: 1. No user action is required."
Information	10/2/2019 22:05	Microsoft-Windows-PrintService	307	Printing a document	"Document 215, Print Document owned by fvande01 on \\MESOEL06484 was printed on VLS3.60 through port UCP-1.  Size in bytes: 1837900. Pages printed: 1. No user action is required."
Information	10/2/2019 22:07	Microsoft-Windows-PrintService	307	Printing a document	"Document 216, Print Document owned by fvande01 on \\MESOEL06484 was printed on VLS3.60 through port UCP-1.  Size in bytes: 1837900. Pages printed: 1. No user action is required."
Information	10/2/2019 22:13	Microsoft-Windows-PrintService	307	Printing a document	"Document 217, Print Document owned by fvande01 on \\MESOEL06484 was printed on VLS3.60 through port UCP-1.  Size in bytes: 1837900. Pages printed: 1. No user action is required."
Information	10/2/2019 22:16	Microsoft-Windows-PrintService	307	Printing a document	"Document 218, Print Document owned by fvande01 on \\MESOEL06484 was printed on VLS3.60 through port UCP-1.  Size in bytes: 1837900. Pages printed: 1. No user action is required."
Information	10/2/2019 22:19	Microsoft-Windows-PrintService	307	Printing a document	"Document 219, Print Document owned by fvande01 on \\MESOEL06484 was printed on VLS3.60 through port UCP-1.  Size in bytes: 20112. Pages printed: 1. No user action is required."
Information	10/2/2019 22:26	Microsoft-Windows-PrintService	307	Printing a document	"Document 220, Print Document owned by fvande01 on \\MESOEL06484 was printed on VLS3.60 through port UCP-1.  Size in bytes: 39008. Pages printed: 1. No user action is required."
Information	10/2/2019 22:27	Microsoft-Windows-PrintService	307	Printing a document	"Document 221, Print Document owned by fvande01 on \\MESOEL06484 was printed on VLS3.60 through port UCP-1.  Size in bytes: 39008. Pages printed: 1. No user action is required."
Information	10/3/2019 12:03	Microsoft-Windows-PrintService	307	Printing a document	"Document 222, Print Document owned by mrose01 on \\MESOEL06484 was printed on VLS3.60 through port UCP-1.  Size in bytes: 773768. Pages printed: 1. No user action is required."
Information	10/3/2019 12:49	Microsoft-Windows-PrintService	307	Printing a document	"Document 223, Print Document owned by jkanov01 on \\MESOEL06484 was printed on VLS3.60 through port UCP-1.  Size in bytes: 584. Pages printed: 1. No user action is required."
Information	10/3/2019 13:53	Microsoft-Windows-PrintService	307	Printing a document	"Document 224, Print Document owned by jkanov01 on \\MESOEL06484 was printed on VLS3.60 through port UCP-1.  Size in bytes: 8480. Pages printed: 1. No user action is required."
Information	10/3/2019 13:59	Microsoft-Windows-PrintService	307	Printing a document	"Document 225, Print Document owned by jkanov01 on \\MESOEL06484 was printed on VLS3.60 through port UCP-1.  Size in bytes: 8480. Pages printed: 1. No user action is required."
Information	10/3/2019 14:02	Microsoft-Windows-PrintService	307	Printing a document	"Document 226, Print Document owned by jkanov01 on \\MESOEL06484 was printed on VLS3.60 through port UCP-1.  Size in bytes: 8480. Pages printed: 1. No user action is required."
Information	10/3/2019 14:04	Microsoft-Windows-PrintService	307	Printing a document	"Document 227, Print Document owned by jkanov01 on \\MESOEL06484 was printed on VLS3.60 through port UCP-1.  Size in bytes: 8480. Pages printed: 1. No user action is required."
Information	10/3/2019 14:18	Microsoft-Windows-PrintService	307	Printing a document	"Document 228, Print Document owned by jkanov01 on \\MESOEL06484 was printed on VLS3.60 through port UCP-1.  Size in bytes: 24512. Pages printed: 1. No user action is required."
Information	10/3/2019 14:19	Microsoft-Windows-PrintService	307	Printing a document	"Document 229, Print Document owned by jkanov01 on \\MESOEL06484 was printed on VLS3.60 through port UCP-1.  Size in bytes: 24512. Pages printed: 1. No user action is required."
Information	10/3/2019 14:22	Microsoft-Windows-PrintService	307	Printing a document	"Document 230, Print Document owned by jkanov01 on \\MESOEL06484 was printed on VLS3.60 through port UCP-1.  Size in bytes: 24512. Pages printed: 1. No user action is required."
Information	10/3/2019 14:28	Microsoft-Windows-PrintService	307	Printing a document	"Document 231, Print Document owned by jkanov01 on \\MESOEL06484 was printed on VLS3.60 through port UCP-1.  Size in bytes: 24512. Pages printed: 1. No user action is required."
Information	10/3/2019 14:31	Microsoft-Windows-PrintService	307	Printing a document	"Document 232, Print Document owned by jkanov01 on \\MESOEL06484 was printed on VLS3.60 through port UCP-1.  Size in bytes: 23776. Pages printed: 1. No user action is required."
Information	10/3/2019 14:38	Microsoft-Windows-PrintService	307	Printing a document	"Document 233, Print Document owned by jkanov01 on \\MESOEL06484 was printed on VLS3.60 through port UCP-1.  Size in bytes: 12128. Pages printed: 1. No user action is required."
Information	10/3/2019 14:47	Microsoft-Windows-PrintService	307	Printing a document	"Document 234, Print Document owned by jkanov01 on \\MESOEL06484 was printed on VLS3.60 through port UCP-1.  Size in bytes: 19552. Pages printed: 1. No user action is required."
Information	10/3/2019 14:51	Microsoft-Windows-PrintService	307	Printing a document	"Document 235, Print Document owned by jkanov01 on \\MESOEL06484 was printed on VLS3.60 through port UCP-1.  Size in bytes: 20800. Pages printed: 1. No user action is required."
Information	10/3/2019 14:55	Microsoft-Windows-PrintService	307	Printing a document	"Document 236, Print Document owned by jkanov01 on \\MESOEL06484 was printed on VLS3.60 through port UCP-1.  Size in bytes: 19024. Pages printed: 1. No user action is required."
Information	10/3/2019 15:05	Microsoft-Windows-PrintService	307	Printing a document	"Document 237, Print Document owned by jkanov01 on \\MESOEL06484 was printed on VLS3.60 through port UCP-1.  Size in bytes: 38788. Pages printed: 1. No user action is required."
Information	10/3/2019 15:07	Microsoft-Windows-PrintService	307	Printing a document	"Document 238, Print Document owned by jkanov01 on \\MESOEL06484 was printed on VLS3.60 through port UCP-1.  Size in bytes: 38788. Pages printed: 1. No user action is required."
Information	10/3/2019 15:09	Microsoft-Windows-PrintService	307	Printing a document	"Document 239, Print Document owned by jkanov01 on \\MESOEL06484 was printed on VLS3.60 through port UCP-1.  Size in bytes: 37904. Pages printed: 1. No user action is required."
Information	10/3/2019 15:11	Microsoft-Windows-PrintService	307	Printing a document	"Document 240, Print Document owned by jkanov01 on \\MESOEL06484 was printed on VLS3.60 through port UCP-1.  Size in bytes: 41424. Pages printed: 1. No user action is required."
Information	10/3/2019 15:24	Microsoft-Windows-PrintService	307	Printing a document	"Document 241, Print Document owned by jkanov01 on \\MESOEL06484 was printed on VLS3.60 through port UCP-1.  Size in bytes: 40092. Pages printed: 1. No user action is required."
Information	10/3/2019 15:26	Microsoft-Windows-PrintService	307	Printing a document	"Document 242, Print Document owned by jkanov01 on \\MESOEL06484 was printed on VLS3.60 through port UCP-1.  Size in bytes: 40348. Pages printed: 1. No user action is required."
Information	10/3/2019 15:29	Microsoft-Windows-PrintService	307	Printing a document	"Document 243, Print Document owned by jkanov01 on \\MESOEL06484 was printed on VLS3.60 through port UCP-1.  Size in bytes: 40348. Pages printed: 1. No user action is required."
Information	10/3/2019 15:30	Microsoft-Windows-PrintService	307	Printing a document	"Document 244, Print Document owned by jkanov01 on \\MESOEL06484 was printed on VLS3.60 through port UCP-1.  Size in bytes: 40348. Pages printed: 1. No user action is required."
Information	10/3/2019 15:31	Microsoft-Windows-PrintService	307	Printing a document	"Document 245, Print Document owned by jkanov01 on \\MESOEL06484 was printed on VLS3.60 through port UCP-1.  Size in bytes: 40348. Pages printed: 1. No user action is required."
Information	10/3/2019 15:32	Microsoft-Windows-PrintService	307	Printing a document	"Document 246, Print Document owned by jkanov01 on \\MESOEL06484 was printed on VLS3.60 through port UCP-1.  Size in bytes: 40348. Pages printed: 1. No user action is required."
Information	10/3/2019 15:33	Microsoft-Windows-PrintService	307	Printing a document	"Document 247, Print Document owned by jkanov01 on \\MESOEL06484 was printed on VLS3.60 through port UCP-1.  Size in bytes: 40096. Pages printed: 1. No user action is required."
Information	10/3/2019 15:45	Microsoft-Windows-PrintService	307	Printing a document	"Document 248, Print Document owned by jkanov01 on \\MESOEL06484 was printed on VLS3.60 through port UCP-1.  Size in bytes: 39552. Pages printed: 1. No user action is required."
Information	10/3/2019 16:20	Microsoft-Windows-PrintService	307	Printing a document	"Document 249, Print Document owned by jkanov01 on \\MESOEL06484 was printed on VLS3.60 through port UCP-1.  Size in bytes: 8464. Pages printed: 1. No user action is required."
Information	10/3/2019 16:40	Microsoft-Windows-PrintService	307	Printing a document	"Document 250, Print Document owned by jkanov01 on \\MESOEL06484 was printed on VLS3.60 through port UCP-1.  Size in bytes: 97168. Pages printed: 1. No user action is required."
Information	10/3/2019 18:27	Microsoft-Windows-PrintService	307	Printing a document	"Document 251, Print Document owned by jkanov01 on \\MESOEL06484 was printed on VLS3.60 through port UCP-1.  Size in bytes: 38492. Pages printed: 1. No user action is required."
Information	10/3/2019 18:42	Microsoft-Windows-PrintService	307	Printing a document	"Document 252, Print Document owned by jkanov01 on \\MESOEL06484 was printed on VLS3.60 through port UCP-1.  Size in bytes: 38492. Pages printed: 1. No user action is required."
Information	10/3/2019 20:42	Microsoft-Windows-PrintService	307	Printing a document	"Document 253, Print Document owned by jkanov01 on \\MESOEL06484 was printed on VLS3.60 through port UCP-1.  Size in bytes: 23956. Pages printed: 1. No user action is required."
Information	10/3/2019 20:49	Microsoft-Windows-PrintService	307	Printing a document	"Document 254, Print Document owned by jkanov01 on \\MESOEL06484 was printed on VLS3.60 through port UCP-1.  Size in bytes: 23920. Pages printed: 1. No user action is required."
Information	10/3/2019 20:50	Microsoft-Windows-PrintService	307	Printing a document	"Document 255, Print Document owned by jkanov01 on \\MESOEL06484 was printed on VLS3.60 through port UCP-1.  Size in bytes: 23920. Pages printed: 1. No user action is required."
Information	10/3/2019 20:55	Microsoft-Windows-PrintService	307	Printing a document	"Document 1, Print Document owned by jkanov01 on \\MESOEL06484 was printed on VLS3.60 through port UCP-1.  Size in bytes: 23920. Pages printed: 1. No user action is required."
Information	10/3/2019 22:35	Microsoft-Windows-PrintService	307	Printing a document	"Document 2, Print Document owned by jkanov01 on \\MESOEL06484 was printed on VLS3.60 through port UCP-1.  Size in bytes: 23920. Pages printed: 1. No user action is required."
Information	10/3/2019 22:43	Microsoft-Windows-PrintService	307	Printing a document	"Document 3, Print Document owned by jkanov01 on \\MESOEL06484 was printed on VLS3.60 through port UCP-1.  Size in bytes: 23920. Pages printed: 1. No user action is required."
Information	10/3/2019 22:48	Microsoft-Windows-PrintService	307	Printing a document	"Document 4, Print Document owned by jkanov01 on \\MESOEL06484 was printed on VLS3.60 through port UCP-1.  Size in bytes: 27088. Pages printed: 1. No user action is required."
Information	10/3/2019 22:50	Microsoft-Windows-PrintService	307	Printing a document	"Document 5, Print Document owned by jkanov01 on \\MESOEL06484 was printed on VLS3.60 through port UCP-1.  Size in bytes: 27088. Pages printed: 1. No user action is required."
Information	10/4/2019 13:12	Microsoft-Windows-PrintService	307	Printing a document	"Document 6, Print Document owned by fvande01 on \\MESOEL06484 was printed on VLS3.60 through port UCP-1.  Size in bytes: 81712. Pages printed: 1. No user action is required."
Information	10/4/2019 13:13	Microsoft-Windows-PrintService	307	Printing a document	"Document 7, Print Document owned by fvande01 on \\MESOEL06484 was printed on VLS3.60 through port UCP-1.  Size in bytes: 19048. Pages printed: 1. No user action is required."
Information	10/4/2019 13:16	Microsoft-Windows-PrintService	307	Printing a document	"Document 8, Print Document owned by fvande01 on \\MESOEL06484 was printed on VLS3.60 through port UCP-1.  Size in bytes: 19048. Pages printed: 1. No user action is required."
Information	10/4/2019 13:20	Microsoft-Windows-PrintService	307	Printing a document	"Document 9, Print Document owned by fvande01 on \\MESOEL06484 was printed on VLS3.60 through port UCP-1.  Size in bytes: 19048. Pages printed: 1. No user action is required."
Information	10/4/2019 13:41	Microsoft-Windows-PrintService	307	Printing a document	"Document 10, Print Document owned by fvande01 on \\MESOEL06484 was printed on VLS3.60 through port UCP-1.  Size in bytes: 27336. Pages printed: 1. No user action is required."
Information	10/4/2019 13:53	Microsoft-Windows-PrintService	307	Printing a document	"Document 11, Print Document owned by fvande01 on \\MESOEL06484 was printed on VLS3.60 through port UCP-1.  Size in bytes: 18412. Pages printed: 1. No user action is required."
Information	10/4/2019 14:16	Microsoft-Windows-PrintService	307	Printing a document	"Document 12, Print Document owned by fvande01 on \\MESOEL06484 was printed on VLS3.60 through port UCP-1.  Size in bytes: 62024. Pages printed: 1. No user action is required."
Information	10/4/2019 14:23	Microsoft-Windows-PrintService	307	Printing a document	"Document 13, Print Document owned by fvande01 on \\MESOEL06484 was printed on VLS3.60 through port UCP-1.  Size in bytes: 25592. Pages printed: 1. No user action is required."
Information	10/4/2019 14:39	Microsoft-Windows-PrintService	307	Printing a document	"Document 14, Print Document owned by fvande01 on \\MESOEL06484 was printed on VLS3.60 through port UCP-1.  Size in bytes: 1018032. Pages printed: 1. No user action is required."
Information	10/4/2019 14:40	Microsoft-Windows-PrintService	307	Printing a document	"Document 15, Print Document owned by fvande01 on \\MESOEL06484 was printed on VLS3.60 through port UCP-1.  Size in bytes: 1018032. Pages printed: 1. No user action is required."
Information	10/4/2019 15:12	Microsoft-Windows-PrintService	307	Printing a document	"Document 16, Print Document owned by fvande01 on \\MESOEL06484 was printed on VLS3.60 through port UCP-1.  Size in bytes: 7204. Pages printed: 1. No user action is required."
Information	10/4/2019 15:46	Microsoft-Windows-PrintService	307	Printing a document	"Document 17, Print Document owned by fvande01 on \\MESOEL06484 was printed on VLS3.60 through port UCP-1.  Size in bytes: 1018032. Pages printed: 1. No user action is required."
Information	10/4/2019 17:21	Microsoft-Windows-PrintService	307	Printing a document	"Document 18, Print Document owned by fvande01 on \\MESOEL06484 was printed on VLS3.60 through port UCP-1.  Size in bytes: 2864. Pages printed: 1. No user action is required."
Information	10/4/2019 17:22	Microsoft-Windows-PrintService	307	Printing a document	"Document 19, Print Document owned by fvande01 on \\MESOEL06484 was printed on VLS3.60 through port UCP-1.  Size in bytes: 2864. Pages printed: 1. No user action is required."
Information	10/4/2019 17:22	Microsoft-Windows-PrintService	307	Printing a document	"Document 20, Print Document owned by fvande01 on \\MESOEL06484 was printed on VLS3.60 through port UCP-1.  Size in bytes: 3216. Pages printed: 1. No user action is required."
Information	10/4/2019 17:43	Microsoft-Windows-PrintService	307	Printing a document	"Document 21, Print Document owned by fvande01 on \\MESOEL06484 was printed on VLS3.60 through port UCP-1.  Size in bytes: 8128. Pages printed: 1. No user action is required."
Information	10/4/2019 17:44	Microsoft-Windows-PrintService	307	Printing a document	"Document 22, Print Document owned by fvande01 on \\MESOEL06484 was printed on VLS3.60 through port UCP-1.  Size in bytes: 10152. Pages printed: 1. No user action is required."
Information	10/4/2019 17:58	Microsoft-Windows-PrintService	307	Printing a document	"Document 23, Print Document owned by fvande01 on \\MESOEL06484 was printed on VLS3.60 through port UCP-1.  Size in bytes: 5552. Pages printed: 1. No user action is required."
Information	10/4/2019 18:08	Microsoft-Windows-PrintService	307	Printing a document	"Document 24, Print Document owned by fvande01 on \\MESOEL06484 was printed on VLS3.60 through port UCP-1.  Size in bytes: 4080. Pages printed: 1. No user action is required."
Information	10/4/2019 18:17	Microsoft-Windows-PrintService	307	Printing a document	"Document 25, Print Document owned by fvande01 on \\MESOEL06484 was printed on VLS3.60 through port UCP-1.  Size in bytes: 5808. Pages printed: 1. No user action is required."
Information	10/4/2019 18:18	Microsoft-Windows-PrintService	307	Printing a document	"Document 26, Print Document owned by fvande01 on \\MESOEL06484 was printed on VLS3.60 through port UCP-1.  Size in bytes: 2976. Pages printed: 1. No user action is required."
Information	10/4/2019 18:24	Microsoft-Windows-PrintService	307	Printing a document	"Document 27, Print Document owned by fvande01 on \\MESOEL06484 was printed on VLS3.60 through port UCP-1.  Size in bytes: 37008. Pages printed: 1. No user action is required."
Information	10/4/2019 22:31	Microsoft-Windows-PrintService	307	Printing a document	"Document 28, Print Document owned by fvande01 on \\MESOEL06484 was printed on VLS3.60 through port UCP-1.  Size in bytes: 19696. Pages printed: 1. No user action is required."
Information	10/4/2019 23:14	Microsoft-Windows-PrintService	307	Printing a document	"Document 29, Print Document owned by fvande01 on \\MESOEL06484 was printed on VLS3.60 through port UCP-1.  Size in bytes: 19088. Pages printed: 1. No user action is required."
Information	10/4/2019 23:40	Microsoft-Windows-PrintService	307	Printing a document	"Document 30, Print Document owned by fvande01 on \\MESOEL06484 was printed on VLS3.60 through port UCP-1.  Size in bytes: 4368. Pages printed: 1. No user action is required."
Information	10/4/2019 23:43	Microsoft-Windows-PrintService	307	Printing a document	"Document 31, Print Document owned by fvande01 on \\MESOEL06484 was printed on VLS3.60 through port UCP-1.  Size in bytes: 4016. Pages printed: 1. No user action is required."
Information	10/5/2019 11:03	Microsoft-Windows-PrintService	307	Printing a document	"Document 32, Print Document owned by fvande01 on \\MESOEL06484 was printed on VLS3.60 through port UCP-1.  Size in bytes: 100312. Pages printed: 1. No user action is required."
Information	10/5/2019 11:05	Microsoft-Windows-PrintService	307	Printing a document	"Document 33, Print Document owned by fvande01 on \\MESOEL06484 was printed on VLS3.60 through port UCP-1.  Size in bytes: 4512. Pages printed: 1. No user action is required."
Information	10/5/2019 11:36	Microsoft-Windows-PrintService	307	Printing a document	"Document 34, Print Document owned by fvande01 on \\MESOEL06484 was printed on VLS3.60 through port UCP-1.  Size in bytes: 7792. Pages printed: 1. No user action is required."
Information	10/5/2019 11:36	Microsoft-Windows-PrintService	307	Printing a document	"Document 35, Print Document owned by fvande01 on \\MESOEL06484 was printed on VLS3.60 through port UCP-1.  Size in bytes: 5384. Pages printed: 1. No user action is required."
Information	10/5/2019 11:37	Microsoft-Windows-PrintService	307	Printing a document	"Document 36, Print Document owned by fvande01 on \\MESOEL06484 was printed on VLS3.60 through port UCP-1.  Size in bytes: 5384. Pages printed: 1. No user action is required."
Information	10/5/2019 11:38	Microsoft-Windows-PrintService	307	Printing a document	"Document 37, Print Document owned by fvande01 on \\MESOEL06484 was printed on VLS3.60 through port UCP-1.  Size in bytes: 6696. Pages printed: 1. No user action is required."
Information	10/5/2019 11:39	Microsoft-Windows-PrintService	307	Printing a document	"Document 38, Print Document owned by fvande01 on \\MESOEL06484 was printed on VLS3.60 through port UCP-1.  Size in bytes: 6632. Pages printed: 1. No user action is required."
Information	10/5/2019 11:39	Microsoft-Windows-PrintService	307	Printing a document	"Document 39, Print Document owned by fvande01 on \\MESOEL06484 was printed on VLS3.60 through port UCP-1.  Size in bytes: 6632. Pages printed: 1. No user action is required."
Information	10/5/2019 11:40	Microsoft-Windows-PrintService	307	Printing a document	"Document 40, Print Document owned by fvande01 on \\MESOEL06484 was printed on VLS3.60 through port UCP-1.  Size in bytes: 10228. Pages printed: 1. No user action is required."
Information	10/5/2019 11:40	Microsoft-Windows-PrintService	307	Printing a document	"Document 41, Print Document owned by fvande01 on \\MESOEL06484 was printed on VLS3.60 through port UCP-1.  Size in bytes: 11152. Pages printed: 1. No user action is required."
Information	10/5/2019 11:43	Microsoft-Windows-PrintService	307	Printing a document	"Document 42, Print Document owned by fvande01 on \\MESOEL06484 was printed on VLS3.60 through port UCP-1.  Size in bytes: 11152. Pages printed: 1. No user action is required."
Information	10/5/2019 11:46	Microsoft-Windows-PrintService	307	Printing a document	"Document 43, Print Document owned by fvande01 on \\MESOEL06484 was printed on VLS3.60 through port UCP-1.  Size in bytes: 2864. Pages printed: 1. No user action is required."
Information	10/5/2019 11:47	Microsoft-Windows-PrintService	307	Printing a document	"Document 44, Print Document owned by fvande01 on \\MESOEL06484 was printed on VLS3.60 through port UCP-1.  Size in bytes: 3216. Pages printed: 1. No user action is required."
Information	10/5/2019 12:01	Microsoft-Windows-PrintService	307	Printing a document	"Document 45, Print Document owned by fvande01 on \\MESOEL06484 was printed on VLS3.60 through port UCP-1.  Size in bytes: 14816. Pages printed: 1. No user action is required."
Information	10/5/2019 12:01	Microsoft-Windows-PrintService	307	Printing a document	"Document 46, Print Document owned by fvande01 on \\MESOEL06484 was printed on VLS3.60 through port UCP-1.  Size in bytes: 14816. Pages printed: 1. No user action is required."
Information	10/5/2019 12:03	Microsoft-Windows-PrintService	307	Printing a document	"Document 47, Print Document owned by fvande01 on \\MESOEL06484 was printed on VLS3.60 through port UCP-1.  Size in bytes: 14816. Pages printed: 1. No user action is required."
Information	10/5/2019 12:05	Microsoft-Windows-PrintService	307	Printing a document	"Document 48, Print Document owned by fvande01 on \\MESOEL06484 was printed on VLS3.60 through port UCP-1.  Size in bytes: 11616. Pages printed: 1. No user action is required."
Information	10/5/2019 12:07	Microsoft-Windows-PrintService	307	Printing a document	"Document 49, Print Document owned by fvande01 on \\MESOEL06484 was printed on VLS3.60 through port UCP-1.  Size in bytes: 15200. Pages printed: 1. No user action is required."
Information	10/5/2019 12:08	Microsoft-Windows-PrintService	307	Printing a document	"Document 50, Print Document owned by fvande01 on \\MESOEL06484 was printed on VLS3.60 through port UCP-1.  Size in bytes: 14304. Pages printed: 1. No user action is required."
Information	10/5/2019 12:30	Microsoft-Windows-PrintService	307	Printing a document	"Document 51, Print Document owned by fvande01 on \\MESOEL06484 was printed on VLS3.60 through port UCP-1.  Size in bytes: 14648. Pages printed: 1. No user action is required."
Information	10/5/2019 15:05	Microsoft-Windows-PrintService	307	Printing a document	"Document 52, Print Document owned by fvande01 on \\MESOEL06484 was printed on VLS3.60 through port UCP-1.  Size in bytes: 14648. Pages printed: 1. No user action is required."
Information	10/5/2019 15:23	Microsoft-Windows-PrintService	307	Printing a document	"Document 53, Print Document owned by fvande01 on \\MESOEL06484 was printed on VLS3.60 through port UCP-1.  Size in bytes: 2000. Pages printed: 1. No user action is required."
Information	10/5/2019 15:34	Microsoft-Windows-PrintService	307	Printing a document	"Document 54, Print Document owned by fvande01 on \\MESOEL06484 was printed on VLS3.60 through port UCP-1.  Size in bytes: 5616. Pages printed: 1. No user action is required."
Information	10/5/2019 16:31	Microsoft-Windows-PrintService	307	Printing a document	"Document 55, Print Document owned by fvande01 on \\MESOEL06484 was printed on VLS3.60 through port UCP-1.  Size in bytes: 8800. Pages printed: 1. No user action is required."
Information	10/5/2019 17:18	Microsoft-Windows-PrintService	307	Printing a document	"Document 56, Print Document owned by fvande01 on \\MESOEL06484 was printed on VLS3.60 through port UCP-1.  Size in bytes: 12672. Pages printed: 1. No user action is required."
Information	10/5/2019 17:19	Microsoft-Windows-PrintService	307	Printing a document	"Document 57, Print Document owned by fvande01 on \\MESOEL06484 was printed on VLS3.60 through port UCP-1.  Size in bytes: 12672. Pages printed: 1. No user action is required."
Information	10/5/2019 17:28	Microsoft-Windows-PrintService	307	Printing a document	"Document 58, Print Document owned by fvande01 on \\MESOEL06484 was printed on VLS3.60 through port UCP-1.  Size in bytes: 13088. Pages printed: 1. No user action is required."
Information	10/5/2019 17:29	Microsoft-Windows-PrintService	307	Printing a document	"Document 59, Print Document owned by fvande01 on \\MESOEL06484 was printed on VLS3.60 through port UCP-1.  Size in bytes: 13088. Pages printed: 1. No user action is required."
Information	10/5/2019 20:04	Microsoft-Windows-PrintService	307	Printing a document	"Document 60, Print Document owned by ywu15 on \\MESOEL06484 was printed on VLS3.60 through port UCP-1.  Size in bytes: 33808. Pages printed: 1. No user action is required."
Information	10/5/2019 20:07	Microsoft-Windows-PrintService	307	Printing a document	"Document 61, Print Document owned by ywu15 on \\MESOEL06484 was printed on VLS3.60 through port UCP-1.  Size in bytes: 6288. Pages printed: 1. No user action is required."
Information	10/5/2019 21:02	Microsoft-Windows-PrintService	307	Printing a document	"Document 62, Print Document owned by ywu15 on \\MESOEL06484 was printed on VLS3.60 through port UCP-1.  Size in bytes: 2824. Pages printed: 1. No user action is required."
Information	10/5/2019 21:07	Microsoft-Windows-PrintService	307	Printing a document	"Document 63, Print Document owned by ywu15 on \\MESOEL06484 was printed on VLS3.60 through port UCP-1.  Size in bytes: 2824. Pages printed: 1. No user action is required."
Information	10/5/2019 21:08	Microsoft-Windows-PrintService	307	Printing a document	"Document 64, Print Document owned by ywu15 on \\MESOEL06484 was printed on VLS3.60 through port UCP-1.  Size in bytes: 5964. Pages printed: 1. No user action is required."
Information	10/5/2019 21:12	Microsoft-Windows-PrintService	307	Printing a document	"Document 65, Print Document owned by ywu15 on \\MESOEL06484 was printed on VLS3.60 through port UCP-1.  Size in bytes: 5964. Pages printed: 1. No user action is required."
Information	10/5/2019 21:15	Microsoft-Windows-PrintService	307	Printing a document	"Document 66, Print Document owned by ywu15 on \\MESOEL06484 was printed on VLS3.60 through port UCP-1.  Size in bytes: 5964. Pages printed: 1. No user action is required."
Information	10/5/2019 21:18	Microsoft-Windows-PrintService	307	Printing a document	"Document 67, Print Document owned by ywu15 on \\MESOEL06484 was printed on VLS3.60 through port UCP-1.  Size in bytes: 5964. Pages printed: 1. No user action is required."
Information	10/5/2019 21:22	Microsoft-Windows-PrintService	307	Printing a document	"Document 68, Print Document owned by ywu15 on \\MESOEL06484 was printed on VLS3.60 through port UCP-1.  Size in bytes: 5964. Pages printed: 1. No user action is required."
Information	10/5/2019 21:25	Microsoft-Windows-PrintService	307	Printing a document	"Document 69, Print Document owned by ywu15 on \\MESOEL06484 was printed on VLS3.60 through port UCP-1.  Size in bytes: 7048. Pages printed: 1. No user action is required."
Information	10/5/2019 21:53	Microsoft-Windows-PrintService	307	Printing a document	"Document 70, Print Document owned by ywu15 on \\MESOEL06484 was printed on VLS3.60 through port UCP-1.  Size in bytes: 7048. Pages printed: 1. No user action is required."
Information	10/5/2019 22:20	Microsoft-Windows-PrintService	307	Printing a document	"Document 71, Print Document owned by ywu15 on \\MESOEL06484 was printed on VLS3.60 through port UCP-1.  Size in bytes: 22248. Pages printed: 1. No user action is required."
Information	10/5/2019 22:42	Microsoft-Windows-PrintService	307	Printing a document	"Document 72, Print Document owned by ywu15 on \\MESOEL06484 was printed on VLS3.60 through port UCP-1.  Size in bytes: 15600. Pages printed: 1. No user action is required."
Information	10/5/2019 22:50	Microsoft-Windows-PrintService	307	Printing a document	"Document 73, Print Document owned by ywu15 on \\MESOEL06484 was printed on VLS3.60 through port UCP-1.  Size in bytes: 6744. Pages printed: 1. No user action is required."
Information	10/5/2019 23:36	Microsoft-Windows-PrintService	307	Printing a document	"Document 74, Print Document owned by ywu15 on \\MESOEL06484 was printed on VLS3.60 through port UCP-1.  Size in bytes: 912. Pages printed: 1. No user action is required."
Information	10/6/2019 0:02	Microsoft-Windows-PrintService	307	Printing a document	"Document 75, Print Document owned by ywu15 on \\MESOEL06484 was printed on VLS3.60 through port UCP-1.  Size in bytes: 10512. Pages printed: 1. No user action is required."
Information	10/6/2019 0:56	Microsoft-Windows-PrintService	307	Printing a document	"Document 76, Print Document owned by ywu15 on \\MESOEL06484 was printed on VLS3.60 through port UCP-1.  Size in bytes: 3952. Pages printed: 1. No user action is required."
Information	10/6/2019 1:51	Microsoft-Windows-PrintService	307	Printing a document	"Document 77, Print Document owned by ywu15 on \\MESOEL06484 was printed on VLS3.60 through port UCP-1.  Size in bytes: 10896. Pages printed: 1. No user action is required."
Information	10/6/2019 1:53	Microsoft-Windows-PrintService	307	Printing a document	"Document 78, Print Document owned by ywu15 on \\MESOEL06484 was printed on VLS3.60 through port UCP-1.  Size in bytes: 10896. Pages printed: 1. No user action is required."
Information	10/6/2019 2:02	Microsoft-Windows-PrintService	307	Printing a document	"Document 79, Print Document owned by ywu15 on \\MESOEL06484 was printed on VLS3.60 through port UCP-1.  Size in bytes: 5280. Pages printed: 1. No user action is required."
Information	10/6/2019 2:20	Microsoft-Windows-PrintService	307	Printing a document	"Document 80, Print Document owned by ywu15 on \\MESOEL06484 was printed on VLS3.60 through port UCP-1.  Size in bytes: 5648. Pages printed: 1. No user action is required."
Information	10/6/2019 2:41	Microsoft-Windows-PrintService	307	Printing a document	"Document 81, Print Document owned by ywu15 on \\MESOEL06484 was printed on VLS3.60 through port UCP-1.  Size in bytes: 656. Pages printed: 1. No user action is required."
Information	10/6/2019 2:50	Microsoft-Windows-PrintService	307	Printing a document	"Document 82, Print Document owned by ywu15 on \\MESOEL06484 was printed on VLS3.60 through port UCP-1.  Size in bytes: 8272. Pages printed: 1. No user action is required."
Information	10/6/2019 2:55	Microsoft-Windows-PrintService	307	Printing a document	"Document 83, Print Document owned by ywu15 on \\MESOEL06484 was printed on VLS3.60 through port UCP-1.  Size in bytes: 4336. Pages printed: 1. No user action is required."
Information	10/6/2019 2:59	Microsoft-Windows-PrintService	307	Printing a document	"Document 84, Print Document owned by ywu15 on \\MESOEL06484 was printed on VLS3.60 through port UCP-1.  Size in bytes: 20080. Pages printed: 1. No user action is required."
Information	10/6/2019 2:59	Microsoft-Windows-PrintService	307	Printing a document	"Document 85, Print Document owned by ywu15 on \\MESOEL06484 was printed on VLS3.60 through port UCP-1.  Size in bytes: 16144. Pages printed: 1. No user action is required."
Information	10/6/2019 3:00	Microsoft-Windows-PrintService	307	Printing a document	"Document 86, Print Document owned by ywu15 on \\MESOEL06484 was printed on VLS3.60 through port UCP-1.  Size in bytes: 12208. Pages printed: 1. No user action is required."
Information	10/6/2019 3:12	Microsoft-Windows-PrintService	307	Printing a document	"Document 87, Print Document owned by ywu15 on \\MESOEL06484 was printed on VLS3.60 through port UCP-1.  Size in bytes: 4336. Pages printed: 1. No user action is required."
Information	10/6/2019 3:27	Microsoft-Windows-PrintService	307	Printing a document	"Document 88, Print Document owned by ywu15 on \\MESOEL06484 was printed on VLS3.60 through port UCP-1.  Size in bytes: 6000. Pages printed: 1. No user action is required."
Information	10/6/2019 3:31	Microsoft-Windows-PrintService	307	Printing a document	"Document 89, Print Document owned by ywu15 on \\MESOEL06484 was printed on VLS3.60 through port UCP-1.  Size in bytes: 6984. Pages printed: 1. No user action is required."
Information	10/6/2019 3:33	Microsoft-Windows-PrintService	307	Printing a document	"Document 90, Print Document owned by ywu15 on \\MESOEL06484 was printed on VLS3.60 through port UCP-1.  Size in bytes: 6736. Pages printed: 1. No user action is required."
Information	10/6/2019 4:05	Microsoft-Windows-PrintService	307	Printing a document	"Document 91, Print Document owned by ywu15 on \\MESOEL06484 was printed on VLS3.60 through port UCP-1.  Size in bytes: 4208. Pages printed: 1. No user action is required."
Information	10/6/2019 5:43	Microsoft-Windows-PrintService	307	Printing a document	"Document 92, Print Document owned by ywu15 on \\MESOEL06484 was printed on VLS3.60 through port UCP-1.  Size in bytes: 198056. Pages printed: 1. No user action is required."
Information	10/6/2019 5:48	Microsoft-Windows-PrintService	307	Printing a document	"Document 93, Print Document owned by ywu15 on \\MESOEL06484 was printed on VLS3.60 through port UCP-1.  Size in bytes: 6012. Pages printed: 1. No user action is required."
Information	10/6/2019 5:48	Microsoft-Windows-PrintService	307	Printing a document	"Document 94, Print Document owned by ywu15 on \\MESOEL06484 was printed on VLS3.60 through port UCP-1.  Size in bytes: 6012. Pages printed: 1. No user action is required."
Information	10/6/2019 5:51	Microsoft-Windows-PrintService	307	Printing a document	"Document 95, Print Document owned by ywu15 on \\MESOEL06484 was printed on VLS3.60 through port UCP-1.  Size in bytes: 1424532. Pages printed: 1. No user action is required."
Information	10/6/2019 6:02	Microsoft-Windows-PrintService	307	Printing a document	"Document 96, Print Document owned by ywu15 on \\MESOEL06484 was printed on VLS3.60 through port UCP-1.  Size in bytes: 307904. Pages printed: 1. No user action is required."
Information	10/6/2019 6:04	Microsoft-Windows-PrintService	307	Printing a document	"Document 97, Print Document owned by ywu15 on \\MESOEL06484 was printed on VLS3.60 through port UCP-1.  Size in bytes: 43880. Pages printed: 1. No user action is required."
Information	10/6/2019 6:04	Microsoft-Windows-PrintService	307	Printing a document	"Document 98, Print Document owned by ywu15 on \\MESOEL06484 was printed on VLS3.60 through port UCP-1.  Size in bytes: 43880. Pages printed: 1. No user action is required."
Information	10/6/2019 6:08	Microsoft-Windows-PrintService	307	Printing a document	"Document 99, Print Document owned by ywu15 on \\MESOEL06484 was printed on VLS3.60 through port UCP-1.  Size in bytes: 67992. Pages printed: 1. No user action is required."
Information	10/6/2019 6:11	Microsoft-Windows-PrintService	307	Printing a document	"Document 100, Print Document owned by ywu15 on \\MESOEL06484 was printed on VLS3.60 through port UCP-1.  Size in bytes: 21600. Pages printed: 1. No user action is required."
Information	10/6/2019 6:34	Microsoft-Windows-PrintService	307	Printing a document	"Document 101, Print Document owned by ywu15 on \\MESOEL06484 was printed on VLS3.60 through port UCP-1.  Size in bytes: 8496. Pages printed: 1. No user action is required."
Information	10/6/2019 6:39	Microsoft-Windows-PrintService	307	Printing a document	"Document 102, Print Document owned by ywu15 on \\MESOEL06484 was printed on VLS3.60 through port UCP-1.  Size in bytes: 5184. Pages printed: 1. No user action is required."
Information	10/6/2019 6:44	Microsoft-Windows-PrintService	307	Printing a document	"Document 103, Print Document owned by ywu15 on \\MESOEL06484 was printed on VLS3.60 through port UCP-1.  Size in bytes: 8496. Pages printed: 1. No user action is required."
Information	10/6/2019 7:00	Microsoft-Windows-PrintService	307	Printing a document	"Document 104, Print Document owned by ywu15 on \\MESOEL06484 was printed on VLS3.60 through port UCP-1.  Size in bytes: 5432. Pages printed: 1. No user action is required."
Information	10/6/2019 7:02	Microsoft-Windows-PrintService	307	Printing a document	"Document 105, Print Document owned by ywu15 on \\MESOEL06484 was printed on VLS3.60 through port UCP-1.  Size in bytes: 4880. Pages printed: 1. No user action is required."
Information	10/6/2019 7:03	Microsoft-Windows-PrintService	307	Printing a document	"Document 106, Print Document owned by ywu15 on \\MESOEL06484 was printed on VLS3.60 through port UCP-1.  Size in bytes: 5064. Pages printed: 1. No user action is required."
Information	10/6/2019 7:05	Microsoft-Windows-PrintService	307	Printing a document	"Document 107, Print Document owned by ywu15 on \\MESOEL06484 was printed on VLS3.60 through port UCP-1.  Size in bytes: 5064. Pages printed: 1. No user action is required."
Information	10/6/2019 7:06	Microsoft-Windows-PrintService	307	Printing a document	"Document 108, Print Document owned by ywu15 on \\MESOEL06484 was printed on VLS3.60 through port UCP-1.  Size in bytes: 5064. Pages printed: 1. No user action is required."
Information	10/6/2019 7:07	Microsoft-Windows-PrintService	307	Printing a document	"Document 109, Print Document owned by ywu15 on \\MESOEL06484 was printed on VLS3.60 through port UCP-1.  Size in bytes: 5616. Pages printed: 1. No user action is required."
Information	10/6/2019 7:11	Microsoft-Windows-PrintService	307	Printing a document	"Document 110, Print Document owned by ywu15 on \\MESOEL06484 was printed on VLS3.60 through port UCP-1.  Size in bytes: 11168. Pages printed: 1. No user action is required."
Information	10/6/2019 7:40	Microsoft-Windows-PrintService	307	Printing a document	"Document 111, Print Document owned by ywu15 on \\MESOEL06484 was printed on VLS3.60 through port UCP-1.  Size in bytes: 2564. Pages printed: 1. No user action is required."
Information	10/6/2019 8:18	Microsoft-Windows-PrintService	307	Printing a document	"Document 112, Print Document owned by ywu15 on \\MESOEL06484 was printed on VLS3.60 through port UCP-1.  Size in bytes: 2240. Pages printed: 1. No user action is required."
Information	10/6/2019 10:56	Microsoft-Windows-PrintService	307	Printing a document	"Document 113, Print Document owned by dbekai01 on \\MESOEL06484 was printed on VLS3.60 through port UCP-1.  Size in bytes: 14648. Pages printed: 1. No user action is required."
Information	10/6/2019 10:58	Microsoft-Windows-PrintService	307	Printing a document	"Document 114, Print Document owned by dbekai01 on \\MESOEL06484 was printed on VLS3.60 through port UCP-1.  Size in bytes: 14648. Pages printed: 1. No user action is required."
Information	10/6/2019 11:00	Microsoft-Windows-PrintService	307	Printing a document	"Document 115, Print Document owned by dbekai01 on \\MESOEL06484 was printed on VLS3.60 through port UCP-1.  Size in bytes: 14648. Pages printed: 1. No user action is required."
Information	10/6/2019 13:19	Microsoft-Windows-PrintService	307	Printing a document	"Document 116, Print Document owned by nbatze01 on \\MESOEL06484 was printed on S-1-5-21-1371027701-2112946977-538272213-231189:OneNote through port Microsoft.Office.OneNote_16001.12026.20112.0_x64__8wekyb3d8bbwe_microsoft.onenoteim_S-1-5-21-1371027701-2112946977-538272213-231189.  Size in bytes: 15231. Pages printed: 1. No user action is required."
Information	10/6/2019 13:24	Microsoft-Windows-PrintService	307	Printing a document	"Document 117, Print Document owned by nbatze01 on \\MESOEL06484 was printed on VLS3.60 through port UCP-1.  Size in bytes: 15792. Pages printed: 1. No user action is required."
Information	10/6/2019 13:52	Microsoft-Windows-PrintService	307	Printing a document	"Document 118, Print Document owned by stalwa01 on \\MESOEL06484 was printed on VLS3.60 through port UCP-1.  Size in bytes: 40716. Pages printed: 1. No user action is required."
Information	10/6/2019 13:53	Microsoft-Windows-PrintService	307	Printing a document	"Document 119, Print Document owned by stalwa01 on \\MESOEL06484 was printed on VLS3.60 through port UCP-1.  Size in bytes: 23312. Pages printed: 1. No user action is required."
Information	10/6/2019 13:54	Microsoft-Windows-PrintService	307	Printing a document	"Document 120, Print Document owned by stalwa01 on \\MESOEL06484 was printed on VLS3.60 through port UCP-1.  Size in bytes: 23496. Pages printed: 1. No user action is required."
Information	10/6/2019 13:55	Microsoft-Windows-PrintService	307	Printing a document	"Document 121, Print Document owned by stalwa01 on \\MESOEL06484 was printed on VLS3.60 through port UCP-1.  Size in bytes: 42640. Pages printed: 1. No user action is required."
Information	10/6/2019 13:57	Microsoft-Windows-PrintService	307	Printing a document	"Document 122, Print Document owned by stalwa01 on \\MESOEL06484 was printed on VLS3.60 through port UCP-1.  Size in bytes: 42640. Pages printed: 1. No user action is required."
Information	10/6/2019 13:58	Microsoft-Windows-PrintService	307	Printing a document	"Document 123, Print Document owned by stalwa01 on \\MESOEL06484 was printed on VLS3.60 through port UCP-1.  Size in bytes: 42640. Pages printed: 1. No user action is required."
Information	10/6/2019 13:59	Microsoft-Windows-PrintService	307	Printing a document	"Document 124, Print Document owned by stalwa01 on \\MESOEL06484 was printed on VLS3.60 through port UCP-1.  Size in bytes: 42640. Pages printed: 1. No user action is required."
Information	10/6/2019 14:00	Microsoft-Windows-PrintService	307	Printing a document	"Document 125, Print Document owned by stalwa01 on \\MESOEL06484 was printed on VLS3.60 through port UCP-1.  Size in bytes: 26176. Pages printed: 1. No user action is required."
Information	10/6/2019 14:02	Microsoft-Windows-PrintService	307	Printing a document	"Document 126, Print Document owned by stalwa01 on \\MESOEL06484 was printed on VLS3.60 through port UCP-1.  Size in bytes: 42640. Pages printed: 1. No user action is required."
Information	10/6/2019 14:04	Microsoft-Windows-PrintService	307	Printing a document	"Document 127, Print Document owned by stalwa01 on \\MESOEL06484 was printed on VLS3.60 through port UCP-1.  Size in bytes: 42640. Pages printed: 1. No user action is required."
