Information	2/7/2020 18:31	Microsoft-Windows-PrintService	307	Printing a document	"Document 39, Print Document owned by jnolan02 on \\MESOEL06484 was printed on VLS3.60 through port UCP-1.  Size in bytes: 784. Pages printed: 1. No user action is required."
Information	2/7/2020 18:35	Microsoft-Windows-PrintService	307	Printing a document	"Document 40, Print Document owned by jnolan02 on \\MESOEL06484 was printed on VLS3.60 through port UCP-1.  Size in bytes: 784. Pages printed: 1. No user action is required."
Information	2/7/2020 18:38	Microsoft-Windows-PrintService	307	Printing a document	"Document 41, Print Document owned by jnolan02 on \\MESOEL06484 was printed on VLS3.60 through port UCP-1.  Size in bytes: 784. Pages printed: 1. No user action is required."
Information	2/7/2020 18:41	Microsoft-Windows-PrintService	307	Printing a document	"Document 42, Print Document owned by jnolan02 on \\MESOEL06484 was printed on VLS3.60 through port UCP-1.  Size in bytes: 784. Pages printed: 1. No user action is required."
Information	2/8/2020 14:36	Microsoft-Windows-PrintService	307	Printing a document	"Document 43, Print Document owned by jnolan02 on \\MESOEL06484 was printed on VLS3.60 through port UCP-1.  Size in bytes: 27488. Pages printed: 1. No user action is required."
Information	2/8/2020 15:17	Microsoft-Windows-PrintService	307	Printing a document	"Document 44, Print Document owned by jnolan02 on \\MESOEL06484 was printed on VLS3.60 through port UCP-1.  Size in bytes: 132504. Pages printed: 1. No user action is required."
Information	2/9/2020 11:00	Microsoft-Windows-PrintService	307	Printing a document	"Document 45, Print Document owned by jnolan02 on \\MESOEL06484 was printed on VLS3.60 through port UCP-1.  Size in bytes: 2760. Pages printed: 1. No user action is required."
Information	2/9/2020 11:00	Microsoft-Windows-PrintService	307	Printing a document	"Document 46, Print Document owned by jnolan02 on \\MESOEL06484 was printed on VLS3.60 through port UCP-1.  Size in bytes: 2760. Pages printed: 1. No user action is required."
Information	2/9/2020 11:28	Microsoft-Windows-PrintService	307	Printing a document	"Document 47, Print Document owned by jnolan02 on \\MESOEL06484 was printed on VLS3.60 through port UCP-1.  Size in bytes: 3176. Pages printed: 1. No user action is required."
Information	2/9/2020 15:00	Microsoft-Windows-PrintService	307	Printing a document	"Document 48, Print Document owned by jnolan02 on \\MESOEL06484 was printed on VLS3.60 through port UCP-1.  Size in bytes: 3176. Pages printed: 1. No user action is required."
Information	2/9/2020 16:01	Microsoft-Windows-PrintService	307	Printing a document	"Document 49, Print Document owned by jnolan02 on \\MESOEL06484 was printed on VLS3.60 through port UCP-1.  Size in bytes: 132136. Pages printed: 1. No user action is required."
Information	2/9/2020 16:14	Microsoft-Windows-PrintService	307	Printing a document	"Document 50, Print Document owned by jnolan02 on \\MESOEL06484 was printed on VLS3.60 through port UCP-1.  Size in bytes: 132136. Pages printed: 1. No user action is required."
Information	2/9/2020 16:15	Microsoft-Windows-PrintService	307	Printing a document	"Document 51, Print Document owned by jnolan02 on \\MESOEL06484 was printed on VLS3.60 through port UCP-1.  Size in bytes: 132820. Pages printed: 1. No user action is required."
Information	2/9/2020 18:52	Microsoft-Windows-PrintService	307	Printing a document	"Document 52, Print Document owned by jnolan02 on \\MESOEL06484 was printed on VLS3.60 through port UCP-1.  Size in bytes: 380912. Pages printed: 1. No user action is required."
Information	2/9/2020 18:59	Microsoft-Windows-PrintService	307	Printing a document	"Document 53, Print Document owned by jnolan02 on \\MESOEL06484 was printed on VLS3.60 through port UCP-1.  Size in bytes: 6880. Pages printed: 1. No user action is required."
Information	2/9/2020 19:16	Microsoft-Windows-PrintService	307	Printing a document	"Document 54, Print Document owned by jnolan02 on \\MESOEL06484 was printed on VLS3.60 through port UCP-1.  Size in bytes: 16864. Pages printed: 1. No user action is required."
Information	2/9/2020 19:30	Microsoft-Windows-PrintService	307	Printing a document	"Document 55, Print Document owned by jnolan02 on \\MESOEL06484 was printed on VLS3.60 through port UCP-1.  Size in bytes: 6880. Pages printed: 1. No user action is required."
Information	2/9/2020 19:30	Microsoft-Windows-PrintService	307	Printing a document	"Document 56, Print Document owned by jnolan02 on \\MESOEL06484 was printed on VLS3.60 through port UCP-1.  Size in bytes: 6880. Pages printed: 1. No user action is required."
Information	2/9/2020 19:45	Microsoft-Windows-PrintService	307	Printing a document	"Document 57, Print Document owned by jnolan02 on \\MESOEL06484 was printed on VLS3.60 through port UCP-1.  Size in bytes: 1296. Pages printed: 1. No user action is required."
Information	2/9/2020 19:52	Microsoft-Windows-PrintService	307	Printing a document	"Document 58, Print Document owned by jnolan02 on \\MESOEL06484 was printed on VLS3.60 through port UCP-1.  Size in bytes: 1824. Pages printed: 1. No user action is required."
Information	2/9/2020 20:04	Microsoft-Windows-PrintService	307	Printing a document	"Document 59, Print Document owned by jnolan02 on \\MESOEL06484 was printed on VLS3.60 through port UCP-1.  Size in bytes: 1824. Pages printed: 1. No user action is required."
Information	2/9/2020 20:09	Microsoft-Windows-PrintService	307	Printing a document	"Document 60, Print Document owned by jnolan02 on \\MESOEL06484 was printed on VLS3.60 through port UCP-1.  Size in bytes: 2144. Pages printed: 1. No user action is required."
Information	2/9/2020 20:10	Microsoft-Windows-PrintService	307	Printing a document	"Document 61, Print Document owned by jnolan02 on \\MESOEL06484 was printed on VLS3.60 through port UCP-1.  Size in bytes: 1184. Pages printed: 1. No user action is required."
Information	2/9/2020 20:17	Microsoft-Windows-PrintService	307	Printing a document	"Document 62, Print Document owned by jnolan02 on \\MESOEL06484 was printed on VLS3.60 through port UCP-1.  Size in bytes: 1952. Pages printed: 1. No user action is required."
Information	2/9/2020 20:26	Microsoft-Windows-PrintService	307	Printing a document	"Document 63, Print Document owned by jnolan02 on \\MESOEL06484 was printed on VLS3.60 through port UCP-1.  Size in bytes: 1200. Pages printed: 1. No user action is required."
Information	2/9/2020 20:32	Microsoft-Windows-PrintService	307	Printing a document	"Document 64, Print Document owned by jnolan02 on \\MESOEL06484 was printed on VLS3.60 through port UCP-1.  Size in bytes: 1296. Pages printed: 1. No user action is required."
Information	2/9/2020 20:42	Microsoft-Windows-PrintService	307	Printing a document	"Document 65, Print Document owned by jnolan02 on \\MESOEL06484 was printed on VLS3.60 through port UCP-1.  Size in bytes: 1296. Pages printed: 1. No user action is required."
Information	2/9/2020 20:52	Microsoft-Windows-PrintService	307	Printing a document	"Document 66, Print Document owned by jnolan02 on \\MESOEL06484 was printed on VLS3.60 through port UCP-1.  Size in bytes: 3984. Pages printed: 1. No user action is required."
Information	2/9/2020 21:09	Microsoft-Windows-PrintService	307	Printing a document	"Document 67, Print Document owned by jnolan02 on \\MESOEL06484 was printed on VLS3.60 through port UCP-1.  Size in bytes: 1200. Pages printed: 1. No user action is required."
Information	2/9/2020 21:40	Microsoft-Windows-PrintService	307	Printing a document	"Document 68, Print Document owned by jnolan02 on \\MESOEL06484 was printed on VLS3.60 through port UCP-1.  Size in bytes: 752. Pages printed: 1. No user action is required."
Information	2/9/2020 21:45	Microsoft-Windows-PrintService	307	Printing a document	"Document 69, Print Document owned by jnolan02 on \\MESOEL06484 was printed on VLS3.60 through port UCP-1.  Size in bytes: 752. Pages printed: 1. No user action is required."
Information	2/9/2020 21:49	Microsoft-Windows-PrintService	307	Printing a document	"Document 70, Print Document owned by jnolan02 on \\MESOEL06484 was printed on VLS3.60 through port UCP-1.  Size in bytes: 752. Pages printed: 1. No user action is required."
Information	2/9/2020 22:06	Microsoft-Windows-PrintService	307	Printing a document	"Document 71, Print Document owned by jnolan02 on \\MESOEL06484 was printed on VLS3.60 through port UCP-1.  Size in bytes: 1104. Pages printed: 1. No user action is required."
Information	2/10/2020 10:21	Microsoft-Windows-PrintService	307	Printing a document	"Document 72, Print Document owned by jnolan02 on \\MESOEL06484 was printed on VLS3.60 through port UCP-1.  Size in bytes: 264240. Pages printed: 1. No user action is required."
Information	2/10/2020 11:58	Microsoft-Windows-PrintService	307	Printing a document	"Document 73, Print Document owned by jnolan02 on \\MESOEL06484 was printed on VLS3.60 through port UCP-1.  Size in bytes: 5524. Pages printed: 1. No user action is required."
Information	2/10/2020 12:02	Microsoft-Windows-PrintService	307	Printing a document	"Document 74, Print Document owned by jnolan02 on \\MESOEL06484 was printed on VLS3.60 through port UCP-1.  Size in bytes: 3552. Pages printed: 1. No user action is required."
Information	2/10/2020 12:14	Microsoft-Windows-PrintService	307	Printing a document	"Document 75, Print Document owned by jnolan02 on \\MESOEL06484 was printed on VLS3.60 through port UCP-1.  Size in bytes: 7744. Pages printed: 1. No user action is required."
Information	2/10/2020 12:20	Microsoft-Windows-PrintService	307	Printing a document	"Document 76, Print Document owned by jnolan02 on \\MESOEL06484 was printed on VLS3.60 through port UCP-1.  Size in bytes: 2440. Pages printed: 1. No user action is required."
Information	2/10/2020 13:31	Microsoft-Windows-PrintService	307	Printing a document	"Document 77, Print Document owned by jnolan02 on \\MESOEL06484 was printed on VLS3.60 through port UCP-1.  Size in bytes: 809492. Pages printed: 1. No user action is required."
Information	2/10/2020 13:32	Microsoft-Windows-PrintService	307	Printing a document	"Document 78, Print Document owned by jnolan02 on \\MESOEL06484 was printed on VLS3.60 through port UCP-1.  Size in bytes: 809492. Pages printed: 1. No user action is required."
Information	2/10/2020 14:10	Microsoft-Windows-PrintService	307	Printing a document	"Document 79, Print Document owned by jnolan02 on \\MESOEL06484 was printed on VLS3.60 through port UCP-1.  Size in bytes: 445884. Pages printed: 1. No user action is required."
Information	2/10/2020 14:16	Microsoft-Windows-PrintService	307	Printing a document	"Document 80, Print Document owned by jnolan02 on \\MESOEL06484 was printed on VLS3.60 through port UCP-1.  Size in bytes: 255932. Pages printed: 1. No user action is required."
Information	2/10/2020 14:18	Microsoft-Windows-PrintService	307	Printing a document	"Document 81, Print Document owned by jnolan02 on \\MESOEL06484 was printed on VLS3.60 through port UCP-1.  Size in bytes: 137148. Pages printed: 1. No user action is required."
Information	2/10/2020 14:21	Microsoft-Windows-PrintService	307	Printing a document	"Document 82, Print Document owned by jnolan02 on \\MESOEL06484 was printed on VLS3.60 through port UCP-1.  Size in bytes: 84412. Pages printed: 1. No user action is required."
Information	2/10/2020 14:32	Microsoft-Windows-PrintService	307	Printing a document	"Document 83, Print Document owned by jnolan02 on \\MESOEL06484 was printed on VLS3.60 through port UCP-1.  Size in bytes: 446044. Pages printed: 1. No user action is required."
Information	2/10/2020 14:35	Microsoft-Windows-PrintService	307	Printing a document	"Document 84, Print Document owned by jnolan02 on \\MESOEL06484 was printed on VLS3.60 through port UCP-1.  Size in bytes: 445884. Pages printed: 1. No user action is required."
Information	2/10/2020 14:43	Microsoft-Windows-PrintService	307	Printing a document	"Document 85, Print Document owned by jnolan02 on \\MESOEL06484 was printed on VLS3.60 through port UCP-1.  Size in bytes: 167460. Pages printed: 1. No user action is required."
Information	2/10/2020 15:28	Microsoft-Windows-PrintService	307	Printing a document	"Document 86, Print Document owned by jnolan02 on \\MESOEL06484 was printed on VLS3.60 through port UCP-1.  Size in bytes: 2404. Pages printed: 1. No user action is required."
Information	2/10/2020 15:49	Microsoft-Windows-PrintService	307	Printing a document	"Document 87, Print Document owned by jnolan02 on \\MESOEL06484 was printed on VLS3.60 through port UCP-1.  Size in bytes: 2684. Pages printed: 1. No user action is required."
Information	2/10/2020 15:51	Microsoft-Windows-PrintService	307	Printing a document	"Document 88, Print Document owned by jnolan02 on \\MESOEL06484 was printed on VLS3.60 through port UCP-1.  Size in bytes: 6032. Pages printed: 1. No user action is required."
Information	2/10/2020 15:51	Microsoft-Windows-PrintService	307	Printing a document	"Document 89, Print Document owned by jnolan02 on \\MESOEL06484 was printed on VLS3.60 through port UCP-1.  Size in bytes: 6032. Pages printed: 1. No user action is required."
Information	2/10/2020 16:25	Microsoft-Windows-PrintService	307	Printing a document	"Document 90, Print Document owned by jnolan02 on \\MESOEL06484 was printed on VLS3.60 through port UCP-1.  Size in bytes: 75280. Pages printed: 1. No user action is required."
Information	2/10/2020 17:32	Microsoft-Windows-PrintService	307	Printing a document	"Document 91, Print Document owned by jnolan02 on \\MESOEL06484 was printed on VLS3.60 through port UCP-1.  Size in bytes: 7920. Pages printed: 1. No user action is required."
Information	2/10/2020 17:36	Microsoft-Windows-PrintService	307	Printing a document	"Document 92, Print Document owned by jnolan02 on \\MESOEL06484 was printed on VLS3.60 through port UCP-1.  Size in bytes: 7920. Pages printed: 1. No user action is required."
Information	2/10/2020 17:38	Microsoft-Windows-PrintService	307	Printing a document	"Document 93, Print Document owned by jnolan02 on \\MESOEL06484 was printed on VLS3.60 through port UCP-1.  Size in bytes: 7920. Pages printed: 1. No user action is required."
Information	2/10/2020 18:18	Microsoft-Windows-PrintService	307	Printing a document	"Document 94, Print Document owned by jnolan02 on \\MESOEL06484 was printed on VLS3.60 through port UCP-1.  Size in bytes: 14820644. Pages printed: 1. No user action is required."
Information	2/10/2020 18:20	Microsoft-Windows-PrintService	307	Printing a document	"Document 95, Print Document owned by jnolan02 on \\MESOEL06484 was printed on VLS3.60 through port UCP-1.  Size in bytes: 14820644. Pages printed: 1. No user action is required."
Information	2/10/2020 18:21	Microsoft-Windows-PrintService	307	Printing a document	"Document 96, Print Document owned by jnolan02 on \\MESOEL06484 was printed on VLS3.60 through port UCP-1.  Size in bytes: 14646200. Pages printed: 1. No user action is required."
Information	2/10/2020 18:24	Microsoft-Windows-PrintService	307	Printing a document	"Document 97, Print Document owned by jnolan02 on \\MESOEL06484 was printed on VLS3.60 through port UCP-1.  Size in bytes: 14822600. Pages printed: 1. No user action is required."
Information	2/10/2020 18:24	Microsoft-Windows-PrintService	307	Printing a document	"Document 98, Print Document owned by jnolan02 on \\MESOEL06484 was printed on VLS3.60 through port UCP-1.  Size in bytes: 14822600. Pages printed: 1. No user action is required."
Information	2/10/2020 18:26	Microsoft-Windows-PrintService	307	Printing a document	"Document 99, Print Document owned by jnolan02 on \\MESOEL06484 was printed on VLS3.60 through port UCP-1.  Size in bytes: 14822852. Pages printed: 1. No user action is required."
Information	2/10/2020 18:33	Microsoft-Windows-PrintService	307	Printing a document	"Document 100, Print Document owned by jnolan02 on \\MESOEL06484 was printed on VLS3.60 through port UCP-1.  Size in bytes: 14822372. Pages printed: 1. No user action is required."
Information	2/10/2020 18:36	Microsoft-Windows-PrintService	307	Printing a document	"Document 101, Print Document owned by jnolan02 on \\MESOEL06484 was printed on VLS3.60 through port UCP-1.  Size in bytes: 14822464. Pages printed: 1. No user action is required."
Information	2/10/2020 18:37	Microsoft-Windows-PrintService	307	Printing a document	"Document 102, Print Document owned by jnolan02 on \\MESOEL06484 was printed on VLS3.60 through port UCP-1.  Size in bytes: 14822464. Pages printed: 1. No user action is required."
Information	2/10/2020 18:41	Microsoft-Windows-PrintService	307	Printing a document	"Document 103, Print Document owned by jnolan02 on \\MESOEL06484 was printed on VLS3.60 through port UCP-1.  Size in bytes: 14822312. Pages printed: 1. No user action is required."
Information	2/10/2020 18:44	Microsoft-Windows-PrintService	307	Printing a document	"Document 104, Print Document owned by jnolan02 on \\MESOEL06484 was printed on VLS3.60 through port UCP-1.  Size in bytes: 11030096. Pages printed: 1. No user action is required."
Information	2/10/2020 18:44	Microsoft-Windows-PrintService	307	Printing a document	"Document 105, Print Document owned by jnolan02 on \\MESOEL06484 was printed on VLS3.60 through port UCP-1.  Size in bytes: 11030096. Pages printed: 1. No user action is required."
Information	2/10/2020 18:45	Microsoft-Windows-PrintService	307	Printing a document	"Document 106, Print Document owned by jnolan02 on \\MESOEL06484 was printed on VLS3.60 through port UCP-1.  Size in bytes: 11030168. Pages printed: 1. No user action is required."
Information	2/10/2020 18:45	Microsoft-Windows-PrintService	307	Printing a document	"Document 107, Print Document owned by jnolan02 on \\MESOEL06484 was printed on VLS3.60 through port UCP-1.  Size in bytes: 11030168. Pages printed: 1. No user action is required."
Information	2/10/2020 18:47	Microsoft-Windows-PrintService	307	Printing a document	"Document 108, Print Document owned by jnolan02 on \\MESOEL06484 was printed on VLS3.60 through port UCP-1.  Size in bytes: 11047328. Pages printed: 1. No user action is required."
Information	2/10/2020 19:21	Microsoft-Windows-PrintService	307	Printing a document	"Document 109, Print Document owned by jnolan02 on \\MESOEL06484 was printed on VLS3.60 through port UCP-1.  Size in bytes: 33728. Pages printed: 1. No user action is required."
Information	2/10/2020 19:28	Microsoft-Windows-PrintService	307	Printing a document	"Document 110, Print Document owned by jnolan02 on \\MESOEL06484 was printed on VLS3.60 through port UCP-1.  Size in bytes: 132688. Pages printed: 1. No user action is required."
Information	2/10/2020 20:10	Microsoft-Windows-PrintService	307	Printing a document	"Document 111, Print Document owned by jnolan02 on \\MESOEL06484 was printed on VLS3.60 through port UCP-1.  Size in bytes: 3176. Pages printed: 1. No user action is required."
Information	2/10/2020 20:14	Microsoft-Windows-PrintService	307	Printing a document	"Document 112, Print Document owned by jnolan02 on \\MESOEL06484 was printed on VLS3.60 through port UCP-1.  Size in bytes: 3176. Pages printed: 1. No user action is required."
Information	2/10/2020 23:30	Microsoft-Windows-PrintService	307	Printing a document	"Document 113, Print Document owned by jnolan02 on \\MESOEL06484 was printed on VLS3.60 through port UCP-1.  Size in bytes: 270344. Pages printed: 1. No user action is required."
Information	2/11/2020 1:34	Microsoft-Windows-PrintService	307	Printing a document	"Document 114, Print Document owned by jnolan02 on \\MESOEL06484 was printed on VLS3.60 through port UCP-1.  Size in bytes: 58096. Pages printed: 1. No user action is required."
Information	2/11/2020 1:37	Microsoft-Windows-PrintService	307	Printing a document	"Document 115, Print Document owned by jnolan02 on \\MESOEL06484 was printed on VLS3.60 through port UCP-1.  Size in bytes: 72520. Pages printed: 1. No user action is required."
Information	2/11/2020 1:48	Microsoft-Windows-PrintService	307	Printing a document	"Document 116, Print Document owned by jnolan02 on \\MESOEL06484 was printed on VLS3.60 through port UCP-1.  Size in bytes: 8584. Pages printed: 1. No user action is required."
Information	2/11/2020 1:58	Microsoft-Windows-PrintService	307	Printing a document	"Document 117, Print Document owned by jnolan02 on \\MESOEL06484 was printed on VLS3.60 through port UCP-1.  Size in bytes: 50896. Pages printed: 1. No user action is required."
Information	2/11/2020 2:10	Microsoft-Windows-PrintService	307	Printing a document	"Document 118, Print Document owned by jnolan02 on \\MESOEL06484 was printed on VLS3.60 through port UCP-1.  Size in bytes: 21168. Pages printed: 1. No user action is required."
Information	2/11/2020 2:14	Microsoft-Windows-PrintService	307	Printing a document	"Document 119, Print Document owned by jnolan02 on \\MESOEL06484 was printed on VLS3.60 through port UCP-1.  Size in bytes: 15184. Pages printed: 1. No user action is required."
Information	2/11/2020 2:30	Microsoft-Windows-PrintService	307	Printing a document	"Document 120, Print Document owned by jnolan02 on \\MESOEL06484 was printed on VLS3.60 through port UCP-1.  Size in bytes: 21168. Pages printed: 1. No user action is required."
Information	2/11/2020 2:34	Microsoft-Windows-PrintService	307	Printing a document	"Document 121, Print Document owned by jnolan02 on \\MESOEL06484 was printed on VLS3.60 through port UCP-1.  Size in bytes: 1936. Pages printed: 1. No user action is required."
Information	2/11/2020 2:37	Microsoft-Windows-PrintService	307	Printing a document	"Document 122, Print Document owned by jnolan02 on \\MESOEL06484 was printed on VLS3.60 through port UCP-1.  Size in bytes: 1936. Pages printed: 1. No user action is required."
Information	2/11/2020 3:02	Microsoft-Windows-PrintService	307	Printing a document	"Document 123, Print Document owned by jnolan02 on \\MESOEL06484 was printed on VLS3.60 through port UCP-1.  Size in bytes: 12128. Pages printed: 1. No user action is required."
Information	2/11/2020 15:39	Microsoft-Windows-PrintService	307	Printing a document	"Document 124, Print Document owned by jnolan02 on \\MESOEL06484 was printed on VLS3.60 through port UCP-1.  Size in bytes: 1496. Pages printed: 1. No user action is required."
Information	2/11/2020 15:40	Microsoft-Windows-PrintService	307	Printing a document	"Document 125, Print Document owned by jnolan02 on \\MESOEL06484 was printed on VLS3.60 through port UCP-1.  Size in bytes: 1256. Pages printed: 1. No user action is required."
Information	2/11/2020 15:41	Microsoft-Windows-PrintService	307	Printing a document	"Document 126, Print Document owned by jnolan02 on \\MESOEL06484 was printed on VLS3.60 through port UCP-1.  Size in bytes: 1744. Pages printed: 1. No user action is required."
Information	2/11/2020 16:56	Microsoft-Windows-PrintService	307	Printing a document	"Document 127, Print Document owned by jnolan02 on \\MESOEL06484 was printed on VLS3.60 through port UCP-1.  Size in bytes: 733220. Pages printed: 1. No user action is required."
Information	2/11/2020 17:46	Microsoft-Windows-PrintService	307	Printing a document	"Document 128, Print Document owned by jnolan02 on \\MESOEL06484 was printed on VLS3.60 through port UCP-1.  Size in bytes: 829540. Pages printed: 1. No user action is required."
Information	2/11/2020 18:11	Microsoft-Windows-PrintService	307	Printing a document	"Document 129, Print Document owned by jnolan02 on \\MESOEL06484 was printed on VLS3.60 through port UCP-1.  Size in bytes: 604. Pages printed: 1. No user action is required."
Information	2/11/2020 18:29	Microsoft-Windows-PrintService	307	Printing a document	"Document 130, Print Document owned by jnolan02 on \\MESOEL06484 was printed on VLS3.60 through port UCP-1.  Size in bytes: 11728. Pages printed: 1. No user action is required."
Information	2/11/2020 20:15	Microsoft-Windows-PrintService	307	Printing a document	"Document 131, Print Document owned by jnolan02 on \\MESOEL06484 was printed on VLS3.60 through port UCP-1.  Size in bytes: 42192. Pages printed: 1. No user action is required."
Information	2/11/2020 20:15	Microsoft-Windows-PrintService	307	Printing a document	"Document 132, Print Document owned by jnolan02 on \\MESOEL06484 was printed on VLS3.60 through port UCP-1.  Size in bytes: 42460. Pages printed: 1. No user action is required."
Information	2/11/2020 20:17	Microsoft-Windows-PrintService	307	Printing a document	"Document 133, Print Document owned by jnolan02 on \\MESOEL06484 was printed on VLS3.60 through port UCP-1.  Size in bytes: 42460. Pages printed: 1. No user action is required."
Information	2/11/2020 20:38	Microsoft-Windows-PrintService	307	Printing a document	"Document 134, Print Document owned by jnolan02 on \\MESOEL06484 was printed on VLS3.60 through port UCP-1.  Size in bytes: 21472. Pages printed: 1. No user action is required."
Information	2/11/2020 20:39	Microsoft-Windows-PrintService	307	Printing a document	"Document 135, Print Document owned by jnolan02 on \\MESOEL06484 was printed on VLS3.60 through port UCP-1.  Size in bytes: 21724. Pages printed: 1. No user action is required."
Information	2/11/2020 20:40	Microsoft-Windows-PrintService	307	Printing a document	"Document 136, Print Document owned by jnolan02 on \\MESOEL06484 was printed on VLS3.60 through port UCP-1.  Size in bytes: 21472. Pages printed: 1. No user action is required."
Information	2/11/2020 20:42	Microsoft-Windows-PrintService	307	Printing a document	"Document 137, Print Document owned by jnolan02 on \\MESOEL06484 was printed on VLS3.60 through port UCP-1.  Size in bytes: 21472. Pages printed: 1. No user action is required."
Information	2/11/2020 21:49	Microsoft-Windows-PrintService	307	Printing a document	"Document 138, Print Document owned by jnolan02 on \\MESOEL06484 was printed on VLS3.60 through port UCP-1.  Size in bytes: 52360. Pages printed: 1. No user action is required."
Information	2/12/2020 13:47	Microsoft-Windows-PrintService	307	Printing a document	"Document 139, Print Document owned by jnolan02 on \\MESOEL06484 was printed on VLS3.60 through port UCP-1.  Size in bytes: 6656. Pages printed: 1. No user action is required."
Information	2/12/2020 22:47	Microsoft-Windows-PrintService	307	Printing a document	"Document 140, Print Document owned by ttashi01 on \\MESOEL06484 was printed on VLS3.60 through port UCP-1.  Size in bytes: 1536. Pages printed: 1. No user action is required."
Information	2/13/2020 11:55	Microsoft-Windows-PrintService	307	Printing a document	"Document 141, Print Document owned by ttashi01 on \\MESOEL06484 was printed on VLS3.60 through port UCP-1.  Size in bytes: 5968. Pages printed: 1. No user action is required."
Information	2/13/2020 13:50	Microsoft-Windows-PrintService	307	Printing a document	"Document 142, Print Document owned by ttashi01 on \\MESOEL06484 was printed on VLS3.60 through port UCP-1.  Size in bytes: 5808. Pages printed: 1. No user action is required."
Information	2/13/2020 14:32	Microsoft-Windows-PrintService	307	Printing a document	"Document 143, Print Document owned by ttashi01 on \\MESOEL06484 was printed on VLS3.60 through port UCP-1.  Size in bytes: 7808. Pages printed: 1. No user action is required."
Information	2/13/2020 14:40	Microsoft-Windows-PrintService	307	Printing a document	"Document 144, Print Document owned by ttashi01 on \\MESOEL06484 was printed on VLS3.60 through port UCP-1.  Size in bytes: 7796. Pages printed: 1. No user action is required."
Information	2/13/2020 14:59	Microsoft-Windows-PrintService	307	Printing a document	"Document 145, Print Document owned by ttashi01 on \\MESOEL06484 was printed on VLS3.60 through port UCP-1.  Size in bytes: 74712. Pages printed: 1. No user action is required."
Information	2/13/2020 15:15	Microsoft-Windows-PrintService	307	Printing a document	"Document 146, Print Document owned by ttashi01 on \\MESOEL06484 was printed on VLS3.60 through port UCP-1.  Size in bytes: 36372. Pages printed: 1. No user action is required."
Information	2/13/2020 15:27	Microsoft-Windows-PrintService	307	Printing a document	"Document 147, Print Document owned by ttashi01 on \\MESOEL06484 was printed on VLS3.60 through port UCP-1.  Size in bytes: 170532. Pages printed: 1. No user action is required."
Information	2/13/2020 15:57	Microsoft-Windows-PrintService	307	Printing a document	"Document 148, Print Document owned by ttashi01 on \\MESOEL06484 was printed on VLS3.60 through port UCP-1.  Size in bytes: 271704. Pages printed: 1. No user action is required."
Information	2/13/2020 16:04	Microsoft-Windows-PrintService	307	Printing a document	"Document 149, Print Document owned by ttashi01 on \\MESOEL06484 was printed on VLS3.60 through port UCP-1.  Size in bytes: 584. Pages printed: 1. No user action is required."
Information	2/13/2020 16:08	Microsoft-Windows-PrintService	307	Printing a document	"Document 150, Print Document owned by ttashi01 on \\MESOEL06484 was printed on VLS3.60 through port UCP-1.  Size in bytes: 912. Pages printed: 1. No user action is required."
Information	2/13/2020 16:09	Microsoft-Windows-PrintService	307	Printing a document	"Document 151, Print Document owned by ttashi01 on \\MESOEL06484 was printed on VLS3.60 through port UCP-1.  Size in bytes: 656. Pages printed: 1. No user action is required."
Information	2/13/2020 16:19	Microsoft-Windows-PrintService	307	Printing a document	"Document 152, Print Document owned by ttashi01 on \\MESOEL06484 was printed on VLS3.60 through port UCP-1.  Size in bytes: 105832. Pages printed: 1. No user action is required."
Information	2/13/2020 17:04	Microsoft-Windows-PrintService	307	Printing a document	"Document 153, Print Document owned by ttashi01 on \\MESOEL06484 was printed on VLS3.60 through port UCP-1.  Size in bytes: 108648. Pages printed: 1. No user action is required."
Information	2/13/2020 17:05	Microsoft-Windows-PrintService	307	Printing a document	"Document 154, Print Document owned by ttashi01 on \\MESOEL06484 was printed on VLS3.60 through port UCP-1.  Size in bytes: 108608. Pages printed: 1. No user action is required."
Information	2/13/2020 17:16	Microsoft-Windows-PrintService	307	Printing a document	"Document 155, Print Document owned by ttashi01 on \\MESOEL06484 was printed on VLS3.60 through port UCP-1.  Size in bytes: 54464. Pages printed: 1. No user action is required."
Information	2/13/2020 17:18	Microsoft-Windows-PrintService	307	Printing a document	"Document 156, Print Document owned by ttashi01 on \\MESOEL06484 was printed on VLS3.60 through port UCP-1.  Size in bytes: 54464. Pages printed: 1. No user action is required."
Information	2/13/2020 18:04	Microsoft-Windows-PrintService	307	Printing a document	"Document 157, Print Document owned by ttashi01 on \\MESOEL06484 was printed on VLS3.60 through port UCP-1.  Size in bytes: 18652. Pages printed: 1. No user action is required."
Information	2/13/2020 18:13	Microsoft-Windows-PrintService	307	Printing a document	"Document 158, Print Document owned by ttashi01 on \\MESOEL06484 was printed on VLS3.60 through port UCP-1.  Size in bytes: 11896. Pages printed: 1. No user action is required."
Information	2/13/2020 18:16	Microsoft-Windows-PrintService	307	Printing a document	"Document 159, Print Document owned by ttashi01 on \\MESOEL06484 was printed on VLS3.60 through port UCP-1.  Size in bytes: 13024. Pages printed: 1. No user action is required."
Information	2/13/2020 20:15	Microsoft-Windows-PrintService	307	Printing a document	"Document 160, Print Document owned by ttashi01 on \\MESOEL06484 was printed on VLS3.60 through port UCP-1.  Size in bytes: 747512. Pages printed: 1. No user action is required."
Information	2/13/2020 22:25	Microsoft-Windows-PrintService	307	Printing a document	"Document 161, Print Document owned by ttashi01 on \\MESOEL06484 was printed on VLS3.60 through port UCP-1.  Size in bytes: 2133860. Pages printed: 1. No user action is required."
Information	2/13/2020 22:45	Microsoft-Windows-PrintService	307	Printing a document	"Document 162, Print Document owned by ttashi01 on \\MESOEL06484 was printed on VLS3.60 through port UCP-1.  Size in bytes: 3264. Pages printed: 1. No user action is required."
Information	2/13/2020 22:47	Microsoft-Windows-PrintService	307	Printing a document	"Document 163, Print Document owned by ttashi01 on \\MESOEL06484 was printed on VLS3.60 through port UCP-1.  Size in bytes: 3264. Pages printed: 1. No user action is required."
Information	2/13/2020 22:48	Microsoft-Windows-PrintService	307	Printing a document	"Document 164, Print Document owned by ttashi01 on \\MESOEL06484 was printed on VLS3.60 through port UCP-1.  Size in bytes: 3264. Pages printed: 1. No user action is required."
Information	2/14/2020 10:02	Microsoft-Windows-PrintService	307	Printing a document	"Document 165, Print Document owned by ttashi01 on \\MESOEL06484 was printed on VLS3.60 through port UCP-1.  Size in bytes: 7587524. Pages printed: 1. No user action is required."
Information	2/14/2020 10:05	Microsoft-Windows-PrintService	307	Printing a document	"Document 166, Print Document owned by ttashi01 on \\MESOEL06484 was printed on VLS3.60 through port UCP-1.  Size in bytes: 7299040. Pages printed: 1. No user action is required."
Information	2/14/2020 10:06	Microsoft-Windows-PrintService	307	Printing a document	"Document 167, Print Document owned by ttashi01 on \\MESOEL06484 was printed on VLS3.60 through port UCP-1.  Size in bytes: 7299040. Pages printed: 1. No user action is required."
Information	2/14/2020 10:48	Microsoft-Windows-PrintService	307	Printing a document	"Document 168, Print Document owned by ttashi01 on \\MESOEL06484 was printed on VLS3.60 through port UCP-1.  Size in bytes: 43088. Pages printed: 1. No user action is required."
Information	2/14/2020 11:33	Microsoft-Windows-PrintService	307	Printing a document	"Document 169, Print Document owned by ttashi01 on \\MESOEL06484 was printed on VLS3.60 through port UCP-1.  Size in bytes: 7466068. Pages printed: 1. No user action is required."
Information	2/14/2020 11:53	Microsoft-Windows-PrintService	307	Printing a document	"Document 170, Print Document owned by ttashi01 on \\MESOEL06484 was printed on VLS3.60 through port UCP-1.  Size in bytes: 7314896. Pages printed: 1. No user action is required."
Information	2/14/2020 13:28	Microsoft-Windows-PrintService	307	Printing a document	"Document 171, Print Document owned by ttashi01 on \\MESOEL06484 was printed on VLS3.60 through port UCP-1.  Size in bytes: 7307784. Pages printed: 1. No user action is required."
Information	2/14/2020 13:48	Microsoft-Windows-PrintService	307	Printing a document	"Document 172, Print Document owned by ttashi01 on \\MESOEL06484 was printed on VLS3.60 through port UCP-1.  Size in bytes: 4332048. Pages printed: 1. No user action is required."
Information	2/14/2020 14:10	Microsoft-Windows-PrintService	307	Printing a document	"Document 173, Print Document owned by ttashi01 on \\MESOEL06484 was printed on VLS3.60 through port UCP-1.  Size in bytes: 14720. Pages printed: 1. No user action is required."
Information	2/14/2020 14:12	Microsoft-Windows-PrintService	307	Printing a document	"Document 174, Print Document owned by ttashi01 on \\MESOEL06484 was printed on VLS3.60 through port UCP-1.  Size in bytes: 14720. Pages printed: 1. No user action is required."
Information	2/14/2020 14:13	Microsoft-Windows-PrintService	307	Printing a document	"Document 175, Print Document owned by ttashi01 on \\MESOEL06484 was printed on VLS3.60 through port UCP-1.  Size in bytes: 14720. Pages printed: 1. No user action is required."
Information	2/14/2020 14:21	Microsoft-Windows-PrintService	307	Printing a document	"Document 176, Print Document owned by ttashi01 on \\MESOEL06484 was printed on VLS3.60 through port UCP-1.  Size in bytes: 1832. Pages printed: 1. No user action is required."
Information	2/14/2020 14:31	Microsoft-Windows-PrintService	307	Printing a document	"Document 177, Print Document owned by ttashi01 on \\MESOEL06484 was printed on VLS3.60 through port UCP-1.  Size in bytes: 3264. Pages printed: 1. No user action is required."
Information	2/14/2020 14:32	Microsoft-Windows-PrintService	307	Printing a document	"Document 178, Print Document owned by ttashi01 on \\MESOEL06484 was printed on VLS3.60 through port UCP-1.  Size in bytes: 3264. Pages printed: 1. No user action is required."
Information	2/14/2020 14:36	Microsoft-Windows-PrintService	307	Printing a document	"Document 179, Print Document owned by ttashi01 on \\MESOEL06484 was printed on VLS3.60 through port UCP-1.  Size in bytes: 91464. Pages printed: 1. No user action is required."
Information	2/14/2020 14:38	Microsoft-Windows-PrintService	307	Printing a document	"Document 180, Print Document owned by ttashi01 on \\MESOEL06484 was printed on VLS3.60 through port UCP-1.  Size in bytes: 91464. Pages printed: 1. No user action is required."
Information	2/14/2020 14:54	Microsoft-Windows-PrintService	307	Printing a document	"Document 181, Print Document owned by ttashi01 on \\MESOEL06484 was printed on VLS3.60 through port UCP-1.  Size in bytes: 32944. Pages printed: 1. No user action is required."
Information	2/14/2020 14:59	Microsoft-Windows-PrintService	307	Printing a document	"Document 182, Print Document owned by ttashi01 on \\MESOEL06484 was printed on VLS3.60 through port UCP-1.  Size in bytes: 47944. Pages printed: 1. No user action is required."
Information	2/14/2020 15:00	Microsoft-Windows-PrintService	307	Printing a document	"Document 183, Print Document owned by ttashi01 on \\MESOEL06484 was printed on VLS3.60 through port UCP-1.  Size in bytes: 47944. Pages printed: 1. No user action is required."
Information	2/14/2020 15:00	Microsoft-Windows-PrintService	307	Printing a document	"Document 184, Print Document owned by ttashi01 on \\MESOEL06484 was printed on VLS3.60 through port UCP-1.  Size in bytes: 47944. Pages printed: 1. No user action is required."
Information	2/14/2020 15:00	Microsoft-Windows-PrintService	307	Printing a document	"Document 185, Print Document owned by ttashi01 on \\MESOEL06484 was printed on VLS3.60 through port UCP-1.  Size in bytes: 47944. Pages printed: 1. No user action is required."
Information	2/14/2020 15:01	Microsoft-Windows-PrintService	307	Printing a document	"Document 186, Print Document owned by ttashi01 on \\MESOEL06484 was printed on VLS3.60 through port UCP-1.  Size in bytes: 47944. Pages printed: 1. No user action is required."
Information	2/14/2020 17:36	Microsoft-Windows-PrintService	307	Printing a document	"Document 187, Print Document owned by ttashi01 on \\MESOEL06484 was printed on VLS3.60 through port UCP-1.  Size in bytes: 1040. Pages printed: 1. No user action is required."
Information	2/14/2020 17:40	Microsoft-Windows-PrintService	307	Printing a document	"Document 188, Print Document owned by ttashi01 on \\MESOEL06484 was printed on VLS3.60 through port UCP-1.  Size in bytes: 720. Pages printed: 1. No user action is required."
Information	2/15/2020 17:18	Microsoft-Windows-PrintService	307	Printing a document	"Document 2, Print Document owned by amoore15 on \\MESOEL06484 was printed on VLS3.60 through port UCP-1.  Size in bytes: 367024. Pages printed: 1. No user action is required."
Information	2/16/2020 11:29	Microsoft-Windows-PrintService	307	Printing a document	"Document 3, Print Document owned by ttashi01 on \\MESOEL06484 was printed on VLS3.60 through port UCP-1.  Size in bytes: 34352. Pages printed: 1. No user action is required."
Information	2/16/2020 11:54	Microsoft-Windows-PrintService	307	Printing a document	"Document 4, Print Document owned by ttashi01 on \\MESOEL06484 was printed on VLS3.60 through port UCP-1.  Size in bytes: 28224. Pages printed: 1. No user action is required."
Information	2/16/2020 13:40	Microsoft-Windows-PrintService	307	Printing a document	"Document 5, Print Document owned by cmarku01 on \\MESOEL06484 was printed on VLS3.60 through port UCP-1.  Size in bytes: 1828. Pages printed: 1. No user action is required."
Information	2/16/2020 13:46	Microsoft-Windows-PrintService	307	Printing a document	"Document 6, Print Document owned by cmarku01 on \\MESOEL06484 was printed on VLS3.60 through port UCP-1.  Size in bytes: 1476. Pages printed: 1. No user action is required."
Information	2/16/2020 13:52	Microsoft-Windows-PrintService	307	Printing a document	"Document 7, Print Document owned by cmarku01 on \\MESOEL06484 was printed on VLS3.60 through port UCP-1.  Size in bytes: 1476. Pages printed: 1. No user action is required."
Information	2/16/2020 16:08	Microsoft-Windows-PrintService	307	Printing a document	"Document 8, Print Document owned by cmarku01 on \\MESOEL06484 was printed on VLS3.60 through port UCP-1.  Size in bytes: 34184. Pages printed: 1. No user action is required."
Information	2/16/2020 19:27	Microsoft-Windows-PrintService	307	Printing a document	"Document 9, Print Document owned by jsorsc01 on \\MESOEL06484 was printed on VLS3.60 through port UCP-1.  Size in bytes: 9736. Pages printed: 1. No user action is required."
Information	2/16/2020 19:28	Microsoft-Windows-PrintService	307	Printing a document	"Document 10, Print Document owned by jsorsc01 on \\MESOEL06484 was printed on VLS3.60 through port UCP-1.  Size in bytes: 9736. Pages printed: 1. No user action is required."
Information	2/16/2020 19:44	Microsoft-Windows-PrintService	307	Printing a document	"Document 11, Print Document owned by jsorsc01 on \\MESOEL06484 was printed on VLS3.60 through port UCP-1.  Size in bytes: 9736. Pages printed: 1. No user action is required."
Information	2/16/2020 21:36	Microsoft-Windows-PrintService	307	Printing a document	"Document 12, Print Document owned by jsorsc01 on \\MESOEL06484 was printed on VLS3.60 through port UCP-1.  Size in bytes: 1888. Pages printed: 1. No user action is required."
Information	2/16/2020 22:26	Microsoft-Windows-PrintService	307	Printing a document	"Document 13, Print Document owned by jsorsc01 on \\MESOEL06484 was printed on VLS3.60 through port UCP-1.  Size in bytes: 768. Pages printed: 1. No user action is required."
Information	2/17/2020 11:25	Microsoft-Windows-PrintService	307	Printing a document	"Document 14, Print Document owned by jsorsc01 on \\MESOEL06484 was printed on VLS3.60 through port UCP-1.  Size in bytes: 5876. Pages printed: 1. No user action is required."
Information	2/17/2020 12:26	Microsoft-Windows-PrintService	307	Printing a document	"Document 15, Print Document owned by jsorsc01 on \\MESOEL06484 was printed on VLS3.60 through port UCP-1.  Size in bytes: 784. Pages printed: 1. No user action is required."
Information	2/17/2020 12:30	Microsoft-Windows-PrintService	307	Printing a document	"Document 16, Print Document owned by jsorsc01 on \\MESOEL06484 was printed on VLS3.60 through port UCP-1.  Size in bytes: 6004. Pages printed: 1. No user action is required."
Information	2/17/2020 12:42	Microsoft-Windows-PrintService	307	Printing a document	"Document 17, Print Document owned by jsorsc01 on \\MESOEL06484 was printed on VLS3.60 through port UCP-1.  Size in bytes: 239024. Pages printed: 1. No user action is required."
Information	2/17/2020 12:44	Microsoft-Windows-PrintService	307	Printing a document	"Document 18, Print Document owned by jsorsc01 on \\MESOEL06484 was printed on VLS3.60 through port UCP-1.  Size in bytes: 221424. Pages printed: 1. No user action is required."
Information	2/17/2020 13:01	Microsoft-Windows-PrintService	307	Printing a document	"Document 19, Print Document owned by jsorsc01 on \\MESOEL06484 was printed on VLS3.60 through port UCP-1.  Size in bytes: 3344. Pages printed: 1. No user action is required."
Information	2/17/2020 13:12	Microsoft-Windows-PrintService	307	Printing a document	"Document 20, Print Document owned by jsorsc01 on \\MESOEL06484 was printed on VLS3.60 through port UCP-1.  Size in bytes: 1872. Pages printed: 1. No user action is required."
Information	2/17/2020 13:58	Microsoft-Windows-PrintService	307	Printing a document	"Document 21, Print Document owned by jsorsc01 on \\MESOEL06484 was printed on VLS3.60 through port UCP-1.  Size in bytes: 1800. Pages printed: 1. No user action is required."
Information	2/17/2020 16:13	Microsoft-Windows-PrintService	307	Printing a document	"Document 22, Print Document owned by jsorsc01 on \\MESOEL06484 was printed on VLS3.60 through port UCP-1.  Size in bytes: 2236. Pages printed: 1. No user action is required."
Information	2/17/2020 16:19	Microsoft-Windows-PrintService	307	Printing a document	"Document 23, Print Document owned by jsorsc01 on \\MESOEL06484 was printed on VLS3.60 through port UCP-1.  Size in bytes: 4004. Pages printed: 1. No user action is required."
Information	2/17/2020 16:47	Microsoft-Windows-PrintService	307	Printing a document	"Document 24, Print Document owned by jsorsc01 on \\MESOEL06484 was printed on VLS3.60 through port UCP-1.  Size in bytes: 3984. Pages printed: 1. No user action is required."
Information	2/17/2020 16:49	Microsoft-Windows-PrintService	307	Printing a document	"Document 25, Print Document owned by jsorsc01 on \\MESOEL06484 was printed on VLS3.60 through port UCP-1.  Size in bytes: 3984. Pages printed: 1. No user action is required."
Information	2/17/2020 16:51	Microsoft-Windows-PrintService	307	Printing a document	"Document 26, Print Document owned by jsorsc01 on \\MESOEL06484 was printed on VLS3.60 through port UCP-1.  Size in bytes: 3984. Pages printed: 1. No user action is required."
Information	2/17/2020 17:07	Microsoft-Windows-PrintService	307	Printing a document	"Document 27, Print Document owned by jsorsc01 on \\MESOEL06484 was printed on VLS3.60 through port UCP-1.  Size in bytes: 3712. Pages printed: 1. No user action is required."
Information	2/17/2020 17:20	Microsoft-Windows-PrintService	307	Printing a document	"Document 28, Print Document owned by jsorsc01 on \\MESOEL06484 was printed on VLS3.60 through port UCP-1.  Size in bytes: 7024. Pages printed: 1. No user action is required."
Information	2/17/2020 17:21	Microsoft-Windows-PrintService	307	Printing a document	"Document 29, Print Document owned by jsorsc01 on \\MESOEL06484 was printed on VLS3.60 through port UCP-1.  Size in bytes: 7024. Pages printed: 1. No user action is required."
Information	2/18/2020 17:45	Microsoft-Windows-PrintService	307	Printing a document	"Document 30, Print Document owned by achen08 on \\MESOEL06484 was printed on VLS3.60 through port UCP-1.  Size in bytes: 4540352. Pages printed: 1. No user action is required."
Information	2/18/2020 17:48	Microsoft-Windows-PrintService	307	Printing a document	"Document 31, Print Document owned by achen08 on \\MESOEL06484 was printed on VLS3.60 through port UCP-1.  Size in bytes: 4540924. Pages printed: 1. No user action is required."
Information	2/18/2020 18:08	Microsoft-Windows-PrintService	307	Printing a document	"Document 32, Print Document owned by achen08 on \\MESOEL06484 was printed on VLS3.60 through port UCP-1.  Size in bytes: 737396. Pages printed: 1. No user action is required."
Information	2/18/2020 18:31	Microsoft-Windows-PrintService	307	Printing a document	"Document 33, Print Document owned by fvande01 on \\MESOEL06484 was printed on VLS3.60 through port UCP-1.  Size in bytes: 21648. Pages printed: 1. No user action is required."
Information	2/18/2020 18:33	Microsoft-Windows-PrintService	307	Printing a document	"Document 34, Print Document owned by fvande01 on \\MESOEL06484 was printed on VLS3.60 through port UCP-1.  Size in bytes: 21904. Pages printed: 1. No user action is required."
Information	2/18/2020 18:44	Microsoft-Windows-PrintService	307	Printing a document	"Document 35, Print Document owned by fvande01 on \\MESOEL06484 was printed on VLS3.60 through port UCP-1.  Size in bytes: 21512. Pages printed: 1. No user action is required."
Information	2/18/2020 19:19	Microsoft-Windows-PrintService	307	Printing a document	"Document 36, Print Document owned by edonne02 on \\MESOEL06484 was printed on VLS3.60 through port UCP-1.  Size in bytes: 3311784. Pages printed: 1. No user action is required."
Information	2/18/2020 19:42	Microsoft-Windows-PrintService	307	Printing a document	"Document 37, Print Document owned by edonne02 on \\MESOEL06484 was printed on VLS3.60 through port UCP-1.  Size in bytes: 2297536. Pages printed: 1. No user action is required."
Information	2/18/2020 20:11	Microsoft-Windows-PrintService	307	Printing a document	"Document 38, Print Document owned by edonne02 on \\MESOEL06484 was printed on VLS3.60 through port UCP-1.  Size in bytes: 2484. Pages printed: 1. No user action is required."
Information	2/18/2020 21:15	Microsoft-Windows-PrintService	307	Printing a document	"Document 39, Print Document owned by edonne02 on \\MESOEL06484 was printed on VLS3.60 through port UCP-1.  Size in bytes: 9488. Pages printed: 1. No user action is required."
Information	2/18/2020 21:44	Microsoft-Windows-PrintService	307	Printing a document	"Document 40, Print Document owned by edonne02 on \\MESOEL06484 was printed on VLS3.60 through port UCP-1.  Size in bytes: 1456. Pages printed: 1. No user action is required."
Information	2/18/2020 22:18	Microsoft-Windows-PrintService	307	Printing a document	"Document 41, Print Document owned by edonne02 on \\MESOEL06484 was printed on VLS3.60 through port UCP-1.  Size in bytes: 752. Pages printed: 1. No user action is required."
Information	2/19/2020 9:29	Microsoft-Windows-PrintService	307	Printing a document	"Document 42, Print Document owned by edonne02 on \\MESOEL06484 was printed on VLS3.60 through port UCP-1.  Size in bytes: 3264. Pages printed: 1. No user action is required."
