Level	Date and Time	Source	Event ID	Task Category	
Information	8/19/2019 20:15	Microsoft-Windows-PrintService	307	Printing a document	"Document 24, Print Document owned by nduran02 on \\MESOEL06484 was printed on VLS3.60 through port UCP-1.  Size in bytes: 2792. Pages printed: 1. No user action is required."
Information	8/19/2019 20:20	Microsoft-Windows-PrintService	307	Printing a document	"Document 25, Print Document owned by nduran02 on \\MESOEL06484 was printed on VLS3.60 through port UCP-1.  Size in bytes: 3272. Pages printed: 1. No user action is required."
Information	8/19/2019 20:22	Microsoft-Windows-PrintService	307	Printing a document	"Document 26, Print Document owned by nduran02 on \\MESOEL06484 was printed on VLS3.60 through port UCP-1.  Size in bytes: 23376. Pages printed: 1. No user action is required."
Information	8/19/2019 20:26	Microsoft-Windows-PrintService	307	Printing a document	"Document 27, Print Document owned by nduran02 on \\MESOEL06484 was printed on VLS3.60 through port UCP-1.  Size in bytes: 3456. Pages printed: 1. No user action is required."
Information	8/20/2019 9:32	Microsoft-Windows-PrintService	307	Printing a document	"Document 28, Print Document owned by ywu15 on \\MESOEL06484 was printed on VLS3.60 through port UCP-1.  Size in bytes: 2186592. Pages printed: 1. No user action is required."
Information	8/20/2019 9:41	Microsoft-Windows-PrintService	307	Printing a document	"Document 29, Print Document owned by ywu15 on \\MESOEL06484 was printed on VLS3.60 through port UCP-1.  Size in bytes: 2190396. Pages printed: 1. No user action is required."
Information	8/20/2019 10:27	Microsoft-Windows-PrintService	307	Printing a document	"Document 30, Print Document owned by ywu15 on \\MESOEL06484 was printed on VLS3.60 through port UCP-1.  Size in bytes: 1648. Pages printed: 1. No user action is required."
Information	8/20/2019 10:27	Microsoft-Windows-PrintService	307	Printing a document	"Document 31, Print Document owned by ywu15 on \\MESOEL06484 was printed on VLS3.60 through port UCP-1.  Size in bytes: 1528. Pages printed: 1. No user action is required."
Information	8/20/2019 10:37	Microsoft-Windows-PrintService	307	Printing a document	"Document 32, Print Document owned by ywu15 on \\MESOEL06484 was printed on VLS3.60 through port UCP-1.  Size in bytes: 1300. Pages printed: 1. No user action is required."
Information	8/20/2019 10:51	Microsoft-Windows-PrintService	307	Printing a document	"Document 33, Print Document owned by ywu15 on \\MESOEL06484 was printed on VLS3.60 through port UCP-1.  Size in bytes: 1300. Pages printed: 1. No user action is required."
Information	8/20/2019 11:07	Microsoft-Windows-PrintService	307	Printing a document	"Document 34, Print Document owned by ywu15 on \\MESOEL06484 was printed on VLS3.60 through port UCP-1.  Size in bytes: 1300. Pages printed: 1. No user action is required."
Information	8/20/2019 11:27	Microsoft-Windows-PrintService	307	Printing a document	"Document 35, Print Document owned by fvande01 on \\MESOEL06484 was printed on VLS3.60 through port UCP-1.  Size in bytes: 2040. Pages printed: 1. No user action is required."
Information	8/20/2019 11:31	Microsoft-Windows-PrintService	307	Printing a document	"Document 36, Print Document owned by fvande01 on \\MESOEL06484 was printed on VLS3.60 through port UCP-1.  Size in bytes: 2040. Pages printed: 1. No user action is required."
Information	8/20/2019 11:37	Microsoft-Windows-PrintService	307	Printing a document	"Document 37, Print Document owned by ywu15 on \\MESOEL06484 was printed on VLS3.60 through port UCP-1.  Size in bytes: 1332. Pages printed: 1. No user action is required."
Information	8/20/2019 11:37	Microsoft-Windows-PrintService	307	Printing a document	"Document 38, Print Document owned by ywu15 on \\MESOEL06484 was printed on VLS3.60 through port UCP-1.  Size in bytes: 1168. Pages printed: 1. No user action is required."
Information	8/20/2019 11:42	Microsoft-Windows-PrintService	307	Printing a document	"Document 39, Print Document owned by ywu15 on \\MESOEL06484 was printed on VLS3.60 through port UCP-1.  Size in bytes: 1168. Pages printed: 1. No user action is required."
Information	8/20/2019 11:43	Microsoft-Windows-PrintService	307	Printing a document	"Document 40, Print Document owned by ywu15 on \\MESOEL06484 was printed on VLS3.60 through port UCP-1.  Size in bytes: 1168. Pages printed: 1. No user action is required."
Information	8/20/2019 12:42	Microsoft-Windows-PrintService	307	Printing a document	"Document 41, Print Document owned by ywu15 on \\MESOEL06484 was printed on VLS3.60 through port UCP-1.  Size in bytes: 10752. Pages printed: 1. No user action is required."
Information	8/20/2019 12:43	Microsoft-Windows-PrintService	307	Printing a document	"Document 42, Print Document owned by ywu15 on \\MESOEL06484 was printed on VLS3.60 through port UCP-1.  Size in bytes: 10752. Pages printed: 1. No user action is required."
Information	8/20/2019 12:45	Microsoft-Windows-PrintService	307	Printing a document	"Document 43, Print Document owned by ywu15 on \\MESOEL06484 was printed on VLS3.60 through port UCP-1.  Size in bytes: 10752. Pages printed: 1. No user action is required."
Information	8/20/2019 12:46	Microsoft-Windows-PrintService	307	Printing a document	"Document 44, Print Document owned by ywu15 on \\MESOEL06484 was printed on VLS3.60 through port UCP-1.  Size in bytes: 10752. Pages printed: 1. No user action is required."
Information	8/20/2019 12:46	Microsoft-Windows-PrintService	307	Printing a document	"Document 45, Print Document owned by ywu15 on \\MESOEL06484 was printed on VLS3.60 through port UCP-1.  Size in bytes: 1128. Pages printed: 1. No user action is required."
Information	8/20/2019 14:15	Microsoft-Windows-PrintService	307	Printing a document	"Document 46, Print Document owned by ywu15 on \\MESOEL06484 was printed on VLS3.60 through port UCP-1.  Size in bytes: 1256. Pages printed: 1. No user action is required."
Information	8/20/2019 14:16	Microsoft-Windows-PrintService	307	Printing a document	"Document 47, Print Document owned by ywu15 on \\MESOEL06484 was printed on VLS3.60 through port UCP-1.  Size in bytes: 1104. Pages printed: 1. No user action is required."
Information	8/20/2019 15:38	Microsoft-Windows-PrintService	307	Printing a document	"Document 48, Print Document owned by ywu15 on \\MESOEL06484 was printed on VLS3.60 through port UCP-1.  Size in bytes: 1104. Pages printed: 1. No user action is required."
Information	8/20/2019 15:40	Microsoft-Windows-PrintService	307	Printing a document	"Document 49, Print Document owned by ywu15 on \\MESOEL06484 was printed on VLS3.60 through port UCP-1.  Size in bytes: 1456. Pages printed: 1. No user action is required."
Information	8/20/2019 15:54	Microsoft-Windows-PrintService	307	Printing a document	"Document 50, Print Document owned by ywu15 on \\MESOEL06484 was printed on VLS3.60 through port UCP-1.  Size in bytes: 1456. Pages printed: 1. No user action is required."
Information	8/20/2019 17:55	Microsoft-Windows-PrintService	307	Printing a document	"Document 51, Print Document owned by zpogre01 on \\MESOEL06484 was printed on VLS3.60 through port UCP-1.  Size in bytes: 5216. Pages printed: 1. No user action is required."
Information	8/20/2019 18:07	Microsoft-Windows-PrintService	307	Printing a document	"Document 52, Print Document owned by zpogre01 on \\MESOEL06484 was printed on VLS3.60 through port UCP-1.  Size in bytes: 676. Pages printed: 1. No user action is required."
Information	8/20/2019 19:24	Microsoft-Windows-PrintService	307	Printing a document	"Document 53, Print Document owned by ywu15 on \\MESOEL06484 was printed on VLS3.60 through port UCP-1.  Size in bytes: 8216. Pages printed: 1. No user action is required."
Information	8/21/2019 14:00	Microsoft-Windows-PrintService	307	Printing a document	"Document 54, Print Document owned by ywu15 on \\MESOEL06484 was printed on VLS3.60 through port UCP-1.  Size in bytes: 14932. Pages printed: 1. No user action is required."
Information	8/21/2019 14:05	Microsoft-Windows-PrintService	307	Printing a document	"Document 55, Print Document owned by ywu15 on \\MESOEL06484 was printed on VLS3.60 through port UCP-1.  Size in bytes: 628. Pages printed: 1. No user action is required."
Information	8/21/2019 14:07	Microsoft-Windows-PrintService	307	Printing a document	"Document 56, Print Document owned by ywu15 on \\MESOEL06484 was printed on VLS3.60 through port UCP-1.  Size in bytes: 628. Pages printed: 1. No user action is required."
Information	8/21/2019 14:08	Microsoft-Windows-PrintService	307	Printing a document	"Document 57, Print Document owned by ywu15 on \\MESOEL06484 was printed on VLS3.60 through port UCP-1.  Size in bytes: 628. Pages printed: 1. No user action is required."
Information	8/21/2019 14:08	Microsoft-Windows-PrintService	307	Printing a document	"Document 58, Print Document owned by ywu15 on \\MESOEL06484 was printed on VLS3.60 through port UCP-1.  Size in bytes: 628. Pages printed: 1. No user action is required."
Information	8/21/2019 14:12	Microsoft-Windows-PrintService	307	Printing a document	"Document 59, Print Document owned by ywu15 on \\MESOEL06484 was printed on VLS3.60 through port UCP-1.  Size in bytes: 628. Pages printed: 1. No user action is required."
Information	8/21/2019 14:13	Microsoft-Windows-PrintService	307	Printing a document	"Document 60, Print Document owned by ywu15 on \\MESOEL06484 was printed on VLS3.60 through port UCP-1.  Size in bytes: 628. Pages printed: 1. No user action is required."
Information	8/21/2019 14:14	Microsoft-Windows-PrintService	307	Printing a document	"Document 61, Print Document owned by ywu15 on \\MESOEL06484 was printed on VLS3.60 through port UCP-1.  Size in bytes: 628. Pages printed: 1. No user action is required."
Information	8/21/2019 14:29	Microsoft-Windows-PrintService	307	Printing a document	"Document 62, Print Document owned by ywu15 on \\MESOEL06484 was printed on VLS3.60 through port UCP-1.  Size in bytes: 708. Pages printed: 1. No user action is required."
Information	8/21/2019 14:33	Microsoft-Windows-PrintService	307	Printing a document	"Document 63, Print Document owned by ywu15 on \\MESOEL06484 was printed on VLS3.60 through port UCP-1.  Size in bytes: 708. Pages printed: 1. No user action is required."
Information	8/21/2019 14:37	Microsoft-Windows-PrintService	307	Printing a document	"Document 64, Print Document owned by ywu15 on \\MESOEL06484 was printed on VLS3.60 through port UCP-1.  Size in bytes: 948. Pages printed: 1. No user action is required."
Information	8/21/2019 14:47	Microsoft-Windows-PrintService	307	Printing a document	"Document 65, Print Document owned by ywu15 on \\MESOEL06484 was printed on VLS3.60 through port UCP-1.  Size in bytes: 14932. Pages printed: 1. No user action is required."
Information	8/21/2019 14:48	Microsoft-Windows-PrintService	307	Printing a document	"Document 66, Print Document owned by ywu15 on \\MESOEL06484 was printed on VLS3.60 through port UCP-1.  Size in bytes: 14316. Pages printed: 1. No user action is required."
Information	8/21/2019 14:50	Microsoft-Windows-PrintService	307	Printing a document	"Document 67, Print Document owned by ywu15 on \\MESOEL06484 was printed on VLS3.60 through port UCP-1.  Size in bytes: 14316. Pages printed: 1. No user action is required."
Information	8/21/2019 14:57	Microsoft-Windows-PrintService	307	Printing a document	"Document 68, Print Document owned by ywu15 on \\MESOEL06484 was printed on VLS3.60 through port UCP-1.  Size in bytes: 14316. Pages printed: 1. No user action is required."
Information	8/21/2019 15:25	Microsoft-Windows-PrintService	307	Printing a document	"Document 69, Print Document owned by ywu15 on \\MESOEL06484 was printed on VLS3.60 through port UCP-1.  Size in bytes: 27624. Pages printed: 1. No user action is required."
Information	8/21/2019 15:35	Microsoft-Windows-PrintService	307	Printing a document	"Document 70, Print Document owned by ywu15 on \\MESOEL06484 was printed on VLS3.60 through port UCP-1.  Size in bytes: 12448. Pages printed: 1. No user action is required."
Information	8/21/2019 15:35	Microsoft-Windows-PrintService	307	Printing a document	"Document 71, Print Document owned by ywu15 on \\MESOEL06484 was printed on VLS3.60 through port UCP-1.  Size in bytes: 12448. Pages printed: 1. No user action is required."
Information	8/21/2019 15:37	Microsoft-Windows-PrintService	307	Printing a document	"Document 72, Print Document owned by ywu15 on \\MESOEL06484 was printed on VLS3.60 through port UCP-1.  Size in bytes: 12448. Pages printed: 1. No user action is required."
Information	8/21/2019 15:44	Microsoft-Windows-PrintService	307	Printing a document	"Document 73, Print Document owned by ywu15 on \\MESOEL06484 was printed on VLS3.60 through port UCP-1.  Size in bytes: 67620. Pages printed: 1. No user action is required."
Information	8/21/2019 15:52	Microsoft-Windows-PrintService	307	Printing a document	"Document 74, Print Document owned by ywu15 on \\MESOEL06484 was printed on VLS3.60 through port UCP-1.  Size in bytes: 67620. Pages printed: 1. No user action is required."
Information	8/21/2019 15:57	Microsoft-Windows-PrintService	307	Printing a document	"Document 75, Print Document owned by ywu15 on \\MESOEL06484 was printed on VLS3.60 through port UCP-1.  Size in bytes: 134840. Pages printed: 1. No user action is required."
Information	8/21/2019 16:03	Microsoft-Windows-PrintService	307	Printing a document	"Document 76, Print Document owned by ywu15 on \\MESOEL06484 was printed on VLS3.60 through port UCP-1.  Size in bytes: 87848. Pages printed: 1. No user action is required."
Information	8/21/2019 16:07	Microsoft-Windows-PrintService	307	Printing a document	"Document 77, Print Document owned by ywu15 on \\MESOEL06484 was printed on VLS3.60 through port UCP-1.  Size in bytes: 127696. Pages printed: 1. No user action is required."
Information	8/21/2019 16:41	Microsoft-Windows-PrintService	307	Printing a document	"Document 78, Print Document owned by ywu15 on \\MESOEL06484 was printed on VLS3.60 through port UCP-1.  Size in bytes: 76360. Pages printed: 1. No user action is required."
Information	8/21/2019 17:49	Microsoft-Windows-PrintService	307	Printing a document	"Document 79, Print Document owned by zpogre01 on \\MESOEL06484 was printed on VLS3.60 through port UCP-1.  Size in bytes: 43584. Pages printed: 1. No user action is required."
Information	8/21/2019 17:49	Microsoft-Windows-PrintService	307	Printing a document	"Document 80, Print Document owned by zpogre01 on \\MESOEL06484 was printed on VLS3.60 through port UCP-1.  Size in bytes: 43584. Pages printed: 1. No user action is required."
Information	8/22/2019 14:00	Microsoft-Windows-PrintService	307	Printing a document	"Document 81, Print Document owned by zpogre01 on \\MESOEL06484 was printed on VLS3.60 through port UCP-1.  Size in bytes: 11088. Pages printed: 1. No user action is required."
Information	8/22/2019 14:01	Microsoft-Windows-PrintService	307	Printing a document	"Document 82, Print Document owned by zpogre01 on \\MESOEL06484 was printed on VLS3.60 through port UCP-1.  Size in bytes: 11088. Pages printed: 1. No user action is required."
Information	8/22/2019 14:02	Microsoft-Windows-PrintService	307	Printing a document	"Document 83, Print Document owned by zpogre01 on \\MESOEL06484 was printed on VLS3.60 through port UCP-1.  Size in bytes: 11088. Pages printed: 1. No user action is required."
Information	8/22/2019 14:24	Microsoft-Windows-PrintService	307	Printing a document	"Document 84, Print Document owned by zpogre01 on \\MESOEL06484 was printed on VLS3.60 through port UCP-1.  Size in bytes: 6576. Pages printed: 1. No user action is required."
Information	8/22/2019 15:28	Microsoft-Windows-PrintService	307	Printing a document	"Document 85, Print Document owned by fvande01 on \\MESOEL06484 was printed on VLS3.60 through port UCP-1.  Size in bytes: 2064. Pages printed: 1. No user action is required."
Information	8/22/2019 16:17	Microsoft-Windows-PrintService	307	Printing a document	"Document 86, Print Document owned by fvande01 on \\MESOEL06484 was printed on VLS3.60 through port UCP-1.  Size in bytes: 2608. Pages printed: 1. No user action is required."
Information	8/22/2019 16:51	Microsoft-Windows-PrintService	307	Printing a document	"Document 87, Print Document owned by fvande01 on \\MESOEL06484 was printed on VLS3.60 through port UCP-1.  Size in bytes: 1504. Pages printed: 1. No user action is required."
Information	8/23/2019 13:55	Microsoft-Windows-PrintService	307	Printing a document	"Document 2, Print Document owned by nbatro01 on \\MESOEL06484 was printed on VLS3.60 through port UCP-1.  Size in bytes: 780. Pages printed: 1. No user action is required."
Information	8/26/2019 19:44	Microsoft-Windows-PrintService	307	Printing a document	"Document 3, Print Document owned by ywu15 on \\MESOEL06484 was printed on VLS3.60 through port UCP-1.  Size in bytes: 38624. Pages printed: 1. No user action is required."
Information	8/26/2019 19:45	Microsoft-Windows-PrintService	307	Printing a document	"Document 4, Print Document owned by ywu15 on \\MESOEL06484 was printed on VLS3.60 through port UCP-1.  Size in bytes: 38624. Pages printed: 1. No user action is required."
Information	8/26/2019 19:46	Microsoft-Windows-PrintService	307	Printing a document	"Document 5, Print Document owned by ywu15 on \\MESOEL06484 was printed on VLS3.60 through port UCP-1.  Size in bytes: 38128. Pages printed: 1. No user action is required."
Information	8/26/2019 20:05	Microsoft-Windows-PrintService	307	Printing a document	"Document 6, Print Document owned by ywu15 on \\MESOEL06484 was printed on VLS3.60 through port UCP-1.  Size in bytes: 8080. Pages printed: 1. No user action is required."
Information	8/26/2019 20:09	Microsoft-Windows-PrintService	307	Printing a document	"Document 7, Print Document owned by ywu15 on \\MESOEL06484 was printed on VLS3.60 through port UCP-1.  Size in bytes: 8080. Pages printed: 1. No user action is required."
Information	8/26/2019 20:28	Microsoft-Windows-PrintService	307	Printing a document	"Document 8, Print Document owned by ywu15 on \\MESOEL06484 was printed on VLS3.60 through port UCP-1.  Size in bytes: 38388. Pages printed: 1. No user action is required."
Information	8/27/2019 22:41	Microsoft-Windows-PrintService	307	Printing a document	"Document 9, Print Document owned by jjaram02 on \\MESOEL06484 was printed on VLS3.60 through port UCP-1.  Size in bytes: 4296. Pages printed: 1. No user action is required."
Information	8/27/2019 22:42	Microsoft-Windows-PrintService	307	Printing a document	"Document 10, Print Document owned by jjaram02 on \\MESOEL06484 was printed on VLS3.60 through port UCP-1.  Size in bytes: 4296. Pages printed: 1. No user action is required."
Information	8/28/2019 13:47	Microsoft-Windows-PrintService	307	Printing a document	"Document 11, Print Document owned by jjaram02 on \\MESOEL06484 was printed on VLS3.60 through port UCP-1.  Size in bytes: 9880. Pages printed: 1. No user action is required."
Information	8/28/2019 13:48	Microsoft-Windows-PrintService	307	Printing a document	"Document 12, Print Document owned by jjaram02 on \\MESOEL06484 was printed on VLS3.60 through port UCP-1.  Size in bytes: 34452. Pages printed: 1. No user action is required."
Information	8/28/2019 13:49	Microsoft-Windows-PrintService	307	Printing a document	"Document 13, Print Document owned by jjaram02 on \\MESOEL06484 was printed on VLS3.60 through port UCP-1.  Size in bytes: 7088. Pages printed: 1. No user action is required."
Information	8/28/2019 14:00	Microsoft-Windows-PrintService	307	Printing a document	"Document 14, Print Document owned by jjaram02 on \\MESOEL06484 was printed on VLS3.60 through port UCP-1.  Size in bytes: 18256. Pages printed: 1. No user action is required."
Information	8/28/2019 14:02	Microsoft-Windows-PrintService	307	Printing a document	"Document 15, Print Document owned by jjaram02 on \\MESOEL06484 was printed on VLS3.60 through port UCP-1.  Size in bytes: 18256. Pages printed: 1. No user action is required."
Information	8/28/2019 14:27	Microsoft-Windows-PrintService	307	Printing a document	"Document 16, Print Document owned by jjaram02 on \\MESOEL06484 was printed on VLS3.60 through port UCP-1.  Size in bytes: 18256. Pages printed: 1. No user action is required."
Information	9/1/2019 16:46	Microsoft-Windows-PrintService	307	Printing a document	"Document 17, Print Document owned by jkanov01 on \\MESOEL06484 was printed on VLS3.60 through port UCP-1.  Size in bytes: 47528. Pages printed: 1. No user action is required."
Information	9/2/2019 9:59	Microsoft-Windows-PrintService	307	Printing a document	"Document 18, Print Document owned by jkanov01 on \\MESOEL06484 was printed on VLS3.60 through port UCP-1.  Size in bytes: 10672. Pages printed: 1. No user action is required."
Information	9/2/2019 10:10	Microsoft-Windows-PrintService	307	Printing a document	"Document 19, Print Document owned by jkanov01 on \\MESOEL06484 was printed on VLS3.60 through port UCP-1.  Size in bytes: 4256. Pages printed: 1. No user action is required."
Information	9/3/2019 9:30	Microsoft-Windows-PrintService	307	Printing a document	"Document 20, Print Document owned by bstaff01 on \\MESOEL06484 was printed on VLS3.60 through port UCP-1.  Size in bytes: 109100. Pages printed: 1. No user action is required."
Information	9/3/2019 21:37	Microsoft-Windows-PrintService	307	Printing a document	"Document 21, Print Document owned by bstaff01 on \\MESOEL06484 was printed on VLS3.60 through port UCP-1.  Size in bytes: 9680. Pages printed: 1. No user action is required."
Information	9/3/2019 21:42	Microsoft-Windows-PrintService	307	Printing a document	"Document 22, Print Document owned by bstaff01 on \\MESOEL06484 was printed on VLS3.60 through port UCP-1.  Size in bytes: 6672. Pages printed: 1. No user action is required."
Information	9/3/2019 21:51	Microsoft-Windows-PrintService	307	Printing a document	"Document 23, Print Document owned by bstaff01 on \\MESOEL06484 was printed on VLS3.60 through port UCP-1.  Size in bytes: 15824. Pages printed: 1. No user action is required."
Information	9/3/2019 22:04	Microsoft-Windows-PrintService	307	Printing a document	"Document 24, Print Document owned by bstaff01 on \\MESOEL06484 was printed on VLS3.60 through port UCP-1.  Size in bytes: 6800. Pages printed: 1. No user action is required."
Information	9/3/2019 22:04	Microsoft-Windows-PrintService	307	Printing a document	"Document 25, Print Document owned by bstaff01 on \\MESOEL06484 was printed on VLS3.60 through port UCP-1.  Size in bytes: 4624. Pages printed: 1. No user action is required."
Information	9/3/2019 22:09	Microsoft-Windows-PrintService	307	Printing a document	"Document 26, Print Document owned by bstaff01 on \\MESOEL06484 was printed on VLS3.60 through port UCP-1.  Size in bytes: 6800. Pages printed: 1. No user action is required."
Information	9/3/2019 22:10	Microsoft-Windows-PrintService	307	Printing a document	"Document 27, Print Document owned by bstaff01 on \\MESOEL06484 was printed on VLS3.60 through port UCP-1.  Size in bytes: 6800. Pages printed: 1. No user action is required."
Information	9/3/2019 22:10	Microsoft-Windows-PrintService	307	Printing a document	"Document 28, Print Document owned by bstaff01 on \\MESOEL06484 was printed on VLS3.60 through port UCP-1.  Size in bytes: 6800. Pages printed: 1. No user action is required."
Information	9/3/2019 22:19	Microsoft-Windows-PrintService	307	Printing a document	"Document 29, Print Document owned by bstaff01 on \\MESOEL06484 was printed on VLS3.60 through port UCP-1.  Size in bytes: 1840. Pages printed: 1. No user action is required."
Information	9/4/2019 13:13	Microsoft-Windows-PrintService	307	Printing a document	"Document 30, Print Document owned by bstaff01 on \\MESOEL06484 was printed on VLS3.60 through port UCP-1.  Size in bytes: 9096. Pages printed: 1. No user action is required."
Information	9/4/2019 14:35	Microsoft-Windows-PrintService	307	Printing a document	"Document 31, Print Document owned by bstaff01 on \\MESOEL06484 was printed on VLS3.60 through port UCP-1.  Size in bytes: 11376. Pages printed: 1. No user action is required."
Information	9/4/2019 14:36	Microsoft-Windows-PrintService	307	Printing a document	"Document 32, Print Document owned by bstaff01 on \\MESOEL06484 was printed on VLS3.60 through port UCP-1.  Size in bytes: 11376. Pages printed: 1. No user action is required."
Information	9/4/2019 14:37	Microsoft-Windows-PrintService	307	Printing a document	"Document 33, Print Document owned by bstaff01 on \\MESOEL06484 was printed on VLS3.60 through port UCP-1.  Size in bytes: 11376. Pages printed: 1. No user action is required."
Information	9/4/2019 14:46	Microsoft-Windows-PrintService	307	Printing a document	"Document 34, Print Document owned by bstaff01 on \\MESOEL06484 was printed on VLS3.60 through port UCP-1.  Size in bytes: 11568. Pages printed: 1. No user action is required."
Information	9/4/2019 14:56	Microsoft-Windows-PrintService	307	Printing a document	"Document 35, Print Document owned by bstaff01 on \\MESOEL06484 was printed on VLS3.60 through port UCP-1.  Size in bytes: 11568. Pages printed: 1. No user action is required."
Information	9/4/2019 15:11	Microsoft-Windows-PrintService	307	Printing a document	"Document 36, Print Document owned by bstaff01 on \\MESOEL06484 was printed on VLS3.60 through port UCP-1.  Size in bytes: 11568. Pages printed: 1. No user action is required."
Information	9/4/2019 15:12	Microsoft-Windows-PrintService	307	Printing a document	"Document 37, Print Document owned by bstaff01 on \\MESOEL06484 was printed on VLS3.60 through port UCP-1.  Size in bytes: 11568. Pages printed: 1. No user action is required."
Information	9/4/2019 16:02	Microsoft-Windows-PrintService	307	Printing a document	"Document 38, Print Document owned by bstaff01 on \\MESOEL06484 was printed on VLS3.60 through port UCP-1.  Size in bytes: 5488. Pages printed: 1. No user action is required."
Information	9/4/2019 16:34	Microsoft-Windows-PrintService	307	Printing a document	"Document 39, Print Document owned by bstaff01 on \\MESOEL06484 was printed on VLS3.60 through port UCP-1.  Size in bytes: 1168. Pages printed: 1. No user action is required."
Information	9/4/2019 16:35	Microsoft-Windows-PrintService	307	Printing a document	"Document 40, Print Document owned by bstaff01 on \\MESOEL06484 was printed on VLS3.60 through port UCP-1.  Size in bytes: 1424. Pages printed: 1. No user action is required."
Information	9/4/2019 17:06	Microsoft-Windows-PrintService	307	Printing a document	"Document 41, Print Document owned by bstaff01 on \\MESOEL06484 was printed on VLS3.60 through port UCP-1.  Size in bytes: 1168. Pages printed: 1. No user action is required."
Information	9/4/2019 21:22	Microsoft-Windows-PrintService	307	Printing a document	"Document 42, Print Document owned by bstaff01 on \\MESOEL06484 was printed on VLS3.60 through port UCP-1.  Size in bytes: 7072. Pages printed: 1. No user action is required."
Information	9/4/2019 21:27	Microsoft-Windows-PrintService	307	Printing a document	"Document 43, Print Document owned by bstaff01 on \\MESOEL06484 was printed on VLS3.60 through port UCP-1.  Size in bytes: 7072. Pages printed: 1. No user action is required."
Information	9/5/2019 14:02	Microsoft-Windows-PrintService	307	Printing a document	"Document 44, Print Document owned by bstaff01 on \\MESOEL06484 was printed on VLS3.60 through port UCP-1.  Size in bytes: 2088. Pages printed: 1. No user action is required."
Information	9/5/2019 14:07	Microsoft-Windows-PrintService	307	Printing a document	"Document 45, Print Document owned by bstaff01 on \\MESOEL06484 was printed on VLS3.60 through port UCP-1.  Size in bytes: 2088. Pages printed: 1. No user action is required."
Information	9/5/2019 14:10	Microsoft-Windows-PrintService	307	Printing a document	"Document 46, Print Document owned by bstaff01 on \\MESOEL06484 was printed on VLS3.60 through port UCP-1.  Size in bytes: 20656. Pages printed: 1. No user action is required."
Information	9/5/2019 14:16	Microsoft-Windows-PrintService	307	Printing a document	"Document 47, Print Document owned by bstaff01 on \\MESOEL06484 was printed on VLS3.60 through port UCP-1.  Size in bytes: 16400. Pages printed: 1. No user action is required."
Information	9/5/2019 14:18	Microsoft-Windows-PrintService	307	Printing a document	"Document 48, Print Document owned by bstaff01 on \\MESOEL06484 was printed on VLS3.60 through port UCP-1.  Size in bytes: 16400. Pages printed: 1. No user action is required."
Information	9/5/2019 14:30	Microsoft-Windows-PrintService	307	Printing a document	"Document 49, Print Document owned by bstaff01 on \\MESOEL06484 was printed on VLS3.60 through port UCP-1.  Size in bytes: 175920. Pages printed: 1. No user action is required."
Information	9/5/2019 15:15	Microsoft-Windows-PrintService	307	Printing a document	"Document 50, Print Document owned by bstaff01 on \\MESOEL06484 was printed on VLS3.60 through port UCP-1.  Size in bytes: 14024. Pages printed: 1. No user action is required."
Information	9/5/2019 15:16	Microsoft-Windows-PrintService	307	Printing a document	"Document 51, Print Document owned by bstaff01 on \\MESOEL06484 was printed on VLS3.60 through port UCP-1.  Size in bytes: 14024. Pages printed: 1. No user action is required."
Information	9/5/2019 15:26	Microsoft-Windows-PrintService	307	Printing a document	"Document 52, Print Document owned by bstaff01 on \\MESOEL06484 was printed on VLS3.60 through port UCP-1.  Size in bytes: 17172. Pages printed: 1. No user action is required."
Information	9/5/2019 15:55	Microsoft-Windows-PrintService	307	Printing a document	"Document 53, Print Document owned by bstaff01 on \\MESOEL06484 was printed on VLS3.60 through port UCP-1.  Size in bytes: 79264. Pages printed: 1. No user action is required."
Information	9/5/2019 16:10	Microsoft-Windows-PrintService	307	Printing a document	"Document 54, Print Document owned by bstaff01 on \\MESOEL06484 was printed on VLS3.60 through port UCP-1.  Size in bytes: 40912. Pages printed: 1. No user action is required."
Information	9/5/2019 16:22	Microsoft-Windows-PrintService	307	Printing a document	"Document 55, Print Document owned by bstaff01 on \\MESOEL06484 was printed on VLS3.60 through port UCP-1.  Size in bytes: 2896. Pages printed: 1. No user action is required."
Information	9/5/2019 23:31	Microsoft-Windows-PrintService	307	Printing a document	"Document 56, Print Document owned by bstaff01 on \\MESOEL06484 was printed on VLS3.60 through port UCP-1.  Size in bytes: 14432. Pages printed: 1. No user action is required."
Information	9/6/2019 11:57	Microsoft-Windows-PrintService	307	Printing a document	"Document 57, Print Document owned by bstaff01 on \\MESOEL06484 was printed on VLS3.60 through port UCP-1.  Size in bytes: 36840. Pages printed: 1. No user action is required."
Information	9/6/2019 12:21	Microsoft-Windows-PrintService	307	Printing a document	"Document 58, Print Document owned by bstaff01 on \\MESOEL06484 was printed on VLS3.60 through port UCP-1.  Size in bytes: 5920. Pages printed: 1. No user action is required."
Information	9/6/2019 13:02	Microsoft-Windows-PrintService	307	Printing a document	"Document 59, Print Document owned by bstaff01 on \\MESOEL06484 was printed on VLS3.60 through port UCP-1.  Size in bytes: 13656. Pages printed: 1. No user action is required."
Information	9/6/2019 13:48	Microsoft-Windows-PrintService	307	Printing a document	"Document 60, Print Document owned by bstaff01 on \\MESOEL06484 was printed on VLS3.60 through port UCP-1.  Size in bytes: 5520. Pages printed: 1. No user action is required."
Information	9/6/2019 14:41	Microsoft-Windows-PrintService	307	Printing a document	"Document 61, Print Document owned by bstaff01 on \\MESOEL06484 was printed on VLS3.60 through port UCP-1.  Size in bytes: 2224. Pages printed: 1. No user action is required."
Information	9/6/2019 15:15	Microsoft-Windows-PrintService	307	Printing a document	"Document 62, Print Document owned by bstaff01 on \\MESOEL06484 was printed on VLS3.60 through port UCP-1.  Size in bytes: 2256. Pages printed: 1. No user action is required."
Information	9/6/2019 15:31	Microsoft-Windows-PrintService	307	Printing a document	"Document 63, Print Document owned by bstaff01 on \\MESOEL06484 was printed on VLS3.60 through port UCP-1.  Size in bytes: 2256. Pages printed: 1. No user action is required."
Information	9/6/2019 18:12	Microsoft-Windows-PrintService	307	Printing a document	"Document 64, Print Document owned by bstaff01 on \\MESOEL06484 was printed on VLS3.60 through port UCP-1.  Size in bytes: 7024. Pages printed: 1. No user action is required."
Information	9/6/2019 21:21	Microsoft-Windows-PrintService	307	Printing a document	"Document 65, Print Document owned by bstaff01 on \\MESOEL06484 was printed on VLS3.60 through port UCP-1.  Size in bytes: 51868. Pages printed: 1. No user action is required."
Information	9/6/2019 23:23	Microsoft-Windows-PrintService	307	Printing a document	"Document 66, Print Document owned by bstaff01 on \\MESOEL06484 was printed on VLS3.60 through port UCP-1.  Size in bytes: 8272. Pages printed: 1. No user action is required."
Information	9/6/2019 23:27	Microsoft-Windows-PrintService	307	Printing a document	"Document 67, Print Document owned by bstaff01 on \\MESOEL06484 was printed on VLS3.60 through port UCP-1.  Size in bytes: 15772. Pages printed: 1. No user action is required."
Information	9/7/2019 9:37	Microsoft-Windows-PrintService	307	Printing a document	"Document 68, Print Document owned by bstaff01 on \\MESOEL06484 was printed on VLS3.60 through port UCP-1.  Size in bytes: 51868. Pages printed: 1. No user action is required."
Information	9/7/2019 12:03	Microsoft-Windows-PrintService	307	Printing a document	"Document 69, Print Document owned by bstaff01 on \\MESOEL06484 was printed on VLS3.60 through port UCP-1.  Size in bytes: 2240. Pages printed: 1. No user action is required."
Information	9/8/2019 12:07	Microsoft-Windows-PrintService	307	Printing a document	"Document 70, Print Document owned by bstaff01 on \\MESOEL06484 was printed on VLS3.60 through port UCP-1.  Size in bytes: 65760. Pages printed: 1. No user action is required."
Information	9/8/2019 12:56	Microsoft-Windows-PrintService	307	Printing a document	"Document 71, Print Document owned by bstaff01 on \\MESOEL06484 was printed on VLS3.60 through port UCP-1.  Size in bytes: 17080. Pages printed: 1. No user action is required."
Information	9/8/2019 13:06	Microsoft-Windows-PrintService	307	Printing a document	"Document 72, Print Document owned by bstaff01 on \\MESOEL06484 was printed on VLS3.60 through port UCP-1.  Size in bytes: 3728. Pages printed: 1. No user action is required."
Information	9/8/2019 13:54	Microsoft-Windows-PrintService	307	Printing a document	"Document 73, Print Document owned by bstaff01 on \\MESOEL06484 was printed on VLS3.60 through port UCP-1.  Size in bytes: 1622560. Pages printed: 1. No user action is required."
Information	9/8/2019 13:56	Microsoft-Windows-PrintService	307	Printing a document	"Document 74, Print Document owned by bstaff01 on \\MESOEL06484 was printed on VLS3.60 through port UCP-1.  Size in bytes: 1603912. Pages printed: 1. No user action is required."
Information	9/8/2019 14:15	Microsoft-Windows-PrintService	307	Printing a document	"Document 75, Print Document owned by bstaff01 on \\MESOEL06484 was printed on VLS3.60 through port UCP-1.  Size in bytes: 2288. Pages printed: 1. No user action is required."
Information	9/8/2019 14:19	Microsoft-Windows-PrintService	307	Printing a document	"Document 76, Print Document owned by bstaff01 on \\MESOEL06484 was printed on VLS3.60 through port UCP-1.  Size in bytes: 928. Pages printed: 1. No user action is required."
Information	9/8/2019 14:22	Microsoft-Windows-PrintService	307	Printing a document	"Document 77, Print Document owned by bstaff01 on \\MESOEL06484 was printed on VLS3.60 through port UCP-1.  Size in bytes: 656. Pages printed: 1. No user action is required."
Information	9/8/2019 14:27	Microsoft-Windows-PrintService	307	Printing a document	"Document 78, Print Document owned by bstaff01 on \\MESOEL06484 was printed on VLS3.60 through port UCP-1.  Size in bytes: 20656. Pages printed: 1. No user action is required."
Information	9/8/2019 14:46	Microsoft-Windows-PrintService	307	Printing a document	"Document 79, Print Document owned by bstaff01 on \\MESOEL06484 was printed on VLS3.60 through port UCP-1.  Size in bytes: 24400. Pages printed: 1. No user action is required."
Information	9/8/2019 14:51	Microsoft-Windows-PrintService	307	Printing a document	"Document 80, Print Document owned by bstaff01 on \\MESOEL06484 was printed on VLS3.60 through port UCP-1.  Size in bytes: 142544. Pages printed: 1. No user action is required."
Information	9/8/2019 18:36	Microsoft-Windows-PrintService	307	Printing a document	"Document 81, Print Document owned by bstaff01 on \\MESOEL06484 was printed on VLS3.60 through port UCP-1.  Size in bytes: 9520. Pages printed: 1. No user action is required."
Information	9/8/2019 19:08	Microsoft-Windows-PrintService	307	Printing a document	"Document 82, Print Document owned by bstaff01 on \\MESOEL06484 was printed on VLS3.60 through port UCP-1.  Size in bytes: 2608. Pages printed: 1. No user action is required."
Information	9/8/2019 19:28	Microsoft-Windows-PrintService	307	Printing a document	"Document 83, Print Document owned by bstaff01 on \\MESOEL06484 was printed on VLS3.60 through port UCP-1.  Size in bytes: 784. Pages printed: 1. No user action is required."
Information	9/8/2019 19:47	Microsoft-Windows-PrintService	307	Printing a document	"Document 84, Print Document owned by bstaff01 on \\MESOEL06484 was printed on VLS3.60 through port UCP-1.  Size in bytes: 1272. Pages printed: 1. No user action is required."
Information	9/8/2019 19:52	Microsoft-Windows-PrintService	307	Printing a document	"Document 85, Print Document owned by bstaff01 on \\MESOEL06484 was printed on VLS3.60 through port UCP-1.  Size in bytes: 3600. Pages printed: 1. No user action is required."
Information	9/8/2019 19:59	Microsoft-Windows-PrintService	307	Printing a document	"Document 86, Print Document owned by bstaff01 on \\MESOEL06484 was printed on VLS3.60 through port UCP-1.  Size in bytes: 2868. Pages printed: 1. No user action is required."
Information	9/8/2019 20:44	Microsoft-Windows-PrintService	307	Printing a document	"Document 87, Print Document owned by bstaff01 on \\MESOEL06484 was printed on VLS3.60 through port UCP-1.  Size in bytes: 784. Pages printed: 1. No user action is required."
Information	9/8/2019 21:59	Microsoft-Windows-PrintService	307	Printing a document	"Document 88, Print Document owned by bstaff01 on \\MESOEL06484 was printed on VLS3.60 through port UCP-1.  Size in bytes: 5312. Pages printed: 1. No user action is required."
Information	9/9/2019 11:19	Microsoft-Windows-PrintService	307	Printing a document	"Document 89, Print Document owned by bstaff01 on \\MESOEL06484 was printed on VLS3.60 through port UCP-1.  Size in bytes: 2786196. Pages printed: 1. No user action is required."
Information	9/9/2019 12:51	Microsoft-Windows-PrintService	307	Printing a document	"Document 90, Print Document owned by bstaff01 on \\MESOEL06484 was printed on VLS3.60 through port UCP-1.  Size in bytes: 3495780. Pages printed: 1. No user action is required."
Information	9/9/2019 12:53	Microsoft-Windows-PrintService	307	Printing a document	"Document 91, Print Document owned by bstaff01 on \\MESOEL06484 was printed on VLS3.60 through port UCP-1.  Size in bytes: 3494740. Pages printed: 1. No user action is required."
Information	9/9/2019 12:55	Microsoft-Windows-PrintService	307	Printing a document	"Document 92, Print Document owned by bstaff01 on \\MESOEL06484 was printed on VLS3.60 through port UCP-1.  Size in bytes: 3494740. Pages printed: 1. No user action is required."
Information	9/9/2019 12:56	Microsoft-Windows-PrintService	307	Printing a document	"Document 93, Print Document owned by bstaff01 on \\MESOEL06484 was printed on VLS3.60 through port UCP-1.  Size in bytes: 3494720. Pages printed: 1. No user action is required."
Information	9/9/2019 12:58	Microsoft-Windows-PrintService	307	Printing a document	"Document 94, Print Document owned by bstaff01 on \\MESOEL06484 was printed on VLS3.60 through port UCP-1.  Size in bytes: 3494740. Pages printed: 1. No user action is required."
Information	9/9/2019 12:59	Microsoft-Windows-PrintService	307	Printing a document	"Document 95, Print Document owned by bstaff01 on \\MESOEL06484 was printed on VLS3.60 through port UCP-1.  Size in bytes: 3494824. Pages printed: 1. No user action is required."
Information	9/9/2019 12:59	Microsoft-Windows-PrintService	307	Printing a document	"Document 96, Print Document owned by bstaff01 on \\MESOEL06484 was printed on VLS3.60 through port UCP-1.  Size in bytes: 3494740. Pages printed: 1. No user action is required."
Information	9/9/2019 12:59	Microsoft-Windows-PrintService	307	Printing a document	"Document 97, Print Document owned by bstaff01 on \\MESOEL06484 was printed on VLS3.60 through port UCP-1.  Size in bytes: 3495160. Pages printed: 1. No user action is required."
Information	9/9/2019 13:00	Microsoft-Windows-PrintService	307	Printing a document	"Document 98, Print Document owned by bstaff01 on \\MESOEL06484 was printed on VLS3.60 through port UCP-1.  Size in bytes: 3495160. Pages printed: 1. No user action is required."
Information	9/9/2019 13:00	Microsoft-Windows-PrintService	307	Printing a document	"Document 99, Print Document owned by bstaff01 on \\MESOEL06484 was printed on VLS3.60 through port UCP-1.  Size in bytes: 3494740. Pages printed: 1. No user action is required."
Information	9/9/2019 13:00	Microsoft-Windows-PrintService	307	Printing a document	"Document 100, Print Document owned by bstaff01 on \\MESOEL06484 was printed on VLS3.60 through port UCP-1.  Size in bytes: 3494740. Pages printed: 1. No user action is required."
Information	9/9/2019 13:01	Microsoft-Windows-PrintService	307	Printing a document	"Document 101, Print Document owned by bstaff01 on \\MESOEL06484 was printed on VLS3.60 through port UCP-1.  Size in bytes: 3494824. Pages printed: 1. No user action is required."
Information	9/9/2019 13:02	Microsoft-Windows-PrintService	307	Printing a document	"Document 102, Print Document owned by bstaff01 on \\MESOEL06484 was printed on VLS3.60 through port UCP-1.  Size in bytes: 3495284. Pages printed: 1. No user action is required."
Information	9/9/2019 13:02	Microsoft-Windows-PrintService	307	Printing a document	"Document 103, Print Document owned by bstaff01 on \\MESOEL06484 was printed on VLS3.60 through port UCP-1.  Size in bytes: 3495536. Pages printed: 1. No user action is required."
Information	9/9/2019 13:02	Microsoft-Windows-PrintService	307	Printing a document	"Document 104, Print Document owned by bstaff01 on \\MESOEL06484 was printed on VLS3.60 through port UCP-1.  Size in bytes: 3495508. Pages printed: 1. No user action is required."
Information	9/9/2019 13:03	Microsoft-Windows-PrintService	307	Printing a document	"Document 105, Print Document owned by bstaff01 on \\MESOEL06484 was printed on VLS3.60 through port UCP-1.  Size in bytes: 3495536. Pages printed: 1. No user action is required."
Information	9/9/2019 13:04	Microsoft-Windows-PrintService	307	Printing a document	"Document 106, Print Document owned by bstaff01 on \\MESOEL06484 was printed on VLS3.60 through port UCP-1.  Size in bytes: 656. Pages printed: 1. No user action is required."
Information	9/9/2019 13:04	Microsoft-Windows-PrintService	307	Printing a document	"Document 107, Print Document owned by bstaff01 on \\MESOEL06484 was printed on VLS3.60 through port UCP-1.  Size in bytes: 875100. Pages printed: 1. No user action is required."
Information	9/9/2019 13:04	Microsoft-Windows-PrintService	307	Printing a document	"Document 108, Print Document owned by bstaff01 on \\MESOEL06484 was printed on VLS3.60 through port UCP-1.  Size in bytes: 874680. Pages printed: 1. No user action is required."
Information	9/9/2019 13:04	Microsoft-Windows-PrintService	307	Printing a document	"Document 109, Print Document owned by bstaff01 on \\MESOEL06484 was printed on VLS3.60 through port UCP-1.  Size in bytes: 4236. Pages printed: 1. No user action is required."
Information	9/9/2019 13:05	Microsoft-Windows-PrintService	307	Printing a document	"Document 110, Print Document owned by bstaff01 on \\MESOEL06484 was printed on VLS3.60 through port UCP-1.  Size in bytes: 12872. Pages printed: 1. No user action is required."
Information	9/9/2019 13:06	Microsoft-Windows-PrintService	307	Printing a document	"Document 111, Print Document owned by bstaff01 on \\MESOEL06484 was printed on VLS3.60 through port UCP-1.  Size in bytes: 49184. Pages printed: 1. No user action is required."
Information	9/9/2019 15:13	Microsoft-Windows-PrintService	307	Printing a document	"Document 112, Print Document owned by bstaff01 on \\MESOEL06484 was printed on VLS3.60 through port UCP-1.  Size in bytes: 816. Pages printed: 1. No user action is required."
Information	9/9/2019 17:05	Microsoft-Windows-PrintService	307	Printing a document	"Document 113, Print Document owned by bstaff01 on \\MESOEL06484 was printed on VLS3.60 through port UCP-1.  Size in bytes: 55184. Pages printed: 1. No user action is required."
Information	9/9/2019 17:16	Microsoft-Windows-PrintService	307	Printing a document	"Document 114, Print Document owned by bstaff01 on \\MESOEL06484 was printed on VLS3.60 through port UCP-1.  Size in bytes: 57328. Pages printed: 1. No user action is required."
Information	9/9/2019 17:16	Microsoft-Windows-PrintService	307	Printing a document	"Document 115, Print Document owned by bstaff01 on \\MESOEL06484 was printed on VLS3.60 through port UCP-1.  Size in bytes: 2544. Pages printed: 1. No user action is required."
Information	9/9/2019 17:36	Microsoft-Windows-PrintService	307	Printing a document	"Document 116, Print Document owned by bstaff01 on \\MESOEL06484 was printed on VLS3.60 through port UCP-1.  Size in bytes: 33612. Pages printed: 1. No user action is required."
Information	9/9/2019 18:44	Microsoft-Windows-PrintService	307	Printing a document	"Document 117, Print Document owned by bstaff01 on \\MESOEL06484 was printed on VLS3.60 through port UCP-1.  Size in bytes: 11964. Pages printed: 1. No user action is required."
Information	9/9/2019 18:49	Microsoft-Windows-PrintService	307	Printing a document	"Document 118, Print Document owned by bstaff01 on \\MESOEL06484 was printed on VLS3.60 through port UCP-1.  Size in bytes: 11964. Pages printed: 1. No user action is required."
Information	9/9/2019 18:59	Microsoft-Windows-PrintService	307	Printing a document	"Document 119, Print Document owned by bstaff01 on \\MESOEL06484 was printed on VLS3.60 through port UCP-1.  Size in bytes: 784. Pages printed: 1. No user action is required."
Information	9/9/2019 19:39	Microsoft-Windows-PrintService	307	Printing a document	"Document 120, Print Document owned by bstaff01 on \\MESOEL06484 was printed on VLS3.60 through port UCP-1.  Size in bytes: 1400. Pages printed: 1. No user action is required."
Information	9/9/2019 19:46	Microsoft-Windows-PrintService	307	Printing a document	"Document 121, Print Document owned by bstaff01 on \\MESOEL06484 was printed on VLS3.60 through port UCP-1.  Size in bytes: 1400. Pages printed: 1. No user action is required."
Information	9/9/2019 22:13	Microsoft-Windows-PrintService	307	Printing a document	"Document 122, Print Document owned by bstaff01 on \\MESOEL06484 was printed on VLS3.60 through port UCP-1.  Size in bytes: 192200. Pages printed: 1. No user action is required."
Information	9/9/2019 22:20	Microsoft-Windows-PrintService	307	Printing a document	"Document 123, Print Document owned by bstaff01 on \\MESOEL06484 was printed on VLS3.60 through port UCP-1.  Size in bytes: 192200. Pages printed: 1. No user action is required."
Information	9/9/2019 22:22	Microsoft-Windows-PrintService	307	Printing a document	"Document 124, Print Document owned by bstaff01 on \\MESOEL06484 was printed on VLS3.60 through port UCP-1.  Size in bytes: 192200. Pages printed: 1. No user action is required."
Information	9/10/2019 14:34	Microsoft-Windows-PrintService	307	Printing a document	"Document 125, Print Document owned by bstaff01 on \\MESOEL06484 was printed on VLS3.60 through port UCP-1.  Size in bytes: 2532. Pages printed: 1. No user action is required."
Information	9/10/2019 15:31	Microsoft-Windows-PrintService	307	Printing a document	"Document 126, Print Document owned by bstaff01 on \\MESOEL06484 was printed on VLS3.60 through port UCP-1.  Size in bytes: 4528. Pages printed: 1. No user action is required."
Information	9/10/2019 15:31	Microsoft-Windows-PrintService	307	Printing a document	"Document 127, Print Document owned by bstaff01 on \\MESOEL06484 was printed on VLS3.60 through port UCP-1.  Size in bytes: 4528. Pages printed: 1. No user action is required."
Information	9/10/2019 21:16	Microsoft-Windows-PrintService	307	Printing a document	"Document 128, Print Document owned by bstaff01 on \\MESOEL06484 was printed on VLS3.60 through port UCP-1.  Size in bytes: 7844. Pages printed: 1. No user action is required."
Information	9/11/2019 12:53	Microsoft-Windows-PrintService	307	Printing a document	"Document 129, Print Document owned by bstaff01 on \\MESOEL06484 was printed on VLS3.60 through port UCP-1.  Size in bytes: 7844. Pages printed: 1. No user action is required."
