Information	1/28/2020 10:11	Microsoft-Windows-PrintService	307	Printing a document	"Document 95, Print Document owned by ywu15 on \\MESOEL06484 was printed on VLS3.60 through port UCP-1.  Size in bytes: 5452. Pages printed: 1. No user action is required."
Information	1/28/2020 10:12	Microsoft-Windows-PrintService	307	Printing a document	"Document 96, Print Document owned by ywu15 on \\MESOEL06484 was printed on VLS3.60 through port UCP-1.  Size in bytes: 3812. Pages printed: 1. No user action is required."
Information	1/28/2020 10:13	Microsoft-Windows-PrintService	307	Printing a document	"Document 97, Print Document owned by ywu15 on \\MESOEL06484 was printed on VLS3.60 through port UCP-1.  Size in bytes: 3812. Pages printed: 1. No user action is required."
Information	1/28/2020 10:14	Microsoft-Windows-PrintService	307	Printing a document	"Document 98, Print Document owned by ywu15 on \\MESOEL06484 was printed on VLS3.60 through port UCP-1.  Size in bytes: 3840. Pages printed: 1. No user action is required."
Information	1/28/2020 10:18	Microsoft-Windows-PrintService	307	Printing a document	"Document 99, Print Document owned by ywu15 on \\MESOEL06484 was printed on VLS3.60 through port UCP-1.  Size in bytes: 5696. Pages printed: 1. No user action is required."
Information	1/28/2020 10:44	Microsoft-Windows-PrintService	307	Printing a document	"Document 100, Print Document owned by ywu15 on \\MESOEL06484 was printed on VLS3.60 through port UCP-1.  Size in bytes: 584. Pages printed: 1. No user action is required."
Information	1/28/2020 10:46	Microsoft-Windows-PrintService	307	Printing a document	"Document 101, Print Document owned by ywu15 on \\MESOEL06484 was printed on VLS3.60 through port UCP-1.  Size in bytes: 584. Pages printed: 1. No user action is required."
Information	1/28/2020 11:33	Microsoft-Windows-PrintService	307	Printing a document	"Document 102, Print Document owned by ywu15 on \\MESOEL06484 was printed on VLS3.60 through port UCP-1.  Size in bytes: 1648. Pages printed: 1. No user action is required."
Information	1/28/2020 12:33	Microsoft-Windows-PrintService	307	Printing a document	"Document 103, Print Document owned by ywu15 on \\MESOEL06484 was printed on VLS3.60 through port UCP-1.  Size in bytes: 5584. Pages printed: 1. No user action is required."
Information	1/28/2020 12:37	Microsoft-Windows-PrintService	307	Printing a document	"Document 104, Print Document owned by ywu15 on \\MESOEL06484 was printed on VLS3.60 through port UCP-1.  Size in bytes: 2864. Pages printed: 1. No user action is required."
Information	1/28/2020 14:04	Microsoft-Windows-PrintService	307	Printing a document	"Document 105, Print Document owned by ywu15 on \\MESOEL06484 was printed on VLS3.60 through port UCP-1.  Size in bytes: 4816. Pages printed: 1. No user action is required."
Information	1/28/2020 14:10	Microsoft-Windows-PrintService	307	Printing a document	"Document 106, Print Document owned by ywu15 on \\MESOEL06484 was printed on VLS3.60 through port UCP-1.  Size in bytes: 3840. Pages printed: 1. No user action is required."
Information	1/28/2020 15:20	Microsoft-Windows-PrintService	307	Printing a document	"Document 107, Print Document owned by ywu15 on \\MESOEL06484 was printed on VLS3.60 through port UCP-1.  Size in bytes: 584. Pages printed: 1. No user action is required."
Information	1/28/2020 15:32	Microsoft-Windows-PrintService	307	Printing a document	"Document 108, Print Document owned by ywu15 on \\MESOEL06484 was printed on VLS3.60 through port UCP-1.  Size in bytes: 1232. Pages printed: 1. No user action is required."
Information	1/28/2020 15:33	Microsoft-Windows-PrintService	307	Printing a document	"Document 109, Print Document owned by ywu15 on \\MESOEL06484 was printed on VLS3.60 through port UCP-1.  Size in bytes: 1232. Pages printed: 1. No user action is required."
Information	1/28/2020 15:34	Microsoft-Windows-PrintService	307	Printing a document	"Document 110, Print Document owned by ywu15 on \\MESOEL06484 was printed on VLS3.60 through port UCP-1.  Size in bytes: 816. Pages printed: 1. No user action is required."
Information	1/28/2020 15:36	Microsoft-Windows-PrintService	307	Printing a document	"Document 111, Print Document owned by ywu15 on \\MESOEL06484 was printed on VLS3.60 through port UCP-1.  Size in bytes: 816. Pages printed: 1. No user action is required."
Information	1/28/2020 21:37	Microsoft-Windows-PrintService	307	Printing a document	"Document 112, Print Document owned by ywu15 on \\MESOEL06484 was printed on VLS3.60 through port UCP-1.  Size in bytes: 2448. Pages printed: 1. No user action is required."
Information	1/29/2020 14:11	Microsoft-Windows-PrintService	307	Printing a document	"Document 113, Print Document owned by ywu15 on \\MESOEL06484 was printed on VLS3.60 through port UCP-1.  Size in bytes: 13376. Pages printed: 1. No user action is required."
Information	1/29/2020 16:49	Microsoft-Windows-PrintService	307	Printing a document	"Document 114, Print Document owned by ywu15 on \\MESOEL06484 was printed on VLS3.60 through port UCP-1.  Size in bytes: 5552. Pages printed: 1. No user action is required."
Information	1/29/2020 16:53	Microsoft-Windows-PrintService	307	Printing a document	"Document 115, Print Document owned by ywu15 on \\MESOEL06484 was printed on VLS3.60 through port UCP-1.  Size in bytes: 5840. Pages printed: 1. No user action is required."
Information	1/29/2020 16:56	Microsoft-Windows-PrintService	307	Printing a document	"Document 116, Print Document owned by ywu15 on \\MESOEL06484 was printed on VLS3.60 through port UCP-1.  Size in bytes: 1968. Pages printed: 1. No user action is required."
Information	1/29/2020 17:31	Microsoft-Windows-PrintService	307	Printing a document	"Document 117, Print Document owned by pmygas01 on \\MESOEL06484 was printed on VLS3.60 through port UCP-1.  Size in bytes: 59456. Pages printed: 1. No user action is required."
Information	1/29/2020 17:43	Microsoft-Windows-PrintService	307	Printing a document	"Document 118, Print Document owned by pmygas01 on \\MESOEL06484 was printed on VLS3.60 through port UCP-1.  Size in bytes: 59456. Pages printed: 1. No user action is required."
Information	1/29/2020 20:08	Microsoft-Windows-PrintService	307	Printing a document	"Document 119, Print Document owned by ecohen10 on \\MESOEL06484 was printed on VLS3.60 through port UCP-1.  Size in bytes: 5920. Pages printed: 1. No user action is required."
Information	1/29/2020 20:11	Microsoft-Windows-PrintService	307	Printing a document	"Document 120, Print Document owned by ecohen10 on \\MESOEL06484 was printed on VLS3.60 through port UCP-1.  Size in bytes: 5920. Pages printed: 1. No user action is required."
Information	1/29/2020 20:27	Microsoft-Windows-PrintService	307	Printing a document	"Document 121, Print Document owned by ecohen10 on \\MESOEL06484 was printed on VLS3.60 through port UCP-1.  Size in bytes: 7488. Pages printed: 1. No user action is required."
Information	1/29/2020 20:34	Microsoft-Windows-PrintService	307	Printing a document	"Document 122, Print Document owned by ecohen10 on \\MESOEL06484 was printed on VLS3.60 through port UCP-1.  Size in bytes: 1080. Pages printed: 1. No user action is required."
Information	1/29/2020 20:35	Microsoft-Windows-PrintService	307	Printing a document	"Document 123, Print Document owned by ecohen10 on \\MESOEL06484 was printed on VLS3.60 through port UCP-1.  Size in bytes: 1080. Pages printed: 1. No user action is required."
Information	1/29/2020 20:53	Microsoft-Windows-PrintService	307	Printing a document	"Document 124, Print Document owned by ecohen10 on \\MESOEL06484 was printed on VLS3.60 through port UCP-1.  Size in bytes: 752. Pages printed: 1. No user action is required."
Information	1/29/2020 20:54	Microsoft-Windows-PrintService	307	Printing a document	"Document 125, Print Document owned by ecohen10 on \\MESOEL06484 was printed on VLS3.60 through port UCP-1.  Size in bytes: 752. Pages printed: 1. No user action is required."
Information	1/29/2020 21:04	Microsoft-Windows-PrintService	307	Printing a document	"Document 126, Print Document owned by ecohen10 on \\MESOEL06484 was printed on VLS3.60 through port UCP-1.  Size in bytes: 752. Pages printed: 1. No user action is required."
Information	1/30/2020 11:15	Microsoft-Windows-PrintService	307	Printing a document	"Document 127, Print Document owned by ecohen10 on \\MESOEL06484 was printed on VLS3.60 through port UCP-1.  Size in bytes: 1109188. Pages printed: 1. No user action is required."
Information	1/30/2020 11:19	Microsoft-Windows-PrintService	307	Printing a document	"Document 128, Print Document owned by ecohen10 on \\MESOEL06484 was printed on VLS3.60 through port UCP-1.  Size in bytes: 1109296. Pages printed: 1. No user action is required."
Information	1/30/2020 11:44	Microsoft-Windows-PrintService	307	Printing a document	"Document 129, Print Document owned by ecohen10 on \\MESOEL06484 was printed on VLS3.60 through port UCP-1.  Size in bytes: 9496. Pages printed: 1. No user action is required."
Information	1/30/2020 13:37	Microsoft-Windows-PrintService	307	Printing a document	"Document 130, Print Document owned by ecohen10 on \\MESOEL06484 was printed on VLS3.60 through port UCP-1.  Size in bytes: 2608. Pages printed: 1. No user action is required."
Information	1/30/2020 15:12	Microsoft-Windows-PrintService	307	Printing a document	"Document 131, Print Document owned by ecohen10 on \\MESOEL06484 was printed on VLS3.60 through port UCP-1.  Size in bytes: 1968. Pages printed: 1. No user action is required."
Information	1/30/2020 15:54	Microsoft-Windows-PrintService	307	Printing a document	"Document 132, Print Document owned by ecohen10 on \\MESOEL06484 was printed on VLS3.60 through port UCP-1.  Size in bytes: 109896. Pages printed: 1. No user action is required."
Information	1/30/2020 15:55	Microsoft-Windows-PrintService	307	Printing a document	"Document 133, Print Document owned by ecohen10 on \\MESOEL06484 was printed on VLS3.60 through port UCP-1.  Size in bytes: 111704. Pages printed: 1. No user action is required."
Information	1/30/2020 15:56	Microsoft-Windows-PrintService	307	Printing a document	"Document 134, Print Document owned by ecohen10 on \\MESOEL06484 was printed on VLS3.60 through port UCP-1.  Size in bytes: 111704. Pages printed: 1. No user action is required."
Information	1/30/2020 15:58	Microsoft-Windows-PrintService	307	Printing a document	"Document 135, Print Document owned by ecohen10 on \\MESOEL06484 was printed on VLS3.60 through port UCP-1.  Size in bytes: 118888. Pages printed: 1. No user action is required."
Information	1/30/2020 15:58	Microsoft-Windows-PrintService	307	Printing a document	"Document 136, Print Document owned by ecohen10 on \\MESOEL06484 was printed on VLS3.60 through port UCP-1.  Size in bytes: 14480. Pages printed: 1. No user action is required."
Information	1/30/2020 16:08	Microsoft-Windows-PrintService	307	Printing a document	"Document 137, Print Document owned by ecohen10 on \\MESOEL06484 was printed on VLS3.60 through port UCP-1.  Size in bytes: 104808. Pages printed: 1. No user action is required."
Information	1/30/2020 17:46	Microsoft-Windows-PrintService	307	Printing a document	"Document 138, Print Document owned by ecohen10 on \\MESOEL06484 was printed on VLS3.60 through port UCP-1.  Size in bytes: 4616. Pages printed: 1. No user action is required."
Information	1/30/2020 18:42	Microsoft-Windows-PrintService	307	Printing a document	"Document 139, Print Document owned by ecohen10 on \\MESOEL06484 was printed on VLS3.60 through port UCP-1.  Size in bytes: 5264. Pages printed: 1. No user action is required."
Information	1/30/2020 19:09	Microsoft-Windows-PrintService	307	Printing a document	"Document 140, Print Document owned by ecohen10 on \\MESOEL06484 was printed on VLS3.60 through port UCP-1.  Size in bytes: 32072. Pages printed: 1. No user action is required."
Information	1/30/2020 21:08	Microsoft-Windows-PrintService	307	Printing a document	"Document 141, Print Document owned by ecohen10 on \\MESOEL06484 was printed on VLS3.60 through port UCP-1.  Size in bytes: 3040. Pages printed: 1. No user action is required."
Information	1/31/2020 11:46	Microsoft-Windows-PrintService	307	Printing a document	"Document 142, Print Document owned by ecohen10 on \\MESOEL06484 was printed on VLS3.60 through port UCP-1.  Size in bytes: 864. Pages printed: 1. No user action is required."
Information	1/31/2020 12:28	Microsoft-Windows-PrintService	307	Printing a document	"Document 143, Print Document owned by ecohen10 on \\MESOEL06484 was printed on VLS3.60 through port UCP-1.  Size in bytes: 4496. Pages printed: 1. No user action is required."
Information	1/31/2020 12:29	Microsoft-Windows-PrintService	307	Printing a document	"Document 144, Print Document owned by ecohen10 on \\MESOEL06484 was printed on VLS3.60 through port UCP-1.  Size in bytes: 4496. Pages printed: 1. No user action is required."
Information	1/31/2020 14:22	Microsoft-Windows-PrintService	307	Printing a document	"Document 145, Print Document owned by ecohen10 on \\MESOEL06484 was printed on VLS3.60 through port UCP-1.  Size in bytes: 6288. Pages printed: 1. No user action is required."
Information	1/31/2020 14:53	Microsoft-Windows-PrintService	307	Printing a document	"Document 146, Print Document owned by fvande01 on \\MESOEL06484 was printed on VLS3.60 through port UCP-1.  Size in bytes: 116008. Pages printed: 1. No user action is required."
Information	1/31/2020 14:54	Microsoft-Windows-PrintService	307	Printing a document	"Document 147, Print Document owned by fvande01 on \\MESOEL06484 was printed on VLS3.60 through port UCP-1.  Size in bytes: 117584. Pages printed: 1. No user action is required."
Information	1/31/2020 15:37	Microsoft-Windows-PrintService	307	Printing a document	"Document 148, Print Document owned by fvande01 on \\MESOEL06484 was printed on VLS3.60 through port UCP-1.  Size in bytes: 81972. Pages printed: 1. No user action is required."
Information	1/31/2020 15:38	Microsoft-Windows-PrintService	307	Printing a document	"Document 149, Print Document owned by fvande01 on \\MESOEL06484 was printed on VLS3.60 through port UCP-1.  Size in bytes: 82228. Pages printed: 1. No user action is required."
Information	1/31/2020 15:38	Microsoft-Windows-PrintService	307	Printing a document	"Document 150, Print Document owned by fvande01 on \\MESOEL06484 was printed on VLS3.60 through port UCP-1.  Size in bytes: 81760. Pages printed: 1. No user action is required."
Information	1/31/2020 16:03	Microsoft-Windows-PrintService	307	Printing a document	"Document 151, Print Document owned by fvande01 on \\MESOEL06484 was printed on VLS3.60 through port UCP-1.  Size in bytes: 30428. Pages printed: 1. No user action is required."
Information	1/31/2020 16:17	Microsoft-Windows-PrintService	307	Printing a document	"Document 152, Print Document owned by fvande01 on \\MESOEL06484 was printed on VLS3.60 through port UCP-1.  Size in bytes: 203728. Pages printed: 1. No user action is required."
Information	1/31/2020 16:22	Microsoft-Windows-PrintService	307	Printing a document	"Document 153, Print Document owned by fvande01 on \\MESOEL06484 was printed on VLS3.60 through port UCP-1.  Size in bytes: 203728. Pages printed: 1. No user action is required."
Information	1/31/2020 16:23	Microsoft-Windows-PrintService	307	Printing a document	"Document 154, Print Document owned by fvande01 on \\MESOEL06484 was printed on VLS3.60 through port UCP-1.  Size in bytes: 203728. Pages printed: 1. No user action is required."
Information	1/31/2020 17:45	Microsoft-Windows-PrintService	307	Printing a document	"Document 155, Print Document owned by fvande01 on \\MESOEL06484 was printed on VLS3.60 through port UCP-1.  Size in bytes: 89376. Pages printed: 1. No user action is required."
Information	1/31/2020 17:46	Microsoft-Windows-PrintService	307	Printing a document	"Document 156, Print Document owned by fvande01 on \\MESOEL06484 was printed on VLS3.60 through port UCP-1.  Size in bytes: 5840. Pages printed: 1. No user action is required."
Information	1/31/2020 17:47	Microsoft-Windows-PrintService	307	Printing a document	"Document 157, Print Document owned by fvande01 on \\MESOEL06484 was printed on VLS3.60 through port UCP-1.  Size in bytes: 5840. Pages printed: 1. No user action is required."
Information	1/31/2020 17:49	Microsoft-Windows-PrintService	307	Printing a document	"Document 158, Print Document owned by fvande01 on \\MESOEL06484 was printed on VLS3.60 through port UCP-1.  Size in bytes: 4984. Pages printed: 1. No user action is required."
Information	1/31/2020 17:51	Microsoft-Windows-PrintService	307	Printing a document	"Document 159, Print Document owned by fvande01 on \\MESOEL06484 was printed on VLS3.60 through port UCP-1.  Size in bytes: 84976. Pages printed: 1. No user action is required."
Information	1/31/2020 17:55	Microsoft-Windows-PrintService	307	Printing a document	"Document 160, Print Document owned by fvande01 on \\MESOEL06484 was printed on VLS3.60 through port UCP-1.  Size in bytes: 1864. Pages printed: 1. No user action is required."
Information	1/31/2020 17:56	Microsoft-Windows-PrintService	307	Printing a document	"Document 161, Print Document owned by fvande01 on \\MESOEL06484 was printed on VLS3.60 through port UCP-1.  Size in bytes: 1864. Pages printed: 1. No user action is required."
Information	1/31/2020 18:02	Microsoft-Windows-PrintService	307	Printing a document	"Document 162, Print Document owned by fvande01 on \\MESOEL06484 was printed on VLS3.60 through port UCP-1.  Size in bytes: 1864. Pages printed: 1. No user action is required."
Information	1/31/2020 18:11	Microsoft-Windows-PrintService	307	Printing a document	"Document 163, Print Document owned by fvande01 on \\MESOEL06484 was printed on VLS3.60 through port UCP-1.  Size in bytes: 1864. Pages printed: 1. No user action is required."
Information	1/31/2020 18:14	Microsoft-Windows-PrintService	307	Printing a document	"Document 164, Print Document owned by fvande01 on \\MESOEL06484 was printed on VLS3.60 through port UCP-1.  Size in bytes: 1864. Pages printed: 1. No user action is required."
Information	1/31/2020 18:17	Microsoft-Windows-PrintService	307	Printing a document	"Document 165, Print Document owned by fvande01 on \\MESOEL06484 was printed on VLS3.60 through port UCP-1.  Size in bytes: 1864. Pages printed: 1. No user action is required."
Information	2/1/2020 10:53	Microsoft-Windows-PrintService	307	Printing a document	"Document 166, Print Document owned by acasti03 on \\MESOEL06484 was printed on VLS3.60 through port UCP-1.  Size in bytes: 6136. Pages printed: 1. No user action is required."
Information	2/1/2020 11:39	Microsoft-Windows-PrintService	307	Printing a document	"Document 167, Print Document owned by acasti03 on \\MESOEL06484 was printed on VLS3.60 through port UCP-1.  Size in bytes: 3360. Pages printed: 1. No user action is required."
Information	2/1/2020 11:46	Microsoft-Windows-PrintService	307	Printing a document	"Document 168, Print Document owned by acasti03 on \\MESOEL06484 was printed on VLS3.60 through port UCP-1.  Size in bytes: 10000. Pages printed: 1. No user action is required."
Information	2/1/2020 11:53	Microsoft-Windows-PrintService	307	Printing a document	"Document 169, Print Document owned by acasti03 on \\MESOEL06484 was printed on VLS3.60 through port UCP-1.  Size in bytes: 2976. Pages printed: 1. No user action is required."
Information	2/1/2020 12:01	Microsoft-Windows-PrintService	307	Printing a document	"Document 170, Print Document owned by acasti03 on \\MESOEL06484 was printed on VLS3.60 through port UCP-1.  Size in bytes: 2976. Pages printed: 1. No user action is required."
Information	2/1/2020 12:05	Microsoft-Windows-PrintService	307	Printing a document	"Document 171, Print Document owned by acasti03 on \\MESOEL06484 was printed on VLS3.60 through port UCP-1.  Size in bytes: 2976. Pages printed: 1. No user action is required."
Information	2/1/2020 12:16	Microsoft-Windows-PrintService	307	Printing a document	"Document 172, Print Document owned by acasti03 on \\MESOEL06484 was printed on VLS3.60 through port UCP-1.  Size in bytes: 4288. Pages printed: 1. No user action is required."
Information	2/1/2020 12:17	Microsoft-Windows-PrintService	307	Printing a document	"Document 173, Print Document owned by acasti03 on \\MESOEL06484 was printed on VLS3.60 through port UCP-1.  Size in bytes: 4144. Pages printed: 1. No user action is required."
Information	2/1/2020 13:03	Microsoft-Windows-PrintService	307	Printing a document	"Document 174, Print Document owned by acasti03 on \\MESOEL06484 was printed on VLS3.60 through port UCP-1.  Size in bytes: 2808. Pages printed: 1. No user action is required."
Information	2/1/2020 13:13	Microsoft-Windows-PrintService	307	Printing a document	"Document 175, Print Document owned by acasti03 on \\MESOEL06484 was printed on VLS3.60 through port UCP-1.  Size in bytes: 2808. Pages printed: 1. No user action is required."
Information	2/1/2020 13:26	Microsoft-Windows-PrintService	307	Printing a document	"Document 176, Print Document owned by acasti03 on \\MESOEL06484 was printed on VLS3.60 through port UCP-1.  Size in bytes: 21480. Pages printed: 1. No user action is required."
Information	2/1/2020 13:32	Microsoft-Windows-PrintService	307	Printing a document	"Document 177, Print Document owned by acasti03 on \\MESOEL06484 was printed on VLS3.60 through port UCP-1.  Size in bytes: 21536. Pages printed: 1. No user action is required."
Information	2/1/2020 13:39	Microsoft-Windows-PrintService	307	Printing a document	"Document 178, Print Document owned by acasti03 on \\MESOEL06484 was printed on VLS3.60 through port UCP-1.  Size in bytes: 24920. Pages printed: 1. No user action is required."
Information	2/1/2020 14:04	Microsoft-Windows-PrintService	307	Printing a document	"Document 179, Print Document owned by acasti03 on \\MESOEL06484 was printed on VLS3.60 through port UCP-1.  Size in bytes: 4816. Pages printed: 1. No user action is required."
Information	2/1/2020 14:11	Microsoft-Windows-PrintService	307	Printing a document	"Document 180, Print Document owned by acasti03 on \\MESOEL06484 was printed on VLS3.60 through port UCP-1.  Size in bytes: 9232. Pages printed: 1. No user action is required."
Information	2/1/2020 14:26	Microsoft-Windows-PrintService	307	Printing a document	"Document 181, Print Document owned by acasti03 on \\MESOEL06484 was printed on VLS3.60 through port UCP-1.  Size in bytes: 2136704. Pages printed: 1. No user action is required."
Information	2/1/2020 15:10	Microsoft-Windows-PrintService	307	Printing a document	"Document 182, Print Document owned by acasti03 on \\MESOEL06484 was printed on VLS3.60 through port UCP-1.  Size in bytes: 17328. Pages printed: 1. No user action is required."
Information	2/1/2020 15:16	Microsoft-Windows-PrintService	307	Printing a document	"Document 183, Print Document owned by acasti03 on \\MESOEL06484 was printed on VLS3.60 through port UCP-1.  Size in bytes: 6672. Pages printed: 1. No user action is required."
Information	2/1/2020 15:24	Microsoft-Windows-PrintService	307	Printing a document	"Document 184, Print Document owned by acasti03 on \\MESOEL06484 was printed on VLS3.60 through port UCP-1.  Size in bytes: 13648. Pages printed: 1. No user action is required."
Information	2/1/2020 16:06	Microsoft-Windows-PrintService	307	Printing a document	"Document 185, Print Document owned by acasti03 on \\MESOEL06484 was printed on VLS3.60 through port UCP-1.  Size in bytes: 3344. Pages printed: 1. No user action is required."
Information	2/1/2020 16:07	Microsoft-Windows-PrintService	307	Printing a document	"Document 186, Print Document owned by acasti03 on \\MESOEL06484 was printed on VLS3.60 through port UCP-1.  Size in bytes: 3344. Pages printed: 1. No user action is required."
Information	2/1/2020 23:56	Microsoft-Windows-PrintService	307	Printing a document	"Document 2, Print Document owned by ywu15 on \\MESOEL06484 was printed on VLS3.60 through port UCP-1.  Size in bytes: 59568. Pages printed: 1. No user action is required."
Information	2/2/2020 0:15	Microsoft-Windows-PrintService	307	Printing a document	"Document 3, Print Document owned by ywu15 on \\MESOEL06484 was printed on VLS3.60 through port UCP-1.  Size in bytes: 25520. Pages printed: 1. No user action is required."
Information	2/2/2020 0:15	Microsoft-Windows-PrintService	307	Printing a document	"Document 4, Print Document owned by ywu15 on \\MESOEL06484 was printed on VLS3.60 through port UCP-1.  Size in bytes: 25520. Pages printed: 1. No user action is required."
Information	2/2/2020 10:39	Microsoft-Windows-PrintService	307	Printing a document	"Document 5, Print Document owned by ehirsc02 on \\MESOEL06484 was printed on VLS3.60 through port UCP-1.  Size in bytes: 9696. Pages printed: 1. No user action is required."
Information	2/2/2020 10:40	Microsoft-Windows-PrintService	307	Printing a document	"Document 6, Print Document owned by ehirsc02 on \\MESOEL06484 was printed on VLS3.60 through port UCP-1.  Size in bytes: 9696. Pages printed: 1. No user action is required."
Information	2/2/2020 12:59	Microsoft-Windows-PrintService	307	Printing a document	"Document 7, Print Document owned by dugurl01 on \\MESOEL06484 was printed on VLS3.60 through port UCP-1.  Size in bytes: 14760. Pages printed: 1. No user action is required."
Information	2/2/2020 14:10	Microsoft-Windows-PrintService	307	Printing a document	"Document 8, Print Document owned by fvande01 on \\MESOEL06484 was printed on VLS3.60 through port UCP-1.  Size in bytes: 8752. Pages printed: 1. No user action is required."
Information	2/2/2020 14:23	Microsoft-Windows-PrintService	307	Printing a document	"Document 9, Print Document owned by tgladk01 on \\MESOEL06484 was printed on VLS3.60 through port UCP-1.  Size in bytes: 4912. Pages printed: 1. No user action is required."
Information	2/2/2020 14:27	Microsoft-Windows-PrintService	307	Printing a document	"Document 10, Print Document owned by tgladk01 on \\MESOEL06484 was printed on VLS3.60 through port UCP-1.  Size in bytes: 4912. Pages printed: 1. No user action is required."
Information	2/2/2020 14:28	Microsoft-Windows-PrintService	307	Printing a document	"Document 11, Print Document owned by tgladk01 on \\MESOEL06484 was printed on VLS3.60 through port UCP-1.  Size in bytes: 4912. Pages printed: 1. No user action is required."
Information	2/2/2020 14:28	Microsoft-Windows-PrintService	307	Printing a document	"Document 12, Print Document owned by tgladk01 on \\MESOEL06484 was printed on VLS3.60 through port UCP-1.  Size in bytes: 4912. Pages printed: 1. No user action is required."
Information	2/2/2020 14:29	Microsoft-Windows-PrintService	307	Printing a document	"Document 13, Print Document owned by tgladk01 on \\MESOEL06484 was printed on VLS3.60 through port UCP-1.  Size in bytes: 4912. Pages printed: 1. No user action is required."
Information	2/2/2020 14:45	Microsoft-Windows-PrintService	307	Printing a document	"Document 14, Print Document owned by fvande01 on \\MESOEL06484 was printed on VLS3.60 through port UCP-1.  Size in bytes: 8752. Pages printed: 1. No user action is required."
Information	2/2/2020 14:49	Microsoft-Windows-PrintService	307	Printing a document	"Document 15, Print Document owned by fvande01 on \\MESOEL06484 was printed on VLS3.60 through port UCP-1.  Size in bytes: 17104. Pages printed: 1. No user action is required."
Information	2/2/2020 15:05	Microsoft-Windows-PrintService	307	Printing a document	"Document 16, Print Document owned by dryabo01 on \\MESOEL06484 was printed on VLS3.60 through port UCP-1.  Size in bytes: 6160. Pages printed: 1. No user action is required."
Information	2/2/2020 15:05	Microsoft-Windows-PrintService	307	Printing a document	"Document 17, Print Document owned by dryabo01 on \\MESOEL06484 was printed on VLS3.60 through port UCP-1.  Size in bytes: 6160. Pages printed: 1. No user action is required."
Information	2/2/2020 15:38	Microsoft-Windows-PrintService	307	Printing a document	"Document 18, Print Document owned by fvande01 on \\MESOEL06484 was printed on VLS3.60 through port UCP-1.  Size in bytes: 2640. Pages printed: 1. No user action is required."
Information	2/2/2020 16:25	Microsoft-Windows-PrintService	307	Printing a document	"Document 19, Print Document owned by jnolan02 on \\MESOEL06484 was printed on VLS3.60 through port UCP-1.  Size in bytes: 2240. Pages printed: 1. No user action is required."
Information	2/2/2020 16:27	Microsoft-Windows-PrintService	307	Printing a document	"Document 20, Print Document owned by jnolan02 on \\MESOEL06484 was printed on VLS3.60 through port UCP-1.  Size in bytes: 2240. Pages printed: 1. No user action is required."
Information	2/2/2020 16:27	Microsoft-Windows-PrintService	307	Printing a document	"Document 21, Print Document owned by jnolan02 on \\MESOEL06484 was printed on VLS3.60 through port UCP-1.  Size in bytes: 2240. Pages printed: 1. No user action is required."
Information	2/2/2020 16:27	Microsoft-Windows-PrintService	307	Printing a document	"Document 22, Print Document owned by jnolan02 on \\MESOEL06484 was printed on VLS3.60 through port UCP-1.  Size in bytes: 2240. Pages printed: 1. No user action is required."
Information	2/2/2020 16:29	Microsoft-Windows-PrintService	307	Printing a document	"Document 23, Print Document owned by jnolan02 on \\MESOEL06484 was printed on VLS3.60 through port UCP-1.  Size in bytes: 2240. Pages printed: 1. No user action is required."
Information	2/2/2020 16:30	Microsoft-Windows-PrintService	307	Printing a document	"Document 24, Print Document owned by jnolan02 on \\MESOEL06484 was printed on VLS3.60 through port UCP-1.  Size in bytes: 2240. Pages printed: 1. No user action is required."
Information	2/2/2020 16:31	Microsoft-Windows-PrintService	307	Printing a document	"Document 25, Print Document owned by jnolan02 on \\MESOEL06484 was printed on VLS3.60 through port UCP-1.  Size in bytes: 2240. Pages printed: 1. No user action is required."
Information	2/2/2020 16:32	Microsoft-Windows-PrintService	307	Printing a document	"Document 26, Print Document owned by jnolan02 on \\MESOEL06484 was printed on VLS3.60 through port UCP-1.  Size in bytes: 2240. Pages printed: 1. No user action is required."
Information	2/2/2020 16:32	Microsoft-Windows-PrintService	307	Printing a document	"Document 27, Print Document owned by jnolan02 on \\MESOEL06484 was printed on VLS3.60 through port UCP-1.  Size in bytes: 1580. Pages printed: 1. No user action is required."
Information	2/2/2020 16:33	Microsoft-Windows-PrintService	307	Printing a document	"Document 28, Print Document owned by jnolan02 on \\MESOEL06484 was printed on VLS3.60 through port UCP-1.  Size in bytes: 1580. Pages printed: 1. No user action is required."
Information	2/2/2020 16:33	Microsoft-Windows-PrintService	307	Printing a document	"Document 29, Print Document owned by jnolan02 on \\MESOEL06484 was printed on VLS3.60 through port UCP-1.  Size in bytes: 1580. Pages printed: 1. No user action is required."
Information	2/2/2020 16:34	Microsoft-Windows-PrintService	307	Printing a document	"Document 30, Print Document owned by jnolan02 on \\MESOEL06484 was printed on VLS3.60 through port UCP-1.  Size in bytes: 1572. Pages printed: 1. No user action is required."
Information	2/2/2020 16:35	Microsoft-Windows-PrintService	307	Printing a document	"Document 31, Print Document owned by jnolan02 on \\MESOEL06484 was printed on VLS3.60 through port UCP-1.  Size in bytes: 1572. Pages printed: 1. No user action is required."
Information	2/2/2020 16:35	Microsoft-Windows-PrintService	307	Printing a document	"Document 32, Print Document owned by jnolan02 on \\MESOEL06484 was printed on VLS3.60 through port UCP-1.  Size in bytes: 2784. Pages printed: 1. No user action is required."
Information	2/2/2020 16:36	Microsoft-Windows-PrintService	307	Printing a document	"Document 33, Print Document owned by jnolan02 on \\MESOEL06484 was printed on VLS3.60 through port UCP-1.  Size in bytes: 5884. Pages printed: 1. No user action is required."
Information	2/2/2020 16:38	Microsoft-Windows-PrintService	307	Printing a document	"Document 34, Print Document owned by jnolan02 on \\MESOEL06484 was printed on VLS3.60 through port UCP-1.  Size in bytes: 5884. Pages printed: 1. No user action is required."
Information	2/2/2020 16:38	Microsoft-Windows-PrintService	307	Printing a document	"Document 35, Print Document owned by jnolan02 on \\MESOEL06484 was printed on VLS3.60 through port UCP-1.  Size in bytes: 5884. Pages printed: 1. No user action is required."
Information	2/2/2020 16:39	Microsoft-Windows-PrintService	307	Printing a document	"Document 36, Print Document owned by jnolan02 on \\MESOEL06484 was printed on VLS3.60 through port UCP-1.  Size in bytes: 5884. Pages printed: 1. No user action is required."
Information	2/2/2020 16:40	Microsoft-Windows-PrintService	307	Printing a document	"Document 37, Print Document owned by jnolan02 on \\MESOEL06484 was printed on VLS3.60 through port UCP-1.  Size in bytes: 6068. Pages printed: 1. No user action is required."
Information	2/2/2020 16:45	Microsoft-Windows-PrintService	307	Printing a document	"Document 38, Print Document owned by jnolan02 on \\MESOEL06484 was printed on VLS3.60 through port UCP-1.  Size in bytes: 2784. Pages printed: 1. No user action is required."
Information	2/2/2020 16:47	Microsoft-Windows-PrintService	307	Printing a document	"Document 39, Print Document owned by jnolan02 on \\MESOEL06484 was printed on VLS3.60 through port UCP-1.  Size in bytes: 2972. Pages printed: 1. No user action is required."
Information	2/2/2020 16:52	Microsoft-Windows-PrintService	307	Printing a document	"Document 40, Print Document owned by fvande01 on \\MESOEL06484 was printed on VLS3.60 through port UCP-1.  Size in bytes: 10472. Pages printed: 1. No user action is required."
Information	2/2/2020 17:01	Microsoft-Windows-PrintService	307	Printing a document	"Document 41, Print Document owned by dbekai01 on \\MESOEL06484 was printed on VLS3.60 through port UCP-1.  Size in bytes: 4912. Pages printed: 1. No user action is required."
Information	2/2/2020 17:15	Microsoft-Windows-PrintService	307	Printing a document	"Document 42, Print Document owned by fyao01 on \\MESOEL06484 was printed on VLS3.60 through port UCP-1.  Size in bytes: 8864. Pages printed: 1. No user action is required."
Information	2/2/2020 17:21	Microsoft-Windows-PrintService	307	Printing a document	"Document 43, Print Document owned by jnolan02 on \\MESOEL06484 was printed on VLS3.60 through port UCP-1.  Size in bytes: 4080. Pages printed: 1. No user action is required."
Information	2/2/2020 17:22	Microsoft-Windows-PrintService	307	Printing a document	"Document 44, Print Document owned by jnolan02 on \\MESOEL06484 was printed on VLS3.60 through port UCP-1.  Size in bytes: 4080. Pages printed: 1. No user action is required."
Information	2/2/2020 17:28	Microsoft-Windows-PrintService	307	Printing a document	"Document 45, Print Document owned by jnolan02 on \\MESOEL06484 was printed on VLS3.60 through port UCP-1.  Size in bytes: 2608. Pages printed: 1. No user action is required."
Information	2/2/2020 17:34	Microsoft-Windows-PrintService	307	Printing a document	"Document 46, Print Document owned by jnolan02 on \\MESOEL06484 was printed on VLS3.60 through port UCP-1.  Size in bytes: 6484. Pages printed: 1. No user action is required."
Information	2/2/2020 17:43	Microsoft-Windows-PrintService	307	Printing a document	"Document 47, Print Document owned by jnolan02 on \\MESOEL06484 was printed on VLS3.60 through port UCP-1.  Size in bytes: 4080. Pages printed: 1. No user action is required."
Information	2/2/2020 17:46	Microsoft-Windows-PrintService	307	Printing a document	"Document 48, Print Document owned by jnolan02 on \\MESOEL06484 was printed on VLS3.60 through port UCP-1.  Size in bytes: 2608. Pages printed: 1. No user action is required."
Information	2/2/2020 17:51	Microsoft-Windows-PrintService	307	Printing a document	"Document 49, Print Document owned by jnolan02 on \\MESOEL06484 was printed on VLS3.60 through port UCP-1.  Size in bytes: 8864. Pages printed: 1. No user action is required."
Information	2/2/2020 18:02	Microsoft-Windows-PrintService	307	Printing a document	"Document 50, Print Document owned by jnolan02 on \\MESOEL06484 was printed on VLS3.60 through port UCP-1.  Size in bytes: 3624. Pages printed: 1. No user action is required."
Information	2/2/2020 18:12	Microsoft-Windows-PrintService	307	Printing a document	"Document 51, Print Document owned by jnolan02 on \\MESOEL06484 was printed on VLS3.60 through port UCP-1.  Size in bytes: 12448. Pages printed: 1. No user action is required."
Information	2/2/2020 18:16	Microsoft-Windows-PrintService	307	Printing a document	"Document 52, Print Document owned by jnolan02 on \\MESOEL06484 was printed on VLS3.60 through port UCP-1.  Size in bytes: 17984. Pages printed: 1. No user action is required."
Information	2/2/2020 18:20	Microsoft-Windows-PrintService	307	Printing a document	"Document 53, Print Document owned by jnolan02 on \\MESOEL06484 was printed on VLS3.60 through port UCP-1.  Size in bytes: 17984. Pages printed: 1. No user action is required."
Information	2/2/2020 18:32	Microsoft-Windows-PrintService	307	Printing a document	"Document 54, Print Document owned by jnolan02 on \\MESOEL06484 was printed on VLS3.60 through port UCP-1.  Size in bytes: 24240. Pages printed: 1. No user action is required."
Information	2/2/2020 18:47	Microsoft-Windows-PrintService	307	Printing a document	"Document 55, Print Document owned by jnolan02 on \\MESOEL06484 was printed on VLS3.60 through port UCP-1.  Size in bytes: 916. Pages printed: 1. No user action is required."
Information	2/2/2020 18:48	Microsoft-Windows-PrintService	307	Printing a document	"Document 56, Print Document owned by jnolan02 on \\MESOEL06484 was printed on VLS3.60 through port UCP-1.  Size in bytes: 916. Pages printed: 1. No user action is required."
Information	2/2/2020 18:51	Microsoft-Windows-PrintService	307	Printing a document	"Document 57, Print Document owned by jnolan02 on \\MESOEL06484 was printed on VLS3.60 through port UCP-1.  Size in bytes: 752. Pages printed: 1. No user action is required."
Information	2/2/2020 18:56	Microsoft-Windows-PrintService	307	Printing a document	"Document 58, Print Document owned by jnolan02 on \\MESOEL06484 was printed on VLS3.60 through port UCP-1.  Size in bytes: 8896. Pages printed: 1. No user action is required."
Information	2/2/2020 19:01	Microsoft-Windows-PrintService	307	Printing a document	"Document 59, Print Document owned by jnolan02 on \\MESOEL06484 was printed on VLS3.60 through port UCP-1.  Size in bytes: 19864. Pages printed: 1. No user action is required."
Information	2/2/2020 19:18	Microsoft-Windows-PrintService	307	Printing a document	"Document 60, Print Document owned by jnolan02 on \\MESOEL06484 was printed on VLS3.60 through port UCP-1.  Size in bytes: 2880. Pages printed: 1. No user action is required."
Information	2/2/2020 20:01	Microsoft-Windows-PrintService	307	Printing a document	"Document 61, Print Document owned by jnolan02 on \\MESOEL06484 was printed on VLS3.60 through port UCP-1.  Size in bytes: 30536. Pages printed: 1. No user action is required."
Information	2/2/2020 20:02	Microsoft-Windows-PrintService	307	Printing a document	"Document 62, Print Document owned by jnolan02 on \\MESOEL06484 was printed on VLS3.60 through port UCP-1.  Size in bytes: 30560. Pages printed: 1. No user action is required."
Information	2/2/2020 20:04	Microsoft-Windows-PrintService	307	Printing a document	"Document 63, Print Document owned by jnolan02 on \\MESOEL06484 was printed on VLS3.60 through port UCP-1.  Size in bytes: 30560. Pages printed: 1. No user action is required."
Information	2/2/2020 20:26	Microsoft-Windows-PrintService	307	Printing a document	"Document 64, Print Document owned by jnolan02 on \\MESOEL06484 was printed on VLS3.60 through port UCP-1.  Size in bytes: 16176. Pages printed: 1. No user action is required."
Information	2/2/2020 20:42	Microsoft-Windows-PrintService	307	Printing a document	"Document 65, Print Document owned by jnolan02 on \\MESOEL06484 was printed on VLS3.60 through port UCP-1.  Size in bytes: 7280. Pages printed: 1. No user action is required."
Information	2/2/2020 20:43	Microsoft-Windows-PrintService	307	Printing a document	"Document 66, Print Document owned by jnolan02 on \\MESOEL06484 was printed on VLS3.60 through port UCP-1.  Size in bytes: 7280. Pages printed: 1. No user action is required."
Information	2/2/2020 20:50	Microsoft-Windows-PrintService	307	Printing a document	"Document 67, Print Document owned by jnolan02 on \\MESOEL06484 was printed on VLS3.60 through port UCP-1.  Size in bytes: 10240. Pages printed: 1. No user action is required."
Information	2/2/2020 21:19	Microsoft-Windows-PrintService	307	Printing a document	"Document 68, Print Document owned by jnolan02 on \\MESOEL06484 was printed on VLS3.60 through port UCP-1.  Size in bytes: 6428. Pages printed: 1. No user action is required."
Information	2/2/2020 21:34	Microsoft-Windows-PrintService	307	Printing a document	"Document 69, Print Document owned by jnolan02 on \\MESOEL06484 was printed on VLS3.60 through port UCP-1.  Size in bytes: 7760. Pages printed: 1. No user action is required."
Information	2/2/2020 21:35	Microsoft-Windows-PrintService	307	Printing a document	"Document 70, Print Document owned by jnolan02 on \\MESOEL06484 was printed on VLS3.60 through port UCP-1.  Size in bytes: 7760. Pages printed: 1. No user action is required."
Information	2/2/2020 22:02	Microsoft-Windows-PrintService	307	Printing a document	"Document 71, Print Document owned by jnolan02 on \\MESOEL06484 was printed on VLS3.60 through port UCP-1.  Size in bytes: 9496. Pages printed: 1. No user action is required."
Information	2/2/2020 22:08	Microsoft-Windows-PrintService	307	Printing a document	"Document 72, Print Document owned by jnolan02 on \\MESOEL06484 was printed on VLS3.60 through port UCP-1.  Size in bytes: 9496. Pages printed: 1. No user action is required."
Information	2/2/2020 22:47	Microsoft-Windows-PrintService	307	Printing a document	"Document 73, Print Document owned by jnolan02 on \\MESOEL06484 was printed on VLS3.60 through port UCP-1.  Size in bytes: 29840. Pages printed: 1. No user action is required."
Information	2/3/2020 9:24	Microsoft-Windows-PrintService	307	Printing a document	"Document 74, Print Document owned by jnolan02 on \\MESOEL06484 was printed on VLS3.60 through port UCP-1.  Size in bytes: 4272. Pages printed: 1. No user action is required."
Information	2/3/2020 9:38	Microsoft-Windows-PrintService	307	Printing a document	"Document 75, Print Document owned by jnolan02 on \\MESOEL06484 was printed on VLS3.60 through port UCP-1.  Size in bytes: 5480. Pages printed: 1. No user action is required."
Information	2/3/2020 9:39	Microsoft-Windows-PrintService	307	Printing a document	"Document 76, Print Document owned by jnolan02 on \\MESOEL06484 was printed on VLS3.60 through port UCP-1.  Size in bytes: 5480. Pages printed: 1. No user action is required."
Information	2/3/2020 10:20	Microsoft-Windows-PrintService	307	Printing a document	"Document 77, Print Document owned by jnolan02 on \\MESOEL06484 was printed on VLS3.60 through port UCP-1.  Size in bytes: 10960. Pages printed: 1. No user action is required."
Information	2/3/2020 10:27	Microsoft-Windows-PrintService	307	Printing a document	"Document 78, Print Document owned by jnolan02 on \\MESOEL06484 was printed on VLS3.60 through port UCP-1.  Size in bytes: 10256. Pages printed: 1. No user action is required."
Information	2/3/2020 10:28	Microsoft-Windows-PrintService	307	Printing a document	"Document 79, Print Document owned by jnolan02 on \\MESOEL06484 was printed on VLS3.60 through port UCP-1.  Size in bytes: 10256. Pages printed: 1. No user action is required."
Information	2/3/2020 10:29	Microsoft-Windows-PrintService	307	Printing a document	"Document 80, Print Document owned by jnolan02 on \\MESOEL06484 was printed on VLS3.60 through port UCP-1.  Size in bytes: 10256. Pages printed: 1. No user action is required."
Information	2/3/2020 10:40	Microsoft-Windows-PrintService	307	Printing a document	"Document 81, Print Document owned by jnolan02 on \\MESOEL06484 was printed on VLS3.60 through port UCP-1.  Size in bytes: 257956. Pages printed: 1. No user action is required."
Information	2/3/2020 10:46	Microsoft-Windows-PrintService	307	Printing a document	"Document 82, Print Document owned by jnolan02 on \\MESOEL06484 was printed on VLS3.60 through port UCP-1.  Size in bytes: 10112. Pages printed: 1. No user action is required."
Information	2/3/2020 10:56	Microsoft-Windows-PrintService	307	Printing a document	"Document 83, Print Document owned by jnolan02 on \\MESOEL06484 was printed on VLS3.60 through port UCP-1.  Size in bytes: 329856. Pages printed: 1. No user action is required."
Information	2/3/2020 10:59	Microsoft-Windows-PrintService	307	Printing a document	"Document 84, Print Document owned by jnolan02 on \\MESOEL06484 was printed on VLS3.60 through port UCP-1.  Size in bytes: 10560. Pages printed: 1. No user action is required."
Information	2/3/2020 11:02	Microsoft-Windows-PrintService	307	Printing a document	"Document 85, Print Document owned by jnolan02 on \\MESOEL06484 was printed on VLS3.60 through port UCP-1.  Size in bytes: 5384. Pages printed: 1. No user action is required."
Information	2/3/2020 11:12	Microsoft-Windows-PrintService	307	Printing a document	"Document 86, Print Document owned by jnolan02 on \\MESOEL06484 was printed on VLS3.60 through port UCP-1.  Size in bytes: 132752. Pages printed: 1. No user action is required."
Information	2/3/2020 11:17	Microsoft-Windows-PrintService	307	Printing a document	"Document 87, Print Document owned by jnolan02 on \\MESOEL06484 was printed on VLS3.60 through port UCP-1.  Size in bytes: 111596. Pages printed: 1. No user action is required."
Information	2/3/2020 11:28	Microsoft-Windows-PrintService	307	Printing a document	"Document 88, Print Document owned by jnolan02 on \\MESOEL06484 was printed on VLS3.60 through port UCP-1.  Size in bytes: 8936. Pages printed: 1. No user action is required."
Information	2/3/2020 11:36	Microsoft-Windows-PrintService	307	Printing a document	"Document 89, Print Document owned by jnolan02 on \\MESOEL06484 was printed on VLS3.60 through port UCP-1.  Size in bytes: 53920. Pages printed: 1. No user action is required."
Information	2/3/2020 11:49	Microsoft-Windows-PrintService	307	Printing a document	"Document 90, Print Document owned by jnolan02 on \\MESOEL06484 was printed on VLS3.60 through port UCP-1.  Size in bytes: 103516. Pages printed: 1. No user action is required."
Information	2/3/2020 11:49	Microsoft-Windows-PrintService	307	Printing a document	"Document 91, Print Document owned by jnolan02 on \\MESOEL06484 was printed on VLS3.60 through port UCP-1.  Size in bytes: 103516. Pages printed: 1. No user action is required."
Information	2/3/2020 11:49	Microsoft-Windows-PrintService	307	Printing a document	"Document 92, Print Document owned by jnolan02 on \\MESOEL06484 was printed on VLS3.60 through port UCP-1.  Size in bytes: 103260. Pages printed: 1. No user action is required."
Information	2/3/2020 12:02	Microsoft-Windows-PrintService	307	Printing a document	"Document 93, Print Document owned by jnolan02 on \\MESOEL06484 was printed on VLS3.60 through port UCP-1.  Size in bytes: 13648. Pages printed: 1. No user action is required."
Information	2/3/2020 12:03	Microsoft-Windows-PrintService	307	Printing a document	"Document 94, Print Document owned by jnolan02 on \\MESOEL06484 was printed on VLS3.60 through port UCP-1.  Size in bytes: 13648. Pages printed: 1. No user action is required."
Information	2/3/2020 12:03	Microsoft-Windows-PrintService	307	Printing a document	"Document 95, Print Document owned by jnolan02 on \\MESOEL06484 was printed on VLS3.60 through port UCP-1.  Size in bytes: 13648. Pages printed: 1. No user action is required."
Information	2/3/2020 12:03	Microsoft-Windows-PrintService	307	Printing a document	"Document 96, Print Document owned by jnolan02 on \\MESOEL06484 was printed on VLS3.60 through port UCP-1.  Size in bytes: 13648. Pages printed: 1. No user action is required."
Information	2/3/2020 12:03	Microsoft-Windows-PrintService	307	Printing a document	"Document 97, Print Document owned by jnolan02 on \\MESOEL06484 was printed on VLS3.60 through port UCP-1.  Size in bytes: 13648. Pages printed: 1. No user action is required."
Information	2/3/2020 12:19	Microsoft-Windows-PrintService	307	Printing a document	"Document 98, Print Document owned by jnolan02 on \\MESOEL06484 was printed on VLS3.60 through port UCP-1.  Size in bytes: 3344. Pages printed: 1. No user action is required."
Information	2/3/2020 13:03	Microsoft-Windows-PrintService	307	Printing a document	"Document 99, Print Document owned by jnolan02 on \\MESOEL06484 was printed on VLS3.60 through port UCP-1.  Size in bytes: 4080. Pages printed: 1. No user action is required."
Information	2/3/2020 13:38	Microsoft-Windows-PrintService	307	Printing a document	"Document 100, Print Document owned by jnolan02 on \\MESOEL06484 was printed on VLS3.60 through port UCP-1.  Size in bytes: 1136. Pages printed: 1. No user action is required."
Information	2/3/2020 14:04	Microsoft-Windows-PrintService	307	Printing a document	"Document 101, Print Document owned by jnolan02 on \\MESOEL06484 was printed on VLS3.60 through port UCP-1.  Size in bytes: 6192. Pages printed: 1. No user action is required."
