Information	11/30/2020 20:28	Microsoft-Windows-PrintService	307	Printing a document	"Document 252, Print Document owned by ibohme01 on \\MESOEL06484 was printed on VLS3.60 through port UCP-1.  Size in bytes: 180024. Pages printed: 1. No user action is required."
Information	11/30/2020 20:31	Microsoft-Windows-PrintService	307	Printing a document	"Document 253, Print Document owned by ibohme01 on \\MESOEL06484 was printed on VLS3.60 through port UCP-1.  Size in bytes: 194968. Pages printed: 1. No user action is required."
Information	11/30/2020 20:32	Microsoft-Windows-PrintService	307	Printing a document	"Document 254, Print Document owned by ibohme01 on \\MESOEL06484 was printed on VLS3.60 through port UCP-1.  Size in bytes: 142776. Pages printed: 1. No user action is required."
Information	11/30/2020 20:33	Microsoft-Windows-PrintService	307	Printing a document	"Document 255, Print Document owned by ibohme01 on \\MESOEL06484 was printed on VLS3.60 through port UCP-1.  Size in bytes: 19804. Pages printed: 1. No user action is required."
Information	11/30/2020 20:33	Microsoft-Windows-PrintService	307	Printing a document	"Document 1, Print Document owned by ibohme01 on \\MESOEL06484 was printed on VLS3.60 through port UCP-1.  Size in bytes: 194488. Pages printed: 1. No user action is required."
Information	11/30/2020 20:35	Microsoft-Windows-PrintService	307	Printing a document	"Document 2, Print Document owned by ibohme01 on \\MESOEL06484 was printed on VLS3.60 through port UCP-1.  Size in bytes: 190884. Pages printed: 1. No user action is required."
Information	11/30/2020 20:44	Microsoft-Windows-PrintService	307	Printing a document	"Document 3, Print Document owned by ibohme01 on \\MESOEL06484 was printed on VLS3.60 through port UCP-1.  Size in bytes: 191144. Pages printed: 1. No user action is required."
Information	11/30/2020 20:45	Microsoft-Windows-PrintService	307	Printing a document	"Document 4, Print Document owned by ibohme01 on \\MESOEL06484 was printed on VLS3.60 through port UCP-1.  Size in bytes: 190608. Pages printed: 1. No user action is required."
Information	11/30/2020 20:47	Microsoft-Windows-PrintService	307	Printing a document	"Document 5, Print Document owned by ibohme01 on \\MESOEL06484 was printed on VLS3.60 through port UCP-1.  Size in bytes: 190608. Pages printed: 1. No user action is required."
Information	11/30/2020 20:52	Microsoft-Windows-PrintService	307	Printing a document	"Document 6, Print Document owned by ibohme01 on \\MESOEL06484 was printed on VLS3.60 through port UCP-1.  Size in bytes: 194420. Pages printed: 1. No user action is required."
Information	11/30/2020 20:57	Microsoft-Windows-PrintService	307	Printing a document	"Document 7, Print Document owned by ibohme01 on \\MESOEL06484 was printed on VLS3.60 through port UCP-1.  Size in bytes: 70104. Pages printed: 1. No user action is required."
Information	11/30/2020 20:58	Microsoft-Windows-PrintService	307	Printing a document	"Document 8, Print Document owned by ibohme01 on \\MESOEL06484 was printed on VLS3.60 through port UCP-1.  Size in bytes: 70584. Pages printed: 1. No user action is required."
Information	11/30/2020 20:59	Microsoft-Windows-PrintService	307	Printing a document	"Document 9, Print Document owned by ibohme01 on \\MESOEL06484 was printed on VLS3.60 through port UCP-1.  Size in bytes: 70584. Pages printed: 1. No user action is required."
Information	11/30/2020 21:00	Microsoft-Windows-PrintService	307	Printing a document	"Document 10, Print Document owned by ibohme01 on \\MESOEL06484 was printed on VLS3.60 through port UCP-1.  Size in bytes: 69880. Pages printed: 1. No user action is required."
Information	11/30/2020 21:10	Microsoft-Windows-PrintService	307	Printing a document	"Document 11, Print Document owned by ibohme01 on \\MESOEL06484 was printed on VLS3.60 through port UCP-1.  Size in bytes: 17720. Pages printed: 1. No user action is required."
Information	11/30/2020 21:14	Microsoft-Windows-PrintService	307	Printing a document	"Document 12, Print Document owned by ibohme01 on \\MESOEL06484 was printed on VLS3.60 through port UCP-1.  Size in bytes: 17720. Pages printed: 1. No user action is required."
Information	11/30/2020 22:55	Microsoft-Windows-PrintService	307	Printing a document	"Document 13, Print Document owned by ibohme01 on \\MESOEL06484 was printed on VLS3.60 through port UCP-1.  Size in bytes: 4064. Pages printed: 1. No user action is required."
Information	11/30/2020 22:56	Microsoft-Windows-PrintService	307	Printing a document	"Document 14, Print Document owned by ibohme01 on \\MESOEL06484 was printed on VLS3.60 through port UCP-1.  Size in bytes: 5920. Pages printed: 1. No user action is required."
Information	11/30/2020 22:56	Microsoft-Windows-PrintService	307	Printing a document	"Document 15, Print Document owned by ibohme01 on \\MESOEL06484 was printed on VLS3.60 through port UCP-1.  Size in bytes: 15248. Pages printed: 1. No user action is required."
Information	12/1/2020 10:07	Microsoft-Windows-PrintService	307	Printing a document	"Document 16, Print Document owned by lalban01 on \\MESOEL06484 was printed on VLS3.60 through port UCP-1.  Size in bytes: 18544. Pages printed: 1. No user action is required."
Information	12/1/2020 12:18	Microsoft-Windows-PrintService	307	Printing a document	"Document 17, Print Document owned by lalban01 on \\MESOEL06484 was printed on VLS3.60 through port UCP-1.  Size in bytes: 13600. Pages printed: 1. No user action is required."
Information	12/1/2020 12:25	Microsoft-Windows-PrintService	307	Printing a document	"Document 18, Print Document owned by lalban01 on \\MESOEL06484 was printed on VLS3.60 through port UCP-1.  Size in bytes: 188524. Pages printed: 1. No user action is required."
Information	12/1/2020 13:08	Microsoft-Windows-PrintService	307	Printing a document	"Document 19, Print Document owned by lalban01 on \\MESOEL06484 was printed on VLS3.60 through port UCP-1.  Size in bytes: 12176. Pages printed: 1. No user action is required."
Information	12/1/2020 13:38	Microsoft-Windows-PrintService	307	Printing a document	"Document 20, Print Document owned by lalban01 on \\MESOEL06484 was printed on VLS3.60 through port UCP-1.  Size in bytes: 18168. Pages printed: 1. No user action is required."
Information	12/1/2020 13:49	Microsoft-Windows-PrintService	307	Printing a document	"Document 21, Print Document owned by lalban01 on \\MESOEL06484 was printed on VLS3.60 through port UCP-1.  Size in bytes: 400. Pages printed: 1. No user action is required."
Information	12/1/2020 13:49	Microsoft-Windows-PrintService	307	Printing a document	"Document 22, Print Document owned by lalban01 on \\MESOEL06484 was printed on VLS3.60 through port UCP-1.  Size in bytes: 5072. Pages printed: 1. No user action is required."
Information	12/1/2020 13:49	Microsoft-Windows-PrintService	307	Printing a document	"Document 23, Print Document owned by lalban01 on \\MESOEL06484 was printed on VLS3.60 through port UCP-1.  Size in bytes: 5072. Pages printed: 1. No user action is required."
Information	12/1/2020 14:19	Microsoft-Windows-PrintService	307	Printing a document	"Document 24, Print Document owned by lalban01 on \\MESOEL06484 was printed on VLS3.60 through port UCP-1.  Size in bytes: 4816. Pages printed: 1. No user action is required."
Information	12/1/2020 14:51	Microsoft-Windows-PrintService	307	Printing a document	"Document 25, Print Document owned by lalban01 on \\MESOEL06484 was printed on VLS3.60 through port UCP-1.  Size in bytes: 61408. Pages printed: 1. No user action is required."
Information	12/1/2020 14:51	Microsoft-Windows-PrintService	307	Printing a document	"Document 26, Print Document owned by lalban01 on \\MESOEL06484 was printed on VLS3.60 through port UCP-1.  Size in bytes: 61408. Pages printed: 1. No user action is required."
Information	12/1/2020 15:33	Microsoft-Windows-PrintService	307	Printing a document	"Document 27, Print Document owned by lalban01 on \\MESOEL06484 was printed on VLS3.60 through port UCP-1.  Size in bytes: 32432. Pages printed: 1. No user action is required."
Information	12/1/2020 16:35	Microsoft-Windows-PrintService	307	Printing a document	"Document 28, Print Document owned by lalban01 on \\MESOEL06484 was printed on VLS3.60 through port UCP-1.  Size in bytes: 1136. Pages printed: 1. No user action is required."
Information	12/1/2020 16:41	Microsoft-Windows-PrintService	307	Printing a document	"Document 29, Print Document owned by lalban01 on \\MESOEL06484 was printed on VLS3.60 through port UCP-1.  Size in bytes: 7024. Pages printed: 1. No user action is required."
Information	12/1/2020 16:43	Microsoft-Windows-PrintService	307	Printing a document	"Document 30, Print Document owned by lalban01 on \\MESOEL06484 was printed on VLS3.60 through port UCP-1.  Size in bytes: 1832. Pages printed: 1. No user action is required."
Information	12/1/2020 16:44	Microsoft-Windows-PrintService	307	Printing a document	"Document 31, Print Document owned by lalban01 on \\MESOEL06484 was printed on VLS3.60 through port UCP-1.  Size in bytes: 2200. Pages printed: 1. No user action is required."
Information	12/1/2020 16:52	Microsoft-Windows-PrintService	307	Printing a document	"Document 32, Print Document owned by lalban01 on \\MESOEL06484 was printed on VLS3.60 through port UCP-1.  Size in bytes: 215260. Pages printed: 1. No user action is required."
Information	12/1/2020 16:53	Microsoft-Windows-PrintService	307	Printing a document	"Document 33, Print Document owned by lalban01 on \\MESOEL06484 was printed on VLS3.60 through port UCP-1.  Size in bytes: 213184. Pages printed: 1. No user action is required."
Information	12/1/2020 16:54	Microsoft-Windows-PrintService	307	Printing a document	"Document 34, Print Document owned by lalban01 on \\MESOEL06484 was printed on VLS3.60 through port UCP-1.  Size in bytes: 213184. Pages printed: 1. No user action is required."
Information	12/1/2020 16:56	Microsoft-Windows-PrintService	307	Printing a document	"Document 35, Print Document owned by lalban01 on \\MESOEL06484 was printed on VLS3.60 through port UCP-1.  Size in bytes: 11388. Pages printed: 1. No user action is required."
Information	12/1/2020 16:57	Microsoft-Windows-PrintService	307	Printing a document	"Document 36, Print Document owned by lalban01 on \\MESOEL06484 was printed on VLS3.60 through port UCP-1.  Size in bytes: 13016. Pages printed: 1. No user action is required."
Information	12/1/2020 17:02	Microsoft-Windows-PrintService	307	Printing a document	"Document 37, Print Document owned by lalban01 on \\MESOEL06484 was printed on VLS3.60 through port UCP-1.  Size in bytes: 11388. Pages printed: 1. No user action is required."
Information	12/1/2020 17:02	Microsoft-Windows-PrintService	307	Printing a document	"Document 38, Print Document owned by lalban01 on \\MESOEL06484 was printed on VLS3.60 through port UCP-1.  Size in bytes: 11388. Pages printed: 1. No user action is required."
Information	12/1/2020 17:05	Microsoft-Windows-PrintService	307	Printing a document	"Document 39, Print Document owned by lalban01 on \\MESOEL06484 was printed on VLS3.60 through port UCP-1.  Size in bytes: 216136. Pages printed: 1. No user action is required."
Information	12/1/2020 17:08	Microsoft-Windows-PrintService	307	Printing a document	"Document 40, Print Document owned by lalban01 on \\MESOEL06484 was printed on VLS3.60 through port UCP-1.  Size in bytes: 215740. Pages printed: 1. No user action is required."
Information	12/1/2020 17:09	Microsoft-Windows-PrintService	307	Printing a document	"Document 41, Print Document owned by lalban01 on \\MESOEL06484 was printed on VLS3.60 through port UCP-1.  Size in bytes: 215712. Pages printed: 1. No user action is required."
Information	12/1/2020 17:09	Microsoft-Windows-PrintService	307	Printing a document	"Document 42, Print Document owned by lalban01 on \\MESOEL06484 was printed on VLS3.60 through port UCP-1.  Size in bytes: 215856. Pages printed: 1. No user action is required."
Information	12/1/2020 17:09	Microsoft-Windows-PrintService	307	Printing a document	"Document 43, Print Document owned by lalban01 on \\MESOEL06484 was printed on VLS3.60 through port UCP-1.  Size in bytes: 215856. Pages printed: 1. No user action is required."
Information	12/1/2020 17:10	Microsoft-Windows-PrintService	307	Printing a document	"Document 44, Print Document owned by lalban01 on \\MESOEL06484 was printed on VLS3.60 through port UCP-1.  Size in bytes: 215552. Pages printed: 1. No user action is required."
Information	12/1/2020 17:10	Microsoft-Windows-PrintService	307	Printing a document	"Document 45, Print Document owned by lalban01 on \\MESOEL06484 was printed on VLS3.60 through port UCP-1.  Size in bytes: 216604. Pages printed: 1. No user action is required."
Information	12/1/2020 17:11	Microsoft-Windows-PrintService	307	Printing a document	"Document 46, Print Document owned by lalban01 on \\MESOEL06484 was printed on VLS3.60 through port UCP-1.  Size in bytes: 214368. Pages printed: 1. No user action is required."
Information	12/1/2020 17:11	Microsoft-Windows-PrintService	307	Printing a document	"Document 47, Print Document owned by lalban01 on \\MESOEL06484 was printed on VLS3.60 through port UCP-1.  Size in bytes: 214368. Pages printed: 1. No user action is required."
Information	12/1/2020 17:11	Microsoft-Windows-PrintService	307	Printing a document	"Document 48, Print Document owned by lalban01 on \\MESOEL06484 was printed on VLS3.60 through port UCP-1.  Size in bytes: 214368. Pages printed: 1. No user action is required."
Information	12/1/2020 17:12	Microsoft-Windows-PrintService	307	Printing a document	"Document 49, Print Document owned by lalban01 on \\MESOEL06484 was printed on VLS3.60 through port UCP-1.  Size in bytes: 214584. Pages printed: 1. No user action is required."
Information	12/1/2020 17:12	Microsoft-Windows-PrintService	307	Printing a document	"Document 50, Print Document owned by lalban01 on \\MESOEL06484 was printed on VLS3.60 through port UCP-1.  Size in bytes: 214584. Pages printed: 1. No user action is required."
Information	12/1/2020 17:13	Microsoft-Windows-PrintService	307	Printing a document	"Document 51, Print Document owned by lalban01 on \\MESOEL06484 was printed on VLS3.60 through port UCP-1.  Size in bytes: 656. Pages printed: 1. No user action is required."
Information	12/1/2020 17:14	Microsoft-Windows-PrintService	307	Printing a document	"Document 52, Print Document owned by lalban01 on \\MESOEL06484 was printed on VLS3.60 through port UCP-1.  Size in bytes: 12436. Pages printed: 1. No user action is required."
Information	12/1/2020 17:14	Microsoft-Windows-PrintService	307	Printing a document	"Document 53, Print Document owned by lalban01 on \\MESOEL06484 was printed on VLS3.60 through port UCP-1.  Size in bytes: 656. Pages printed: 1. No user action is required."
Information	12/1/2020 17:15	Microsoft-Windows-PrintService	307	Printing a document	"Document 54, Print Document owned by lalban01 on \\MESOEL06484 was printed on VLS3.60 through port UCP-1.  Size in bytes: 14304. Pages printed: 1. No user action is required."
Information	12/1/2020 17:15	Microsoft-Windows-PrintService	307	Printing a document	"Document 55, Print Document owned by lalban01 on \\MESOEL06484 was printed on VLS3.60 through port UCP-1.  Size in bytes: 656. Pages printed: 1. No user action is required."
Information	12/1/2020 17:15	Microsoft-Windows-PrintService	307	Printing a document	"Document 56, Print Document owned by lalban01 on \\MESOEL06484 was printed on VLS3.60 through port UCP-1.  Size in bytes: 214388. Pages printed: 1. No user action is required."
Information	12/1/2020 17:16	Microsoft-Windows-PrintService	307	Printing a document	"Document 57, Print Document owned by lalban01 on \\MESOEL06484 was printed on VLS3.60 through port UCP-1.  Size in bytes: 214548. Pages printed: 1. No user action is required."
Information	12/1/2020 17:16	Microsoft-Windows-PrintService	307	Printing a document	"Document 58, Print Document owned by lalban01 on \\MESOEL06484 was printed on VLS3.60 through port UCP-1.  Size in bytes: 214436. Pages printed: 1. No user action is required."
Information	12/1/2020 17:16	Microsoft-Windows-PrintService	307	Printing a document	"Document 59, Print Document owned by lalban01 on \\MESOEL06484 was printed on VLS3.60 through port UCP-1.  Size in bytes: 214436. Pages printed: 1. No user action is required."
Information	12/1/2020 17:17	Microsoft-Windows-PrintService	307	Printing a document	"Document 60, Print Document owned by lalban01 on \\MESOEL06484 was printed on VLS3.60 through port UCP-1.  Size in bytes: 214436. Pages printed: 1. No user action is required."
Information	12/1/2020 17:19	Microsoft-Windows-PrintService	307	Printing a document	"Document 61, Print Document owned by lalban01 on \\MESOEL06484 was printed on VLS3.60 through port UCP-1.  Size in bytes: 214356. Pages printed: 1. No user action is required."
Information	12/1/2020 17:20	Microsoft-Windows-PrintService	307	Printing a document	"Document 62, Print Document owned by lalban01 on \\MESOEL06484 was printed on VLS3.60 through port UCP-1.  Size in bytes: 186388. Pages printed: 1. No user action is required."
Information	12/1/2020 17:20	Microsoft-Windows-PrintService	307	Printing a document	"Document 63, Print Document owned by lalban01 on \\MESOEL06484 was printed on VLS3.60 through port UCP-1.  Size in bytes: 14752. Pages printed: 1. No user action is required."
Information	12/1/2020 17:20	Microsoft-Windows-PrintService	307	Printing a document	"Document 64, Print Document owned by lalban01 on \\MESOEL06484 was printed on VLS3.60 through port UCP-1.  Size in bytes: 1232. Pages printed: 1. No user action is required."
Information	12/1/2020 17:21	Microsoft-Windows-PrintService	307	Printing a document	"Document 65, Print Document owned by lalban01 on \\MESOEL06484 was printed on VLS3.60 through port UCP-1.  Size in bytes: 12672. Pages printed: 1. No user action is required."
Information	12/1/2020 17:21	Microsoft-Windows-PrintService	307	Printing a document	"Document 66, Print Document owned by lalban01 on \\MESOEL06484 was printed on VLS3.60 through port UCP-1.  Size in bytes: 5704. Pages printed: 1. No user action is required."
Information	12/1/2020 17:23	Microsoft-Windows-PrintService	307	Printing a document	"Document 67, Print Document owned by lalban01 on \\MESOEL06484 was printed on VLS3.60 through port UCP-1.  Size in bytes: 5704. Pages printed: 1. No user action is required."
Information	12/1/2020 17:34	Microsoft-Windows-PrintService	307	Printing a document	"Document 68, Print Document owned by lalban01 on \\MESOEL06484 was printed on VLS3.60 through port UCP-1.  Size in bytes: 82952. Pages printed: 1. No user action is required."
Information	12/1/2020 17:35	Microsoft-Windows-PrintService	307	Printing a document	"Document 69, Print Document owned by lalban01 on \\MESOEL06484 was printed on VLS3.60 through port UCP-1.  Size in bytes: 82952. Pages printed: 1. No user action is required."
Information	12/1/2020 17:57	Microsoft-Windows-PrintService	307	Printing a document	"Document 70, Print Document owned by lalban01 on \\MESOEL06484 was printed on VLS3.60 through port UCP-1.  Size in bytes: 21712. Pages printed: 1. No user action is required."
Information	12/1/2020 18:10	Microsoft-Windows-PrintService	307	Printing a document	"Document 71, Print Document owned by lalban01 on \\MESOEL06484 was printed on VLS3.60 through port UCP-1.  Size in bytes: 1744. Pages printed: 1. No user action is required."
Information	12/1/2020 18:10	Microsoft-Windows-PrintService	307	Printing a document	"Document 72, Print Document owned by lalban01 on \\MESOEL06484 was printed on VLS3.60 through port UCP-1.  Size in bytes: 912. Pages printed: 1. No user action is required."
Information	12/1/2020 18:12	Microsoft-Windows-PrintService	307	Printing a document	"Document 73, Print Document owned by lalban01 on \\MESOEL06484 was printed on VLS3.60 through port UCP-1.  Size in bytes: 21712. Pages printed: 1. No user action is required."
Information	12/1/2020 18:40	Microsoft-Windows-PrintService	307	Printing a document	"Document 74, Print Document owned by lalban01 on \\MESOEL06484 was printed on VLS3.60 through port UCP-1.  Size in bytes: 43376. Pages printed: 1. No user action is required."
Information	12/1/2020 18:42	Microsoft-Windows-PrintService	307	Printing a document	"Document 75, Print Document owned by lalban01 on \\MESOEL06484 was printed on VLS3.60 through port UCP-1.  Size in bytes: 43376. Pages printed: 1. No user action is required."
Information	12/1/2020 18:57	Microsoft-Windows-PrintService	307	Printing a document	"Document 76, Print Document owned by lalban01 on \\MESOEL06484 was printed on VLS3.60 through port UCP-1.  Size in bytes: 43376. Pages printed: 1. No user action is required."
Information	12/1/2020 19:22	Microsoft-Windows-PrintService	307	Printing a document	"Document 77, Print Document owned by lalban01 on \\MESOEL06484 was printed on VLS3.60 through port UCP-1.  Size in bytes: 2976. Pages printed: 1. No user action is required."
Information	12/1/2020 20:56	Microsoft-Windows-PrintService	307	Printing a document	"Document 78, Print Document owned by lalban01 on \\MESOEL06484 was printed on VLS3.60 through port UCP-1.  Size in bytes: 9744. Pages printed: 1. No user action is required."
Information	12/1/2020 21:07	Microsoft-Windows-PrintService	307	Printing a document	"Document 79, Print Document owned by lalban01 on \\MESOEL06484 was printed on VLS3.60 through port UCP-1.  Size in bytes: 2528. Pages printed: 1. No user action is required."
Information	12/1/2020 21:08	Microsoft-Windows-PrintService	307	Printing a document	"Document 80, Print Document owned by lalban01 on \\MESOEL06484 was printed on VLS3.60 through port UCP-1.  Size in bytes: 2528. Pages printed: 1. No user action is required."
Information	12/1/2020 21:09	Microsoft-Windows-PrintService	307	Printing a document	"Document 81, Print Document owned by lalban01 on \\MESOEL06484 was printed on VLS3.60 through port UCP-1.  Size in bytes: 2528. Pages printed: 1. No user action is required."
Information	12/1/2020 21:15	Microsoft-Windows-PrintService	307	Printing a document	"Document 82, Print Document owned by lalban01 on \\MESOEL06484 was printed on VLS3.60 through port UCP-1.  Size in bytes: 12816. Pages printed: 1. No user action is required."
Information	12/1/2020 21:24	Microsoft-Windows-PrintService	307	Printing a document	"Document 83, Print Document owned by lalban01 on \\MESOEL06484 was printed on VLS3.60 through port UCP-1.  Size in bytes: 14184. Pages printed: 1. No user action is required."
Information	12/1/2020 21:33	Microsoft-Windows-PrintService	307	Printing a document	"Document 84, Print Document owned by lalban01 on \\MESOEL06484 was printed on VLS3.60 through port UCP-1.  Size in bytes: 7572. Pages printed: 1. No user action is required."
Information	12/1/2020 21:35	Microsoft-Windows-PrintService	307	Printing a document	"Document 85, Print Document owned by lalban01 on \\MESOEL06484 was printed on VLS3.60 through port UCP-1.  Size in bytes: 7572. Pages printed: 1. No user action is required."
Information	12/1/2020 21:35	Microsoft-Windows-PrintService	307	Printing a document	"Document 86, Print Document owned by lalban01 on \\MESOEL06484 was printed on VLS3.60 through port UCP-1.  Size in bytes: 7572. Pages printed: 1. No user action is required."
Information	12/1/2020 22:17	Microsoft-Windows-PrintService	307	Printing a document	"Document 87, Print Document owned by lalban01 on \\MESOEL06484 was printed on VLS3.60 through port UCP-1.  Size in bytes: 1872. Pages printed: 1. No user action is required."
Information	12/1/2020 22:20	Microsoft-Windows-PrintService	307	Printing a document	"Document 88, Print Document owned by lalban01 on \\MESOEL06484 was printed on VLS3.60 through port UCP-1.  Size in bytes: 1872. Pages printed: 1. No user action is required."
Information	12/2/2020 10:57	Microsoft-Windows-PrintService	307	Printing a document	"Document 89, Print Document owned by lalban01 on \\MESOEL06484 was printed on VLS3.60 through port UCP-1.  Size in bytes: 1232. Pages printed: 1. No user action is required."
Information	12/2/2020 11:10	Microsoft-Windows-PrintService	307	Printing a document	"Document 90, Print Document owned by lalban01 on \\MESOEL06484 was printed on VLS3.60 through port UCP-1.  Size in bytes: 71984. Pages printed: 1. No user action is required."
Information	12/2/2020 11:10	Microsoft-Windows-PrintService	307	Printing a document	"Document 91, Print Document owned by lalban01 on \\MESOEL06484 was printed on VLS3.60 through port UCP-1.  Size in bytes: 71984. Pages printed: 1. No user action is required."
Information	12/2/2020 11:11	Microsoft-Windows-PrintService	307	Printing a document	"Document 92, Print Document owned by lalban01 on \\MESOEL06484 was printed on VLS3.60 through port UCP-1.  Size in bytes: 71984. Pages printed: 1. No user action is required."
Information	12/2/2020 11:42	Microsoft-Windows-PrintService	307	Printing a document	"Document 93, Print Document owned by lalban01 on \\MESOEL06484 was printed on VLS3.60 through port UCP-1.  Size in bytes: 174160. Pages printed: 1. No user action is required."
Information	12/2/2020 14:33	Microsoft-Windows-PrintService	307	Printing a document	"Document 94, Print Document owned by lalban01 on \\MESOEL06484 was printed on VLS3.60 through port UCP-1.  Size in bytes: 12976. Pages printed: 1. No user action is required."
Information	12/2/2020 14:34	Microsoft-Windows-PrintService	307	Printing a document	"Document 95, Print Document owned by lalban01 on \\MESOEL06484 was printed on VLS3.60 through port UCP-1.  Size in bytes: 12976. Pages printed: 1. No user action is required."
Information	12/2/2020 14:35	Microsoft-Windows-PrintService	307	Printing a document	"Document 96, Print Document owned by lalban01 on \\MESOEL06484 was printed on VLS3.60 through port UCP-1.  Size in bytes: 6648. Pages printed: 1. No user action is required."
Information	12/2/2020 14:48	Microsoft-Windows-PrintService	307	Printing a document	"Document 97, Print Document owned by lalban01 on \\MESOEL06484 was printed on VLS3.60 through port UCP-1.  Size in bytes: 6784. Pages printed: 1. No user action is required."
Information	12/2/2020 14:52	Microsoft-Windows-PrintService	307	Printing a document	"Document 98, Print Document owned by lalban01 on \\MESOEL06484 was printed on VLS3.60 through port UCP-1.  Size in bytes: 6784. Pages printed: 1. No user action is required."
Information	12/2/2020 14:59	Microsoft-Windows-PrintService	307	Printing a document	"Document 99, Print Document owned by lalban01 on \\MESOEL06484 was printed on VLS3.60 through port UCP-1.  Size in bytes: 12552. Pages printed: 1. No user action is required."
Information	12/2/2020 15:50	Microsoft-Windows-PrintService	307	Printing a document	"Document 100, Print Document owned by lalban01 on \\MESOEL06484 was printed on VLS3.60 through port UCP-1.  Size in bytes: 6416. Pages printed: 1. No user action is required."
Information	12/2/2020 16:06	Microsoft-Windows-PrintService	307	Printing a document	"Document 101, Print Document owned by lalban01 on \\MESOEL06484 was printed on VLS3.60 through port UCP-1.  Size in bytes: 248364. Pages printed: 1. No user action is required."
Information	12/2/2020 16:07	Microsoft-Windows-PrintService	307	Printing a document	"Document 102, Print Document owned by lalban01 on \\MESOEL06484 was printed on VLS3.60 through port UCP-1.  Size in bytes: 249324. Pages printed: 1. No user action is required."
Information	12/2/2020 16:10	Microsoft-Windows-PrintService	307	Printing a document	"Document 103, Print Document owned by lalban01 on \\MESOEL06484 was printed on VLS3.60 through port UCP-1.  Size in bytes: 94408. Pages printed: 1. No user action is required."
Information	12/2/2020 16:21	Microsoft-Windows-PrintService	307	Printing a document	"Document 104, Print Document owned by lalban01 on \\MESOEL06484 was printed on VLS3.60 through port UCP-1.  Size in bytes: 6808. Pages printed: 1. No user action is required."
Information	12/2/2020 16:36	Microsoft-Windows-PrintService	307	Printing a document	"Document 105, Print Document owned by lalban01 on \\MESOEL06484 was printed on VLS3.60 through port UCP-1.  Size in bytes: 56704. Pages printed: 1. No user action is required."
Information	12/2/2020 16:37	Microsoft-Windows-PrintService	307	Printing a document	"Document 106, Print Document owned by lalban01 on \\MESOEL06484 was printed on VLS3.60 through port UCP-1.  Size in bytes: 60384. Pages printed: 1. No user action is required."
Information	12/2/2020 16:40	Microsoft-Windows-PrintService	307	Printing a document	"Document 107, Print Document owned by lalban01 on \\MESOEL06484 was printed on VLS3.60 through port UCP-1.  Size in bytes: 56600. Pages printed: 1. No user action is required."
Information	12/2/2020 16:42	Microsoft-Windows-PrintService	307	Printing a document	"Document 108, Print Document owned by lalban01 on \\MESOEL06484 was printed on VLS3.60 through port UCP-1.  Size in bytes: 25424. Pages printed: 1. No user action is required."
Information	12/2/2020 17:11	Microsoft-Windows-PrintService	307	Printing a document	"Document 109, Print Document owned by lalban01 on \\MESOEL06484 was printed on VLS3.60 through port UCP-1.  Size in bytes: 25424. Pages printed: 1. No user action is required."
Information	12/2/2020 18:09	Microsoft-Windows-PrintService	307	Printing a document	"Document 110, Print Document owned by lalban01 on \\MESOEL06484 was printed on VLS3.60 through port UCP-1.  Size in bytes: 18544. Pages printed: 1. No user action is required."
Information	12/2/2020 19:12	Microsoft-Windows-PrintService	307	Printing a document	"Document 111, Print Document owned by lalban01 on \\MESOEL06484 was printed on VLS3.60 through port UCP-1.  Size in bytes: 13608. Pages printed: 1. No user action is required."
Information	12/2/2020 19:44	Microsoft-Windows-PrintService	307	Printing a document	"Document 112, Print Document owned by lalban01 on \\MESOEL06484 was printed on VLS3.60 through port UCP-1.  Size in bytes: 27440. Pages printed: 1. No user action is required."
Information	12/2/2020 19:47	Microsoft-Windows-PrintService	307	Printing a document	"Document 113, Print Document owned by lalban01 on \\MESOEL06484 was printed on VLS3.60 through port UCP-1.  Size in bytes: 14112. Pages printed: 1. No user action is required."
Information	12/2/2020 19:52	Microsoft-Windows-PrintService	307	Printing a document	"Document 114, Print Document owned by lalban01 on \\MESOEL06484 was printed on VLS3.60 through port UCP-1.  Size in bytes: 6608. Pages printed: 1. No user action is required."
Information	12/2/2020 19:57	Microsoft-Windows-PrintService	307	Printing a document	"Document 115, Print Document owned by lalban01 on \\MESOEL06484 was printed on VLS3.60 through port UCP-1.  Size in bytes: 273064. Pages printed: 1. No user action is required."
Information	12/2/2020 20:06	Microsoft-Windows-PrintService	307	Printing a document	"Document 116, Print Document owned by lalban01 on \\MESOEL06484 was printed on VLS3.60 through port UCP-1.  Size in bytes: 121584. Pages printed: 1. No user action is required."
Information	12/2/2020 21:04	Microsoft-Windows-PrintService	307	Printing a document	"Document 117, Print Document owned by lalban01 on \\MESOEL06484 was printed on VLS3.60 through port UCP-1.  Size in bytes: 6856. Pages printed: 1. No user action is required."
Information	12/2/2020 21:11	Microsoft-Windows-PrintService	307	Printing a document	"Document 118, Print Document owned by lalban01 on \\MESOEL06484 was printed on VLS3.60 through port UCP-1.  Size in bytes: 190956. Pages printed: 1. No user action is required."
Information	12/2/2020 21:12	Microsoft-Windows-PrintService	307	Printing a document	"Document 119, Print Document owned by lalban01 on \\MESOEL06484 was printed on VLS3.60 through port UCP-1.  Size in bytes: 190564. Pages printed: 1. No user action is required."
Information	12/2/2020 21:13	Microsoft-Windows-PrintService	307	Printing a document	"Document 120, Print Document owned by lalban01 on \\MESOEL06484 was printed on VLS3.60 through port UCP-1.  Size in bytes: 68152. Pages printed: 1. No user action is required."
Information	12/2/2020 21:47	Microsoft-Windows-PrintService	307	Printing a document	"Document 121, Print Document owned by lalban01 on \\MESOEL06484 was printed on VLS3.60 through port UCP-1.  Size in bytes: 68152. Pages printed: 1. No user action is required."
Information	12/2/2020 21:47	Microsoft-Windows-PrintService	307	Printing a document	"Document 122, Print Document owned by lalban01 on \\MESOEL06484 was printed on VLS3.60 through port UCP-1.  Size in bytes: 64116. Pages printed: 1. No user action is required."
Information	12/2/2020 21:48	Microsoft-Windows-PrintService	307	Printing a document	"Document 123, Print Document owned by lalban01 on \\MESOEL06484 was printed on VLS3.60 through port UCP-1.  Size in bytes: 47400. Pages printed: 1. No user action is required."
Information	12/2/2020 21:48	Microsoft-Windows-PrintService	307	Printing a document	"Document 124, Print Document owned by lalban01 on \\MESOEL06484 was printed on VLS3.60 through port UCP-1.  Size in bytes: 48352. Pages printed: 1. No user action is required."
Information	12/2/2020 21:48	Microsoft-Windows-PrintService	307	Printing a document	"Document 125, Print Document owned by lalban01 on \\MESOEL06484 was printed on VLS3.60 through port UCP-1.  Size in bytes: 52060. Pages printed: 1. No user action is required."
Information	12/2/2020 21:48	Microsoft-Windows-PrintService	307	Printing a document	"Document 126, Print Document owned by lalban01 on \\MESOEL06484 was printed on VLS3.60 through port UCP-1.  Size in bytes: 7872. Pages printed: 1. No user action is required."
Information	12/2/2020 21:48	Microsoft-Windows-PrintService	307	Printing a document	"Document 127, Print Document owned by lalban01 on \\MESOEL06484 was printed on VLS3.60 through port UCP-1.  Size in bytes: 68152. Pages printed: 1. No user action is required."
Information	12/2/2020 21:49	Microsoft-Windows-PrintService	307	Printing a document	"Document 128, Print Document owned by lalban01 on \\MESOEL06484 was printed on VLS3.60 through port UCP-1.  Size in bytes: 68152. Pages printed: 1. No user action is required."
Information	12/2/2020 21:49	Microsoft-Windows-PrintService	307	Printing a document	"Document 129, Print Document owned by lalban01 on \\MESOEL06484 was printed on VLS3.60 through port UCP-1.  Size in bytes: 68224. Pages printed: 1. No user action is required."
Information	12/2/2020 21:50	Microsoft-Windows-PrintService	307	Printing a document	"Document 130, Print Document owned by lalban01 on \\MESOEL06484 was printed on VLS3.60 through port UCP-1.  Size in bytes: 3388. Pages printed: 1. No user action is required."
Information	12/2/2020 21:50	Microsoft-Windows-PrintService	307	Printing a document	"Document 131, Print Document owned by lalban01 on \\MESOEL06484 was printed on VLS3.60 through port UCP-1.  Size in bytes: 72332. Pages printed: 1. No user action is required."
Information	12/2/2020 21:50	Microsoft-Windows-PrintService	307	Printing a document	"Document 132, Print Document owned by lalban01 on \\MESOEL06484 was printed on VLS3.60 through port UCP-1.  Size in bytes: 67396. Pages printed: 1. No user action is required."
Information	12/2/2020 21:50	Microsoft-Windows-PrintService	307	Printing a document	"Document 133, Print Document owned by lalban01 on \\MESOEL06484 was printed on VLS3.60 through port UCP-1.  Size in bytes: 67396. Pages printed: 1. No user action is required."
Information	12/2/2020 21:50	Microsoft-Windows-PrintService	307	Printing a document	"Document 134, Print Document owned by lalban01 on \\MESOEL06484 was printed on VLS3.60 through port UCP-1.  Size in bytes: 74636. Pages printed: 1. No user action is required."
Information	12/2/2020 21:51	Microsoft-Windows-PrintService	307	Printing a document	"Document 135, Print Document owned by lalban01 on \\MESOEL06484 was printed on VLS3.60 through port UCP-1.  Size in bytes: 67772. Pages printed: 1. No user action is required."
Information	12/2/2020 21:51	Microsoft-Windows-PrintService	307	Printing a document	"Document 136, Print Document owned by lalban01 on \\MESOEL06484 was printed on VLS3.60 through port UCP-1.  Size in bytes: 68352. Pages printed: 1. No user action is required."
Information	12/2/2020 21:51	Microsoft-Windows-PrintService	307	Printing a document	"Document 137, Print Document owned by lalban01 on \\MESOEL06484 was printed on VLS3.60 through port UCP-1.  Size in bytes: 74636. Pages printed: 1. No user action is required."
Information	12/2/2020 21:52	Microsoft-Windows-PrintService	307	Printing a document	"Document 138, Print Document owned by lalban01 on \\MESOEL06484 was printed on VLS3.60 through port UCP-1.  Size in bytes: 75148. Pages printed: 1. No user action is required."
Information	12/2/2020 22:15	Microsoft-Windows-PrintService	307	Printing a document	"Document 139, Print Document owned by lalban01 on \\MESOEL06484 was printed on VLS3.60 through port UCP-1.  Size in bytes: 54744. Pages printed: 1. No user action is required."
Information	12/2/2020 22:32	Microsoft-Windows-PrintService	307	Printing a document	"Document 140, Print Document owned by lalban01 on \\MESOEL06484 was printed on VLS3.60 through port UCP-1.  Size in bytes: 980. Pages printed: 1. No user action is required."
Information	12/2/2020 22:43	Microsoft-Windows-PrintService	307	Printing a document	"Document 141, Print Document owned by lalban01 on \\MESOEL06484 was printed on VLS3.60 through port UCP-1.  Size in bytes: 106256. Pages printed: 1. No user action is required."
Information	12/2/2020 23:05	Microsoft-Windows-PrintService	307	Printing a document	"Document 142, Print Document owned by lalban01 on \\MESOEL06484 was printed on VLS3.60 through port UCP-1.  Size in bytes: 25232. Pages printed: 1. No user action is required."
Information	12/3/2020 9:35	Microsoft-Windows-PrintService	307	Printing a document	"Document 143, Print Document owned by lalban01 on \\MESOEL06484 was printed on VLS3.60 through port UCP-1.  Size in bytes: 12368. Pages printed: 1. No user action is required."
Information	12/3/2020 9:36	Microsoft-Windows-PrintService	307	Printing a document	"Document 144, Print Document owned by lalban01 on \\MESOEL06484 was printed on VLS3.60 through port UCP-1.  Size in bytes: 10544. Pages printed: 1. No user action is required."
Information	12/3/2020 9:43	Microsoft-Windows-PrintService	307	Printing a document	"Document 145, Print Document owned by lalban01 on \\MESOEL06484 was printed on VLS3.60 through port UCP-1.  Size in bytes: 10544. Pages printed: 1. No user action is required."
Information	12/3/2020 9:54	Microsoft-Windows-PrintService	307	Printing a document	"Document 146, Print Document owned by lalban01 on \\MESOEL06484 was printed on VLS3.60 through port UCP-1.  Size in bytes: 4000. Pages printed: 1. No user action is required."
Information	12/3/2020 10:03	Microsoft-Windows-PrintService	307	Printing a document	"Document 147, Print Document owned by lalban01 on \\MESOEL06484 was printed on VLS3.60 through port UCP-1.  Size in bytes: 43648. Pages printed: 1. No user action is required."
Information	12/3/2020 10:17	Microsoft-Windows-PrintService	307	Printing a document	"Document 148, Print Document owned by lalban01 on \\MESOEL06484 was printed on VLS3.60 through port UCP-1.  Size in bytes: 30096. Pages printed: 1. No user action is required."
Information	12/3/2020 10:17	Microsoft-Windows-PrintService	307	Printing a document	"Document 149, Print Document owned by lalban01 on \\MESOEL06484 was printed on VLS3.60 through port UCP-1.  Size in bytes: 30096. Pages printed: 1. No user action is required."
Information	12/3/2020 10:17	Microsoft-Windows-PrintService	307	Printing a document	"Document 150, Print Document owned by lalban01 on \\MESOEL06484 was printed on VLS3.60 through port UCP-1.  Size in bytes: 23312. Pages printed: 1. No user action is required."
Information	12/3/2020 10:19	Microsoft-Windows-PrintService	307	Printing a document	"Document 151, Print Document owned by lalban01 on \\MESOEL06484 was printed on VLS3.60 through port UCP-1.  Size in bytes: 23312. Pages printed: 1. No user action is required."
Information	12/3/2020 10:33	Microsoft-Windows-PrintService	307	Printing a document	"Document 152, Print Document owned by lalban01 on \\MESOEL06484 was printed on VLS3.60 through port UCP-1.  Size in bytes: 26056. Pages printed: 1. No user action is required."
Information	12/3/2020 10:46	Microsoft-Windows-PrintService	307	Printing a document	"Document 153, Print Document owned by lalban01 on \\MESOEL06484 was printed on VLS3.60 through port UCP-1.  Size in bytes: 8208. Pages printed: 1. No user action is required."
Information	12/3/2020 10:59	Microsoft-Windows-PrintService	307	Printing a document	"Document 154, Print Document owned by lalban01 on \\MESOEL06484 was printed on VLS3.60 through port UCP-1.  Size in bytes: 17536. Pages printed: 1. No user action is required."
Information	12/3/2020 10:59	Microsoft-Windows-PrintService	307	Printing a document	"Document 155, Print Document owned by lalban01 on \\MESOEL06484 was printed on VLS3.60 through port UCP-1.  Size in bytes: 16912. Pages printed: 1. No user action is required."
Information	12/3/2020 11:18	Microsoft-Windows-PrintService	307	Printing a document	"Document 156, Print Document owned by lalban01 on \\MESOEL06484 was printed on VLS3.60 through port UCP-1.  Size in bytes: 12346748. Pages printed: 1. No user action is required."
Information	12/3/2020 11:19	Microsoft-Windows-PrintService	307	Printing a document	"Document 157, Print Document owned by lalban01 on \\MESOEL06484 was printed on VLS3.60 through port UCP-1.  Size in bytes: 12346748. Pages printed: 1. No user action is required."
Information	12/3/2020 11:19	Microsoft-Windows-PrintService	307	Printing a document	"Document 158, Print Document owned by lalban01 on \\MESOEL06484 was printed on VLS3.60 through port UCP-1.  Size in bytes: 12346748. Pages printed: 1. No user action is required."
Information	12/3/2020 11:20	Microsoft-Windows-PrintService	307	Printing a document	"Document 159, Print Document owned by lalban01 on \\MESOEL06484 was printed on VLS3.60 through port UCP-1.  Size in bytes: 12346748. Pages printed: 1. No user action is required."
Information	12/3/2020 11:25	Microsoft-Windows-PrintService	307	Printing a document	"Document 160, Print Document owned by lalban01 on \\MESOEL06484 was printed on VLS3.60 through port UCP-1.  Size in bytes: 249524. Pages printed: 1. No user action is required."
Information	12/3/2020 11:26	Microsoft-Windows-PrintService	307	Printing a document	"Document 161, Print Document owned by lalban01 on \\MESOEL06484 was printed on VLS3.60 through port UCP-1.  Size in bytes: 12346748. Pages printed: 1. No user action is required."
Information	12/3/2020 11:27	Microsoft-Windows-PrintService	307	Printing a document	"Document 162, Print Document owned by lalban01 on \\MESOEL06484 was printed on VLS3.60 through port UCP-1.  Size in bytes: 24624. Pages printed: 1. No user action is required."
Information	12/3/2020 11:29	Microsoft-Windows-PrintService	307	Printing a document	"Document 163, Print Document owned by lalban01 on \\MESOEL06484 was printed on VLS3.60 through port UCP-1.  Size in bytes: 24624. Pages printed: 1. No user action is required."
Information	12/3/2020 11:36	Microsoft-Windows-PrintService	307	Printing a document	"Document 164, Print Document owned by lalban01 on \\MESOEL06484 was printed on VLS3.60 through port UCP-1.  Size in bytes: 11274244. Pages printed: 1. No user action is required."
Information	12/3/2020 11:38	Microsoft-Windows-PrintService	307	Printing a document	"Document 165, Print Document owned by lalban01 on \\MESOEL06484 was printed on VLS3.60 through port UCP-1.  Size in bytes: 11274244. Pages printed: 1. No user action is required."
Information	12/3/2020 12:26	Microsoft-Windows-PrintService	307	Printing a document	"Document 166, Print Document owned by lalban01 on \\MESOEL06484 was printed on VLS3.60 through port UCP-1.  Size in bytes: 2768. Pages printed: 1. No user action is required."
Information	12/3/2020 12:28	Microsoft-Windows-PrintService	307	Printing a document	"Document 167, Print Document owned by lalban01 on \\MESOEL06484 was printed on VLS3.60 through port UCP-1.  Size in bytes: 2984. Pages printed: 1. No user action is required."
Information	12/3/2020 12:35	Microsoft-Windows-PrintService	307	Printing a document	"Document 168, Print Document owned by lalban01 on \\MESOEL06484 was printed on VLS3.60 through port UCP-1.  Size in bytes: 768. Pages printed: 1. No user action is required."
Information	12/3/2020 12:44	Microsoft-Windows-PrintService	307	Printing a document	"Document 169, Print Document owned by lalban01 on \\MESOEL06484 was printed on VLS3.60 through port UCP-1.  Size in bytes: 1061680. Pages printed: 1. No user action is required."
Information	12/3/2020 12:44	Microsoft-Windows-PrintService	307	Printing a document	"Document 170, Print Document owned by lalban01 on \\MESOEL06484 was printed on VLS3.60 through port UCP-1.  Size in bytes: 1061680. Pages printed: 1. No user action is required."
Information	12/3/2020 13:13	Microsoft-Windows-PrintService	307	Printing a document	"Document 171, Print Document owned by lalban01 on \\MESOEL06484 was printed on VLS3.60 through port UCP-1.  Size in bytes: 15856. Pages printed: 1. No user action is required."
Information	12/3/2020 13:43	Microsoft-Windows-PrintService	307	Printing a document	"Document 172, Print Document owned by lalban01 on \\MESOEL06484 was printed on VLS3.60 through port UCP-1.  Size in bytes: 6080. Pages printed: 1. No user action is required."
Information	12/3/2020 13:48	Microsoft-Windows-PrintService	307	Printing a document	"Document 173, Print Document owned by lalban01 on \\MESOEL06484 was printed on VLS3.60 through port UCP-1.  Size in bytes: 6080. Pages printed: 1. No user action is required."
Information	12/3/2020 15:35	Microsoft-Windows-PrintService	307	Printing a document	"Document 174, Print Document owned by lalban01 on \\MESOEL06484 was printed on VLS3.60 through port UCP-1.  Size in bytes: 5096. Pages printed: 1. No user action is required."
Information	12/3/2020 15:35	Microsoft-Windows-PrintService	307	Printing a document	"Document 175, Print Document owned by lalban01 on \\MESOEL06484 was printed on VLS3.60 through port UCP-1.  Size in bytes: 4912. Pages printed: 1. No user action is required."
Information	12/3/2020 15:40	Microsoft-Windows-PrintService	307	Printing a document	"Document 176, Print Document owned by lalban01 on \\MESOEL06484 was printed on VLS3.60 through port UCP-1.  Size in bytes: 6752. Pages printed: 1. No user action is required."
Information	12/3/2020 15:40	Microsoft-Windows-PrintService	307	Printing a document	"Document 177, Print Document owned by lalban01 on \\MESOEL06484 was printed on VLS3.60 through port UCP-1.  Size in bytes: 6752. Pages printed: 1. No user action is required."
Information	12/3/2020 15:56	Microsoft-Windows-PrintService	307	Printing a document	"Document 178, Print Document owned by lalban01 on \\MESOEL06484 was printed on VLS3.60 through port UCP-1.  Size in bytes: 102612. Pages printed: 1. No user action is required."
Information	12/3/2020 15:57	Microsoft-Windows-PrintService	307	Printing a document	"Document 179, Print Document owned by lalban01 on \\MESOEL06484 was printed on VLS3.60 through port UCP-1.  Size in bytes: 96760. Pages printed: 1. No user action is required."
Information	12/3/2020 16:20	Microsoft-Windows-PrintService	307	Printing a document	"Document 180, Print Document owned by lalban01 on \\MESOEL06484 was printed on VLS3.60 through port UCP-1.  Size in bytes: 20824. Pages printed: 1. No user action is required."
Information	12/3/2020 16:31	Microsoft-Windows-PrintService	307	Printing a document	"Document 181, Print Document owned by lalban01 on \\MESOEL06484 was printed on VLS3.60 through port UCP-1.  Size in bytes: 6032. Pages printed: 1. No user action is required."
Information	12/3/2020 16:37	Microsoft-Windows-PrintService	307	Printing a document	"Document 182, Print Document owned by lalban01 on \\MESOEL06484 was printed on VLS3.60 through port UCP-1.  Size in bytes: 93872. Pages printed: 1. No user action is required."
Information	12/3/2020 16:39	Microsoft-Windows-PrintService	307	Printing a document	"Document 183, Print Document owned by lalban01 on \\MESOEL06484 was printed on VLS3.60 through port UCP-1.  Size in bytes: 6032. Pages printed: 1. No user action is required."
Information	12/3/2020 16:45	Microsoft-Windows-PrintService	307	Printing a document	"Document 184, Print Document owned by lalban01 on \\MESOEL06484 was printed on VLS3.60 through port UCP-1.  Size in bytes: 614912. Pages printed: 1. No user action is required."
Information	12/3/2020 16:47	Microsoft-Windows-PrintService	307	Printing a document	"Document 185, Print Document owned by lalban01 on \\MESOEL06484 was printed on VLS3.60 through port UCP-1.  Size in bytes: 614912. Pages printed: 1. No user action is required."
Information	12/3/2020 17:15	Microsoft-Windows-PrintService	307	Printing a document	"Document 186, Print Document owned by lalban01 on \\MESOEL06484 was printed on VLS3.60 through port UCP-1.  Size in bytes: 7520. Pages printed: 1. No user action is required."
Information	12/3/2020 17:36	Microsoft-Windows-PrintService	307	Printing a document	"Document 187, Print Document owned by lalban01 on \\MESOEL06484 was printed on VLS3.60 through port UCP-1.  Size in bytes: 9072. Pages printed: 1. No user action is required."
