Information	12/14/2019 15:00	Microsoft-Windows-PrintService	307	Printing a document	"Document 103, Print Document owned by rodonn03 on \\MESOEL06484 was printed on VLS3.60 through port UCP-1.  Size in bytes: 16408. Pages printed: 1. No user action is required."
Information	12/14/2019 15:01	Microsoft-Windows-PrintService	307	Printing a document	"Document 104, Print Document owned by rodonn03 on \\MESOEL06484 was printed on VLS3.60 through port UCP-1.  Size in bytes: 13472. Pages printed: 1. No user action is required."
Information	12/14/2019 15:01	Microsoft-Windows-PrintService	307	Printing a document	"Document 105, Print Document owned by rodonn03 on \\MESOEL06484 was printed on VLS3.60 through port UCP-1.  Size in bytes: 13428. Pages printed: 1. No user action is required."
Information	12/14/2019 15:02	Microsoft-Windows-PrintService	307	Printing a document	"Document 106, Print Document owned by rodonn03 on \\MESOEL06484 was printed on VLS3.60 through port UCP-1.  Size in bytes: 16408. Pages printed: 1. No user action is required."
Information	12/14/2019 15:16	Microsoft-Windows-PrintService	307	Printing a document	"Document 107, Print Document owned by rodonn03 on \\MESOEL06484 was printed on VLS3.60 through port UCP-1.  Size in bytes: 1088. Pages printed: 1. No user action is required."
Information	12/14/2019 15:16	Microsoft-Windows-PrintService	307	Printing a document	"Document 108, Print Document owned by rodonn03 on \\MESOEL06484 was printed on VLS3.60 through port UCP-1.  Size in bytes: 1088. Pages printed: 1. No user action is required."
Information	12/14/2019 15:16	Microsoft-Windows-PrintService	307	Printing a document	"Document 109, Print Document owned by rodonn03 on \\MESOEL06484 was printed on VLS3.60 through port UCP-1.  Size in bytes: 1052. Pages printed: 1. No user action is required."
Information	12/14/2019 15:25	Microsoft-Windows-PrintService	307	Printing a document	"Document 110, Print Document owned by rodonn03 on \\MESOEL06484 was printed on VLS3.60 through port UCP-1.  Size in bytes: 24644. Pages printed: 1. No user action is required."
Information	12/14/2019 15:26	Microsoft-Windows-PrintService	307	Printing a document	"Document 111, Print Document owned by rodonn03 on \\MESOEL06484 was printed on VLS3.60 through port UCP-1.  Size in bytes: 24644. Pages printed: 1. No user action is required."
Information	12/14/2019 15:41	Microsoft-Windows-PrintService	307	Printing a document	"Document 112, Print Document owned by rodonn03 on \\MESOEL06484 was printed on VLS3.60 through port UCP-1.  Size in bytes: 44012. Pages printed: 1. No user action is required."
Information	12/14/2019 15:50	Microsoft-Windows-PrintService	307	Printing a document	"Document 113, Print Document owned by rodonn03 on \\MESOEL06484 was printed on VLS3.60 through port UCP-1.  Size in bytes: 36716. Pages printed: 1. No user action is required."
Information	12/14/2019 16:06	Microsoft-Windows-PrintService	307	Printing a document	"Document 114, Print Document owned by rodonn03 on \\MESOEL06484 was printed on VLS3.60 through port UCP-1.  Size in bytes: 2324. Pages printed: 1. No user action is required."
Information	12/14/2019 16:12	Microsoft-Windows-PrintService	307	Printing a document	"Document 115, Print Document owned by rodonn03 on \\MESOEL06484 was printed on VLS3.60 through port UCP-1.  Size in bytes: 2352. Pages printed: 1. No user action is required."
Information	12/14/2019 16:20	Microsoft-Windows-PrintService	307	Printing a document	"Document 116, Print Document owned by rodonn03 on \\MESOEL06484 was printed on VLS3.60 through port UCP-1.  Size in bytes: 132656. Pages printed: 1. No user action is required."
Information	12/14/2019 16:53	Microsoft-Windows-PrintService	307	Printing a document	"Document 117, Print Document owned by rodonn03 on \\MESOEL06484 was printed on VLS3.60 through port UCP-1.  Size in bytes: 1360. Pages printed: 1. No user action is required."
Information	12/14/2019 16:54	Microsoft-Windows-PrintService	307	Printing a document	"Document 118, Print Document owned by rodonn03 on \\MESOEL06484 was printed on VLS3.60 through port UCP-1.  Size in bytes: 613972. Pages printed: 1. No user action is required."
Information	12/14/2019 16:55	Microsoft-Windows-PrintService	307	Printing a document	"Document 119, Print Document owned by rodonn03 on \\MESOEL06484 was printed on VLS3.60 through port UCP-1.  Size in bytes: 162996. Pages printed: 1. No user action is required."
Information	12/14/2019 16:56	Microsoft-Windows-PrintService	307	Printing a document	"Document 120, Print Document owned by rodonn03 on \\MESOEL06484 was printed on VLS3.60 through port UCP-1.  Size in bytes: 451376. Pages printed: 1. No user action is required."
Information	12/15/2019 8:01	Microsoft-Windows-PrintService	307	Printing a document	"Document 121, Print Document owned by rodonn03 on \\MESOEL06484 was printed on VLS3.60 through port UCP-1.  Size in bytes: 79360. Pages printed: 1. No user action is required."
Information	12/15/2019 8:06	Microsoft-Windows-PrintService	307	Printing a document	"Document 122, Print Document owned by rodonn03 on \\MESOEL06484 was printed on VLS3.60 through port UCP-1.  Size in bytes: 79360. Pages printed: 1. No user action is required."
Information	12/15/2019 8:15	Microsoft-Windows-PrintService	307	Printing a document	"Document 123, Print Document owned by rodonn03 on \\MESOEL06484 was printed on VLS3.60 through port UCP-1.  Size in bytes: 31756. Pages printed: 1. No user action is required."
Information	12/15/2019 8:39	Microsoft-Windows-PrintService	307	Printing a document	"Document 124, Print Document owned by rodonn03 on \\MESOEL06484 was printed on VLS3.60 through port UCP-1.  Size in bytes: 656. Pages printed: 1. No user action is required."
Information	12/15/2019 10:40	Microsoft-Windows-PrintService	307	Printing a document	"Document 125, Print Document owned by rodonn03 on \\MESOEL06484 was printed on VLS3.60 through port UCP-1.  Size in bytes: 24496. Pages printed: 1. No user action is required."
Information	12/15/2019 10:46	Microsoft-Windows-PrintService	307	Printing a document	"Document 126, Print Document owned by rodonn03 on \\MESOEL06484 was printed on VLS3.60 through port UCP-1.  Size in bytes: 72688. Pages printed: 1. No user action is required."
Information	12/15/2019 10:55	Microsoft-Windows-PrintService	307	Printing a document	"Document 127, Print Document owned by rodonn03 on \\MESOEL06484 was printed on VLS3.60 through port UCP-1.  Size in bytes: 48592. Pages printed: 1. No user action is required."
Information	12/15/2019 11:02	Microsoft-Windows-PrintService	307	Printing a document	"Document 128, Print Document owned by rodonn03 on \\MESOEL06484 was printed on VLS3.60 through port UCP-1.  Size in bytes: 48592. Pages printed: 1. No user action is required."
Information	12/15/2019 11:03	Microsoft-Windows-PrintService	307	Printing a document	"Document 129, Print Document owned by rodonn03 on \\MESOEL06484 was printed on VLS3.60 through port UCP-1.  Size in bytes: 24496. Pages printed: 1. No user action is required."
Information	12/15/2019 11:13	Microsoft-Windows-PrintService	307	Printing a document	"Document 130, Print Document owned by rodonn03 on \\MESOEL06484 was printed on VLS3.60 through port UCP-1.  Size in bytes: 1116048. Pages printed: 1. No user action is required."
Information	12/15/2019 12:36	Microsoft-Windows-PrintService	307	Printing a document	"Document 131, Print Document owned by rodonn03 on \\MESOEL06484 was printed on VLS3.60 through port UCP-1.  Size in bytes: 656. Pages printed: 1. No user action is required."
Information	12/15/2019 12:36	Microsoft-Windows-PrintService	307	Printing a document	"Document 132, Print Document owned by rodonn03 on \\MESOEL06484 was printed on VLS3.60 through port UCP-1.  Size in bytes: 656. Pages printed: 1. No user action is required."
Information	12/15/2019 12:45	Microsoft-Windows-PrintService	307	Printing a document	"Document 133, Print Document owned by rodonn03 on \\MESOEL06484 was printed on VLS3.60 through port UCP-1.  Size in bytes: 245320. Pages printed: 1. No user action is required."
Information	12/15/2019 12:46	Microsoft-Windows-PrintService	307	Printing a document	"Document 134, Print Document owned by rodonn03 on \\MESOEL06484 was printed on VLS3.60 through port UCP-1.  Size in bytes: 251868. Pages printed: 1. No user action is required."
Information	12/15/2019 13:25	Microsoft-Windows-PrintService	307	Printing a document	"Document 135, Print Document owned by rodonn03 on \\MESOEL06484 was printed on VLS3.60 through port UCP-1.  Size in bytes: 4304. Pages printed: 1. No user action is required."
Information	12/15/2019 13:28	Microsoft-Windows-PrintService	307	Printing a document	"Document 136, Print Document owned by rodonn03 on \\MESOEL06484 was printed on VLS3.60 through port UCP-1.  Size in bytes: 15248. Pages printed: 1. No user action is required."
Information	12/15/2019 13:34	Microsoft-Windows-PrintService	307	Printing a document	"Document 137, Print Document owned by rodonn03 on \\MESOEL06484 was printed on VLS3.60 through port UCP-1.  Size in bytes: 12016. Pages printed: 1. No user action is required."
Information	12/15/2019 13:35	Microsoft-Windows-PrintService	307	Printing a document	"Document 138, Print Document owned by rodonn03 on \\MESOEL06484 was printed on VLS3.60 through port UCP-1.  Size in bytes: 12016. Pages printed: 1. No user action is required."
Information	12/15/2019 13:58	Microsoft-Windows-PrintService	307	Printing a document	"Document 139, Print Document owned by rodonn03 on \\MESOEL06484 was printed on VLS3.60 through port UCP-1.  Size in bytes: 717432. Pages printed: 1. No user action is required."
Information	12/15/2019 13:58	Microsoft-Windows-PrintService	307	Printing a document	"Document 140, Print Document owned by rodonn03 on \\MESOEL06484 was printed on VLS3.60 through port UCP-1.  Size in bytes: 717432. Pages printed: 1. No user action is required."
Information	12/15/2019 14:22	Microsoft-Windows-PrintService	307	Printing a document	"Document 141, Print Document owned by rodonn03 on \\MESOEL06484 was printed on VLS3.60 through port UCP-1.  Size in bytes: 717432. Pages printed: 1. No user action is required."
Information	12/15/2019 14:43	Microsoft-Windows-PrintService	307	Printing a document	"Document 142, Print Document owned by rodonn03 on \\MESOEL06484 was printed on VLS3.60 through port UCP-1.  Size in bytes: 488900. Pages printed: 1. No user action is required."
Information	12/15/2019 14:44	Microsoft-Windows-PrintService	307	Printing a document	"Document 143, Print Document owned by rodonn03 on \\MESOEL06484 was printed on VLS3.60 through port UCP-1.  Size in bytes: 444772. Pages printed: 1. No user action is required."
Information	12/15/2019 15:19	Microsoft-Windows-PrintService	307	Printing a document	"Document 144, Print Document owned by rodonn03 on \\MESOEL06484 was printed on VLS3.60 through port UCP-1.  Size in bytes: 21544. Pages printed: 1. No user action is required."
Information	12/15/2019 15:19	Microsoft-Windows-PrintService	307	Printing a document	"Document 145, Print Document owned by rodonn03 on \\MESOEL06484 was printed on VLS3.60 through port UCP-1.  Size in bytes: 28192. Pages printed: 1. No user action is required."
Information	12/15/2019 15:21	Microsoft-Windows-PrintService	307	Printing a document	"Document 146, Print Document owned by rodonn03 on \\MESOEL06484 was printed on VLS3.60 through port UCP-1.  Size in bytes: 28192. Pages printed: 1. No user action is required."
Information	12/15/2019 15:29	Microsoft-Windows-PrintService	307	Printing a document	"Document 147, Print Document owned by rodonn03 on \\MESOEL06484 was printed on VLS3.60 through port UCP-1.  Size in bytes: 960. Pages printed: 1. No user action is required."
Information	12/15/2019 15:34	Microsoft-Windows-PrintService	307	Printing a document	"Document 148, Print Document owned by rodonn03 on \\MESOEL06484 was printed on VLS3.60 through port UCP-1.  Size in bytes: 29372. Pages printed: 1. No user action is required."
Information	12/15/2019 15:46	Microsoft-Windows-PrintService	307	Printing a document	"Document 149, Print Document owned by rodonn03 on \\MESOEL06484 was printed on VLS3.60 through port UCP-1.  Size in bytes: 23812. Pages printed: 1. No user action is required."
Information	12/15/2019 15:48	Microsoft-Windows-PrintService	307	Printing a document	"Document 150, Print Document owned by rodonn03 on \\MESOEL06484 was printed on VLS3.60 through port UCP-1.  Size in bytes: 23812. Pages printed: 1. No user action is required."
Information	12/15/2019 15:52	Microsoft-Windows-PrintService	307	Printing a document	"Document 151, Print Document owned by rodonn03 on \\MESOEL06484 was printed on VLS3.60 through port UCP-1.  Size in bytes: 23812. Pages printed: 1. No user action is required."
Information	12/15/2019 15:53	Microsoft-Windows-PrintService	307	Printing a document	"Document 152, Print Document owned by rodonn03 on \\MESOEL06484 was printed on VLS3.60 through port UCP-1.  Size in bytes: 23812. Pages printed: 1. No user action is required."
Information	12/15/2019 15:55	Microsoft-Windows-PrintService	307	Printing a document	"Document 153, Print Document owned by rodonn03 on \\MESOEL06484 was printed on VLS3.60 through port UCP-1.  Size in bytes: 41312. Pages printed: 1. No user action is required."
Information	12/15/2019 16:00	Microsoft-Windows-PrintService	307	Printing a document	"Document 154, Print Document owned by rodonn03 on \\MESOEL06484 was printed on VLS3.60 through port UCP-1.  Size in bytes: 29372. Pages printed: 1. No user action is required."
Information	12/15/2019 16:01	Microsoft-Windows-PrintService	307	Printing a document	"Document 155, Print Document owned by rodonn03 on \\MESOEL06484 was printed on VLS3.60 through port UCP-1.  Size in bytes: 5328. Pages printed: 1. No user action is required."
Information	12/15/2019 16:39	Microsoft-Windows-PrintService	307	Printing a document	"Document 156, Print Document owned by rodonn03 on \\MESOEL06484 was printed on VLS3.60 through port UCP-1.  Size in bytes: 656. Pages printed: 1. No user action is required."
Information	12/15/2019 17:14	Microsoft-Windows-PrintService	307	Printing a document	"Document 157, Print Document owned by rodonn03 on \\MESOEL06484 was printed on VLS3.60 through port UCP-1.  Size in bytes: 2880. Pages printed: 1. No user action is required."
Information	12/15/2019 17:25	Microsoft-Windows-PrintService	307	Printing a document	"Document 158, Print Document owned by rodonn03 on \\MESOEL06484 was printed on VLS3.60 through port UCP-1.  Size in bytes: 38092. Pages printed: 1. No user action is required."
Information	12/15/2019 17:34	Microsoft-Windows-PrintService	307	Printing a document	"Document 159, Print Document owned by rodonn03 on \\MESOEL06484 was printed on VLS3.60 through port UCP-1.  Size in bytes: 38092. Pages printed: 1. No user action is required."
Information	12/15/2019 17:35	Microsoft-Windows-PrintService	307	Printing a document	"Document 160, Print Document owned by rodonn03 on \\MESOEL06484 was printed on VLS3.60 through port UCP-1.  Size in bytes: 38092. Pages printed: 1. No user action is required."
Information	12/15/2019 17:49	Microsoft-Windows-PrintService	307	Printing a document	"Document 161, Print Document owned by rodonn03 on \\MESOEL06484 was printed on VLS3.60 through port UCP-1.  Size in bytes: 411780. Pages printed: 1. No user action is required."
Information	12/15/2019 17:51	Microsoft-Windows-PrintService	307	Printing a document	"Document 162, Print Document owned by rodonn03 on \\MESOEL06484 was printed on VLS3.60 through port UCP-1.  Size in bytes: 411780. Pages printed: 1. No user action is required."
Information	12/15/2019 17:52	Microsoft-Windows-PrintService	307	Printing a document	"Document 163, Print Document owned by rodonn03 on \\MESOEL06484 was printed on VLS3.60 through port UCP-1.  Size in bytes: 411756. Pages printed: 1. No user action is required."
Information	12/15/2019 18:26	Microsoft-Windows-PrintService	307	Printing a document	"Document 164, Print Document owned by rodonn03 on \\MESOEL06484 was printed on VLS3.60 through port UCP-1.  Size in bytes: 656. Pages printed: 1. No user action is required."
Information	12/15/2019 18:27	Microsoft-Windows-PrintService	307	Printing a document	"Document 165, Print Document owned by rodonn03 on \\MESOEL06484 was printed on VLS3.60 through port UCP-1.  Size in bytes: 656. Pages printed: 1. No user action is required."
Information	12/15/2019 20:35	Microsoft-Windows-PrintService	307	Printing a document	"Document 166, Print Document owned by rodonn03 on \\MESOEL06484 was printed on VLS3.60 through port UCP-1.  Size in bytes: 1240. Pages printed: 1. No user action is required."
Information	12/15/2019 22:03	Microsoft-Windows-PrintService	307	Printing a document	"Document 167, Print Document owned by rodonn03 on \\MESOEL06484 was printed on VLS3.60 through port UCP-1.  Size in bytes: 58244. Pages printed: 1. No user action is required."
Information	12/15/2019 22:48	Microsoft-Windows-PrintService	307	Printing a document	"Document 168, Print Document owned by rodonn03 on \\MESOEL06484 was printed on VLS3.60 through port UCP-1.  Size in bytes: 14476. Pages printed: 1. No user action is required."
Information	12/15/2019 22:52	Microsoft-Windows-PrintService	307	Printing a document	"Document 169, Print Document owned by rodonn03 on \\MESOEL06484 was printed on VLS3.60 through port UCP-1.  Size in bytes: 14476. Pages printed: 1. No user action is required."
Information	12/15/2019 23:44	Microsoft-Windows-PrintService	307	Printing a document	"Document 170, Print Document owned by rodonn03 on \\MESOEL06484 was printed on VLS3.60 through port UCP-1.  Size in bytes: 205704. Pages printed: 1. No user action is required."
Information	12/15/2019 23:47	Microsoft-Windows-PrintService	307	Printing a document	"Document 171, Print Document owned by rodonn03 on \\MESOEL06484 was printed on VLS3.60 through port UCP-1.  Size in bytes: 58588. Pages printed: 1. No user action is required."
Information	12/16/2019 0:07	Microsoft-Windows-PrintService	307	Printing a document	"Document 172, Print Document owned by rodonn03 on \\MESOEL06484 was printed on VLS3.60 through port UCP-1.  Size in bytes: 2896. Pages printed: 1. No user action is required."
Information	12/16/2019 0:15	Microsoft-Windows-PrintService	307	Printing a document	"Document 173, Print Document owned by rodonn03 on \\MESOEL06484 was printed on VLS3.60 through port UCP-1.  Size in bytes: 360. Pages printed: 1. No user action is required."
Information	12/16/2019 0:47	Microsoft-Windows-PrintService	307	Printing a document	"Document 174, Print Document owned by rodonn03 on \\MESOEL06484 was printed on VLS3.60 through port UCP-1.  Size in bytes: 1168. Pages printed: 1. No user action is required."
Information	12/16/2019 0:51	Microsoft-Windows-PrintService	307	Printing a document	"Document 175, Print Document owned by rodonn03 on \\MESOEL06484 was printed on VLS3.60 through port UCP-1.  Size in bytes: 1168. Pages printed: 1. No user action is required."
Information	12/16/2019 0:53	Microsoft-Windows-PrintService	307	Printing a document	"Document 176, Print Document owned by rodonn03 on \\MESOEL06484 was printed on VLS3.60 through port UCP-1.  Size in bytes: 1168. Pages printed: 1. No user action is required."
Information	12/16/2019 0:53	Microsoft-Windows-PrintService	307	Printing a document	"Document 177, Print Document owned by rodonn03 on \\MESOEL06484 was printed on VLS3.60 through port UCP-1.  Size in bytes: 1168. Pages printed: 1. No user action is required."
Information	12/16/2019 0:56	Microsoft-Windows-PrintService	307	Printing a document	"Document 178, Print Document owned by rodonn03 on \\MESOEL06484 was printed on VLS3.60 through port UCP-1.  Size in bytes: 784. Pages printed: 1. No user action is required."
Information	12/16/2019 1:01	Microsoft-Windows-PrintService	307	Printing a document	"Document 179, Print Document owned by rodonn03 on \\MESOEL06484 was printed on VLS3.60 through port UCP-1.  Size in bytes: 784. Pages printed: 1. No user action is required."
Information	12/16/2019 1:08	Microsoft-Windows-PrintService	307	Printing a document	"Document 180, Print Document owned by rodonn03 on \\MESOEL06484 was printed on VLS3.60 through port UCP-1.  Size in bytes: 784. Pages printed: 1. No user action is required."
Information	12/16/2019 1:10	Microsoft-Windows-PrintService	307	Printing a document	"Document 181, Print Document owned by rodonn03 on \\MESOEL06484 was printed on VLS3.60 through port UCP-1.  Size in bytes: 784. Pages printed: 1. No user action is required."
Information	12/16/2019 1:15	Microsoft-Windows-PrintService	307	Printing a document	"Document 182, Print Document owned by rodonn03 on \\MESOEL06484 was printed on VLS3.60 through port UCP-1.  Size in bytes: 784. Pages printed: 1. No user action is required."
Information	12/16/2019 1:16	Microsoft-Windows-PrintService	307	Printing a document	"Document 183, Print Document owned by rodonn03 on \\MESOEL06484 was printed on VLS3.60 through port UCP-1.  Size in bytes: 784. Pages printed: 1. No user action is required."
Information	12/16/2019 1:17	Microsoft-Windows-PrintService	307	Printing a document	"Document 184, Print Document owned by rodonn03 on \\MESOEL06484 was printed on VLS3.60 through port UCP-1.  Size in bytes: 784. Pages printed: 1. No user action is required."
Information	12/16/2019 9:16	Microsoft-Windows-PrintService	307	Printing a document	"Document 185, Print Document owned by rodonn03 on \\MESOEL06484 was printed on VLS3.60 through port UCP-1.  Size in bytes: 3780. Pages printed: 1. No user action is required."
Information	12/16/2019 9:19	Microsoft-Windows-PrintService	307	Printing a document	"Document 186, Print Document owned by rodonn03 on \\MESOEL06484 was printed on VLS3.60 through port UCP-1.  Size in bytes: 5132. Pages printed: 1. No user action is required."
Information	12/16/2019 9:33	Microsoft-Windows-PrintService	307	Printing a document	"Document 187, Print Document owned by rodonn03 on \\MESOEL06484 was printed on VLS3.60 through port UCP-1.  Size in bytes: 728. Pages printed: 1. No user action is required."
Information	12/16/2019 9:33	Microsoft-Windows-PrintService	307	Printing a document	"Document 188, Print Document owned by rodonn03 on \\MESOEL06484 was printed on VLS3.60 through port UCP-1.  Size in bytes: 752. Pages printed: 1. No user action is required."
Information	12/16/2019 9:36	Microsoft-Windows-PrintService	307	Printing a document	"Document 189, Print Document owned by rodonn03 on \\MESOEL06484 was printed on VLS3.60 through port UCP-1.  Size in bytes: 2864. Pages printed: 1. No user action is required."
Information	12/16/2019 9:37	Microsoft-Windows-PrintService	307	Printing a document	"Document 190, Print Document owned by rodonn03 on \\MESOEL06484 was printed on VLS3.60 through port UCP-1.  Size in bytes: 2160. Pages printed: 1. No user action is required."
Information	12/16/2019 9:38	Microsoft-Windows-PrintService	307	Printing a document	"Document 191, Print Document owned by rodonn03 on \\MESOEL06484 was printed on VLS3.60 through port UCP-1.  Size in bytes: 2160. Pages printed: 1. No user action is required."
Information	12/16/2019 9:48	Microsoft-Windows-PrintService	307	Printing a document	"Document 192, Print Document owned by rodonn03 on \\MESOEL06484 was printed on VLS3.60 through port UCP-1.  Size in bytes: 12420. Pages printed: 1. No user action is required."
Information	12/16/2019 9:48	Microsoft-Windows-PrintService	307	Printing a document	"Document 193, Print Document owned by rodonn03 on \\MESOEL06484 was printed on VLS3.60 through port UCP-1.  Size in bytes: 12420. Pages printed: 1. No user action is required."
Information	12/16/2019 10:00	Microsoft-Windows-PrintService	307	Printing a document	"Document 194, Print Document owned by rodonn03 on \\MESOEL06484 was printed on VLS3.60 through port UCP-1.  Size in bytes: 1872. Pages printed: 1. No user action is required."
Information	12/16/2019 10:04	Microsoft-Windows-PrintService	307	Printing a document	"Document 195, Print Document owned by rodonn03 on \\MESOEL06484 was printed on VLS3.60 through port UCP-1.  Size in bytes: 584. Pages printed: 1. No user action is required."
Information	12/16/2019 10:43	Microsoft-Windows-PrintService	307	Printing a document	"Document 196, Print Document owned by rodonn03 on \\MESOEL06484 was printed on VLS3.60 through port UCP-1.  Size in bytes: 12252. Pages printed: 1. No user action is required."
Information	12/16/2019 10:52	Microsoft-Windows-PrintService	307	Printing a document	"Document 197, Print Document owned by rodonn03 on \\MESOEL06484 was printed on VLS3.60 through port UCP-1.  Size in bytes: 19160. Pages printed: 1. No user action is required."
Information	12/16/2019 11:15	Microsoft-Windows-PrintService	307	Printing a document	"Document 198, Print Document owned by rodonn03 on \\MESOEL06484 was printed on VLS3.60 through port UCP-1.  Size in bytes: 38304. Pages printed: 1. No user action is required."
Information	12/16/2019 11:18	Microsoft-Windows-PrintService	307	Printing a document	"Document 199, Print Document owned by rodonn03 on \\MESOEL06484 was printed on VLS3.60 through port UCP-1.  Size in bytes: 38304. Pages printed: 1. No user action is required."
Information	12/16/2019 11:22	Microsoft-Windows-PrintService	307	Printing a document	"Document 200, Print Document owned by rodonn03 on \\MESOEL06484 was printed on VLS3.60 through port UCP-1.  Size in bytes: 5344. Pages printed: 1. No user action is required."
Information	12/16/2019 11:34	Microsoft-Windows-PrintService	307	Printing a document	"Document 201, Print Document owned by rodonn03 on \\MESOEL06484 was printed on VLS3.60 through port UCP-1.  Size in bytes: 11984. Pages printed: 1. No user action is required."
Information	12/16/2019 11:34	Microsoft-Windows-PrintService	307	Printing a document	"Document 202, Print Document owned by rodonn03 on \\MESOEL06484 was printed on VLS3.60 through port UCP-1.  Size in bytes: 11984. Pages printed: 1. No user action is required."
Information	12/16/2019 11:41	Microsoft-Windows-PrintService	307	Printing a document	"Document 203, Print Document owned by rodonn03 on \\MESOEL06484 was printed on VLS3.60 through port UCP-1.  Size in bytes: 7028. Pages printed: 1. No user action is required."
Information	12/16/2019 12:00	Microsoft-Windows-PrintService	307	Printing a document	"Document 204, Print Document owned by rodonn03 on \\MESOEL06484 was printed on VLS3.60 through port UCP-1.  Size in bytes: 37784. Pages printed: 1. No user action is required."
Information	12/16/2019 12:01	Microsoft-Windows-PrintService	307	Printing a document	"Document 205, Print Document owned by rodonn03 on \\MESOEL06484 was printed on VLS3.60 through port UCP-1.  Size in bytes: 37784. Pages printed: 1. No user action is required."
Information	12/16/2019 12:04	Microsoft-Windows-PrintService	307	Printing a document	"Document 206, Print Document owned by rodonn03 on \\MESOEL06484 was printed on VLS3.60 through port UCP-1.  Size in bytes: 25632. Pages printed: 1. No user action is required."
Information	12/16/2019 12:15	Microsoft-Windows-PrintService	307	Printing a document	"Document 207, Print Document owned by rodonn03 on \\MESOEL06484 was printed on VLS3.60 through port UCP-1.  Size in bytes: 816. Pages printed: 1. No user action is required."
Information	12/16/2019 12:16	Microsoft-Windows-PrintService	307	Printing a document	"Document 208, Print Document owned by rodonn03 on \\MESOEL06484 was printed on VLS3.60 through port UCP-1.  Size in bytes: 816. Pages printed: 1. No user action is required."
Information	12/16/2019 12:21	Microsoft-Windows-PrintService	307	Printing a document	"Document 209, Print Document owned by rodonn03 on \\MESOEL06484 was printed on VLS3.60 through port UCP-1.  Size in bytes: 287724. Pages printed: 1. No user action is required."
Information	12/16/2019 12:21	Microsoft-Windows-PrintService	307	Printing a document	"Document 210, Print Document owned by rodonn03 on \\MESOEL06484 was printed on VLS3.60 through port UCP-1.  Size in bytes: 289016. Pages printed: 1. No user action is required."
Information	12/16/2019 12:42	Microsoft-Windows-PrintService	307	Printing a document	"Document 211, Print Document owned by rodonn03 on \\MESOEL06484 was printed on VLS3.60 through port UCP-1.  Size in bytes: 94464. Pages printed: 1. No user action is required."
Information	12/16/2019 12:42	Microsoft-Windows-PrintService	307	Printing a document	"Document 212, Print Document owned by rodonn03 on \\MESOEL06484 was printed on VLS3.60 through port UCP-1.  Size in bytes: 94464. Pages printed: 1. No user action is required."
Information	12/16/2019 12:46	Microsoft-Windows-PrintService	307	Printing a document	"Document 213, Print Document owned by rodonn03 on \\MESOEL06484 was printed on VLS3.60 through port UCP-1.  Size in bytes: 94464. Pages printed: 1. No user action is required."
Information	12/16/2019 12:47	Microsoft-Windows-PrintService	307	Printing a document	"Document 214, Print Document owned by rodonn03 on \\MESOEL06484 was printed on VLS3.60 through port UCP-1.  Size in bytes: 94464. Pages printed: 1. No user action is required."
Information	12/16/2019 13:59	Microsoft-Windows-PrintService	307	Printing a document	"Document 215, Print Document owned by rodonn03 on \\MESOEL06484 was printed on VLS3.60 through port UCP-1.  Size in bytes: 7436. Pages printed: 1. No user action is required."
Information	12/16/2019 14:30	Microsoft-Windows-PrintService	307	Printing a document	"Document 216, Print Document owned by rodonn03 on \\MESOEL06484 was printed on VLS3.60 through port UCP-1.  Size in bytes: 13580. Pages printed: 2. No user action is required."
Information	12/16/2019 14:44	Microsoft-Windows-PrintService	307	Printing a document	"Document 217, Print Document owned by rodonn03 on \\MESOEL06484 was printed on VLS3.60 through port UCP-1.  Size in bytes: 261500. Pages printed: 2. No user action is required."
Information	12/16/2019 15:07	Microsoft-Windows-PrintService	307	Printing a document	"Document 218, Print Document owned by rodonn03 on \\MESOEL06484 was printed on VLS3.60 through port UCP-1.  Size in bytes: 250124. Pages printed: 2. No user action is required."
Information	12/16/2019 15:08	Microsoft-Windows-PrintService	307	Printing a document	"Document 219, Print Document owned by rodonn03 on \\MESOEL06484 was printed on VLS3.60 through port UCP-1.  Size in bytes: 274636. Pages printed: 2. No user action is required."
Information	12/16/2019 15:36	Microsoft-Windows-PrintService	307	Printing a document	"Document 220, Print Document owned by rodonn03 on \\MESOEL06484 was printed on VLS3.60 through port UCP-1.  Size in bytes: 3312. Pages printed: 1. No user action is required."
Information	12/16/2019 15:37	Microsoft-Windows-PrintService	307	Printing a document	"Document 221, Print Document owned by rodonn03 on \\MESOEL06484 was printed on VLS3.60 through port UCP-1.  Size in bytes: 3312. Pages printed: 1. No user action is required."
Information	12/16/2019 15:46	Microsoft-Windows-PrintService	307	Printing a document	"Document 222, Print Document owned by rodonn03 on \\MESOEL06484 was printed on VLS3.60 through port UCP-1.  Size in bytes: 224772. Pages printed: 2. No user action is required."
Information	12/16/2019 15:56	Microsoft-Windows-PrintService	307	Printing a document	"Document 223, Print Document owned by rodonn03 on \\MESOEL06484 was printed on VLS3.60 through port UCP-1.  Size in bytes: 5184. Pages printed: 1. No user action is required."
Information	12/16/2019 16:13	Microsoft-Windows-PrintService	307	Printing a document	"Document 224, Print Document owned by rodonn03 on \\MESOEL06484 was printed on VLS3.60 through port UCP-1.  Size in bytes: 345412. Pages printed: 2. No user action is required."
Information	12/16/2019 16:14	Microsoft-Windows-PrintService	307	Printing a document	"Document 225, Print Document owned by rodonn03 on \\MESOEL06484 was printed on VLS3.60 through port UCP-1.  Size in bytes: 342100. Pages printed: 2. No user action is required."
Information	12/16/2019 16:27	Microsoft-Windows-PrintService	307	Printing a document	"Document 226, Print Document owned by rodonn03 on \\MESOEL06484 was printed on VLS3.60 through port UCP-1.  Size in bytes: 17328. Pages printed: 1. No user action is required."
Information	12/16/2019 16:47	Microsoft-Windows-PrintService	307	Printing a document	"Document 227, Print Document owned by rodonn03 on \\MESOEL06484 was printed on VLS3.60 through port UCP-1.  Size in bytes: 8672. Pages printed: 1. No user action is required."
Information	12/16/2019 16:48	Microsoft-Windows-PrintService	307	Printing a document	"Document 228, Print Document owned by rodonn03 on \\MESOEL06484 was printed on VLS3.60 through port UCP-1.  Size in bytes: 8672. Pages printed: 1. No user action is required."
Information	12/16/2019 16:59	Microsoft-Windows-PrintService	307	Printing a document	"Document 229, Print Document owned by rodonn03 on \\MESOEL06484 was printed on VLS3.60 through port UCP-1.  Size in bytes: 567144. Pages printed: 1. No user action is required."
Information	12/16/2019 17:00	Microsoft-Windows-PrintService	307	Printing a document	"Document 230, Print Document owned by rodonn03 on \\MESOEL06484 was printed on VLS3.60 through port UCP-1.  Size in bytes: 579904. Pages printed: 1. No user action is required."
Information	12/16/2019 17:13	Microsoft-Windows-PrintService	307	Printing a document	"Document 231, Print Document owned by rodonn03 on \\MESOEL06484 was printed on VLS3.60 through port UCP-1.  Size in bytes: 400. Pages printed: 1. No user action is required."
Information	12/16/2019 17:13	Microsoft-Windows-PrintService	307	Printing a document	"Document 232, Print Document owned by rodonn03 on \\MESOEL06484 was printed on VLS3.60 through port UCP-1.  Size in bytes: 400. Pages printed: 1. No user action is required."
Information	12/16/2019 17:13	Microsoft-Windows-PrintService	307	Printing a document	"Document 233, Print Document owned by rodonn03 on \\MESOEL06484 was printed on VLS3.60 through port UCP-1.  Size in bytes: 22632. Pages printed: 1. No user action is required."
Information	12/16/2019 17:29	Microsoft-Windows-PrintService	307	Printing a document	"Document 234, Print Document owned by rodonn03 on \\MESOEL06484 was printed on VLS3.60 through port UCP-1.  Size in bytes: 8216. Pages printed: 1. No user action is required."
Information	12/16/2019 17:30	Microsoft-Windows-PrintService	307	Printing a document	"Document 235, Print Document owned by rodonn03 on \\MESOEL06484 was printed on VLS3.60 through port UCP-1.  Size in bytes: 8216. Pages printed: 1. No user action is required."
Information	12/16/2019 17:31	Microsoft-Windows-PrintService	307	Printing a document	"Document 236, Print Document owned by rodonn03 on \\MESOEL06484 was printed on VLS3.60 through port UCP-1.  Size in bytes: 8216. Pages printed: 1. No user action is required."
Information	12/16/2019 17:36	Microsoft-Windows-PrintService	307	Printing a document	"Document 237, Print Document owned by rodonn03 on \\MESOEL06484 was printed on VLS3.60 through port UCP-1.  Size in bytes: 14464. Pages printed: 1. No user action is required."
Information	12/16/2019 17:41	Microsoft-Windows-PrintService	307	Printing a document	"Document 238, Print Document owned by rodonn03 on \\MESOEL06484 was printed on VLS3.60 through port UCP-1.  Size in bytes: 400. Pages printed: 1. No user action is required."
Information	12/16/2019 17:41	Microsoft-Windows-PrintService	307	Printing a document	"Document 239, Print Document owned by rodonn03 on \\MESOEL06484 was printed on VLS3.60 through port UCP-1.  Size in bytes: 22632. Pages printed: 1. No user action is required."
Information	12/16/2019 17:41	Microsoft-Windows-PrintService	307	Printing a document	"Document 240, Print Document owned by rodonn03 on \\MESOEL06484 was printed on VLS3.60 through port UCP-1.  Size in bytes: 22632. Pages printed: 1. No user action is required."
Information	12/16/2019 17:43	Microsoft-Windows-PrintService	307	Printing a document	"Document 241, Print Document owned by rodonn03 on \\MESOEL06484 was printed on VLS3.60 through port UCP-1.  Size in bytes: 23224. Pages printed: 1. No user action is required."
Information	12/16/2019 17:49	Microsoft-Windows-PrintService	307	Printing a document	"Document 242, Print Document owned by rodonn03 on \\MESOEL06484 was printed on VLS3.60 through port UCP-1.  Size in bytes: 1101112. Pages printed: 1. No user action is required."
Information	12/16/2019 18:03	Microsoft-Windows-PrintService	307	Printing a document	"Document 243, Print Document owned by rodonn03 on \\MESOEL06484 was printed on VLS3.60 through port UCP-1.  Size in bytes: 13440. Pages printed: 1. No user action is required."
Information	12/16/2019 18:12	Microsoft-Windows-PrintService	307	Printing a document	"Document 244, Print Document owned by rodonn03 on \\MESOEL06484 was printed on VLS3.60 through port UCP-1.  Size in bytes: 22632. Pages printed: 1. No user action is required."
Information	12/16/2019 18:19	Microsoft-Windows-PrintService	307	Printing a document	"Document 245, Print Document owned by rodonn03 on \\MESOEL06484 was printed on VLS3.60 through port UCP-1.  Size in bytes: 6648. Pages printed: 1. No user action is required."
Information	12/16/2019 18:19	Microsoft-Windows-PrintService	307	Printing a document	"Document 246, Print Document owned by rodonn03 on \\MESOEL06484 was printed on VLS3.60 through port UCP-1.  Size in bytes: 6648. Pages printed: 1. No user action is required."
Information	12/16/2019 18:23	Microsoft-Windows-PrintService	307	Printing a document	"Document 247, Print Document owned by rodonn03 on \\MESOEL06484 was printed on VLS3.60 through port UCP-1.  Size in bytes: 12896. Pages printed: 1. No user action is required."
Information	12/16/2019 18:34	Microsoft-Windows-PrintService	307	Printing a document	"Document 248, Print Document owned by rodonn03 on \\MESOEL06484 was printed on VLS3.60 through port UCP-1.  Size in bytes: 21448. Pages printed: 1. No user action is required."
Information	12/16/2019 18:34	Microsoft-Windows-PrintService	307	Printing a document	"Document 249, Print Document owned by rodonn03 on \\MESOEL06484 was printed on VLS3.60 through port UCP-1.  Size in bytes: 21448. Pages printed: 1. No user action is required."
Information	12/16/2019 18:35	Microsoft-Windows-PrintService	307	Printing a document	"Document 250, Print Document owned by rodonn03 on \\MESOEL06484 was printed on VLS3.60 through port UCP-1.  Size in bytes: 21448. Pages printed: 1. No user action is required."
Information	12/16/2019 18:39	Microsoft-Windows-PrintService	307	Printing a document	"Document 251, Print Document owned by rodonn03 on \\MESOEL06484 was printed on VLS3.60 through port UCP-1.  Size in bytes: 22632. Pages printed: 1. No user action is required."
Information	12/16/2019 19:00	Microsoft-Windows-PrintService	307	Printing a document	"Document 252, Print Document owned by rodonn03 on \\MESOEL06484 was printed on VLS3.60 through port UCP-1.  Size in bytes: 23816. Pages printed: 1. No user action is required."
Information	12/16/2019 19:10	Microsoft-Windows-PrintService	307	Printing a document	"Document 253, Print Document owned by rodonn03 on \\MESOEL06484 was printed on VLS3.60 through port UCP-1.  Size in bytes: 5880. Pages printed: 1. No user action is required."
Information	12/16/2019 19:11	Microsoft-Windows-PrintService	307	Printing a document	"Document 254, Print Document owned by rodonn03 on \\MESOEL06484 was printed on VLS3.60 through port UCP-1.  Size in bytes: 5880. Pages printed: 1. No user action is required."
Information	12/16/2019 19:12	Microsoft-Windows-PrintService	307	Printing a document	"Document 255, Print Document owned by rodonn03 on \\MESOEL06484 was printed on VLS3.60 through port UCP-1.  Size in bytes: 5880. Pages printed: 1. No user action is required."
Information	12/16/2019 19:15	Microsoft-Windows-PrintService	307	Printing a document	"Document 1, Print Document owned by rodonn03 on \\MESOEL06484 was printed on VLS3.60 through port UCP-1.  Size in bytes: 5880. Pages printed: 1. No user action is required."
Information	12/16/2019 19:17	Microsoft-Windows-PrintService	307	Printing a document	"Document 2, Print Document owned by rodonn03 on \\MESOEL06484 was printed on VLS3.60 through port UCP-1.  Size in bytes: 23816. Pages printed: 1. No user action is required."
Information	12/16/2019 19:23	Microsoft-Windows-PrintService	307	Printing a document	"Document 3, Print Document owned by rodonn03 on \\MESOEL06484 was printed on VLS3.60 through port UCP-1.  Size in bytes: 12896. Pages printed: 1. No user action is required."
Information	12/16/2019 19:47	Microsoft-Windows-PrintService	307	Printing a document	"Document 4, Print Document owned by rodonn03 on \\MESOEL06484 was printed on VLS3.60 through port UCP-1.  Size in bytes: 1680. Pages printed: 1. No user action is required."
Information	12/16/2019 19:54	Microsoft-Windows-PrintService	307	Printing a document	"Document 5, Print Document owned by rodonn03 on \\MESOEL06484 was printed on VLS3.60 through port UCP-1.  Size in bytes: 1680. Pages printed: 1. No user action is required."
Information	12/16/2019 19:55	Microsoft-Windows-PrintService	307	Printing a document	"Document 6, Print Document owned by rodonn03 on \\MESOEL06484 was printed on VLS3.60 through port UCP-1.  Size in bytes: 1680. Pages printed: 1. No user action is required."
Information	12/16/2019 19:57	Microsoft-Windows-PrintService	307	Printing a document	"Document 7, Print Document owned by rodonn03 on \\MESOEL06484 was printed on VLS3.60 through port UCP-1.  Size in bytes: 1680. Pages printed: 1. No user action is required."
Information	12/16/2019 19:58	Microsoft-Windows-PrintService	307	Printing a document	"Document 8, Print Document owned by rodonn03 on \\MESOEL06484 was printed on VLS3.60 through port UCP-1.  Size in bytes: 1680. Pages printed: 1. No user action is required."
Information	12/16/2019 20:10	Microsoft-Windows-PrintService	307	Printing a document	"Document 9, Print Document owned by rodonn03 on \\MESOEL06484 was printed on VLS3.60 through port UCP-1.  Size in bytes: 20912. Pages printed: 1. No user action is required."
Information	12/16/2019 20:26	Microsoft-Windows-PrintService	307	Printing a document	"Document 10, Print Document owned by rodonn03 on \\MESOEL06484 was printed on VLS3.60 through port UCP-1.  Size in bytes: 42824. Pages printed: 1. No user action is required."
Information	12/16/2019 20:29	Microsoft-Windows-PrintService	307	Printing a document	"Document 11, Print Document owned by rodonn03 on \\MESOEL06484 was printed on VLS3.60 through port UCP-1.  Size in bytes: 42824. Pages printed: 1. No user action is required."
Information	12/16/2019 20:52	Microsoft-Windows-PrintService	307	Printing a document	"Document 12, Print Document owned by rodonn03 on \\MESOEL06484 was printed on VLS3.60 through port UCP-1.  Size in bytes: 752. Pages printed: 1. No user action is required."
Information	12/16/2019 20:57	Microsoft-Windows-PrintService	307	Printing a document	"Document 13, Print Document owned by rodonn03 on \\MESOEL06484 was printed on VLS3.60 through port UCP-1.  Size in bytes: 752. Pages printed: 1. No user action is required."
Information	12/16/2019 21:07	Microsoft-Windows-PrintService	307	Printing a document	"Document 14, Print Document owned by rodonn03 on \\MESOEL06484 was printed on VLS3.60 through port UCP-1.  Size in bytes: 584. Pages printed: 1. No user action is required."
Information	12/16/2019 21:10	Microsoft-Windows-PrintService	307	Printing a document	"Document 15, Print Document owned by rodonn03 on \\MESOEL06484 was printed on VLS3.60 through port UCP-1.  Size in bytes: 5484856. Pages printed: 1. No user action is required."
Information	12/16/2019 21:11	Microsoft-Windows-PrintService	307	Printing a document	"Document 16, Print Document owned by rodonn03 on \\MESOEL06484 was printed on VLS3.60 through port UCP-1.  Size in bytes: 12520. Pages printed: 1. No user action is required."
Information	12/16/2019 21:43	Microsoft-Windows-PrintService	307	Printing a document	"Document 17, Print Document owned by rodonn03 on \\MESOEL06484 was printed on VLS3.60 through port UCP-1.  Size in bytes: 419060. Pages printed: 2. No user action is required."
Information	12/16/2019 21:46	Microsoft-Windows-PrintService	307	Printing a document	"Document 18, Print Document owned by rodonn03 on \\MESOEL06484 was printed on VLS3.60 through port UCP-1.  Size in bytes: 419060. Pages printed: 2. No user action is required."
Information	12/16/2019 21:47	Microsoft-Windows-PrintService	307	Printing a document	"Document 19, Print Document owned by rodonn03 on \\MESOEL06484 was printed on VLS3.60 through port UCP-1.  Size in bytes: 419060. Pages printed: 2. No user action is required."
Information	12/16/2019 21:50	Microsoft-Windows-PrintService	307	Printing a document	"Document 20, Print Document owned by rodonn03 on \\MESOEL06484 was printed on VLS3.60 through port UCP-1.  Size in bytes: 419060. Pages printed: 2. No user action is required."
Information	12/16/2019 22:37	Microsoft-Windows-PrintService	307	Printing a document	"Document 21, Print Document owned by rodonn03 on \\MESOEL06484 was printed on VLS3.60 through port UCP-1.  Size in bytes: 55362272. Pages printed: 2. No user action is required."
Information	12/17/2019 10:14	Microsoft-Windows-PrintService	307	Printing a document	"Document 22, Print Document owned by dwasko01 on \\MESOEL06484 was printed on VLS3.60 through port UCP-1.  Size in bytes: 656. Pages printed: 1. No user action is required."
Information	12/17/2019 10:23	Microsoft-Windows-PrintService	307	Printing a document	"Document 23, Print Document owned by dwasko01 on \\MESOEL06484 was printed on VLS3.60 through port UCP-1.  Size in bytes: 2576. Pages printed: 1. No user action is required."
Information	12/17/2019 10:23	Microsoft-Windows-PrintService	307	Printing a document	"Document 24, Print Document owned by dwasko01 on \\MESOEL06484 was printed on VLS3.60 through port UCP-1.  Size in bytes: 2576. Pages printed: 1. No user action is required."
Information	12/17/2019 10:28	Microsoft-Windows-PrintService	307	Printing a document	"Document 25, Print Document owned by dwasko01 on \\MESOEL06484 was printed on VLS3.60 through port UCP-1.  Size in bytes: 3128. Pages printed: 1. No user action is required."
Information	12/17/2019 10:33	Microsoft-Windows-PrintService	307	Printing a document	"Document 26, Print Document owned by dwasko01 on \\MESOEL06484 was printed on VLS3.60 through port UCP-1.  Size in bytes: 25156. Pages printed: 1. No user action is required."
Information	12/17/2019 10:34	Microsoft-Windows-PrintService	307	Printing a document	"Document 27, Print Document owned by dwasko01 on \\MESOEL06484 was printed on VLS3.60 through port UCP-1.  Size in bytes: 25156. Pages printed: 1. No user action is required."
Information	12/17/2019 10:40	Microsoft-Windows-PrintService	307	Printing a document	"Document 28, Print Document owned by dwasko01 on \\MESOEL06484 was printed on VLS3.60 through port UCP-1.  Size in bytes: 25156. Pages printed: 1. No user action is required."
Information	12/17/2019 10:45	Microsoft-Windows-PrintService	307	Printing a document	"Document 29, Print Document owned by dwasko01 on \\MESOEL06484 was printed on VLS3.60 through port UCP-1.  Size in bytes: 1552. Pages printed: 1. No user action is required."
Information	12/17/2019 10:46	Microsoft-Windows-PrintService	307	Printing a document	"Document 30, Print Document owned by dwasko01 on \\MESOEL06484 was printed on VLS3.60 through port UCP-1.  Size in bytes: 1552. Pages printed: 1. No user action is required."
Information	12/17/2019 10:48	Microsoft-Windows-PrintService	307	Printing a document	"Document 31, Print Document owned by dwasko01 on \\MESOEL06484 was printed on VLS3.60 through port UCP-1.  Size in bytes: 1552. Pages printed: 1. No user action is required."
Information	12/17/2019 10:55	Microsoft-Windows-PrintService	307	Printing a document	"Document 32, Print Document owned by dwasko01 on \\MESOEL06484 was printed on VLS3.60 through port UCP-1.  Size in bytes: 19788. Pages printed: 1. No user action is required."
Information	12/17/2019 10:56	Microsoft-Windows-PrintService	307	Printing a document	"Document 33, Print Document owned by dwasko01 on \\MESOEL06484 was printed on VLS3.60 through port UCP-1.  Size in bytes: 18700. Pages printed: 1. No user action is required."
Information	12/17/2019 11:04	Microsoft-Windows-PrintService	307	Printing a document	"Document 34, Print Document owned by dwasko01 on \\MESOEL06484 was printed on VLS3.60 through port UCP-1.  Size in bytes: 1488. Pages printed: 1. No user action is required."
Information	12/17/2019 11:06	Microsoft-Windows-PrintService	307	Printing a document	"Document 35, Print Document owned by dwasko01 on \\MESOEL06484 was printed on VLS3.60 through port UCP-1.  Size in bytes: 4752. Pages printed: 1. No user action is required."
Information	12/17/2019 11:08	Microsoft-Windows-PrintService	307	Printing a document	"Document 36, Print Document owned by dwasko01 on \\MESOEL06484 was printed on VLS3.60 through port UCP-1.  Size in bytes: 3664. Pages printed: 1. No user action is required."
Information	12/17/2019 11:09	Microsoft-Windows-PrintService	307	Printing a document	"Document 37, Print Document owned by dwasko01 on \\MESOEL06484 was printed on VLS3.60 through port UCP-1.  Size in bytes: 4752. Pages printed: 1. No user action is required."
