Information	10/27/2019 20:18	Microsoft-Windows-PrintService	307	Printing a document	"Document 6, Print Document owned by jsorsc01 on \\MESOEL06484 was printed on VLS3.60 through port UCP-1.  Size in bytes: 54776. Pages printed: 1. No user action is required."
Information	10/27/2019 20:20	Microsoft-Windows-PrintService	307	Printing a document	"Document 7, Print Document owned by jsorsc01 on \\MESOEL06484 was printed on VLS3.60 through port UCP-1.  Size in bytes: 648872. Pages printed: 1. No user action is required."
Information	10/27/2019 20:20	Microsoft-Windows-PrintService	307	Printing a document	"Document 8, Print Document owned by jsorsc01 on \\MESOEL06484 was printed on VLS3.60 through port UCP-1.  Size in bytes: 648872. Pages printed: 1. No user action is required."
Information	10/27/2019 20:24	Microsoft-Windows-PrintService	307	Printing a document	"Document 9, Print Document owned by jsorsc01 on \\MESOEL06484 was printed on VLS3.60 through port UCP-1.  Size in bytes: 280312. Pages printed: 1. No user action is required."
Information	10/27/2019 20:28	Microsoft-Windows-PrintService	307	Printing a document	"Document 10, Print Document owned by jsorsc01 on \\MESOEL06484 was printed on VLS3.60 through port UCP-1.  Size in bytes: 652. Pages printed: 1. No user action is required."
Information	10/27/2019 20:29	Microsoft-Windows-PrintService	307	Printing a document	"Document 11, Print Document owned by jsorsc01 on \\MESOEL06484 was printed on VLS3.60 through port UCP-1.  Size in bytes: 656. Pages printed: 1. No user action is required."
Information	10/27/2019 20:31	Microsoft-Windows-PrintService	307	Printing a document	"Document 12, Print Document owned by jsorsc01 on \\MESOEL06484 was printed on VLS3.60 through port UCP-1.  Size in bytes: 656. Pages printed: 1. No user action is required."
Information	10/27/2019 20:33	Microsoft-Windows-PrintService	307	Printing a document	"Document 13, Print Document owned by jsorsc01 on \\MESOEL06484 was printed on VLS3.60 through port UCP-1.  Size in bytes: 720. Pages printed: 1. No user action is required."
Information	10/27/2019 20:43	Microsoft-Windows-PrintService	307	Printing a document	"Document 14, Print Document owned by jsorsc01 on \\MESOEL06484 was printed on VLS3.60 through port UCP-1.  Size in bytes: 1000. Pages printed: 1. No user action is required."
Information	10/27/2019 21:24	Microsoft-Windows-PrintService	307	Printing a document	"Document 15, Print Document owned by jsorsc01 on \\MESOEL06484 was printed on VLS3.60 through port UCP-1.  Size in bytes: 1094648. Pages printed: 1. No user action is required."
Information	10/27/2019 21:25	Microsoft-Windows-PrintService	307	Printing a document	"Document 16, Print Document owned by jsorsc01 on \\MESOEL06484 was printed on VLS3.60 through port UCP-1.  Size in bytes: 1094648. Pages printed: 1. No user action is required."
Information	10/27/2019 21:27	Microsoft-Windows-PrintService	307	Printing a document	"Document 17, Print Document owned by jsorsc01 on \\MESOEL06484 was printed on VLS3.60 through port UCP-1.  Size in bytes: 1094648. Pages printed: 1. No user action is required."
Information	10/27/2019 21:38	Microsoft-Windows-PrintService	307	Printing a document	"Document 18, Print Document owned by jsorsc01 on \\MESOEL06484 was printed on VLS3.60 through port UCP-1.  Size in bytes: 1926960. Pages printed: 1. No user action is required."
Information	10/27/2019 21:38	Microsoft-Windows-PrintService	307	Printing a document	"Document 19, Print Document owned by jsorsc01 on \\MESOEL06484 was printed on VLS3.60 through port UCP-1.  Size in bytes: 1926960. Pages printed: 1. No user action is required."
Information	10/27/2019 21:41	Microsoft-Windows-PrintService	307	Printing a document	"Document 20, Print Document owned by jsorsc01 on \\MESOEL06484 was printed on VLS3.60 through port UCP-1.  Size in bytes: 1926960. Pages printed: 1. No user action is required."
Information	10/27/2019 22:27	Microsoft-Windows-PrintService	307	Printing a document	"Document 21, Print Document owned by jsorsc01 on \\MESOEL06484 was printed on VLS3.60 through port UCP-1.  Size in bytes: 10840. Pages printed: 1. No user action is required."
Information	10/27/2019 22:32	Microsoft-Windows-PrintService	307	Printing a document	"Document 22, Print Document owned by jsorsc01 on \\MESOEL06484 was printed on VLS3.60 through port UCP-1.  Size in bytes: 11176. Pages printed: 1. No user action is required."
Information	10/27/2019 22:44	Microsoft-Windows-PrintService	307	Printing a document	"Document 23, Print Document owned by jsorsc01 on \\MESOEL06484 was printed on VLS3.60 through port UCP-1.  Size in bytes: 8456. Pages printed: 1. No user action is required."
Information	10/27/2019 22:45	Microsoft-Windows-PrintService	307	Printing a document	"Document 24, Print Document owned by jsorsc01 on \\MESOEL06484 was printed on VLS3.60 through port UCP-1.  Size in bytes: 8456. Pages printed: 1. No user action is required."
Information	10/27/2019 22:48	Microsoft-Windows-PrintService	307	Printing a document	"Document 25, Print Document owned by jsorsc01 on \\MESOEL06484 was printed on VLS3.60 through port UCP-1.  Size in bytes: 8456. Pages printed: 1. No user action is required."
Information	10/28/2019 9:52	Microsoft-Windows-PrintService	307	Printing a document	"Document 26, Print Document owned by rbaris01 on \\MESOEL06484 was printed on VLS3.60 through port UCP-1.  Size in bytes: 768. Pages printed: 1. No user action is required."
Information	10/28/2019 9:56	Microsoft-Windows-PrintService	307	Printing a document	"Document 27, Print Document owned by rbaris01 on \\MESOEL06484 was printed on VLS3.60 through port UCP-1.  Size in bytes: 584. Pages printed: 1. No user action is required."
Information	10/28/2019 9:59	Microsoft-Windows-PrintService	307	Printing a document	"Document 28, Print Document owned by rbaris01 on \\MESOEL06484 was printed on VLS3.60 through port UCP-1.  Size in bytes: 584. Pages printed: 1. No user action is required."
Information	10/28/2019 10:14	Microsoft-Windows-PrintService	307	Printing a document	"Document 29, Print Document owned by rbaris01 on \\MESOEL06484 was printed on VLS3.60 through port UCP-1.  Size in bytes: 2064. Pages printed: 1. No user action is required."
Information	10/28/2019 10:17	Microsoft-Windows-PrintService	307	Printing a document	"Document 30, Print Document owned by rbaris01 on \\MESOEL06484 was printed on VLS3.60 through port UCP-1.  Size in bytes: 3728. Pages printed: 1. No user action is required."
Information	10/28/2019 10:17	Microsoft-Windows-PrintService	307	Printing a document	"Document 31, Print Document owned by rbaris01 on \\MESOEL06484 was printed on VLS3.60 through port UCP-1.  Size in bytes: 2064. Pages printed: 1. No user action is required."
Information	10/28/2019 10:17	Microsoft-Windows-PrintService	307	Printing a document	"Document 32, Print Document owned by rbaris01 on \\MESOEL06484 was printed on VLS3.60 through port UCP-1.  Size in bytes: 1232. Pages printed: 1. No user action is required."
Information	10/28/2019 10:29	Microsoft-Windows-PrintService	307	Printing a document	"Document 33, Print Document owned by rbaris01 on \\MESOEL06484 was printed on VLS3.60 through port UCP-1.  Size in bytes: 1232. Pages printed: 1. No user action is required."
Information	10/28/2019 10:59	Microsoft-Windows-PrintService	307	Printing a document	"Document 34, Print Document owned by rbaris01 on \\MESOEL06484 was printed on VLS3.60 through port UCP-1.  Size in bytes: 2832. Pages printed: 1. No user action is required."
Information	10/28/2019 11:01	Microsoft-Windows-PrintService	307	Printing a document	"Document 35, Print Document owned by rbaris01 on \\MESOEL06484 was printed on VLS3.60 through port UCP-1.  Size in bytes: 2832. Pages printed: 1. No user action is required."
Information	10/28/2019 11:08	Microsoft-Windows-PrintService	307	Printing a document	"Document 36, Print Document owned by rbaris01 on \\MESOEL06484 was printed on VLS3.60 through port UCP-1.  Size in bytes: 1432. Pages printed: 1. No user action is required."
Information	10/28/2019 11:14	Microsoft-Windows-PrintService	307	Printing a document	"Document 37, Print Document owned by rbaris01 on \\MESOEL06484 was printed on VLS3.60 through port UCP-1.  Size in bytes: 1228. Pages printed: 1. No user action is required."
Information	10/28/2019 11:18	Microsoft-Windows-PrintService	307	Printing a document	"Document 38, Print Document owned by rbaris01 on \\MESOEL06484 was printed on VLS3.60 through port UCP-1.  Size in bytes: 656. Pages printed: 1. No user action is required."
Information	10/28/2019 11:22	Microsoft-Windows-PrintService	307	Printing a document	"Document 39, Print Document owned by rbaris01 on \\MESOEL06484 was printed on VLS3.60 through port UCP-1.  Size in bytes: 584. Pages printed: 1. No user action is required."
Information	10/28/2019 11:23	Microsoft-Windows-PrintService	307	Printing a document	"Document 40, Print Document owned by rbaris01 on \\MESOEL06484 was printed on VLS3.60 through port UCP-1.  Size in bytes: 584. Pages printed: 1. No user action is required."
Information	10/28/2019 11:24	Microsoft-Windows-PrintService	307	Printing a document	"Document 41, Print Document owned by rbaris01 on \\MESOEL06484 was printed on VLS3.60 through port UCP-1.  Size in bytes: 584. Pages printed: 1. No user action is required."
Information	10/28/2019 11:25	Microsoft-Windows-PrintService	307	Printing a document	"Document 42, Print Document owned by rbaris01 on \\MESOEL06484 was printed on VLS3.60 through port UCP-1.  Size in bytes: 584. Pages printed: 1. No user action is required."
Information	10/28/2019 11:41	Microsoft-Windows-PrintService	307	Printing a document	"Document 43, Print Document owned by asack01 on \\MESOEL06484 was printed on VLS3.60 through port UCP-1.  Size in bytes: 15488. Pages printed: 1. No user action is required."
Information	10/28/2019 12:15	Microsoft-Windows-PrintService	307	Printing a document	"Document 44, Print Document owned by jsorsc01 on \\MESOEL06484 was printed on VLS3.60 through port UCP-1.  Size in bytes: 8212184. Pages printed: 1. No user action is required."
Information	10/28/2019 12:19	Microsoft-Windows-PrintService	307	Printing a document	"Document 45, Print Document owned by jsorsc01 on \\MESOEL06484 was printed on VLS3.60 through port UCP-1.  Size in bytes: 15952. Pages printed: 1. No user action is required."
Information	10/28/2019 12:26	Microsoft-Windows-PrintService	307	Printing a document	"Document 46, Print Document owned by jsorsc01 on \\MESOEL06484 was printed on VLS3.60 through port UCP-1.  Size in bytes: 1856. Pages printed: 1. No user action is required."
Information	10/28/2019 12:29	Microsoft-Windows-PrintService	307	Printing a document	"Document 47, Print Document owned by jsorsc01 on \\MESOEL06484 was printed on VLS3.60 through port UCP-1.  Size in bytes: 3078584. Pages printed: 1. No user action is required."
Information	10/28/2019 13:16	Microsoft-Windows-PrintService	307	Printing a document	"Document 48, Print Document owned by jsorsc01 on \\MESOEL06484 was printed on VLS3.60 through port UCP-1.  Size in bytes: 1168. Pages printed: 1. No user action is required."
Information	10/28/2019 13:24	Microsoft-Windows-PrintService	307	Printing a document	"Document 49, Print Document owned by jsorsc01 on \\MESOEL06484 was printed on VLS3.60 through port UCP-1.  Size in bytes: 1168. Pages printed: 1. No user action is required."
Information	10/28/2019 13:25	Microsoft-Windows-PrintService	307	Printing a document	"Document 50, Print Document owned by jsorsc01 on \\MESOEL06484 was printed on VLS3.60 through port UCP-1.  Size in bytes: 912. Pages printed: 1. No user action is required."
Information	10/28/2019 13:31	Microsoft-Windows-PrintService	307	Printing a document	"Document 51, Print Document owned by jsorsc01 on \\MESOEL06484 was printed on VLS3.60 through port UCP-1.  Size in bytes: 1168. Pages printed: 1. No user action is required."
Information	10/28/2019 13:40	Microsoft-Windows-PrintService	307	Printing a document	"Document 52, Print Document owned by jsorsc01 on \\MESOEL06484 was printed on VLS3.60 through port UCP-1.  Size in bytes: 1168. Pages printed: 1. No user action is required."
Information	10/28/2019 13:45	Microsoft-Windows-PrintService	307	Printing a document	"Document 53, Print Document owned by jsorsc01 on \\MESOEL06484 was printed on VLS3.60 through port UCP-1.  Size in bytes: 656. Pages printed: 1. No user action is required."
Information	10/28/2019 13:55	Microsoft-Windows-PrintService	307	Printing a document	"Document 54, Print Document owned by jsorsc01 on \\MESOEL06484 was printed on VLS3.60 through port UCP-1.  Size in bytes: 656. Pages printed: 1. No user action is required."
Information	10/28/2019 15:50	Microsoft-Windows-PrintService	307	Printing a document	"Document 55, Print Document owned by jsorsc01 on \\MESOEL06484 was printed on VLS3.60 through port UCP-1.  Size in bytes: 15350128. Pages printed: 1. No user action is required."
Information	10/28/2019 15:51	Microsoft-Windows-PrintService	307	Printing a document	"Document 56, Print Document owned by jsorsc01 on \\MESOEL06484 was printed on VLS3.60 through port UCP-1.  Size in bytes: 15350128. Pages printed: 1. No user action is required."
Information	10/28/2019 15:52	Microsoft-Windows-PrintService	307	Printing a document	"Document 57, Print Document owned by jsorsc01 on \\MESOEL06484 was printed on VLS3.60 through port UCP-1.  Size in bytes: 15350128. Pages printed: 1. No user action is required."
Information	10/28/2019 16:00	Microsoft-Windows-PrintService	307	Printing a document	"Document 58, Print Document owned by jsorsc01 on \\MESOEL06484 was printed on VLS3.60 through port UCP-1.  Size in bytes: 42640. Pages printed: 1. No user action is required."
Information	10/28/2019 16:01	Microsoft-Windows-PrintService	307	Printing a document	"Document 59, Print Document owned by jsorsc01 on \\MESOEL06484 was printed on VLS3.60 through port UCP-1.  Size in bytes: 42640. Pages printed: 1. No user action is required."
Information	10/28/2019 16:05	Microsoft-Windows-PrintService	307	Printing a document	"Document 60, Print Document owned by jsorsc01 on \\MESOEL06484 was printed on VLS3.60 through port UCP-1.  Size in bytes: 42640. Pages printed: 1. No user action is required."
Information	10/28/2019 16:06	Microsoft-Windows-PrintService	307	Printing a document	"Document 61, Print Document owned by jsorsc01 on \\MESOEL06484 was printed on VLS3.60 through port UCP-1.  Size in bytes: 42640. Pages printed: 1. No user action is required."
Information	10/28/2019 17:25	Microsoft-Windows-PrintService	307	Printing a document	"Document 62, Print Document owned by jsorsc01 on \\MESOEL06484 was printed on VLS3.60 through port UCP-1.  Size in bytes: 13232. Pages printed: 1. No user action is required."
Information	10/28/2019 17:40	Microsoft-Windows-PrintService	307	Printing a document	"Document 63, Print Document owned by jsorsc01 on \\MESOEL06484 was printed on VLS3.60 through port UCP-1.  Size in bytes: 19920. Pages printed: 1. No user action is required."
Information	10/28/2019 17:47	Microsoft-Windows-PrintService	307	Printing a document	"Document 64, Print Document owned by jsorsc01 on \\MESOEL06484 was printed on VLS3.60 through port UCP-1.  Size in bytes: 2384. Pages printed: 1. No user action is required."
Information	10/28/2019 19:38	Microsoft-Windows-PrintService	307	Printing a document	"Document 65, Print Document owned by jsorsc01 on \\MESOEL06484 was printed on VLS3.60 through port UCP-1.  Size in bytes: 3966288. Pages printed: 1. No user action is required."
Information	10/28/2019 20:13	Microsoft-Windows-PrintService	307	Printing a document	"Document 66, Print Document owned by ywu15 on \\MESOEL06484 was printed on VLS3.60 through port UCP-1.  Size in bytes: 5052. Pages printed: 1. No user action is required."
Information	10/28/2019 20:17	Microsoft-Windows-PrintService	307	Printing a document	"Document 67, Print Document owned by ywu15 on \\MESOEL06484 was printed on VLS3.60 through port UCP-1.  Size in bytes: 11860. Pages printed: 1. No user action is required."
Information	10/28/2019 20:30	Microsoft-Windows-PrintService	307	Printing a document	"Document 68, Print Document owned by ywu15 on \\MESOEL06484 was printed on VLS3.60 through port UCP-1.  Size in bytes: 16264. Pages printed: 1. No user action is required."
Information	10/28/2019 21:02	Microsoft-Windows-PrintService	307	Printing a document	"Document 69, Print Document owned by ywu15 on \\MESOEL06484 was printed on VLS3.60 through port UCP-1.  Size in bytes: 5936. Pages printed: 1. No user action is required."
Information	10/28/2019 21:07	Microsoft-Windows-PrintService	307	Printing a document	"Document 70, Print Document owned by ywu15 on \\MESOEL06484 was printed on VLS3.60 through port UCP-1.  Size in bytes: 5936. Pages printed: 1. No user action is required."
Information	10/28/2019 21:10	Microsoft-Windows-PrintService	307	Printing a document	"Document 71, Print Document owned by ywu15 on \\MESOEL06484 was printed on VLS3.60 through port UCP-1.  Size in bytes: 5936. Pages printed: 1. No user action is required."
Information	10/28/2019 21:11	Microsoft-Windows-PrintService	307	Printing a document	"Document 72, Print Document owned by ywu15 on \\MESOEL06484 was printed on VLS3.60 through port UCP-1.  Size in bytes: 5936. Pages printed: 1. No user action is required."
Information	10/28/2019 21:15	Microsoft-Windows-PrintService	307	Printing a document	"Document 73, Print Document owned by ywu15 on \\MESOEL06484 was printed on VLS3.60 through port UCP-1.  Size in bytes: 53008. Pages printed: 1. No user action is required."
Information	10/28/2019 21:18	Microsoft-Windows-PrintService	307	Printing a document	"Document 74, Print Document owned by ywu15 on \\MESOEL06484 was printed on VLS3.60 through port UCP-1.  Size in bytes: 44624. Pages printed: 1. No user action is required."
Information	10/28/2019 21:24	Microsoft-Windows-PrintService	307	Printing a document	"Document 75, Print Document owned by ywu15 on \\MESOEL06484 was printed on VLS3.60 through port UCP-1.  Size in bytes: 45328. Pages printed: 1. No user action is required."
Information	10/28/2019 21:29	Microsoft-Windows-PrintService	307	Printing a document	"Document 76, Print Document owned by ywu15 on \\MESOEL06484 was printed on VLS3.60 through port UCP-1.  Size in bytes: 46512. Pages printed: 1. No user action is required."
Information	10/28/2019 21:35	Microsoft-Windows-PrintService	307	Printing a document	"Document 77, Print Document owned by ywu15 on \\MESOEL06484 was printed on VLS3.60 through port UCP-1.  Size in bytes: 52108. Pages printed: 2. No user action is required."
Information	10/28/2019 21:41	Microsoft-Windows-PrintService	307	Printing a document	"Document 78, Print Document owned by ywu15 on \\MESOEL06484 was printed on VLS3.60 through port UCP-1.  Size in bytes: 47132. Pages printed: 2. No user action is required."
Information	10/28/2019 21:54	Microsoft-Windows-PrintService	307	Printing a document	"Document 79, Print Document owned by ywu15 on \\MESOEL06484 was printed on VLS3.60 through port UCP-1.  Size in bytes: 72592. Pages printed: 1. No user action is required."
Information	10/28/2019 22:06	Microsoft-Windows-PrintService	307	Printing a document	"Document 80, Print Document owned by ywu15 on \\MESOEL06484 was printed on VLS3.60 through port UCP-1.  Size in bytes: 28768. Pages printed: 1. No user action is required."
Information	10/28/2019 22:17	Microsoft-Windows-PrintService	307	Printing a document	"Document 81, Print Document owned by ywu15 on \\MESOEL06484 was printed on VLS3.60 through port UCP-1.  Size in bytes: 79216. Pages printed: 1. No user action is required."
Information	10/28/2019 22:27	Microsoft-Windows-PrintService	307	Printing a document	"Document 82, Print Document owned by ywu15 on \\MESOEL06484 was printed on VLS3.60 through port UCP-1.  Size in bytes: 79608. Pages printed: 1. No user action is required."
Information	10/28/2019 22:38	Microsoft-Windows-PrintService	307	Printing a document	"Document 83, Print Document owned by ywu15 on \\MESOEL06484 was printed on VLS3.60 through port UCP-1.  Size in bytes: 80748. Pages printed: 1. No user action is required."
Information	10/28/2019 22:39	Microsoft-Windows-PrintService	307	Printing a document	"Document 84, Print Document owned by ywu15 on \\MESOEL06484 was printed on VLS3.60 through port UCP-1.  Size in bytes: 80600. Pages printed: 1. No user action is required."
Information	10/28/2019 22:39	Microsoft-Windows-PrintService	307	Printing a document	"Document 85, Print Document owned by ywu15 on \\MESOEL06484 was printed on VLS3.60 through port UCP-1.  Size in bytes: 80600. Pages printed: 1. No user action is required."
Information	10/28/2019 22:50	Microsoft-Windows-PrintService	307	Printing a document	"Document 86, Print Document owned by ywu15 on \\MESOEL06484 was printed on VLS3.60 through port UCP-1.  Size in bytes: 6432. Pages printed: 1. No user action is required."
Information	10/28/2019 22:51	Microsoft-Windows-PrintService	307	Printing a document	"Document 87, Print Document owned by ywu15 on \\MESOEL06484 was printed on VLS3.60 through port UCP-1.  Size in bytes: 7296. Pages printed: 1. No user action is required."
Information	10/28/2019 22:56	Microsoft-Windows-PrintService	307	Printing a document	"Document 88, Print Document owned by ywu15 on \\MESOEL06484 was printed on VLS3.60 through port UCP-1.  Size in bytes: 10376. Pages printed: 1. No user action is required."
Information	10/28/2019 22:59	Microsoft-Windows-PrintService	307	Printing a document	"Document 89, Print Document owned by ywu15 on \\MESOEL06484 was printed on VLS3.60 through port UCP-1.  Size in bytes: 10816. Pages printed: 1. No user action is required."
Information	10/28/2019 23:07	Microsoft-Windows-PrintService	307	Printing a document	"Document 90, Print Document owned by ywu15 on \\MESOEL06484 was printed on VLS3.60 through port UCP-1.  Size in bytes: 2492. Pages printed: 1. No user action is required."
Information	10/28/2019 23:08	Microsoft-Windows-PrintService	307	Printing a document	"Document 91, Print Document owned by ywu15 on \\MESOEL06484 was printed on VLS3.60 through port UCP-1.  Size in bytes: 2160. Pages printed: 1. No user action is required."
Information	10/28/2019 23:09	Microsoft-Windows-PrintService	307	Printing a document	"Document 92, Print Document owned by ywu15 on \\MESOEL06484 was printed on VLS3.60 through port UCP-1.  Size in bytes: 2160. Pages printed: 1. No user action is required."
Information	10/28/2019 23:09	Microsoft-Windows-PrintService	307	Printing a document	"Document 93, Print Document owned by ywu15 on \\MESOEL06484 was printed on VLS3.60 through port UCP-1.  Size in bytes: 2160. Pages printed: 1. No user action is required."
Information	10/28/2019 23:15	Microsoft-Windows-PrintService	307	Printing a document	"Document 94, Print Document owned by ywu15 on \\MESOEL06484 was printed on VLS3.60 through port UCP-1.  Size in bytes: 3032. Pages printed: 1. No user action is required."
Information	10/28/2019 23:16	Microsoft-Windows-PrintService	307	Printing a document	"Document 95, Print Document owned by ywu15 on \\MESOEL06484 was printed on VLS3.60 through port UCP-1.  Size in bytes: 2640. Pages printed: 1. No user action is required."
Information	10/28/2019 23:22	Microsoft-Windows-PrintService	307	Printing a document	"Document 96, Print Document owned by ywu15 on \\MESOEL06484 was printed on VLS3.60 through port UCP-1.  Size in bytes: 3576. Pages printed: 1. No user action is required."
Information	10/28/2019 23:26	Microsoft-Windows-PrintService	307	Printing a document	"Document 97, Print Document owned by ywu15 on \\MESOEL06484 was printed on VLS3.60 through port UCP-1.  Size in bytes: 8348. Pages printed: 1. No user action is required."
Information	10/28/2019 23:26	Microsoft-Windows-PrintService	307	Printing a document	"Document 98, Print Document owned by ywu15 on \\MESOEL06484 was printed on VLS3.60 through port UCP-1.  Size in bytes: 8376. Pages printed: 1. No user action is required."
Information	10/29/2019 13:06	Microsoft-Windows-PrintService	307	Printing a document	"Document 99, Print Document owned by ywu15 on \\MESOEL06484 was printed on VLS3.60 through port UCP-1.  Size in bytes: 22880. Pages printed: 1. No user action is required."
Information	10/29/2019 13:22	Microsoft-Windows-PrintService	307	Printing a document	"Document 100, Print Document owned by ywu15 on \\MESOEL06484 was printed on VLS3.60 through port UCP-1.  Size in bytes: 25648. Pages printed: 1. No user action is required."
Information	10/29/2019 13:40	Microsoft-Windows-PrintService	307	Printing a document	"Document 101, Print Document owned by wwind01 on \\MESOEL06484 was printed on VLS3.60 through port UCP-1.  Size in bytes: 2480. Pages printed: 1. No user action is required."
Information	10/29/2019 13:43	Microsoft-Windows-PrintService	307	Printing a document	"Document 102, Print Document owned by wwind01 on \\MESOEL06484 was printed on VLS3.60 through port UCP-1.  Size in bytes: 2480. Pages printed: 1. No user action is required."
Information	10/29/2019 13:43	Microsoft-Windows-PrintService	307	Printing a document	"Document 103, Print Document owned by wwind01 on \\MESOEL06484 was printed on VLS3.60 through port UCP-1.  Size in bytes: 2480. Pages printed: 1. No user action is required."
Information	10/29/2019 13:56	Microsoft-Windows-PrintService	307	Printing a document	"Document 104, Print Document owned by wwind01 on \\MESOEL06484 was printed on VLS3.60 through port UCP-1.  Size in bytes: 1488. Pages printed: 1. No user action is required."
Information	10/29/2019 14:00	Microsoft-Windows-PrintService	307	Printing a document	"Document 105, Print Document owned by wwind01 on \\MESOEL06484 was printed on VLS3.60 through port UCP-1.  Size in bytes: 400. Pages printed: 1. No user action is required."
Information	10/29/2019 14:01	Microsoft-Windows-PrintService	307	Printing a document	"Document 106, Print Document owned by wwind01 on \\MESOEL06484 was printed on VLS3.60 through port UCP-1.  Size in bytes: 4624. Pages printed: 1. No user action is required."
Information	10/29/2019 14:51	Microsoft-Windows-PrintService	307	Printing a document	"Document 107, Print Document owned by wwind01 on \\MESOEL06484 was printed on VLS3.60 through port UCP-1.  Size in bytes: 25248. Pages printed: 1. No user action is required."
Information	10/29/2019 14:56	Microsoft-Windows-PrintService	307	Printing a document	"Document 108, Print Document owned by wwind01 on \\MESOEL06484 was printed on VLS3.60 through port UCP-1.  Size in bytes: 27284. Pages printed: 1. No user action is required."
Information	10/29/2019 15:37	Microsoft-Windows-PrintService	307	Printing a document	"Document 109, Print Document owned by wwind01 on \\MESOEL06484 was printed on VLS3.60 through port UCP-1.  Size in bytes: 2704. Pages printed: 1. No user action is required."
Information	10/29/2019 15:41	Microsoft-Windows-PrintService	307	Printing a document	"Document 110, Print Document owned by wwind01 on \\MESOEL06484 was printed on VLS3.60 through port UCP-1.  Size in bytes: 2704. Pages printed: 1. No user action is required."
Information	10/29/2019 15:47	Microsoft-Windows-PrintService	307	Printing a document	"Document 111, Print Document owned by wwind01 on \\MESOEL06484 was printed on VLS3.60 through port UCP-1.  Size in bytes: 4208. Pages printed: 1. No user action is required."
Information	10/29/2019 15:47	Microsoft-Windows-PrintService	307	Printing a document	"Document 112, Print Document owned by wwind01 on \\MESOEL06484 was printed on VLS3.60 through port UCP-1.  Size in bytes: 4208. Pages printed: 1. No user action is required."
Information	10/29/2019 15:49	Microsoft-Windows-PrintService	307	Printing a document	"Document 113, Print Document owned by wwind01 on \\MESOEL06484 was printed on VLS3.60 through port UCP-1.  Size in bytes: 4208. Pages printed: 1. No user action is required."
Information	10/29/2019 16:21	Microsoft-Windows-PrintService	307	Printing a document	"Document 114, Print Document owned by wwind01 on \\MESOEL06484 was printed on VLS3.60 through port UCP-1.  Size in bytes: 5552. Pages printed: 1. No user action is required."
Information	10/29/2019 16:23	Microsoft-Windows-PrintService	307	Printing a document	"Document 115, Print Document owned by wwind01 on \\MESOEL06484 was printed on VLS3.60 through port UCP-1.  Size in bytes: 5552. Pages printed: 1. No user action is required."
Information	10/29/2019 16:27	Microsoft-Windows-PrintService	307	Printing a document	"Document 116, Print Document owned by wwind01 on \\MESOEL06484 was printed on VLS3.60 through port UCP-1.  Size in bytes: 5552. Pages printed: 1. No user action is required."
Information	10/29/2019 16:30	Microsoft-Windows-PrintService	307	Printing a document	"Document 117, Print Document owned by wwind01 on \\MESOEL06484 was printed on VLS3.60 through port UCP-1.  Size in bytes: 14568. Pages printed: 1. No user action is required."
Information	10/29/2019 16:34	Microsoft-Windows-PrintService	307	Printing a document	"Document 118, Print Document owned by wwind01 on \\MESOEL06484 was printed on VLS3.60 through port UCP-1.  Size in bytes: 14568. Pages printed: 1. No user action is required."
Information	10/29/2019 16:35	Microsoft-Windows-PrintService	307	Printing a document	"Document 119, Print Document owned by wwind01 on \\MESOEL06484 was printed on VLS3.60 through port UCP-1.  Size in bytes: 14568. Pages printed: 1. No user action is required."
Information	10/29/2019 16:36	Microsoft-Windows-PrintService	307	Printing a document	"Document 120, Print Document owned by wwind01 on \\MESOEL06484 was printed on VLS3.60 through port UCP-1.  Size in bytes: 28736. Pages printed: 1. No user action is required."
Information	10/29/2019 16:38	Microsoft-Windows-PrintService	307	Printing a document	"Document 121, Print Document owned by wwind01 on \\MESOEL06484 was printed on VLS3.60 through port UCP-1.  Size in bytes: 14568. Pages printed: 1. No user action is required."
Information	10/29/2019 16:46	Microsoft-Windows-PrintService	307	Printing a document	"Document 122, Print Document owned by wwind01 on \\MESOEL06484 was printed on VLS3.60 through port UCP-1.  Size in bytes: 45660. Pages printed: 1. No user action is required."
Information	10/29/2019 16:51	Microsoft-Windows-PrintService	307	Printing a document	"Document 123, Print Document owned by wwind01 on \\MESOEL06484 was printed on VLS3.60 through port UCP-1.  Size in bytes: 20420. Pages printed: 1. No user action is required."
Information	10/29/2019 16:55	Microsoft-Windows-PrintService	307	Printing a document	"Document 124, Print Document owned by wwind01 on \\MESOEL06484 was printed on VLS3.60 through port UCP-1.  Size in bytes: 45660. Pages printed: 1. No user action is required."
Information	10/29/2019 17:11	Microsoft-Windows-PrintService	307	Printing a document	"Document 125, Print Document owned by wwind01 on \\MESOEL06484 was printed on VLS3.60 through port UCP-1.  Size in bytes: 5552. Pages printed: 1. No user action is required."
Information	10/29/2019 17:16	Microsoft-Windows-PrintService	307	Printing a document	"Document 126, Print Document owned by wwind01 on \\MESOEL06484 was printed on VLS3.60 through port UCP-1.  Size in bytes: 912. Pages printed: 1. No user action is required."
Information	10/29/2019 17:25	Microsoft-Windows-PrintService	307	Printing a document	"Document 127, Print Document owned by wwind01 on \\MESOEL06484 was printed on VLS3.60 through port UCP-1.  Size in bytes: 5552. Pages printed: 1. No user action is required."
Information	10/29/2019 18:41	Microsoft-Windows-PrintService	307	Printing a document	"Document 128, Print Document owned by wwind01 on \\MESOEL06484 was printed on VLS3.60 through port UCP-1.  Size in bytes: 79240. Pages printed: 1. No user action is required."
Information	10/29/2019 18:52	Microsoft-Windows-PrintService	307	Printing a document	"Document 129, Print Document owned by wwind01 on \\MESOEL06484 was printed on VLS3.60 through port UCP-1.  Size in bytes: 784. Pages printed: 1. No user action is required."
Information	10/29/2019 18:54	Microsoft-Windows-PrintService	307	Printing a document	"Document 130, Print Document owned by wwind01 on \\MESOEL06484 was printed on VLS3.60 through port UCP-1.  Size in bytes: 784. Pages printed: 1. No user action is required."
Information	10/29/2019 18:57	Microsoft-Windows-PrintService	307	Printing a document	"Document 131, Print Document owned by wwind01 on \\MESOEL06484 was printed on VLS3.60 through port UCP-1.  Size in bytes: 79464. Pages printed: 1. No user action is required."
Information	10/29/2019 19:11	Microsoft-Windows-PrintService	307	Printing a document	"Document 132, Print Document owned by wwind01 on \\MESOEL06484 was printed on VLS3.60 through port UCP-1.  Size in bytes: 80712. Pages printed: 1. No user action is required."
Information	10/29/2019 19:21	Microsoft-Windows-PrintService	307	Printing a document	"Document 133, Print Document owned by wwind01 on \\MESOEL06484 was printed on VLS3.60 through port UCP-1.  Size in bytes: 80712. Pages printed: 1. No user action is required."
Information	10/29/2019 19:45	Microsoft-Windows-PrintService	307	Printing a document	"Document 134, Print Document owned by wwind01 on \\MESOEL06484 was printed on VLS3.60 through port UCP-1.  Size in bytes: 2224. Pages printed: 1. No user action is required."
Information	10/29/2019 19:46	Microsoft-Windows-PrintService	307	Printing a document	"Document 135, Print Document owned by wwind01 on \\MESOEL06484 was printed on VLS3.60 through port UCP-1.  Size in bytes: 2224. Pages printed: 1. No user action is required."
Information	10/29/2019 19:56	Microsoft-Windows-PrintService	307	Printing a document	"Document 136, Print Document owned by wwind01 on \\MESOEL06484 was printed on VLS3.60 through port UCP-1.  Size in bytes: 912. Pages printed: 1. No user action is required."
Information	10/29/2019 19:58	Microsoft-Windows-PrintService	307	Printing a document	"Document 137, Print Document owned by wwind01 on \\MESOEL06484 was printed on VLS3.60 through port UCP-1.  Size in bytes: 912. Pages printed: 1. No user action is required."
Information	10/29/2019 19:59	Microsoft-Windows-PrintService	307	Printing a document	"Document 138, Print Document owned by wwind01 on \\MESOEL06484 was printed on VLS3.60 through port UCP-1.  Size in bytes: 584. Pages printed: 1. No user action is required."
Information	10/29/2019 20:00	Microsoft-Windows-PrintService	307	Printing a document	"Document 139, Print Document owned by wwind01 on \\MESOEL06484 was printed on VLS3.60 through port UCP-1.  Size in bytes: 584. Pages printed: 1. No user action is required."
Information	10/29/2019 20:04	Microsoft-Windows-PrintService	307	Printing a document	"Document 140, Print Document owned by wwind01 on \\MESOEL06484 was printed on VLS3.60 through port UCP-1.  Size in bytes: 584. Pages printed: 1. No user action is required."
Information	10/29/2019 20:04	Microsoft-Windows-PrintService	307	Printing a document	"Document 141, Print Document owned by wwind01 on \\MESOEL06484 was printed on VLS3.60 through port UCP-1.  Size in bytes: 584. Pages printed: 1. No user action is required."
Information	10/29/2019 20:05	Microsoft-Windows-PrintService	307	Printing a document	"Document 142, Print Document owned by wwind01 on \\MESOEL06484 was printed on VLS3.60 through port UCP-1.  Size in bytes: 768. Pages printed: 1. No user action is required."
Information	10/29/2019 20:06	Microsoft-Windows-PrintService	307	Printing a document	"Document 143, Print Document owned by wwind01 on \\MESOEL06484 was printed on VLS3.60 through port UCP-1.  Size in bytes: 584. Pages printed: 1. No user action is required."
Information	10/29/2019 20:10	Microsoft-Windows-PrintService	307	Printing a document	"Document 144, Print Document owned by wwind01 on \\MESOEL06484 was printed on VLS3.60 through port UCP-1.  Size in bytes: 584. Pages printed: 1. No user action is required."
Information	10/29/2019 20:14	Microsoft-Windows-PrintService	307	Printing a document	"Document 145, Print Document owned by wwind01 on \\MESOEL06484 was printed on VLS3.60 through port UCP-1.  Size in bytes: 584. Pages printed: 1. No user action is required."
Information	10/29/2019 20:19	Microsoft-Windows-PrintService	307	Printing a document	"Document 146, Print Document owned by wwind01 on \\MESOEL06484 was printed on VLS3.60 through port UCP-1.  Size in bytes: 584. Pages printed: 1. No user action is required."
Information	10/29/2019 20:33	Microsoft-Windows-PrintService	307	Printing a document	"Document 147, Print Document owned by wwind01 on \\MESOEL06484 was printed on VLS3.60 through port UCP-1.  Size in bytes: 5136. Pages printed: 1. No user action is required."
Information	10/29/2019 20:43	Microsoft-Windows-PrintService	307	Printing a document	"Document 148, Print Document owned by wwind01 on \\MESOEL06484 was printed on VLS3.60 through port UCP-1.  Size in bytes: 5136. Pages printed: 1. No user action is required."
Information	10/29/2019 21:03	Microsoft-Windows-PrintService	307	Printing a document	"Document 149, Print Document owned by wwind01 on \\MESOEL06484 was printed on VLS3.60 through port UCP-1.  Size in bytes: 37536. Pages printed: 1. No user action is required."
Information	10/29/2019 21:44	Microsoft-Windows-PrintService	307	Printing a document	"Document 150, Print Document owned by wwind01 on \\MESOEL06484 was printed on VLS3.60 through port UCP-1.  Size in bytes: 13860. Pages printed: 1. No user action is required."
Information	10/29/2019 21:46	Microsoft-Windows-PrintService	307	Printing a document	"Document 151, Print Document owned by wwind01 on \\MESOEL06484 was printed on VLS3.60 through port UCP-1.  Size in bytes: 13860. Pages printed: 1. No user action is required."
Information	10/29/2019 21:49	Microsoft-Windows-PrintService	307	Printing a document	"Document 152, Print Document owned by wwind01 on \\MESOEL06484 was printed on VLS3.60 through port UCP-1.  Size in bytes: 13860. Pages printed: 1. No user action is required."
Information	10/29/2019 21:50	Microsoft-Windows-PrintService	307	Printing a document	"Document 153, Print Document owned by wwind01 on \\MESOEL06484 was printed on VLS3.60 through port UCP-1.  Size in bytes: 656. Pages printed: 1. No user action is required."
Information	10/29/2019 21:51	Microsoft-Windows-PrintService	307	Printing a document	"Document 154, Print Document owned by wwind01 on \\MESOEL06484 was printed on VLS3.60 through port UCP-1.  Size in bytes: 13860. Pages printed: 1. No user action is required."
Information	10/29/2019 21:57	Microsoft-Windows-PrintService	307	Printing a document	"Document 155, Print Document owned by wwind01 on \\MESOEL06484 was printed on VLS3.60 through port UCP-1.  Size in bytes: 17584. Pages printed: 1. No user action is required."
Information	10/29/2019 22:07	Microsoft-Windows-PrintService	307	Printing a document	"Document 156, Print Document owned by wwind01 on \\MESOEL06484 was printed on VLS3.60 through port UCP-1.  Size in bytes: 6288. Pages printed: 1. No user action is required."
Information	10/29/2019 22:08	Microsoft-Windows-PrintService	307	Printing a document	"Document 157, Print Document owned by wwind01 on \\MESOEL06484 was printed on VLS3.60 through port UCP-1.  Size in bytes: 6288. Pages printed: 1. No user action is required."
Information	10/29/2019 22:12	Microsoft-Windows-PrintService	307	Printing a document	"Document 158, Print Document owned by wwind01 on \\MESOEL06484 was printed on VLS3.60 through port UCP-1.  Size in bytes: 5264. Pages printed: 1. No user action is required."
Information	10/29/2019 22:18	Microsoft-Windows-PrintService	307	Printing a document	"Document 159, Print Document owned by wwind01 on \\MESOEL06484 was printed on VLS3.60 through port UCP-1.  Size in bytes: 13744. Pages printed: 1. No user action is required."
Information	10/29/2019 22:27	Microsoft-Windows-PrintService	307	Printing a document	"Document 160, Print Document owned by wwind01 on \\MESOEL06484 was printed on VLS3.60 through port UCP-1.  Size in bytes: 25488. Pages printed: 1. No user action is required."
Information	10/29/2019 22:35	Microsoft-Windows-PrintService	307	Printing a document	"Document 161, Print Document owned by wwind01 on \\MESOEL06484 was printed on VLS3.60 through port UCP-1.  Size in bytes: 784. Pages printed: 1. No user action is required."
Information	10/29/2019 22:44	Microsoft-Windows-PrintService	307	Printing a document	"Document 162, Print Document owned by wwind01 on \\MESOEL06484 was printed on VLS3.60 through port UCP-1.  Size in bytes: 1168. Pages printed: 1. No user action is required."
Information	10/29/2019 23:33	Microsoft-Windows-PrintService	307	Printing a document	"Document 163, Print Document owned by wwind01 on \\MESOEL06484 was printed on VLS3.60 through port UCP-1.  Size in bytes: 6484. Pages printed: 1. No user action is required."
Information	10/29/2019 23:36	Microsoft-Windows-PrintService	307	Printing a document	"Document 164, Print Document owned by wwind01 on \\MESOEL06484 was printed on VLS3.60 through port UCP-1.  Size in bytes: 6484. Pages printed: 1. No user action is required."
Information	10/29/2019 23:40	Microsoft-Windows-PrintService	307	Printing a document	"Document 165, Print Document owned by wwind01 on \\MESOEL06484 was printed on VLS3.60 through port UCP-1.  Size in bytes: 6484. Pages printed: 1. No user action is required."
Information	10/30/2019 10:17	Microsoft-Windows-PrintService	307	Printing a document	"Document 166, Print Document owned by wwind01 on \\MESOEL06484 was printed on VLS3.60 through port UCP-1.  Size in bytes: 21600. Pages printed: 1. No user action is required."
Information	10/30/2019 10:50	Microsoft-Windows-PrintService	307	Printing a document	"Document 167, Print Document owned by wwind01 on \\MESOEL06484 was printed on VLS3.60 through port UCP-1.  Size in bytes: 1192. Pages printed: 1. No user action is required."
Information	10/30/2019 10:59	Microsoft-Windows-PrintService	307	Printing a document	"Document 168, Print Document owned by wwind01 on \\MESOEL06484 was printed on VLS3.60 through port UCP-1.  Size in bytes: 2776. Pages printed: 1. No user action is required."
Information	10/30/2019 11:12	Microsoft-Windows-PrintService	307	Printing a document	"Document 169, Print Document owned by wwind01 on \\MESOEL06484 was printed on VLS3.60 through port UCP-1.  Size in bytes: 44256232. Pages printed: 1. No user action is required."
Information	10/30/2019 12:25	Microsoft-Windows-PrintService	307	Printing a document	"Document 170, Print Document owned by wwind01 on \\MESOEL06484 was printed on VLS3.60 through port UCP-1.  Size in bytes: 3832. Pages printed: 1. No user action is required."
Information	10/30/2019 12:28	Microsoft-Windows-PrintService	307	Printing a document	"Document 171, Print Document owned by wwind01 on \\MESOEL06484 was printed on VLS3.60 through port UCP-1.  Size in bytes: 1808. Pages printed: 1. No user action is required."
Information	10/30/2019 12:30	Microsoft-Windows-PrintService	307	Printing a document	"Document 172, Print Document owned by wwind01 on \\MESOEL06484 was printed on VLS3.60 through port UCP-1.  Size in bytes: 912. Pages printed: 1. No user action is required."
Information	10/30/2019 12:34	Microsoft-Windows-PrintService	307	Printing a document	"Document 173, Print Document owned by wwind01 on \\MESOEL06484 was printed on VLS3.60 through port UCP-1.  Size in bytes: 6808. Pages printed: 1. No user action is required."
Information	10/30/2019 12:38	Microsoft-Windows-PrintService	307	Printing a document	"Document 174, Print Document owned by wwind01 on \\MESOEL06484 was printed on VLS3.60 through port UCP-1.  Size in bytes: 9312. Pages printed: 1. No user action is required."
Information	10/30/2019 12:41	Microsoft-Windows-PrintService	307	Printing a document	"Document 175, Print Document owned by wwind01 on \\MESOEL06484 was printed on VLS3.60 through port UCP-1.  Size in bytes: 28332. Pages printed: 1. No user action is required."
Information	10/30/2019 12:41	Microsoft-Windows-PrintService	307	Printing a document	"Document 176, Print Document owned by wwind01 on \\MESOEL06484 was printed on VLS3.60 through port UCP-1.  Size in bytes: 15992. Pages printed: 1. No user action is required."
Information	10/30/2019 12:47	Microsoft-Windows-PrintService	307	Printing a document	"Document 177, Print Document owned by wwind01 on \\MESOEL06484 was printed on VLS3.60 through port UCP-1.  Size in bytes: 784. Pages printed: 1. No user action is required."
Information	10/30/2019 12:49	Microsoft-Windows-PrintService	307	Printing a document	"Document 178, Print Document owned by wwind01 on \\MESOEL06484 was printed on VLS3.60 through port UCP-1.  Size in bytes: 21680. Pages printed: 1. No user action is required."
Information	10/30/2019 13:10	Microsoft-Windows-PrintService	307	Printing a document	"Document 179, Print Document owned by wwind01 on \\MESOEL06484 was printed on VLS3.60 through port UCP-1.  Size in bytes: 4240. Pages printed: 1. No user action is required."
Information	10/30/2019 14:14	Microsoft-Windows-PrintService	307	Printing a document	"Document 180, Print Document owned by wwind01 on \\MESOEL06484 was printed on VLS3.60 through port UCP-1.  Size in bytes: 784. Pages printed: 1. No user action is required."
Information	10/30/2019 14:16	Microsoft-Windows-PrintService	307	Printing a document	"Document 181, Print Document owned by wwind01 on \\MESOEL06484 was printed on VLS3.60 through port UCP-1.  Size in bytes: 784. Pages printed: 1. No user action is required."
Information	10/30/2019 14:32	Microsoft-Windows-PrintService	307	Printing a document	"Document 182, Print Document owned by wwind01 on \\MESOEL06484 was printed on VLS3.60 through port UCP-1.  Size in bytes: 9312. Pages printed: 1. No user action is required."
Information	10/30/2019 14:36	Microsoft-Windows-PrintService	307	Printing a document	"Document 183, Print Document owned by wwind01 on \\MESOEL06484 was printed on VLS3.60 through port UCP-1.  Size in bytes: 12784. Pages printed: 1. No user action is required."
Information	10/30/2019 16:41	Microsoft-Windows-PrintService	307	Printing a document	"Document 184, Print Document owned by wwind01 on \\MESOEL06484 was printed on VLS3.60 through port UCP-1.  Size in bytes: 590180. Pages printed: 1. No user action is required."
Information	10/30/2019 16:42	Microsoft-Windows-PrintService	307	Printing a document	"Document 185, Print Document owned by wwind01 on \\MESOEL06484 was printed on VLS3.60 through port UCP-1.  Size in bytes: 590180. Pages printed: 1. No user action is required."
Information	10/30/2019 16:49	Microsoft-Windows-PrintService	307	Printing a document	"Document 186, Print Document owned by wwind01 on \\MESOEL06484 was printed on VLS3.60 through port UCP-1.  Size in bytes: 591044. Pages printed: 1. No user action is required."
Information	10/30/2019 16:59	Microsoft-Windows-PrintService	307	Printing a document	"Document 187, Print Document owned by wwind01 on \\MESOEL06484 was printed on VLS3.60 through port UCP-1.  Size in bytes: 768. Pages printed: 1. No user action is required."
Information	10/30/2019 17:24	Microsoft-Windows-PrintService	307	Printing a document	"Document 188, Print Document owned by wwind01 on \\MESOEL06484 was printed on VLS3.60 through port UCP-1.  Size in bytes: 1252172. Pages printed: 1. No user action is required."
Information	10/30/2019 17:38	Microsoft-Windows-PrintService	307	Printing a document	"Document 189, Print Document owned by wwind01 on \\MESOEL06484 was printed on VLS3.60 through port UCP-1.  Size in bytes: 49928. Pages printed: 1. No user action is required."
Information	10/30/2019 17:44	Microsoft-Windows-PrintService	307	Printing a document	"Document 190, Print Document owned by wwind01 on \\MESOEL06484 was printed on VLS3.60 through port UCP-1.  Size in bytes: 49928. Pages printed: 1. No user action is required."
Information	10/30/2019 17:59	Microsoft-Windows-PrintService	307	Printing a document	"Document 191, Print Document owned by wwind01 on \\MESOEL06484 was printed on VLS3.60 through port UCP-1.  Size in bytes: 10704. Pages printed: 1. No user action is required."
Information	10/30/2019 18:03	Microsoft-Windows-PrintService	307	Printing a document	"Document 192, Print Document owned by wwind01 on \\MESOEL06484 was printed on VLS3.60 through port UCP-1.  Size in bytes: 5552. Pages printed: 1. No user action is required."
Information	10/30/2019 18:09	Microsoft-Windows-PrintService	307	Printing a document	"Document 193, Print Document owned by wwind01 on \\MESOEL06484 was printed on VLS3.60 through port UCP-1.  Size in bytes: 35360. Pages printed: 1. No user action is required."
Information	10/30/2019 18:16	Microsoft-Windows-PrintService	307	Printing a document	"Document 194, Print Document owned by wwind01 on \\MESOEL06484 was printed on VLS3.60 through port UCP-1.  Size in bytes: 6704. Pages printed: 1. No user action is required."
Information	10/30/2019 18:27	Microsoft-Windows-PrintService	307	Printing a document	"Document 195, Print Document owned by wwind01 on \\MESOEL06484 was printed on VLS3.60 through port UCP-1.  Size in bytes: 48992. Pages printed: 1. No user action is required."
Information	10/30/2019 18:46	Microsoft-Windows-PrintService	307	Printing a document	"Document 196, Print Document owned by wwind01 on \\MESOEL06484 was printed on VLS3.60 through port UCP-1.  Size in bytes: 4208. Pages printed: 1. No user action is required."
