Information	11/22/2019 12:08	Microsoft-Windows-PrintService	307	Printing a document	"Document 40, Print Document owned by mkurzm01 on \\MESOEL06484 was printed on VLS3.60 through port UCP-1.  Size in bytes: 296224. Pages printed: 1. No user action is required."
Information	11/22/2019 12:11	Microsoft-Windows-PrintService	307	Printing a document	"Document 41, Print Document owned by mkurzm01 on \\MESOEL06484 was printed on VLS3.60 through port UCP-1.  Size in bytes: 296240. Pages printed: 1. No user action is required."
Information	11/22/2019 12:11	Microsoft-Windows-PrintService	307	Printing a document	"Document 42, Print Document owned by mkurzm01 on \\MESOEL06484 was printed on VLS3.60 through port UCP-1.  Size in bytes: 296240. Pages printed: 1. No user action is required."
Information	11/22/2019 12:46	Microsoft-Windows-PrintService	307	Printing a document	"Document 43, Print Document owned by mkurzm01 on \\MESOEL06484 was printed on VLS3.60 through port UCP-1.  Size in bytes: 282016. Pages printed: 1. No user action is required."
Information	11/22/2019 13:29	Microsoft-Windows-PrintService	307	Printing a document	"Document 44, Print Document owned by mkurzm01 on \\MESOEL06484 was printed on VLS3.60 through port UCP-1.  Size in bytes: 584. Pages printed: 1. No user action is required."
Information	11/22/2019 13:34	Microsoft-Windows-PrintService	307	Printing a document	"Document 45, Print Document owned by mkurzm01 on \\MESOEL06484 was printed on VLS3.60 through port UCP-1.  Size in bytes: 1432. Pages printed: 1. No user action is required."
Information	11/22/2019 13:34	Microsoft-Windows-PrintService	307	Printing a document	"Document 46, Print Document owned by mkurzm01 on \\MESOEL06484 was printed on VLS3.60 through port UCP-1.  Size in bytes: 1248. Pages printed: 1. No user action is required."
Information	11/22/2019 13:40	Microsoft-Windows-PrintService	307	Printing a document	"Document 47, Print Document owned by mkurzm01 on \\MESOEL06484 was printed on VLS3.60 through port UCP-1.  Size in bytes: 2384. Pages printed: 1. No user action is required."
Information	11/22/2019 14:01	Microsoft-Windows-PrintService	307	Printing a document	"Document 48, Print Document owned by mkurzm01 on \\MESOEL06484 was printed on VLS3.60 through port UCP-1.  Size in bytes: 1688. Pages printed: 1. No user action is required."
Information	11/22/2019 14:02	Microsoft-Windows-PrintService	307	Printing a document	"Document 49, Print Document owned by mkurzm01 on \\MESOEL06484 was printed on VLS3.60 through port UCP-1.  Size in bytes: 1688. Pages printed: 1. No user action is required."
Information	11/22/2019 14:14	Microsoft-Windows-PrintService	307	Printing a document	"Document 50, Print Document owned by mkurzm01 on \\MESOEL06484 was printed on VLS3.60 through port UCP-1.  Size in bytes: 17948. Pages printed: 1. No user action is required."
Information	11/22/2019 14:15	Microsoft-Windows-PrintService	307	Printing a document	"Document 51, Print Document owned by mkurzm01 on \\MESOEL06484 was printed on VLS3.60 through port UCP-1.  Size in bytes: 1872. Pages printed: 1. No user action is required."
Information	11/22/2019 14:36	Microsoft-Windows-PrintService	307	Printing a document	"Document 52, Print Document owned by mkurzm01 on \\MESOEL06484 was printed on VLS3.60 through port UCP-1.  Size in bytes: 1248. Pages printed: 1. No user action is required."
Information	11/22/2019 14:37	Microsoft-Windows-PrintService	307	Printing a document	"Document 53, Print Document owned by mkurzm01 on \\MESOEL06484 was printed on VLS3.60 through port UCP-1.  Size in bytes: 1248. Pages printed: 1. No user action is required."
Information	11/22/2019 14:42	Microsoft-Windows-PrintService	307	Printing a document	"Document 54, Print Document owned by mkurzm01 on \\MESOEL06484 was printed on VLS3.60 through port UCP-1.  Size in bytes: 1872. Pages printed: 1. No user action is required."
Information	11/22/2019 14:44	Microsoft-Windows-PrintService	307	Printing a document	"Document 55, Print Document owned by mkurzm01 on \\MESOEL06484 was printed on VLS3.60 through port UCP-1.  Size in bytes: 1872. Pages printed: 1. No user action is required."
Information	11/22/2019 14:52	Microsoft-Windows-PrintService	307	Printing a document	"Document 56, Print Document owned by mkurzm01 on \\MESOEL06484 was printed on VLS3.60 through port UCP-1.  Size in bytes: 1880. Pages printed: 1. No user action is required."
Information	11/22/2019 14:53	Microsoft-Windows-PrintService	307	Printing a document	"Document 57, Print Document owned by mkurzm01 on \\MESOEL06484 was printed on VLS3.60 through port UCP-1.  Size in bytes: 1880. Pages printed: 1. No user action is required."
Information	11/22/2019 14:54	Microsoft-Windows-PrintService	307	Printing a document	"Document 58, Print Document owned by mkurzm01 on \\MESOEL06484 was printed on VLS3.60 through port UCP-1.  Size in bytes: 1880. Pages printed: 1. No user action is required."
Information	11/22/2019 15:02	Microsoft-Windows-PrintService	307	Printing a document	"Document 59, Print Document owned by mkurzm01 on \\MESOEL06484 was printed on VLS3.60 through port UCP-1.  Size in bytes: 52656. Pages printed: 1. No user action is required."
Information	11/22/2019 15:08	Microsoft-Windows-PrintService	307	Printing a document	"Document 60, Print Document owned by mkurzm01 on \\MESOEL06484 was printed on VLS3.60 through port UCP-1.  Size in bytes: 72160. Pages printed: 1. No user action is required."
Information	11/22/2019 15:11	Microsoft-Windows-PrintService	307	Printing a document	"Document 61, Print Document owned by mkurzm01 on \\MESOEL06484 was printed on VLS3.60 through port UCP-1.  Size in bytes: 72160. Pages printed: 1. No user action is required."
Information	11/22/2019 15:12	Microsoft-Windows-PrintService	307	Printing a document	"Document 62, Print Document owned by mkurzm01 on \\MESOEL06484 was printed on VLS3.60 through port UCP-1.  Size in bytes: 76944. Pages printed: 1. No user action is required."
Information	11/22/2019 15:21	Microsoft-Windows-PrintService	307	Printing a document	"Document 63, Print Document owned by mkurzm01 on \\MESOEL06484 was printed on VLS3.60 through port UCP-1.  Size in bytes: 76944. Pages printed: 1. No user action is required."
Information	11/22/2019 15:48	Microsoft-Windows-PrintService	307	Printing a document	"Document 64, Print Document owned by mkurzm01 on \\MESOEL06484 was printed on VLS3.60 through port UCP-1.  Size in bytes: 2959072. Pages printed: 1. No user action is required."
Information	11/22/2019 15:57	Microsoft-Windows-PrintService	307	Printing a document	"Document 65, Print Document owned by mkurzm01 on \\MESOEL06484 was printed on VLS3.60 through port UCP-1.  Size in bytes: 2958596. Pages printed: 1. No user action is required."
Information	11/22/2019 15:58	Microsoft-Windows-PrintService	307	Printing a document	"Document 66, Print Document owned by mkurzm01 on \\MESOEL06484 was printed on VLS3.60 through port UCP-1.  Size in bytes: 2958596. Pages printed: 1. No user action is required."
Information	11/22/2019 15:59	Microsoft-Windows-PrintService	307	Printing a document	"Document 67, Print Document owned by mkurzm01 on \\MESOEL06484 was printed on VLS3.60 through port UCP-1.  Size in bytes: 2958596. Pages printed: 1. No user action is required."
Information	11/22/2019 15:59	Microsoft-Windows-PrintService	307	Printing a document	"Document 68, Print Document owned by mkurzm01 on \\MESOEL06484 was printed on VLS3.60 through port UCP-1.  Size in bytes: 2958596. Pages printed: 1. No user action is required."
Information	11/22/2019 16:00	Microsoft-Windows-PrintService	307	Printing a document	"Document 69, Print Document owned by mkurzm01 on \\MESOEL06484 was printed on VLS3.60 through port UCP-1.  Size in bytes: 2930688. Pages printed: 1. No user action is required."
Information	11/22/2019 16:02	Microsoft-Windows-PrintService	307	Printing a document	"Document 70, Print Document owned by mkurzm01 on \\MESOEL06484 was printed on VLS3.60 through port UCP-1.  Size in bytes: 2930024. Pages printed: 1. No user action is required."
Information	11/22/2019 16:03	Microsoft-Windows-PrintService	307	Printing a document	"Document 71, Print Document owned by mkurzm01 on \\MESOEL06484 was printed on VLS3.60 through port UCP-1.  Size in bytes: 434688. Pages printed: 1. No user action is required."
Information	11/22/2019 16:25	Microsoft-Windows-PrintService	307	Printing a document	"Document 72, Print Document owned by mkurzm01 on \\MESOEL06484 was printed on VLS3.60 through port UCP-1.  Size in bytes: 49216. Pages printed: 1. No user action is required."
Information	11/22/2019 16:27	Microsoft-Windows-PrintService	307	Printing a document	"Document 73, Print Document owned by mkurzm01 on \\MESOEL06484 was printed on VLS3.60 through port UCP-1.  Size in bytes: 43916. Pages printed: 1. No user action is required."
Information	11/22/2019 16:32	Microsoft-Windows-PrintService	307	Printing a document	"Document 74, Print Document owned by mkurzm01 on \\MESOEL06484 was printed on VLS3.60 through port UCP-1.  Size in bytes: 1104. Pages printed: 1. No user action is required."
Information	11/22/2019 16:46	Microsoft-Windows-PrintService	307	Printing a document	"Document 75, Print Document owned by mkurzm01 on \\MESOEL06484 was printed on VLS3.60 through port UCP-1.  Size in bytes: 15856. Pages printed: 1. No user action is required."
Information	11/22/2019 16:57	Microsoft-Windows-PrintService	307	Printing a document	"Document 76, Print Document owned by mkurzm01 on \\MESOEL06484 was printed on VLS3.60 through port UCP-1.  Size in bytes: 30600. Pages printed: 1. No user action is required."
Information	11/22/2019 17:12	Microsoft-Windows-PrintService	307	Printing a document	"Document 77, Print Document owned by mkurzm01 on \\MESOEL06484 was printed on VLS3.60 through port UCP-1.  Size in bytes: 90480. Pages printed: 1. No user action is required."
Information	11/22/2019 17:25	Microsoft-Windows-PrintService	307	Printing a document	"Document 78, Print Document owned by mkurzm01 on \\MESOEL06484 was printed on VLS3.60 through port UCP-1.  Size in bytes: 90024. Pages printed: 1. No user action is required."
Information	11/22/2019 17:39	Microsoft-Windows-PrintService	307	Printing a document	"Document 79, Print Document owned by mkurzm01 on \\MESOEL06484 was printed on VLS3.60 through port UCP-1.  Size in bytes: 18144. Pages printed: 1. No user action is required."
Information	11/22/2019 17:45	Microsoft-Windows-PrintService	307	Printing a document	"Document 80, Print Document owned by mkurzm01 on \\MESOEL06484 was printed on VLS3.60 through port UCP-1.  Size in bytes: 90024. Pages printed: 1. No user action is required."
Information	11/22/2019 17:58	Microsoft-Windows-PrintService	307	Printing a document	"Document 81, Print Document owned by mkurzm01 on \\MESOEL06484 was printed on VLS3.60 through port UCP-1.  Size in bytes: 90480. Pages printed: 1. No user action is required."
Information	11/22/2019 18:48	Microsoft-Windows-PrintService	307	Printing a document	"Document 82, Print Document owned by mkurzm01 on \\MESOEL06484 was printed on VLS3.60 through port UCP-1.  Size in bytes: 1504. Pages printed: 1. No user action is required."
Information	11/23/2019 11:32	Microsoft-Windows-PrintService	307	Printing a document	"Document 83, Print Document owned by mkurzm01 on \\MESOEL06484 was printed on VLS3.60 through port UCP-1.  Size in bytes: 12588. Pages printed: 1. No user action is required."
Information	11/23/2019 12:00	Microsoft-Windows-PrintService	307	Printing a document	"Document 84, Print Document owned by mkurzm01 on \\MESOEL06484 was printed on VLS3.60 through port UCP-1.  Size in bytes: 12584. Pages printed: 1. No user action is required."
Information	11/23/2019 12:31	Microsoft-Windows-PrintService	307	Printing a document	"Document 85, Print Document owned by mkurzm01 on \\MESOEL06484 was printed on VLS3.60 through port UCP-1.  Size in bytes: 4816. Pages printed: 1. No user action is required."
Information	11/23/2019 12:59	Microsoft-Windows-PrintService	307	Printing a document	"Document 86, Print Document owned by mkurzm01 on \\MESOEL06484 was printed on VLS3.60 through port UCP-1.  Size in bytes: 4768. Pages printed: 1. No user action is required."
Information	11/23/2019 13:29	Microsoft-Windows-PrintService	307	Printing a document	"Document 87, Print Document owned by mkurzm01 on \\MESOEL06484 was printed on VLS3.60 through port UCP-1.  Size in bytes: 1840. Pages printed: 1. No user action is required."
Information	11/23/2019 13:56	Microsoft-Windows-PrintService	307	Printing a document	"Document 88, Print Document owned by mkurzm01 on \\MESOEL06484 was printed on VLS3.60 through port UCP-1.  Size in bytes: 13552. Pages printed: 1. No user action is required."
Information	11/23/2019 13:56	Microsoft-Windows-PrintService	307	Printing a document	"Document 89, Print Document owned by mkurzm01 on \\MESOEL06484 was printed on VLS3.60 through port UCP-1.  Size in bytes: 74352. Pages printed: 1. No user action is required."
Information	11/23/2019 14:15	Microsoft-Windows-PrintService	307	Printing a document	"Document 90, Print Document owned by mkurzm01 on \\MESOEL06484 was printed on VLS3.60 through port UCP-1.  Size in bytes: 15952. Pages printed: 1. No user action is required."
Information	11/23/2019 14:18	Microsoft-Windows-PrintService	307	Printing a document	"Document 91, Print Document owned by mkurzm01 on \\MESOEL06484 was printed on VLS3.60 through port UCP-1.  Size in bytes: 9800. Pages printed: 1. No user action is required."
Information	11/23/2019 14:25	Microsoft-Windows-PrintService	307	Printing a document	"Document 92, Print Document owned by mkurzm01 on \\MESOEL06484 was printed on VLS3.60 through port UCP-1.  Size in bytes: 3580. Pages printed: 1. No user action is required."
Information	11/23/2019 14:42	Microsoft-Windows-PrintService	307	Printing a document	"Document 93, Print Document owned by mkurzm01 on \\MESOEL06484 was printed on VLS3.60 through port UCP-1.  Size in bytes: 252232. Pages printed: 1. No user action is required."
Information	11/23/2019 14:46	Microsoft-Windows-PrintService	307	Printing a document	"Document 94, Print Document owned by mkurzm01 on \\MESOEL06484 was printed on VLS3.60 through port UCP-1.  Size in bytes: 251184. Pages printed: 1. No user action is required."
Information	11/23/2019 14:46	Microsoft-Windows-PrintService	307	Printing a document	"Document 95, Print Document owned by mkurzm01 on \\MESOEL06484 was printed on VLS3.60 through port UCP-1.  Size in bytes: 251184. Pages printed: 1. No user action is required."
Information	11/23/2019 14:47	Microsoft-Windows-PrintService	307	Printing a document	"Document 96, Print Document owned by mkurzm01 on \\MESOEL06484 was printed on VLS3.60 through port UCP-1.  Size in bytes: 183320. Pages printed: 1. No user action is required."
Information	11/23/2019 14:47	Microsoft-Windows-PrintService	307	Printing a document	"Document 97, Print Document owned by mkurzm01 on \\MESOEL06484 was printed on VLS3.60 through port UCP-1.  Size in bytes: 234128. Pages printed: 1. No user action is required."
Information	11/23/2019 14:55	Microsoft-Windows-PrintService	307	Printing a document	"Document 98, Print Document owned by mkurzm01 on \\MESOEL06484 was printed on VLS3.60 through port UCP-1.  Size in bytes: 154200. Pages printed: 1. No user action is required."
Information	11/23/2019 14:55	Microsoft-Windows-PrintService	307	Printing a document	"Document 99, Print Document owned by mkurzm01 on \\MESOEL06484 was printed on VLS3.60 through port UCP-1.  Size in bytes: 154200. Pages printed: 1. No user action is required."
Information	11/23/2019 16:14	Microsoft-Windows-PrintService	307	Printing a document	"Document 100, Print Document owned by mkurzm01 on \\MESOEL06484 was printed on VLS3.60 through port UCP-1.  Size in bytes: 157528. Pages printed: 1. No user action is required."
Information	11/23/2019 16:49	Microsoft-Windows-PrintService	307	Printing a document	"Document 101, Print Document owned by mkurzm01 on \\MESOEL06484 was printed on VLS3.60 through port UCP-1.  Size in bytes: 3782484. Pages printed: 1. No user action is required."
Information	11/23/2019 16:49	Microsoft-Windows-PrintService	307	Printing a document	"Document 102, Print Document owned by mkurzm01 on \\MESOEL06484 was printed on VLS3.60 through port UCP-1.  Size in bytes: 3782484. Pages printed: 1. No user action is required."
Information	11/23/2019 17:10	Microsoft-Windows-PrintService	307	Printing a document	"Document 103, Print Document owned by mkurzm01 on \\MESOEL06484 was printed on VLS3.60 through port UCP-1.  Size in bytes: 1344. Pages printed: 1. No user action is required."
Information	11/23/2019 17:10	Microsoft-Windows-PrintService	307	Printing a document	"Document 104, Print Document owned by mkurzm01 on \\MESOEL06484 was printed on VLS3.60 through port UCP-1.  Size in bytes: 15504. Pages printed: 1. No user action is required."
Information	11/23/2019 17:17	Microsoft-Windows-PrintService	307	Printing a document	"Document 105, Print Document owned by mkurzm01 on \\MESOEL06484 was printed on VLS3.60 through port UCP-1.  Size in bytes: 1835088. Pages printed: 1. No user action is required."
Information	11/23/2019 18:09	Microsoft-Windows-PrintService	307	Printing a document	"Document 106, Print Document owned by mkurzm01 on \\MESOEL06484 was printed on VLS3.60 through port UCP-1.  Size in bytes: 9920. Pages printed: 1. No user action is required."
Information	11/23/2019 18:22	Microsoft-Windows-PrintService	307	Printing a document	"Document 107, Print Document owned by mkurzm01 on \\MESOEL06484 was printed on VLS3.60 through port UCP-1.  Size in bytes: 19200. Pages printed: 1. No user action is required."
Information	11/23/2019 19:00	Microsoft-Windows-PrintService	307	Printing a document	"Document 108, Print Document owned by mkurzm01 on \\MESOEL06484 was printed on VLS3.60 through port UCP-1.  Size in bytes: 23376. Pages printed: 1. No user action is required."
Information	11/23/2019 19:11	Microsoft-Windows-PrintService	307	Printing a document	"Document 109, Print Document owned by mkurzm01 on \\MESOEL06484 was printed on VLS3.60 through port UCP-1.  Size in bytes: 24568. Pages printed: 1. No user action is required."
Information	11/23/2019 19:17	Microsoft-Windows-PrintService	307	Printing a document	"Document 110, Print Document owned by mkurzm01 on \\MESOEL06484 was printed on VLS3.60 through port UCP-1.  Size in bytes: 38136. Pages printed: 1. No user action is required."
Information	11/24/2019 11:53	Microsoft-Windows-PrintService	307	Printing a document	"Document 111, Print Document owned by mkurzm01 on \\MESOEL06484 was printed on VLS3.60 through port UCP-1.  Size in bytes: 21227016. Pages printed: 1. No user action is required."
Information	11/24/2019 11:54	Microsoft-Windows-PrintService	307	Printing a document	"Document 112, Print Document owned by mkurzm01 on \\MESOEL06484 was printed on VLS3.60 through port UCP-1.  Size in bytes: 21227016. Pages printed: 1. No user action is required."
Information	11/24/2019 11:57	Microsoft-Windows-PrintService	307	Printing a document	"Document 113, Print Document owned by mkurzm01 on \\MESOEL06484 was printed on VLS3.60 through port UCP-1.  Size in bytes: 85360. Pages printed: 1. No user action is required."
Information	11/24/2019 12:26	Microsoft-Windows-PrintService	307	Printing a document	"Document 114, Print Document owned by mkurzm01 on \\MESOEL06484 was printed on VLS3.60 through port UCP-1.  Size in bytes: 142240. Pages printed: 1. No user action is required."
Information	11/24/2019 12:41	Microsoft-Windows-PrintService	307	Printing a document	"Document 115, Print Document owned by mkurzm01 on \\MESOEL06484 was printed on VLS3.60 through port UCP-1.  Size in bytes: 6480. Pages printed: 1. No user action is required."
Information	11/24/2019 12:52	Microsoft-Windows-PrintService	307	Printing a document	"Document 116, Print Document owned by mkurzm01 on \\MESOEL06484 was printed on VLS3.60 through port UCP-1.  Size in bytes: 656. Pages printed: 1. No user action is required."
Information	11/24/2019 12:59	Microsoft-Windows-PrintService	307	Printing a document	"Document 117, Print Document owned by mkurzm01 on \\MESOEL06484 was printed on VLS3.60 through port UCP-1.  Size in bytes: 656. Pages printed: 1. No user action is required."
Information	11/24/2019 13:04	Microsoft-Windows-PrintService	307	Printing a document	"Document 118, Print Document owned by mkurzm01 on \\MESOEL06484 was printed on VLS3.60 through port UCP-1.  Size in bytes: 1104. Pages printed: 1. No user action is required."
Information	11/24/2019 13:09	Microsoft-Windows-PrintService	307	Printing a document	"Document 119, Print Document owned by mkurzm01 on \\MESOEL06484 was printed on VLS3.60 through port UCP-1.  Size in bytes: 656. Pages printed: 1. No user action is required."
Information	11/24/2019 13:13	Microsoft-Windows-PrintService	307	Printing a document	"Document 120, Print Document owned by mkurzm01 on \\MESOEL06484 was printed on VLS3.60 through port UCP-1.  Size in bytes: 199304. Pages printed: 1. No user action is required."
Information	11/24/2019 13:21	Microsoft-Windows-PrintService	307	Printing a document	"Document 121, Print Document owned by mkurzm01 on \\MESOEL06484 was printed on VLS3.60 through port UCP-1.  Size in bytes: 199304. Pages printed: 1. No user action is required."
Information	11/24/2019 13:21	Microsoft-Windows-PrintService	307	Printing a document	"Document 122, Print Document owned by mkurzm01 on \\MESOEL06484 was printed on VLS3.60 through port UCP-1.  Size in bytes: 114296. Pages printed: 1. No user action is required."
Information	11/24/2019 13:23	Microsoft-Windows-PrintService	307	Printing a document	"Document 123, Print Document owned by mkurzm01 on \\MESOEL06484 was printed on VLS3.60 through port UCP-1.  Size in bytes: 222304. Pages printed: 1. No user action is required."
Information	11/24/2019 13:31	Microsoft-Windows-PrintService	307	Printing a document	"Document 124, Print Document owned by mkurzm01 on \\MESOEL06484 was printed on VLS3.60 through port UCP-1.  Size in bytes: 1104. Pages printed: 1. No user action is required."
Information	11/24/2019 13:44	Microsoft-Windows-PrintService	307	Printing a document	"Document 125, Print Document owned by mkurzm01 on \\MESOEL06484 was printed on VLS3.60 through port UCP-1.  Size in bytes: 52404. Pages printed: 1. No user action is required."
Information	11/24/2019 13:55	Microsoft-Windows-PrintService	307	Printing a document	"Document 126, Print Document owned by mkurzm01 on \\MESOEL06484 was printed on VLS3.60 through port UCP-1.  Size in bytes: 784. Pages printed: 1. No user action is required."
Information	11/24/2019 13:56	Microsoft-Windows-PrintService	307	Printing a document	"Document 127, Print Document owned by mkurzm01 on \\MESOEL06484 was printed on VLS3.60 through port UCP-1.  Size in bytes: 784. Pages printed: 1. No user action is required."
Information	11/24/2019 13:58	Microsoft-Windows-PrintService	307	Printing a document	"Document 128, Print Document owned by mkurzm01 on \\MESOEL06484 was printed on VLS3.60 through port UCP-1.  Size in bytes: 784. Pages printed: 1. No user action is required."
Information	11/24/2019 13:58	Microsoft-Windows-PrintService	307	Printing a document	"Document 129, Print Document owned by mkurzm01 on \\MESOEL06484 was printed on VLS3.60 through port UCP-1.  Size in bytes: 784. Pages printed: 1. No user action is required."
Information	11/24/2019 13:59	Microsoft-Windows-PrintService	307	Printing a document	"Document 130, Print Document owned by mkurzm01 on \\MESOEL06484 was printed on VLS3.60 through port UCP-1.  Size in bytes: 222304. Pages printed: 1. No user action is required."
Information	11/24/2019 14:07	Microsoft-Windows-PrintService	307	Printing a document	"Document 131, Print Document owned by mkurzm01 on \\MESOEL06484 was printed on VLS3.60 through port UCP-1.  Size in bytes: 44376. Pages printed: 1. No user action is required."
Information	11/24/2019 14:09	Microsoft-Windows-PrintService	307	Printing a document	"Document 132, Print Document owned by mkurzm01 on \\MESOEL06484 was printed on VLS3.60 through port UCP-1.  Size in bytes: 40144. Pages printed: 1. No user action is required."
Information	11/24/2019 14:13	Microsoft-Windows-PrintService	307	Printing a document	"Document 133, Print Document owned by mkurzm01 on \\MESOEL06484 was printed on VLS3.60 through port UCP-1.  Size in bytes: 118344. Pages printed: 1. No user action is required."
Information	11/24/2019 14:13	Microsoft-Windows-PrintService	307	Printing a document	"Document 134, Print Document owned by mkurzm01 on \\MESOEL06484 was printed on VLS3.60 through port UCP-1.  Size in bytes: 125520. Pages printed: 1. No user action is required."
Information	11/24/2019 14:14	Microsoft-Windows-PrintService	307	Printing a document	"Document 135, Print Document owned by mkurzm01 on \\MESOEL06484 was printed on VLS3.60 through port UCP-1.  Size in bytes: 150360. Pages printed: 1. No user action is required."
Information	11/24/2019 14:14	Microsoft-Windows-PrintService	307	Printing a document	"Document 136, Print Document owned by mkurzm01 on \\MESOEL06484 was printed on VLS3.60 through port UCP-1.  Size in bytes: 51000. Pages printed: 1. No user action is required."
Information	11/24/2019 14:15	Microsoft-Windows-PrintService	307	Printing a document	"Document 137, Print Document owned by mkurzm01 on \\MESOEL06484 was printed on VLS3.60 through port UCP-1.  Size in bytes: 131224. Pages printed: 1. No user action is required."
Information	11/24/2019 14:19	Microsoft-Windows-PrintService	307	Printing a document	"Document 138, Print Document owned by mkurzm01 on \\MESOEL06484 was printed on VLS3.60 through port UCP-1.  Size in bytes: 222304. Pages printed: 1. No user action is required."
Information	11/24/2019 14:20	Microsoft-Windows-PrintService	307	Printing a document	"Document 139, Print Document owned by mkurzm01 on \\MESOEL06484 was printed on VLS3.60 through port UCP-1.  Size in bytes: 222304. Pages printed: 1. No user action is required."
Information	11/24/2019 14:25	Microsoft-Windows-PrintService	307	Printing a document	"Document 140, Print Document owned by mkurzm01 on \\MESOEL06484 was printed on VLS3.60 through port UCP-1.  Size in bytes: 222304. Pages printed: 1. No user action is required."
Information	11/24/2019 15:00	Microsoft-Windows-PrintService	307	Printing a document	"Document 141, Print Document owned by mkurzm01 on \\MESOEL06484 was printed on VLS3.60 through port UCP-1.  Size in bytes: 1872. Pages printed: 1. No user action is required."
Information	11/24/2019 15:03	Microsoft-Windows-PrintService	307	Printing a document	"Document 142, Print Document owned by mkurzm01 on \\MESOEL06484 was printed on VLS3.60 through port UCP-1.  Size in bytes: 1104. Pages printed: 1. No user action is required."
Information	11/24/2019 15:35	Microsoft-Windows-PrintService	307	Printing a document	"Document 143, Print Document owned by mkurzm01 on \\MESOEL06484 was printed on VLS3.60 through port UCP-1.  Size in bytes: 25076. Pages printed: 1. No user action is required."
Information	11/24/2019 15:35	Microsoft-Windows-PrintService	307	Printing a document	"Document 144, Print Document owned by mkurzm01 on \\MESOEL06484 was printed on VLS3.60 through port UCP-1.  Size in bytes: 25076. Pages printed: 1. No user action is required."
Information	11/24/2019 15:36	Microsoft-Windows-PrintService	307	Printing a document	"Document 145, Print Document owned by mkurzm01 on \\MESOEL06484 was printed on VLS3.60 through port UCP-1.  Size in bytes: 25076. Pages printed: 1. No user action is required."
Information	11/24/2019 15:50	Microsoft-Windows-PrintService	307	Printing a document	"Document 146, Print Document owned by mkurzm01 on \\MESOEL06484 was printed on VLS3.60 through port UCP-1.  Size in bytes: 5776. Pages printed: 1. No user action is required."
Information	11/24/2019 15:50	Microsoft-Windows-PrintService	307	Printing a document	"Document 147, Print Document owned by mkurzm01 on \\MESOEL06484 was printed on VLS3.60 through port UCP-1.  Size in bytes: 5776. Pages printed: 1. No user action is required."
Information	11/24/2019 15:50	Microsoft-Windows-PrintService	307	Printing a document	"Document 148, Print Document owned by mkurzm01 on \\MESOEL06484 was printed on VLS3.60 through port UCP-1.  Size in bytes: 5776. Pages printed: 1. No user action is required."
Information	11/24/2019 15:53	Microsoft-Windows-PrintService	307	Printing a document	"Document 149, Print Document owned by mkurzm01 on \\MESOEL06484 was printed on VLS3.60 through port UCP-1.  Size in bytes: 5520. Pages printed: 1. No user action is required."
Information	11/24/2019 15:58	Microsoft-Windows-PrintService	307	Printing a document	"Document 150, Print Document owned by mkurzm01 on \\MESOEL06484 was printed on VLS3.60 through port UCP-1.  Size in bytes: 5520. Pages printed: 1. No user action is required."
Information	11/24/2019 16:27	Microsoft-Windows-PrintService	307	Printing a document	"Document 151, Print Document owned by mkurzm01 on \\MESOEL06484 was printed on VLS3.60 through port UCP-1.  Size in bytes: 18040. Pages printed: 1. No user action is required."
Information	11/24/2019 16:28	Microsoft-Windows-PrintService	307	Printing a document	"Document 152, Print Document owned by mkurzm01 on \\MESOEL06484 was printed on VLS3.60 through port UCP-1.  Size in bytes: 17608. Pages printed: 1. No user action is required."
Information	11/24/2019 16:31	Microsoft-Windows-PrintService	307	Printing a document	"Document 153, Print Document owned by mkurzm01 on \\MESOEL06484 was printed on VLS3.60 through port UCP-1.  Size in bytes: 17880. Pages printed: 1. No user action is required."
Information	11/24/2019 16:42	Microsoft-Windows-PrintService	307	Printing a document	"Document 154, Print Document owned by mkurzm01 on \\MESOEL06484 was printed on VLS3.60 through port UCP-1.  Size in bytes: 3984. Pages printed: 1. No user action is required."
Information	11/24/2019 16:54	Microsoft-Windows-PrintService	307	Printing a document	"Document 155, Print Document owned by mkurzm01 on \\MESOEL06484 was printed on VLS3.60 through port UCP-1.  Size in bytes: 44536. Pages printed: 1. No user action is required."
Information	11/24/2019 17:16	Microsoft-Windows-PrintService	307	Printing a document	"Document 156, Print Document owned by mkurzm01 on \\MESOEL06484 was printed on VLS3.60 through port UCP-1.  Size in bytes: 44536. Pages printed: 1. No user action is required."
Information	11/24/2019 17:37	Microsoft-Windows-PrintService	307	Printing a document	"Document 157, Print Document owned by mkurzm01 on \\MESOEL06484 was printed on VLS3.60 through port UCP-1.  Size in bytes: 44536. Pages printed: 1. No user action is required."
Information	11/24/2019 18:09	Microsoft-Windows-PrintService	307	Printing a document	"Document 158, Print Document owned by mkurzm01 on \\MESOEL06484 was printed on VLS3.60 through port UCP-1.  Size in bytes: 2064. Pages printed: 1. No user action is required."
Information	11/24/2019 18:15	Microsoft-Windows-PrintService	307	Printing a document	"Document 159, Print Document owned by mkurzm01 on \\MESOEL06484 was printed on VLS3.60 through port UCP-1.  Size in bytes: 1104. Pages printed: 1. No user action is required."
Information	11/24/2019 18:17	Microsoft-Windows-PrintService	307	Printing a document	"Document 160, Print Document owned by mkurzm01 on \\MESOEL06484 was printed on VLS3.60 through port UCP-1.  Size in bytes: 1104. Pages printed: 1. No user action is required."
Information	11/24/2019 19:10	Microsoft-Windows-PrintService	307	Printing a document	"Document 161, Print Document owned by mkurzm01 on \\MESOEL06484 was printed on VLS3.60 through port UCP-1.  Size in bytes: 2616. Pages printed: 1. No user action is required."
Information	11/24/2019 19:30	Microsoft-Windows-PrintService	307	Printing a document	"Document 162, Print Document owned by mkurzm01 on \\MESOEL06484 was printed on VLS3.60 through port UCP-1.  Size in bytes: 7536. Pages printed: 1. No user action is required."
Information	11/24/2019 19:59	Microsoft-Windows-PrintService	307	Printing a document	"Document 163, Print Document owned by mkurzm01 on \\MESOEL06484 was printed on VLS3.60 through port UCP-1.  Size in bytes: 1104. Pages printed: 1. No user action is required."
Information	11/24/2019 20:30	Microsoft-Windows-PrintService	307	Printing a document	"Document 164, Print Document owned by mkurzm01 on \\MESOEL06484 was printed on VLS3.60 through port UCP-1.  Size in bytes: 1360. Pages printed: 1. No user action is required."
Information	11/24/2019 20:55	Microsoft-Windows-PrintService	307	Printing a document	"Document 165, Print Document owned by mkurzm01 on \\MESOEL06484 was printed on VLS3.60 through port UCP-1.  Size in bytes: 70880. Pages printed: 1. No user action is required."
Information	11/24/2019 21:01	Microsoft-Windows-PrintService	307	Printing a document	"Document 166, Print Document owned by mkurzm01 on \\MESOEL06484 was printed on VLS3.60 through port UCP-1.  Size in bytes: 70880. Pages printed: 1. No user action is required."
Information	11/24/2019 21:07	Microsoft-Windows-PrintService	307	Printing a document	"Document 167, Print Document owned by mkurzm01 on \\MESOEL06484 was printed on VLS3.60 through port UCP-1.  Size in bytes: 70880. Pages printed: 1. No user action is required."
Information	11/24/2019 21:09	Microsoft-Windows-PrintService	307	Printing a document	"Document 168, Print Document owned by mkurzm01 on \\MESOEL06484 was printed on VLS3.60 through port UCP-1.  Size in bytes: 70880. Pages printed: 1. No user action is required."
Information	11/24/2019 21:09	Microsoft-Windows-PrintService	307	Printing a document	"Document 169, Print Document owned by mkurzm01 on \\MESOEL06484 was printed on VLS3.60 through port UCP-1.  Size in bytes: 70880. Pages printed: 1. No user action is required."
Information	11/24/2019 21:15	Microsoft-Windows-PrintService	307	Printing a document	"Document 170, Print Document owned by mkurzm01 on \\MESOEL06484 was printed on VLS3.60 through port UCP-1.  Size in bytes: 70880. Pages printed: 1. No user action is required."
Information	11/24/2019 21:26	Microsoft-Windows-PrintService	307	Printing a document	"Document 171, Print Document owned by mkurzm01 on \\MESOEL06484 was printed on VLS3.60 through port UCP-1.  Size in bytes: 61040. Pages printed: 1. No user action is required."
Information	11/24/2019 21:52	Microsoft-Windows-PrintService	307	Printing a document	"Document 172, Print Document owned by mkurzm01 on \\MESOEL06484 was printed on VLS3.60 through port UCP-1.  Size in bytes: 402856. Pages printed: 1. No user action is required."
Information	11/24/2019 21:55	Microsoft-Windows-PrintService	307	Printing a document	"Document 173, Print Document owned by mkurzm01 on \\MESOEL06484 was printed on VLS3.60 through port UCP-1.  Size in bytes: 402856. Pages printed: 1. No user action is required."
Information	11/24/2019 22:15	Microsoft-Windows-PrintService	307	Printing a document	"Document 174, Print Document owned by mkurzm01 on \\MESOEL06484 was printed on VLS3.60 through port UCP-1.  Size in bytes: 44536. Pages printed: 1. No user action is required."
Information	11/24/2019 22:25	Microsoft-Windows-PrintService	307	Printing a document	"Document 175, Print Document owned by mkurzm01 on \\MESOEL06484 was printed on VLS3.60 through port UCP-1.  Size in bytes: 2560. Pages printed: 1. No user action is required."
Information	11/25/2019 9:15	Microsoft-Windows-PrintService	307	Printing a document	"Document 2, Print Document owned by nduran02 on \\MESOEL06484 was printed on VLS3.60 through port UCP-1.  Size in bytes: 259596. Pages printed: 1. No user action is required."
Information	11/25/2019 12:32	Microsoft-Windows-PrintService	307	Printing a document	"Document 3, Print Document owned by ksempl01 on \\MESOEL06484 was printed on VLS3.60 through port UCP-1.  Size in bytes: 395212. Pages printed: 1. No user action is required."
Information	11/25/2019 12:37	Microsoft-Windows-PrintService	307	Printing a document	"Document 4, Print Document owned by ksempl01 on \\MESOEL06484 was printed on VLS3.60 through port UCP-1.  Size in bytes: 394892. Pages printed: 1. No user action is required."
Information	11/25/2019 12:38	Microsoft-Windows-PrintService	307	Printing a document	"Document 5, Print Document owned by ksempl01 on \\MESOEL06484 was printed on VLS3.60 through port UCP-1.  Size in bytes: 393788. Pages printed: 1. No user action is required."
Information	11/25/2019 12:39	Microsoft-Windows-PrintService	307	Printing a document	"Document 6, Print Document owned by ksempl01 on \\MESOEL06484 was printed on VLS3.60 through port UCP-1.  Size in bytes: 393788. Pages printed: 1. No user action is required."
Information	11/25/2019 13:03	Microsoft-Windows-PrintService	307	Printing a document	"Document 7, Print Document owned by ksempl01 on \\MESOEL06484 was printed on VLS3.60 through port UCP-1.  Size in bytes: 10256. Pages printed: 1. No user action is required."
Information	11/25/2019 13:18	Microsoft-Windows-PrintService	307	Printing a document	"Document 8, Print Document owned by ksempl01 on \\MESOEL06484 was printed on VLS3.60 through port UCP-1.  Size in bytes: 2000. Pages printed: 1. No user action is required."
Information	11/25/2019 13:19	Microsoft-Windows-PrintService	307	Printing a document	"Document 9, Print Document owned by ksempl01 on \\MESOEL06484 was printed on VLS3.60 through port UCP-1.  Size in bytes: 2000. Pages printed: 1. No user action is required."
Information	11/25/2019 14:05	Microsoft-Windows-PrintService	307	Printing a document	"Document 10, Print Document owned by ksempl01 on \\MESOEL06484 was printed on VLS3.60 through port UCP-1.  Size in bytes: 8176. Pages printed: 1. No user action is required."
Information	11/25/2019 14:13	Microsoft-Windows-PrintService	307	Printing a document	"Document 11, Print Document owned by ksempl01 on \\MESOEL06484 was printed on VLS3.60 through port UCP-1.  Size in bytes: 3184. Pages printed: 1. No user action is required."
Information	11/25/2019 14:51	Microsoft-Windows-PrintService	307	Printing a document	"Document 12, Print Document owned by mkurzm01 on \\MESOEL06484 was printed on VLS3.60 through port UCP-1.  Size in bytes: 15408. Pages printed: 1. No user action is required."
Information	11/25/2019 14:53	Microsoft-Windows-PrintService	307	Printing a document	"Document 13, Print Document owned by mkurzm01 on \\MESOEL06484 was printed on VLS3.60 through port UCP-1.  Size in bytes: 18424. Pages printed: 1. No user action is required."
Information	11/25/2019 15:03	Microsoft-Windows-PrintService	307	Printing a document	"Document 14, Print Document owned by mkurzm01 on \\MESOEL06484 was printed on VLS3.60 through port UCP-1.  Size in bytes: 1688. Pages printed: 1. No user action is required."
Information	11/25/2019 17:06	Microsoft-Windows-PrintService	307	Printing a document	"Document 15, Print Document owned by mkurzm01 on \\MESOEL06484 was printed on VLS3.60 through port UCP-1.  Size in bytes: 7255088. Pages printed: 1. No user action is required."
Information	11/25/2019 17:28	Microsoft-Windows-PrintService	307	Printing a document	"Document 16, Print Document owned by mkurzm01 on \\MESOEL06484 was printed on VLS3.60 through port UCP-1.  Size in bytes: 25104. Pages printed: 1. No user action is required."
Information	11/25/2019 17:36	Microsoft-Windows-PrintService	307	Printing a document	"Document 17, Print Document owned by mkurzm01 on \\MESOEL06484 was printed on VLS3.60 through port UCP-1.  Size in bytes: 12540. Pages printed: 1. No user action is required."
Information	11/25/2019 17:50	Microsoft-Windows-PrintService	307	Printing a document	"Document 18, Print Document owned by mkurzm01 on \\MESOEL06484 was printed on VLS3.60 through port UCP-1.  Size in bytes: 12540. Pages printed: 1. No user action is required."
Information	11/25/2019 17:51	Microsoft-Windows-PrintService	307	Printing a document	"Document 19, Print Document owned by mkurzm01 on \\MESOEL06484 was printed on VLS3.60 through port UCP-1.  Size in bytes: 12540. Pages printed: 1. No user action is required."
Information	11/25/2019 18:02	Microsoft-Windows-PrintService	307	Printing a document	"Document 20, Print Document owned by mkurzm01 on \\MESOEL06484 was printed on VLS3.60 through port UCP-1.  Size in bytes: 1104. Pages printed: 1. No user action is required."
Information	11/25/2019 18:03	Microsoft-Windows-PrintService	307	Printing a document	"Document 21, Print Document owned by mkurzm01 on \\MESOEL06484 was printed on VLS3.60 through port UCP-1.  Size in bytes: 1104. Pages printed: 1. No user action is required."
Information	11/25/2019 18:04	Microsoft-Windows-PrintService	307	Printing a document	"Document 22, Print Document owned by mkurzm01 on \\MESOEL06484 was printed on VLS3.60 through port UCP-1.  Size in bytes: 1104. Pages printed: 1. No user action is required."
Information	11/25/2019 18:04	Microsoft-Windows-PrintService	307	Printing a document	"Document 23, Print Document owned by mkurzm01 on \\MESOEL06484 was printed on VLS3.60 through port UCP-1.  Size in bytes: 1104. Pages printed: 1. No user action is required."
Information	11/25/2019 18:12	Microsoft-Windows-PrintService	307	Printing a document	"Document 24, Print Document owned by mkurzm01 on \\MESOEL06484 was printed on VLS3.60 through port UCP-1.  Size in bytes: 1104. Pages printed: 1. No user action is required."
Information	11/25/2019 18:13	Microsoft-Windows-PrintService	307	Printing a document	"Document 25, Print Document owned by mkurzm01 on \\MESOEL06484 was printed on VLS3.60 through port UCP-1.  Size in bytes: 1104. Pages printed: 1. No user action is required."
Information	11/25/2019 18:15	Microsoft-Windows-PrintService	307	Printing a document	"Document 26, Print Document owned by mkurzm01 on \\MESOEL06484 was printed on VLS3.60 through port UCP-1.  Size in bytes: 1104. Pages printed: 1. No user action is required."
Information	11/25/2019 18:16	Microsoft-Windows-PrintService	307	Printing a document	"Document 27, Print Document owned by mkurzm01 on \\MESOEL06484 was printed on VLS3.60 through port UCP-1.  Size in bytes: 1104. Pages printed: 1. No user action is required."
Information	11/25/2019 18:17	Microsoft-Windows-PrintService	307	Printing a document	"Document 28, Print Document owned by mkurzm01 on \\MESOEL06484 was printed on VLS3.60 through port UCP-1.  Size in bytes: 1104. Pages printed: 1. No user action is required."
Information	11/25/2019 18:23	Microsoft-Windows-PrintService	307	Printing a document	"Document 29, Print Document owned by mkurzm01 on \\MESOEL06484 was printed on VLS3.60 through port UCP-1.  Size in bytes: 51496. Pages printed: 1. No user action is required."
Information	11/25/2019 18:37	Microsoft-Windows-PrintService	307	Printing a document	"Document 30, Print Document owned by mkurzm01 on \\MESOEL06484 was printed on VLS3.60 through port UCP-1.  Size in bytes: 46328. Pages printed: 1. No user action is required."
Information	11/25/2019 19:12	Microsoft-Windows-PrintService	307	Printing a document	"Document 31, Print Document owned by mkurzm01 on \\MESOEL06484 was printed on VLS3.60 through port UCP-1.  Size in bytes: 5328. Pages printed: 1. No user action is required."
Information	11/25/2019 19:22	Microsoft-Windows-PrintService	307	Printing a document	"Document 32, Print Document owned by mkurzm01 on \\MESOEL06484 was printed on VLS3.60 through port UCP-1.  Size in bytes: 5776. Pages printed: 1. No user action is required."
Information	11/25/2019 19:22	Microsoft-Windows-PrintService	307	Printing a document	"Document 33, Print Document owned by mkurzm01 on \\MESOEL06484 was printed on VLS3.60 through port UCP-1.  Size in bytes: 5776. Pages printed: 1. No user action is required."
Information	11/25/2019 19:22	Microsoft-Windows-PrintService	307	Printing a document	"Document 34, Print Document owned by mkurzm01 on \\MESOEL06484 was printed on VLS3.60 through port UCP-1.  Size in bytes: 5776. Pages printed: 1. No user action is required."
Information	11/25/2019 19:27	Microsoft-Windows-PrintService	307	Printing a document	"Document 35, Print Document owned by mkurzm01 on \\MESOEL06484 was printed on VLS3.60 through port UCP-1.  Size in bytes: 5488. Pages printed: 1. No user action is required."
Information	11/25/2019 19:29	Microsoft-Windows-PrintService	307	Printing a document	"Document 36, Print Document owned by mkurzm01 on \\MESOEL06484 was printed on VLS3.60 through port UCP-1.  Size in bytes: 5840. Pages printed: 1. No user action is required."
Information	11/25/2019 19:49	Microsoft-Windows-PrintService	307	Printing a document	"Document 37, Print Document owned by mkurzm01 on \\MESOEL06484 was printed on VLS3.60 through port UCP-1.  Size in bytes: 1568. Pages printed: 1. No user action is required."
Information	11/25/2019 19:51	Microsoft-Windows-PrintService	307	Printing a document	"Document 38, Print Document owned by mkurzm01 on \\MESOEL06484 was printed on VLS3.60 through port UCP-1.  Size in bytes: 1568. Pages printed: 1. No user action is required."
Information	11/25/2019 20:03	Microsoft-Windows-PrintService	307	Printing a document	"Document 39, Print Document owned by mkurzm01 on \\MESOEL06484 was printed on VLS3.60 through port UCP-1.  Size in bytes: 2144. Pages printed: 1. No user action is required."
Information	11/25/2019 20:24	Microsoft-Windows-PrintService	307	Printing a document	"Document 40, Print Document owned by mkurzm01 on \\MESOEL06484 was printed on VLS3.60 through port UCP-1.  Size in bytes: 27880. Pages printed: 1. No user action is required."
Information	11/25/2019 20:24	Microsoft-Windows-PrintService	307	Printing a document	"Document 41, Print Document owned by mkurzm01 on \\MESOEL06484 was printed on VLS3.60 through port UCP-1.  Size in bytes: 27880. Pages printed: 1. No user action is required."
Information	11/25/2019 20:56	Microsoft-Windows-PrintService	307	Printing a document	"Document 42, Print Document owned by mkurzm01 on \\MESOEL06484 was printed on VLS3.60 through port UCP-1.  Size in bytes: 2064. Pages printed: 1. No user action is required."
Information	11/25/2019 21:04	Microsoft-Windows-PrintService	307	Printing a document	"Document 43, Print Document owned by mkurzm01 on \\MESOEL06484 was printed on VLS3.60 through port UCP-1.  Size in bytes: 113296. Pages printed: 1. No user action is required."
Information	11/25/2019 21:04	Microsoft-Windows-PrintService	307	Printing a document	"Document 44, Print Document owned by mkurzm01 on \\MESOEL06484 was printed on VLS3.60 through port UCP-1.  Size in bytes: 1640. Pages printed: 1. No user action is required."
Information	11/25/2019 21:09	Microsoft-Windows-PrintService	307	Printing a document	"Document 45, Print Document owned by mkurzm01 on \\MESOEL06484 was printed on VLS3.60 through port UCP-1.  Size in bytes: 1640. Pages printed: 1. No user action is required."
Information	11/25/2019 21:14	Microsoft-Windows-PrintService	307	Printing a document	"Document 46, Print Document owned by mkurzm01 on \\MESOEL06484 was printed on VLS3.60 through port UCP-1.  Size in bytes: 114740. Pages printed: 1. No user action is required."
Information	11/25/2019 21:46	Microsoft-Windows-PrintService	307	Printing a document	"Document 47, Print Document owned by mkurzm01 on \\MESOEL06484 was printed on VLS3.60 through port UCP-1.  Size in bytes: 5544. Pages printed: 1. No user action is required."
Information	11/25/2019 22:15	Microsoft-Windows-PrintService	307	Printing a document	"Document 48, Print Document owned by mkurzm01 on \\MESOEL06484 was printed on VLS3.60 through port UCP-1.  Size in bytes: 16576. Pages printed: 1. No user action is required."
Information	11/25/2019 22:21	Microsoft-Windows-PrintService	307	Printing a document	"Document 49, Print Document owned by mkurzm01 on \\MESOEL06484 was printed on VLS3.60 through port UCP-1.  Size in bytes: 10688. Pages printed: 1. No user action is required."
Information	11/25/2019 23:07	Microsoft-Windows-PrintService	307	Printing a document	"Document 50, Print Document owned by mkurzm01 on \\MESOEL06484 was printed on VLS3.60 through port UCP-1.  Size in bytes: 10720. Pages printed: 1. No user action is required."
Information	11/26/2019 0:57	Microsoft-Windows-PrintService	307	Printing a document	"Document 51, Print Document owned by mkurzm01 on \\MESOEL06484 was printed on VLS3.60 through port UCP-1.  Size in bytes: 1104. Pages printed: 1. No user action is required."
Information	11/26/2019 1:08	Microsoft-Windows-PrintService	307	Printing a document	"Document 52, Print Document owned by mkurzm01 on \\MESOEL06484 was printed on VLS3.60 through port UCP-1.  Size in bytes: 28600. Pages printed: 1. No user action is required."
Information	11/26/2019 1:08	Microsoft-Windows-PrintService	307	Printing a document	"Document 53, Print Document owned by mkurzm01 on \\MESOEL06484 was printed on VLS3.60 through port UCP-1.  Size in bytes: 28600. Pages printed: 1. No user action is required."
Information	11/26/2019 9:09	Microsoft-Windows-PrintService	307	Printing a document	"Document 54, Print Document owned by mkurzm01 on \\MESOEL06484 was printed on VLS3.60 through port UCP-1.  Size in bytes: 317956. Pages printed: 1. No user action is required."
Information	11/26/2019 9:40	Microsoft-Windows-PrintService	307	Printing a document	"Document 55, Print Document owned by mkurzm01 on \\MESOEL06484 was printed on VLS3.60 through port UCP-1.  Size in bytes: 96524. Pages printed: 1. No user action is required."
