Information	9/23/2019 10:02	Microsoft-Windows-PrintService	307	Printing a document	"Document 65, Print Document owned by nduran02 on \\MESOEL06484 was printed on VLS3.60 through port UCP-1.  Size in bytes: 968. Pages printed: 1. No user action is required."
Information	9/23/2019 10:04	Microsoft-Windows-PrintService	307	Printing a document	"Document 66, Print Document owned by nduran02 on \\MESOEL06484 was printed on VLS3.60 through port UCP-1.  Size in bytes: 40856. Pages printed: 1. No user action is required."
Information	9/23/2019 10:06	Microsoft-Windows-PrintService	307	Printing a document	"Document 67, Print Document owned by nduran02 on \\MESOEL06484 was printed on VLS3.60 through port UCP-1.  Size in bytes: 41560. Pages printed: 1. No user action is required."
Information	9/23/2019 12:20	Microsoft-Windows-PrintService	307	Printing a document	"Document 68, Print Document owned by wwind01 on \\MESOEL06484 was printed on VLS3.60 through port UCP-1.  Size in bytes: 827476. Pages printed: 1. No user action is required."
Information	9/23/2019 12:20	Microsoft-Windows-PrintService	307	Printing a document	"Document 69, Print Document owned by wwind01 on \\MESOEL06484 was printed on VLS3.60 through port UCP-1.  Size in bytes: 827728. Pages printed: 1. No user action is required."
Information	9/23/2019 12:22	Microsoft-Windows-PrintService	307	Printing a document	"Document 70, Print Document owned by wwind01 on \\MESOEL06484 was printed on VLS3.60 through port UCP-1.  Size in bytes: 827476. Pages printed: 1. No user action is required."
Information	9/23/2019 12:22	Microsoft-Windows-PrintService	307	Printing a document	"Document 71, Print Document owned by wwind01 on \\MESOEL06484 was printed on VLS3.60 through port UCP-1.  Size in bytes: 25024. Pages printed: 1. No user action is required."
Information	9/23/2019 12:23	Microsoft-Windows-PrintService	307	Printing a document	"Document 72, Print Document owned by wwind01 on \\MESOEL06484 was printed on VLS3.60 through port UCP-1.  Size in bytes: 25024. Pages printed: 1. No user action is required."
Information	9/23/2019 12:31	Microsoft-Windows-PrintService	307	Printing a document	"Document 73, Print Document owned by wwind01 on \\MESOEL06484 was printed on VLS3.60 through port UCP-1.  Size in bytes: 3310392. Pages printed: 1. No user action is required."
Information	9/23/2019 12:32	Microsoft-Windows-PrintService	307	Printing a document	"Document 74, Print Document owned by wwind01 on \\MESOEL06484 was printed on VLS3.60 through port UCP-1.  Size in bytes: 3310392. Pages printed: 1. No user action is required."
Information	9/23/2019 13:05	Microsoft-Windows-PrintService	307	Printing a document	"Document 75, Print Document owned by wwind01 on \\MESOEL06484 was printed on VLS3.60 through port UCP-1.  Size in bytes: 3728. Pages printed: 1. No user action is required."
Information	9/23/2019 13:06	Microsoft-Windows-PrintService	307	Printing a document	"Document 76, Print Document owned by wwind01 on \\MESOEL06484 was printed on VLS3.60 through port UCP-1.  Size in bytes: 3288356. Pages printed: 1. No user action is required."
Information	9/23/2019 13:07	Microsoft-Windows-PrintService	307	Printing a document	"Document 77, Print Document owned by wwind01 on \\MESOEL06484 was printed on VLS3.60 through port UCP-1.  Size in bytes: 3288356. Pages printed: 1. No user action is required."
Information	9/23/2019 13:43	Microsoft-Windows-PrintService	307	Printing a document	"Document 78, Print Document owned by wwind01 on \\MESOEL06484 was printed on VLS3.60 through port UCP-1.  Size in bytes: 117328. Pages printed: 1. No user action is required."
Information	9/23/2019 13:59	Microsoft-Windows-PrintService	307	Printing a document	"Document 79, Print Document owned by wwind01 on \\MESOEL06484 was printed on VLS3.60 through port UCP-1.  Size in bytes: 198900. Pages printed: 1. No user action is required."
Information	9/23/2019 14:01	Microsoft-Windows-PrintService	307	Printing a document	"Document 80, Print Document owned by wwind01 on \\MESOEL06484 was printed on VLS3.60 through port UCP-1.  Size in bytes: 196600. Pages printed: 1. No user action is required."
Information	9/23/2019 14:02	Microsoft-Windows-PrintService	307	Printing a document	"Document 81, Print Document owned by wwind01 on \\MESOEL06484 was printed on VLS3.60 through port UCP-1.  Size in bytes: 196600. Pages printed: 1. No user action is required."
Information	9/23/2019 14:03	Microsoft-Windows-PrintService	307	Printing a document	"Document 82, Print Document owned by wwind01 on \\MESOEL06484 was printed on VLS3.60 through port UCP-1.  Size in bytes: 196588. Pages printed: 1. No user action is required."
Information	9/23/2019 14:03	Microsoft-Windows-PrintService	307	Printing a document	"Document 83, Print Document owned by wwind01 on \\MESOEL06484 was printed on VLS3.60 through port UCP-1.  Size in bytes: 196600. Pages printed: 1. No user action is required."
Information	9/23/2019 14:22	Microsoft-Windows-PrintService	307	Printing a document	"Document 84, Print Document owned by wwind01 on \\MESOEL06484 was printed on VLS3.60 through port UCP-1.  Size in bytes: 5444. Pages printed: 1. No user action is required."
Information	9/23/2019 15:07	Microsoft-Windows-PrintService	307	Printing a document	"Document 85, Print Document owned by wwind01 on \\MESOEL06484 was printed on VLS3.60 through port UCP-1.  Size in bytes: 693116. Pages printed: 1. No user action is required."
Information	9/23/2019 15:09	Microsoft-Windows-PrintService	307	Printing a document	"Document 86, Print Document owned by wwind01 on \\MESOEL06484 was printed on VLS3.60 through port UCP-1.  Size in bytes: 1040. Pages printed: 1. No user action is required."
Information	9/23/2019 15:49	Microsoft-Windows-PrintService	307	Printing a document	"Document 87, Print Document owned by wwind01 on \\MESOEL06484 was printed on VLS3.60 through port UCP-1.  Size in bytes: 263528. Pages printed: 1. No user action is required."
Information	9/23/2019 15:53	Microsoft-Windows-PrintService	307	Printing a document	"Document 88, Print Document owned by wwind01 on \\MESOEL06484 was printed on VLS3.60 through port UCP-1.  Size in bytes: 263528. Pages printed: 1. No user action is required."
Information	9/23/2019 17:44	Microsoft-Windows-PrintService	307	Printing a document	"Document 89, Print Document owned by wwind01 on \\MESOEL06484 was printed on VLS3.60 through port UCP-1.  Size in bytes: 3242756. Pages printed: 1. No user action is required."
Information	9/23/2019 17:55	Microsoft-Windows-PrintService	307	Printing a document	"Document 90, Print Document owned by wwind01 on \\MESOEL06484 was printed on VLS3.60 through port UCP-1.  Size in bytes: 3229592. Pages printed: 1. No user action is required."
Information	9/23/2019 17:57	Microsoft-Windows-PrintService	307	Printing a document	"Document 91, Print Document owned by wwind01 on \\MESOEL06484 was printed on VLS3.60 through port UCP-1.  Size in bytes: 3229592. Pages printed: 1. No user action is required."
Information	9/23/2019 17:57	Microsoft-Windows-PrintService	307	Printing a document	"Document 92, Print Document owned by wwind01 on \\MESOEL06484 was printed on VLS3.60 through port UCP-1.  Size in bytes: 3229592. Pages printed: 1. No user action is required."
Information	9/23/2019 18:02	Microsoft-Windows-PrintService	307	Printing a document	"Document 93, Print Document owned by wwind01 on \\MESOEL06484 was printed on VLS3.60 through port UCP-1.  Size in bytes: 3229240. Pages printed: 1. No user action is required."
Information	9/23/2019 18:06	Microsoft-Windows-PrintService	307	Printing a document	"Document 94, Print Document owned by wwind01 on \\MESOEL06484 was printed on VLS3.60 through port UCP-1.  Size in bytes: 3228976. Pages printed: 1. No user action is required."
Information	9/23/2019 18:06	Microsoft-Windows-PrintService	307	Printing a document	"Document 95, Print Document owned by wwind01 on \\MESOEL06484 was printed on VLS3.60 through port UCP-1.  Size in bytes: 3228976. Pages printed: 1. No user action is required."
Information	9/23/2019 18:30	Microsoft-Windows-PrintService	307	Printing a document	"Document 96, Print Document owned by wwind01 on \\MESOEL06484 was printed on VLS3.60 through port UCP-1.  Size in bytes: 13480. Pages printed: 1. No user action is required."
Information	9/23/2019 18:37	Microsoft-Windows-PrintService	307	Printing a document	"Document 97, Print Document owned by wwind01 on \\MESOEL06484 was printed on VLS3.60 through port UCP-1.  Size in bytes: 13480. Pages printed: 1. No user action is required."
Information	9/23/2019 18:40	Microsoft-Windows-PrintService	307	Printing a document	"Document 98, Print Document owned by wwind01 on \\MESOEL06484 was printed on VLS3.60 through port UCP-1.  Size in bytes: 13480. Pages printed: 1. No user action is required."
Information	9/23/2019 18:41	Microsoft-Windows-PrintService	307	Printing a document	"Document 99, Print Document owned by wwind01 on \\MESOEL06484 was printed on VLS3.60 through port UCP-1.  Size in bytes: 13480. Pages printed: 1. No user action is required."
Information	9/23/2019 18:59	Microsoft-Windows-PrintService	307	Printing a document	"Document 100, Print Document owned by wwind01 on \\MESOEL06484 was printed on VLS3.60 through port UCP-1.  Size in bytes: 100272. Pages printed: 1. No user action is required."
Information	9/23/2019 19:36	Microsoft-Windows-PrintService	307	Printing a document	"Document 101, Print Document owned by wwind01 on \\MESOEL06484 was printed on VLS3.60 through port UCP-1.  Size in bytes: 64796. Pages printed: 1. No user action is required."
Information	9/23/2019 20:17	Microsoft-Windows-PrintService	307	Printing a document	"Document 102, Print Document owned by wwind01 on \\MESOEL06484 was printed on VLS3.60 through port UCP-1.  Size in bytes: 1753296. Pages printed: 1. No user action is required."
Information	9/23/2019 20:22	Microsoft-Windows-PrintService	307	Printing a document	"Document 103, Print Document owned by wwind01 on \\MESOEL06484 was printed on VLS3.60 through port UCP-1.  Size in bytes: 1715224. Pages printed: 1. No user action is required."
Information	9/23/2019 20:25	Microsoft-Windows-PrintService	307	Printing a document	"Document 104, Print Document owned by wwind01 on \\MESOEL06484 was printed on VLS3.60 through port UCP-1.  Size in bytes: 1715224. Pages printed: 1. No user action is required."
Information	9/23/2019 20:34	Microsoft-Windows-PrintService	307	Printing a document	"Document 105, Print Document owned by wwind01 on \\MESOEL06484 was printed on VLS3.60 through port UCP-1.  Size in bytes: 113800. Pages printed: 1. No user action is required."
Information	9/23/2019 20:35	Microsoft-Windows-PrintService	307	Printing a document	"Document 106, Print Document owned by wwind01 on \\MESOEL06484 was printed on VLS3.60 through port UCP-1.  Size in bytes: 1234468. Pages printed: 1. No user action is required."
Information	9/23/2019 21:18	Microsoft-Windows-PrintService	307	Printing a document	"Document 107, Print Document owned by wwind01 on \\MESOEL06484 was printed on VLS3.60 through port UCP-1.  Size in bytes: 4496. Pages printed: 1. No user action is required."
Information	9/23/2019 21:29	Microsoft-Windows-PrintService	307	Printing a document	"Document 108, Print Document owned by wwind01 on \\MESOEL06484 was printed on VLS3.60 through port UCP-1.  Size in bytes: 6808. Pages printed: 1. No user action is required."
Information	9/23/2019 21:36	Microsoft-Windows-PrintService	307	Printing a document	"Document 109, Print Document owned by wwind01 on \\MESOEL06484 was printed on VLS3.60 through port UCP-1.  Size in bytes: 1232. Pages printed: 1. No user action is required."
Information	9/23/2019 21:52	Microsoft-Windows-PrintService	307	Printing a document	"Document 110, Print Document owned by wwind01 on \\MESOEL06484 was printed on VLS3.60 through port UCP-1.  Size in bytes: 60120. Pages printed: 1. No user action is required."
Information	9/23/2019 22:06	Microsoft-Windows-PrintService	307	Printing a document	"Document 111, Print Document owned by wwind01 on \\MESOEL06484 was printed on VLS3.60 through port UCP-1.  Size in bytes: 8496. Pages printed: 1. No user action is required."
Information	9/23/2019 22:18	Microsoft-Windows-PrintService	307	Printing a document	"Document 112, Print Document owned by wwind01 on \\MESOEL06484 was printed on VLS3.60 through port UCP-1.  Size in bytes: 8496. Pages printed: 1. No user action is required."
Information	9/23/2019 22:22	Microsoft-Windows-PrintService	307	Printing a document	"Document 113, Print Document owned by wwind01 on \\MESOEL06484 was printed on VLS3.60 through port UCP-1.  Size in bytes: 3344. Pages printed: 1. No user action is required."
Information	9/23/2019 22:26	Microsoft-Windows-PrintService	307	Printing a document	"Document 114, Print Document owned by wwind01 on \\MESOEL06484 was printed on VLS3.60 through port UCP-1.  Size in bytes: 3632. Pages printed: 1. No user action is required."
Information	9/23/2019 22:32	Microsoft-Windows-PrintService	307	Printing a document	"Document 115, Print Document owned by wwind01 on \\MESOEL06484 was printed on VLS3.60 through port UCP-1.  Size in bytes: 3344. Pages printed: 1. No user action is required."
Information	9/23/2019 22:47	Microsoft-Windows-PrintService	307	Printing a document	"Document 116, Print Document owned by wwind01 on \\MESOEL06484 was printed on VLS3.60 through port UCP-1.  Size in bytes: 4876512. Pages printed: 1. No user action is required."
Information	9/23/2019 23:14	Microsoft-Windows-PrintService	307	Printing a document	"Document 117, Print Document owned by wwind01 on \\MESOEL06484 was printed on VLS3.60 through port UCP-1.  Size in bytes: 121528. Pages printed: 1. No user action is required."
Information	9/24/2019 9:24	Microsoft-Windows-PrintService	307	Printing a document	"Document 118, Print Document owned by wwind01 on \\MESOEL06484 was printed on VLS3.60 through port UCP-1.  Size in bytes: 64784. Pages printed: 1. No user action is required."
Information	9/24/2019 9:45	Microsoft-Windows-PrintService	307	Printing a document	"Document 119, Print Document owned by wwind01 on \\MESOEL06484 was printed on VLS3.60 through port UCP-1.  Size in bytes: 30528. Pages printed: 1. No user action is required."
Information	9/24/2019 13:38	Microsoft-Windows-PrintService	307	Printing a document	"Document 120, Print Document owned by jkanov01 on \\MESOEL06484 was printed on VLS3.60 through port UCP-1.  Size in bytes: 16416. Pages printed: 1. No user action is required."
Information	9/24/2019 13:41	Microsoft-Windows-PrintService	307	Printing a document	"Document 121, Print Document owned by jkanov01 on \\MESOEL06484 was printed on VLS3.60 through port UCP-1.  Size in bytes: 16416. Pages printed: 1. No user action is required."
Information	9/24/2019 13:51	Microsoft-Windows-PrintService	307	Printing a document	"Document 122, Print Document owned by jkanov01 on \\MESOEL06484 was printed on VLS3.60 through port UCP-1.  Size in bytes: 16416. Pages printed: 1. No user action is required."
Information	9/24/2019 14:01	Microsoft-Windows-PrintService	307	Printing a document	"Document 123, Print Document owned by jkanov01 on \\MESOEL06484 was printed on VLS3.60 through port UCP-1.  Size in bytes: 20240. Pages printed: 1. No user action is required."
Information	9/24/2019 14:08	Microsoft-Windows-PrintService	307	Printing a document	"Document 124, Print Document owned by jkanov01 on \\MESOEL06484 was printed on VLS3.60 through port UCP-1.  Size in bytes: 4944. Pages printed: 1. No user action is required."
Information	9/24/2019 14:19	Microsoft-Windows-PrintService	307	Printing a document	"Document 125, Print Document owned by jkanov01 on \\MESOEL06484 was printed on VLS3.60 through port UCP-1.  Size in bytes: 1232. Pages printed: 1. No user action is required."
Information	9/24/2019 14:25	Microsoft-Windows-PrintService	307	Printing a document	"Document 126, Print Document owned by jkanov01 on \\MESOEL06484 was printed on VLS3.60 through port UCP-1.  Size in bytes: 33960. Pages printed: 1. No user action is required."
Information	9/24/2019 14:27	Microsoft-Windows-PrintService	307	Printing a document	"Document 127, Print Document owned by jkanov01 on \\MESOEL06484 was printed on VLS3.60 through port UCP-1.  Size in bytes: 33960. Pages printed: 1. No user action is required."
Information	9/24/2019 14:28	Microsoft-Windows-PrintService	307	Printing a document	"Document 128, Print Document owned by jkanov01 on \\MESOEL06484 was printed on VLS3.60 through port UCP-1.  Size in bytes: 33960. Pages printed: 1. No user action is required."
Information	9/24/2019 14:35	Microsoft-Windows-PrintService	307	Printing a document	"Document 129, Print Document owned by jkanov01 on \\MESOEL06484 was printed on VLS3.60 through port UCP-1.  Size in bytes: 58620. Pages printed: 1. No user action is required."
Information	9/24/2019 14:49	Microsoft-Windows-PrintService	307	Printing a document	"Document 130, Print Document owned by jkanov01 on \\MESOEL06484 was printed on VLS3.60 through port UCP-1.  Size in bytes: 31504. Pages printed: 1. No user action is required."
Information	9/24/2019 14:50	Microsoft-Windows-PrintService	307	Printing a document	"Document 131, Print Document owned by jkanov01 on \\MESOEL06484 was printed on VLS3.60 through port UCP-1.  Size in bytes: 3696. Pages printed: 1. No user action is required."
Information	9/24/2019 14:50	Microsoft-Windows-PrintService	307	Printing a document	"Document 132, Print Document owned by jkanov01 on \\MESOEL06484 was printed on VLS3.60 through port UCP-1.  Size in bytes: 3696. Pages printed: 1. No user action is required."
Information	9/24/2019 14:51	Microsoft-Windows-PrintService	307	Printing a document	"Document 133, Print Document owned by jkanov01 on \\MESOEL06484 was printed on VLS3.60 through port UCP-1.  Size in bytes: 3696. Pages printed: 1. No user action is required."
Information	9/24/2019 14:51	Microsoft-Windows-PrintService	307	Printing a document	"Document 134, Print Document owned by jkanov01 on \\MESOEL06484 was printed on VLS3.60 through port UCP-1.  Size in bytes: 3440. Pages printed: 1. No user action is required."
Information	9/24/2019 14:52	Microsoft-Windows-PrintService	307	Printing a document	"Document 135, Print Document owned by jkanov01 on \\MESOEL06484 was printed on VLS3.60 through port UCP-1.  Size in bytes: 28420. Pages printed: 1. No user action is required."
Information	9/24/2019 14:53	Microsoft-Windows-PrintService	307	Printing a document	"Document 136, Print Document owned by jkanov01 on \\MESOEL06484 was printed on VLS3.60 through port UCP-1.  Size in bytes: 20796. Pages printed: 1. No user action is required."
Information	9/24/2019 14:53	Microsoft-Windows-PrintService	307	Printing a document	"Document 137, Print Document owned by jkanov01 on \\MESOEL06484 was printed on VLS3.60 through port UCP-1.  Size in bytes: 20796. Pages printed: 1. No user action is required."
Information	9/24/2019 14:54	Microsoft-Windows-PrintService	307	Printing a document	"Document 138, Print Document owned by jkanov01 on \\MESOEL06484 was printed on VLS3.60 through port UCP-1.  Size in bytes: 13096. Pages printed: 1. No user action is required."
Information	9/24/2019 14:55	Microsoft-Windows-PrintService	307	Printing a document	"Document 139, Print Document owned by jkanov01 on \\MESOEL06484 was printed on VLS3.60 through port UCP-1.  Size in bytes: 22416. Pages printed: 1. No user action is required."
Information	9/24/2019 15:18	Microsoft-Windows-PrintService	307	Printing a document	"Document 140, Print Document owned by jkanov01 on \\MESOEL06484 was printed on VLS3.60 through port UCP-1.  Size in bytes: 1424. Pages printed: 1. No user action is required."
Information	9/24/2019 15:19	Microsoft-Windows-PrintService	307	Printing a document	"Document 141, Print Document owned by jkanov01 on \\MESOEL06484 was printed on VLS3.60 through port UCP-1.  Size in bytes: 1424. Pages printed: 1. No user action is required."
Information	9/24/2019 15:29	Microsoft-Windows-PrintService	307	Printing a document	"Document 142, Print Document owned by jkanov01 on \\MESOEL06484 was printed on VLS3.60 through port UCP-1.  Size in bytes: 400. Pages printed: 1. No user action is required."
Information	9/24/2019 15:29	Microsoft-Windows-PrintService	307	Printing a document	"Document 143, Print Document owned by jkanov01 on \\MESOEL06484 was printed on VLS3.60 through port UCP-1.  Size in bytes: 656. Pages printed: 1. No user action is required."
Information	9/24/2019 15:36	Microsoft-Windows-PrintService	307	Printing a document	"Document 144, Print Document owned by jkanov01 on \\MESOEL06484 was printed on VLS3.60 through port UCP-1.  Size in bytes: 656. Pages printed: 1. No user action is required."
Information	9/24/2019 15:52	Microsoft-Windows-PrintService	307	Printing a document	"Document 145, Print Document owned by jkanov01 on \\MESOEL06484 was printed on VLS3.60 through port UCP-1.  Size in bytes: 14736. Pages printed: 1. No user action is required."
Information	9/24/2019 16:03	Microsoft-Windows-PrintService	307	Printing a document	"Document 146, Print Document owned by jkanov01 on \\MESOEL06484 was printed on VLS3.60 through port UCP-1.  Size in bytes: 1104. Pages printed: 1. No user action is required."
Information	9/24/2019 16:11	Microsoft-Windows-PrintService	307	Printing a document	"Document 147, Print Document owned by jkanov01 on \\MESOEL06484 was printed on VLS3.60 through port UCP-1.  Size in bytes: 17648. Pages printed: 1. No user action is required."
Information	9/24/2019 18:15	Microsoft-Windows-PrintService	307	Printing a document	"Document 148, Print Document owned by jkanov01 on \\MESOEL06484 was printed on VLS3.60 through port UCP-1.  Size in bytes: 6208. Pages printed: 1. No user action is required."
Information	9/24/2019 18:32	Microsoft-Windows-PrintService	307	Printing a document	"Document 149, Print Document owned by jkanov01 on \\MESOEL06484 was printed on VLS3.60 through port UCP-1.  Size in bytes: 15736. Pages printed: 1. No user action is required."
Information	9/24/2019 18:32	Microsoft-Windows-PrintService	307	Printing a document	"Document 150, Print Document owned by jkanov01 on \\MESOEL06484 was printed on VLS3.60 through port UCP-1.  Size in bytes: 31072. Pages printed: 1. No user action is required."
Information	9/24/2019 18:59	Microsoft-Windows-PrintService	307	Printing a document	"Document 151, Print Document owned by jkanov01 on \\MESOEL06484 was printed on VLS3.60 through port UCP-1.  Size in bytes: 9120. Pages printed: 1. No user action is required."
Information	9/24/2019 19:01	Microsoft-Windows-PrintService	307	Printing a document	"Document 152, Print Document owned by jkanov01 on \\MESOEL06484 was printed on VLS3.60 through port UCP-1.  Size in bytes: 9152. Pages printed: 1. No user action is required."
Information	9/24/2019 19:10	Microsoft-Windows-PrintService	307	Printing a document	"Document 153, Print Document owned by jkanov01 on \\MESOEL06484 was printed on VLS3.60 through port UCP-1.  Size in bytes: 35680. Pages printed: 1. No user action is required."
Information	9/24/2019 19:21	Microsoft-Windows-PrintService	307	Printing a document	"Document 154, Print Document owned by jkanov01 on \\MESOEL06484 was printed on VLS3.60 through port UCP-1.  Size in bytes: 11940. Pages printed: 1. No user action is required."
Information	9/24/2019 19:24	Microsoft-Windows-PrintService	307	Printing a document	"Document 155, Print Document owned by jkanov01 on \\MESOEL06484 was printed on VLS3.60 through port UCP-1.  Size in bytes: 11940. Pages printed: 1. No user action is required."
Information	9/24/2019 19:33	Microsoft-Windows-PrintService	307	Printing a document	"Document 156, Print Document owned by jkanov01 on \\MESOEL06484 was printed on VLS3.60 through port UCP-1.  Size in bytes: 5648. Pages printed: 1. No user action is required."
Information	9/24/2019 19:35	Microsoft-Windows-PrintService	307	Printing a document	"Document 157, Print Document owned by jkanov01 on \\MESOEL06484 was printed on VLS3.60 through port UCP-1.  Size in bytes: 5648. Pages printed: 1. No user action is required."
Information	9/24/2019 19:54	Microsoft-Windows-PrintService	307	Printing a document	"Document 158, Print Document owned by jkanov01 on \\MESOEL06484 was printed on VLS3.60 through port UCP-1.  Size in bytes: 79564. Pages printed: 1. No user action is required."
Information	9/24/2019 19:59	Microsoft-Windows-PrintService	307	Printing a document	"Document 159, Print Document owned by jkanov01 on \\MESOEL06484 was printed on VLS3.60 through port UCP-1.  Size in bytes: 28320. Pages printed: 1. No user action is required."
Information	9/24/2019 20:11	Microsoft-Windows-PrintService	307	Printing a document	"Document 160, Print Document owned by jkanov01 on \\MESOEL06484 was printed on VLS3.60 through port UCP-1.  Size in bytes: 44140. Pages printed: 1. No user action is required."
Information	9/24/2019 21:00	Microsoft-Windows-PrintService	307	Printing a document	"Document 161, Print Document owned by jkanov01 on \\MESOEL06484 was printed on VLS3.60 through port UCP-1.  Size in bytes: 318224. Pages printed: 1. No user action is required."
Information	9/24/2019 21:02	Microsoft-Windows-PrintService	307	Printing a document	"Document 162, Print Document owned by jkanov01 on \\MESOEL06484 was printed on VLS3.60 through port UCP-1.  Size in bytes: 318224. Pages printed: 1. No user action is required."
Information	9/24/2019 21:03	Microsoft-Windows-PrintService	307	Printing a document	"Document 163, Print Document owned by jkanov01 on \\MESOEL06484 was printed on VLS3.60 through port UCP-1.  Size in bytes: 318224. Pages printed: 1. No user action is required."
Information	9/24/2019 21:25	Microsoft-Windows-PrintService	307	Printing a document	"Document 164, Print Document owned by jkanov01 on \\MESOEL06484 was printed on VLS3.60 through port UCP-1.  Size in bytes: 134660. Pages printed: 1. No user action is required."
Information	9/24/2019 21:27	Microsoft-Windows-PrintService	307	Printing a document	"Document 165, Print Document owned by jkanov01 on \\MESOEL06484 was printed on VLS3.60 through port UCP-1.  Size in bytes: 134660. Pages printed: 1. No user action is required."
Information	9/24/2019 21:46	Microsoft-Windows-PrintService	307	Printing a document	"Document 166, Print Document owned by jkanov01 on \\MESOEL06484 was printed on VLS3.60 through port UCP-1.  Size in bytes: 509896. Pages printed: 1. No user action is required."
Information	9/24/2019 21:48	Microsoft-Windows-PrintService	307	Printing a document	"Document 167, Print Document owned by jkanov01 on \\MESOEL06484 was printed on VLS3.60 through port UCP-1.  Size in bytes: 509896. Pages printed: 1. No user action is required."
Information	9/24/2019 21:51	Microsoft-Windows-PrintService	307	Printing a document	"Document 168, Print Document owned by jkanov01 on \\MESOEL06484 was printed on VLS3.60 through port UCP-1.  Size in bytes: 503240. Pages printed: 1. No user action is required."
Information	9/24/2019 21:52	Microsoft-Windows-PrintService	307	Printing a document	"Document 169, Print Document owned by jkanov01 on \\MESOEL06484 was printed on VLS3.60 through port UCP-1.  Size in bytes: 350888. Pages printed: 1. No user action is required."
Information	9/24/2019 21:54	Microsoft-Windows-PrintService	307	Printing a document	"Document 170, Print Document owned by jkanov01 on \\MESOEL06484 was printed on VLS3.60 through port UCP-1.  Size in bytes: 308660. Pages printed: 1. No user action is required."
Information	9/24/2019 21:55	Microsoft-Windows-PrintService	307	Printing a document	"Document 171, Print Document owned by jkanov01 on \\MESOEL06484 was printed on VLS3.60 through port UCP-1.  Size in bytes: 242960. Pages printed: 1. No user action is required."
Information	9/24/2019 21:58	Microsoft-Windows-PrintService	307	Printing a document	"Document 172, Print Document owned by jkanov01 on \\MESOEL06484 was printed on VLS3.60 through port UCP-1.  Size in bytes: 280704. Pages printed: 1. No user action is required."
Information	9/24/2019 21:59	Microsoft-Windows-PrintService	307	Printing a document	"Document 173, Print Document owned by jkanov01 on \\MESOEL06484 was printed on VLS3.60 through port UCP-1.  Size in bytes: 280704. Pages printed: 1. No user action is required."
Information	9/24/2019 22:04	Microsoft-Windows-PrintService	307	Printing a document	"Document 174, Print Document owned by jkanov01 on \\MESOEL06484 was printed on VLS3.60 through port UCP-1.  Size in bytes: 280704. Pages printed: 1. No user action is required."
Information	9/24/2019 22:07	Microsoft-Windows-PrintService	307	Printing a document	"Document 175, Print Document owned by jkanov01 on \\MESOEL06484 was printed on VLS3.60 through port UCP-1.  Size in bytes: 276864. Pages printed: 1. No user action is required."
Information	9/24/2019 22:18	Microsoft-Windows-PrintService	307	Printing a document	"Document 176, Print Document owned by jkanov01 on \\MESOEL06484 was printed on VLS3.60 through port UCP-1.  Size in bytes: 4240. Pages printed: 1. No user action is required."
Information	9/24/2019 22:27	Microsoft-Windows-PrintService	307	Printing a document	"Document 177, Print Document owned by jkanov01 on \\MESOEL06484 was printed on VLS3.60 through port UCP-1.  Size in bytes: 11940. Pages printed: 1. No user action is required."
Information	9/24/2019 22:40	Microsoft-Windows-PrintService	307	Printing a document	"Document 178, Print Document owned by jkanov01 on \\MESOEL06484 was printed on VLS3.60 through port UCP-1.  Size in bytes: 7096. Pages printed: 1. No user action is required."
Information	9/24/2019 23:00	Microsoft-Windows-PrintService	307	Printing a document	"Document 179, Print Document owned by jkanov01 on \\MESOEL06484 was printed on VLS3.60 through port UCP-1.  Size in bytes: 11940. Pages printed: 1. No user action is required."
Information	9/25/2019 9:29	Microsoft-Windows-PrintService	307	Printing a document	"Document 180, Print Document owned by jkanov01 on \\MESOEL06484 was printed on VLS3.60 through port UCP-1.  Size in bytes: 257328. Pages printed: 1. No user action is required."
Information	9/25/2019 11:48	Microsoft-Windows-PrintService	307	Printing a document	"Document 181, Print Document owned by jkanov01 on \\MESOEL06484 was printed on VLS3.60 through port UCP-1.  Size in bytes: 227676. Pages printed: 1. No user action is required."
Information	9/25/2019 12:07	Microsoft-Windows-PrintService	307	Printing a document	"Document 182, Print Document owned by jkanov01 on \\MESOEL06484 was printed on VLS3.60 through port UCP-1.  Size in bytes: 227776. Pages printed: 1. No user action is required."
Information	9/25/2019 14:34	Microsoft-Windows-PrintService	307	Printing a document	"Document 183, Print Document owned by jkanov01 on \\MESOEL06484 was printed on VLS3.60 through port UCP-1.  Size in bytes: 227744. Pages printed: 1. No user action is required."
Information	9/25/2019 14:35	Microsoft-Windows-PrintService	307	Printing a document	"Document 184, Print Document owned by jkanov01 on \\MESOEL06484 was printed on VLS3.60 through port UCP-1.  Size in bytes: 227744. Pages printed: 1. No user action is required."
Information	9/25/2019 16:39	Microsoft-Windows-PrintService	307	Printing a document	"Document 185, Print Document owned by jkanov01 on \\MESOEL06484 was printed on VLS3.60 through port UCP-1.  Size in bytes: 69832. Pages printed: 1. No user action is required."
Information	9/25/2019 16:40	Microsoft-Windows-PrintService	307	Printing a document	"Document 186, Print Document owned by jkanov01 on \\MESOEL06484 was printed on VLS3.60 through port UCP-1.  Size in bytes: 69832. Pages printed: 1. No user action is required."
Information	9/25/2019 18:45	Microsoft-Windows-PrintService	307	Printing a document	"Document 187, Print Document owned by jkanov01 on \\MESOEL06484 was printed on VLS3.60 through port UCP-1.  Size in bytes: 5999800. Pages printed: 1. No user action is required."
Information	9/25/2019 18:47	Microsoft-Windows-PrintService	307	Printing a document	"Document 188, Print Document owned by jkanov01 on \\MESOEL06484 was printed on VLS3.60 through port UCP-1.  Size in bytes: 5999800. Pages printed: 1. No user action is required."
Information	9/25/2019 18:48	Microsoft-Windows-PrintService	307	Printing a document	"Document 189, Print Document owned by jkanov01 on \\MESOEL06484 was printed on VLS3.60 through port UCP-1.  Size in bytes: 5999800. Pages printed: 1. No user action is required."
Information	9/25/2019 18:52	Microsoft-Windows-PrintService	307	Printing a document	"Document 190, Print Document owned by jkanov01 on \\MESOEL06484 was printed on VLS3.60 through port UCP-1.  Size in bytes: 5999800. Pages printed: 1. No user action is required."
Information	9/25/2019 20:00	Microsoft-Windows-PrintService	307	Printing a document	"Document 191, Print Document owned by jkanov01 on \\MESOEL06484 was printed on VLS3.60 through port UCP-1.  Size in bytes: 912. Pages printed: 1. No user action is required."
Information	9/25/2019 20:06	Microsoft-Windows-PrintService	307	Printing a document	"Document 192, Print Document owned by jkanov01 on \\MESOEL06484 was printed on VLS3.60 through port UCP-1.  Size in bytes: 1136. Pages printed: 1. No user action is required."
Information	9/25/2019 20:28	Microsoft-Windows-PrintService	307	Printing a document	"Document 193, Print Document owned by jkanov01 on \\MESOEL06484 was printed on VLS3.60 through port UCP-1.  Size in bytes: 800. Pages printed: 1. No user action is required."
Information	9/26/2019 0:49	Microsoft-Windows-PrintService	307	Printing a document	"Document 194, Print Document owned by jkanov01 on \\MESOEL06484 was printed on VLS3.60 through port UCP-1.  Size in bytes: 35116. Pages printed: 1. No user action is required."
Information	9/26/2019 1:23	Microsoft-Windows-PrintService	307	Printing a document	"Document 195, Print Document owned by jkanov01 on \\MESOEL06484 was printed on VLS3.60 through port UCP-1.  Size in bytes: 766592. Pages printed: 1. No user action is required."
Information	9/26/2019 1:24	Microsoft-Windows-PrintService	307	Printing a document	"Document 196, Print Document owned by jkanov01 on \\MESOEL06484 was printed on VLS3.60 through port UCP-1.  Size in bytes: 766592. Pages printed: 1. No user action is required."
Information	9/26/2019 1:28	Microsoft-Windows-PrintService	307	Printing a document	"Document 197, Print Document owned by jkanov01 on \\MESOEL06484 was printed on VLS3.60 through port UCP-1.  Size in bytes: 766592. Pages printed: 1. No user action is required."
Information	9/26/2019 1:46	Microsoft-Windows-PrintService	307	Printing a document	"Document 198, Print Document owned by jkanov01 on \\MESOEL06484 was printed on VLS3.60 through port UCP-1.  Size in bytes: 742944. Pages printed: 1. No user action is required."
Information	9/26/2019 1:47	Microsoft-Windows-PrintService	307	Printing a document	"Document 199, Print Document owned by jkanov01 on \\MESOEL06484 was printed on VLS3.60 through port UCP-1.  Size in bytes: 742944. Pages printed: 1. No user action is required."
Information	9/26/2019 13:40	Microsoft-Windows-PrintService	307	Printing a document	"Document 200, Print Document owned by jkanov01 on \\MESOEL06484 was printed on VLS3.60 through port UCP-1.  Size in bytes: 784. Pages printed: 1. No user action is required."
Information	9/26/2019 13:57	Microsoft-Windows-PrintService	307	Printing a document	"Document 201, Print Document owned by jkanov01 on \\MESOEL06484 was printed on VLS3.60 through port UCP-1.  Size in bytes: 1919200. Pages printed: 1. No user action is required."
Information	9/26/2019 17:02	Microsoft-Windows-PrintService	307	Printing a document	"Document 202, Print Document owned by jkanov01 on \\MESOEL06484 was printed on VLS3.60 through port UCP-1.  Size in bytes: 1919200. Pages printed: 1. No user action is required."
Information	9/26/2019 17:26	Microsoft-Windows-PrintService	307	Printing a document	"Document 203, Print Document owned by jkanov01 on \\MESOEL06484 was printed on VLS3.60 through port UCP-1.  Size in bytes: 5552. Pages printed: 1. No user action is required."
Information	9/26/2019 17:29	Microsoft-Windows-PrintService	307	Printing a document	"Document 204, Print Document owned by jkanov01 on \\MESOEL06484 was printed on VLS3.60 through port UCP-1.  Size in bytes: 5552. Pages printed: 1. No user action is required."
Information	9/26/2019 17:55	Microsoft-Windows-PrintService	307	Printing a document	"Document 205, Print Document owned by jkanov01 on \\MESOEL06484 was printed on VLS3.60 through port UCP-1.  Size in bytes: 5552. Pages printed: 1. No user action is required."
Information	9/26/2019 18:11	Microsoft-Windows-PrintService	307	Printing a document	"Document 206, Print Document owned by jkanov01 on \\MESOEL06484 was printed on VLS3.60 through port UCP-1.  Size in bytes: 11552. Pages printed: 1. No user action is required."
Information	9/26/2019 18:13	Microsoft-Windows-PrintService	307	Printing a document	"Document 207, Print Document owned by jkanov01 on \\MESOEL06484 was printed on VLS3.60 through port UCP-1.  Size in bytes: 11552. Pages printed: 1. No user action is required."
Information	9/26/2019 18:46	Microsoft-Windows-PrintService	307	Printing a document	"Document 208, Print Document owned by jkanov01 on \\MESOEL06484 was printed on VLS3.60 through port UCP-1.  Size in bytes: 204608. Pages printed: 1. No user action is required."
Information	9/26/2019 18:47	Microsoft-Windows-PrintService	307	Printing a document	"Document 209, Print Document owned by jkanov01 on \\MESOEL06484 was printed on VLS3.60 through port UCP-1.  Size in bytes: 204608. Pages printed: 1. No user action is required."
Information	9/26/2019 18:52	Microsoft-Windows-PrintService	307	Printing a document	"Document 210, Print Document owned by jkanov01 on \\MESOEL06484 was printed on VLS3.60 through port UCP-1.  Size in bytes: 207848. Pages printed: 1. No user action is required."
Information	9/26/2019 19:08	Microsoft-Windows-PrintService	307	Printing a document	"Document 211, Print Document owned by jkanov01 on \\MESOEL06484 was printed on VLS3.60 through port UCP-1.  Size in bytes: 13528. Pages printed: 1. No user action is required."
Information	9/26/2019 19:19	Microsoft-Windows-PrintService	307	Printing a document	"Document 212, Print Document owned by jkanov01 on \\MESOEL06484 was printed on VLS3.60 through port UCP-1.  Size in bytes: 1776. Pages printed: 1. No user action is required."
Information	9/26/2019 19:58	Microsoft-Windows-PrintService	307	Printing a document	"Document 213, Print Document owned by jkanov01 on \\MESOEL06484 was printed on VLS3.60 through port UCP-1.  Size in bytes: 5488. Pages printed: 1. No user action is required."
Information	9/26/2019 19:58	Microsoft-Windows-PrintService	307	Printing a document	"Document 214, Print Document owned by jkanov01 on \\MESOEL06484 was printed on VLS3.60 through port UCP-1.  Size in bytes: 5488. Pages printed: 1. No user action is required."
Information	9/26/2019 20:00	Microsoft-Windows-PrintService	307	Printing a document	"Document 215, Print Document owned by jkanov01 on \\MESOEL06484 was printed on VLS3.60 through port UCP-1.  Size in bytes: 10576. Pages printed: 1. No user action is required."
Information	9/26/2019 20:03	Microsoft-Windows-PrintService	307	Printing a document	"Document 216, Print Document owned by jkanov01 on \\MESOEL06484 was printed on VLS3.60 through port UCP-1.  Size in bytes: 9104. Pages printed: 1. No user action is required."
Information	9/26/2019 22:39	Microsoft-Windows-PrintService	307	Printing a document	"Document 217, Print Document owned by jkanov01 on \\MESOEL06484 was printed on VLS3.60 through port UCP-1.  Size in bytes: 416684. Pages printed: 1. No user action is required."
Information	9/26/2019 22:39	Microsoft-Windows-PrintService	307	Printing a document	"Document 218, Print Document owned by jkanov01 on \\MESOEL06484 was printed on VLS3.60 through port UCP-1.  Size in bytes: 416684. Pages printed: 1. No user action is required."
Information	9/26/2019 22:40	Microsoft-Windows-PrintService	307	Printing a document	"Document 219, Print Document owned by jkanov01 on \\MESOEL06484 was printed on VLS3.60 through port UCP-1.  Size in bytes: 416684. Pages printed: 1. No user action is required."
Information	9/26/2019 22:44	Microsoft-Windows-PrintService	307	Printing a document	"Document 220, Print Document owned by jkanov01 on \\MESOEL06484 was printed on VLS3.60 through port UCP-1.  Size in bytes: 392108. Pages printed: 1. No user action is required."
Information	9/26/2019 23:01	Microsoft-Windows-PrintService	307	Printing a document	"Document 221, Print Document owned by jkanov01 on \\MESOEL06484 was printed on VLS3.60 through port UCP-1.  Size in bytes: 44560. Pages printed: 1. No user action is required."
Information	9/27/2019 12:35	Microsoft-Windows-PrintService	307	Printing a document	"Document 222, Print Document owned by jkanov01 on \\MESOEL06484 was printed on VLS3.60 through port UCP-1.  Size in bytes: 3708. Pages printed: 1. No user action is required."
Information	9/27/2019 13:04	Microsoft-Windows-PrintService	307	Printing a document	"Document 223, Print Document owned by jkanov01 on \\MESOEL06484 was printed on VLS3.60 through port UCP-1.  Size in bytes: 9008. Pages printed: 1. No user action is required."
Information	9/27/2019 13:21	Microsoft-Windows-PrintService	307	Printing a document	"Document 224, Print Document owned by jkanov01 on \\MESOEL06484 was printed on VLS3.60 through port UCP-1.  Size in bytes: 1344. Pages printed: 1. No user action is required."
Information	9/27/2019 13:46	Microsoft-Windows-PrintService	307	Printing a document	"Document 225, Print Document owned by jkanov01 on \\MESOEL06484 was printed on VLS3.60 through port UCP-1.  Size in bytes: 25168. Pages printed: 1. No user action is required."
Information	9/27/2019 13:52	Microsoft-Windows-PrintService	307	Printing a document	"Document 226, Print Document owned by jkanov01 on \\MESOEL06484 was printed on VLS3.60 through port UCP-1.  Size in bytes: 25168. Pages printed: 1. No user action is required."
Information	9/27/2019 13:54	Microsoft-Windows-PrintService	307	Printing a document	"Document 227, Print Document owned by jkanov01 on \\MESOEL06484 was printed on VLS3.60 through port UCP-1.  Size in bytes: 25600. Pages printed: 1. No user action is required."
Information	9/27/2019 13:56	Microsoft-Windows-PrintService	307	Printing a document	"Document 228, Print Document owned by jkanov01 on \\MESOEL06484 was printed on VLS3.60 through port UCP-1.  Size in bytes: 21848. Pages printed: 1. No user action is required."
Information	9/27/2019 14:00	Microsoft-Windows-PrintService	307	Printing a document	"Document 229, Print Document owned by jkanov01 on \\MESOEL06484 was printed on VLS3.60 through port UCP-1.  Size in bytes: 996. Pages printed: 1. No user action is required."
Information	9/27/2019 14:03	Microsoft-Windows-PrintService	307	Printing a document	"Document 230, Print Document owned by jkanov01 on \\MESOEL06484 was printed on VLS3.60 through port UCP-1.  Size in bytes: 996. Pages printed: 1. No user action is required."
Information	9/27/2019 14:04	Microsoft-Windows-PrintService	307	Printing a document	"Document 231, Print Document owned by jkanov01 on \\MESOEL06484 was printed on VLS3.60 through port UCP-1.  Size in bytes: 996. Pages printed: 1. No user action is required."
Information	9/27/2019 14:15	Microsoft-Windows-PrintService	307	Printing a document	"Document 232, Print Document owned by jkanov01 on \\MESOEL06484 was printed on VLS3.60 through port UCP-1.  Size in bytes: 1088. Pages printed: 1. No user action is required."
Information	9/27/2019 14:17	Microsoft-Windows-PrintService	307	Printing a document	"Document 233, Print Document owned by jkanov01 on \\MESOEL06484 was printed on VLS3.60 through port UCP-1.  Size in bytes: 1088. Pages printed: 1. No user action is required."
Information	9/27/2019 14:21	Microsoft-Windows-PrintService	307	Printing a document	"Document 234, Print Document owned by jkanov01 on \\MESOEL06484 was printed on VLS3.60 through port UCP-1.  Size in bytes: 1088. Pages printed: 1. No user action is required."
Information	9/27/2019 14:27	Microsoft-Windows-PrintService	307	Printing a document	"Document 235, Print Document owned by jkanov01 on \\MESOEL06484 was printed on VLS3.60 through port UCP-1.  Size in bytes: 445160. Pages printed: 1. No user action is required."
Information	9/27/2019 14:32	Microsoft-Windows-PrintService	307	Printing a document	"Document 236, Print Document owned by jkanov01 on \\MESOEL06484 was printed on VLS3.60 through port UCP-1.  Size in bytes: 445160. Pages printed: 1. No user action is required."
Information	9/27/2019 14:57	Microsoft-Windows-PrintService	307	Printing a document	"Document 237, Print Document owned by jkanov01 on \\MESOEL06484 was printed on VLS3.60 through port UCP-1.  Size in bytes: 41168. Pages printed: 1. No user action is required."
Information	9/27/2019 15:36	Microsoft-Windows-PrintService	307	Printing a document	"Document 238, Print Document owned by jkanov01 on \\MESOEL06484 was printed on VLS3.60 through port UCP-1.  Size in bytes: 38312. Pages printed: 1. No user action is required."
Information	9/27/2019 15:37	Microsoft-Windows-PrintService	307	Printing a document	"Document 239, Print Document owned by jkanov01 on \\MESOEL06484 was printed on VLS3.60 through port UCP-1.  Size in bytes: 38312. Pages printed: 1. No user action is required."
Information	9/27/2019 15:50	Microsoft-Windows-PrintService	307	Printing a document	"Document 240, Print Document owned by jkanov01 on \\MESOEL06484 was printed on VLS3.60 through port UCP-1.  Size in bytes: 3456. Pages printed: 1. No user action is required."
Information	9/27/2019 16:01	Microsoft-Windows-PrintService	307	Printing a document	"Document 241, Print Document owned by jkanov01 on \\MESOEL06484 was printed on VLS3.60 through port UCP-1.  Size in bytes: 3104. Pages printed: 1. No user action is required."
Information	9/27/2019 16:16	Microsoft-Windows-PrintService	307	Printing a document	"Document 242, Print Document owned by jkanov01 on \\MESOEL06484 was printed on VLS3.60 through port UCP-1.  Size in bytes: 3776. Pages printed: 1. No user action is required."
Information	9/27/2019 17:45	Microsoft-Windows-PrintService	307	Printing a document	"Document 243, Print Document owned by jkanov01 on \\MESOEL06484 was printed on VLS3.60 through port UCP-1.  Size in bytes: 81544. Pages printed: 1. No user action is required."
Information	9/27/2019 17:47	Microsoft-Windows-PrintService	307	Printing a document	"Document 244, Print Document owned by jkanov01 on \\MESOEL06484 was printed on VLS3.60 through port UCP-1.  Size in bytes: 81544. Pages printed: 1. No user action is required."
Information	9/27/2019 18:08	Microsoft-Windows-PrintService	307	Printing a document	"Document 245, Print Document owned by jkanov01 on \\MESOEL06484 was printed on VLS3.60 through port UCP-1.  Size in bytes: 13840. Pages printed: 1. No user action is required."
Information	9/27/2019 18:19	Microsoft-Windows-PrintService	307	Printing a document	"Document 246, Print Document owned by jkanov01 on \\MESOEL06484 was printed on VLS3.60 through port UCP-1.  Size in bytes: 30144. Pages printed: 1. No user action is required."
Information	9/27/2019 18:24	Microsoft-Windows-PrintService	307	Printing a document	"Document 247, Print Document owned by jkanov01 on \\MESOEL06484 was printed on VLS3.60 through port UCP-1.  Size in bytes: 12952. Pages printed: 1. No user action is required."
Information	9/27/2019 18:52	Microsoft-Windows-PrintService	307	Printing a document	"Document 248, Print Document owned by jkanov01 on \\MESOEL06484 was printed on VLS3.60 through port UCP-1.  Size in bytes: 235952. Pages printed: 1. No user action is required."
Information	9/27/2019 19:14	Microsoft-Windows-PrintService	307	Printing a document	"Document 249, Print Document owned by jkanov01 on \\MESOEL06484 was printed on VLS3.60 through port UCP-1.  Size in bytes: 18192. Pages printed: 1. No user action is required."
Information	9/28/2019 12:59	Microsoft-Windows-PrintService	307	Printing a document	"Document 250, Print Document owned by jkanov01 on \\MESOEL06484 was printed on VLS3.60 through port UCP-1.  Size in bytes: 1616. Pages printed: 1. No user action is required."
Information	9/28/2019 13:01	Microsoft-Windows-PrintService	307	Printing a document	"Document 251, Print Document owned by jkanov01 on \\MESOEL06484 was printed on VLS3.60 through port UCP-1.  Size in bytes: 1616. Pages printed: 1. No user action is required."
Information	9/28/2019 15:01	Microsoft-Windows-PrintService	307	Printing a document	"Document 252, Print Document owned by jkanov01 on \\MESOEL06484 was printed on VLS3.60 through port UCP-1.  Size in bytes: 3440. Pages printed: 1. No user action is required."
Information	9/28/2019 16:32	Microsoft-Windows-PrintService	307	Printing a document	"Document 253, Print Document owned by jkanov01 on \\MESOEL06484 was printed on VLS3.60 through port UCP-1.  Size in bytes: 17592. Pages printed: 1. No user action is required."
Information	9/28/2019 16:52	Microsoft-Windows-PrintService	307	Printing a document	"Document 254, Print Document owned by jkanov01 on \\MESOEL06484 was printed on VLS3.60 through port UCP-1.  Size in bytes: 27440. Pages printed: 1. No user action is required."
Information	9/28/2019 17:14	Microsoft-Windows-PrintService	307	Printing a document	"Document 255, Print Document owned by jkanov01 on \\MESOEL06484 was printed on VLS3.60 through port UCP-1.  Size in bytes: 27440. Pages printed: 1. No user action is required."
