Information	9/17/2019 15:36	Microsoft-Windows-PrintService	307	Printing a document	"Document 129, Print Document owned by bstaff01 on \\MESOEL06484 was printed on VLS3.60 through port UCP-1.  Size in bytes: 50268. Pages printed: 1. No user action is required."
Information	9/17/2019 15:49	Microsoft-Windows-PrintService	307	Printing a document	"Document 130, Print Document owned by bstaff01 on \\MESOEL06484 was printed on VLS3.60 through port UCP-1.  Size in bytes: 33512. Pages printed: 1. No user action is required."
Information	9/17/2019 15:51	Microsoft-Windows-PrintService	307	Printing a document	"Document 131, Print Document owned by bstaff01 on \\MESOEL06484 was printed on VLS3.60 through port UCP-1.  Size in bytes: 33008. Pages printed: 1. No user action is required."
Information	9/17/2019 16:07	Microsoft-Windows-PrintService	307	Printing a document	"Document 132, Print Document owned by bstaff01 on \\MESOEL06484 was printed on VLS3.60 through port UCP-1.  Size in bytes: 16788. Pages printed: 1. No user action is required."
Information	9/17/2019 16:36	Microsoft-Windows-PrintService	307	Printing a document	"Document 133, Print Document owned by bstaff01 on \\MESOEL06484 was printed on VLS3.60 through port UCP-1.  Size in bytes: 5856. Pages printed: 1. No user action is required."
Information	9/17/2019 16:37	Microsoft-Windows-PrintService	307	Printing a document	"Document 134, Print Document owned by bstaff01 on \\MESOEL06484 was printed on VLS3.60 through port UCP-1.  Size in bytes: 9952. Pages printed: 1. No user action is required."
Information	9/17/2019 16:37	Microsoft-Windows-PrintService	307	Printing a document	"Document 135, Print Document owned by bstaff01 on \\MESOEL06484 was printed on VLS3.60 through port UCP-1.  Size in bytes: 9952. Pages printed: 1. No user action is required."
Information	9/17/2019 16:38	Microsoft-Windows-PrintService	307	Printing a document	"Document 136, Print Document owned by bstaff01 on \\MESOEL06484 was printed on VLS3.60 through port UCP-1.  Size in bytes: 9952. Pages printed: 1. No user action is required."
Information	9/17/2019 16:41	Microsoft-Windows-PrintService	307	Printing a document	"Document 137, Print Document owned by bstaff01 on \\MESOEL06484 was printed on VLS3.60 through port UCP-1.  Size in bytes: 9312. Pages printed: 1. No user action is required."
Information	9/17/2019 16:41	Microsoft-Windows-PrintService	307	Printing a document	"Document 138, Print Document owned by bstaff01 on \\MESOEL06484 was printed on VLS3.60 through port UCP-1.  Size in bytes: 9312. Pages printed: 1. No user action is required."
Information	9/17/2019 16:42	Microsoft-Windows-PrintService	307	Printing a document	"Document 139, Print Document owned by bstaff01 on \\MESOEL06484 was printed on VLS3.60 through port UCP-1.  Size in bytes: 9312. Pages printed: 1. No user action is required."
Information	9/17/2019 16:43	Microsoft-Windows-PrintService	307	Printing a document	"Document 140, Print Document owned by bstaff01 on \\MESOEL06484 was printed on VLS3.60 through port UCP-1.  Size in bytes: 9312. Pages printed: 1. No user action is required."
Information	9/17/2019 16:44	Microsoft-Windows-PrintService	307	Printing a document	"Document 141, Print Document owned by bstaff01 on \\MESOEL06484 was printed on VLS3.60 through port UCP-1.  Size in bytes: 9312. Pages printed: 1. No user action is required."
Information	9/17/2019 17:10	Microsoft-Windows-PrintService	307	Printing a document	"Document 142, Print Document owned by bstaff01 on \\MESOEL06484 was printed on VLS3.60 through port UCP-1.  Size in bytes: 14360. Pages printed: 1. No user action is required."
Information	9/17/2019 18:04	Microsoft-Windows-PrintService	307	Printing a document	"Document 143, Print Document owned by bstaff01 on \\MESOEL06484 was printed on VLS3.60 through port UCP-1.  Size in bytes: 6080. Pages printed: 1. No user action is required."
Information	9/17/2019 18:12	Microsoft-Windows-PrintService	307	Printing a document	"Document 144, Print Document owned by bstaff01 on \\MESOEL06484 was printed on VLS3.60 through port UCP-1.  Size in bytes: 6328. Pages printed: 1. No user action is required."
Information	9/17/2019 18:13	Microsoft-Windows-PrintService	307	Printing a document	"Document 145, Print Document owned by bstaff01 on \\MESOEL06484 was printed on VLS3.60 through port UCP-1.  Size in bytes: 6328. Pages printed: 1. No user action is required."
Information	9/17/2019 18:31	Microsoft-Windows-PrintService	307	Printing a document	"Document 146, Print Document owned by bstaff01 on \\MESOEL06484 was printed on VLS3.60 through port UCP-1.  Size in bytes: 2664. Pages printed: 1. No user action is required."
Information	9/17/2019 19:04	Microsoft-Windows-PrintService	307	Printing a document	"Document 147, Print Document owned by bstaff01 on \\MESOEL06484 was printed on VLS3.60 through port UCP-1.  Size in bytes: 9968. Pages printed: 1. No user action is required."
Information	9/17/2019 19:14	Microsoft-Windows-PrintService	307	Printing a document	"Document 148, Print Document owned by bstaff01 on \\MESOEL06484 was printed on VLS3.60 through port UCP-1.  Size in bytes: 15856. Pages printed: 1. No user action is required."
Information	9/17/2019 19:18	Microsoft-Windows-PrintService	307	Printing a document	"Document 149, Print Document owned by bstaff01 on \\MESOEL06484 was printed on VLS3.60 through port UCP-1.  Size in bytes: 8128. Pages printed: 1. No user action is required."
Information	9/17/2019 19:26	Microsoft-Windows-PrintService	307	Printing a document	"Document 150, Print Document owned by bstaff01 on \\MESOEL06484 was printed on VLS3.60 through port UCP-1.  Size in bytes: 8128. Pages printed: 1. No user action is required."
Information	9/17/2019 19:28	Microsoft-Windows-PrintService	307	Printing a document	"Document 151, Print Document owned by bstaff01 on \\MESOEL06484 was printed on VLS3.60 through port UCP-1.  Size in bytes: 8128. Pages printed: 1. No user action is required."
Information	9/17/2019 19:29	Microsoft-Windows-PrintService	307	Printing a document	"Document 152, Print Document owned by bstaff01 on \\MESOEL06484 was printed on VLS3.60 through port UCP-1.  Size in bytes: 8128. Pages printed: 1. No user action is required."
Information	9/17/2019 19:57	Microsoft-Windows-PrintService	307	Printing a document	"Document 153, Print Document owned by bstaff01 on \\MESOEL06484 was printed on VLS3.60 through port UCP-1.  Size in bytes: 912. Pages printed: 1. No user action is required."
Information	9/17/2019 20:13	Microsoft-Windows-PrintService	307	Printing a document	"Document 154, Print Document owned by bstaff01 on \\MESOEL06484 was printed on VLS3.60 through port UCP-1.  Size in bytes: 1680. Pages printed: 1. No user action is required."
Information	9/17/2019 20:40	Microsoft-Windows-PrintService	307	Printing a document	"Document 155, Print Document owned by bstaff01 on \\MESOEL06484 was printed on VLS3.60 through port UCP-1.  Size in bytes: 656. Pages printed: 1. No user action is required."
Information	9/17/2019 21:38	Microsoft-Windows-PrintService	307	Printing a document	"Document 156, Print Document owned by bstaff01 on \\MESOEL06484 was printed on VLS3.60 through port UCP-1.  Size in bytes: 32320. Pages printed: 1. No user action is required."
Information	9/17/2019 21:39	Microsoft-Windows-PrintService	307	Printing a document	"Document 157, Print Document owned by bstaff01 on \\MESOEL06484 was printed on VLS3.60 through port UCP-1.  Size in bytes: 32320. Pages printed: 1. No user action is required."
Information	9/17/2019 21:41	Microsoft-Windows-PrintService	307	Printing a document	"Document 158, Print Document owned by bstaff01 on \\MESOEL06484 was printed on VLS3.60 through port UCP-1.  Size in bytes: 31968. Pages printed: 1. No user action is required."
Information	9/17/2019 22:17	Microsoft-Windows-PrintService	307	Printing a document	"Document 159, Print Document owned by bstaff01 on \\MESOEL06484 was printed on VLS3.60 through port UCP-1.  Size in bytes: 13648. Pages printed: 1. No user action is required."
Information	9/17/2019 22:19	Microsoft-Windows-PrintService	307	Printing a document	"Document 160, Print Document owned by bstaff01 on \\MESOEL06484 was printed on VLS3.60 through port UCP-1.  Size in bytes: 13648. Pages printed: 1. No user action is required."
Information	9/17/2019 22:47	Microsoft-Windows-PrintService	307	Printing a document	"Document 161, Print Document owned by bstaff01 on \\MESOEL06484 was printed on VLS3.60 through port UCP-1.  Size in bytes: 5552. Pages printed: 1. No user action is required."
Information	9/17/2019 23:31	Microsoft-Windows-PrintService	307	Printing a document	"Document 162, Print Document owned by bstaff01 on \\MESOEL06484 was printed on VLS3.60 through port UCP-1.  Size in bytes: 1808. Pages printed: 1. No user action is required."
Information	9/18/2019 1:46	Microsoft-Windows-PrintService	307	Printing a document	"Document 163, Print Document owned by bstaff01 on \\MESOEL06484 was printed on VLS3.60 through port UCP-1.  Size in bytes: 1360. Pages printed: 1. No user action is required."
Information	9/18/2019 9:10	Microsoft-Windows-PrintService	307	Printing a document	"Document 164, Print Document owned by bstaff01 on \\MESOEL06484 was printed on VLS3.60 through port UCP-1.  Size in bytes: 15060. Pages printed: 1. No user action is required."
Information	9/18/2019 9:11	Microsoft-Windows-PrintService	307	Printing a document	"Document 165, Print Document owned by bstaff01 on \\MESOEL06484 was printed on VLS3.60 through port UCP-1.  Size in bytes: 15060. Pages printed: 1. No user action is required."
Information	9/18/2019 9:19	Microsoft-Windows-PrintService	307	Printing a document	"Document 166, Print Document owned by bstaff01 on \\MESOEL06484 was printed on VLS3.60 through port UCP-1.  Size in bytes: 1312. Pages printed: 1. No user action is required."
Information	9/18/2019 9:23	Microsoft-Windows-PrintService	307	Printing a document	"Document 167, Print Document owned by bstaff01 on \\MESOEL06484 was printed on VLS3.60 through port UCP-1.  Size in bytes: 784. Pages printed: 1. No user action is required."
Information	9/18/2019 9:29	Microsoft-Windows-PrintService	307	Printing a document	"Document 168, Print Document owned by bstaff01 on \\MESOEL06484 was printed on VLS3.60 through port UCP-1.  Size in bytes: 656. Pages printed: 1. No user action is required."
Information	9/18/2019 9:33	Microsoft-Windows-PrintService	307	Printing a document	"Document 169, Print Document owned by bstaff01 on \\MESOEL06484 was printed on VLS3.60 through port UCP-1.  Size in bytes: 1168. Pages printed: 1. No user action is required."
Information	9/18/2019 9:45	Microsoft-Windows-PrintService	307	Printing a document	"Document 170, Print Document owned by bstaff01 on \\MESOEL06484 was printed on VLS3.60 through port UCP-1.  Size in bytes: 155616. Pages printed: 1. No user action is required."
Information	9/18/2019 10:03	Microsoft-Windows-PrintService	307	Printing a document	"Document 171, Print Document owned by bstaff01 on \\MESOEL06484 was printed on VLS3.60 through port UCP-1.  Size in bytes: 34960. Pages printed: 1. No user action is required."
Information	9/18/2019 10:10	Microsoft-Windows-PrintService	307	Printing a document	"Document 172, Print Document owned by bstaff01 on \\MESOEL06484 was printed on VLS3.60 through port UCP-1.  Size in bytes: 2296. Pages printed: 1. No user action is required."
Information	9/18/2019 12:08	Microsoft-Windows-PrintService	307	Printing a document	"Document 173, Print Document owned by bstaff01 on \\MESOEL06484 was printed on VLS3.60 through port UCP-1.  Size in bytes: 147820. Pages printed: 1. No user action is required."
Information	9/18/2019 12:09	Microsoft-Windows-PrintService	307	Printing a document	"Document 174, Print Document owned by bstaff01 on \\MESOEL06484 was printed on VLS3.60 through port UCP-1.  Size in bytes: 147820. Pages printed: 1. No user action is required."
Information	9/18/2019 14:03	Microsoft-Windows-PrintService	307	Printing a document	"Document 175, Print Document owned by bstaff01 on \\MESOEL06484 was printed on VLS3.60 through port UCP-1.  Size in bytes: 18892. Pages printed: 1. No user action is required."
Information	9/18/2019 14:07	Microsoft-Windows-PrintService	307	Printing a document	"Document 176, Print Document owned by bstaff01 on \\MESOEL06484 was printed on VLS3.60 through port UCP-1.  Size in bytes: 18892. Pages printed: 1. No user action is required."
Information	9/18/2019 14:13	Microsoft-Windows-PrintService	307	Printing a document	"Document 177, Print Document owned by bstaff01 on \\MESOEL06484 was printed on VLS3.60 through port UCP-1.  Size in bytes: 18892. Pages printed: 1. No user action is required."
Information	9/18/2019 14:16	Microsoft-Windows-PrintService	307	Printing a document	"Document 178, Print Document owned by bstaff01 on \\MESOEL06484 was printed on VLS3.60 through port UCP-1.  Size in bytes: 18892. Pages printed: 1. No user action is required."
Information	9/18/2019 14:17	Microsoft-Windows-PrintService	307	Printing a document	"Document 179, Print Document owned by bstaff01 on \\MESOEL06484 was printed on VLS3.60 through port UCP-1.  Size in bytes: 18892. Pages printed: 1. No user action is required."
Information	9/18/2019 14:18	Microsoft-Windows-PrintService	307	Printing a document	"Document 180, Print Document owned by bstaff01 on \\MESOEL06484 was printed on VLS3.60 through port UCP-1.  Size in bytes: 21100. Pages printed: 1. No user action is required."
Information	9/18/2019 14:18	Microsoft-Windows-PrintService	307	Printing a document	"Document 181, Print Document owned by bstaff01 on \\MESOEL06484 was printed on VLS3.60 through port UCP-1.  Size in bytes: 14056. Pages printed: 1. No user action is required."
Information	9/18/2019 14:36	Microsoft-Windows-PrintService	307	Printing a document	"Document 182, Print Document owned by bstaff01 on \\MESOEL06484 was printed on VLS3.60 through port UCP-1.  Size in bytes: 3476. Pages printed: 1. No user action is required."
Information	9/18/2019 14:36	Microsoft-Windows-PrintService	307	Printing a document	"Document 183, Print Document owned by bstaff01 on \\MESOEL06484 was printed on VLS3.60 through port UCP-1.  Size in bytes: 2276. Pages printed: 1. No user action is required."
Information	9/18/2019 14:41	Microsoft-Windows-PrintService	307	Printing a document	"Document 184, Print Document owned by bstaff01 on \\MESOEL06484 was printed on VLS3.60 through port UCP-1.  Size in bytes: 752. Pages printed: 1. No user action is required."
Information	9/18/2019 14:50	Microsoft-Windows-PrintService	307	Printing a document	"Document 185, Print Document owned by bstaff01 on \\MESOEL06484 was printed on VLS3.60 through port UCP-1.  Size in bytes: 4044. Pages printed: 1. No user action is required."
Information	9/18/2019 15:02	Microsoft-Windows-PrintService	307	Printing a document	"Document 186, Print Document owned by bstaff01 on \\MESOEL06484 was printed on VLS3.60 through port UCP-1.  Size in bytes: 1104. Pages printed: 1. No user action is required."
Information	9/18/2019 15:05	Microsoft-Windows-PrintService	307	Printing a document	"Document 187, Print Document owned by bstaff01 on \\MESOEL06484 was printed on VLS3.60 through port UCP-1.  Size in bytes: 1808. Pages printed: 1. No user action is required."
Information	9/18/2019 15:19	Microsoft-Windows-PrintService	307	Printing a document	"Document 188, Print Document owned by bstaff01 on \\MESOEL06484 was printed on VLS3.60 through port UCP-1.  Size in bytes: 33520. Pages printed: 1. No user action is required."
Information	9/18/2019 15:36	Microsoft-Windows-PrintService	307	Printing a document	"Document 189, Print Document owned by bstaff01 on \\MESOEL06484 was printed on VLS3.60 through port UCP-1.  Size in bytes: 2128. Pages printed: 1. No user action is required."
Information	9/18/2019 15:41	Microsoft-Windows-PrintService	307	Printing a document	"Document 190, Print Document owned by bstaff01 on \\MESOEL06484 was printed on VLS3.60 through port UCP-1.  Size in bytes: 19536. Pages printed: 1. No user action is required."
Information	9/18/2019 15:41	Microsoft-Windows-PrintService	307	Printing a document	"Document 191, Print Document owned by bstaff01 on \\MESOEL06484 was printed on VLS3.60 through port UCP-1.  Size in bytes: 19536. Pages printed: 1. No user action is required."
Information	9/18/2019 15:42	Microsoft-Windows-PrintService	307	Printing a document	"Document 192, Print Document owned by bstaff01 on \\MESOEL06484 was printed on VLS3.60 through port UCP-1.  Size in bytes: 19536. Pages printed: 1. No user action is required."
Information	9/18/2019 16:12	Microsoft-Windows-PrintService	307	Printing a document	"Document 193, Print Document owned by bstaff01 on \\MESOEL06484 was printed on VLS3.60 through port UCP-1.  Size in bytes: 11440. Pages printed: 1. No user action is required."
Information	9/18/2019 16:18	Microsoft-Windows-PrintService	307	Printing a document	"Document 194, Print Document owned by bstaff01 on \\MESOEL06484 was printed on VLS3.60 through port UCP-1.  Size in bytes: 21744. Pages printed: 1. No user action is required."
Information	9/18/2019 16:56	Microsoft-Windows-PrintService	307	Printing a document	"Document 195, Print Document owned by bstaff01 on \\MESOEL06484 was printed on VLS3.60 through port UCP-1.  Size in bytes: 32784. Pages printed: 1. No user action is required."
Information	9/18/2019 17:05	Microsoft-Windows-PrintService	307	Printing a document	"Document 196, Print Document owned by bstaff01 on \\MESOEL06484 was printed on VLS3.60 through port UCP-1.  Size in bytes: 11072. Pages printed: 1. No user action is required."
Information	9/18/2019 17:21	Microsoft-Windows-PrintService	307	Printing a document	"Document 197, Print Document owned by bstaff01 on \\MESOEL06484 was printed on VLS3.60 through port UCP-1.  Size in bytes: 22312. Pages printed: 1. No user action is required."
Information	9/18/2019 17:35	Microsoft-Windows-PrintService	307	Printing a document	"Document 198, Print Document owned by bstaff01 on \\MESOEL06484 was printed on VLS3.60 through port UCP-1.  Size in bytes: 22040. Pages printed: 1. No user action is required."
Information	9/18/2019 18:43	Microsoft-Windows-PrintService	307	Printing a document	"Document 199, Print Document owned by bstaff01 on \\MESOEL06484 was printed on VLS3.60 through port UCP-1.  Size in bytes: 2960. Pages printed: 1. No user action is required."
Information	9/18/2019 18:50	Microsoft-Windows-PrintService	307	Printing a document	"Document 200, Print Document owned by bstaff01 on \\MESOEL06484 was printed on VLS3.60 through port UCP-1.  Size in bytes: 3136. Pages printed: 1. No user action is required."
Information	9/18/2019 18:50	Microsoft-Windows-PrintService	307	Printing a document	"Document 201, Print Document owned by bstaff01 on \\MESOEL06484 was printed on VLS3.60 through port UCP-1.  Size in bytes: 3136. Pages printed: 1. No user action is required."
Information	9/18/2019 18:51	Microsoft-Windows-PrintService	307	Printing a document	"Document 202, Print Document owned by bstaff01 on \\MESOEL06484 was printed on VLS3.60 through port UCP-1.  Size in bytes: 3136. Pages printed: 1. No user action is required."
Information	9/18/2019 18:51	Microsoft-Windows-PrintService	307	Printing a document	"Document 203, Print Document owned by bstaff01 on \\MESOEL06484 was printed on VLS3.60 through port UCP-1.  Size in bytes: 3136. Pages printed: 1. No user action is required."
Information	9/18/2019 19:45	Microsoft-Windows-PrintService	307	Printing a document	"Document 204, Print Document owned by bstaff01 on \\MESOEL06484 was printed on VLS3.60 through port UCP-1.  Size in bytes: 7760. Pages printed: 1. No user action is required."
Information	9/18/2019 19:46	Microsoft-Windows-PrintService	307	Printing a document	"Document 205, Print Document owned by bstaff01 on \\MESOEL06484 was printed on VLS3.60 through port UCP-1.  Size in bytes: 7760. Pages printed: 1. No user action is required."
Information	9/18/2019 19:57	Microsoft-Windows-PrintService	307	Printing a document	"Document 206, Print Document owned by bstaff01 on \\MESOEL06484 was printed on VLS3.60 through port UCP-1.  Size in bytes: 7760. Pages printed: 1. No user action is required."
Information	9/18/2019 20:01	Microsoft-Windows-PrintService	307	Printing a document	"Document 207, Print Document owned by bstaff01 on \\MESOEL06484 was printed on VLS3.60 through port UCP-1.  Size in bytes: 7760. Pages printed: 1. No user action is required."
Information	9/18/2019 20:05	Microsoft-Windows-PrintService	307	Printing a document	"Document 208, Print Document owned by bstaff01 on \\MESOEL06484 was printed on VLS3.60 through port UCP-1.  Size in bytes: 7760. Pages printed: 1. No user action is required."
Information	9/18/2019 20:07	Microsoft-Windows-PrintService	307	Printing a document	"Document 209, Print Document owned by bstaff01 on \\MESOEL06484 was printed on VLS3.60 through port UCP-1.  Size in bytes: 4080. Pages printed: 1. No user action is required."
Information	9/18/2019 21:36	Microsoft-Windows-PrintService	307	Printing a document	"Document 210, Print Document owned by bstaff01 on \\MESOEL06484 was printed on VLS3.60 through port UCP-1.  Size in bytes: 15856. Pages printed: 1. No user action is required."
Information	9/18/2019 22:00	Microsoft-Windows-PrintService	307	Printing a document	"Document 211, Print Document owned by bstaff01 on \\MESOEL06484 was printed on VLS3.60 through port UCP-1.  Size in bytes: 37936. Pages printed: 1. No user action is required."
Information	9/18/2019 22:50	Microsoft-Windows-PrintService	307	Printing a document	"Document 212, Print Document owned by bstaff01 on \\MESOEL06484 was printed on VLS3.60 through port UCP-1.  Size in bytes: 9400. Pages printed: 1. No user action is required."
Information	9/18/2019 22:51	Microsoft-Windows-PrintService	307	Printing a document	"Document 213, Print Document owned by bstaff01 on \\MESOEL06484 was printed on VLS3.60 through port UCP-1.  Size in bytes: 19088. Pages printed: 1. No user action is required."
Information	9/19/2019 8:12	Microsoft-Windows-PrintService	307	Printing a document	"Document 214, Print Document owned by bstaff01 on \\MESOEL06484 was printed on VLS3.60 through port UCP-1.  Size in bytes: 248256. Pages printed: 1. No user action is required."
Information	9/19/2019 8:15	Microsoft-Windows-PrintService	307	Printing a document	"Document 215, Print Document owned by bstaff01 on \\MESOEL06484 was printed on VLS3.60 through port UCP-1.  Size in bytes: 248256. Pages printed: 1. No user action is required."
Information	9/19/2019 8:18	Microsoft-Windows-PrintService	307	Printing a document	"Document 216, Print Document owned by bstaff01 on \\MESOEL06484 was printed on VLS3.60 through port UCP-1.  Size in bytes: 248256. Pages printed: 1. No user action is required."
Information	9/19/2019 8:21	Microsoft-Windows-PrintService	307	Printing a document	"Document 217, Print Document owned by bstaff01 on \\MESOEL06484 was printed on VLS3.60 through port UCP-1.  Size in bytes: 248256. Pages printed: 1. No user action is required."
Information	9/19/2019 9:36	Microsoft-Windows-PrintService	307	Printing a document	"Document 218, Print Document owned by bstaff01 on \\MESOEL06484 was printed on VLS3.60 through port UCP-1.  Size in bytes: 17552. Pages printed: 1. No user action is required."
Information	9/19/2019 9:44	Microsoft-Windows-PrintService	307	Printing a document	"Document 219, Print Document owned by bstaff01 on \\MESOEL06484 was printed on VLS3.60 through port UCP-1.  Size in bytes: 89080. Pages printed: 1. No user action is required."
Information	9/19/2019 9:48	Microsoft-Windows-PrintService	307	Printing a document	"Document 220, Print Document owned by bstaff01 on \\MESOEL06484 was printed on VLS3.60 through port UCP-1.  Size in bytes: 89080. Pages printed: 1. No user action is required."
Information	9/19/2019 11:47	Microsoft-Windows-PrintService	307	Printing a document	"Document 221, Print Document owned by bstaff01 on \\MESOEL06484 was printed on VLS3.60 through port UCP-1.  Size in bytes: 1304. Pages printed: 1. No user action is required."
Information	9/19/2019 11:51	Microsoft-Windows-PrintService	307	Printing a document	"Document 222, Print Document owned by bstaff01 on \\MESOEL06484 was printed on VLS3.60 through port UCP-1.  Size in bytes: 1560. Pages printed: 1. No user action is required."
Information	9/19/2019 12:26	Microsoft-Windows-PrintService	307	Printing a document	"Document 223, Print Document owned by bstaff01 on \\MESOEL06484 was printed on VLS3.60 through port UCP-1.  Size in bytes: 5116. Pages printed: 1. No user action is required."
Information	9/19/2019 12:43	Microsoft-Windows-PrintService	307	Printing a document	"Document 224, Print Document owned by bstaff01 on \\MESOEL06484 was printed on VLS3.60 through port UCP-1.  Size in bytes: 79264. Pages printed: 1. No user action is required."
Information	9/19/2019 12:45	Microsoft-Windows-PrintService	307	Printing a document	"Document 225, Print Document owned by bstaff01 on \\MESOEL06484 was printed on VLS3.60 through port UCP-1.  Size in bytes: 5308. Pages printed: 1. No user action is required."
Information	9/19/2019 12:51	Microsoft-Windows-PrintService	307	Printing a document	"Document 226, Print Document owned by bstaff01 on \\MESOEL06484 was printed on VLS3.60 through port UCP-1.  Size in bytes: 2624. Pages printed: 1. No user action is required."
Information	9/19/2019 13:19	Microsoft-Windows-PrintService	307	Printing a document	"Document 227, Print Document owned by bstaff01 on \\MESOEL06484 was printed on VLS3.60 through port UCP-1.  Size in bytes: 784. Pages printed: 1. No user action is required."
Information	9/19/2019 13:25	Microsoft-Windows-PrintService	307	Printing a document	"Document 228, Print Document owned by bstaff01 on \\MESOEL06484 was printed on VLS3.60 through port UCP-1.  Size in bytes: 77776. Pages printed: 1. No user action is required."
Information	9/19/2019 13:47	Microsoft-Windows-PrintService	307	Printing a document	"Document 229, Print Document owned by bstaff01 on \\MESOEL06484 was printed on VLS3.60 through port UCP-1.  Size in bytes: 6044. Pages printed: 1. No user action is required."
Information	9/19/2019 13:51	Microsoft-Windows-PrintService	307	Printing a document	"Document 230, Print Document owned by bstaff01 on \\MESOEL06484 was printed on VLS3.60 through port UCP-1.  Size in bytes: 20540. Pages printed: 1. No user action is required."
Information	9/19/2019 14:14	Microsoft-Windows-PrintService	307	Printing a document	"Document 231, Print Document owned by bstaff01 on \\MESOEL06484 was printed on VLS3.60 through port UCP-1.  Size in bytes: 784. Pages printed: 1. No user action is required."
Information	9/19/2019 14:22	Microsoft-Windows-PrintService	307	Printing a document	"Document 232, Print Document owned by bstaff01 on \\MESOEL06484 was printed on VLS3.60 through port UCP-1.  Size in bytes: 5720. Pages printed: 1. No user action is required."
Information	9/19/2019 14:23	Microsoft-Windows-PrintService	307	Printing a document	"Document 233, Print Document owned by bstaff01 on \\MESOEL06484 was printed on VLS3.60 through port UCP-1.  Size in bytes: 6648. Pages printed: 1. No user action is required."
Information	9/19/2019 14:26	Microsoft-Windows-PrintService	307	Printing a document	"Document 234, Print Document owned by bstaff01 on \\MESOEL06484 was printed on VLS3.60 through port UCP-1.  Size in bytes: 1072. Pages printed: 1. No user action is required."
Information	9/19/2019 14:27	Microsoft-Windows-PrintService	307	Printing a document	"Document 235, Print Document owned by bstaff01 on \\MESOEL06484 was printed on VLS3.60 through port UCP-1.  Size in bytes: 784. Pages printed: 1. No user action is required."
Information	9/19/2019 14:34	Microsoft-Windows-PrintService	307	Printing a document	"Document 236, Print Document owned by bstaff01 on \\MESOEL06484 was printed on VLS3.60 through port UCP-1.  Size in bytes: 6080. Pages printed: 1. No user action is required."
Information	9/19/2019 14:36	Microsoft-Windows-PrintService	307	Printing a document	"Document 237, Print Document owned by bstaff01 on \\MESOEL06484 was printed on VLS3.60 through port UCP-1.  Size in bytes: 5936. Pages printed: 1. No user action is required."
Information	9/19/2019 14:46	Microsoft-Windows-PrintService	307	Printing a document	"Document 238, Print Document owned by bstaff01 on \\MESOEL06484 was printed on VLS3.60 through port UCP-1.  Size in bytes: 7944. Pages printed: 1. No user action is required."
Information	9/19/2019 14:56	Microsoft-Windows-PrintService	307	Printing a document	"Document 239, Print Document owned by bstaff01 on \\MESOEL06484 was printed on VLS3.60 through port UCP-1.  Size in bytes: 5008. Pages printed: 1. No user action is required."
Information	9/19/2019 16:15	Microsoft-Windows-PrintService	307	Printing a document	"Document 240, Print Document owned by bstaff01 on \\MESOEL06484 was printed on VLS3.60 through port UCP-1.  Size in bytes: 2960. Pages printed: 1. No user action is required."
Information	9/19/2019 16:31	Microsoft-Windows-PrintService	307	Printing a document	"Document 241, Print Document owned by bstaff01 on \\MESOEL06484 was printed on VLS3.60 through port UCP-1.  Size in bytes: 140624. Pages printed: 1. No user action is required."
Information	9/19/2019 17:13	Microsoft-Windows-PrintService	307	Printing a document	"Document 242, Print Document owned by bstaff01 on \\MESOEL06484 was printed on VLS3.60 through port UCP-1.  Size in bytes: 4544. Pages printed: 1. No user action is required."
Information	9/19/2019 20:23	Microsoft-Windows-PrintService	307	Printing a document	"Document 243, Print Document owned by bstaff01 on \\MESOEL06484 was printed on VLS3.60 through port UCP-1.  Size in bytes: 13432. Pages printed: 1. No user action is required."
Information	9/19/2019 20:27	Microsoft-Windows-PrintService	307	Printing a document	"Document 244, Print Document owned by bstaff01 on \\MESOEL06484 was printed on VLS3.60 through port UCP-1.  Size in bytes: 56336. Pages printed: 1. No user action is required."
Information	9/19/2019 20:32	Microsoft-Windows-PrintService	307	Printing a document	"Document 245, Print Document owned by bstaff01 on \\MESOEL06484 was printed on VLS3.60 through port UCP-1.  Size in bytes: 6736. Pages printed: 1. No user action is required."
Information	9/20/2019 9:27	Microsoft-Windows-PrintService	307	Printing a document	"Document 246, Print Document owned by bstaff01 on \\MESOEL06484 was printed on VLS3.60 through port UCP-1.  Size in bytes: 16052. Pages printed: 1. No user action is required."
Information	9/20/2019 9:28	Microsoft-Windows-PrintService	307	Printing a document	"Document 247, Print Document owned by bstaff01 on \\MESOEL06484 was printed on VLS3.60 through port UCP-1.  Size in bytes: 16052. Pages printed: 1. No user action is required."
Information	9/20/2019 9:33	Microsoft-Windows-PrintService	307	Printing a document	"Document 248, Print Document owned by bstaff01 on \\MESOEL06484 was printed on VLS3.60 through port UCP-1.  Size in bytes: 154920. Pages printed: 1. No user action is required."
Information	9/20/2019 9:35	Microsoft-Windows-PrintService	307	Printing a document	"Document 249, Print Document owned by bstaff01 on \\MESOEL06484 was printed on VLS3.60 through port UCP-1.  Size in bytes: 154736. Pages printed: 1. No user action is required."
Information	9/20/2019 10:11	Microsoft-Windows-PrintService	307	Printing a document	"Document 250, Print Document owned by bstaff01 on \\MESOEL06484 was printed on VLS3.60 through port UCP-1.  Size in bytes: 584. Pages printed: 1. No user action is required."
Information	9/20/2019 10:14	Microsoft-Windows-PrintService	307	Printing a document	"Document 251, Print Document owned by bstaff01 on \\MESOEL06484 was printed on VLS3.60 through port UCP-1.  Size in bytes: 1520. Pages printed: 1. No user action is required."
Information	9/20/2019 12:06	Microsoft-Windows-PrintService	307	Printing a document	"Document 252, Print Document owned by bstaff01 on \\MESOEL06484 was printed on VLS3.60 through port UCP-1.  Size in bytes: 43440. Pages printed: 1. No user action is required."
Information	9/20/2019 12:20	Microsoft-Windows-PrintService	307	Printing a document	"Document 253, Print Document owned by bstaff01 on \\MESOEL06484 was printed on VLS3.60 through port UCP-1.  Size in bytes: 134448. Pages printed: 1. No user action is required."
Information	9/20/2019 12:43	Microsoft-Windows-PrintService	307	Printing a document	"Document 254, Print Document owned by bstaff01 on \\MESOEL06484 was printed on VLS3.60 through port UCP-1.  Size in bytes: 5520. Pages printed: 1. No user action is required."
Information	9/20/2019 12:45	Microsoft-Windows-PrintService	307	Printing a document	"Document 255, Print Document owned by bstaff01 on \\MESOEL06484 was printed on VLS3.60 through port UCP-1.  Size in bytes: 5520. Pages printed: 1. No user action is required."
Information	9/20/2019 12:46	Microsoft-Windows-PrintService	307	Printing a document	"Document 1, Print Document owned by bstaff01 on \\MESOEL06484 was printed on VLS3.60 through port UCP-1.  Size in bytes: 5520. Pages printed: 1. No user action is required."
Information	9/20/2019 12:48	Microsoft-Windows-PrintService	307	Printing a document	"Document 2, Print Document owned by bstaff01 on \\MESOEL06484 was printed on VLS3.60 through port UCP-1.  Size in bytes: 2816. Pages printed: 1. No user action is required."
Information	9/20/2019 14:05	Microsoft-Windows-PrintService	307	Printing a document	"Document 3, Print Document owned by bstaff01 on \\MESOEL06484 was printed on VLS3.60 through port UCP-1.  Size in bytes: 1024. Pages printed: 1. No user action is required."
Information	9/20/2019 14:09	Microsoft-Windows-PrintService	307	Printing a document	"Document 4, Print Document owned by bstaff01 on \\MESOEL06484 was printed on VLS3.60 through port UCP-1.  Size in bytes: 1872. Pages printed: 1. No user action is required."
Information	9/20/2019 14:14	Microsoft-Windows-PrintService	307	Printing a document	"Document 5, Print Document owned by bstaff01 on \\MESOEL06484 was printed on VLS3.60 through port UCP-1.  Size in bytes: 1208. Pages printed: 1. No user action is required."
Information	9/20/2019 14:15	Microsoft-Windows-PrintService	307	Printing a document	"Document 6, Print Document owned by bstaff01 on \\MESOEL06484 was printed on VLS3.60 through port UCP-1.  Size in bytes: 1024. Pages printed: 1. No user action is required."
Information	9/20/2019 14:35	Microsoft-Windows-PrintService	307	Printing a document	"Document 7, Print Document owned by bstaff01 on \\MESOEL06484 was printed on VLS3.60 through port UCP-1.  Size in bytes: 11120. Pages printed: 1. No user action is required."
Information	9/20/2019 14:37	Microsoft-Windows-PrintService	307	Printing a document	"Document 8, Print Document owned by bstaff01 on \\MESOEL06484 was printed on VLS3.60 through port UCP-1.  Size in bytes: 11120. Pages printed: 1. No user action is required."
Information	9/20/2019 15:01	Microsoft-Windows-PrintService	307	Printing a document	"Document 9, Print Document owned by bstaff01 on \\MESOEL06484 was printed on VLS3.60 through port UCP-1.  Size in bytes: 118064. Pages printed: 1. No user action is required."
Information	9/20/2019 15:32	Microsoft-Windows-PrintService	307	Printing a document	"Document 10, Print Document owned by bstaff01 on \\MESOEL06484 was printed on VLS3.60 through port UCP-1.  Size in bytes: 620008. Pages printed: 1. No user action is required."
Information	9/20/2019 16:22	Microsoft-Windows-PrintService	307	Printing a document	"Document 11, Print Document owned by bstaff01 on \\MESOEL06484 was printed on VLS3.60 through port UCP-1.  Size in bytes: 153560. Pages printed: 1. No user action is required."
Information	9/20/2019 16:29	Microsoft-Windows-PrintService	307	Printing a document	"Document 12, Print Document owned by bstaff01 on \\MESOEL06484 was printed on VLS3.60 through port UCP-1.  Size in bytes: 153008. Pages printed: 1. No user action is required."
Information	9/20/2019 16:33	Microsoft-Windows-PrintService	307	Printing a document	"Document 13, Print Document owned by bstaff01 on \\MESOEL06484 was printed on VLS3.60 through port UCP-1.  Size in bytes: 153008. Pages printed: 1. No user action is required."
Information	9/20/2019 16:33	Microsoft-Windows-PrintService	307	Printing a document	"Document 14, Print Document owned by bstaff01 on \\MESOEL06484 was printed on VLS3.60 through port UCP-1.  Size in bytes: 153008. Pages printed: 1. No user action is required."
Information	9/20/2019 16:34	Microsoft-Windows-PrintService	307	Printing a document	"Document 15, Print Document owned by bstaff01 on \\MESOEL06484 was printed on VLS3.60 through port UCP-1.  Size in bytes: 153008. Pages printed: 1. No user action is required."
Information	9/20/2019 17:07	Microsoft-Windows-PrintService	307	Printing a document	"Document 16, Print Document owned by bstaff01 on \\MESOEL06484 was printed on VLS3.60 through port UCP-1.  Size in bytes: 4944. Pages printed: 1. No user action is required."
Information	9/20/2019 17:24	Microsoft-Windows-PrintService	307	Printing a document	"Document 17, Print Document owned by bstaff01 on \\MESOEL06484 was printed on VLS3.60 through port UCP-1.  Size in bytes: 1592. Pages printed: 1. No user action is required."
Information	9/20/2019 18:45	Microsoft-Windows-PrintService	307	Printing a document	"Document 18, Print Document owned by bstaff01 on \\MESOEL06484 was printed on VLS3.60 through port UCP-1.  Size in bytes: 9444. Pages printed: 1. No user action is required."
Information	9/21/2019 15:26	Microsoft-Windows-PrintService	307	Printing a document	"Document 19, Print Document owned by bstaff01 on \\MESOEL06484 was printed on VLS3.60 through port UCP-1.  Size in bytes: 491352. Pages printed: 1. No user action is required."
Information	9/21/2019 17:57	Microsoft-Windows-PrintService	307	Printing a document	"Document 20, Print Document owned by bstaff01 on \\MESOEL06484 was printed on VLS3.60 through port UCP-1.  Size in bytes: 15120. Pages printed: 1. No user action is required."
Information	9/21/2019 18:17	Microsoft-Windows-PrintService	307	Printing a document	"Document 21, Print Document owned by bstaff01 on \\MESOEL06484 was printed on VLS3.60 through port UCP-1.  Size in bytes: 23784. Pages printed: 1. No user action is required."
Information	9/21/2019 18:20	Microsoft-Windows-PrintService	307	Printing a document	"Document 22, Print Document owned by bstaff01 on \\MESOEL06484 was printed on VLS3.60 through port UCP-1.  Size in bytes: 23784. Pages printed: 1. No user action is required."
Information	9/21/2019 19:04	Microsoft-Windows-PrintService	307	Printing a document	"Document 23, Print Document owned by bstaff01 on \\MESOEL06484 was printed on VLS3.60 through port UCP-1.  Size in bytes: 4592. Pages printed: 1. No user action is required."
Information	9/21/2019 19:07	Microsoft-Windows-PrintService	307	Printing a document	"Document 24, Print Document owned by bstaff01 on \\MESOEL06484 was printed on VLS3.60 through port UCP-1.  Size in bytes: 64796. Pages printed: 1. No user action is required."
Information	9/22/2019 11:24	Microsoft-Windows-PrintService	307	Printing a document	"Document 25, Print Document owned by bstaff01 on \\MESOEL06484 was printed on VLS3.60 through port UCP-1.  Size in bytes: 784. Pages printed: 1. No user action is required."
Information	9/22/2019 11:49	Microsoft-Windows-PrintService	307	Printing a document	"Document 26, Print Document owned by bstaff01 on \\MESOEL06484 was printed on VLS3.60 through port UCP-1.  Size in bytes: 51876. Pages printed: 1. No user action is required."
Information	9/22/2019 12:26	Microsoft-Windows-PrintService	307	Printing a document	"Document 27, Print Document owned by bstaff01 on \\MESOEL06484 was printed on VLS3.60 through port UCP-1.  Size in bytes: 88904. Pages printed: 1. No user action is required."
Information	9/22/2019 13:15	Microsoft-Windows-PrintService	307	Printing a document	"Document 28, Print Document owned by bstaff01 on \\MESOEL06484 was printed on VLS3.60 through port UCP-1.  Size in bytes: 18616. Pages printed: 1. No user action is required."
Information	9/22/2019 13:18	Microsoft-Windows-PrintService	307	Printing a document	"Document 29, Print Document owned by bstaff01 on \\MESOEL06484 was printed on VLS3.60 through port UCP-1.  Size in bytes: 17964. Pages printed: 1. No user action is required."
Information	9/22/2019 14:15	Microsoft-Windows-PrintService	307	Printing a document	"Document 30, Print Document owned by bstaff01 on \\MESOEL06484 was printed on VLS3.60 through port UCP-1.  Size in bytes: 784. Pages printed: 1. No user action is required."
Information	9/22/2019 14:16	Microsoft-Windows-PrintService	307	Printing a document	"Document 31, Print Document owned by bstaff01 on \\MESOEL06484 was printed on VLS3.60 through port UCP-1.  Size in bytes: 784. Pages printed: 1. No user action is required."
Information	9/22/2019 15:15	Microsoft-Windows-PrintService	307	Printing a document	"Document 32, Print Document owned by bstaff01 on \\MESOEL06484 was printed on VLS3.60 through port UCP-1.  Size in bytes: 4056632. Pages printed: 1. No user action is required."
Information	9/22/2019 15:33	Microsoft-Windows-PrintService	307	Printing a document	"Document 33, Print Document owned by bstaff01 on \\MESOEL06484 was printed on VLS3.60 through port UCP-1.  Size in bytes: 4128660. Pages printed: 1. No user action is required."
Information	9/22/2019 15:39	Microsoft-Windows-PrintService	307	Printing a document	"Document 34, Print Document owned by bstaff01 on \\MESOEL06484 was printed on VLS3.60 through port UCP-1.  Size in bytes: 4128660. Pages printed: 1. No user action is required."
Information	9/22/2019 15:46	Microsoft-Windows-PrintService	307	Printing a document	"Document 35, Print Document owned by bstaff01 on \\MESOEL06484 was printed on VLS3.60 through port UCP-1.  Size in bytes: 4128660. Pages printed: 1. No user action is required."
Information	9/22/2019 15:46	Microsoft-Windows-PrintService	307	Printing a document	"Document 36, Print Document owned by bstaff01 on \\MESOEL06484 was printed on VLS3.60 through port UCP-1.  Size in bytes: 4128660. Pages printed: 1. No user action is required."
Information	9/22/2019 15:59	Microsoft-Windows-PrintService	307	Printing a document	"Document 37, Print Document owned by bstaff01 on \\MESOEL06484 was printed on VLS3.60 through port UCP-1.  Size in bytes: 4128660. Pages printed: 1. No user action is required."
Information	9/22/2019 16:05	Microsoft-Windows-PrintService	307	Printing a document	"Document 38, Print Document owned by bstaff01 on \\MESOEL06484 was printed on VLS3.60 through port UCP-1.  Size in bytes: 4128660. Pages printed: 1. No user action is required."
Information	9/22/2019 16:17	Microsoft-Windows-PrintService	307	Printing a document	"Document 39, Print Document owned by bstaff01 on \\MESOEL06484 was printed on VLS3.60 through port UCP-1.  Size in bytes: 400. Pages printed: 1. No user action is required."
Information	9/22/2019 16:18	Microsoft-Windows-PrintService	307	Printing a document	"Document 40, Print Document owned by bstaff01 on \\MESOEL06484 was printed on VLS3.60 through port UCP-1.  Size in bytes: 400. Pages printed: 1. No user action is required."
Information	9/22/2019 16:19	Microsoft-Windows-PrintService	307	Printing a document	"Document 41, Print Document owned by bstaff01 on \\MESOEL06484 was printed on VLS3.60 through port UCP-1.  Size in bytes: 36240. Pages printed: 1. No user action is required."
Information	9/22/2019 16:19	Microsoft-Windows-PrintService	307	Printing a document	"Document 42, Print Document owned by bstaff01 on \\MESOEL06484 was printed on VLS3.60 through port UCP-1.  Size in bytes: 36240. Pages printed: 1. No user action is required."
Information	9/22/2019 16:59	Microsoft-Windows-PrintService	307	Printing a document	"Document 43, Print Document owned by bstaff01 on \\MESOEL06484 was printed on VLS3.60 through port UCP-1.  Size in bytes: 12036. Pages printed: 1. No user action is required."
Information	9/22/2019 17:29	Microsoft-Windows-PrintService	307	Printing a document	"Document 44, Print Document owned by bstaff01 on \\MESOEL06484 was printed on VLS3.60 through port UCP-1.  Size in bytes: 12116. Pages printed: 1. No user action is required."
Information	9/22/2019 17:30	Microsoft-Windows-PrintService	307	Printing a document	"Document 45, Print Document owned by bstaff01 on \\MESOEL06484 was printed on VLS3.60 through port UCP-1.  Size in bytes: 12116. Pages printed: 1. No user action is required."
Information	9/22/2019 17:44	Microsoft-Windows-PrintService	307	Printing a document	"Document 46, Print Document owned by bstaff01 on \\MESOEL06484 was printed on VLS3.60 through port UCP-1.  Size in bytes: 18224. Pages printed: 1. No user action is required."
Information	9/22/2019 17:48	Microsoft-Windows-PrintService	307	Printing a document	"Document 47, Print Document owned by bstaff01 on \\MESOEL06484 was printed on VLS3.60 through port UCP-1.  Size in bytes: 18028. Pages printed: 1. No user action is required."
Information	9/22/2019 17:49	Microsoft-Windows-PrintService	307	Printing a document	"Document 48, Print Document owned by bstaff01 on \\MESOEL06484 was printed on VLS3.60 through port UCP-1.  Size in bytes: 18028. Pages printed: 1. No user action is required."
Information	9/22/2019 17:49	Microsoft-Windows-PrintService	307	Printing a document	"Document 49, Print Document owned by bstaff01 on \\MESOEL06484 was printed on VLS3.60 through port UCP-1.  Size in bytes: 18028. Pages printed: 1. No user action is required."
Information	9/22/2019 17:50	Microsoft-Windows-PrintService	307	Printing a document	"Document 50, Print Document owned by bstaff01 on \\MESOEL06484 was printed on VLS3.60 through port UCP-1.  Size in bytes: 18008. Pages printed: 1. No user action is required."
Information	9/22/2019 17:50	Microsoft-Windows-PrintService	307	Printing a document	"Document 51, Print Document owned by bstaff01 on \\MESOEL06484 was printed on VLS3.60 through port UCP-1.  Size in bytes: 18008. Pages printed: 1. No user action is required."
Information	9/22/2019 17:51	Microsoft-Windows-PrintService	307	Printing a document	"Document 52, Print Document owned by bstaff01 on \\MESOEL06484 was printed on VLS3.60 through port UCP-1.  Size in bytes: 18008. Pages printed: 1. No user action is required."
Information	9/22/2019 17:59	Microsoft-Windows-PrintService	307	Printing a document	"Document 53, Print Document owned by bstaff01 on \\MESOEL06484 was printed on VLS3.60 through port UCP-1.  Size in bytes: 36720. Pages printed: 1. No user action is required."
Information	9/22/2019 18:02	Microsoft-Windows-PrintService	307	Printing a document	"Document 54, Print Document owned by bstaff01 on \\MESOEL06484 was printed on VLS3.60 through port UCP-1.  Size in bytes: 36720. Pages printed: 1. No user action is required."
Information	9/22/2019 18:09	Microsoft-Windows-PrintService	307	Printing a document	"Document 55, Print Document owned by bstaff01 on \\MESOEL06484 was printed on VLS3.60 through port UCP-1.  Size in bytes: 4544. Pages printed: 1. No user action is required."
Information	9/22/2019 18:25	Microsoft-Windows-PrintService	307	Printing a document	"Document 56, Print Document owned by bstaff01 on \\MESOEL06484 was printed on VLS3.60 through port UCP-1.  Size in bytes: 14668. Pages printed: 1. No user action is required."
Information	9/22/2019 18:26	Microsoft-Windows-PrintService	307	Printing a document	"Document 57, Print Document owned by bstaff01 on \\MESOEL06484 was printed on VLS3.60 through port UCP-1.  Size in bytes: 22508. Pages printed: 1. No user action is required."
Information	9/22/2019 19:05	Microsoft-Windows-PrintService	307	Printing a document	"Document 58, Print Document owned by bstaff01 on \\MESOEL06484 was printed on VLS3.60 through port UCP-1.  Size in bytes: 20368. Pages printed: 1. No user action is required."
Information	9/22/2019 19:06	Microsoft-Windows-PrintService	307	Printing a document	"Document 59, Print Document owned by bstaff01 on \\MESOEL06484 was printed on VLS3.60 through port UCP-1.  Size in bytes: 20368. Pages printed: 1. No user action is required."
Information	9/22/2019 19:08	Microsoft-Windows-PrintService	307	Printing a document	"Document 60, Print Document owned by bstaff01 on \\MESOEL06484 was printed on VLS3.60 through port UCP-1.  Size in bytes: 20368. Pages printed: 1. No user action is required."
Information	9/22/2019 19:09	Microsoft-Windows-PrintService	307	Printing a document	"Document 61, Print Document owned by bstaff01 on \\MESOEL06484 was printed on VLS3.60 through port UCP-1.  Size in bytes: 20368. Pages printed: 1. No user action is required."
Information	9/22/2019 19:16	Microsoft-Windows-PrintService	307	Printing a document	"Document 62, Print Document owned by bstaff01 on \\MESOEL06484 was printed on VLS3.60 through port UCP-1.  Size in bytes: 2680. Pages printed: 1. No user action is required."
Information	9/22/2019 19:20	Microsoft-Windows-PrintService	307	Printing a document	"Document 63, Print Document owned by bstaff01 on \\MESOEL06484 was printed on VLS3.60 through port UCP-1.  Size in bytes: 10384. Pages printed: 1. No user action is required."
Information	9/22/2019 19:20	Microsoft-Windows-PrintService	307	Printing a document	"Document 64, Print Document owned by bstaff01 on \\MESOEL06484 was printed on VLS3.60 through port UCP-1.  Size in bytes: 10384. Pages printed: 1. No user action is required."
