Information	10/1/2020 13:04	Microsoft-Windows-PrintService	307	Printing a document	"Document 4, Print Document owned by ywu15 on \\MESOEL06484 was printed on VLS3.60 through port UCP-1.  Size in bytes: 4880. Pages printed: 1. No user action is required."
Information	10/2/2020 10:03	Microsoft-Windows-PrintService	307	Printing a document	"Document 5, Print Document owned by mkurzm01 on \\MESOEL06484 was printed on VLS3.60 through port UCP-1.  Size in bytes: 3344. Pages printed: 1. No user action is required."
Information	10/2/2020 10:14	Microsoft-Windows-PrintService	307	Printing a document	"Document 2, Print Document owned by mkurzm01 on \\MESOEL06484 was printed on VLS3.60 through port UCP-1.  Size in bytes: 3344. Pages printed: 1. No user action is required."
Information	10/2/2020 13:15	Microsoft-Windows-PrintService	307	Printing a document	"Document 3, Print Document owned by mkurzm01 on \\MESOEL06484 was printed on VLS3.60 through port UCP-1.  Size in bytes: 1444. Pages printed: 1. No user action is required."
Information	10/2/2020 14:48	Microsoft-Windows-PrintService	307	Printing a document	"Document 4, Print Document owned by mkurzm01 on \\MESOEL06484 was printed on VLS3.60 through port UCP-1.  Size in bytes: 41736. Pages printed: 1. No user action is required."
Information	10/2/2020 16:20	Microsoft-Windows-PrintService	307	Printing a document	"Document 5, Print Document owned by mkurzm01 on \\MESOEL06484 was printed on VLS3.60 through port UCP-1.  Size in bytes: 7760. Pages printed: 1. No user action is required."
Information	10/2/2020 16:21	Microsoft-Windows-PrintService	307	Printing a document	"Document 6, Print Document owned by mkurzm01 on \\MESOEL06484 was printed on VLS3.60 through port UCP-1.  Size in bytes: 7760. Pages printed: 1. No user action is required."
Information	10/2/2020 16:31	Microsoft-Windows-PrintService	307	Printing a document	"Document 7, Print Document owned by mkurzm01 on \\MESOEL06484 was printed on VLS3.60 through port UCP-1.  Size in bytes: 11280. Pages printed: 1. No user action is required."
Information	10/2/2020 17:15	Microsoft-Windows-PrintService	307	Printing a document	"Document 8, Print Document owned by mkurzm01 on \\MESOEL06484 was printed on VLS3.60 through port UCP-1.  Size in bytes: 392476. Pages printed: 1. No user action is required."
Information	10/2/2020 17:16	Microsoft-Windows-PrintService	307	Printing a document	"Document 9, Print Document owned by mkurzm01 on \\MESOEL06484 was printed on VLS3.60 through port UCP-1.  Size in bytes: 392476. Pages printed: 1. No user action is required."
Information	10/2/2020 17:17	Microsoft-Windows-PrintService	307	Printing a document	"Document 10, Print Document owned by mkurzm01 on \\MESOEL06484 was printed on VLS3.60 through port UCP-1.  Size in bytes: 20968. Pages printed: 1. No user action is required."
Information	10/2/2020 17:19	Microsoft-Windows-PrintService	307	Printing a document	"Document 11, Print Document owned by mkurzm01 on \\MESOEL06484 was printed on VLS3.60 through port UCP-1.  Size in bytes: 20968. Pages printed: 1. No user action is required."
Information	10/2/2020 17:20	Microsoft-Windows-PrintService	307	Printing a document	"Document 12, Print Document owned by mkurzm01 on \\MESOEL06484 was printed on VLS3.60 through port UCP-1.  Size in bytes: 20968. Pages printed: 1. No user action is required."
Information	10/2/2020 18:02	Microsoft-Windows-PrintService	307	Printing a document	"Document 13, Print Document owned by mkurzm01 on \\MESOEL06484 was printed on VLS3.60 through port UCP-1.  Size in bytes: 1744. Pages printed: 1. No user action is required."
Information	10/3/2020 12:03	Microsoft-Windows-PrintService	307	Printing a document	"Document 14, Print Document owned by mkurzm01 on \\MESOEL06484 was printed on VLS3.60 through port UCP-1.  Size in bytes: 6480. Pages printed: 1. No user action is required."
Information	10/3/2020 18:38	Microsoft-Windows-PrintService	307	Printing a document	"Document 15, Print Document owned by mkurzm01 on \\MESOEL06484 was printed on VLS3.60 through port UCP-1.  Size in bytes: 46096. Pages printed: 1. No user action is required."
Information	10/4/2020 12:11	Microsoft-Windows-PrintService	307	Printing a document	"Document 16, Print Document owned by jkanov01 on \\MESOEL06484 was printed on VLS3.60 through port UCP-1.  Size in bytes: 42920. Pages printed: 1. No user action is required."
Information	10/4/2020 12:19	Microsoft-Windows-PrintService	307	Printing a document	"Document 17, Print Document owned by jkanov01 on \\MESOEL06484 was printed on VLS3.60 through port UCP-1.  Size in bytes: 3984. Pages printed: 1. No user action is required."
Information	10/4/2020 13:14	Microsoft-Windows-PrintService	307	Printing a document	"Document 18, Print Document owned by jkanov01 on \\MESOEL06484 was printed on VLS3.60 through port UCP-1.  Size in bytes: 60276. Pages printed: 1. No user action is required."
Information	10/4/2020 13:16	Microsoft-Windows-PrintService	307	Printing a document	"Document 19, Print Document owned by jkanov01 on \\MESOEL06484 was printed on VLS3.60 through port UCP-1.  Size in bytes: 53728. Pages printed: 1. No user action is required."
Information	10/4/2020 13:29	Microsoft-Windows-PrintService	307	Printing a document	"Document 20, Print Document owned by jkanov01 on \\MESOEL06484 was printed on VLS3.60 through port UCP-1.  Size in bytes: 8520. Pages printed: 1. No user action is required."
Information	10/4/2020 13:29	Microsoft-Windows-PrintService	307	Printing a document	"Document 21, Print Document owned by jkanov01 on \\MESOEL06484 was printed on VLS3.60 through port UCP-1.  Size in bytes: 8520. Pages printed: 1. No user action is required."
Information	10/4/2020 14:05	Microsoft-Windows-PrintService	307	Printing a document	"Document 22, Print Document owned by jkanov01 on \\MESOEL06484 was printed on VLS3.60 through port UCP-1.  Size in bytes: 4048. Pages printed: 1. No user action is required."
Information	10/4/2020 14:50	Microsoft-Windows-PrintService	307	Printing a document	"Document 23, Print Document owned by jkanov01 on \\MESOEL06484 was printed on VLS3.60 through port UCP-1.  Size in bytes: 5552. Pages printed: 1. No user action is required."
Information	10/4/2020 15:47	Microsoft-Windows-PrintService	307	Printing a document	"Document 24, Print Document owned by jkanov01 on \\MESOEL06484 was printed on VLS3.60 through port UCP-1.  Size in bytes: 95904. Pages printed: 1. No user action is required."
Information	10/4/2020 16:10	Microsoft-Windows-PrintService	307	Printing a document	"Document 25, Print Document owned by jkanov01 on \\MESOEL06484 was printed on VLS3.60 through port UCP-1.  Size in bytes: 42588. Pages printed: 1. No user action is required."
Information	10/4/2020 18:17	Microsoft-Windows-PrintService	307	Printing a document	"Document 26, Print Document owned by jkanov01 on \\MESOEL06484 was printed on VLS3.60 through port UCP-1.  Size in bytes: 9965224. Pages printed: 1. No user action is required."
Information	10/5/2020 9:31	Microsoft-Windows-PrintService	307	Printing a document	"Document 27, Print Document owned by jkanov01 on \\MESOEL06484 was printed on VLS3.60 through port UCP-1.  Size in bytes: 6288. Pages printed: 1. No user action is required."
Information	10/5/2020 9:44	Microsoft-Windows-PrintService	307	Printing a document	"Document 28, Print Document owned by jkanov01 on \\MESOEL06484 was printed on VLS3.60 through port UCP-1.  Size in bytes: 10168212. Pages printed: 1. No user action is required."
Information	10/5/2020 9:50	Microsoft-Windows-PrintService	307	Printing a document	"Document 29, Print Document owned by jkanov01 on \\MESOEL06484 was printed on VLS3.60 through port UCP-1.  Size in bytes: 2653068. Pages printed: 1. No user action is required."
Information	10/5/2020 9:54	Microsoft-Windows-PrintService	307	Printing a document	"Document 30, Print Document owned by jkanov01 on \\MESOEL06484 was printed on VLS3.60 through port UCP-1.  Size in bytes: 2652608. Pages printed: 1. No user action is required."
Information	10/5/2020 9:57	Microsoft-Windows-PrintService	307	Printing a document	"Document 31, Print Document owned by jkanov01 on \\MESOEL06484 was printed on VLS3.60 through port UCP-1.  Size in bytes: 42588. Pages printed: 1. No user action is required."
Information	10/5/2020 10:54	Microsoft-Windows-PrintService	307	Printing a document	"Document 32, Print Document owned by jkanov01 on \\MESOEL06484 was printed on VLS3.60 through port UCP-1.  Size in bytes: 11984. Pages printed: 1. No user action is required."
Information	10/5/2020 11:37	Microsoft-Windows-PrintService	307	Printing a document	"Document 33, Print Document owned by jkanov01 on \\MESOEL06484 was printed on VLS3.60 through port UCP-1.  Size in bytes: 8336. Pages printed: 1. No user action is required."
Information	10/5/2020 14:08	Microsoft-Windows-PrintService	307	Printing a document	"Document 34, Print Document owned by jkanov01 on \\MESOEL06484 was printed on VLS3.60 through port UCP-1.  Size in bytes: 2704. Pages printed: 1. No user action is required."
Information	10/5/2020 17:44	Microsoft-Windows-PrintService	307	Printing a document	"Document 35, Print Document owned by jkanov01 on \\MESOEL06484 was printed on VLS3.60 through port UCP-1.  Size in bytes: 30616. Pages printed: 1. No user action is required."
Information	10/5/2020 20:10	Microsoft-Windows-PrintService	307	Printing a document	"Document 36, Print Document owned by jkanov01 on \\MESOEL06484 was printed on VLS3.60 through port UCP-1.  Size in bytes: 584. Pages printed: 1. No user action is required."
Information	10/5/2020 20:26	Microsoft-Windows-PrintService	307	Printing a document	"Document 37, Print Document owned by jkanov01 on \\MESOEL06484 was printed on VLS3.60 through port UCP-1.  Size in bytes: 2448. Pages printed: 1. No user action is required."
Information	10/5/2020 20:34	Microsoft-Windows-PrintService	307	Printing a document	"Document 38, Print Document owned by jkanov01 on \\MESOEL06484 was printed on VLS3.60 through port UCP-1.  Size in bytes: 3032. Pages printed: 1. No user action is required."
Information	10/5/2020 21:23	Microsoft-Windows-PrintService	307	Printing a document	"Document 39, Print Document owned by jkanov01 on \\MESOEL06484 was printed on VLS3.60 through port UCP-1.  Size in bytes: 2984. Pages printed: 1. No user action is required."
Information	10/5/2020 21:38	Microsoft-Windows-PrintService	307	Printing a document	"Document 40, Print Document owned by jkanov01 on \\MESOEL06484 was printed on VLS3.60 through port UCP-1.  Size in bytes: 912. Pages printed: 1. No user action is required."
Information	10/5/2020 21:42	Microsoft-Windows-PrintService	307	Printing a document	"Document 41, Print Document owned by jkanov01 on \\MESOEL06484 was printed on VLS3.60 through port UCP-1.  Size in bytes: 2984. Pages printed: 1. No user action is required."
Information	10/5/2020 22:13	Microsoft-Windows-PrintService	307	Printing a document	"Document 42, Print Document owned by jkanov01 on \\MESOEL06484 was printed on VLS3.60 through port UCP-1.  Size in bytes: 1824. Pages printed: 1. No user action is required."
Information	10/5/2020 22:14	Microsoft-Windows-PrintService	307	Printing a document	"Document 43, Print Document owned by jkanov01 on \\MESOEL06484 was printed on VLS3.60 through port UCP-1.  Size in bytes: 3248. Pages printed: 1. No user action is required."
Information	10/5/2020 22:19	Microsoft-Windows-PrintService	307	Printing a document	"Document 44, Print Document owned by jkanov01 on \\MESOEL06484 was printed on VLS3.60 through port UCP-1.  Size in bytes: 1824. Pages printed: 1. No user action is required."
Information	10/5/2020 22:19	Microsoft-Windows-PrintService	307	Printing a document	"Document 45, Print Document owned by jkanov01 on \\MESOEL06484 was printed on VLS3.60 through port UCP-1.  Size in bytes: 1824. Pages printed: 1. No user action is required."
Information	10/5/2020 22:58	Microsoft-Windows-PrintService	307	Printing a document	"Document 46, Print Document owned by jkanov01 on \\MESOEL06484 was printed on VLS3.60 through port UCP-1.  Size in bytes: 10048. Pages printed: 1. No user action is required."
Information	10/5/2020 22:58	Microsoft-Windows-PrintService	307	Printing a document	"Document 47, Print Document owned by jkanov01 on \\MESOEL06484 was printed on VLS3.60 through port UCP-1.  Size in bytes: 10048. Pages printed: 1. No user action is required."
Information	10/5/2020 22:59	Microsoft-Windows-PrintService	307	Printing a document	"Document 48, Print Document owned by jkanov01 on \\MESOEL06484 was printed on VLS3.60 through port UCP-1.  Size in bytes: 10048. Pages printed: 1. No user action is required."
Information	10/5/2020 23:04	Microsoft-Windows-PrintService	307	Printing a document	"Document 49, Print Document owned by jkanov01 on \\MESOEL06484 was printed on VLS3.60 through port UCP-1.  Size in bytes: 656. Pages printed: 1. No user action is required."
Information	10/5/2020 23:05	Microsoft-Windows-PrintService	307	Printing a document	"Document 50, Print Document owned by jkanov01 on \\MESOEL06484 was printed on VLS3.60 through port UCP-1.  Size in bytes: 656. Pages printed: 1. No user action is required."
Information	10/6/2020 12:50	Microsoft-Windows-PrintService	307	Printing a document	"Document 51, Print Document owned by ywu15 on \\MESOEL06484 was printed on VLS3.60 through port UCP-1.  Size in bytes: 6288. Pages printed: 1. No user action is required."
Information	10/6/2020 13:34	Microsoft-Windows-PrintService	307	Printing a document	"Document 52, Print Document owned by ywu15 on \\MESOEL06484 was printed on VLS3.60 through port UCP-1.  Size in bytes: 9784. Pages printed: 1. No user action is required."
Information	10/6/2020 15:16	Microsoft-Windows-PrintService	307	Printing a document	"Document 53, Print Document owned by ywu15 on \\MESOEL06484 was printed on VLS3.60 through port UCP-1.  Size in bytes: 5232. Pages printed: 1. No user action is required."
Information	10/6/2020 15:33	Microsoft-Windows-PrintService	307	Printing a document	"Document 54, Print Document owned by ywu15 on \\MESOEL06484 was printed on VLS3.60 through port UCP-1.  Size in bytes: 2816. Pages printed: 1. No user action is required."
Information	10/6/2020 15:44	Microsoft-Windows-PrintService	307	Printing a document	"Document 55, Print Document owned by ywu15 on \\MESOEL06484 was printed on VLS3.60 through port UCP-1.  Size in bytes: 5232. Pages printed: 1. No user action is required."
Information	10/6/2020 20:10	Microsoft-Windows-PrintService	307	Printing a document	"Document 56, Print Document owned by ywu15 on \\MESOEL06484 was printed on VLS3.60 through port UCP-1.  Size in bytes: 8684. Pages printed: 1. No user action is required."
Information	10/6/2020 20:11	Microsoft-Windows-PrintService	307	Printing a document	"Document 57, Print Document owned by ywu15 on \\MESOEL06484 was printed on VLS3.60 through port UCP-1.  Size in bytes: 8804. Pages printed: 1. No user action is required."
Information	10/6/2020 20:12	Microsoft-Windows-PrintService	307	Printing a document	"Document 58, Print Document owned by ywu15 on \\MESOEL06484 was printed on VLS3.60 through port UCP-1.  Size in bytes: 8684. Pages printed: 1. No user action is required."
Information	10/6/2020 20:14	Microsoft-Windows-PrintService	307	Printing a document	"Document 59, Print Document owned by ywu15 on \\MESOEL06484 was printed on VLS3.60 through port UCP-1.  Size in bytes: 9548. Pages printed: 1. No user action is required."
Information	10/6/2020 20:17	Microsoft-Windows-PrintService	307	Printing a document	"Document 60, Print Document owned by ywu15 on \\MESOEL06484 was printed on VLS3.60 through port UCP-1.  Size in bytes: 9548. Pages printed: 1. No user action is required."
Information	10/6/2020 20:18	Microsoft-Windows-PrintService	307	Printing a document	"Document 61, Print Document owned by ywu15 on \\MESOEL06484 was printed on VLS3.60 through port UCP-1.  Size in bytes: 888. Pages printed: 1. No user action is required."
Information	10/6/2020 20:19	Microsoft-Windows-PrintService	307	Printing a document	"Document 62, Print Document owned by ywu15 on \\MESOEL06484 was printed on VLS3.60 through port UCP-1.  Size in bytes: 8024. Pages printed: 1. No user action is required."
Information	10/6/2020 20:22	Microsoft-Windows-PrintService	307	Printing a document	"Document 63, Print Document owned by ywu15 on \\MESOEL06484 was printed on VLS3.60 through port UCP-1.  Size in bytes: 9440. Pages printed: 1. No user action is required."
Information	10/6/2020 20:29	Microsoft-Windows-PrintService	307	Printing a document	"Document 64, Print Document owned by ywu15 on \\MESOEL06484 was printed on VLS3.60 through port UCP-1.  Size in bytes: 5368. Pages printed: 1. No user action is required."
Information	10/6/2020 20:31	Microsoft-Windows-PrintService	307	Printing a document	"Document 65, Print Document owned by ywu15 on \\MESOEL06484 was printed on VLS3.60 through port UCP-1.  Size in bytes: 5368. Pages printed: 1. No user action is required."
Information	10/6/2020 20:32	Microsoft-Windows-PrintService	307	Printing a document	"Document 66, Print Document owned by ywu15 on \\MESOEL06484 was printed on VLS3.60 through port UCP-1.  Size in bytes: 5368. Pages printed: 1. No user action is required."
Information	10/6/2020 20:53	Microsoft-Windows-PrintService	307	Printing a document	"Document 67, Print Document owned by ywu15 on \\MESOEL06484 was printed on VLS3.60 through port UCP-1.  Size in bytes: 3936. Pages printed: 1. No user action is required."
Information	10/6/2020 21:48	Microsoft-Windows-PrintService	307	Printing a document	"Document 68, Print Document owned by ywu15 on \\MESOEL06484 was printed on VLS3.60 through port UCP-1.  Size in bytes: 2704. Pages printed: 1. No user action is required."
Information	10/6/2020 21:53	Microsoft-Windows-PrintService	307	Printing a document	"Document 69, Print Document owned by ywu15 on \\MESOEL06484 was printed on VLS3.60 through port UCP-1.  Size in bytes: 2704. Pages printed: 1. No user action is required."
Information	10/7/2020 10:31	Microsoft-Windows-PrintService	307	Printing a document	"Document 70, Print Document owned by jkanov01 on \\MESOEL06484 was printed on VLS3.60 through port UCP-1.  Size in bytes: 27728. Pages printed: 1. No user action is required."
Information	10/7/2020 10:41	Microsoft-Windows-PrintService	307	Printing a document	"Document 71, Print Document owned by jkanov01 on \\MESOEL06484 was printed on VLS3.60 through port UCP-1.  Size in bytes: 6776. Pages printed: 1. No user action is required."
Information	10/7/2020 10:44	Microsoft-Windows-PrintService	307	Printing a document	"Document 72, Print Document owned by jkanov01 on \\MESOEL06484 was printed on VLS3.60 through port UCP-1.  Size in bytes: 7512. Pages printed: 1. No user action is required."
Information	10/7/2020 17:48	Microsoft-Windows-PrintService	307	Printing a document	"Document 73, Print Document owned by jkanov01 on \\MESOEL06484 was printed on VLS3.60 through port UCP-1.  Size in bytes: 3424. Pages printed: 1. No user action is required."
Information	10/7/2020 17:51	Microsoft-Windows-PrintService	307	Printing a document	"Document 74, Print Document owned by jkanov01 on \\MESOEL06484 was printed on VLS3.60 through port UCP-1.  Size in bytes: 6056. Pages printed: 1. No user action is required."
Information	10/7/2020 17:56	Microsoft-Windows-PrintService	307	Printing a document	"Document 75, Print Document owned by jkanov01 on \\MESOEL06484 was printed on VLS3.60 through port UCP-1.  Size in bytes: 2656. Pages printed: 1. No user action is required."
Information	10/7/2020 18:23	Microsoft-Windows-PrintService	307	Printing a document	"Document 76, Print Document owned by jkanov01 on \\MESOEL06484 was printed on VLS3.60 through port UCP-1.  Size in bytes: 17376. Pages printed: 1. No user action is required."
Information	10/7/2020 18:23	Microsoft-Windows-PrintService	307	Printing a document	"Document 77, Print Document owned by jkanov01 on \\MESOEL06484 was printed on VLS3.60 through port UCP-1.  Size in bytes: 17376. Pages printed: 1. No user action is required."
Information	10/7/2020 18:24	Microsoft-Windows-PrintService	307	Printing a document	"Document 78, Print Document owned by jkanov01 on \\MESOEL06484 was printed on VLS3.60 through port UCP-1.  Size in bytes: 17376. Pages printed: 1. No user action is required."
Information	10/7/2020 18:24	Microsoft-Windows-PrintService	307	Printing a document	"Document 79, Print Document owned by jkanov01 on \\MESOEL06484 was printed on VLS3.60 through port UCP-1.  Size in bytes: 17376. Pages printed: 1. No user action is required."
Information	10/8/2020 12:54	Microsoft-Windows-PrintService	307	Printing a document	"Document 80, Print Document owned by jkanov01 on \\MESOEL06484 was printed on VLS3.60 through port UCP-1.  Size in bytes: 4184. Pages printed: 1. No user action is required."
Information	10/8/2020 13:08	Microsoft-Windows-PrintService	307	Printing a document	"Document 81, Print Document owned by jkanov01 on \\MESOEL06484 was printed on VLS3.60 through port UCP-1.  Size in bytes: 5760. Pages printed: 1. No user action is required."
Information	10/8/2020 13:10	Microsoft-Windows-PrintService	307	Printing a document	"Document 82, Print Document owned by jkanov01 on \\MESOEL06484 was printed on VLS3.60 through port UCP-1.  Size in bytes: 5760. Pages printed: 1. No user action is required."
Information	10/8/2020 13:30	Microsoft-Windows-PrintService	307	Printing a document	"Document 83, Print Document owned by jkanov01 on \\MESOEL06484 was printed on VLS3.60 through port UCP-1.  Size in bytes: 11520. Pages printed: 1. No user action is required."
Information	10/8/2020 13:30	Microsoft-Windows-PrintService	307	Printing a document	"Document 84, Print Document owned by jkanov01 on \\MESOEL06484 was printed on VLS3.60 through port UCP-1.  Size in bytes: 11520. Pages printed: 1. No user action is required."
Information	10/8/2020 18:54	Microsoft-Windows-PrintService	307	Printing a document	"Document 85, Print Document owned by jkanov01 on \\MESOEL06484 was printed on VLS3.60 through port UCP-1.  Size in bytes: 12696. Pages printed: 1. No user action is required."
Information	10/8/2020 18:54	Microsoft-Windows-PrintService	307	Printing a document	"Document 86, Print Document owned by jkanov01 on \\MESOEL06484 was printed on VLS3.60 through port UCP-1.  Size in bytes: 12696. Pages printed: 1. No user action is required."
Information	10/8/2020 21:30	Microsoft-Windows-PrintService	307	Printing a document	"Document 87, Print Document owned by jkanov01 on \\MESOEL06484 was printed on VLS3.60 through port UCP-1.  Size in bytes: 12696. Pages printed: 1. No user action is required."
Information	10/8/2020 21:30	Microsoft-Windows-PrintService	307	Printing a document	"Document 88, Print Document owned by jkanov01 on \\MESOEL06484 was printed on VLS3.60 through port UCP-1.  Size in bytes: 12696. Pages printed: 1. No user action is required."
Information	10/9/2020 13:16	Microsoft-Windows-PrintService	307	Printing a document	"Document 89, Print Document owned by jkanov01 on \\MESOEL06484 was printed on VLS3.60 through port UCP-1.  Size in bytes: 88676. Pages printed: 1. No user action is required."
Information	10/9/2020 13:32	Microsoft-Windows-PrintService	307	Printing a document	"Document 90, Print Document owned by jkanov01 on \\MESOEL06484 was printed on VLS3.60 through port UCP-1.  Size in bytes: 95972. Pages printed: 1. No user action is required."
Information	10/9/2020 13:34	Microsoft-Windows-PrintService	307	Printing a document	"Document 91, Print Document owned by jkanov01 on \\MESOEL06484 was printed on VLS3.60 through port UCP-1.  Size in bytes: 95972. Pages printed: 1. No user action is required."
Information	10/9/2020 13:36	Microsoft-Windows-PrintService	307	Printing a document	"Document 92, Print Document owned by jkanov01 on \\MESOEL06484 was printed on VLS3.60 through port UCP-1.  Size in bytes: 33352. Pages printed: 1. No user action is required."
Information	10/10/2020 0:46	Microsoft-Windows-PrintService	307	Printing a document	"Document 93, Print Document owned by jkanov01 on \\MESOEL06484 was printed on VLS3.60 through port UCP-1.  Size in bytes: 16624. Pages printed: 1. No user action is required."
Information	10/10/2020 10:54	Microsoft-Windows-PrintService	307	Printing a document	"Document 94, Print Document owned by mkurzm01 on \\MESOEL06484 was printed on VLS3.60 through port UCP-1.  Size in bytes: 9248. Pages printed: 1. No user action is required."
Information	10/11/2020 15:20	Microsoft-Windows-PrintService	307	Printing a document	"Document 95, Print Document owned by ibohme01 on \\MESOEL06484 was printed on VLS3.60 through port UCP-1.  Size in bytes: 7216. Pages printed: 1. No user action is required."
Information	10/12/2020 10:40	Microsoft-Windows-PrintService	307	Printing a document	"Document 96, Print Document owned by ibohme01 on \\MESOEL06484 was printed on VLS3.60 through port UCP-1.  Size in bytes: 5160. Pages printed: 1. No user action is required."
Information	10/12/2020 10:40	Microsoft-Windows-PrintService	307	Printing a document	"Document 97, Print Document owned by ibohme01 on \\MESOEL06484 was printed on VLS3.60 through port UCP-1.  Size in bytes: 5160. Pages printed: 1. No user action is required."
Information	10/12/2020 10:41	Microsoft-Windows-PrintService	307	Printing a document	"Document 98, Print Document owned by ibohme01 on \\MESOEL06484 was printed on VLS3.60 through port UCP-1.  Size in bytes: 4424. Pages printed: 1. No user action is required."
Information	10/12/2020 10:49	Microsoft-Windows-PrintService	307	Printing a document	"Document 99, Print Document owned by ibohme01 on \\MESOEL06484 was printed on VLS3.60 through port UCP-1.  Size in bytes: 2056. Pages printed: 1. No user action is required."
Information	10/13/2020 21:09	Microsoft-Windows-PrintService	307	Printing a document	"Document 100, Print Document owned by ibohme01 on \\MESOEL06484 was printed on VLS3.60 through port UCP-1.  Size in bytes: 1700. Pages printed: 1. No user action is required."
Information	10/13/2020 21:14	Microsoft-Windows-PrintService	307	Printing a document	"Document 101, Print Document owned by ibohme01 on \\MESOEL06484 was printed on VLS3.60 through port UCP-1.  Size in bytes: 1700. Pages printed: 1. No user action is required."
Information	10/13/2020 21:42	Microsoft-Windows-PrintService	307	Printing a document	"Document 102, Print Document owned by ibohme01 on \\MESOEL06484 was printed on VLS3.60 through port UCP-1.  Size in bytes: 1940. Pages printed: 1. No user action is required."
Information	10/13/2020 21:42	Microsoft-Windows-PrintService	307	Printing a document	"Document 103, Print Document owned by ibohme01 on \\MESOEL06484 was printed on VLS3.60 through port UCP-1.  Size in bytes: 1940. Pages printed: 1. No user action is required."
Information	10/13/2020 21:43	Microsoft-Windows-PrintService	307	Printing a document	"Document 104, Print Document owned by ibohme01 on \\MESOEL06484 was printed on VLS3.60 through port UCP-1.  Size in bytes: 2124. Pages printed: 1. No user action is required."
Information	10/13/2020 21:45	Microsoft-Windows-PrintService	307	Printing a document	"Document 105, Print Document owned by ibohme01 on \\MESOEL06484 was printed on VLS3.60 through port UCP-1.  Size in bytes: 2448. Pages printed: 1. No user action is required."
Information	10/13/2020 21:49	Microsoft-Windows-PrintService	307	Printing a document	"Document 106, Print Document owned by ibohme01 on \\MESOEL06484 was printed on VLS3.60 through port UCP-1.  Size in bytes: 2448. Pages printed: 1. No user action is required."
Information	10/13/2020 21:53	Microsoft-Windows-PrintService	307	Printing a document	"Document 107, Print Document owned by ibohme01 on \\MESOEL06484 was printed on VLS3.60 through port UCP-1.  Size in bytes: 2448. Pages printed: 1. No user action is required."
Information	10/13/2020 22:00	Microsoft-Windows-PrintService	307	Printing a document	"Document 108, Print Document owned by ibohme01 on \\MESOEL06484 was printed on VLS3.60 through port UCP-1.  Size in bytes: 2448. Pages printed: 1. No user action is required."
Information	10/13/2020 22:13	Microsoft-Windows-PrintService	307	Printing a document	"Document 109, Print Document owned by ibohme01 on \\MESOEL06484 was printed on VLS3.60 through port UCP-1.  Size in bytes: 5568. Pages printed: 1. No user action is required."
Information	10/13/2020 22:27	Microsoft-Windows-PrintService	307	Printing a document	"Document 110, Print Document owned by ibohme01 on \\MESOEL06484 was printed on VLS3.60 through port UCP-1.  Size in bytes: 5568. Pages printed: 1. No user action is required."
Information	10/13/2020 22:34	Microsoft-Windows-PrintService	307	Printing a document	"Document 111, Print Document owned by ibohme01 on \\MESOEL06484 was printed on VLS3.60 through port UCP-1.  Size in bytes: 2448. Pages printed: 1. No user action is required."
Information	10/13/2020 22:48	Microsoft-Windows-PrintService	307	Printing a document	"Document 112, Print Document owned by ibohme01 on \\MESOEL06484 was printed on VLS3.60 through port UCP-1.  Size in bytes: 3680. Pages printed: 1. No user action is required."
Information	10/15/2020 12:28	Microsoft-Windows-PrintService	307	Printing a document	"Document 113, Print Document owned by jkanov01 on \\MESOEL06484 was printed on VLS3.60 through port UCP-1.  Size in bytes: 11808. Pages printed: 1. No user action is required."
Information	10/15/2020 14:48	Microsoft-Windows-PrintService	307	Printing a document	"Document 114, Print Document owned by jkanov01 on \\MESOEL06484 was printed on VLS3.60 through port UCP-1.  Size in bytes: 11904. Pages printed: 1. No user action is required."
Information	10/15/2020 15:57	Microsoft-Windows-PrintService	307	Printing a document	"Document 115, Print Document owned by jkanov01 on \\MESOEL06484 was printed on VLS3.60 through port UCP-1.  Size in bytes: 8128. Pages printed: 1. No user action is required."
Information	10/16/2020 15:19	Microsoft-Windows-PrintService	307	Printing a document	"Document 116, Print Document owned by jkanov01 on \\MESOEL06484 was printed on VLS3.60 through port UCP-1.  Size in bytes: 7392. Pages printed: 1. No user action is required."
Information	10/16/2020 15:55	Microsoft-Windows-PrintService	307	Printing a document	"Document 117, Print Document owned by jkanov01 on \\MESOEL06484 was printed on VLS3.60 through port UCP-1.  Size in bytes: 12056. Pages printed: 1. No user action is required."
Information	10/16/2020 17:42	Microsoft-Windows-PrintService	307	Printing a document	"Document 118, Print Document owned by jkanov01 on \\MESOEL06484 was printed on VLS3.60 through port UCP-1.  Size in bytes: 12544. Pages printed: 1. No user action is required."
Information	10/17/2020 17:24	Microsoft-Windows-PrintService	307	Printing a document	"Document 119, Print Document owned by jsorsc01 on \\MESOEL06484 was printed on VLS3.60 through port UCP-1.  Size in bytes: 984. Pages printed: 1. No user action is required."
Information	10/19/2020 11:02	Microsoft-Windows-PrintService	307	Printing a document	"Document 2, Print Document owned by ibohme01 on \\MESOEL06484 was printed on VLS3.60 through port UCP-1.  Size in bytes: 36192. Pages printed: 1. No user action is required."
Information	10/19/2020 11:40	Microsoft-Windows-PrintService	307	Printing a document	"Document 3, Print Document owned by ibohme01 on \\MESOEL06484 was printed on VLS3.60 through port UCP-1.  Size in bytes: 18272. Pages printed: 1. No user action is required."
Information	10/19/2020 13:35	Microsoft-Windows-PrintService	307	Printing a document	"Document 4, Print Document owned by ibohme01 on \\MESOEL06484 was printed on VLS3.60 through port UCP-1.  Size in bytes: 14224. Pages printed: 1. No user action is required."
Information	10/19/2020 13:38	Microsoft-Windows-PrintService	307	Printing a document	"Document 5, Print Document owned by ibohme01 on \\MESOEL06484 was printed on VLS3.60 through port UCP-1.  Size in bytes: 42680. Pages printed: 1. No user action is required."
Information	10/19/2020 13:41	Microsoft-Windows-PrintService	307	Printing a document	"Document 6, Print Document owned by ibohme01 on \\MESOEL06484 was printed on VLS3.60 through port UCP-1.  Size in bytes: 34972. Pages printed: 1. No user action is required."
Information	10/19/2020 13:41	Microsoft-Windows-PrintService	307	Printing a document	"Document 7, Print Document owned by ibohme01 on \\MESOEL06484 was printed on VLS3.60 through port UCP-1.  Size in bytes: 34972. Pages printed: 1. No user action is required."
Information	10/19/2020 18:35	Microsoft-Windows-PrintService	307	Printing a document	"Document 8, Print Document owned by ibohme01 on \\MESOEL06484 was printed on VLS3.60 through port UCP-1.  Size in bytes: 12544. Pages printed: 1. No user action is required."
Information	10/19/2020 19:54	Microsoft-Windows-PrintService	307	Printing a document	"Document 9, Print Document owned by ibohme01 on \\MESOEL06484 was printed on VLS3.60 through port UCP-1.  Size in bytes: 80272. Pages printed: 1. No user action is required."
Information	10/19/2020 19:56	Microsoft-Windows-PrintService	307	Printing a document	"Document 10, Print Document owned by ibohme01 on \\MESOEL06484 was printed on VLS3.60 through port UCP-1.  Size in bytes: 1424. Pages printed: 1. No user action is required."
Information	10/19/2020 21:36	Microsoft-Windows-PrintService	307	Printing a document	"Document 11, Print Document owned by ibohme01 on \\MESOEL06484 was printed on VLS3.60 through port UCP-1.  Size in bytes: 656. Pages printed: 1. No user action is required."
Information	10/20/2020 12:44	Microsoft-Windows-PrintService	307	Printing a document	"Document 12, Print Document owned by ywu15 on \\MESOEL06484 was printed on VLS3.60 through port UCP-1.  Size in bytes: 77680. Pages printed: 1. No user action is required."
Information	10/20/2020 13:08	Microsoft-Windows-PrintService	307	Printing a document	"Document 13, Print Document owned by ywu15 on \\MESOEL06484 was printed on VLS3.60 through port UCP-1.  Size in bytes: 15672. Pages printed: 1. No user action is required."
Information	10/20/2020 13:12	Microsoft-Windows-PrintService	307	Printing a document	"Document 14, Print Document owned by ywu15 on \\MESOEL06484 was printed on VLS3.60 through port UCP-1.  Size in bytes: 3344. Pages printed: 1. No user action is required."
Information	10/20/2020 13:16	Microsoft-Windows-PrintService	307	Printing a document	"Document 15, Print Document owned by ywu15 on \\MESOEL06484 was printed on VLS3.60 through port UCP-1.  Size in bytes: 80624. Pages printed: 1. No user action is required."
Information	10/20/2020 13:42	Microsoft-Windows-PrintService	307	Printing a document	"Document 16, Print Document owned by ywu15 on \\MESOEL06484 was printed on VLS3.60 through port UCP-1.  Size in bytes: 72528. Pages printed: 1. No user action is required."
Information	10/20/2020 14:50	Microsoft-Windows-PrintService	307	Printing a document	"Document 17, Print Document owned by ywu15 on \\MESOEL06484 was printed on VLS3.60 through port UCP-1.  Size in bytes: 22824. Pages printed: 1. No user action is required."
Information	10/20/2020 14:52	Microsoft-Windows-PrintService	307	Printing a document	"Document 18, Print Document owned by ywu15 on \\MESOEL06484 was printed on VLS3.60 through port UCP-1.  Size in bytes: 22824. Pages printed: 1. No user action is required."
Information	10/20/2020 19:42	Microsoft-Windows-PrintService	307	Printing a document	"Document 19, Print Document owned by ywu15 on \\MESOEL06484 was printed on VLS3.60 through port UCP-1.  Size in bytes: 8960. Pages printed: 1. No user action is required."
Information	10/20/2020 19:58	Microsoft-Windows-PrintService	307	Printing a document	"Document 20, Print Document owned by ywu15 on \\MESOEL06484 was printed on VLS3.60 through port UCP-1.  Size in bytes: 12816. Pages printed: 1. No user action is required."
Information	10/20/2020 20:12	Microsoft-Windows-PrintService	307	Printing a document	"Document 21, Print Document owned by ywu15 on \\MESOEL06484 was printed on VLS3.60 through port UCP-1.  Size in bytes: 4912. Pages printed: 1. No user action is required."
Information	10/20/2020 20:23	Microsoft-Windows-PrintService	307	Printing a document	"Document 22, Print Document owned by ywu15 on \\MESOEL06484 was printed on VLS3.60 through port UCP-1.  Size in bytes: 4912. Pages printed: 1. No user action is required."
Information	10/20/2020 20:40	Microsoft-Windows-PrintService	307	Printing a document	"Document 23, Print Document owned by ywu15 on \\MESOEL06484 was printed on VLS3.60 through port UCP-1.  Size in bytes: 1104. Pages printed: 1. No user action is required."
Information	10/20/2020 22:46	Microsoft-Windows-PrintService	307	Printing a document	"Document 24, Print Document owned by ywu15 on \\MESOEL06484 was printed on VLS3.60 through port UCP-1.  Size in bytes: 47496. Pages printed: 1. No user action is required."
Information	10/21/2020 9:31	Microsoft-Windows-PrintService	307	Printing a document	"Document 25, Print Document owned by jsorsc01 on \\MESOEL06484 was printed on VLS3.60 through port UCP-1.  Size in bytes: 80528. Pages printed: 1. No user action is required."
Information	10/21/2020 9:32	Microsoft-Windows-PrintService	307	Printing a document	"Document 26, Print Document owned by jsorsc01 on \\MESOEL06484 was printed on VLS3.60 through port UCP-1.  Size in bytes: 656. Pages printed: 1. No user action is required."
Information	10/21/2020 11:35	Microsoft-Windows-PrintService	307	Printing a document	"Document 27, Print Document owned by jsorsc01 on \\MESOEL06484 was printed on VLS3.60 through port UCP-1.  Size in bytes: 19728. Pages printed: 1. No user action is required."
Information	10/21/2020 14:20	Microsoft-Windows-PrintService	307	Printing a document	"Document 28, Print Document owned by erobbi03 on \\MESOEL06484 was printed on VLS3.60 through port UCP-1.  Size in bytes: 217520. Pages printed: 1. No user action is required."
Information	10/21/2020 16:06	Microsoft-Windows-PrintService	307	Printing a document	"Document 29, Print Document owned by erobbi03 on \\MESOEL06484 was printed on VLS3.60 through port UCP-1.  Size in bytes: 5984. Pages printed: 1. No user action is required."
Information	10/21/2020 16:13	Microsoft-Windows-PrintService	307	Printing a document	"Document 30, Print Document owned by erobbi03 on \\MESOEL06484 was printed on VLS3.60 through port UCP-1.  Size in bytes: 5616. Pages printed: 1. No user action is required."
Information	10/21/2020 17:04	Microsoft-Windows-PrintService	307	Printing a document	"Document 31, Print Document owned by erobbi03 on \\MESOEL06484 was printed on VLS3.60 through port UCP-1.  Size in bytes: 2909944. Pages printed: 1. No user action is required."
Information	10/21/2020 17:05	Microsoft-Windows-PrintService	307	Printing a document	"Document 32, Print Document owned by erobbi03 on \\MESOEL06484 was printed on VLS3.60 through port UCP-1.  Size in bytes: 2918724. Pages printed: 1. No user action is required."
Information	10/21/2020 17:05	Microsoft-Windows-PrintService	307	Printing a document	"Document 33, Print Document owned by erobbi03 on \\MESOEL06484 was printed on VLS3.60 through port UCP-1.  Size in bytes: 2918724. Pages printed: 1. No user action is required."
Information	10/21/2020 17:07	Microsoft-Windows-PrintService	307	Printing a document	"Document 34, Print Document owned by erobbi03 on \\MESOEL06484 was printed on VLS3.60 through port UCP-1.  Size in bytes: 2915760. Pages printed: 1. No user action is required."
Information	10/21/2020 17:07	Microsoft-Windows-PrintService	307	Printing a document	"Document 35, Print Document owned by erobbi03 on \\MESOEL06484 was printed on VLS3.60 through port UCP-1.  Size in bytes: 6384. Pages printed: 1. No user action is required."
Information	10/21/2020 17:08	Microsoft-Windows-PrintService	307	Printing a document	"Document 36, Print Document owned by erobbi03 on \\MESOEL06484 was printed on VLS3.60 through port UCP-1.  Size in bytes: 10960. Pages printed: 1. No user action is required."
Information	10/21/2020 17:18	Microsoft-Windows-PrintService	307	Printing a document	"Document 37, Print Document owned by erobbi03 on \\MESOEL06484 was printed on VLS3.60 through port UCP-1.  Size in bytes: 3216. Pages printed: 1. No user action is required."
Information	10/21/2020 20:33	Microsoft-Windows-PrintService	307	Printing a document	"Document 38, Print Document owned by erobbi03 on \\MESOEL06484 was printed on VLS3.60 through port UCP-1.  Size in bytes: 24320. Pages printed: 1. No user action is required."
Information	10/21/2020 22:46	Microsoft-Windows-PrintService	307	Printing a document	"Document 39, Print Document owned by erobbi03 on \\MESOEL06484 was printed on VLS3.60 through port UCP-1.  Size in bytes: 12640. Pages printed: 1. No user action is required."
Information	10/22/2020 10:18	Microsoft-Windows-PrintService	307	Printing a document	"Document 2, Print Document owned by wwind01 on \\MESOEL06484 was printed on VLS3.60 through port UCP-1.  Size in bytes: 33840. Pages printed: 1. No user action is required."
Information	10/22/2020 12:13	Microsoft-Windows-PrintService	307	Printing a document	"Document 3, Print Document owned by wwind01 on \\MESOEL06484 was printed on VLS3.60 through port UCP-1.  Size in bytes: 31872. Pages printed: 1. No user action is required."
Information	10/22/2020 12:14	Microsoft-Windows-PrintService	307	Printing a document	"Document 4, Print Document owned by wwind01 on \\MESOEL06484 was printed on VLS3.60 through port UCP-1.  Size in bytes: 31872. Pages printed: 1. No user action is required."
Information	10/22/2020 12:25	Microsoft-Windows-PrintService	307	Printing a document	"Document 5, Print Document owned by wwind01 on \\MESOEL06484 was printed on VLS3.60 through port UCP-1.  Size in bytes: 11088. Pages printed: 1. No user action is required."
Information	10/22/2020 12:33	Microsoft-Windows-PrintService	307	Printing a document	"Document 6, Print Document owned by wwind01 on \\MESOEL06484 was printed on VLS3.60 through port UCP-1.  Size in bytes: 507152. Pages printed: 1. No user action is required."
Information	10/22/2020 14:10	Microsoft-Windows-PrintService	307	Printing a document	"Document 7, Print Document owned by wwind01 on \\MESOEL06484 was printed on VLS3.60 through port UCP-1.  Size in bytes: 5744. Pages printed: 1. No user action is required."
Information	10/22/2020 20:26	Microsoft-Windows-PrintService	307	Printing a document	"Document 8, Print Document owned by mreid04 on \\MESOEL06484 was printed on VLS3.60 through port UCP-1.  Size in bytes: 20128. Pages printed: 1. No user action is required."
Information	10/22/2020 20:33	Microsoft-Windows-PrintService	307	Printing a document	"Document 9, Print Document owned by mreid04 on \\MESOEL06484 was printed on VLS3.60 through port UCP-1.  Size in bytes: 7152. Pages printed: 1. No user action is required."
Information	10/22/2020 20:57	Microsoft-Windows-PrintService	307	Printing a document	"Document 10, Print Document owned by mreid04 on \\MESOEL06484 was printed on VLS3.60 through port UCP-1.  Size in bytes: 34096. Pages printed: 1. No user action is required."
Information	10/22/2020 23:48	Microsoft-Windows-PrintService	307	Printing a document	"Document 11, Print Document owned by mreid04 on \\MESOEL06484 was printed on VLS3.60 through port UCP-1.  Size in bytes: 43936. Pages printed: 1. No user action is required."
Information	10/23/2020 1:04	Microsoft-Windows-PrintService	307	Printing a document	"Document 12, Print Document owned by mreid04 on \\MESOEL06484 was printed on VLS3.60 through port UCP-1.  Size in bytes: 6176. Pages printed: 1. No user action is required."
Information	10/23/2020 10:40	Microsoft-Windows-PrintService	307	Printing a document	"Document 13, Print Document owned by ibohme01 on \\MESOEL06484 was printed on VLS3.60 through port UCP-1.  Size in bytes: 21656. Pages printed: 1. No user action is required."
Information	10/23/2020 11:01	Microsoft-Windows-PrintService	307	Printing a document	"Document 14, Print Document owned by ibohme01 on \\MESOEL06484 was printed on VLS3.60 through port UCP-1.  Size in bytes: 18616. Pages printed: 1. No user action is required."
Information	10/23/2020 12:58	Microsoft-Windows-PrintService	307	Printing a document	"Document 15, Print Document owned by ibohme01 on \\MESOEL06484 was printed on VLS3.60 through port UCP-1.  Size in bytes: 10768. Pages printed: 1. No user action is required."
Information	10/23/2020 15:51	Microsoft-Windows-PrintService	307	Printing a document	"Document 16, Print Document owned by ibohme01 on \\MESOEL06484 was printed on VLS3.60 through port UCP-1.  Size in bytes: 6160. Pages printed: 1. No user action is required."
Information	10/23/2020 16:29	Microsoft-Windows-PrintService	307	Printing a document	"Document 17, Print Document owned by ibohme01 on \\MESOEL06484 was printed on VLS3.60 through port UCP-1.  Size in bytes: 10704. Pages printed: 1. No user action is required."
Information	10/23/2020 16:30	Microsoft-Windows-PrintService	307	Printing a document	"Document 18, Print Document owned by ibohme01 on \\MESOEL06484 was printed on VLS3.60 through port UCP-1.  Size in bytes: 10704. Pages printed: 1. No user action is required."
Information	10/24/2020 11:00	Microsoft-Windows-PrintService	307	Printing a document	"Document 19, Print Document owned by ibohme01 on \\MESOEL06484 was printed on VLS3.60 through port UCP-1.  Size in bytes: 3344. Pages printed: 1. No user action is required."
Information	10/24/2020 13:11	Microsoft-Windows-PrintService	307	Printing a document	"Document 20, Print Document owned by ibohme01 on \\MESOEL06484 was printed on VLS3.60 through port UCP-1.  Size in bytes: 28096. Pages printed: 1. No user action is required."
Information	10/24/2020 14:43	Microsoft-Windows-PrintService	307	Printing a document	"Document 21, Print Document owned by ibohme01 on \\MESOEL06484 was printed on VLS3.60 through port UCP-1.  Size in bytes: 33984. Pages printed: 1. No user action is required."
Information	10/24/2020 16:50	Microsoft-Windows-PrintService	307	Printing a document	"Document 22, Print Document owned by ibohme01 on \\MESOEL06484 was printed on VLS3.60 through port UCP-1.  Size in bytes: 507152. Pages printed: 1. No user action is required."
Information	10/25/2020 11:02	Microsoft-Windows-PrintService	307	Printing a document	"Document 23, Print Document owned by ibohme01 on \\MESOEL06484 was printed on VLS3.60 through port UCP-1.  Size in bytes: 17776. Pages printed: 1. No user action is required."
Information	10/25/2020 11:11	Microsoft-Windows-PrintService	307	Printing a document	"Document 24, Print Document owned by ibohme01 on \\MESOEL06484 was printed on VLS3.60 through port UCP-1.  Size in bytes: 12816. Pages printed: 1. No user action is required."
Information	10/25/2020 12:22	Microsoft-Windows-PrintService	307	Printing a document	"Document 25, Print Document owned by ibohme01 on \\MESOEL06484 was printed on VLS3.60 through port UCP-1.  Size in bytes: 8080. Pages printed: 1. No user action is required."
Information	10/25/2020 14:01	Microsoft-Windows-PrintService	307	Printing a document	"Document 26, Print Document owned by ibohme01 on \\MESOEL06484 was printed on VLS3.60 through port UCP-1.  Size in bytes: 15488. Pages printed: 1. No user action is required."
Information	10/25/2020 14:14	Microsoft-Windows-PrintService	307	Printing a document	"Document 27, Print Document owned by ibohme01 on \\MESOEL06484 was printed on VLS3.60 through port UCP-1.  Size in bytes: 8080. Pages printed: 1. No user action is required."
Information	10/25/2020 14:23	Microsoft-Windows-PrintService	307	Printing a document	"Document 28, Print Document owned by ibohme01 on \\MESOEL06484 was printed on VLS3.60 through port UCP-1.  Size in bytes: 7392. Pages printed: 1. No user action is required."
Information	10/25/2020 14:23	Microsoft-Windows-PrintService	307	Printing a document	"Document 29, Print Document owned by ibohme01 on \\MESOEL06484 was printed on VLS3.60 through port UCP-1.  Size in bytes: 7392. Pages printed: 1. No user action is required."
Information	10/25/2020 14:35	Microsoft-Windows-PrintService	307	Printing a document	"Document 30, Print Document owned by ibohme01 on \\MESOEL06484 was printed on VLS3.60 through port UCP-1.  Size in bytes: 54864. Pages printed: 1. No user action is required."
Information	10/25/2020 15:41	Microsoft-Windows-PrintService	307	Printing a document	"Document 31, Print Document owned by ibohme01 on \\MESOEL06484 was printed on VLS3.60 through port UCP-1.  Size in bytes: 9184. Pages printed: 1. No user action is required."
Information	10/25/2020 15:45	Microsoft-Windows-PrintService	307	Printing a document	"Document 32, Print Document owned by ibohme01 on \\MESOEL06484 was printed on VLS3.60 through port UCP-1.  Size in bytes: 4880. Pages printed: 1. No user action is required."
Information	10/25/2020 15:50	Microsoft-Windows-PrintService	307	Printing a document	"Document 33, Print Document owned by ibohme01 on \\MESOEL06484 was printed on VLS3.60 through port UCP-1.  Size in bytes: 1648. Pages printed: 1. No user action is required."
Information	10/25/2020 15:52	Microsoft-Windows-PrintService	307	Printing a document	"Document 34, Print Document owned by ibohme01 on \\MESOEL06484 was printed on VLS3.60 through port UCP-1.  Size in bytes: 3952. Pages printed: 1. No user action is required."
Information	10/25/2020 15:52	Microsoft-Windows-PrintService	307	Printing a document	"Document 35, Print Document owned by ibohme01 on \\MESOEL06484 was printed on VLS3.60 through port UCP-1.  Size in bytes: 1328. Pages printed: 1. No user action is required."
