Information	10/30/2019 18:49	Microsoft-Windows-PrintService	307	Printing a document	"Document 197, Print Document owned by wwind01 on \\MESOEL06484 was printed on VLS3.60 through port UCP-1.  Size in bytes: 2704. Pages printed: 1. No user action is required."
Information	10/30/2019 18:56	Microsoft-Windows-PrintService	307	Printing a document	"Document 198, Print Document owned by wwind01 on \\MESOEL06484 was printed on VLS3.60 through port UCP-1.  Size in bytes: 5840. Pages printed: 1. No user action is required."
Information	10/30/2019 19:20	Microsoft-Windows-PrintService	307	Printing a document	"Document 199, Print Document owned by wwind01 on \\MESOEL06484 was printed on VLS3.60 through port UCP-1.  Size in bytes: 3712. Pages printed: 1. No user action is required."
Information	10/30/2019 20:03	Microsoft-Windows-PrintService	307	Printing a document	"Document 200, Print Document owned by wwind01 on \\MESOEL06484 was printed on VLS3.60 through port UCP-1.  Size in bytes: 4800. Pages printed: 1. No user action is required."
Information	10/30/2019 20:06	Microsoft-Windows-PrintService	307	Printing a document	"Document 201, Print Document owned by wwind01 on \\MESOEL06484 was printed on VLS3.60 through port UCP-1.  Size in bytes: 4560. Pages printed: 1. No user action is required."
Information	10/30/2019 20:35	Microsoft-Windows-PrintService	307	Printing a document	"Document 202, Print Document owned by wwind01 on \\MESOEL06484 was printed on VLS3.60 through port UCP-1.  Size in bytes: 79152. Pages printed: 1. No user action is required."
Information	10/30/2019 21:55	Microsoft-Windows-PrintService	307	Printing a document	"Document 203, Print Document owned by wwind01 on \\MESOEL06484 was printed on VLS3.60 through port UCP-1.  Size in bytes: 150048. Pages printed: 1. No user action is required."
Information	10/30/2019 22:25	Microsoft-Windows-PrintService	307	Printing a document	"Document 204, Print Document owned by wwind01 on \\MESOEL06484 was printed on VLS3.60 through port UCP-1.  Size in bytes: 33840. Pages printed: 1. No user action is required."
Information	10/30/2019 22:36	Microsoft-Windows-PrintService	307	Printing a document	"Document 205, Print Document owned by wwind01 on \\MESOEL06484 was printed on VLS3.60 through port UCP-1.  Size in bytes: 6104. Pages printed: 1. No user action is required."
Information	10/30/2019 22:39	Microsoft-Windows-PrintService	307	Printing a document	"Document 206, Print Document owned by wwind01 on \\MESOEL06484 was printed on VLS3.60 through port UCP-1.  Size in bytes: 5976. Pages printed: 1. No user action is required."
Information	10/30/2019 22:42	Microsoft-Windows-PrintService	307	Printing a document	"Document 207, Print Document owned by wwind01 on \\MESOEL06484 was printed on VLS3.60 through port UCP-1.  Size in bytes: 4856. Pages printed: 1. No user action is required."
Information	10/30/2019 22:43	Microsoft-Windows-PrintService	307	Printing a document	"Document 208, Print Document owned by wwind01 on \\MESOEL06484 was printed on VLS3.60 through port UCP-1.  Size in bytes: 4856. Pages printed: 1. No user action is required."
Information	10/30/2019 22:44	Microsoft-Windows-PrintService	307	Printing a document	"Document 209, Print Document owned by wwind01 on \\MESOEL06484 was printed on VLS3.60 through port UCP-1.  Size in bytes: 4856. Pages printed: 1. No user action is required."
Information	10/30/2019 22:48	Microsoft-Windows-PrintService	307	Printing a document	"Document 210, Print Document owned by wwind01 on \\MESOEL06484 was printed on VLS3.60 through port UCP-1.  Size in bytes: 15120. Pages printed: 1. No user action is required."
Information	10/30/2019 22:52	Microsoft-Windows-PrintService	307	Printing a document	"Document 211, Print Document owned by wwind01 on \\MESOEL06484 was printed on VLS3.60 through port UCP-1.  Size in bytes: 15120. Pages printed: 1. No user action is required."
Information	10/30/2019 23:04	Microsoft-Windows-PrintService	307	Printing a document	"Document 212, Print Document owned by wwind01 on \\MESOEL06484 was printed on VLS3.60 through port UCP-1.  Size in bytes: 15120. Pages printed: 1. No user action is required."
Information	10/31/2019 10:12	Microsoft-Windows-PrintService	307	Printing a document	"Document 213, Print Document owned by wwind01 on \\MESOEL06484 was printed on VLS3.60 through port UCP-1.  Size in bytes: 45376. Pages printed: 1. No user action is required."
Information	10/31/2019 10:14	Microsoft-Windows-PrintService	307	Printing a document	"Document 214, Print Document owned by wwind01 on \\MESOEL06484 was printed on VLS3.60 through port UCP-1.  Size in bytes: 45376. Pages printed: 1. No user action is required."
Information	10/31/2019 11:14	Microsoft-Windows-PrintService	307	Printing a document	"Document 215, Print Document owned by wwind01 on \\MESOEL06484 was printed on VLS3.60 through port UCP-1.  Size in bytes: 34992. Pages printed: 1. No user action is required."
Information	10/31/2019 11:40	Microsoft-Windows-PrintService	307	Printing a document	"Document 216, Print Document owned by wwind01 on \\MESOEL06484 was printed on VLS3.60 through port UCP-1.  Size in bytes: 12240. Pages printed: 1. No user action is required."
Information	10/31/2019 11:41	Microsoft-Windows-PrintService	307	Printing a document	"Document 217, Print Document owned by wwind01 on \\MESOEL06484 was printed on VLS3.60 through port UCP-1.  Size in bytes: 12592. Pages printed: 1. No user action is required."
Information	10/31/2019 11:42	Microsoft-Windows-PrintService	307	Printing a document	"Document 218, Print Document owned by wwind01 on \\MESOEL06484 was printed on VLS3.60 through port UCP-1.  Size in bytes: 12592. Pages printed: 1. No user action is required."
Information	10/31/2019 11:48	Microsoft-Windows-PrintService	307	Printing a document	"Document 219, Print Document owned by wwind01 on \\MESOEL06484 was printed on VLS3.60 through port UCP-1.  Size in bytes: 5792. Pages printed: 1. No user action is required."
Information	10/31/2019 11:55	Microsoft-Windows-PrintService	307	Printing a document	"Document 220, Print Document owned by wwind01 on \\MESOEL06484 was printed on VLS3.60 through port UCP-1.  Size in bytes: 14952. Pages printed: 1. No user action is required."
Information	10/31/2019 11:56	Microsoft-Windows-PrintService	307	Printing a document	"Document 221, Print Document owned by wwind01 on \\MESOEL06484 was printed on VLS3.60 through port UCP-1.  Size in bytes: 14952. Pages printed: 1. No user action is required."
Information	10/31/2019 11:56	Microsoft-Windows-PrintService	307	Printing a document	"Document 222, Print Document owned by wwind01 on \\MESOEL06484 was printed on VLS3.60 through port UCP-1.  Size in bytes: 14952. Pages printed: 1. No user action is required."
Information	10/31/2019 11:57	Microsoft-Windows-PrintService	307	Printing a document	"Document 223, Print Document owned by wwind01 on \\MESOEL06484 was printed on VLS3.60 through port UCP-1.  Size in bytes: 14952. Pages printed: 1. No user action is required."
Information	10/31/2019 12:04	Microsoft-Windows-PrintService	307	Printing a document	"Document 224, Print Document owned by wwind01 on \\MESOEL06484 was printed on VLS3.60 through port UCP-1.  Size in bytes: 49712. Pages printed: 1. No user action is required."
Information	10/31/2019 12:21	Microsoft-Windows-PrintService	307	Printing a document	"Document 225, Print Document owned by wwind01 on \\MESOEL06484 was printed on VLS3.60 through port UCP-1.  Size in bytes: 23952. Pages printed: 1. No user action is required."
Information	10/31/2019 13:42	Microsoft-Windows-PrintService	307	Printing a document	"Document 226, Print Document owned by wwind01 on \\MESOEL06484 was printed on VLS3.60 through port UCP-1.  Size in bytes: 18088. Pages printed: 1. No user action is required."
Information	10/31/2019 15:00	Microsoft-Windows-PrintService	307	Printing a document	"Document 227, Print Document owned by wwind01 on \\MESOEL06484 was printed on VLS3.60 through port UCP-1.  Size in bytes: 11808. Pages printed: 1. No user action is required."
Information	10/31/2019 15:16	Microsoft-Windows-PrintService	307	Printing a document	"Document 228, Print Document owned by wwind01 on \\MESOEL06484 was printed on VLS3.60 through port UCP-1.  Size in bytes: 14384. Pages printed: 1. No user action is required."
Information	10/31/2019 15:34	Microsoft-Windows-PrintService	307	Printing a document	"Document 229, Print Document owned by wwind01 on \\MESOEL06484 was printed on VLS3.60 through port UCP-1.  Size in bytes: 14384. Pages printed: 1. No user action is required."
Information	10/31/2019 16:22	Microsoft-Windows-PrintService	307	Printing a document	"Document 230, Print Document owned by wwind01 on \\MESOEL06484 was printed on VLS3.60 through port UCP-1.  Size in bytes: 5552. Pages printed: 1. No user action is required."
Information	10/31/2019 16:24	Microsoft-Windows-PrintService	307	Printing a document	"Document 231, Print Document owned by wwind01 on \\MESOEL06484 was printed on VLS3.60 through port UCP-1.  Size in bytes: 10704. Pages printed: 1. No user action is required."
Information	10/31/2019 16:25	Microsoft-Windows-PrintService	307	Printing a document	"Document 232, Print Document owned by wwind01 on \\MESOEL06484 was printed on VLS3.60 through port UCP-1.  Size in bytes: 10704. Pages printed: 1. No user action is required."
Information	10/31/2019 17:06	Microsoft-Windows-PrintService	307	Printing a document	"Document 233, Print Document owned by wwind01 on \\MESOEL06484 was printed on VLS3.60 through port UCP-1.  Size in bytes: 2608. Pages printed: 1. No user action is required."
Information	10/31/2019 17:09	Microsoft-Windows-PrintService	307	Printing a document	"Document 234, Print Document owned by wwind01 on \\MESOEL06484 was printed on VLS3.60 through port UCP-1.  Size in bytes: 1136. Pages printed: 1. No user action is required."
Information	10/31/2019 17:41	Microsoft-Windows-PrintService	307	Printing a document	"Document 235, Print Document owned by wwind01 on \\MESOEL06484 was printed on VLS3.60 through port UCP-1.  Size in bytes: 10648. Pages printed: 1. No user action is required."
Information	10/31/2019 18:06	Microsoft-Windows-PrintService	307	Printing a document	"Document 236, Print Document owned by wwind01 on \\MESOEL06484 was printed on VLS3.60 through port UCP-1.  Size in bytes: 5552. Pages printed: 1. No user action is required."
Information	10/31/2019 18:29	Microsoft-Windows-PrintService	307	Printing a document	"Document 237, Print Document owned by wwind01 on \\MESOEL06484 was printed on VLS3.60 through port UCP-1.  Size in bytes: 1424. Pages printed: 1. No user action is required."
Information	10/31/2019 18:48	Microsoft-Windows-PrintService	307	Printing a document	"Document 238, Print Document owned by wwind01 on \\MESOEL06484 was printed on VLS3.60 through port UCP-1.  Size in bytes: 936. Pages printed: 1. No user action is required."
Information	10/31/2019 18:50	Microsoft-Windows-PrintService	307	Printing a document	"Document 239, Print Document owned by wwind01 on \\MESOEL06484 was printed on VLS3.60 through port UCP-1.  Size in bytes: 912. Pages printed: 1. No user action is required."
Information	10/31/2019 19:18	Microsoft-Windows-PrintService	307	Printing a document	"Document 240, Print Document owned by wwind01 on \\MESOEL06484 was printed on VLS3.60 through port UCP-1.  Size in bytes: 656. Pages printed: 1. No user action is required."
Information	10/31/2019 19:26	Microsoft-Windows-PrintService	307	Printing a document	"Document 241, Print Document owned by wwind01 on \\MESOEL06484 was printed on VLS3.60 through port UCP-1.  Size in bytes: 752. Pages printed: 1. No user action is required."
Information	10/31/2019 19:47	Microsoft-Windows-PrintService	307	Printing a document	"Document 242, Print Document owned by wwind01 on \\MESOEL06484 was printed on VLS3.60 through port UCP-1.  Size in bytes: 329328. Pages printed: 1. No user action is required."
Information	10/31/2019 19:49	Microsoft-Windows-PrintService	307	Printing a document	"Document 243, Print Document owned by wwind01 on \\MESOEL06484 was printed on VLS3.60 through port UCP-1.  Size in bytes: 329328. Pages printed: 1. No user action is required."
Information	10/31/2019 19:53	Microsoft-Windows-PrintService	307	Printing a document	"Document 244, Print Document owned by wwind01 on \\MESOEL06484 was printed on VLS3.60 through port UCP-1.  Size in bytes: 329088. Pages printed: 1. No user action is required."
Information	10/31/2019 19:54	Microsoft-Windows-PrintService	307	Printing a document	"Document 245, Print Document owned by wwind01 on \\MESOEL06484 was printed on VLS3.60 through port UCP-1.  Size in bytes: 329088. Pages printed: 1. No user action is required."
Information	10/31/2019 21:14	Microsoft-Windows-PrintService	307	Printing a document	"Document 246, Print Document owned by wwind01 on \\MESOEL06484 was printed on VLS3.60 through port UCP-1.  Size in bytes: 7848. Pages printed: 1. No user action is required."
Information	10/31/2019 21:17	Microsoft-Windows-PrintService	307	Printing a document	"Document 247, Print Document owned by wwind01 on \\MESOEL06484 was printed on VLS3.60 through port UCP-1.  Size in bytes: 7848. Pages printed: 1. No user action is required."
Information	10/31/2019 21:17	Microsoft-Windows-PrintService	307	Printing a document	"Document 248, Print Document owned by wwind01 on \\MESOEL06484 was printed on VLS3.60 through port UCP-1.  Size in bytes: 7848. Pages printed: 1. No user action is required."
Information	10/31/2019 21:20	Microsoft-Windows-PrintService	307	Printing a document	"Document 249, Print Document owned by wwind01 on \\MESOEL06484 was printed on VLS3.60 through port UCP-1.  Size in bytes: 7848. Pages printed: 1. No user action is required."
Information	10/31/2019 21:20	Microsoft-Windows-PrintService	307	Printing a document	"Document 250, Print Document owned by wwind01 on \\MESOEL06484 was printed on VLS3.60 through port UCP-1.  Size in bytes: 7848. Pages printed: 1. No user action is required."
Information	10/31/2019 21:23	Microsoft-Windows-PrintService	307	Printing a document	"Document 251, Print Document owned by wwind01 on \\MESOEL06484 was printed on VLS3.60 through port UCP-1.  Size in bytes: 7848. Pages printed: 1. No user action is required."
Information	10/31/2019 21:24	Microsoft-Windows-PrintService	307	Printing a document	"Document 252, Print Document owned by wwind01 on \\MESOEL06484 was printed on VLS3.60 through port UCP-1.  Size in bytes: 7848. Pages printed: 1. No user action is required."
Information	10/31/2019 21:25	Microsoft-Windows-PrintService	307	Printing a document	"Document 253, Print Document owned by wwind01 on \\MESOEL06484 was printed on VLS3.60 through port UCP-1.  Size in bytes: 7848. Pages printed: 1. No user action is required."
Information	10/31/2019 21:41	Microsoft-Windows-PrintService	307	Printing a document	"Document 254, Print Document owned by wwind01 on \\MESOEL06484 was printed on VLS3.60 through port UCP-1.  Size in bytes: 7848. Pages printed: 1. No user action is required."
Information	10/31/2019 21:50	Microsoft-Windows-PrintService	307	Printing a document	"Document 255, Print Document owned by wwind01 on \\MESOEL06484 was printed on VLS3.60 through port UCP-1.  Size in bytes: 15832. Pages printed: 1. No user action is required."
Information	10/31/2019 22:42	Microsoft-Windows-PrintService	307	Printing a document	"Document 1, Print Document owned by wwind01 on \\MESOEL06484 was printed on VLS3.60 through port UCP-1.  Size in bytes: 7848. Pages printed: 1. No user action is required."
Information	10/31/2019 23:05	Microsoft-Windows-PrintService	307	Printing a document	"Document 2, Print Document owned by wwind01 on \\MESOEL06484 was printed on VLS3.60 through port UCP-1.  Size in bytes: 8496. Pages printed: 1. No user action is required."
Information	11/1/2019 0:32	Microsoft-Windows-PrintService	307	Printing a document	"Document 3, Print Document owned by wwind01 on \\MESOEL06484 was printed on VLS3.60 through port UCP-1.  Size in bytes: 1360. Pages printed: 1. No user action is required."
Information	11/1/2019 0:36	Microsoft-Windows-PrintService	307	Printing a document	"Document 4, Print Document owned by wwind01 on \\MESOEL06484 was printed on VLS3.60 through port UCP-1.  Size in bytes: 3280. Pages printed: 1. No user action is required."
Information	11/1/2019 0:42	Microsoft-Windows-PrintService	307	Printing a document	"Document 5, Print Document owned by wwind01 on \\MESOEL06484 was printed on VLS3.60 through port UCP-1.  Size in bytes: 1360. Pages printed: 1. No user action is required."
Information	11/1/2019 0:50	Microsoft-Windows-PrintService	307	Printing a document	"Document 6, Print Document owned by wwind01 on \\MESOEL06484 was printed on VLS3.60 through port UCP-1.  Size in bytes: 3280. Pages printed: 1. No user action is required."
Information	11/1/2019 10:23	Microsoft-Windows-PrintService	307	Printing a document	"Document 7, Print Document owned by stalwa01 on \\MESOEL06484 was printed on VLS3.60 through port UCP-1.  Size in bytes: 6288. Pages printed: 1. No user action is required."
Information	11/1/2019 10:42	Microsoft-Windows-PrintService	307	Printing a document	"Document 8, Print Document owned by stalwa01 on \\MESOEL06484 was printed on VLS3.60 through port UCP-1.  Size in bytes: 6288. Pages printed: 1. No user action is required."
Information	11/1/2019 11:18	Microsoft-Windows-PrintService	307	Printing a document	"Document 9, Print Document owned by stalwa01 on \\MESOEL06484 was printed on VLS3.60 through port UCP-1.  Size in bytes: 3824. Pages printed: 1. No user action is required."
Information	11/1/2019 11:23	Microsoft-Windows-PrintService	307	Printing a document	"Document 10, Print Document owned by stalwa01 on \\MESOEL06484 was printed on VLS3.60 through port UCP-1.  Size in bytes: 7248. Pages printed: 1. No user action is required."
Information	11/1/2019 11:40	Microsoft-Windows-PrintService	307	Printing a document	"Document 11, Print Document owned by stalwa01 on \\MESOEL06484 was printed on VLS3.60 through port UCP-1.  Size in bytes: 6360. Pages printed: 1. No user action is required."
Information	11/1/2019 11:54	Microsoft-Windows-PrintService	307	Printing a document	"Document 12, Print Document owned by stalwa01 on \\MESOEL06484 was printed on VLS3.60 through port UCP-1.  Size in bytes: 16368. Pages printed: 1. No user action is required."
Information	11/1/2019 11:54	Microsoft-Windows-PrintService	307	Printing a document	"Document 13, Print Document owned by stalwa01 on \\MESOEL06484 was printed on VLS3.60 through port UCP-1.  Size in bytes: 16368. Pages printed: 1. No user action is required."
Information	11/1/2019 11:58	Microsoft-Windows-PrintService	307	Printing a document	"Document 14, Print Document owned by stalwa01 on \\MESOEL06484 was printed on VLS3.60 through port UCP-1.  Size in bytes: 16368. Pages printed: 1. No user action is required."
Information	11/1/2019 13:01	Microsoft-Windows-PrintService	307	Printing a document	"Document 15, Print Document owned by amoore15 on \\MESOEL06484 was printed on VLS3.60 through port UCP-1.  Size in bytes: 9168. Pages printed: 1. No user action is required."
Information	11/1/2019 13:09	Microsoft-Windows-PrintService	307	Printing a document	"Document 16, Print Document owned by amoore15 on \\MESOEL06484 was printed on VLS3.60 through port UCP-1.  Size in bytes: 9168. Pages printed: 1. No user action is required."
Information	11/1/2019 13:20	Microsoft-Windows-PrintService	307	Printing a document	"Document 17, Print Document owned by amoore15 on \\MESOEL06484 was printed on VLS3.60 through port UCP-1.  Size in bytes: 9168. Pages printed: 1. No user action is required."
Information	11/1/2019 13:44	Microsoft-Windows-PrintService	307	Printing a document	"Document 18, Print Document owned by amoore15 on \\MESOEL06484 was printed on VLS3.60 through port UCP-1.  Size in bytes: 9168. Pages printed: 1. No user action is required."
Information	11/1/2019 13:51	Microsoft-Windows-PrintService	307	Printing a document	"Document 19, Print Document owned by amoore15 on \\MESOEL06484 was printed on VLS3.60 through port UCP-1.  Size in bytes: 3856. Pages printed: 1. No user action is required."
Information	11/1/2019 14:19	Microsoft-Windows-PrintService	307	Printing a document	"Document 20, Print Document owned by nbatze01 on \\MESOEL06484 was printed on VLS3.60 through port UCP-1.  Size in bytes: 4320. Pages printed: 1. No user action is required."
Information	11/1/2019 14:22	Microsoft-Windows-PrintService	307	Printing a document	"Document 21, Print Document owned by nbatze01 on \\MESOEL06484 was printed on VLS3.60 through port UCP-1.  Size in bytes: 4320. Pages printed: 1. No user action is required."
Information	11/1/2019 14:22	Microsoft-Windows-PrintService	307	Printing a document	"Document 22, Print Document owned by nbatze01 on \\MESOEL06484 was printed on VLS3.60 through port UCP-1.  Size in bytes: 4320. Pages printed: 1. No user action is required."
Information	11/1/2019 14:34	Microsoft-Windows-PrintService	307	Printing a document	"Document 23, Print Document owned by nbatze01 on \\MESOEL06484 was printed on VLS3.60 through port UCP-1.  Size in bytes: 8240. Pages printed: 1. No user action is required."
Information	11/1/2019 14:46	Microsoft-Windows-PrintService	307	Printing a document	"Document 24, Print Document owned by nbatze01 on \\MESOEL06484 was printed on VLS3.60 through port UCP-1.  Size in bytes: 2744. Pages printed: 1. No user action is required."
Information	11/1/2019 14:47	Microsoft-Windows-PrintService	307	Printing a document	"Document 25, Print Document owned by nbatze01 on \\MESOEL06484 was printed on VLS3.60 through port UCP-1.  Size in bytes: 2744. Pages printed: 1. No user action is required."
Information	11/1/2019 14:57	Microsoft-Windows-PrintService	307	Printing a document	"Document 26, Print Document owned by nbatze01 on \\MESOEL06484 was printed on VLS3.60 through port UCP-1.  Size in bytes: 10128. Pages printed: 1. No user action is required."
Information	11/1/2019 15:06	Microsoft-Windows-PrintService	307	Printing a document	"Document 27, Print Document owned by nbatze01 on \\MESOEL06484 was printed on VLS3.60 through port UCP-1.  Size in bytes: 33232. Pages printed: 1. No user action is required."
Information	11/1/2019 15:09	Microsoft-Windows-PrintService	307	Printing a document	"Document 28, Print Document owned by nbatze01 on \\MESOEL06484 was printed on VLS3.60 through port UCP-1.  Size in bytes: 33232. Pages printed: 1. No user action is required."
Information	11/1/2019 15:12	Microsoft-Windows-PrintService	307	Printing a document	"Document 29, Print Document owned by nbatze01 on \\MESOEL06484 was printed on VLS3.60 through port UCP-1.  Size in bytes: 33232. Pages printed: 1. No user action is required."
Information	11/1/2019 15:24	Microsoft-Windows-PrintService	307	Printing a document	"Document 30, Print Document owned by nbatze01 on \\MESOEL06484 was printed on VLS3.60 through port UCP-1.  Size in bytes: 7248. Pages printed: 1. No user action is required."
Information	11/1/2019 16:01	Microsoft-Windows-PrintService	307	Printing a document	"Document 31, Print Document owned by nbatze01 on \\MESOEL06484 was printed on VLS3.60 through port UCP-1.  Size in bytes: 71000. Pages printed: 1. No user action is required."
Information	11/1/2019 17:31	Microsoft-Windows-PrintService	307	Printing a document	"Document 32, Print Document owned by nbatze01 on \\MESOEL06484 was printed on VLS3.60 through port UCP-1.  Size in bytes: 14016. Pages printed: 1. No user action is required."
Information	11/1/2019 17:32	Microsoft-Windows-PrintService	307	Printing a document	"Document 33, Print Document owned by nbatze01 on \\MESOEL06484 was printed on VLS3.60 through port UCP-1.  Size in bytes: 14016. Pages printed: 1. No user action is required."
Information	11/1/2019 17:50	Microsoft-Windows-PrintService	307	Printing a document	"Document 34, Print Document owned by nbatze01 on \\MESOEL06484 was printed on VLS3.60 through port UCP-1.  Size in bytes: 8896. Pages printed: 1. No user action is required."
Information	11/2/2019 11:09	Microsoft-Windows-PrintService	307	Printing a document	"Document 35, Print Document owned by nbatze01 on \\MESOEL06484 was printed on VLS3.60 through port UCP-1.  Size in bytes: 1304. Pages printed: 1. No user action is required."
Information	11/2/2019 11:13	Microsoft-Windows-PrintService	307	Printing a document	"Document 36, Print Document owned by nbatze01 on \\MESOEL06484 was printed on VLS3.60 through port UCP-1.  Size in bytes: 3216. Pages printed: 1. No user action is required."
Information	11/2/2019 11:14	Microsoft-Windows-PrintService	307	Printing a document	"Document 37, Print Document owned by nbatze01 on \\MESOEL06484 was printed on VLS3.60 through port UCP-1.  Size in bytes: 3216. Pages printed: 1. No user action is required."
Information	11/2/2019 11:19	Microsoft-Windows-PrintService	307	Printing a document	"Document 38, Print Document owned by nbatze01 on \\MESOEL06484 was printed on VLS3.60 through port UCP-1.  Size in bytes: 257688. Pages printed: 1. No user action is required."
Information	11/2/2019 12:17	Microsoft-Windows-PrintService	307	Printing a document	"Document 39, Print Document owned by nbatze01 on \\MESOEL06484 was printed on VLS3.60 through port UCP-1.  Size in bytes: 4356. Pages printed: 1. No user action is required."
Information	11/2/2019 12:20	Microsoft-Windows-PrintService	307	Printing a document	"Document 40, Print Document owned by nbatze01 on \\MESOEL06484 was printed on VLS3.60 through port UCP-1.  Size in bytes: 4356. Pages printed: 1. No user action is required."
Information	11/2/2019 12:21	Microsoft-Windows-PrintService	307	Printing a document	"Document 41, Print Document owned by nbatze01 on \\MESOEL06484 was printed on VLS3.60 through port UCP-1.  Size in bytes: 4356. Pages printed: 1. No user action is required."
Information	11/2/2019 12:29	Microsoft-Windows-PrintService	307	Printing a document	"Document 42, Print Document owned by nbatze01 on \\MESOEL06484 was printed on VLS3.60 through port UCP-1.  Size in bytes: 27748. Pages printed: 1. No user action is required."
Information	11/2/2019 14:54	Microsoft-Windows-PrintService	307	Printing a document	"Document 43, Print Document owned by nbatze01 on \\MESOEL06484 was printed on VLS3.60 through port UCP-1.  Size in bytes: 9568. Pages printed: 1. No user action is required."
Information	11/2/2019 14:58	Microsoft-Windows-PrintService	307	Printing a document	"Document 44, Print Document owned by nbatze01 on \\MESOEL06484 was printed on VLS3.60 through port UCP-1.  Size in bytes: 17808. Pages printed: 1. No user action is required."
Information	11/2/2019 15:02	Microsoft-Windows-PrintService	307	Printing a document	"Document 45, Print Document owned by nbatze01 on \\MESOEL06484 was printed on VLS3.60 through port UCP-1.  Size in bytes: 2328. Pages printed: 1. No user action is required."
Information	11/2/2019 15:05	Microsoft-Windows-PrintService	307	Printing a document	"Document 46, Print Document owned by nbatze01 on \\MESOEL06484 was printed on VLS3.60 through port UCP-1.  Size in bytes: 25004. Pages printed: 1. No user action is required."
Information	11/2/2019 17:00	Microsoft-Windows-PrintService	307	Printing a document	"Document 47, Print Document owned by nbatze01 on \\MESOEL06484 was printed on VLS3.60 through port UCP-1.  Size in bytes: 6484. Pages printed: 1. No user action is required."
Information	11/3/2019 12:06	Microsoft-Windows-PrintService	307	Printing a document	"Document 48, Print Document owned by wwind01 on \\MESOEL06484 was printed on VLS3.60 through port UCP-1.  Size in bytes: 2792. Pages printed: 1. No user action is required."
Information	11/3/2019 12:09	Microsoft-Windows-PrintService	307	Printing a document	"Document 49, Print Document owned by wwind01 on \\MESOEL06484 was printed on VLS3.60 through port UCP-1.  Size in bytes: 2792. Pages printed: 1. No user action is required."
Information	11/3/2019 12:09	Microsoft-Windows-PrintService	307	Printing a document	"Document 50, Print Document owned by wwind01 on \\MESOEL06484 was printed on VLS3.60 through port UCP-1.  Size in bytes: 2792. Pages printed: 1. No user action is required."
Information	11/3/2019 12:27	Microsoft-Windows-PrintService	307	Printing a document	"Document 51, Print Document owned by wwind01 on \\MESOEL06484 was printed on VLS3.60 through port UCP-1.  Size in bytes: 584. Pages printed: 1. No user action is required."
Information	11/3/2019 12:37	Microsoft-Windows-PrintService	307	Printing a document	"Document 52, Print Document owned by wwind01 on \\MESOEL06484 was printed on VLS3.60 through port UCP-1.  Size in bytes: 5136. Pages printed: 1. No user action is required."
Information	11/3/2019 12:50	Microsoft-Windows-PrintService	307	Printing a document	"Document 53, Print Document owned by wwind01 on \\MESOEL06484 was printed on VLS3.60 through port UCP-1.  Size in bytes: 23248. Pages printed: 1. No user action is required."
Information	11/3/2019 15:01	Microsoft-Windows-PrintService	307	Printing a document	"Document 54, Print Document owned by fvande01 on \\MESOEL06484 was printed on VLS3.60 through port UCP-1.  Size in bytes: 2992. Pages printed: 1. No user action is required."
Information	11/3/2019 15:41	Microsoft-Windows-PrintService	307	Printing a document	"Document 55, Print Document owned by fvande01 on \\MESOEL06484 was printed on VLS3.60 through port UCP-1.  Size in bytes: 49928. Pages printed: 1. No user action is required."
Information	11/3/2019 15:51	Microsoft-Windows-PrintService	307	Printing a document	"Document 56, Print Document owned by fvande01 on \\MESOEL06484 was printed on VLS3.60 through port UCP-1.  Size in bytes: 46272. Pages printed: 1. No user action is required."
Information	11/3/2019 15:55	Microsoft-Windows-PrintService	307	Printing a document	"Document 57, Print Document owned by fvande01 on \\MESOEL06484 was printed on VLS3.60 through port UCP-1.  Size in bytes: 4400. Pages printed: 1. No user action is required."
Information	11/3/2019 15:57	Microsoft-Windows-PrintService	307	Printing a document	"Document 58, Print Document owned by fvande01 on \\MESOEL06484 was printed on VLS3.60 through port UCP-1.  Size in bytes: 4400. Pages printed: 1. No user action is required."
Information	11/3/2019 15:58	Microsoft-Windows-PrintService	307	Printing a document	"Document 59, Print Document owned by fvande01 on \\MESOEL06484 was printed on VLS3.60 through port UCP-1.  Size in bytes: 46272. Pages printed: 1. No user action is required."
Information	11/3/2019 16:37	Microsoft-Windows-PrintService	307	Printing a document	"Document 60, Print Document owned by fvande01 on \\MESOEL06484 was printed on VLS3.60 through port UCP-1.  Size in bytes: 16256. Pages printed: 1. No user action is required."
Information	11/3/2019 16:56	Microsoft-Windows-PrintService	307	Printing a document	"Document 61, Print Document owned by fvande01 on \\MESOEL06484 was printed on VLS3.60 through port UCP-1.  Size in bytes: 16256. Pages printed: 1. No user action is required."
Information	11/3/2019 16:56	Microsoft-Windows-PrintService	307	Printing a document	"Document 62, Print Document owned by fvande01 on \\MESOEL06484 was printed on VLS3.60 through port UCP-1.  Size in bytes: 16256. Pages printed: 1. No user action is required."
Information	11/3/2019 17:03	Microsoft-Windows-PrintService	307	Printing a document	"Document 63, Print Document owned by fvande01 on \\MESOEL06484 was printed on VLS3.60 through port UCP-1.  Size in bytes: 15744. Pages printed: 1. No user action is required."
Information	11/3/2019 18:26	Microsoft-Windows-PrintService	307	Printing a document	"Document 64, Print Document owned by fvande01 on \\MESOEL06484 was printed on VLS3.60 through port UCP-1.  Size in bytes: 2976. Pages printed: 1. No user action is required."
Information	11/3/2019 18:29	Microsoft-Windows-PrintService	307	Printing a document	"Document 65, Print Document owned by fvande01 on \\MESOEL06484 was printed on VLS3.60 through port UCP-1.  Size in bytes: 8128. Pages printed: 1. No user action is required."
Information	11/3/2019 18:55	Microsoft-Windows-PrintService	307	Printing a document	"Document 66, Print Document owned by fvande01 on \\MESOEL06484 was printed on VLS3.60 through port UCP-1.  Size in bytes: 49952. Pages printed: 1. No user action is required."
Information	11/3/2019 19:20	Microsoft-Windows-PrintService	307	Printing a document	"Document 67, Print Document owned by fvande01 on \\MESOEL06484 was printed on VLS3.60 through port UCP-1.  Size in bytes: 49960. Pages printed: 1. No user action is required."
Information	11/3/2019 19:35	Microsoft-Windows-PrintService	307	Printing a document	"Document 68, Print Document owned by fvande01 on \\MESOEL06484 was printed on VLS3.60 through port UCP-1.  Size in bytes: 41968. Pages printed: 1. No user action is required."
Information	11/3/2019 19:39	Microsoft-Windows-PrintService	307	Printing a document	"Document 69, Print Document owned by fvande01 on \\MESOEL06484 was printed on VLS3.60 through port UCP-1.  Size in bytes: 36640. Pages printed: 1. No user action is required."
Information	11/3/2019 19:43	Microsoft-Windows-PrintService	307	Printing a document	"Document 70, Print Document owned by fvande01 on \\MESOEL06484 was printed on VLS3.60 through port UCP-1.  Size in bytes: 29360. Pages printed: 1. No user action is required."
Information	11/3/2019 19:45	Microsoft-Windows-PrintService	307	Printing a document	"Document 71, Print Document owned by fvande01 on \\MESOEL06484 was printed on VLS3.60 through port UCP-1.  Size in bytes: 50144. Pages printed: 1. No user action is required."
Information	11/3/2019 19:51	Microsoft-Windows-PrintService	307	Printing a document	"Document 72, Print Document owned by fvande01 on \\MESOEL06484 was printed on VLS3.60 through port UCP-1.  Size in bytes: 29176. Pages printed: 1. No user action is required."
Information	11/3/2019 19:59	Microsoft-Windows-PrintService	307	Printing a document	"Document 73, Print Document owned by fvande01 on \\MESOEL06484 was printed on VLS3.60 through port UCP-1.  Size in bytes: 3344. Pages printed: 1. No user action is required."
Information	11/3/2019 20:02	Microsoft-Windows-PrintService	307	Printing a document	"Document 74, Print Document owned by fvande01 on \\MESOEL06484 was printed on VLS3.60 through port UCP-1.  Size in bytes: 3344. Pages printed: 1. No user action is required."
Information	11/3/2019 20:04	Microsoft-Windows-PrintService	307	Printing a document	"Document 75, Print Document owned by fvande01 on \\MESOEL06484 was printed on VLS3.60 through port UCP-1.  Size in bytes: 3344. Pages printed: 1. No user action is required."
Information	11/3/2019 20:30	Microsoft-Windows-PrintService	307	Printing a document	"Document 76, Print Document owned by fvande01 on \\MESOEL06484 was printed on VLS3.60 through port UCP-1.  Size in bytes: 30960. Pages printed: 1. No user action is required."
Information	11/3/2019 20:31	Microsoft-Windows-PrintService	307	Printing a document	"Document 77, Print Document owned by fvande01 on \\MESOEL06484 was printed on VLS3.60 through port UCP-1.  Size in bytes: 30960. Pages printed: 1. No user action is required."
Information	11/3/2019 20:40	Microsoft-Windows-PrintService	307	Printing a document	"Document 78, Print Document owned by fvande01 on \\MESOEL06484 was printed on VLS3.60 through port UCP-1.  Size in bytes: 4448. Pages printed: 1. No user action is required."
Information	11/3/2019 20:43	Microsoft-Windows-PrintService	307	Printing a document	"Document 79, Print Document owned by fvande01 on \\MESOEL06484 was printed on VLS3.60 through port UCP-1.  Size in bytes: 1504. Pages printed: 1. No user action is required."
Information	11/3/2019 21:14	Microsoft-Windows-PrintService	307	Printing a document	"Document 80, Print Document owned by fvande01 on \\MESOEL06484 was printed on VLS3.60 through port UCP-1.  Size in bytes: 62624. Pages printed: 1. No user action is required."
Information	11/3/2019 21:15	Microsoft-Windows-PrintService	307	Printing a document	"Document 81, Print Document owned by fvande01 on \\MESOEL06484 was printed on VLS3.60 through port UCP-1.  Size in bytes: 62624. Pages printed: 1. No user action is required."
Information	11/3/2019 21:15	Microsoft-Windows-PrintService	307	Printing a document	"Document 82, Print Document owned by fvande01 on \\MESOEL06484 was printed on VLS3.60 through port UCP-1.  Size in bytes: 62624. Pages printed: 1. No user action is required."
Information	11/3/2019 21:16	Microsoft-Windows-PrintService	307	Printing a document	"Document 83, Print Document owned by fvande01 on \\MESOEL06484 was printed on VLS3.60 through port UCP-1.  Size in bytes: 62624. Pages printed: 1. No user action is required."
Information	11/3/2019 21:17	Microsoft-Windows-PrintService	307	Printing a document	"Document 84, Print Document owned by fvande01 on \\MESOEL06484 was printed on VLS3.60 through port UCP-1.  Size in bytes: 4448. Pages printed: 1. No user action is required."
Information	11/3/2019 21:17	Microsoft-Windows-PrintService	307	Printing a document	"Document 85, Print Document owned by fvande01 on \\MESOEL06484 was printed on VLS3.60 through port UCP-1.  Size in bytes: 62624. Pages printed: 1. No user action is required."
Information	11/3/2019 21:18	Microsoft-Windows-PrintService	307	Printing a document	"Document 86, Print Document owned by fvande01 on \\MESOEL06484 was printed on VLS3.60 through port UCP-1.  Size in bytes: 62624. Pages printed: 1. No user action is required."
Information	11/3/2019 21:18	Microsoft-Windows-PrintService	307	Printing a document	"Document 87, Print Document owned by fvande01 on \\MESOEL06484 was printed on VLS3.60 through port UCP-1.  Size in bytes: 4448. Pages printed: 1. No user action is required."
Information	11/3/2019 21:18	Microsoft-Windows-PrintService	307	Printing a document	"Document 88, Print Document owned by fvande01 on \\MESOEL06484 was printed on VLS3.60 through port UCP-1.  Size in bytes: 62624. Pages printed: 1. No user action is required."
Information	11/3/2019 22:50	Microsoft-Windows-PrintService	307	Printing a document	"Document 89, Print Document owned by fvande01 on \\MESOEL06484 was printed on VLS3.60 through port UCP-1.  Size in bytes: 39308. Pages printed: 1. No user action is required."
Information	11/3/2019 23:02	Microsoft-Windows-PrintService	307	Printing a document	"Document 90, Print Document owned by fvande01 on \\MESOEL06484 was printed on VLS3.60 through port UCP-1.  Size in bytes: 19096. Pages printed: 1. No user action is required."
Information	11/3/2019 23:16	Microsoft-Windows-PrintService	307	Printing a document	"Document 91, Print Document owned by fvande01 on \\MESOEL06484 was printed on VLS3.60 through port UCP-1.  Size in bytes: 3572. Pages printed: 1. No user action is required."
Information	11/3/2019 23:24	Microsoft-Windows-PrintService	307	Printing a document	"Document 92, Print Document owned by fvande01 on \\MESOEL06484 was printed on VLS3.60 through port UCP-1.  Size in bytes: 3596. Pages printed: 1. No user action is required."
Information	11/3/2019 23:45	Microsoft-Windows-PrintService	307	Printing a document	"Document 93, Print Document owned by fvande01 on \\MESOEL06484 was printed on VLS3.60 through port UCP-1.  Size in bytes: 16295052. Pages printed: 1. No user action is required."
Information	11/3/2019 23:46	Microsoft-Windows-PrintService	307	Printing a document	"Document 94, Print Document owned by fvande01 on \\MESOEL06484 was printed on VLS3.60 through port UCP-1.  Size in bytes: 16295052. Pages printed: 1. No user action is required."
Information	11/3/2019 23:48	Microsoft-Windows-PrintService	307	Printing a document	"Document 95, Print Document owned by fvande01 on \\MESOEL06484 was printed on VLS3.60 through port UCP-1.  Size in bytes: 16295052. Pages printed: 1. No user action is required."
Information	11/3/2019 23:51	Microsoft-Windows-PrintService	307	Printing a document	"Document 96, Print Document owned by fvande01 on \\MESOEL06484 was printed on VLS3.60 through port UCP-1.  Size in bytes: 62624. Pages printed: 1. No user action is required."
Information	11/3/2019 23:51	Microsoft-Windows-PrintService	307	Printing a document	"Document 97, Print Document owned by fvande01 on \\MESOEL06484 was printed on VLS3.60 through port UCP-1.  Size in bytes: 16444900. Pages printed: 1. No user action is required."
Information	11/3/2019 23:52	Microsoft-Windows-PrintService	307	Printing a document	"Document 98, Print Document owned by fvande01 on \\MESOEL06484 was printed on VLS3.60 through port UCP-1.  Size in bytes: 1504. Pages printed: 1. No user action is required."
Information	11/3/2019 23:54	Microsoft-Windows-PrintService	307	Printing a document	"Document 99, Print Document owned by fvande01 on \\MESOEL06484 was printed on VLS3.60 through port UCP-1.  Size in bytes: 124932. Pages printed: 1. No user action is required."
Information	11/3/2019 23:58	Microsoft-Windows-PrintService	307	Printing a document	"Document 100, Print Document owned by fvande01 on \\MESOEL06484 was printed on VLS3.60 through port UCP-1.  Size in bytes: 12310924. Pages printed: 1. No user action is required."
Information	11/4/2019 0:00	Microsoft-Windows-PrintService	307	Printing a document	"Document 101, Print Document owned by fvande01 on \\MESOEL06484 was printed on VLS3.60 through port UCP-1.  Size in bytes: 668204. Pages printed: 1. No user action is required."
Information	11/4/2019 13:33	Microsoft-Windows-PrintService	307	Printing a document	"Document 102, Print Document owned by fvande01 on \\MESOEL06484 was printed on VLS3.60 through port UCP-1.  Size in bytes: 4632. Pages printed: 1. No user action is required."
Information	11/4/2019 13:50	Microsoft-Windows-PrintService	307	Printing a document	"Document 103, Print Document owned by fvande01 on \\MESOEL06484 was printed on VLS3.60 through port UCP-1.  Size in bytes: 10256. Pages printed: 1. No user action is required."
Information	11/4/2019 13:51	Microsoft-Windows-PrintService	307	Printing a document	"Document 104, Print Document owned by fvande01 on \\MESOEL06484 was printed on VLS3.60 through port UCP-1.  Size in bytes: 9552. Pages printed: 1. No user action is required."
Information	11/4/2019 13:58	Microsoft-Windows-PrintService	307	Printing a document	"Document 105, Print Document owned by fvande01 on \\MESOEL06484 was printed on VLS3.60 through port UCP-1.  Size in bytes: 173744. Pages printed: 1. No user action is required."
Information	11/4/2019 15:35	Microsoft-Windows-PrintService	307	Printing a document	"Document 106, Print Document owned by fvande01 on \\MESOEL06484 was printed on VLS3.60 through port UCP-1.  Size in bytes: 5392. Pages printed: 1. No user action is required."
Information	11/4/2019 15:36	Microsoft-Windows-PrintService	307	Printing a document	"Document 107, Print Document owned by fvande01 on \\MESOEL06484 was printed on VLS3.60 through port UCP-1.  Size in bytes: 5392. Pages printed: 1. No user action is required."
Information	11/4/2019 15:45	Microsoft-Windows-PrintService	307	Printing a document	"Document 108, Print Document owned by fvande01 on \\MESOEL06484 was printed on VLS3.60 through port UCP-1.  Size in bytes: 14288. Pages printed: 1. No user action is required."
Information	11/4/2019 15:53	Microsoft-Windows-PrintService	307	Printing a document	"Document 109, Print Document owned by fvande01 on \\MESOEL06484 was printed on VLS3.60 through port UCP-1.  Size in bytes: 14288. Pages printed: 1. No user action is required."
Information	11/4/2019 18:22	Microsoft-Windows-PrintService	307	Printing a document	"Document 110, Print Document owned by fvande01 on \\MESOEL06484 was printed on VLS3.60 through port UCP-1.  Size in bytes: 211952. Pages printed: 1. No user action is required."
Information	11/4/2019 18:23	Microsoft-Windows-PrintService	307	Printing a document	"Document 111, Print Document owned by fvande01 on \\MESOEL06484 was printed on VLS3.60 through port UCP-1.  Size in bytes: 211952. Pages printed: 1. No user action is required."
Information	11/4/2019 18:24	Microsoft-Windows-PrintService	307	Printing a document	"Document 112, Print Document owned by fvande01 on \\MESOEL06484 was printed on VLS3.60 through port UCP-1.  Size in bytes: 211952. Pages printed: 1. No user action is required."
Information	11/4/2019 18:36	Microsoft-Windows-PrintService	307	Printing a document	"Document 113, Print Document owned by fvande01 on \\MESOEL06484 was printed on VLS3.60 through port UCP-1.  Size in bytes: 16144. Pages printed: 1. No user action is required."
Information	11/4/2019 18:38	Microsoft-Windows-PrintService	307	Printing a document	"Document 114, Print Document owned by fvande01 on \\MESOEL06484 was printed on VLS3.60 through port UCP-1.  Size in bytes: 16144. Pages printed: 1. No user action is required."
Information	11/4/2019 18:40	Microsoft-Windows-PrintService	307	Printing a document	"Document 115, Print Document owned by fvande01 on \\MESOEL06484 was printed on VLS3.60 through port UCP-1.  Size in bytes: 16144. Pages printed: 1. No user action is required."
Information	11/4/2019 19:57	Microsoft-Windows-PrintService	307	Printing a document	"Document 116, Print Document owned by fvande01 on \\MESOEL06484 was printed on VLS3.60 through port UCP-1.  Size in bytes: 33880. Pages printed: 1. No user action is required."
Information	11/4/2019 20:06	Microsoft-Windows-PrintService	307	Printing a document	"Document 117, Print Document owned by fvande01 on \\MESOEL06484 was printed on VLS3.60 through port UCP-1.  Size in bytes: 1312. Pages printed: 1. No user action is required."
Information	11/4/2019 20:08	Microsoft-Windows-PrintService	307	Printing a document	"Document 118, Print Document owned by fvande01 on \\MESOEL06484 was printed on VLS3.60 through port UCP-1.  Size in bytes: 8736. Pages printed: 1. No user action is required."
Information	11/4/2019 20:08	Microsoft-Windows-PrintService	307	Printing a document	"Document 119, Print Document owned by fvande01 on \\MESOEL06484 was printed on VLS3.60 through port UCP-1.  Size in bytes: 8736. Pages printed: 1. No user action is required."
Information	11/4/2019 20:10	Microsoft-Windows-PrintService	307	Printing a document	"Document 120, Print Document owned by fvande01 on \\MESOEL06484 was printed on VLS3.60 through port UCP-1.  Size in bytes: 1312. Pages printed: 1. No user action is required."
Information	11/4/2019 20:35	Microsoft-Windows-PrintService	307	Printing a document	"Document 121, Print Document owned by fvande01 on \\MESOEL06484 was printed on VLS3.60 through port UCP-1.  Size in bytes: 10636. Pages printed: 1. No user action is required."
Information	11/4/2019 20:44	Microsoft-Windows-PrintService	307	Printing a document	"Document 122, Print Document owned by fvande01 on \\MESOEL06484 was printed on VLS3.60 through port UCP-1.  Size in bytes: 10636. Pages printed: 1. No user action is required."
Information	11/4/2019 22:50	Microsoft-Windows-PrintService	307	Printing a document	"Document 123, Print Document owned by fvande01 on \\MESOEL06484 was printed on VLS3.60 through port UCP-1.  Size in bytes: 20624. Pages printed: 1. No user action is required."
Information	11/5/2019 13:20	Microsoft-Windows-PrintService	307	Printing a document	"Document 124, Print Document owned by fvande01 on \\MESOEL06484 was printed on VLS3.60 through port UCP-1.  Size in bytes: 3004. Pages printed: 1. No user action is required."
Information	11/5/2019 13:21	Microsoft-Windows-PrintService	307	Printing a document	"Document 125, Print Document owned by fvande01 on \\MESOEL06484 was printed on VLS3.60 through port UCP-1.  Size in bytes: 44092. Pages printed: 1. No user action is required."
Information	11/5/2019 13:22	Microsoft-Windows-PrintService	307	Printing a document	"Document 126, Print Document owned by fvande01 on \\MESOEL06484 was printed on VLS3.60 through port UCP-1.  Size in bytes: 44092. Pages printed: 1. No user action is required."
Information	11/5/2019 13:22	Microsoft-Windows-PrintService	307	Printing a document	"Document 127, Print Document owned by fvande01 on \\MESOEL06484 was printed on VLS3.60 through port UCP-1.  Size in bytes: 44092. Pages printed: 1. No user action is required."
Information	11/5/2019 13:23	Microsoft-Windows-PrintService	307	Printing a document	"Document 128, Print Document owned by fvande01 on \\MESOEL06484 was printed on VLS3.60 through port UCP-1.  Size in bytes: 44092. Pages printed: 1. No user action is required."
Information	11/5/2019 13:42	Microsoft-Windows-PrintService	307	Printing a document	"Document 129, Print Document owned by fvande01 on \\MESOEL06484 was printed on VLS3.60 through port UCP-1.  Size in bytes: 1147976. Pages printed: 1. No user action is required."
Information	11/5/2019 13:44	Microsoft-Windows-PrintService	307	Printing a document	"Document 130, Print Document owned by fvande01 on \\MESOEL06484 was printed on VLS3.60 through port UCP-1.  Size in bytes: 1079456. Pages printed: 1. No user action is required."
Information	11/5/2019 14:58	Microsoft-Windows-PrintService	307	Printing a document	"Document 131, Print Document owned by fvande01 on \\MESOEL06484 was printed on VLS3.60 through port UCP-1.  Size in bytes: 44092. Pages printed: 1. No user action is required."
Information	11/5/2019 14:59	Microsoft-Windows-PrintService	307	Printing a document	"Document 132, Print Document owned by fvande01 on \\MESOEL06484 was printed on VLS3.60 through port UCP-1.  Size in bytes: 44092. Pages printed: 1. No user action is required."
